2024-04-04 00:19:24 开始第 1749 次操作

2024-04-04 00:19:24 开始操作号码 【1611669】
2024-04-04 00:19:29 GSD getOne 第 1 次 等待 3 秒
2024-04-04 00:19:32 查询号码 【1611669】，返回信息 {"status":"ok","msg":"-","gid":"544494","time_insert":"2023-02-21 08:00"}
2024-04-04 00:19:32 查询号码 【1611669】，GSD为【"-"】
2024-04-04 00:19:32 ok && -
2024-04-04 00:19:35 CHB 1611669?1712161172 第 1 次 等待 3 秒
2024-04-04 00:19:38 CHB 1611669?1712161172 第 1 次 获取到号码【1611669】GSD
2024-04-04 00:19:38 未获取到号码【1611669】GSD，可能号码格式错误
2024-04-04 00:19:38 获取到号码【1611669】的GSD为【-】
2024-04-04 00:19:43 GSD insert 第 1 次 等待 3 秒
2024-04-04 00:19:46 {"status":"bad","gid":"544494","msg":"添加失败！号码【1611669(-|-)】已存在！"}
2024-04-04 00:19:46 随机等待 117 秒，约 1 分钟
2024-04-04 00:19:46 下次操作: 2024-04-04 00:21:43

2024-04-04 00:21:43 开始第 1750 次操作

2024-04-04 00:21:43 开始操作号码 【1611670】
2024-04-04 00:21:48 GSD getOne 第 1 次 等待 3 秒
2024-04-04 00:21:51 查询号码 【1611670】，返回信息 {"status":"ok","msg":"-","gid":"544512","time_insert":"2023-02-21 08:18"}
2024-04-04 00:21:51 查询号码 【1611670】，GSD为【"-"】
2024-04-04 00:21:51 ok && -
2024-04-04 00:21:53 CHB 1611670?1712161311 第 1 次 等待 3 秒
2024-04-04 00:21:56 CHB 1611670?1712161311 第 1 次 获取到号码【1611670】GSD
2024-04-04 00:21:56 未获取到号码【1611670】GSD，可能号码格式错误
2024-04-04 00:21:56 获取到号码【1611670】的GSD为【-】
2024-04-04 00:22:02 GSD insert 第 1 次 等待 3 秒
2024-04-04 00:22:05 {"status":"bad","gid":"544512","msg":"添加失败！号码【1611670(-|-)】已存在！"}
2024-04-04 00:22:05 随机等待 70 秒，约 1 分钟
2024-04-04 00:22:05 下次操作: 2024-04-04 00:23:15

2024-04-04 00:23:15 开始第 1751 次操作

2024-04-04 00:23:15 开始操作号码 【1611671】
2024-04-04 00:23:20 GSD getOne 第 1 次 等待 3 秒
2024-04-04 00:23:23 查询号码 【1611671】，返回信息 {"status":"ok","msg":"-","gid":"544528","time_insert":"2023-02-21 08:33"}
2024-04-04 00:23:23 查询号码 【1611671】，GSD为【"-"】
2024-04-04 00:23:23 ok && -
2024-04-04 00:23:24 CHB 1611671?1712161403 第 1 次 等待 3 秒
2024-04-04 00:23:27 CHB 1611671?1712161403 第 1 次 获取到号码【1611671】GSD
2024-04-04 00:23:27 未获取到号码【1611671】GSD，可能号码格式错误
2024-04-04 00:23:27 获取到号码【1611671】的GSD为【-】
2024-04-04 00:23:33 GSD insert 第 1 次 等待 3 秒
2024-04-04 00:23:36 {"status":"bad","gid":"544528","msg":"添加失败！号码【1611671(-|-)】已存在！"}
2024-04-04 00:23:36 随机等待 199 秒，约 3 分钟
2024-04-04 00:23:36 下次操作: 2024-04-04 00:26:55

2024-04-04 00:26:55 开始第 1752 次操作

2024-04-04 00:26:55 开始操作号码 【1611672】
2024-04-04 00:27:00 GSD getOne 第 1 次 等待 3 秒
2024-04-04 00:27:03 查询号码 【1611672】，返回信息 {"status":"ok","msg":"-","gid":"544542","time_insert":"2023-02-21 08:48"}
2024-04-04 00:27:03 查询号码 【1611672】，GSD为【"-"】
2024-04-04 00:27:03 ok && -
2024-04-04 00:27:05 CHB 1611672?1712161623 第 1 次 等待 3 秒
2024-04-04 00:27:08 CHB 1611672?1712161623 第 1 次 获取到号码【1611672】GSD
2024-04-04 00:27:08 未获取到号码【1611672】GSD，可能号码格式错误
2024-04-04 00:27:08 获取到号码【1611672】的GSD为【-】
2024-04-04 00:27:19 GSD insert 第 1 次 等待 3 秒
2024-04-04 00:27:22 {"status":"bad","gid":"544542","msg":"添加失败！号码【1611672(-|-)】已存在！"}

