2023-10-12 00:11:41 开始第 2707 次操作

2023-10-12 00:11:41 开始操作号码 【1932695】
2023-10-12 00:13:52 GSD getOne 第 1 次 等待 3 秒
2023-10-12 00:16:05 GSD getOne 第 2 次 等待 3 秒
2023-10-12 00:18:18 GSD getOne 第 3 次 等待 3 秒
2023-10-12 00:20:31 GSD getOne 第 4 次 等待 3 秒
2023-10-12 00:22:44 GSD getOne 第 5 次 等待 3 秒
2023-10-12 00:24:57 GSD getOne 第 6 次 等待 3 秒
2023-10-12 00:27:10 GSD getOne 第 7 次 等待 3 秒
2023-10-12 00:29:24 GSD getOne 第 8 次 等待 3 秒
2023-10-12 00:31:37 GSD getOne 第 9 次 等待 3 秒
2023-10-12 00:33:50 GSD getOne 第 10 次 等待 3 秒
2023-10-12 00:33:53 查询号码 【1932695】，返回信息 
2023-10-12 00:33:53 查询失败，3 秒后重新查询
2023-10-12 00:36:07 GSD getOne 第 1 次 等待 3 秒
2023-10-12 00:38:20 GSD getOne 第 2 次 等待 3 秒
2023-10-12 00:40:33 GSD getOne 第 3 次 等待 3 秒
2023-10-12 00:42:46 GSD getOne 第 4 次 等待 3 秒
2023-10-12 00:44:59 GSD getOne 第 5 次 等待 3 秒
2023-10-12 00:47:13 GSD getOne 第 6 次 等待 3 秒
2023-10-12 00:49:26 GSD getOne 第 7 次 等待 3 秒
2023-10-12 00:51:39 GSD getOne 第 8 次 等待 3 秒
2023-10-12 00:53:52 GSD getOne 第 9 次 等待 3 秒
2023-10-12 00:56:05 GSD getOne 第 10 次 等待 3 秒
2023-10-12 00:56:08 查询号码 【1932695】，返回信息 
2023-10-12 00:56:08 查询失败，结束本次操作，期待下次成功~
2023-10-12 00:56:08 随机等待 232 秒，约 3 分钟
2023-10-12 00:56:08 下次操作: 2023-10-12 01:00:00

2023-10-12 01:00:00 开始第 2708 次操作

2023-10-12 01:00:00 开始操作号码 【1932695】
2023-10-12 01:02:10 GSD getOne 第 1 次 等待 3 秒
2023-10-12 01:04:23 GSD getOne 第 2 次 等待 3 秒
2023-10-12 01:06:36 GSD getOne 第 3 次 等待 3 秒
2023-10-12 01:08:49 GSD getOne 第 4 次 等待 3 秒
2023-10-12 01:11:02 GSD getOne 第 5 次 等待 3 秒
2023-10-12 01:13:15 GSD getOne 第 6 次 等待 3 秒
2023-10-12 01:15:28 GSD getOne 第 7 次 等待 3 秒
2023-10-12 01:17:41 GSD getOne 第 8 次 等待 3 秒
2023-10-12 01:19:55 GSD getOne 第 9 次 等待 3 秒
2023-10-12 01:22:08 GSD getOne 第 10 次 等待 3 秒
2023-10-12 01:22:11 查询号码 【1932695】，返回信息 
2023-10-12 01:22:11 查询失败，3 秒后重新查询
2023-10-12 01:24:25 GSD getOne 第 1 次 等待 3 秒
2023-10-12 01:26:38 GSD getOne 第 2 次 等待 3 秒
2023-10-12 01:28:51 GSD getOne 第 3 次 等待 3 秒
2023-10-12 01:31:04 GSD getOne 第 4 次 等待 3 秒
2023-10-12 01:33:17 GSD getOne 第 5 次 等待 3 秒
2023-10-12 01:35:31 GSD getOne 第 6 次 等待 3 秒
2023-10-12 01:37:44 GSD getOne 第 7 次 等待 3 秒
2023-10-12 01:39:57 GSD getOne 第 8 次 等待 3 秒
2023-10-12 01:42:10 GSD getOne 第 9 次 等待 3 秒
2023-10-12 01:44:23 GSD getOne 第 10 次 等待 3 秒
2023-10-12 01:44:26 查询号码 【1932695】，返回信息 
2023-10-12 01:44:26 查询失败，结束本次操作，期待下次成功~

2023-10-12 02:21:27 开始第 2709 次操作

2023-10-12 02:21:27 开始操作号码 【1932695】
2023-10-12 02:23:37 GSD getOne 第 1 次 等待 3 秒
2023-10-12 02:25:50 GSD getOne 第 2 次 等待 3 秒
2023-10-12 02:28:03 GSD getOne 第 3 次 等待 3 秒
2023-10-12 02:30:16 GSD getOne 第 4 次 等待 3 秒
2023-10-12 02:32:29 GSD getOne 第 5 次 等待 3 秒
2023-10-12 02:34:42 GSD getOne 第 6 次 等待 3 秒
2023-10-12 02:36:56 GSD getOne 第 7 次 等待 3 秒
2023-10-12 02:39:09 GSD getOne 第 8 次 等待 3 秒
2023-10-12 02:41:22 GSD getOne 第 9 次 等待 3 秒
2023-10-12 02:43:35 GSD getOne 第 10 次 等待 3 秒
2023-10-12 02:43:38 查询号码 【1932695】，返回信息 
2023-10-12 02:43:38 查询失败，3 秒后重新查询
2023-10-12 02:45:52 GSD getOne 第 1 次 等待 3 秒
2023-10-12 02:48:05 GSD getOne 第 2 次 等待 3 秒
2023-10-12 02:50:18 GSD getOne 第 3 次 等待 3 秒
2023-10-12 02:52:31 GSD getOne 第 4 次 等待 3 秒
2023-10-12 02:54:45 GSD getOne 第 5 次 等待 3 秒
2023-10-12 02:56:58 GSD getOne 第 6 次 等待 3 秒
2023-10-12 02:59:11 GSD getOne 第 7 次 等待 3 秒
2023-10-12 03:01:24 GSD getOne 第 8 次 等待 3 秒
2023-10-12 03:03:37 GSD getOne 第 9 次 等待 3 秒
2023-10-12 03:05:50 GSD getOne 第 10 次 等待 3 秒
2023-10-12 03:05:53 查询号码 【1932695】，返回信息 
2023-10-12 03:05:53 查询失败，结束本次操作，期待下次成功~
2023-10-12 03:05:53 随机等待 229 秒，约 3 分钟
2023-10-12 03:05:53 下次操作: 2023-10-12 03:09:42

2023-10-12 03:09:42 开始第 2710 次操作

2023-10-12 03:09:42 开始操作号码 【1932695】
2023-10-12 03:11:53 GSD getOne 第 1 次 等待 3 秒
2023-10-12 03:14:06 GSD getOne 第 2 次 等待 3 秒
2023-10-12 03:16:19 GSD getOne 第 3 次 等待 3 秒
2023-10-12 03:18:32 GSD getOne 第 4 次 等待 3 秒
2023-10-12 03:20:45 GSD getOne 第 5 次 等待 3 秒
2023-10-12 03:22:58 GSD getOne 第 6 次 等待 3 秒
2023-10-12 03:25:11 GSD getOne 第 7 次 等待 3 秒
2023-10-12 03:27:25 GSD getOne 第 8 次 等待 3 秒
2023-10-12 03:29:38 GSD getOne 第 9 次 等待 3 秒
2023-10-12 03:31:51 GSD getOne 第 10 次 等待 3 秒
2023-10-12 03:31:54 查询号码 【1932695】，返回信息 
2023-10-12 03:31:54 查询失败，3 秒后重新查询
2023-10-12 03:34:08 GSD getOne 第 1 次 等待 3 秒
2023-10-12 03:36:21 GSD getOne 第 2 次 等待 3 秒
2023-10-12 03:38:34 GSD getOne 第 3 次 等待 3 秒
2023-10-12 03:40:47 GSD getOne 第 4 次 等待 3 秒
2023-10-12 03:43:00 GSD getOne 第 5 次 等待 3 秒
2023-10-12 03:45:14 GSD getOne 第 6 次 等待 3 秒
2023-10-12 03:47:27 GSD getOne 第 7 次 等待 3 秒
2023-10-12 03:49:40 GSD getOne 第 8 次 等待 3 秒
2023-10-12 03:51:53 GSD getOne 第 9 次 等待 3 秒
2023-10-12 03:54:06 GSD getOne 第 10 次 等待 3 秒
2023-10-12 03:54:09 查询号码 【1932695】，返回信息 
2023-10-12 03:54:09 查询失败，结束本次操作，期待下次成功~
2023-10-12 03:54:09 随机等待 86 秒，约 1 分钟
2023-10-12 03:54:09 下次操作: 2023-10-12 03:55:35

2023-10-12 03:55:35 开始第 2711 次操作

2023-10-12 03:55:35 开始操作号码 【1932695】
2023-10-12 03:57:45 GSD getOne 第 1 次 等待 3 秒
2023-10-12 03:59:58 GSD getOne 第 2 次 等待 3 秒
2023-10-12 04:02:11 GSD getOne 第 3 次 等待 3 秒
2023-10-12 04:04:25 GSD getOne 第 4 次 等待 3 秒
2023-10-12 04:06:38 GSD getOne 第 5 次 等待 3 秒
2023-10-12 04:08:51 GSD getOne 第 6 次 等待 3 秒
2023-10-12 04:11:04 GSD getOne 第 7 次 等待 3 秒
2023-10-12 04:13:17 GSD getOne 第 8 次 等待 3 秒
2023-10-12 04:15:30 GSD getOne 第 9 次 等待 3 秒
2023-10-12 04:17:43 GSD getOne 第 10 次 等待 3 秒
2023-10-12 04:17:46 查询号码 【1932695】，返回信息 
2023-10-12 04:17:46 查询失败，3 秒后重新查询
2023-10-12 04:20:00 GSD getOne 第 1 次 等待 3 秒
2023-10-12 04:22:14 GSD getOne 第 2 次 等待 3 秒
2023-10-12 04:24:27 GSD getOne 第 3 次 等待 3 秒
2023-10-12 04:26:40 GSD getOne 第 4 次 等待 3 秒
2023-10-12 04:28:53 GSD getOne 第 5 次 等待 3 秒
2023-10-12 04:31:06 GSD getOne 第 6 次 等待 3 秒
2023-10-12 04:33:19 GSD getOne 第 7 次 等待 3 秒
2023-10-12 04:35:32 GSD getOne 第 8 次 等待 3 秒
2023-10-12 04:37:45 GSD getOne 第 9 次 等待 3 秒
2023-10-12 04:39:59 GSD getOne 第 10 次 等待 3 秒
2023-10-12 04:40:02 查询号码 【1932695】，返回信息 
2023-10-12 04:40:02 查询失败，结束本次操作，期待下次成功~
2023-10-12 04:40:02 随机等待 219 秒，约 3 分钟
2023-10-12 04:40:02 下次操作: 2023-10-12 04:43:41

2023-10-12 04:43:41 开始第 2712 次操作

2023-10-12 04:43:41 开始操作号码 【1932695】
2023-10-12 04:45:51 GSD getOne 第 1 次 等待 3 秒
2023-10-12 04:48:04 GSD getOne 第 2 次 等待 3 秒
2023-10-12 04:50:17 GSD getOne 第 3 次 等待 3 秒
2023-10-12 04:52:30 GSD getOne 第 4 次 等待 3 秒
2023-10-12 04:54:43 GSD getOne 第 5 次 等待 3 秒
2023-10-12 04:56:56 GSD getOne 第 6 次 等待 3 秒
2023-10-12 04:59:10 GSD getOne 第 7 次 等待 3 秒
2023-10-12 05:01:23 GSD getOne 第 8 次 等待 3 秒
2023-10-12 05:03:36 GSD getOne 第 9 次 等待 3 秒
2023-10-12 05:05:49 GSD getOne 第 10 次 等待 3 秒
2023-10-12 05:05:52 查询号码 【1932695】，返回信息 
2023-10-12 05:05:52 查询失败，3 秒后重新查询
2023-10-12 05:08:06 GSD getOne 第 1 次 等待 3 秒
2023-10-12 05:10:19 GSD getOne 第 2 次 等待 3 秒
2023-10-12 05:12:32 GSD getOne 第 3 次 等待 3 秒
2023-10-12 05:14:45 GSD getOne 第 4 次 等待 3 秒
2023-10-12 05:16:59 GSD getOne 第 5 次 等待 3 秒
2023-10-12 05:19:12 GSD getOne 第 6 次 等待 3 秒
2023-10-12 05:21:25 GSD getOne 第 7 次 等待 3 秒
2023-10-12 05:23:38 GSD getOne 第 8 次 等待 3 秒
2023-10-12 05:25:51 GSD getOne 第 9 次 等待 3 秒
2023-10-12 05:28:04 GSD getOne 第 10 次 等待 3 秒
2023-10-12 05:28:07 查询号码 【1932695】，返回信息 
2023-10-12 05:28:07 查询失败，结束本次操作，期待下次成功~

