2023-10-29 00:18:27 开始第 5573 次操作

2023-10-29 00:18:27 开始操作号码 【1935491】
2023-10-29 00:18:30 GSD getOne 第 1 次 等待 3 秒
2023-10-29 00:18:33 查询号码 【1935491】，返回信息 {"status":"ok","msg":"安徽-六安","gid":"505912","time_insert":"2021-08-12 14:57"}
2023-10-29 00:18:33 查询号码 【1935491】，GSD为【"安徽-六安"】

2023-10-29 00:18:34 开始第 5574 次操作

2023-10-29 00:18:34 开始操作号码 【1935492】
2023-10-29 00:18:37 GSD getOne 第 1 次 等待 3 秒
2023-10-29 00:18:40 查询号码 【1935492】，返回信息 {"status":"ok","msg":"安徽-六安","gid":"505908","time_insert":"2021-08-12 14:56"}
2023-10-29 00:18:40 查询号码 【1935492】，GSD为【"安徽-六安"】

2023-10-29 00:18:41 开始第 5575 次操作

2023-10-29 00:18:41 开始操作号码 【1935493】
2023-10-29 00:18:46 GSD getOne 第 1 次 等待 3 秒
2023-10-29 00:18:49 查询号码 【1935493】，返回信息 {"status":"ok","msg":"安徽-六安","gid":"505906","time_insert":"2021-08-12 14:55"}
2023-10-29 00:18:49 查询号码 【1935493】，GSD为【"安徽-六安"】

2023-10-29 00:18:50 开始第 5576 次操作

2023-10-29 00:18:50 开始操作号码 【1935494】
2023-10-29 00:18:53 GSD getOne 第 1 次 等待 3 秒
2023-10-29 00:18:57 查询号码 【1935494】，返回信息 {"status":"ok","msg":"安徽-六安","gid":"505905","time_insert":"2021-08-12 14:54"}
2023-10-29 00:18:57 查询号码 【1935494】，GSD为【"安徽-六安"】

2023-10-29 00:37:26 开始第 5577 次操作

2023-10-29 00:37:26 开始操作号码 【1935495】
2023-10-29 00:37:31 GSD getOne 第 1 次 等待 3 秒
2023-10-29 00:37:34 查询号码 【1935495】，返回信息 {"status":"ok","msg":"安徽-六安","gid":"505902","time_insert":"2021-08-12 14:54"}
2023-10-29 00:37:34 查询号码 【1935495】，GSD为【"安徽-六安"】

2023-10-29 00:37:35 开始第 5578 次操作

2023-10-29 00:37:35 开始操作号码 【1935496】
2023-10-29 00:37:47 GSD getOne 第 1 次 等待 3 秒
2023-10-29 00:37:50 查询号码 【1935496】，返回信息 {"status":"ok","msg":"安徽-六安","gid":"491425","time_insert":"2021-08-03 17:40"}
2023-10-29 00:37:50 查询号码 【1935496】，GSD为【"安徽-六安"】

2023-10-29 00:37:51 开始第 5579 次操作

2023-10-29 00:37:51 开始操作号码 【1935497】
2023-10-29 00:37:58 GSD getOne 第 1 次 等待 3 秒
2023-10-29 00:38:01 查询号码 【1935497】，返回信息 {"status":"ok","msg":"安徽-六安","gid":"491423","time_insert":"2021-08-03 17:39"}
2023-10-29 00:38:01 查询号码 【1935497】，GSD为【"安徽-六安"】

2023-10-29 00:38:02 开始第 5580 次操作

2023-10-29 00:38:02 开始操作号码 【1935498】
2023-10-29 00:38:13 GSD getOne 第 1 次 等待 3 秒
2023-10-29 00:38:16 查询号码 【1935498】，返回信息 {"status":"ok","msg":"安徽-六安","gid":"491419","time_insert":"2021-08-03 17:38"}
2023-10-29 00:38:16 查询号码 【1935498】，GSD为【"安徽-六安"】

