2024-01-04 00:20:12 开始第 6769 次操作

2024-01-04 00:20:12 开始操作号码 【1836688】
2024-01-04 00:20:17 GSD getOne 第 1 次 等待 3 秒
2024-01-04 00:20:20 查询号码 【1836688】，返回信息 {"status":"ok","msg":"山东-滨州","gid":"342158","time_insert":"2021-07-21 02:05"}
2024-01-04 00:20:20 查询号码 【1836688】，GSD为【"山东-滨州"】

2024-01-04 00:20:21 开始第 6770 次操作

2024-01-04 00:20:21 开始操作号码 【1836689】
2024-01-04 00:20:24 GSD getOne 第 1 次 等待 3 秒
2024-01-04 00:20:27 查询号码 【1836689】，返回信息 {"status":"ok","msg":"山东-滨州","gid":"342163","time_insert":"2021-07-21 02:06"}
2024-01-04 00:20:27 查询号码 【1836689】，GSD为【"山东-滨州"】

2024-01-04 00:20:28 开始第 6771 次操作

2024-01-04 00:20:28 开始操作号码 【1836690】
2024-01-04 00:20:31 GSD getOne 第 1 次 等待 3 秒
2024-01-04 00:20:34 查询号码 【1836690】，返回信息 {"status":"ok","msg":"山东-东营","gid":"342166","time_insert":"2021-07-21 02:06"}
2024-01-04 00:20:34 查询号码 【1836690】，GSD为【"山东-东营"】

2024-01-04 00:20:35 开始第 6772 次操作

2024-01-04 00:20:35 开始操作号码 【1836691】
2024-01-04 00:20:40 GSD getOne 第 1 次 等待 3 秒
2024-01-04 00:20:43 查询号码 【1836691】，返回信息 {"status":"ok","msg":"山东-东营","gid":"342171","time_insert":"2021-07-21 02:07"}
2024-01-04 00:20:43 查询号码 【1836691】，GSD为【"山东-东营"】

