2024-07-25 00:22:43 开始第 7733 次操作

2024-07-25 00:22:43 开始操作号码 【1507642】
2024-07-25 00:22:55 GSD getOne 第 1 次 等待 3 秒
2024-07-25 00:22:58 查询号码 【1507642】，返回信息 {"status":"ok","msg":"河北-保定","gid":"375827","time_insert":"2021-07-24 09:52"}
2024-07-25 00:22:58 查询号码 【1507642】，GSD为【"河北-保定"】

2024-07-25 00:22:59 开始第 7734 次操作

2024-07-25 00:22:59 开始操作号码 【1507643】
2024-07-25 00:23:12 GSD getOne 第 1 次 等待 3 秒
2024-07-25 00:23:15 查询号码 【1507643】，返回信息 {"status":"ok","msg":"河北-张家口","gid":"375822","time_insert":"2021-07-24 09:51"}
2024-07-25 00:23:16 查询号码 【1507643】，GSD为【"河北-张家口"】

2024-07-25 00:23:17 开始第 7735 次操作

2024-07-25 00:23:17 开始操作号码 【1507644】
2024-07-25 00:23:26 GSD getOne 第 1 次 等待 3 秒
2024-07-25 00:23:29 查询号码 【1507644】，返回信息 {"status":"ok","msg":"河北-保定","gid":"375812","time_insert":"2021-07-24 09:51"}
2024-07-25 00:23:29 查询号码 【1507644】，GSD为【"河北-保定"】

2024-07-25 00:23:30 开始第 7736 次操作

2024-07-25 00:23:30 开始操作号码 【1507645】
2024-07-25 00:23:40 GSD getOne 第 1 次 等待 3 秒
2024-07-25 00:23:43 查询号码 【1507645】，返回信息 {"status":"ok","msg":"河北-唐山","gid":"375804","time_insert":"2021-07-24 09:50"}
2024-07-25 00:23:43 查询号码 【1507645】，GSD为【"河北-唐山"】

