2023-11-29 00:22:48 开始第 369 次操作

2023-11-29 00:22:48 开始操作号码 【1830288】
2023-11-29 00:22:51 GSD getOne 第 1 次 等待 3 秒
2023-11-29 00:22:54 查询号码 【1830288】，返回信息 {"status":"ok","msg":"四川-成都","gid":"36999","time_insert":"2018-01-30 09:58","time_update":"2020-11-08 04:53"}
2023-11-29 00:22:54 查询号码 【1830288】，GSD为【"四川-成都"】

2023-11-29 00:22:55 开始第 370 次操作

2023-11-29 00:22:55 开始操作号码 【1830289】
2023-11-29 00:23:00 GSD getOne 第 1 次 等待 3 秒
2023-11-29 00:23:03 查询号码 【1830289】，返回信息 {"status":"ok","msg":"四川-成都","gid":"37000","time_insert":"2019-02-16 16:48","time_update":"2020-11-08 04:58"}
2023-11-29 00:23:03 查询号码 【1830289】，GSD为【"四川-成都"】

2023-11-29 00:23:04 开始第 371 次操作

2023-11-29 00:23:04 开始操作号码 【1830290】
2023-11-29 00:23:07 GSD getOne 第 1 次 等待 3 秒
2023-11-29 00:23:10 查询号码 【1830290】，返回信息 {"status":"ok","msg":"陕西-西安","gid":"277014","time_insert":"2021-07-14 19:52"}
2023-11-29 00:23:10 查询号码 【1830290】，GSD为【"陕西-西安"】

2023-11-29 00:23:11 开始第 372 次操作

2023-11-29 00:23:11 开始操作号码 【1830291】
2023-11-29 00:23:15 GSD getOne 第 1 次 等待 3 秒
2023-11-29 00:23:18 查询号码 【1830291】，返回信息 {"status":"ok","msg":"陕西-西安","gid":"51963","time_insert":"2021-04-22 10:33"}
2023-11-29 00:23:18 查询号码 【1830291】，GSD为【"陕西-西安"】

2023-11-29 00:41:35 开始第 373 次操作

2023-11-29 00:41:35 开始操作号码 【1830292】
2023-11-29 00:41:39 GSD getOne 第 1 次 等待 3 秒
2023-11-29 00:41:42 查询号码 【1830292】，返回信息 {"status":"ok","msg":"陕西-西安","gid":"277020","time_insert":"2021-07-14 19:52"}
2023-11-29 00:41:42 查询号码 【1830292】，GSD为【"陕西-西安"】

2023-11-29 00:41:43 开始第 374 次操作

2023-11-29 00:41:43 开始操作号码 【1830293】
2023-11-29 00:41:49 GSD getOne 第 1 次 等待 3 秒
2023-11-29 00:41:52 查询号码 【1830293】，返回信息 {"status":"ok","msg":"陕西-西安","gid":"277024","time_insert":"2021-07-14 19:53"}
2023-11-29 00:41:52 查询号码 【1830293】，GSD为【"陕西-西安"】

2023-11-29 00:41:53 开始第 375 次操作

2023-11-29 00:41:53 开始操作号码 【1830294】
2023-11-29 00:41:57 GSD getOne 第 1 次 等待 3 秒
2023-11-29 00:42:00 查询号码 【1830294】，返回信息 {"status":"ok","msg":"陕西-西安","gid":"277028","time_insert":"2021-07-14 19:53"}
2023-11-29 00:42:00 查询号码 【1830294】，GSD为【"陕西-西安"】

2023-11-29 00:42:01 开始第 376 次操作

2023-11-29 00:42:01 开始操作号码 【1830295】
2023-11-29 00:42:11 GSD getOne 第 1 次 等待 3 秒
2023-11-29 00:42:14 查询号码 【1830295】，返回信息 {"status":"ok","msg":"陕西-西安","gid":"277031","time_insert":"2021-07-14 19:54"}
2023-11-29 00:42:14 查询号码 【1830295】，GSD为【"陕西-西安"】

2023-11-29 01:14:37 开始第 377 次操作

2023-11-29 01:14:37 开始操作号码 【1830296】
2023-11-29 01:14:41 GSD getOne 第 1 次 等待 3 秒
2023-11-29 01:14:44 查询号码 【1830296】，返回信息 {"status":"ok","msg":"陕西-西安","gid":"277033","time_insert":"2021-07-14 19:54"}
2023-11-29 01:14:44 查询号码 【1830296】，GSD为【"陕西-西安"】

2023-11-29 01:14:45 开始第 378 次操作

2023-11-29 01:14:45 开始操作号码 【1830297】
2023-11-29 01:14:48 GSD getOne 第 1 次 等待 3 秒
2023-11-29 01:14:51 查询号码 【1830297】，返回信息 {"status":"ok","msg":"陕西-西安","gid":"277202","time_insert":"2021-07-14 21:01"}
2023-11-29 01:14:51 查询号码 【1830297】，GSD为【"陕西-西安"】

2023-11-29 01:14:52 开始第 379 次操作

2023-11-29 01:14:52 开始操作号码 【1830298】
2023-11-29 01:14:56 GSD getOne 第 1 次 等待 3 秒
2023-11-29 01:14:59 查询号码 【1830298】，返回信息 {"status":"ok","msg":"陕西-西安","gid":"277211","time_insert":"2021-07-14 21:02"}
2023-11-29 01:14:59 查询号码 【1830298】，GSD为【"陕西-西安"】

2023-11-29 01:15:00 开始第 380 次操作

2023-11-29 01:15:00 开始操作号码 【1830299】
2023-11-29 01:15:04 GSD getOne 第 1 次 等待 3 秒
2023-11-29 01:15:07 查询号码 【1830299】，返回信息 {"status":"ok","msg":"陕西-西安","gid":"37001","time_insert":"2020-08-05 10:33","time_update":"2020-12-09 01:57"}
2023-11-29 01:15:07 查询号码 【1830299】，GSD为【"陕西-西安"】

2023-11-29 01:37:22 开始第 381 次操作

2023-11-29 01:37:22 开始操作号码 【1830300】
2023-11-29 01:37:26 GSD getOne 第 1 次 等待 3 秒
2023-11-29 01:37:29 查询号码 【1830300】，返回信息 {"status":"ok","msg":"河北-邯郸","gid":"277222","time_insert":"2021-07-14 21:03"}
2023-11-29 01:37:29 查询号码 【1830300】，GSD为【"河北-邯郸"】

2023-11-29 01:37:30 开始第 382 次操作

2023-11-29 01:37:30 开始操作号码 【1830301】
2023-11-29 01:37:34 GSD getOne 第 1 次 等待 3 秒
2023-11-29 01:37:37 查询号码 【1830301】，返回信息 {"status":"ok","msg":"河北-邯郸","gid":"277232","time_insert":"2021-07-14 21:03"}
2023-11-29 01:37:37 查询号码 【1830301】，GSD为【"河北-邯郸"】

2023-11-29 01:37:38 开始第 383 次操作

2023-11-29 01:37:38 开始操作号码 【1830302】
2023-11-29 01:37:41 GSD getOne 第 1 次 等待 3 秒
2023-11-29 01:37:44 查询号码 【1830302】，返回信息 {"status":"ok","msg":"河北-邯郸","gid":"277242","time_insert":"2021-07-14 21:03"}
2023-11-29 01:37:44 查询号码 【1830302】，GSD为【"河北-邯郸"】

2023-11-29 01:37:45 开始第 384 次操作

2023-11-29 01:37:45 开始操作号码 【1830303】
2023-11-29 01:37:49 GSD getOne 第 1 次 等待 3 秒
2023-11-29 01:37:52 查询号码 【1830303】，返回信息 {"status":"ok","msg":"河北-邯郸","gid":"37002","time_insert":"2016-03-04 11:53","time_update":"2020-08-18 17:18"}
2023-11-29 01:37:52 查询号码 【1830303】，GSD为【"河北-邯郸"】

2023-11-29 02:21:09 开始第 385 次操作

2023-11-29 02:21:09 开始操作号码 【1830304】
2023-11-29 02:21:13 GSD getOne 第 1 次 等待 3 秒
2023-11-29 02:21:16 查询号码 【1830304】，返回信息 {"status":"ok","msg":"河北-邯郸","gid":"37003","time_insert":"2019-01-19 19:24","time_update":"2020-08-18 17:22"}
2023-11-29 02:21:16 查询号码 【1830304】，GSD为【"河北-邯郸"】

2023-11-29 02:21:17 开始第 386 次操作

2023-11-29 02:21:17 开始操作号码 【1830305】
2023-11-29 02:21:21 GSD getOne 第 1 次 等待 3 秒
2023-11-29 02:21:24 查询号码 【1830305】，返回信息 {"status":"ok","msg":"河北-邯郸","gid":"277249","time_insert":"2021-07-14 21:04"}
2023-11-29 02:21:24 查询号码 【1830305】，GSD为【"河北-邯郸"】

2023-11-29 02:21:25 开始第 387 次操作

2023-11-29 02:21:25 开始操作号码 【1830306】
2023-11-29 02:21:29 GSD getOne 第 1 次 等待 3 秒
2023-11-29 02:21:32 查询号码 【1830306】，返回信息 {"status":"ok","msg":"河北-邯郸","gid":"277254","time_insert":"2021-07-14 21:04"}
2023-11-29 02:21:32 查询号码 【1830306】，GSD为【"河北-邯郸"】

2023-11-29 02:21:33 开始第 388 次操作

2023-11-29 02:21:33 开始操作号码 【1830307】
2023-11-29 02:21:38 GSD getOne 第 1 次 等待 3 秒
2023-11-29 02:21:41 查询号码 【1830307】，返回信息 {"status":"ok","msg":"河北-邯郸","gid":"277263","time_insert":"2021-07-14 21:05"}
2023-11-29 02:21:41 查询号码 【1830307】，GSD为【"河北-邯郸"】

2023-11-29 02:38:59 开始第 389 次操作

2023-11-29 02:38:59 开始操作号码 【1830308】
2023-11-29 02:39:03 GSD getOne 第 1 次 等待 3 秒
2023-11-29 02:39:06 查询号码 【1830308】，返回信息 {"status":"ok","msg":"河北-邯郸","gid":"277337","time_insert":"2021-07-14 21:10"}
2023-11-29 02:39:06 查询号码 【1830308】，GSD为【"河北-邯郸"】

2023-11-29 02:39:07 开始第 390 次操作

2023-11-29 02:39:07 开始操作号码 【1830309】
2023-11-29 02:39:11 GSD getOne 第 1 次 等待 3 秒
2023-11-29 02:39:14 查询号码 【1830309】，返回信息 {"status":"ok","msg":"河北-邯郸","gid":"364103","time_insert":"2021-07-23 09:00"}
2023-11-29 02:39:14 查询号码 【1830309】，GSD为【"河北-邯郸"】

2023-11-29 02:39:15 开始第 391 次操作

2023-11-29 02:39:15 开始操作号码 【1830310】
2023-11-29 02:39:19 GSD getOne 第 1 次 等待 3 秒
2023-11-29 02:39:22 查询号码 【1830310】，返回信息 {"status":"ok","msg":"河北-邯郸","gid":"277344","time_insert":"2021-07-14 21:11"}
2023-11-29 02:39:22 查询号码 【1830310】，GSD为【"河北-邯郸"】

2023-11-29 02:39:23 开始第 392 次操作

2023-11-29 02:39:23 开始操作号码 【1830311】
2023-11-29 02:39:27 GSD getOne 第 1 次 等待 3 秒
2023-11-29 02:39:30 查询号码 【1830311】，返回信息 {"status":"ok","msg":"河北-石家庄","gid":"364106","time_insert":"2021-07-23 09:01"}
2023-11-29 02:39:30 查询号码 【1830311】，GSD为【"河北-石家庄"】

2023-11-29 03:13:11 开始第 393 次操作

2023-11-29 03:13:11 开始操作号码 【1830312】
2023-11-29 03:13:14 GSD getOne 第 1 次 等待 3 秒
2023-11-29 03:13:17 查询号码 【1830312】，返回信息 {"status":"ok","msg":"河北-保定","gid":"37004","time_insert":"2020-08-05 10:33","time_update":"2020-08-18 17:26"}
2023-11-29 03:13:18 查询号码 【1830312】，GSD为【"河北-保定"】

2023-11-29 03:13:19 开始第 394 次操作

2023-11-29 03:13:19 开始操作号码 【1830313】
2023-11-29 03:13:22 GSD getOne 第 1 次 等待 3 秒
2023-11-29 03:13:25 查询号码 【1830313】，返回信息 {"status":"ok","msg":"河北-张家口","gid":"364107","time_insert":"2021-07-23 09:01"}
2023-11-29 03:13:25 查询号码 【1830313】，GSD为【"河北-张家口"】

2023-11-29 03:13:26 开始第 395 次操作

2023-11-29 03:13:26 开始操作号码 【1830314】
2023-11-29 03:13:30 GSD getOne 第 1 次 等待 3 秒
2023-11-29 03:13:33 查询号码 【1830314】，返回信息 {"status":"ok","msg":"河北-承德","gid":"277355","time_insert":"2021-07-14 21:13"}
2023-11-29 03:13:33 查询号码 【1830314】，GSD为【"河北-承德"】

2023-11-29 03:13:34 开始第 396 次操作

2023-11-29 03:13:34 开始操作号码 【1830315】
2023-11-29 03:13:37 GSD getOne 第 1 次 等待 3 秒
2023-11-29 03:13:40 查询号码 【1830315】，返回信息 {"status":"ok","msg":"河北-唐山","gid":"277359","time_insert":"2021-07-14 21:13"}
2023-11-29 03:13:40 查询号码 【1830315】，GSD为【"河北-唐山"】

2023-11-29 03:37:21 开始第 397 次操作

2023-11-29 03:37:21 开始操作号码 【1830316】
2023-11-29 03:37:25 GSD getOne 第 1 次 等待 3 秒
2023-11-29 03:37:28 查询号码 【1830316】，返回信息 {"status":"ok","msg":"河北-廊坊","gid":"277364","time_insert":"2021-07-14 21:14"}
2023-11-29 03:37:28 查询号码 【1830316】，GSD为【"河北-廊坊"】

2023-11-29 03:37:29 开始第 398 次操作

2023-11-29 03:37:29 开始操作号码 【1830317】
2023-11-29 03:37:32 GSD getOne 第 1 次 等待 3 秒
2023-11-29 03:37:35 查询号码 【1830317】，返回信息 {"status":"ok","msg":"河北-沧州","gid":"277374","time_insert":"2021-07-14 21:14"}
2023-11-29 03:37:36 查询号码 【1830317】，GSD为【"河北-沧州"】

2023-11-29 03:37:37 开始第 399 次操作

2023-11-29 03:37:37 开始操作号码 【1830318】
2023-11-29 03:37:40 GSD getOne 第 1 次 等待 3 秒
2023-11-29 03:37:43 查询号码 【1830318】，返回信息 {"status":"ok","msg":"河北-衡水","gid":"277384","time_insert":"2021-07-14 21:15"}
2023-11-29 03:37:43 查询号码 【1830318】，GSD为【"河北-衡水"】

2023-11-29 03:37:44 开始第 400 次操作

2023-11-29 03:37:44 开始操作号码 【1830319】
2023-11-29 03:37:47 GSD getOne 第 1 次 等待 3 秒
2023-11-29 03:37:50 查询号码 【1830319】，返回信息 {"status":"ok","msg":"河北-邢台","gid":"277390","time_insert":"2021-07-14 21:15"}
2023-11-29 03:37:50 查询号码 【1830319】，GSD为【"河北-邢台"】

2023-11-29 04:17:52 开始第 401 次操作

2023-11-29 04:17:52 开始操作号码 【1830320】
2023-11-29 04:17:56 GSD getOne 第 1 次 等待 3 秒
2023-11-29 04:17:59 查询号码 【1830320】，返回信息 {"status":"ok","msg":"河北-邯郸","gid":"277397","time_insert":"2021-07-14 21:16"}
2023-11-29 04:18:00 查询号码 【1830320】，GSD为【"河北-邯郸"】

2023-11-29 04:18:01 开始第 402 次操作

2023-11-29 04:18:01 开始操作号码 【1830321】
2023-11-29 04:18:04 GSD getOne 第 1 次 等待 3 秒
2023-11-29 04:18:07 查询号码 【1830321】，返回信息 {"status":"ok","msg":"河北-邯郸","gid":"277404","time_insert":"2021-07-14 21:16"}
2023-11-29 04:18:07 查询号码 【1830321】，GSD为【"河北-邯郸"】

2023-11-29 04:18:08 开始第 403 次操作

2023-11-29 04:18:08 开始操作号码 【1830322】
2023-11-29 04:18:11 GSD getOne 第 1 次 等待 3 秒
2023-11-29 04:18:14 查询号码 【1830322】，返回信息 {"status":"ok","msg":"河北-邯郸","gid":"277412","time_insert":"2021-07-14 21:17"}
2023-11-29 04:18:14 查询号码 【1830322】，GSD为【"河北-邯郸"】

2023-11-29 04:18:15 开始第 404 次操作

2023-11-29 04:18:15 开始操作号码 【1830323】
2023-11-29 04:18:19 GSD getOne 第 1 次 等待 3 秒
2023-11-29 04:18:22 查询号码 【1830323】，返回信息 {"status":"ok","msg":"河北-邯郸","gid":"277419","time_insert":"2021-07-14 21:17"}
2023-11-29 04:18:22 查询号码 【1830323】，GSD为【"河北-邯郸"】

2023-11-29 04:37:34 开始第 405 次操作

2023-11-29 04:37:34 开始操作号码 【1830324】
2023-11-29 04:37:37 GSD getOne 第 1 次 等待 3 秒
2023-11-29 04:37:40 查询号码 【1830324】，返回信息 {"status":"ok","msg":"河北-邯郸","gid":"277421","time_insert":"2021-07-14 21:17"}
2023-11-29 04:37:40 查询号码 【1830324】，GSD为【"河北-邯郸"】

2023-11-29 04:37:41 开始第 406 次操作

2023-11-29 04:37:41 开始操作号码 【1830325】
2023-11-29 04:37:45 GSD getOne 第 1 次 等待 3 秒
2023-11-29 04:37:48 查询号码 【1830325】，返回信息 {"status":"ok","msg":"河北-沧州","gid":"277430","time_insert":"2021-07-14 21:18"}
2023-11-29 04:37:48 查询号码 【1830325】，GSD为【"河北-沧州"】

2023-11-29 04:37:49 开始第 407 次操作

2023-11-29 04:37:49 开始操作号码 【1830326】
2023-11-29 04:37:53 GSD getOne 第 1 次 等待 3 秒
2023-11-29 04:37:56 查询号码 【1830326】，返回信息 {"status":"ok","msg":"河北-沧州","gid":"277432","time_insert":"2021-07-14 21:18"}
2023-11-29 04:37:56 查询号码 【1830326】，GSD为【"河北-沧州"】

2023-11-29 04:37:57 开始第 408 次操作

2023-11-29 04:37:57 开始操作号码 【1830327】
2023-11-29 04:38:01 GSD getOne 第 1 次 等待 3 秒
2023-11-29 04:38:04 查询号码 【1830327】，返回信息 {"status":"ok","msg":"河北-沧州","gid":"277437","time_insert":"2021-07-14 21:19"}
2023-11-29 04:38:04 查询号码 【1830327】，GSD为【"河北-沧州"】

2023-11-29 05:14:34 开始第 409 次操作

2023-11-29 05:14:34 开始操作号码 【1830328】
2023-11-29 05:14:37 GSD getOne 第 1 次 等待 3 秒
2023-11-29 05:14:40 查询号码 【1830328】，返回信息 {"status":"ok","msg":"河北-沧州","gid":"277442","time_insert":"2021-07-14 21:19"}
2023-11-29 05:14:40 查询号码 【1830328】，GSD为【"河北-沧州"】

2023-11-29 05:14:41 开始第 410 次操作

2023-11-29 05:14:41 开始操作号码 【1830329】
2023-11-29 05:14:45 GSD getOne 第 1 次 等待 3 秒
2023-11-29 05:14:48 查询号码 【1830329】，返回信息 {"status":"ok","msg":"河北-沧州","gid":"277448","time_insert":"2021-07-14 21:20"}
2023-11-29 05:14:48 查询号码 【1830329】，GSD为【"河北-沧州"】

2023-11-29 05:14:49 开始第 411 次操作

2023-11-29 05:14:49 开始操作号码 【1830330】
2023-11-29 05:14:52 GSD getOne 第 1 次 等待 3 秒
2023-11-29 05:14:55 查询号码 【1830330】，返回信息 {"status":"ok","msg":"河北-邯郸","gid":"277450","time_insert":"2021-07-14 21:20"}
2023-11-29 05:14:56 查询号码 【1830330】，GSD为【"河北-邯郸"】

2023-11-29 05:14:57 开始第 412 次操作

2023-11-29 05:14:57 开始操作号码 【1830331】
2023-11-29 05:15:00 GSD getOne 第 1 次 等待 3 秒
2023-11-29 05:15:03 查询号码 【1830331】，返回信息 {"status":"ok","msg":"河北-邯郸","gid":"277514","time_insert":"2021-07-14 21:41"}
2023-11-29 05:15:03 查询号码 【1830331】，GSD为【"河北-邯郸"】

2023-11-29 05:37:07 开始第 413 次操作

2023-11-29 05:37:07 开始操作号码 【1830332】
2023-11-29 05:37:10 GSD getOne 第 1 次 等待 3 秒
2023-11-29 05:37:13 查询号码 【1830332】，返回信息 {"status":"ok","msg":"河北-邯郸","gid":"277519","time_insert":"2021-07-14 21:41"}
2023-11-29 05:37:13 查询号码 【1830332】，GSD为【"河北-邯郸"】

2023-11-29 05:37:14 开始第 414 次操作

2023-11-29 05:37:14 开始操作号码 【1830333】
2023-11-29 05:37:18 GSD getOne 第 1 次 等待 3 秒
2023-11-29 05:37:21 查询号码 【1830333】，返回信息 {"status":"ok","msg":"河北-邯郸","gid":"277528","time_insert":"2021-07-14 21:42"}
2023-11-29 05:37:21 查询号码 【1830333】，GSD为【"河北-邯郸"】

2023-11-29 05:37:22 开始第 415 次操作

2023-11-29 05:37:22 开始操作号码 【1830334】
2023-11-29 05:37:26 GSD getOne 第 1 次 等待 3 秒
2023-11-29 05:37:29 查询号码 【1830334】，返回信息 {"status":"ok","msg":"河北-邯郸","gid":"277535","time_insert":"2021-07-14 21:42"}
2023-11-29 05:37:29 查询号码 【1830334】，GSD为【"河北-邯郸"】

2023-11-29 05:37:30 开始第 416 次操作

2023-11-29 05:37:30 开始操作号码 【1830335】
2023-11-29 05:37:34 GSD getOne 第 1 次 等待 3 秒
2023-11-29 05:37:37 查询号码 【1830335】，返回信息 {"status":"ok","msg":"河北-秦皇岛","gid":"277544","time_insert":"2021-07-14 21:42"}
2023-11-29 05:37:37 查询号码 【1830335】，GSD为【"河北-秦皇岛"】

2023-11-29 06:15:28 开始第 417 次操作

2023-11-29 06:15:28 开始操作号码 【1830336】
2023-11-29 06:15:32 GSD getOne 第 1 次 等待 3 秒
2023-11-29 06:15:35 查询号码 【1830336】，返回信息 {"status":"ok","msg":"河北-邯郸","gid":"277561","time_insert":"2021-07-14 21:43"}
2023-11-29 06:15:36 查询号码 【1830336】，GSD为【"河北-邯郸"】

2023-11-29 06:15:37 开始第 418 次操作

2023-11-29 06:15:37 开始操作号码 【1830337】
2023-11-29 06:15:40 GSD getOne 第 1 次 等待 3 秒
2023-11-29 06:15:43 查询号码 【1830337】，返回信息 {"status":"ok","msg":"河北-邯郸","gid":"277569","time_insert":"2021-07-14 21:43"}
2023-11-29 06:15:43 查询号码 【1830337】，GSD为【"河北-邯郸"】

2023-11-29 06:15:44 开始第 419 次操作

2023-11-29 06:15:44 开始操作号码 【1830338】
2023-11-29 06:15:48 GSD getOne 第 1 次 等待 3 秒
2023-11-29 06:15:51 查询号码 【1830338】，返回信息 {"status":"ok","msg":"河北-邯郸","gid":"277577","time_insert":"2021-07-14 21:44"}
2023-11-29 06:15:51 查询号码 【1830338】，GSD为【"河北-邯郸"】

2023-11-29 06:15:52 开始第 420 次操作

2023-11-29 06:15:52 开始操作号码 【1830339】
2023-11-29 06:15:55 GSD getOne 第 1 次 等待 3 秒
2023-11-29 06:15:58 查询号码 【1830339】，返回信息 {"status":"ok","msg":"河北-邯郸","gid":"277589","time_insert":"2021-07-14 21:44"}
2023-11-29 06:15:58 查询号码 【1830339】，GSD为【"河北-邯郸"】

2023-11-29 06:37:16 开始第 421 次操作

2023-11-29 06:37:16 开始操作号码 【1830340】
2023-11-29 06:37:20 GSD getOne 第 1 次 等待 3 秒
2023-11-29 06:37:23 查询号码 【1830340】，返回信息 {"status":"ok","msg":"山西-忻州","gid":"277597","time_insert":"2021-07-14 21:45"}
2023-11-29 06:37:24 查询号码 【1830340】，GSD为【"山西-忻州"】

2023-11-29 06:37:25 开始第 422 次操作

2023-11-29 06:37:25 开始操作号码 【1830341】
2023-11-29 06:37:28 GSD getOne 第 1 次 等待 3 秒
2023-11-29 06:37:31 查询号码 【1830341】，返回信息 {"status":"ok","msg":"山西-太原","gid":"277604","time_insert":"2021-07-14 21:45"}
2023-11-29 06:37:31 查询号码 【1830341】，GSD为【"山西-太原"】

2023-11-29 06:37:32 开始第 423 次操作

2023-11-29 06:37:32 开始操作号码 【1830342】
2023-11-29 06:37:35 GSD getOne 第 1 次 等待 3 秒
2023-11-29 06:37:38 查询号码 【1830342】，返回信息 {"status":"ok","msg":"山西-大同","gid":"277613","time_insert":"2021-07-14 21:46"}
2023-11-29 06:37:38 查询号码 【1830342】，GSD为【"山西-大同"】

2023-11-29 06:37:39 开始第 424 次操作

2023-11-29 06:37:39 开始操作号码 【1830343】
2023-11-29 06:37:43 GSD getOne 第 1 次 等待 3 秒
2023-11-29 06:37:46 查询号码 【1830343】，返回信息 {"status":"ok","msg":"山西-阳泉","gid":"277626","time_insert":"2021-07-14 21:46"}
2023-11-29 06:37:46 查询号码 【1830343】，GSD为【"山西-阳泉"】

2023-11-29 07:16:04 开始第 425 次操作

2023-11-29 07:16:04 开始操作号码 【1830344】
2023-11-29 07:16:08 GSD getOne 第 1 次 等待 3 秒
2023-11-29 07:16:11 查询号码 【1830344】，返回信息 {"status":"ok","msg":"山西-晋中","gid":"277632","time_insert":"2021-07-14 21:47"}
2023-11-29 07:16:11 查询号码 【1830344】，GSD为【"山西-晋中"】

2023-11-29 07:16:12 开始第 426 次操作

2023-11-29 07:16:12 开始操作号码 【1830345】
2023-11-29 07:16:16 GSD getOne 第 1 次 等待 3 秒
2023-11-29 07:16:19 查询号码 【1830345】，返回信息 {"status":"ok","msg":"山西-长治","gid":"277648","time_insert":"2021-07-14 21:47"}
2023-11-29 07:16:19 查询号码 【1830345】，GSD为【"山西-长治"】

2023-11-29 07:16:20 开始第 427 次操作

2023-11-29 07:16:20 开始操作号码 【1830346】
2023-11-29 07:16:24 GSD getOne 第 1 次 等待 3 秒
2023-11-29 07:16:27 查询号码 【1830346】，返回信息 {"status":"ok","msg":"山西-晋城","gid":"277660","time_insert":"2021-07-14 21:48"}
2023-11-29 07:16:27 查询号码 【1830346】，GSD为【"山西-晋城"】

2023-11-29 07:16:28 开始第 428 次操作

2023-11-29 07:16:28 开始操作号码 【1830347】
2023-11-29 07:16:32 GSD getOne 第 1 次 等待 3 秒
2023-11-29 07:16:35 查询号码 【1830347】，返回信息 {"status":"ok","msg":"山西-临汾","gid":"277671","time_insert":"2021-07-14 21:48"}
2023-11-29 07:16:35 查询号码 【1830347】，GSD为【"山西-临汾"】

2023-11-29 07:37:25 开始第 429 次操作

2023-11-29 07:37:25 开始操作号码 【1830348】
2023-11-29 07:37:29 GSD getOne 第 1 次 等待 3 秒
2023-11-29 07:37:32 查询号码 【1830348】，返回信息 {"status":"ok","msg":"山西-吕梁","gid":"277684","time_insert":"2021-07-14 21:49"}
2023-11-29 07:37:32 查询号码 【1830348】，GSD为【"山西-吕梁"】

2023-11-29 07:37:33 开始第 430 次操作

2023-11-29 07:37:33 开始操作号码 【1830349】
2023-11-29 07:37:36 GSD getOne 第 1 次 等待 3 秒
2023-11-29 07:37:39 查询号码 【1830349】，返回信息 {"status":"ok","msg":"山西-朔州","gid":"277688","time_insert":"2021-07-14 21:49"}
2023-11-29 07:37:39 查询号码 【1830349】，GSD为【"山西-朔州"】

2023-11-29 07:37:40 开始第 431 次操作

2023-11-29 07:37:40 开始操作号码 【1830350】
2023-11-29 07:37:44 GSD getOne 第 1 次 等待 3 秒
2023-11-29 07:37:47 查询号码 【1830350】，返回信息 {"status":"ok","msg":"山西-忻州","gid":"277699","time_insert":"2021-07-14 21:50"}
2023-11-29 07:37:47 查询号码 【1830350】，GSD为【"山西-忻州"】

2023-11-29 07:37:48 开始第 432 次操作

2023-11-29 07:37:48 开始操作号码 【1830351】
2023-11-29 07:37:52 GSD getOne 第 1 次 等待 3 秒
2023-11-29 07:37:55 查询号码 【1830351】，返回信息 {"status":"ok","msg":"山西-太原","gid":"277708","time_insert":"2021-07-14 21:50"}
2023-11-29 07:37:55 查询号码 【1830351】，GSD为【"山西-太原"】

2023-11-29 09:14:24 开始第 433 次操作

2023-11-29 09:14:24 开始操作号码 【1830352】
2023-11-29 09:14:27 GSD getOne 第 1 次 等待 3 秒
2023-11-29 09:14:30 查询号码 【1830352】，返回信息 {"status":"ok","msg":"山西-大同","gid":"277717","time_insert":"2021-07-14 21:51"}
2023-11-29 09:14:30 查询号码 【1830352】，GSD为【"山西-大同"】

2023-11-29 09:14:31 开始第 434 次操作

2023-11-29 09:14:31 开始操作号码 【1830353】
2023-11-29 09:14:35 GSD getOne 第 1 次 等待 3 秒
2023-11-29 09:14:38 查询号码 【1830353】，返回信息 {"status":"ok","msg":"山西-阳泉","gid":"277728","time_insert":"2021-07-14 21:51"}
2023-11-29 09:14:38 查询号码 【1830353】，GSD为【"山西-阳泉"】

2023-11-29 09:14:39 开始第 435 次操作

2023-11-29 09:14:39 开始操作号码 【1830354】
2023-11-29 09:14:42 GSD getOne 第 1 次 等待 3 秒
2023-11-29 09:14:45 查询号码 【1830354】，返回信息 {"status":"ok","msg":"山西-晋中","gid":"277732","time_insert":"2021-07-14 21:51"}
2023-11-29 09:14:45 查询号码 【1830354】，GSD为【"山西-晋中"】

2023-11-29 09:14:46 开始第 436 次操作

2023-11-29 09:14:46 开始操作号码 【1830355】
2023-11-29 09:14:50 GSD getOne 第 1 次 等待 3 秒
2023-11-29 09:14:53 查询号码 【1830355】，返回信息 {"status":"ok","msg":"山西-长治","gid":"37005","time_insert":"2017-05-10 16:05","time_update":"2020-08-20 03:11"}
2023-11-29 09:14:53 查询号码 【1830355】，GSD为【"山西-长治"】

2023-11-29 10:10:16 开始第 437 次操作

2023-11-29 10:10:16 开始操作号码 【1830356】
2023-11-29 10:10:20 GSD getOne 第 1 次 等待 3 秒
2023-11-29 10:10:23 查询号码 【1830356】，返回信息 {"status":"ok","msg":"山西-晋城","gid":"277746","time_insert":"2021-07-14 21:52"}
2023-11-29 10:10:23 查询号码 【1830356】，GSD为【"山西-晋城"】

2023-11-29 10:10:24 开始第 438 次操作

2023-11-29 10:10:24 开始操作号码 【1830357】
2023-11-29 10:10:28 GSD getOne 第 1 次 等待 3 秒
2023-11-29 10:10:31 查询号码 【1830357】，返回信息 {"status":"ok","msg":"山西-临汾","gid":"277754","time_insert":"2021-07-14 21:52"}
2023-11-29 10:10:31 查询号码 【1830357】，GSD为【"山西-临汾"】

2023-11-29 10:10:32 开始第 439 次操作

2023-11-29 10:10:32 开始操作号码 【1830358】
2023-11-29 10:10:35 GSD getOne 第 1 次 等待 3 秒
2023-11-29 10:10:39 查询号码 【1830358】，返回信息 {"status":"ok","msg":"山西-吕梁","gid":"277763","time_insert":"2021-07-14 21:53"}
2023-11-29 10:10:39 查询号码 【1830358】，GSD为【"山西-吕梁"】

2023-11-29 10:10:40 开始第 440 次操作

2023-11-29 10:10:40 开始操作号码 【1830359】
2023-11-29 10:10:43 GSD getOne 第 1 次 等待 3 秒
2023-11-29 10:10:46 查询号码 【1830359】，返回信息 {"status":"ok","msg":"山西-运城","gid":"277769","time_insert":"2021-07-14 21:53"}
2023-11-29 10:10:46 查询号码 【1830359】，GSD为【"山西-运城"】

2023-11-29 10:41:16 开始第 441 次操作

2023-11-29 10:41:16 开始操作号码 【1830360】
2023-11-29 10:41:20 GSD getOne 第 1 次 等待 3 秒
2023-11-29 10:41:23 查询号码 【1830360】，返回信息 {"status":"ok","msg":"河南-新乡","gid":"277777","time_insert":"2021-07-14 21:54"}
2023-11-29 10:41:23 查询号码 【1830360】，GSD为【"河南-新乡"】

2023-11-29 10:41:24 开始第 442 次操作

2023-11-29 10:41:24 开始操作号码 【1830361】
2023-11-29 10:41:30 GSD getOne 第 1 次 等待 3 秒
2023-11-29 10:41:33 查询号码 【1830361】，返回信息 {"status":"ok","msg":"河南-新乡","gid":"277781","time_insert":"2021-07-14 21:54"}
2023-11-29 10:41:33 查询号码 【1830361】，GSD为【"河南-新乡"】

2023-11-29 10:41:34 开始第 443 次操作

2023-11-29 10:41:34 开始操作号码 【1830362】
2023-11-29 10:41:38 GSD getOne 第 1 次 等待 3 秒
2023-11-29 10:41:41 查询号码 【1830362】，返回信息 {"status":"ok","msg":"河南-新乡","gid":"277885","time_insert":"2021-07-14 22:37"}
2023-11-29 10:41:41 查询号码 【1830362】，GSD为【"河南-新乡"】

2023-11-29 10:41:42 开始第 444 次操作

2023-11-29 10:41:42 开始操作号码 【1830363】
2023-11-29 10:41:47 GSD getOne 第 1 次 等待 3 秒
2023-11-29 10:41:50 查询号码 【1830363】，返回信息 {"status":"ok","msg":"河南-新乡","gid":"277891","time_insert":"2021-07-14 22:37"}
2023-11-29 10:41:50 查询号码 【1830363】，GSD为【"河南-新乡"】

2023-11-29 11:16:58 开始第 445 次操作

2023-11-29 11:16:58 开始操作号码 【1830364】
2023-11-29 11:17:02 GSD getOne 第 1 次 等待 3 秒
2023-11-29 11:17:05 查询号码 【1830364】，返回信息 {"status":"ok","msg":"河南-新乡","gid":"277900","time_insert":"2021-07-14 22:38"}
2023-11-29 11:17:05 查询号码 【1830364】，GSD为【"河南-新乡"】

2023-11-29 11:17:06 开始第 446 次操作

2023-11-29 11:17:06 开始操作号码 【1830365】
2023-11-29 11:17:09 GSD getOne 第 1 次 等待 3 秒
2023-11-29 11:17:12 查询号码 【1830365】，返回信息 {"status":"ok","msg":"河南-新乡","gid":"55666","time_insert":"2020-01-16 08:55"}
2023-11-29 11:17:12 查询号码 【1830365】，GSD为【"河南-新乡"】

2023-11-29 11:17:13 开始第 447 次操作

2023-11-29 11:17:13 开始操作号码 【1830366】
2023-11-29 11:17:16 GSD getOne 第 1 次 等待 3 秒
2023-11-29 11:17:19 查询号码 【1830366】，返回信息 {"status":"ok","msg":"河南-新乡","gid":"277907","time_insert":"2021-07-14 22:38"}
2023-11-29 11:17:19 查询号码 【1830366】，GSD为【"河南-新乡"】

2023-11-29 11:17:20 开始第 448 次操作

2023-11-29 11:17:20 开始操作号码 【1830367】
2023-11-29 11:17:24 GSD getOne 第 1 次 等待 3 秒
2023-11-29 11:17:27 查询号码 【1830367】，返回信息 {"status":"ok","msg":"河南-洛阳","gid":"277913","time_insert":"2021-07-14 22:39"}
2023-11-29 11:17:27 查询号码 【1830367】，GSD为【"河南-洛阳"】

2023-11-29 11:37:23 开始第 449 次操作

2023-11-29 11:37:23 开始操作号码 【1830368】
2023-11-29 11:37:27 GSD getOne 第 1 次 等待 3 秒
2023-11-29 11:37:30 查询号码 【1830368】，返回信息 {"status":"ok","msg":"河南-洛阳","gid":"277923","time_insert":"2021-07-14 22:39"}
2023-11-29 11:37:30 查询号码 【1830368】，GSD为【"河南-洛阳"】

2023-11-29 11:37:31 开始第 450 次操作

2023-11-29 11:37:31 开始操作号码 【1830369】
2023-11-29 11:37:34 GSD getOne 第 1 次 等待 3 秒
2023-11-29 11:37:37 查询号码 【1830369】，返回信息 {"status":"ok","msg":"河南-洛阳","gid":"277929","time_insert":"2021-07-14 22:40"}
2023-11-29 11:37:37 查询号码 【1830369】，GSD为【"河南-洛阳"】

2023-11-29 11:37:38 开始第 451 次操作

2023-11-29 11:37:38 开始操作号码 【1830370】
2023-11-29 11:37:43 GSD getOne 第 1 次 等待 3 秒
2023-11-29 11:37:46 查询号码 【1830370】，返回信息 {"status":"ok","msg":"河南-商丘","gid":"277935","time_insert":"2021-07-14 22:40"}
2023-11-29 11:37:46 查询号码 【1830370】，GSD为【"河南-商丘"】

2023-11-29 11:37:47 开始第 452 次操作

2023-11-29 11:37:47 开始操作号码 【1830371】
2023-11-29 11:37:50 GSD getOne 第 1 次 等待 3 秒
2023-11-29 11:37:53 查询号码 【1830371】，返回信息 {"status":"ok","msg":"河南-郑州","gid":"277945","time_insert":"2021-07-14 22:40"}
2023-11-29 11:37:53 查询号码 【1830371】，GSD为【"河南-郑州"】

2023-11-29 12:20:06 开始第 453 次操作

2023-11-29 12:20:06 开始操作号码 【1830372】
2023-11-29 12:20:10 GSD getOne 第 1 次 等待 3 秒
2023-11-29 12:20:13 查询号码 【1830372】，返回信息 {"status":"ok","msg":"河南-安阳","gid":"277952","time_insert":"2021-07-14 22:41"}
2023-11-29 12:20:13 查询号码 【1830372】，GSD为【"河南-安阳"】

2023-11-29 12:20:14 开始第 454 次操作

2023-11-29 12:20:14 开始操作号码 【1830373】
2023-11-29 12:20:19 GSD getOne 第 1 次 等待 3 秒
2023-11-29 12:20:22 查询号码 【1830373】，返回信息 {"status":"ok","msg":"河南-新乡","gid":"277957","time_insert":"2021-07-14 22:41"}
2023-11-29 12:20:22 查询号码 【1830373】，GSD为【"河南-新乡"】

2023-11-29 12:20:24 开始第 455 次操作

2023-11-29 12:20:24 开始操作号码 【1830374】
2023-11-29 12:20:27 GSD getOne 第 1 次 等待 3 秒
2023-11-29 12:20:30 查询号码 【1830374】，返回信息 {"status":"ok","msg":"河南-许昌","gid":"55667","time_insert":"2020-02-06 09:56"}
2023-11-29 12:20:30 查询号码 【1830374】，GSD为【"河南-许昌"】

2023-11-29 12:20:31 开始第 456 次操作

2023-11-29 12:20:31 开始操作号码 【1830375】
2023-11-29 12:20:37 GSD getOne 第 1 次 等待 3 秒
2023-11-29 12:20:40 查询号码 【1830375】，返回信息 {"status":"ok","msg":"河南-平顶山","gid":"55668","time_insert":"2021-04-09 08:04"}
2023-11-29 12:20:40 查询号码 【1830375】，GSD为【"河南-平顶山"】

2023-11-29 12:38:00 开始第 457 次操作

2023-11-29 12:38:00 开始操作号码 【1830376】
2023-11-29 12:38:04 GSD getOne 第 1 次 等待 3 秒
2023-11-29 12:38:07 查询号码 【1830376】，返回信息 {"status":"ok","msg":"河南-信阳","gid":"55669","time_insert":"2020-04-20 13:39"}
2023-11-29 12:38:07 查询号码 【1830376】，GSD为【"河南-信阳"】

2023-11-29 12:38:08 开始第 458 次操作

2023-11-29 12:38:08 开始操作号码 【1830377】
2023-11-29 12:38:13 GSD getOne 第 1 次 等待 3 秒
2023-11-29 12:38:16 查询号码 【1830377】，返回信息 {"status":"ok","msg":"河南-南阳","gid":"277973","time_insert":"2021-07-14 22:42"}
2023-11-29 12:38:16 查询号码 【1830377】，GSD为【"河南-南阳"】

2023-11-29 12:38:17 开始第 459 次操作

2023-11-29 12:38:17 开始操作号码 【1830378】
2023-11-29 12:38:21 GSD getOne 第 1 次 等待 3 秒
2023-11-29 12:38:24 查询号码 【1830378】，返回信息 {"status":"ok","msg":"河南-开封","gid":"277983","time_insert":"2021-07-14 22:42"}
2023-11-29 12:38:24 查询号码 【1830378】，GSD为【"河南-开封"】

2023-11-29 12:38:25 开始第 460 次操作

2023-11-29 12:38:25 开始操作号码 【1830379】
2023-11-29 12:38:31 GSD getOne 第 1 次 等待 3 秒
2023-11-29 12:38:34 查询号码 【1830379】，返回信息 {"status":"ok","msg":"河南-洛阳","gid":"55670","time_insert":"2020-02-26 09:04"}
2023-11-29 12:38:34 查询号码 【1830379】，GSD为【"河南-洛阳"】

2023-11-29 13:15:34 开始第 461 次操作

2023-11-29 13:15:34 开始操作号码 【1830380】
2023-11-29 13:15:38 GSD getOne 第 1 次 等待 3 秒
2023-11-29 13:15:41 查询号码 【1830380】，返回信息 {"status":"ok","msg":"河南-安阳","gid":"278001","time_insert":"2021-07-14 22:43"}
2023-11-29 13:15:42 查询号码 【1830380】，GSD为【"河南-安阳"】

2023-11-29 13:15:43 开始第 462 次操作

2023-11-29 13:15:43 开始操作号码 【1830381】
2023-11-29 13:15:50 GSD getOne 第 1 次 等待 3 秒
2023-11-29 13:15:53 查询号码 【1830381】，返回信息 {"status":"ok","msg":"河南-安阳","gid":"55671","time_insert":"2021-02-28 18:10"}
2023-11-29 13:15:53 查询号码 【1830381】，GSD为【"河南-安阳"】

2023-11-29 13:15:54 开始第 463 次操作

2023-11-29 13:15:54 开始操作号码 【1830382】
2023-11-29 13:15:58 GSD getOne 第 1 次 等待 3 秒
2023-11-29 13:16:01 查询号码 【1830382】，返回信息 {"status":"ok","msg":"河南-安阳","gid":"278010","time_insert":"2021-07-14 22:44"}
2023-11-29 13:16:01 查询号码 【1830382】，GSD为【"河南-安阳"】

2023-11-29 13:16:02 开始第 464 次操作

2023-11-29 13:16:02 开始操作号码 【1830383】
2023-11-29 13:16:07 GSD getOne 第 1 次 等待 3 秒
2023-11-29 13:16:10 查询号码 【1830383】，返回信息 {"status":"ok","msg":"河南-安阳","gid":"55672","time_insert":"2020-04-09 14:27"}
2023-11-29 13:16:10 查询号码 【1830383】，GSD为【"河南-安阳"】

2023-11-29 13:37:21 开始第 465 次操作

2023-11-29 13:37:21 开始操作号码 【1830384】
2023-11-29 13:37:28 GSD getOne 第 1 次 等待 3 秒
2023-11-29 13:37:31 查询号码 【1830384】，返回信息 {"status":"ok","msg":"河南-安阳","gid":"278020","time_insert":"2021-07-14 22:44"}
2023-11-29 13:37:31 查询号码 【1830384】，GSD为【"河南-安阳"】

2023-11-29 13:37:32 开始第 466 次操作

2023-11-29 13:37:32 开始操作号码 【1830385】
2023-11-29 13:37:36 GSD getOne 第 1 次 等待 3 秒
2023-11-29 13:37:39 查询号码 【1830385】，返回信息 {"status":"ok","msg":"河南-开封","gid":"278026","time_insert":"2021-07-14 22:45"}
2023-11-29 13:37:39 查询号码 【1830385】，GSD为【"河南-开封"】

2023-11-29 13:37:40 开始第 467 次操作

2023-11-29 13:37:40 开始操作号码 【1830386】
2023-11-29 13:37:46 GSD getOne 第 1 次 等待 3 秒
2023-11-29 13:37:49 查询号码 【1830386】，返回信息 {"status":"ok","msg":"河南-开封","gid":"278033","time_insert":"2021-07-14 22:45"}
2023-11-29 13:37:49 查询号码 【1830386】，GSD为【"河南-开封"】

2023-11-29 13:37:50 开始第 468 次操作

2023-11-29 13:37:50 开始操作号码 【1830387】
2023-11-29 13:37:54 GSD getOne 第 1 次 等待 3 秒
2023-11-29 13:37:57 查询号码 【1830387】，返回信息 {"status":"ok","msg":"河南-开封","gid":"278042","time_insert":"2021-07-14 22:46"}
2023-11-29 13:37:57 查询号码 【1830387】，GSD为【"河南-开封"】

2023-11-29 14:21:43 开始第 469 次操作

2023-11-29 14:21:43 开始操作号码 【1830388】
2023-11-29 14:21:51 GSD getOne 第 1 次 等待 3 秒
2023-11-29 14:21:54 查询号码 【1830388】，返回信息 {"status":"ok","msg":"河南-开封","gid":"278053","time_insert":"2021-07-14 22:46"}
2023-11-29 14:21:54 查询号码 【1830388】，GSD为【"河南-开封"】

2023-11-29 14:21:55 开始第 470 次操作

2023-11-29 14:21:55 开始操作号码 【1830389】
2023-11-29 14:22:02 GSD getOne 第 1 次 等待 3 秒
2023-11-29 14:22:05 查询号码 【1830389】，返回信息 {"status":"ok","msg":"河南-商丘","gid":"278062","time_insert":"2021-07-14 22:46"}
2023-11-29 14:22:05 查询号码 【1830389】，GSD为【"河南-商丘"】

2023-11-29 14:22:06 开始第 471 次操作

2023-11-29 14:22:06 开始操作号码 【1830390】
2023-11-29 14:22:10 GSD getOne 第 1 次 等待 3 秒
2023-11-29 14:22:13 查询号码 【1830390】，返回信息 {"status":"ok","msg":"河南-焦作","gid":"278073","time_insert":"2021-07-14 22:47"}
2023-11-29 14:22:13 查询号码 【1830390】，GSD为【"河南-焦作"】

2023-11-29 14:22:14 开始第 472 次操作

2023-11-29 14:22:14 开始操作号码 【1830391】
2023-11-29 14:22:22 GSD getOne 第 1 次 等待 3 秒
2023-11-29 14:22:25 查询号码 【1830391】，返回信息 {"status":"ok","msg":"河南-焦作","gid":"278084","time_insert":"2021-07-14 22:47"}
2023-11-29 14:22:25 查询号码 【1830391】，GSD为【"河南-焦作"】

2023-11-29 14:38:35 开始第 473 次操作

2023-11-29 14:38:35 开始操作号码 【1830392】
2023-11-29 14:38:39 GSD getOne 第 1 次 等待 3 秒
2023-11-29 14:38:42 查询号码 【1830392】，返回信息 {"status":"ok","msg":"河南-鹤壁","gid":"55673","time_insert":"2020-08-12 22:02"}
2023-11-29 14:38:42 查询号码 【1830392】，GSD为【"河南-鹤壁"】

2023-11-29 14:38:43 开始第 474 次操作

2023-11-29 14:38:43 开始操作号码 【1830393】
2023-11-29 14:38:47 GSD getOne 第 1 次 等待 3 秒
2023-11-29 14:38:50 查询号码 【1830393】，返回信息 {"status":"ok","msg":"河南-濮阳","gid":"278090","time_insert":"2021-07-14 22:48"}
2023-11-29 14:38:50 查询号码 【1830393】，GSD为【"河南-濮阳"】

2023-11-29 14:38:51 开始第 475 次操作

2023-11-29 14:38:51 开始操作号码 【1830394】
2023-11-29 14:38:59 GSD getOne 第 1 次 等待 3 秒
2023-11-29 14:39:02 查询号码 【1830394】，返回信息 {"status":"ok","msg":"河南-周口","gid":"278099","time_insert":"2021-07-14 22:48"}
2023-11-29 14:39:02 查询号码 【1830394】，GSD为【"河南-周口"】

2023-11-29 14:39:03 开始第 476 次操作

2023-11-29 14:39:03 开始操作号码 【1830395】
2023-11-29 14:39:09 GSD getOne 第 1 次 等待 3 秒
2023-11-29 14:39:12 查询号码 【1830395】，返回信息 {"status":"ok","msg":"河南-漯河","gid":"55674","time_insert":"2020-05-09 13:52"}
2023-11-29 14:39:12 查询号码 【1830395】，GSD为【"河南-漯河"】

2023-11-29 15:15:33 开始第 477 次操作

2023-11-29 15:15:33 开始操作号码 【1830396】
2023-11-29 15:15:38 GSD getOne 第 1 次 等待 3 秒
2023-11-29 15:15:41 查询号码 【1830396】，返回信息 {"status":"ok","msg":"河南-驻马店","gid":"278106","time_insert":"2021-07-14 22:49"}
2023-11-29 15:15:41 查询号码 【1830396】，GSD为【"河南-驻马店"】

2023-11-29 15:15:42 开始第 478 次操作

2023-11-29 15:15:42 开始操作号码 【1830397】
2023-11-29 15:15:47 GSD getOne 第 1 次 等待 3 秒
2023-11-29 15:15:50 查询号码 【1830397】，返回信息 {"status":"ok","msg":"河南-焦作","gid":"278111","time_insert":"2021-07-14 22:49"}
2023-11-29 15:15:50 查询号码 【1830397】，GSD为【"河南-焦作"】

2023-11-29 15:15:51 开始第 479 次操作

2023-11-29 15:15:51 开始操作号码 【1830398】
2023-11-29 15:15:56 GSD getOne 第 1 次 等待 3 秒
2023-11-29 15:15:59 查询号码 【1830398】，返回信息 {"status":"ok","msg":"河南-三门峡","gid":"278117","time_insert":"2021-07-14 22:50"}
2023-11-29 15:15:59 查询号码 【1830398】，GSD为【"河南-三门峡"】

2023-11-29 15:16:00 开始第 480 次操作

2023-11-29 15:16:00 开始操作号码 【1830399】
2023-11-29 15:16:11 GSD getOne 第 1 次 等待 3 秒
2023-11-29 15:16:14 查询号码 【1830399】，返回信息 {"status":"ok","msg":"河南-濮阳","gid":"278121","time_insert":"2021-07-14 22:50"}
2023-11-29 15:16:14 查询号码 【1830399】，GSD为【"河南-濮阳"】

2023-11-29 15:37:02 开始第 481 次操作

2023-11-29 15:37:02 开始操作号码 【1830400】
2023-11-29 15:37:09 GSD getOne 第 1 次 等待 3 秒
2023-11-29 15:37:12 查询号码 【1830400】，返回信息 {"status":"ok","msg":"辽宁-沈阳","gid":"278126","time_insert":"2021-07-14 22:51"}
2023-11-29 15:37:12 查询号码 【1830400】，GSD为【"辽宁-沈阳"】

2023-11-29 15:37:13 开始第 482 次操作

2023-11-29 15:37:13 开始操作号码 【1830401】
2023-11-29 15:37:17 GSD getOne 第 1 次 等待 3 秒
2023-11-29 15:37:20 查询号码 【1830401】，返回信息 {"status":"ok","msg":"辽宁-沈阳","gid":"278285","time_insert":"2021-07-14 23:47"}
2023-11-29 15:37:20 查询号码 【1830401】，GSD为【"辽宁-沈阳"】

2023-11-29 15:37:21 开始第 483 次操作

2023-11-29 15:37:21 开始操作号码 【1830402】
2023-11-29 15:37:24 GSD getOne 第 1 次 等待 3 秒
2023-11-29 15:37:27 查询号码 【1830402】，返回信息 {"status":"ok","msg":"辽宁-沈阳","gid":"278294","time_insert":"2021-07-14 23:47"}
2023-11-29 15:37:27 查询号码 【1830402】，GSD为【"辽宁-沈阳"】

2023-11-29 15:37:28 开始第 484 次操作

2023-11-29 15:37:28 开始操作号码 【1830403】
2023-11-29 15:37:32 GSD getOne 第 1 次 等待 3 秒
2023-11-29 15:37:35 查询号码 【1830403】，返回信息 {"status":"ok","msg":"辽宁-沈阳","gid":"278297","time_insert":"2021-07-14 23:48"}
2023-11-29 15:37:35 查询号码 【1830403】，GSD为【"辽宁-沈阳"】

2023-11-29 16:21:07 开始第 485 次操作

2023-11-29 16:21:07 开始操作号码 【1830404】
2023-11-29 16:21:11 GSD getOne 第 1 次 等待 3 秒
2023-11-29 16:21:14 查询号码 【1830404】，返回信息 {"status":"ok","msg":"辽宁-沈阳","gid":"278304","time_insert":"2021-07-14 23:48"}
2023-11-29 16:21:14 查询号码 【1830404】，GSD为【"辽宁-沈阳"】

2023-11-29 16:21:15 开始第 486 次操作

2023-11-29 16:21:15 开始操作号码 【1830405】
2023-11-29 16:21:18 GSD getOne 第 1 次 等待 3 秒
2023-11-29 16:21:21 查询号码 【1830405】，返回信息 {"status":"ok","msg":"辽宁-沈阳","gid":"278311","time_insert":"2021-07-14 23:49"}
2023-11-29 16:21:21 查询号码 【1830405】，GSD为【"辽宁-沈阳"】

2023-11-29 16:21:22 开始第 487 次操作

2023-11-29 16:21:22 开始操作号码 【1830406】
2023-11-29 16:21:26 GSD getOne 第 1 次 等待 3 秒
2023-11-29 16:21:29 查询号码 【1830406】，返回信息 {"status":"ok","msg":"辽宁-沈阳","gid":"278319","time_insert":"2021-07-14 23:49"}
2023-11-29 16:21:29 查询号码 【1830406】，GSD为【"辽宁-沈阳"】

2023-11-29 16:21:30 开始第 488 次操作

2023-11-29 16:21:30 开始操作号码 【1830407】
2023-11-29 16:21:33 GSD getOne 第 1 次 等待 3 秒
2023-11-29 16:21:36 查询号码 【1830407】，返回信息 {"status":"ok","msg":"辽宁-沈阳","gid":"278324","time_insert":"2021-07-14 23:50"}
2023-11-29 16:21:36 查询号码 【1830407】，GSD为【"辽宁-沈阳"】

2023-11-29 16:38:58 开始第 489 次操作

2023-11-29 16:38:58 开始操作号码 【1830408】
2023-11-29 16:39:07 GSD getOne 第 1 次 等待 3 秒
2023-11-29 16:39:10 查询号码 【1830408】，返回信息 {"status":"ok","msg":"辽宁-沈阳","gid":"278331","time_insert":"2021-07-14 23:50"}
2023-11-29 16:39:10 查询号码 【1830408】，GSD为【"辽宁-沈阳"】

2023-11-29 16:39:11 开始第 490 次操作

2023-11-29 16:39:11 开始操作号码 【1830409】
2023-11-29 16:39:14 GSD getOne 第 1 次 等待 3 秒
2023-11-29 16:39:17 查询号码 【1830409】，返回信息 {"status":"ok","msg":"辽宁-沈阳","gid":"50412","time_insert":"2021-04-21 16:34"}
2023-11-29 16:39:17 查询号码 【1830409】，GSD为【"辽宁-沈阳"】

2023-11-29 16:39:18 开始第 491 次操作

2023-11-29 16:39:18 开始操作号码 【1830410】
2023-11-29 16:39:25 GSD getOne 第 1 次 等待 3 秒
2023-11-29 16:39:28 查询号码 【1830410】，返回信息 {"status":"ok","msg":"辽宁-铁岭","gid":"278338","time_insert":"2021-07-14 23:50"}
2023-11-29 16:39:28 查询号码 【1830410】，GSD为【"辽宁-铁岭"】

2023-11-29 16:39:29 开始第 492 次操作

2023-11-29 16:39:29 开始操作号码 【1830411】
2023-11-29 16:39:34 GSD getOne 第 1 次 等待 3 秒
2023-11-29 16:39:37 查询号码 【1830411】，返回信息 {"status":"ok","msg":"辽宁-大连","gid":"278347","time_insert":"2021-07-14 23:51"}
2023-11-29 16:39:37 查询号码 【1830411】，GSD为【"辽宁-大连"】

2023-11-29 17:16:31 开始第 493 次操作

2023-11-29 17:16:31 开始操作号码 【1830412】
2023-11-29 17:16:35 GSD getOne 第 1 次 等待 3 秒
2023-11-29 17:16:38 查询号码 【1830412】，返回信息 {"status":"ok","msg":"辽宁-鞍山","gid":"37006","time_insert":"2020-08-05 10:33","time_update":"2020-08-21 00:23"}
2023-11-29 17:16:38 查询号码 【1830412】，GSD为【"辽宁-鞍山"】

2023-11-29 17:16:39 开始第 494 次操作

2023-11-29 17:16:39 开始操作号码 【1830413】
2023-11-29 17:16:43 GSD getOne 第 1 次 等待 3 秒
2023-11-29 17:16:46 查询号码 【1830413】，返回信息 {"status":"ok","msg":"辽宁-抚顺","gid":"278362","time_insert":"2021-07-14 23:52"}
2023-11-29 17:16:46 查询号码 【1830413】，GSD为【"辽宁-抚顺"】

2023-11-29 17:16:47 开始第 495 次操作

2023-11-29 17:16:47 开始操作号码 【1830414】
2023-11-29 17:16:51 GSD getOne 第 1 次 等待 3 秒
2023-11-29 17:16:54 查询号码 【1830414】，返回信息 {"status":"ok","msg":"辽宁-本溪","gid":"278369","time_insert":"2021-07-14 23:52"}
2023-11-29 17:16:54 查询号码 【1830414】，GSD为【"辽宁-本溪"】

2023-11-29 17:16:55 开始第 496 次操作

2023-11-29 17:16:55 开始操作号码 【1830415】
2023-11-29 17:16:59 GSD getOne 第 1 次 等待 3 秒
2023-11-29 17:17:02 查询号码 【1830415】，返回信息 {"status":"ok","msg":"辽宁-丹东","gid":"278374","time_insert":"2021-07-14 23:52"}
2023-11-29 17:17:02 查询号码 【1830415】，GSD为【"辽宁-丹东"】

2023-11-29 17:37:22 开始第 497 次操作

2023-11-29 17:37:22 开始操作号码 【1830416】
2023-11-29 17:37:26 GSD getOne 第 1 次 等待 3 秒
2023-11-29 17:37:29 查询号码 【1830416】，返回信息 {"status":"ok","msg":"辽宁-锦州","gid":"278387","time_insert":"2021-07-14 23:53"}
2023-11-29 17:37:29 查询号码 【1830416】，GSD为【"辽宁-锦州"】

2023-11-29 17:37:30 开始第 498 次操作

2023-11-29 17:37:30 开始操作号码 【1830417】
2023-11-29 17:37:35 GSD getOne 第 1 次 等待 3 秒
2023-11-29 17:37:38 查询号码 【1830417】，返回信息 {"status":"ok","msg":"辽宁-营口","gid":"278393","time_insert":"2021-07-14 23:54"}
2023-11-29 17:37:38 查询号码 【1830417】，GSD为【"辽宁-营口"】

2023-11-29 17:37:39 开始第 499 次操作

2023-11-29 17:37:39 开始操作号码 【1830418】
2023-11-29 17:37:42 GSD getOne 第 1 次 等待 3 秒
2023-11-29 17:37:45 查询号码 【1830418】，返回信息 {"status":"ok","msg":"辽宁-阜新","gid":"278400","time_insert":"2021-07-14 23:54"}
2023-11-29 17:37:45 查询号码 【1830418】，GSD为【"辽宁-阜新"】

2023-11-29 17:37:46 开始第 500 次操作

2023-11-29 17:37:46 开始操作号码 【1830419】
2023-11-29 17:37:51 GSD getOne 第 1 次 等待 3 秒
2023-11-29 17:37:54 查询号码 【1830419】，返回信息 {"status":"ok","msg":"辽宁-辽阳","gid":"278408","time_insert":"2021-07-14 23:54"}
2023-11-29 17:37:54 查询号码 【1830419】，GSD为【"辽宁-辽阳"】

2023-11-29 18:18:10 开始第 501 次操作

2023-11-29 18:18:10 开始操作号码 【1830420】
2023-11-29 18:18:17 GSD getOne 第 1 次 等待 3 秒
2023-11-29 18:18:20 查询号码 【1830420】，返回信息 {"status":"ok","msg":"辽宁-朝阳","gid":"278414","time_insert":"2021-07-14 23:55"}
2023-11-29 18:18:20 查询号码 【1830420】，GSD为【"辽宁-朝阳"】

2023-11-29 18:18:21 开始第 502 次操作

2023-11-29 18:18:21 开始操作号码 【1830421】
2023-11-29 18:18:26 GSD getOne 第 1 次 等待 3 秒
2023-11-29 18:18:29 查询号码 【1830421】，返回信息 {"status":"ok","msg":"辽宁-朝阳","gid":"37007","time_insert":"2020-08-05 10:34","time_update":"2020-08-21 00:19"}
2023-11-29 18:18:29 查询号码 【1830421】，GSD为【"辽宁-朝阳"】

2023-11-29 18:18:30 开始第 503 次操作

2023-11-29 18:18:30 开始操作号码 【1830422】
2023-11-29 18:18:33 GSD getOne 第 1 次 等待 3 秒
2023-11-29 18:18:36 查询号码 【1830422】，返回信息 {"status":"ok","msg":"辽宁-葫芦岛","gid":"278422","time_insert":"2021-07-14 23:55"}
2023-11-29 18:18:37 查询号码 【1830422】，GSD为【"辽宁-葫芦岛"】

2023-11-29 18:18:38 开始第 504 次操作

2023-11-29 18:18:38 开始操作号码 【1830423】
2023-11-29 18:18:41 GSD getOne 第 1 次 等待 3 秒
2023-11-29 18:18:44 查询号码 【1830423】，返回信息 {"status":"ok","msg":"辽宁-葫芦岛","gid":"278426","time_insert":"2021-07-14 23:56"}
2023-11-29 18:18:44 查询号码 【1830423】，GSD为【"辽宁-葫芦岛"】

2023-11-29 18:38:49 开始第 505 次操作

2023-11-29 18:38:49 开始操作号码 【1830424】
2023-11-29 18:38:53 GSD getOne 第 1 次 等待 3 秒
2023-11-29 18:38:56 查询号码 【1830424】，返回信息 {"status":"ok","msg":"辽宁-葫芦岛","gid":"278434","time_insert":"2021-07-14 23:56"}
2023-11-29 18:38:56 查询号码 【1830424】，GSD为【"辽宁-葫芦岛"】

2023-11-29 18:38:57 开始第 506 次操作

2023-11-29 18:38:57 开始操作号码 【1830425】
2023-11-29 18:39:01 GSD getOne 第 1 次 等待 3 秒
2023-11-29 18:39:04 查询号码 【1830425】，返回信息 {"status":"ok","msg":"辽宁-葫芦岛","gid":"278444","time_insert":"2021-07-14 23:57"}
2023-11-29 18:39:04 查询号码 【1830425】，GSD为【"辽宁-葫芦岛"】

2023-11-29 18:39:05 开始第 507 次操作

2023-11-29 18:39:05 开始操作号码 【1830426】
2023-11-29 18:39:08 GSD getOne 第 1 次 等待 3 秒
2023-11-29 18:39:11 查询号码 【1830426】，返回信息 {"status":"ok","msg":"辽宁-盘锦","gid":"278453","time_insert":"2021-07-14 23:57"}
2023-11-29 18:39:11 查询号码 【1830426】，GSD为【"辽宁-盘锦"】

2023-11-29 18:39:12 开始第 508 次操作

2023-11-29 18:39:12 开始操作号码 【1830427】
2023-11-29 18:39:16 GSD getOne 第 1 次 等待 3 秒
2023-11-29 18:39:19 查询号码 【1830427】，返回信息 {"status":"ok","msg":"辽宁-盘锦","gid":"278458","time_insert":"2021-07-14 23:57"}
2023-11-29 18:39:19 查询号码 【1830427】，GSD为【"辽宁-盘锦"】

2023-11-29 19:13:55 开始第 509 次操作

2023-11-29 19:13:55 开始操作号码 【1830428】
2023-11-29 19:13:59 GSD getOne 第 1 次 等待 3 秒
2023-11-29 19:14:02 查询号码 【1830428】，返回信息 {"status":"ok","msg":"辽宁-盘锦","gid":"278469","time_insert":"2021-07-14 23:58"}
2023-11-29 19:14:02 查询号码 【1830428】，GSD为【"辽宁-盘锦"】

2023-11-29 19:14:03 开始第 510 次操作

2023-11-29 19:14:03 开始操作号码 【1830429】
2023-11-29 19:14:07 GSD getOne 第 1 次 等待 3 秒
2023-11-29 19:14:10 查询号码 【1830429】，返回信息 {"status":"ok","msg":"辽宁-葫芦岛","gid":"278472","time_insert":"2021-07-14 23:58"}
2023-11-29 19:14:10 查询号码 【1830429】，GSD为【"辽宁-葫芦岛"】

2023-11-29 19:14:11 开始第 511 次操作

2023-11-29 19:14:11 开始操作号码 【1830430】
2023-11-29 19:14:15 GSD getOne 第 1 次 等待 3 秒
2023-11-29 19:14:18 查询号码 【1830430】，返回信息 {"status":"ok","msg":"吉林-长春","gid":"278481","time_insert":"2021-07-14 23:59"}
2023-11-29 19:14:18 查询号码 【1830430】，GSD为【"吉林-长春"】

2023-11-29 19:14:19 开始第 512 次操作

2023-11-29 19:14:19 开始操作号码 【1830431】
2023-11-29 19:14:23 GSD getOne 第 1 次 等待 3 秒
2023-11-29 19:14:26 查询号码 【1830431】，返回信息 {"status":"ok","msg":"吉林-长春","gid":"278489","time_insert":"2021-07-14 23:59"}
2023-11-29 19:14:26 查询号码 【1830431】，GSD为【"吉林-长春"】

2023-11-29 19:37:16 开始第 513 次操作

2023-11-29 19:37:16 开始操作号码 【1830432】
2023-11-29 19:37:20 GSD getOne 第 1 次 等待 3 秒
2023-11-29 19:37:23 查询号码 【1830432】，返回信息 {"status":"ok","msg":"吉林-吉林","gid":"278498","time_insert":"2021-07-15 00:00"}
2023-11-29 19:37:23 查询号码 【1830432】，GSD为【"吉林-吉林"】

2023-11-29 19:37:24 开始第 514 次操作

2023-11-29 19:37:24 开始操作号码 【1830433】
2023-11-29 19:37:29 GSD getOne 第 1 次 等待 3 秒
2023-11-29 19:37:32 查询号码 【1830433】，返回信息 {"status":"ok","msg":"吉林-延边","gid":"278501","time_insert":"2021-07-15 00:00"}
2023-11-29 19:37:32 查询号码 【1830433】，GSD为【"吉林-延边"】

2023-11-29 19:37:33 开始第 515 次操作

2023-11-29 19:37:33 开始操作号码 【1830434】
2023-11-29 19:37:37 GSD getOne 第 1 次 等待 3 秒
2023-11-29 19:37:40 查询号码 【1830434】，返回信息 {"status":"ok","msg":"吉林-四平","gid":"278688","time_insert":"2021-07-15 01:02"}
2023-11-29 19:37:40 查询号码 【1830434】，GSD为【"吉林-四平"】

2023-11-29 19:37:41 开始第 516 次操作

2023-11-29 19:37:41 开始操作号码 【1830435】
2023-11-29 19:37:45 GSD getOne 第 1 次 等待 3 秒
2023-11-29 19:37:48 查询号码 【1830435】，返回信息 {"status":"ok","msg":"吉林-通化","gid":"278694","time_insert":"2021-07-15 01:03"}
2023-11-29 19:37:48 查询号码 【1830435】，GSD为【"吉林-通化"】

