2023-12-12 00:23:00 开始第 2669 次操作

2023-12-12 00:23:00 开始操作号码 【1832588】
2023-12-12 00:23:04 GSD getOne 第 1 次 等待 3 秒
2023-12-12 00:23:07 查询号码 【1832588】，返回信息 {"status":"ok","msg":"安徽-阜阳","gid":"298536","time_insert":"2021-07-17 01:16"}
2023-12-12 00:23:07 查询号码 【1832588】，GSD为【"安徽-阜阳"】

2023-12-12 00:23:08 开始第 2670 次操作

2023-12-12 00:23:08 开始操作号码 【1832589】
2023-12-12 00:23:11 GSD getOne 第 1 次 等待 3 秒
2023-12-12 00:23:14 查询号码 【1832589】，返回信息 {"status":"ok","msg":"安徽-阜阳","gid":"298550","time_insert":"2021-07-17 01:17"}
2023-12-12 00:23:14 查询号码 【1832589】，GSD为【"安徽-阜阳"】

2023-12-12 00:23:15 开始第 2671 次操作

2023-12-12 00:23:15 开始操作号码 【1832590】
2023-12-12 00:23:22 GSD getOne 第 1 次 等待 3 秒
2023-12-12 00:23:25 查询号码 【1832590】，返回信息 {"status":"ok","msg":"安徽-阜阳","gid":"298559","time_insert":"2021-07-17 01:18"}
2023-12-12 00:23:25 查询号码 【1832590】，GSD为【"安徽-阜阳"】

2023-12-12 00:23:26 开始第 2672 次操作

2023-12-12 00:23:26 开始操作号码 【1832591】
2023-12-12 00:23:29 GSD getOne 第 1 次 等待 3 秒
2023-12-12 00:23:32 查询号码 【1832591】，返回信息 {"status":"ok","msg":"安徽-阜阳","gid":"298570","time_insert":"2021-07-17 01:18"}
2023-12-12 00:23:33 查询号码 【1832591】，GSD为【"安徽-阜阳"】

2023-12-12 00:42:39 开始第 2673 次操作

2023-12-12 00:42:39 开始操作号码 【1832592】
2023-12-12 00:42:43 GSD getOne 第 1 次 等待 3 秒
2023-12-12 00:42:46 查询号码 【1832592】，返回信息 {"status":"ok","msg":"安徽-阜阳","gid":"298576","time_insert":"2021-07-17 01:19"}
2023-12-12 00:42:46 查询号码 【1832592】，GSD为【"安徽-阜阳"】

2023-12-12 00:42:47 开始第 2674 次操作

2023-12-12 00:42:47 开始操作号码 【1832593】
2023-12-12 00:42:52 GSD getOne 第 1 次 等待 3 秒
2023-12-12 00:42:55 查询号码 【1832593】，返回信息 {"status":"ok","msg":"安徽-阜阳","gid":"298582","time_insert":"2021-07-17 01:20"}
2023-12-12 00:42:55 查询号码 【1832593】，GSD为【"安徽-阜阳"】

2023-12-12 00:42:56 开始第 2675 次操作

2023-12-12 00:42:56 开始操作号码 【1832594】
2023-12-12 00:43:00 GSD getOne 第 1 次 等待 3 秒
2023-12-12 00:43:03 查询号码 【1832594】，返回信息 {"status":"ok","msg":"安徽-阜阳","gid":"298587","time_insert":"2021-07-17 01:20"}
2023-12-12 00:43:03 查询号码 【1832594】，GSD为【"安徽-阜阳"】

2023-12-12 00:43:04 开始第 2676 次操作

2023-12-12 00:43:04 开始操作号码 【1832595】
2023-12-12 00:43:12 GSD getOne 第 1 次 等待 3 秒
2023-12-12 00:43:15 查询号码 【1832595】，返回信息 {"status":"ok","msg":"安徽-阜阳","gid":"298593","time_insert":"2021-07-17 01:21"}
2023-12-12 00:43:15 查询号码 【1832595】，GSD为【"安徽-阜阳"】

