2024-03-01 00:19:06 开始第 6433 次操作

2024-03-01 00:19:06 开始操作号码 【1726352】
2024-03-01 00:19:10 GSD getOne 第 1 次 等待 3 秒
2024-03-01 00:19:13 查询号码 【1726352】，返回信息 {"status":"ok","msg":"山东-聊城","gid":"312285","time_insert":"2021-07-18 07:46","time_update":"2021-09-21 15:56"}
2024-03-01 00:19:13 查询号码 【1726352】，GSD为【"山东-聊城"】

2024-03-01 00:19:15 开始第 6434 次操作

2024-03-01 00:19:15 开始操作号码 【1726353】
2024-03-01 00:19:20 GSD getOne 第 1 次 等待 3 秒
2024-03-01 00:19:23 查询号码 【1726353】，返回信息 {"status":"ok","msg":"山东-聊城","gid":"312295","time_insert":"2021-07-18 07:47","time_update":"2021-09-21 15:57"}
2024-03-01 00:19:23 查询号码 【1726353】，GSD为【"山东-聊城"】

2024-03-01 00:19:24 开始第 6435 次操作

2024-03-01 00:19:24 开始操作号码 【1726354】
2024-03-01 00:19:28 GSD getOne 第 1 次 等待 3 秒
2024-03-01 00:19:31 查询号码 【1726354】，返回信息 {"status":"ok","msg":"山东-聊城","gid":"312309","time_insert":"2021-07-18 07:47","time_update":"2021-09-21 15:58"}
2024-03-01 00:19:32 查询号码 【1726354】，GSD为【"山东-聊城"】

2024-03-01 00:19:33 开始第 6436 次操作

2024-03-01 00:19:33 开始操作号码 【1726355】
2024-03-01 00:19:37 GSD getOne 第 1 次 等待 3 秒
2024-03-01 00:19:40 查询号码 【1726355】，返回信息 {"status":"ok","msg":"山东-临沂","gid":"312318","time_insert":"2021-07-18 07:48","time_update":"2021-09-21 16:00"}
2024-03-01 00:19:40 查询号码 【1726355】，GSD为【"山东-临沂"】

2024-03-01 00:37:10 开始第 6437 次操作

2024-03-01 00:37:10 开始操作号码 【1726356】
2024-03-01 00:37:15 GSD getOne 第 1 次 等待 3 秒
2024-03-01 00:37:19 查询号码 【1726356】，返回信息 {"status":"ok","msg":"山东-聊城","gid":"312331","time_insert":"2021-07-18 07:49","time_update":"2023-05-29 09:34"}
2024-03-01 00:37:19 查询号码 【1726356】，GSD为【"山东-聊城"】

2024-03-01 00:37:20 开始第 6438 次操作

2024-03-01 00:37:20 开始操作号码 【1726357】
2024-03-01 00:37:24 GSD getOne 第 1 次 等待 3 秒
2024-03-01 00:37:27 查询号码 【1726357】，返回信息 {"status":"ok","msg":"山东-聊城","gid":"312346","time_insert":"2021-07-18 07:50","time_update":"2023-05-29 09:34"}
2024-03-01 00:37:27 查询号码 【1726357】，GSD为【"山东-聊城"】

2024-03-01 00:37:28 开始第 6439 次操作

2024-03-01 00:37:28 开始操作号码 【1726358】
2024-03-01 00:37:36 GSD getOne 第 1 次 等待 3 秒
2024-03-01 00:37:39 查询号码 【1726358】，返回信息 {"status":"ok","msg":"山东-聊城","gid":"312361","time_insert":"2021-07-18 07:51","time_update":"2023-05-29 09:34"}
2024-03-01 00:37:39 查询号码 【1726358】，GSD为【"山东-聊城"】

2024-03-01 00:37:40 开始第 6440 次操作

2024-03-01 00:37:40 开始操作号码 【1726359】
2024-03-01 00:37:45 GSD getOne 第 1 次 等待 3 秒
2024-03-01 00:37:48 查询号码 【1726359】，返回信息 {"status":"ok","msg":"山东-聊城","gid":"312371","time_insert":"2021-07-18 07:52","time_update":"2023-05-29 09:34"}
2024-03-01 00:37:48 查询号码 【1726359】，GSD为【"山东-聊城"】

