2024-02-20 00:21:27 开始第 4637 次操作

2024-02-20 00:21:27 开始操作号码 【1724556】
2024-02-20 00:21:32 GSD getOne 第 1 次 等待 3 秒
2024-02-20 00:21:35 查询号码 【1724556】，返回信息 {"status":"ok","msg":"重庆-重庆","gid":"291265","time_insert":"2021-07-16 07:16","time_update":"2021-07-16 08:02"}
2024-02-20 00:21:35 查询号码 【1724556】，GSD为【"重庆-重庆"】

2024-02-20 00:21:36 开始第 4638 次操作

2024-02-20 00:21:36 开始操作号码 【1724557】
2024-02-20 00:21:41 GSD getOne 第 1 次 等待 3 秒
2024-02-20 00:21:44 查询号码 【1724557】，返回信息 {"status":"ok","msg":"重庆-重庆","gid":"291272","time_insert":"2021-07-16 07:17","time_update":"2021-07-16 08:03"}
2024-02-20 00:21:44 查询号码 【1724557】，GSD为【"重庆-重庆"】

2024-02-20 00:21:45 开始第 4639 次操作

2024-02-20 00:21:45 开始操作号码 【1724558】
2024-02-20 00:21:51 GSD getOne 第 1 次 等待 3 秒
2024-02-20 00:21:54 查询号码 【1724558】，返回信息 {"status":"ok","msg":"重庆-重庆","gid":"291278","time_insert":"2021-07-16 07:18","time_update":"2021-07-16 08:04"}
2024-02-20 00:21:54 查询号码 【1724558】，GSD为【"重庆-重庆"】

2024-02-20 00:21:55 开始第 4640 次操作

2024-02-20 00:21:55 开始操作号码 【1724559】
2024-02-20 00:22:00 GSD getOne 第 1 次 等待 3 秒
2024-02-20 00:22:03 查询号码 【1724559】，返回信息 {"status":"ok","msg":"重庆-重庆","gid":"291282","time_insert":"2021-07-16 07:20","time_update":"2021-07-16 08:05"}
2024-02-20 00:22:03 查询号码 【1724559】，GSD为【"重庆-重庆"】

