2024-09-08 00:24:25 开始第 3389 次操作

2024-09-08 00:24:25 开始操作号码 【1393388】
2024-09-08 00:24:34 GSD getOne 第 1 次 等待 3 秒
2024-09-08 00:24:37 查询号码 【1393388】，返回信息 {"status":"ok","msg":"河北-石家庄","gid":"151821","time_insert":"2021-06-29 06:51"}
2024-09-08 00:24:37 查询号码 【1393388】，GSD为【"河北-石家庄"】

2024-09-08 00:24:38 开始第 3390 次操作

2024-09-08 00:24:38 开始操作号码 【1393389】
2024-09-08 00:24:47 GSD getOne 第 1 次 等待 3 秒
2024-09-08 00:24:50 查询号码 【1393389】，返回信息 {"status":"ok","msg":"河北-保定","gid":"151963","time_insert":"2021-06-29 07:12"}
2024-09-08 00:24:50 查询号码 【1393389】，GSD为【"河北-保定"】

2024-09-08 00:24:51 开始第 3391 次操作

2024-09-08 00:24:51 开始操作号码 【1393390】
2024-09-08 00:24:59 GSD getOne 第 1 次 等待 3 秒
2024-09-08 00:25:02 查询号码 【1393390】，返回信息 {"status":"ok","msg":"河北-秦皇岛","gid":"151988","time_insert":"2021-06-29 07:29"}
2024-09-08 00:25:02 查询号码 【1393390】，GSD为【"河北-秦皇岛"】

2024-09-08 00:25:03 开始第 3392 次操作

2024-09-08 00:25:03 开始操作号码 【1393391】
2024-09-08 00:25:11 GSD getOne 第 1 次 等待 3 秒
2024-09-08 00:25:14 查询号码 【1393391】，返回信息 {"status":"ok","msg":"河北-秦皇岛","gid":"152072","time_insert":"2021-06-29 07:47"}
2024-09-08 00:25:14 查询号码 【1393391】，GSD为【"河北-秦皇岛"】

