2024-04-07 00:20:35 开始第 2281 次操作

2024-04-07 00:20:35 开始操作号码 【1612201】
2024-04-07 00:20:43 GSD getOne 第 1 次 等待 3 秒
2024-04-07 00:20:46 查询号码 【1612201】，返回信息 {"status":"ok","msg":"-","gid":"555970","time_insert":"2023-02-26 08:21"}
2024-04-07 00:20:46 查询号码 【1612201】，GSD为【"-"】
2024-04-07 00:20:46 ok && -
2024-04-07 00:20:48 CHB 1612201?1712420446 第 1 次 等待 3 秒
2024-04-07 00:20:51 CHB 1612201?1712420446 第 1 次 获取到号码【1612201】GSD
2024-04-07 00:20:51 未获取到号码【1612201】GSD，可能号码格式错误
2024-04-07 00:20:51 获取到号码【1612201】的GSD为【-】
2024-04-07 00:20:57 GSD insert 第 1 次 等待 3 秒
2024-04-07 00:21:00 {"status":"bad","gid":"555970","msg":"添加失败！号码【1612201(-|-)】已存在！"}
2024-04-07 00:21:00 随机等待 80 秒，约 1 分钟
2024-04-07 00:21:00 下次操作: 2024-04-07 00:22:20

2024-04-07 00:22:20 开始第 2282 次操作

2024-04-07 00:22:20 开始操作号码 【1612202】
2024-04-07 00:22:28 GSD getOne 第 1 次 等待 3 秒
2024-04-07 00:22:31 查询号码 【1612202】，返回信息 {"status":"ok","msg":"-","gid":"555982","time_insert":"2023-02-26 08:34"}
2024-04-07 00:22:31 查询号码 【1612202】，GSD为【"-"】
2024-04-07 00:22:31 ok && -
2024-04-07 00:22:33 CHB 1612202?1712420551 第 1 次 等待 3 秒
2024-04-07 00:22:36 CHB 1612202?1712420551 第 1 次 获取到号码【1612202】GSD
2024-04-07 00:22:36 未获取到号码【1612202】GSD，可能号码格式错误
2024-04-07 00:22:36 获取到号码【1612202】的GSD为【-】
2024-04-07 00:22:41 GSD insert 第 1 次 等待 3 秒
2024-04-07 00:22:44 {"status":"bad","gid":"555982","msg":"添加失败！号码【1612202(-|-)】已存在！"}
2024-04-07 00:22:44 随机等待 185 秒，约 3 分钟
2024-04-07 00:22:44 下次操作: 2024-04-07 00:25:49

2024-04-07 00:25:49 开始第 2283 次操作

2024-04-07 00:25:49 开始操作号码 【1612203】
2024-04-07 00:25:55 GSD getOne 第 1 次 等待 3 秒
2024-04-07 00:25:58 查询号码 【1612203】，返回信息 {"status":"ok","msg":"-","gid":"555995","time_insert":"2023-02-26 08:47"}
2024-04-07 00:25:58 查询号码 【1612203】，GSD为【"-"】
2024-04-07 00:25:58 ok && -
2024-04-07 00:26:01 CHB 1612203?1712420758 第 1 次 等待 3 秒
2024-04-07 00:26:04 CHB 1612203?1712420758 第 1 次 获取到号码【1612203】GSD
2024-04-07 00:26:04 未获取到号码【1612203】GSD，可能号码格式错误
2024-04-07 00:26:04 获取到号码【1612203】的GSD为【-】
2024-04-07 00:26:10 GSD insert 第 1 次 等待 3 秒
2024-04-07 00:26:13 {"status":"bad","gid":"555995","msg":"添加失败！号码【1612203(-|-)】已存在！"}
2024-04-07 00:26:13 随机等待 87 秒，约 1 分钟
2024-04-07 00:26:13 下次操作: 2024-04-07 00:27:40

2024-04-07 00:27:40 开始第 2284 次操作

2024-04-07 00:27:40 开始操作号码 【1612204】
2024-04-07 00:27:45 GSD getOne 第 1 次 等待 3 秒
2024-04-07 00:27:48 查询号码 【1612204】，返回信息 {"status":"ok","msg":"-","gid":"556006","time_insert":"2023-02-26 08:56"}
2024-04-07 00:27:48 查询号码 【1612204】，GSD为【"-"】
2024-04-07 00:27:48 ok && -
2024-04-07 00:27:50 CHB 1612204?1712420868 第 1 次 等待 3 秒
2024-04-07 00:27:53 CHB 1612204?1712420868 第 1 次 获取到号码【1612204】GSD
2024-04-07 00:27:53 未获取到号码【1612204】GSD，可能号码格式错误
2024-04-07 00:27:53 获取到号码【1612204】的GSD为【-】
2024-04-07 00:27:58 GSD insert 第 1 次 等待 3 秒
2024-04-07 00:28:01 {"status":"bad","gid":"556006","msg":"添加失败！号码【1612204(-|-)】已存在！"}

2024-04-07 00:37:42 开始第 2285 次操作

2024-04-07 00:37:42 开始操作号码 【1612205】
2024-04-07 00:37:48 GSD getOne 第 1 次 等待 3 秒
2024-04-07 00:37:51 查询号码 【1612205】，返回信息 {"status":"ok","msg":"-","gid":"556028","time_insert":"2023-02-26 09:15"}
2024-04-07 00:37:51 查询号码 【1612205】，GSD为【"-"】
2024-04-07 00:37:51 ok && -
2024-04-07 00:37:53 CHB 1612205?1712421471 第 1 次 等待 3 秒
2024-04-07 00:37:56 CHB 1612205?1712421471 第 1 次 获取到号码【1612205】GSD
2024-04-07 00:37:56 未获取到号码【1612205】GSD，可能号码格式错误
2024-04-07 00:37:56 获取到号码【1612205】的GSD为【-】
2024-04-07 00:38:05 GSD insert 第 1 次 等待 3 秒
2024-04-07 00:38:08 {"status":"bad","gid":"556028","msg":"添加失败！号码【1612205(-|-)】已存在！"}
2024-04-07 00:38:08 随机等待 157 秒，约 2 分钟
2024-04-07 00:38:08 下次操作: 2024-04-07 00:40:45

2024-04-07 00:40:45 开始第 2286 次操作

2024-04-07 00:40:45 开始操作号码 【1612206】
2024-04-07 00:40:50 GSD getOne 第 1 次 等待 3 秒
2024-04-07 00:40:53 查询号码 【1612206】，返回信息 {"status":"ok","msg":"-","gid":"556042","time_insert":"2023-02-26 09:28"}
2024-04-07 00:40:53 查询号码 【1612206】，GSD为【"-"】
2024-04-07 00:40:53 ok && -
2024-04-07 00:40:55 CHB 1612206?1712421653 第 1 次 等待 3 秒
2024-04-07 00:40:58 CHB 1612206?1712421653 第 1 次 获取到号码【1612206】GSD
2024-04-07 00:40:58 未获取到号码【1612206】GSD，可能号码格式错误
2024-04-07 00:40:58 获取到号码【1612206】的GSD为【-】
2024-04-07 00:41:03 GSD insert 第 1 次 等待 3 秒
2024-04-07 00:41:06 {"status":"bad","gid":"556042","msg":"添加失败！号码【1612206(-|-)】已存在！"}
2024-04-07 00:41:06 随机等待 106 秒，约 1 分钟
2024-04-07 00:41:06 下次操作: 2024-04-07 00:42:52

2024-04-07 00:42:52 开始第 2287 次操作

2024-04-07 00:42:52 开始操作号码 【1612207】
2024-04-07 00:42:56 GSD getOne 第 1 次 等待 3 秒
2024-04-07 00:42:59 查询号码 【1612207】，返回信息 {"status":"ok","msg":"-","gid":"556052","time_insert":"2023-02-26 09:39"}
2024-04-07 00:42:59 查询号码 【1612207】，GSD为【"-"】
2024-04-07 00:42:59 ok && -
2024-04-07 00:43:01 CHB 1612207?1712421779 第 1 次 等待 3 秒
2024-04-07 00:43:04 CHB 1612207?1712421779 第 1 次 获取到号码【1612207】GSD
2024-04-07 00:43:04 未获取到号码【1612207】GSD，可能号码格式错误
2024-04-07 00:43:04 获取到号码【1612207】的GSD为【-】
2024-04-07 00:43:10 GSD insert 第 1 次 等待 3 秒
2024-04-07 00:43:13 {"status":"bad","gid":"556052","msg":"添加失败！号码【1612207(-|-)】已存在！"}
2024-04-07 00:43:13 随机等待 170 秒，约 2 分钟
2024-04-07 00:43:13 下次操作: 2024-04-07 00:46:03

2024-04-07 00:46:03 开始第 2288 次操作

2024-04-07 00:46:03 开始操作号码 【1612208】
2024-04-07 00:46:08 GSD getOne 第 1 次 等待 3 秒
2024-04-07 00:46:11 查询号码 【1612208】，返回信息 {"status":"ok","msg":"-","gid":"556069","time_insert":"2023-02-26 09:51"}
2024-04-07 00:46:11 查询号码 【1612208】，GSD为【"-"】
2024-04-07 00:46:11 ok && -
2024-04-07 00:46:14 CHB 1612208?1712421971 第 1 次 等待 3 秒
2024-04-07 00:46:17 CHB 1612208?1712421971 第 1 次 获取到号码【1612208】GSD
2024-04-07 00:46:17 未获取到号码【1612208】GSD，可能号码格式错误
2024-04-07 00:46:17 获取到号码【1612208】的GSD为【-】
2024-04-07 00:46:22 GSD insert 第 1 次 等待 3 秒
2024-04-07 00:46:25 {"status":"bad","gid":"556069","msg":"添加失败！号码【1612208(-|-)】已存在！"}

