2024-03-19 00:20:41 开始第 9625 次操作

2024-03-19 00:20:41 开始操作号码 【1729544】
2024-03-19 00:20:47 GSD getOne 第 1 次 等待 3 秒
2024-03-19 00:20:50 查询号码 【1729544】，返回信息 {"status":"ok","msg":"宁夏-银川","gid":"352200","time_insert":"2021-07-22 04:51"}
2024-03-19 00:20:51 查询号码 【1729544】，GSD为【"宁夏-银川"】

2024-03-19 00:20:52 开始第 9626 次操作

2024-03-19 00:20:52 开始操作号码 【1729545】
2024-03-19 00:20:56 GSD getOne 第 1 次 等待 3 秒
2024-03-19 00:20:59 查询号码 【1729545】，返回信息 {"status":"ok","msg":"宁夏-银川","gid":"352211","time_insert":"2021-07-22 04:51"}
2024-03-19 00:20:59 查询号码 【1729545】，GSD为【"宁夏-银川"】

2024-03-19 00:21:00 开始第 9627 次操作

2024-03-19 00:21:00 开始操作号码 【1729546】
2024-03-19 00:21:06 GSD getOne 第 1 次 等待 3 秒
2024-03-19 00:21:09 查询号码 【1729546】，返回信息 {"status":"ok","msg":"宁夏-银川","gid":"352216","time_insert":"2021-07-22 04:52"}
2024-03-19 00:21:09 查询号码 【1729546】，GSD为【"宁夏-银川"】

2024-03-19 00:21:10 开始第 9628 次操作

2024-03-19 00:21:10 开始操作号码 【1729547】
2024-03-19 00:21:15 GSD getOne 第 1 次 等待 3 秒
2024-03-19 00:21:18 查询号码 【1729547】，返回信息 {"status":"ok","msg":"宁夏-银川","gid":"352226","time_insert":"2021-07-22 04:52"}
2024-03-19 00:21:18 查询号码 【1729547】，GSD为【"宁夏-银川"】

