2023-11-04 00:20:56 开始第 6629 次操作

2023-11-04 00:20:56 开始操作号码 【1936547】
2023-11-04 00:20:59 GSD getOne 第 1 次 等待 3 秒
2023-11-04 00:21:02 查询号码 【1936547】，返回信息 {"status":"ok","msg":"-","gid":"477220","time_insert":"2021-08-02 08:04"}
2023-11-04 00:21:02 查询号码 【1936547】，GSD为【"-"】
2023-11-04 00:21:02 ok && -
2023-11-04 00:21:04 CHB 1936547?1699028462 第 1 次 等待 3 秒
2023-11-04 00:21:07 CHB 1936547?1699028462 第 1 次 获取到号码【1936547】GSD
2023-11-04 00:21:07 未获取到号码【1936547】GSD，可能号码格式错误
2023-11-04 00:21:07 获取到号码【1936547】的GSD为【-】
2023-11-04 00:21:14 GSD insert 第 1 次 等待 3 秒
2023-11-04 00:21:17 {"status":"bad","gid":"477220","msg":"添加失败！号码【1936547(-|-)】已存在！"}
2023-11-04 00:21:17 随机等待 100 秒，约 1 分钟
2023-11-04 00:21:17 下次操作: 2023-11-04 00:22:57

2023-11-04 00:22:57 开始第 6630 次操作

2023-11-04 00:22:57 开始操作号码 【1936548】
2023-11-04 00:23:01 GSD getOne 第 1 次 等待 3 秒
2023-11-04 00:23:04 查询号码 【1936548】，返回信息 {"status":"ok","msg":"-","gid":"477215","time_insert":"2021-08-02 08:03"}
2023-11-04 00:23:05 查询号码 【1936548】，GSD为【"-"】
2023-11-04 00:23:05 ok && -
2023-11-04 00:23:07 CHB 1936548?1699028585 第 1 次 等待 3 秒
2023-11-04 00:23:10 CHB 1936548?1699028585 第 1 次 获取到号码【1936548】GSD
2023-11-04 00:23:10 未获取到号码【1936548】GSD，可能号码格式错误
2023-11-04 00:23:10 获取到号码【1936548】的GSD为【-】
2023-11-04 00:23:13 GSD insert 第 1 次 等待 3 秒
2023-11-04 00:23:16 {"status":"bad","gid":"477215","msg":"添加失败！号码【1936548(-|-)】已存在！"}
2023-11-04 00:23:16 随机等待 82 秒，约 1 分钟
2023-11-04 00:23:16 下次操作: 2023-11-04 00:24:38

2023-11-04 00:24:38 开始第 6631 次操作

2023-11-04 00:24:38 开始操作号码 【1936549】
2023-11-04 00:24:42 GSD getOne 第 1 次 等待 3 秒
2023-11-04 00:24:45 查询号码 【1936549】，返回信息 {"status":"ok","msg":"-","gid":"477208","time_insert":"2021-08-02 08:02"}
2023-11-04 00:24:45 查询号码 【1936549】，GSD为【"-"】
2023-11-04 00:24:45 ok && -
2023-11-04 00:24:48 CHB 1936549?1699028685 第 1 次 等待 3 秒
2023-11-04 00:24:51 CHB 1936549?1699028685 第 1 次 获取到号码【1936549】GSD
2023-11-04 00:24:51 未获取到号码【1936549】GSD，可能号码格式错误
2023-11-04 00:24:51 获取到号码【1936549】的GSD为【-】
2023-11-04 00:24:54 GSD insert 第 1 次 等待 3 秒
2023-11-04 00:24:57 {"status":"bad","gid":"477208","msg":"添加失败！号码【1936549(-|-)】已存在！"}
2023-11-04 00:24:57 随机等待 230 秒，约 3 分钟
2023-11-04 00:24:57 下次操作: 2023-11-04 00:28:47

2023-11-04 00:28:47 开始第 6632 次操作

2023-11-04 00:28:47 开始操作号码 【1936550】
2023-11-04 00:28:49 GSD getOne 第 1 次 等待 3 秒
2023-11-04 00:28:52 查询号码 【1936550】，返回信息 {"status":"ok","msg":"-","gid":"477198","time_insert":"2021-08-02 08:02"}
2023-11-04 00:28:52 查询号码 【1936550】，GSD为【"-"】
2023-11-04 00:28:52 ok && -
2023-11-04 00:28:54 CHB 1936550?1699028932 第 1 次 等待 3 秒
2023-11-04 00:28:57 CHB 1936550?1699028932 第 1 次 获取到号码【1936550】GSD
2023-11-04 00:28:57 未获取到号码【1936550】GSD，可能号码格式错误
2023-11-04 00:28:57 获取到号码【1936550】的GSD为【-】
2023-11-04 00:29:03 GSD insert 第 1 次 等待 3 秒
2023-11-04 00:29:06 {"status":"bad","gid":"477198","msg":"添加失败！号码【1936550(-|-)】已存在！"}

