2023-10-13 00:40:42 开始第 2809 次操作

2023-10-13 00:40:42 开始操作号码 【1932783】
2023-10-13 00:42:53 GSD getOne 第 1 次 等待 3 秒
2023-10-13 00:45:06 GSD getOne 第 2 次 等待 3 秒
2023-10-13 00:47:19 GSD getOne 第 3 次 等待 3 秒
2023-10-13 00:49:32 GSD getOne 第 4 次 等待 3 秒
2023-10-13 00:51:45 GSD getOne 第 5 次 等待 3 秒
2023-10-13 00:53:58 GSD getOne 第 6 次 等待 3 秒
2023-10-13 00:56:11 GSD getOne 第 7 次 等待 3 秒
2023-10-13 00:58:24 GSD getOne 第 8 次 等待 3 秒
2023-10-13 01:00:38 GSD getOne 第 9 次 等待 3 秒
2023-10-13 01:02:51 GSD getOne 第 10 次 等待 3 秒
2023-10-13 01:02:54 查询号码 【1932783】，返回信息 
2023-10-13 01:02:54 查询失败，3 秒后重新查询
2023-10-13 01:05:08 GSD getOne 第 1 次 等待 3 秒
2023-10-13 01:07:21 GSD getOne 第 2 次 等待 3 秒
2023-10-13 01:09:34 GSD getOne 第 3 次 等待 3 秒
2023-10-13 01:11:47 GSD getOne 第 4 次 等待 3 秒
2023-10-13 01:14:00 GSD getOne 第 5 次 等待 3 秒
2023-10-13 01:16:14 GSD getOne 第 6 次 等待 3 秒
2023-10-13 01:18:27 GSD getOne 第 7 次 等待 3 秒
2023-10-13 01:20:40 GSD getOne 第 8 次 等待 3 秒
2023-10-13 01:22:53 GSD getOne 第 9 次 等待 3 秒
2023-10-13 01:25:06 GSD getOne 第 10 次 等待 3 秒
2023-10-13 01:25:09 查询号码 【1932783】，返回信息 
2023-10-13 01:25:09 查询失败，结束本次操作，期待下次成功~
2023-10-13 01:25:09 随机等待 93 秒，约 1 分钟
2023-10-13 01:25:09 下次操作: 2023-10-13 01:26:42

2023-10-13 01:26:42 开始第 2810 次操作

2023-10-13 01:26:42 开始操作号码 【1932783】
2023-10-13 01:28:53 GSD getOne 第 1 次 等待 3 秒
2023-10-13 01:31:06 GSD getOne 第 2 次 等待 3 秒
2023-10-13 01:33:20 GSD getOne 第 3 次 等待 3 秒
2023-10-13 01:35:33 GSD getOne 第 4 次 等待 3 秒
2023-10-13 01:37:46 GSD getOne 第 5 次 等待 3 秒
2023-10-13 01:39:59 GSD getOne 第 6 次 等待 3 秒
2023-10-13 01:42:12 GSD getOne 第 7 次 等待 3 秒
2023-10-13 01:44:25 GSD getOne 第 8 次 等待 3 秒
2023-10-13 01:46:38 GSD getOne 第 9 次 等待 3 秒
2023-10-13 01:48:51 GSD getOne 第 10 次 等待 3 秒
2023-10-13 01:48:54 查询号码 【1932783】，返回信息 
2023-10-13 01:48:54 查询失败，3 秒后重新查询
2023-10-13 01:51:09 GSD getOne 第 1 次 等待 3 秒
2023-10-13 01:53:22 GSD getOne 第 2 次 等待 3 秒
2023-10-13 01:55:35 GSD getOne 第 3 次 等待 3 秒
2023-10-13 01:57:48 GSD getOne 第 4 次 等待 3 秒
2023-10-13 02:00:01 GSD getOne 第 5 次 等待 3 秒
2023-10-13 02:02:14 GSD getOne 第 6 次 等待 3 秒
2023-10-13 02:04:27 GSD getOne 第 7 次 等待 3 秒
2023-10-13 02:06:40 GSD getOne 第 8 次 等待 3 秒
2023-10-13 02:08:54 GSD getOne 第 9 次 等待 3 秒
2023-10-13 02:11:07 GSD getOne 第 10 次 等待 3 秒
2023-10-13 02:11:10 查询号码 【1932783】，返回信息 
2023-10-13 02:11:10 查询失败，结束本次操作，期待下次成功~
2023-10-13 02:11:10 随机等待 172 秒，约 2 分钟
2023-10-13 02:11:10 下次操作: 2023-10-13 02:14:02

2023-10-13 02:14:02 开始第 2811 次操作

2023-10-13 02:14:02 开始操作号码 【1932783】
2023-10-13 02:16:12 GSD getOne 第 1 次 等待 3 秒
2023-10-13 02:18:25 GSD getOne 第 2 次 等待 3 秒
2023-10-13 02:20:38 GSD getOne 第 3 次 等待 3 秒
2023-10-13 02:22:51 GSD getOne 第 4 次 等待 3 秒
2023-10-13 02:25:04 GSD getOne 第 5 次 等待 3 秒
2023-10-13 02:27:17 GSD getOne 第 6 次 等待 3 秒
2023-10-13 02:29:31 GSD getOne 第 7 次 等待 3 秒
2023-10-13 02:31:44 GSD getOne 第 8 次 等待 3 秒
2023-10-13 02:33:57 GSD getOne 第 9 次 等待 3 秒
2023-10-13 02:36:10 GSD getOne 第 10 次 等待 3 秒
2023-10-13 02:36:13 查询号码 【1932783】，返回信息 
2023-10-13 02:36:13 查询失败，3 秒后重新查询
2023-10-13 02:38:27 GSD getOne 第 1 次 等待 3 秒
2023-10-13 02:40:40 GSD getOne 第 2 次 等待 3 秒
2023-10-13 02:42:53 GSD getOne 第 3 次 等待 3 秒
2023-10-13 02:45:07 GSD getOne 第 4 次 等待 3 秒
2023-10-13 02:47:20 GSD getOne 第 5 次 等待 3 秒
2023-10-13 02:49:33 GSD getOne 第 6 次 等待 3 秒
2023-10-13 02:51:46 GSD getOne 第 7 次 等待 3 秒
2023-10-13 02:53:59 GSD getOne 第 8 次 等待 3 秒
2023-10-13 02:56:12 GSD getOne 第 9 次 等待 3 秒
2023-10-13 02:58:25 GSD getOne 第 10 次 等待 3 秒
2023-10-13 02:58:28 查询号码 【1932783】，返回信息 
2023-10-13 02:58:28 查询失败，结束本次操作，期待下次成功~
2023-10-13 02:58:28 随机等待 129 秒，约 2 分钟
2023-10-13 02:58:28 下次操作: 2023-10-13 03:00:37

2023-10-13 03:00:37 开始第 2812 次操作

2023-10-13 03:00:37 开始操作号码 【1932783】
2023-10-13 03:02:47 GSD getOne 第 1 次 等待 3 秒
2023-10-13 03:05:00 GSD getOne 第 2 次 等待 3 秒
2023-10-13 03:07:14 GSD getOne 第 3 次 等待 3 秒
2023-10-13 03:09:27 GSD getOne 第 4 次 等待 3 秒
2023-10-13 03:11:40 GSD getOne 第 5 次 等待 3 秒
2023-10-13 03:13:53 GSD getOne 第 6 次 等待 3 秒
2023-10-13 03:16:06 GSD getOne 第 7 次 等待 3 秒
2023-10-13 03:18:19 GSD getOne 第 8 次 等待 3 秒
2023-10-13 03:20:32 GSD getOne 第 9 次 等待 3 秒
2023-10-13 03:22:45 GSD getOne 第 10 次 等待 3 秒
2023-10-13 03:22:48 查询号码 【1932783】，返回信息 
2023-10-13 03:22:48 查询失败，3 秒后重新查询
2023-10-13 03:25:03 GSD getOne 第 1 次 等待 3 秒
2023-10-13 03:27:16 GSD getOne 第 2 次 等待 3 秒
2023-10-13 03:29:29 GSD getOne 第 3 次 等待 3 秒
2023-10-13 03:31:42 GSD getOne 第 4 次 等待 3 秒
2023-10-13 03:33:55 GSD getOne 第 5 次 等待 3 秒
2023-10-13 03:36:08 GSD getOne 第 6 次 等待 3 秒
2023-10-13 03:38:21 GSD getOne 第 7 次 等待 3 秒
2023-10-13 03:40:35 GSD getOne 第 8 次 等待 3 秒
2023-10-13 03:42:48 GSD getOne 第 9 次 等待 3 秒
2023-10-13 03:45:01 GSD getOne 第 10 次 等待 3 秒
2023-10-13 03:45:04 查询号码 【1932783】，返回信息 
2023-10-13 03:45:04 查询失败，结束本次操作，期待下次成功~

2023-10-13 04:15:02 开始第 2813 次操作

2023-10-13 04:15:02 开始操作号码 【1932783】
2023-10-13 04:17:12 GSD getOne 第 1 次 等待 3 秒
2023-10-13 04:19:25 GSD getOne 第 2 次 等待 3 秒
2023-10-13 04:21:39 GSD getOne 第 3 次 等待 3 秒
2023-10-13 04:23:52 GSD getOne 第 4 次 等待 3 秒
2023-10-13 04:26:05 GSD getOne 第 5 次 等待 3 秒
2023-10-13 04:28:18 GSD getOne 第 6 次 等待 3 秒
2023-10-13 04:30:31 GSD getOne 第 7 次 等待 3 秒
2023-10-13 04:32:44 GSD getOne 第 8 次 等待 3 秒
2023-10-13 04:34:57 GSD getOne 第 9 次 等待 3 秒
2023-10-13 04:37:10 GSD getOne 第 10 次 等待 3 秒
2023-10-13 04:37:13 查询号码 【1932783】，返回信息 
2023-10-13 04:37:13 查询失败，3 秒后重新查询
2023-10-13 04:39:28 GSD getOne 第 1 次 等待 3 秒
2023-10-13 04:41:41 GSD getOne 第 2 次 等待 3 秒
2023-10-13 04:43:54 GSD getOne 第 3 次 等待 3 秒
2023-10-13 04:46:07 GSD getOne 第 4 次 等待 3 秒
2023-10-13 04:48:20 GSD getOne 第 5 次 等待 3 秒
2023-10-13 04:50:33 GSD getOne 第 6 次 等待 3 秒
2023-10-13 04:52:46 GSD getOne 第 7 次 等待 3 秒
2023-10-13 04:54:59 GSD getOne 第 8 次 等待 3 秒
2023-10-13 04:57:13 GSD getOne 第 9 次 等待 3 秒
2023-10-13 04:59:26 GSD getOne 第 10 次 等待 3 秒
2023-10-13 04:59:29 查询号码 【1932783】，返回信息 
2023-10-13 04:59:29 查询失败，结束本次操作，期待下次成功~
2023-10-13 04:59:29 随机等待 79 秒，约 1 分钟
2023-10-13 04:59:29 下次操作: 2023-10-13 05:00:48

2023-10-13 05:00:48 开始第 2814 次操作

2023-10-13 05:00:48 开始操作号码 【1932783】
2023-10-13 05:02:59 GSD getOne 第 1 次 等待 3 秒
2023-10-13 05:05:12 GSD getOne 第 2 次 等待 3 秒
2023-10-13 05:07:25 GSD getOne 第 3 次 等待 3 秒
2023-10-13 05:09:38 GSD getOne 第 4 次 等待 3 秒
2023-10-13 05:11:51 GSD getOne 第 5 次 等待 3 秒
2023-10-13 05:14:04 GSD getOne 第 6 次 等待 3 秒
2023-10-13 05:16:17 GSD getOne 第 7 次 等待 3 秒
2023-10-13 05:18:31 GSD getOne 第 8 次 等待 3 秒
2023-10-13 05:20:44 GSD getOne 第 9 次 等待 3 秒
2023-10-13 05:22:57 GSD getOne 第 10 次 等待 3 秒
2023-10-13 05:23:00 查询号码 【1932783】，返回信息 
2023-10-13 05:23:00 查询失败，3 秒后重新查询
2023-10-13 05:25:14 GSD getOne 第 1 次 等待 3 秒
2023-10-13 05:27:27 GSD getOne 第 2 次 等待 3 秒
2023-10-13 05:29:40 GSD getOne 第 3 次 等待 3 秒
2023-10-13 05:31:53 GSD getOne 第 4 次 等待 3 秒
2023-10-13 05:34:06 GSD getOne 第 5 次 等待 3 秒
2023-10-13 05:36:20 GSD getOne 第 6 次 等待 3 秒
2023-10-13 05:38:33 GSD getOne 第 7 次 等待 3 秒
2023-10-13 05:40:46 GSD getOne 第 8 次 等待 3 秒
2023-10-13 05:42:59 GSD getOne 第 9 次 等待 3 秒
2023-10-13 05:45:12 GSD getOne 第 10 次 等待 3 秒
2023-10-13 05:45:15 查询号码 【1932783】，返回信息 
2023-10-13 05:45:15 查询失败，结束本次操作，期待下次成功~
2023-10-13 05:45:15 随机等待 188 秒，约 3 分钟
2023-10-13 05:45:15 下次操作: 2023-10-13 05:48:23

2023-10-13 05:48:23 开始第 2815 次操作

2023-10-13 05:48:23 开始操作号码 【1932783】
2023-10-13 05:50:34 GSD getOne 第 1 次 等待 3 秒
2023-10-13 05:52:47 GSD getOne 第 2 次 等待 3 秒
2023-10-13 05:55:00 GSD getOne 第 3 次 等待 3 秒
2023-10-13 05:57:13 GSD getOne 第 4 次 等待 3 秒
2023-10-13 05:59:26 GSD getOne 第 5 次 等待 3 秒
2023-10-13 06:01:39 GSD getOne 第 6 次 等待 3 秒
2023-10-13 06:03:52 GSD getOne 第 7 次 等待 3 秒
2023-10-13 06:06:05 GSD getOne 第 8 次 等待 3 秒
2023-10-13 06:08:19 GSD getOne 第 9 次 等待 3 秒
2023-10-13 06:10:32 GSD getOne 第 10 次 等待 3 秒
2023-10-13 06:10:35 查询号码 【1932783】，返回信息 
2023-10-13 06:10:35 查询失败，3 秒后重新查询
2023-10-13 06:12:49 GSD getOne 第 1 次 等待 3 秒
2023-10-13 06:15:02 GSD getOne 第 2 次 等待 3 秒
2023-10-13 06:17:15 GSD getOne 第 3 次 等待 3 秒
2023-10-13 06:19:28 GSD getOne 第 4 次 等待 3 秒
2023-10-13 06:21:41 GSD getOne 第 5 次 等待 3 秒
2023-10-13 06:23:54 GSD getOne 第 6 次 等待 3 秒
2023-10-13 06:26:08 GSD getOne 第 7 次 等待 3 秒
2023-10-13 06:28:21 GSD getOne 第 8 次 等待 3 秒
2023-10-13 06:30:34 GSD getOne 第 9 次 等待 3 秒
2023-10-13 06:32:47 GSD getOne 第 10 次 等待 3 秒
2023-10-13 06:32:50 查询号码 【1932783】，返回信息 
2023-10-13 06:32:50 查询失败，结束本次操作，期待下次成功~
2023-10-13 06:32:50 随机等待 153 秒，约 2 分钟
2023-10-13 06:32:50 下次操作: 2023-10-13 06:35:23

2023-10-13 06:35:23 开始第 2816 次操作

2023-10-13 06:35:23 开始操作号码 【1932783】
2023-10-13 06:37:34 GSD getOne 第 1 次 等待 3 秒
2023-10-13 06:39:47 GSD getOne 第 2 次 等待 3 秒
2023-10-13 06:42:00 GSD getOne 第 3 次 等待 3 秒
2023-10-13 06:44:13 GSD getOne 第 4 次 等待 3 秒
2023-10-13 06:46:26 GSD getOne 第 5 次 等待 3 秒
2023-10-13 06:48:39 GSD getOne 第 6 次 等待 3 秒
2023-10-13 06:50:52 GSD getOne 第 7 次 等待 3 秒
2023-10-13 06:53:06 GSD getOne 第 8 次 等待 3 秒
2023-10-13 06:55:19 GSD getOne 第 9 次 等待 3 秒
2023-10-13 06:57:32 GSD getOne 第 10 次 等待 3 秒
2023-10-13 06:57:35 查询号码 【1932783】，返回信息 
2023-10-13 06:57:35 查询失败，3 秒后重新查询
2023-10-13 06:59:49 GSD getOne 第 1 次 等待 3 秒
2023-10-13 07:02:02 GSD getOne 第 2 次 等待 3 秒
2023-10-13 07:04:15 GSD getOne 第 3 次 等待 3 秒
2023-10-13 07:06:28 GSD getOne 第 4 次 等待 3 秒
2023-10-13 07:08:41 GSD getOne 第 5 次 等待 3 秒
2023-10-13 07:10:55 GSD getOne 第 6 次 等待 3 秒
2023-10-13 07:13:08 GSD getOne 第 7 次 等待 3 秒
2023-10-13 07:15:21 GSD getOne 第 8 次 等待 3 秒
2023-10-13 07:17:34 GSD getOne 第 9 次 等待 3 秒
2023-10-13 07:19:47 GSD getOne 第 10 次 等待 3 秒
2023-10-13 07:19:50 查询号码 【1932783】，返回信息 
2023-10-13 07:19:50 查询失败，结束本次操作，期待下次成功~

2023-10-13 07:37:27 开始第 2817 次操作

2023-10-13 07:37:27 开始操作号码 【1932783】
2023-10-13 07:39:37 GSD getOne 第 1 次 等待 3 秒
2023-10-13 07:41:50 GSD getOne 第 2 次 等待 3 秒
2023-10-13 07:44:03 GSD getOne 第 3 次 等待 3 秒
2023-10-13 07:46:16 GSD getOne 第 4 次 等待 3 秒
2023-10-13 07:48:30 GSD getOne 第 5 次 等待 3 秒
2023-10-13 07:50:43 GSD getOne 第 6 次 等待 3 秒
2023-10-13 07:52:56 GSD getOne 第 7 次 等待 3 秒
2023-10-13 07:55:09 GSD getOne 第 8 次 等待 3 秒
2023-10-13 07:57:22 GSD getOne 第 9 次 等待 3 秒
2023-10-13 07:59:35 GSD getOne 第 10 次 等待 3 秒
2023-10-13 07:59:38 查询号码 【1932783】，返回信息 
2023-10-13 07:59:38 查询失败，3 秒后重新查询
2023-10-13 08:01:52 GSD getOne 第 1 次 等待 3 秒
2023-10-13 08:04:05 GSD getOne 第 2 次 等待 3 秒
2023-10-13 08:06:19 GSD getOne 第 3 次 等待 3 秒
2023-10-13 08:08:32 GSD getOne 第 4 次 等待 3 秒
2023-10-13 08:10:45 GSD getOne 第 5 次 等待 3 秒
2023-10-13 08:11:10 GSD getOne 第 6 次 等待 3 秒
2023-10-13 08:11:13 查询号码 【1932783】，返回信息 {"status":"ok","msg":"湖北-荆州","gid":"507335","time_insert":"2021-08-13 07:35","time_update":"2023-06-14 17:23"}
2023-10-13 08:11:13 查询号码 【1932783】，GSD为【"湖北-荆州"】

2023-10-13 08:11:14 开始第 2818 次操作

2023-10-13 08:11:14 开始操作号码 【1932784】
2023-10-13 08:11:36 GSD getOne 第 1 次 等待 3 秒
2023-10-13 08:11:39 查询号码 【1932784】，返回信息 {"status":"ok","msg":"湖北-荆州","gid":"507354","time_insert":"2021-08-13 07:49","time_update":"2023-06-14 17:36"}
2023-10-13 08:11:39 查询号码 【1932784】，GSD为【"湖北-荆州"】

2023-10-13 08:11:40 开始第 2819 次操作

2023-10-13 08:11:40 开始操作号码 【1932785】
2023-10-13 08:12:03 GSD getOne 第 1 次 等待 3 秒
2023-10-13 08:12:06 查询号码 【1932785】，返回信息 {"status":"ok","msg":"湖北-荆州","gid":"507376","time_insert":"2021-08-13 08:04","time_update":"2023-06-14 17:39"}
2023-10-13 08:12:06 查询号码 【1932785】，GSD为【"湖北-荆州"】

2023-10-13 08:12:07 开始第 2820 次操作

2023-10-13 08:12:07 开始操作号码 【1932786】
2023-10-13 08:12:29 GSD getOne 第 1 次 等待 3 秒
2023-10-13 08:12:32 查询号码 【1932786】，返回信息 {"status":"ok","msg":"湖北-荆州","gid":"507396","time_insert":"2021-08-13 08:19","time_update":"2023-06-14 17:41"}
2023-10-13 08:12:32 查询号码 【1932786】，GSD为【"湖北-荆州"】

