2024-06-22 00:21:18 开始第 1953 次操作

2024-06-22 00:21:18 开始操作号码 【1501864】
2024-06-22 00:21:35 GSD getOne 第 1 次 等待 3 秒
2024-06-22 00:21:38 查询号码 【1501864】，返回信息 {"status":"ok","msg":"广东-惠州","gid":"102708","time_insert":"2021-06-18 05:54"}
2024-06-22 00:21:38 查询号码 【1501864】，GSD为【"广东-惠州"】

2024-06-22 00:21:39 开始第 1954 次操作

2024-06-22 00:21:39 开始操作号码 【1501865】
2024-06-22 00:21:53 GSD getOne 第 1 次 等待 3 秒
2024-06-22 00:21:56 查询号码 【1501865】，返回信息 {"status":"ok","msg":"广东-惠州","gid":"102735","time_insert":"2021-06-18 06:19"}
2024-06-22 00:21:56 查询号码 【1501865】，GSD为【"广东-惠州"】

2024-06-22 00:21:57 开始第 1955 次操作

2024-06-22 00:21:57 开始操作号码 【1501866】
2024-06-22 00:22:13 GSD getOne 第 1 次 等待 3 秒
2024-06-22 00:22:16 查询号码 【1501866】，返回信息 {"status":"ok","msg":"广东-惠州","gid":"15280","time_insert":"2018-12-06 22:38","time_update":"2020-09-29 09:09"}
2024-06-22 00:22:16 查询号码 【1501866】，GSD为【"广东-惠州"】

2024-06-22 00:22:17 开始第 1956 次操作

2024-06-22 00:22:17 开始操作号码 【1501867】
2024-06-22 00:22:33 GSD getOne 第 1 次 等待 3 秒
2024-06-22 00:22:36 查询号码 【1501867】，返回信息 {"status":"ok","msg":"广东-惠州","gid":"102765","time_insert":"2021-06-18 06:43"}
2024-06-22 00:22:36 查询号码 【1501867】，GSD为【"广东-惠州"】

