2023-11-15 00:17:46 开始第 8573 次操作

2023-11-15 00:17:46 开始操作号码 【1938491】
2023-11-15 00:17:53 GSD getOne 第 1 次 等待 3 秒
2023-11-15 00:17:56 查询号码 【1938491】，返回信息 {"status":"ok","msg":"江苏-徐州","gid":"450951","time_insert":"2021-07-31 01:59"}
2023-11-15 00:17:56 查询号码 【1938491】，GSD为【"江苏-徐州"】

2023-11-15 00:17:57 开始第 8574 次操作

2023-11-15 00:17:57 开始操作号码 【1938492】
2023-11-15 00:18:00 GSD getOne 第 1 次 等待 3 秒
2023-11-15 00:18:03 查询号码 【1938492】，返回信息 {"status":"ok","msg":"江苏-宿迁","gid":"450939","time_insert":"2021-07-31 01:58"}
2023-11-15 00:18:03 查询号码 【1938492】，GSD为【"江苏-宿迁"】

2023-11-15 00:18:04 开始第 8575 次操作

2023-11-15 00:18:04 开始操作号码 【1938493】
2023-11-15 00:18:10 GSD getOne 第 1 次 等待 3 秒
2023-11-15 00:18:13 查询号码 【1938493】，返回信息 {"status":"ok","msg":"江苏-宿迁","gid":"450924","time_insert":"2021-07-31 01:58"}
2023-11-15 00:18:13 查询号码 【1938493】，GSD为【"江苏-宿迁"】

2023-11-15 00:18:14 开始第 8576 次操作

2023-11-15 00:18:14 开始操作号码 【1938494】
2023-11-15 00:18:18 GSD getOne 第 1 次 等待 3 秒
2023-11-15 00:18:21 查询号码 【1938494】，返回信息 {"status":"ok","msg":"江苏-淮安","gid":"450910","time_insert":"2021-07-31 01:57"}
2023-11-15 00:18:21 查询号码 【1938494】，GSD为【"江苏-淮安"】

2023-11-15 00:37:21 开始第 8577 次操作

2023-11-15 00:37:21 开始操作号码 【1938495】
2023-11-15 00:37:28 GSD getOne 第 1 次 等待 3 秒
2023-11-15 00:37:31 查询号码 【1938495】，返回信息 {"status":"ok","msg":"江苏-徐州","gid":"450905","time_insert":"2021-07-31 01:56"}
2023-11-15 00:37:31 查询号码 【1938495】，GSD为【"江苏-徐州"】

2023-11-15 00:37:32 开始第 8578 次操作

2023-11-15 00:37:32 开始操作号码 【1938496】
2023-11-15 00:37:38 GSD getOne 第 1 次 等待 3 秒
2023-11-15 00:37:41 查询号码 【1938496】，返回信息 {"status":"ok","msg":"江苏-徐州","gid":"450895","time_insert":"2021-07-31 01:56"}
2023-11-15 00:37:41 查询号码 【1938496】，GSD为【"江苏-徐州"】

2023-11-15 00:37:42 开始第 8579 次操作

2023-11-15 00:37:42 开始操作号码 【1938497】
2023-11-15 00:37:47 GSD getOne 第 1 次 等待 3 秒
2023-11-15 00:37:50 查询号码 【1938497】，返回信息 {"status":"ok","msg":"江苏-徐州","gid":"450885","time_insert":"2021-07-31 01:55"}
2023-11-15 00:37:50 查询号码 【1938497】，GSD为【"江苏-徐州"】

2023-11-15 00:37:51 开始第 8580 次操作

2023-11-15 00:37:51 开始操作号码 【1938498】
2023-11-15 00:37:54 GSD getOne 第 1 次 等待 3 秒
2023-11-15 00:37:57 查询号码 【1938498】，返回信息 {"status":"ok","msg":"江苏-徐州","gid":"450876","time_insert":"2021-07-31 01:55"}
2023-11-15 00:37:57 查询号码 【1938498】，GSD为【"江苏-徐州"】

