2023-12-14 00:21:15 开始第 3021 次操作

2023-12-14 00:21:15 开始操作号码 【1832940】
2023-12-14 00:21:19 GSD getOne 第 1 次 等待 3 秒
2023-12-14 00:21:22 查询号码 【1832940】，返回信息 {"status":"ok","msg":"陕西-咸阳","gid":"300877","time_insert":"2021-07-17 07:00"}
2023-12-14 00:21:22 查询号码 【1832940】，GSD为【"陕西-咸阳"】

2023-12-14 00:21:23 开始第 3022 次操作

2023-12-14 00:21:23 开始操作号码 【1832941】
2023-12-14 00:21:27 GSD getOne 第 1 次 等待 3 秒
2023-12-14 00:21:30 查询号码 【1832941】，返回信息 {"status":"ok","msg":"陕西-延安","gid":"300882","time_insert":"2021-07-17 07:01"}
2023-12-14 00:21:30 查询号码 【1832941】，GSD为【"陕西-延安"】

2023-12-14 00:21:31 开始第 3023 次操作

2023-12-14 00:21:31 开始操作号码 【1832942】
2023-12-14 00:21:35 GSD getOne 第 1 次 等待 3 秒
2023-12-14 00:21:38 查询号码 【1832942】，返回信息 {"status":"ok","msg":"陕西-榆林","gid":"37659","time_insert":"2015-06-01 16:36","time_update":"2020-12-09 03:53"}
2023-12-14 00:21:38 查询号码 【1832942】，GSD为【"陕西-榆林"】

2023-12-14 00:21:39 开始第 3024 次操作

2023-12-14 00:21:39 开始操作号码 【1832943】
2023-12-14 00:21:43 GSD getOne 第 1 次 等待 3 秒
2023-12-14 00:21:46 查询号码 【1832943】，返回信息 {"status":"ok","msg":"陕西-渭南","gid":"300890","time_insert":"2021-07-17 07:02"}
2023-12-14 00:21:46 查询号码 【1832943】，GSD为【"陕西-渭南"】

