2024-09-23 00:24:11 开始第 5953 次操作

2024-09-23 00:24:11 开始操作号码 【1395952】
2024-09-23 00:24:13 GSD getOne 第 1 次 等待 3 秒
2024-09-23 00:24:16 查询号码 【1395952】，返回信息 {"status":"ok","msg":"福建-莆田","gid":"313864","time_insert":"2021-07-18 11:35"}
2024-09-23 00:24:16 查询号码 【1395952】，GSD为【"福建-莆田"】

2024-09-23 00:24:17 开始第 5954 次操作

2024-09-23 00:24:17 开始操作号码 【1395953】
2024-09-23 00:24:19 GSD getOne 第 1 次 等待 3 秒
2024-09-23 00:24:22 查询号码 【1395953】，返回信息 {"status":"ok","msg":"福建-莆田","gid":"313867","time_insert":"2021-07-18 11:37"}
2024-09-23 00:24:22 查询号码 【1395953】，GSD为【"福建-莆田"】

2024-09-23 00:24:23 开始第 5955 次操作

2024-09-23 00:24:23 开始操作号码 【1395954】
2024-09-23 00:24:25 GSD getOne 第 1 次 等待 3 秒
2024-09-23 00:24:28 查询号码 【1395954】，返回信息 {"status":"ok","msg":"福建-莆田","gid":"313870","time_insert":"2021-07-18 11:38"}
2024-09-23 00:24:29 查询号码 【1395954】，GSD为【"福建-莆田"】

2024-09-23 00:24:30 开始第 5956 次操作

2024-09-23 00:24:30 开始操作号码 【1395955】
2024-09-23 00:24:31 GSD getOne 第 1 次 等待 3 秒
2024-09-23 00:24:34 查询号码 【1395955】，返回信息 {"status":"ok","msg":"福建-莆田","gid":"313875","time_insert":"2021-07-18 11:38"}
2024-09-23 00:24:34 查询号码 【1395955】，GSD为【"福建-莆田"】

2024-09-23 00:42:47 开始第 5957 次操作

2024-09-23 00:42:47 开始操作号码 【1395956】
2024-09-23 00:42:49 GSD getOne 第 1 次 等待 3 秒
2024-09-23 00:42:52 查询号码 【1395956】，返回信息 {"status":"ok","msg":"福建-莆田","gid":"313880","time_insert":"2021-07-18 11:39"}
2024-09-23 00:42:52 查询号码 【1395956】，GSD为【"福建-莆田"】

2024-09-23 00:42:53 开始第 5958 次操作

2024-09-23 00:42:53 开始操作号码 【1395957】
2024-09-23 00:42:55 GSD getOne 第 1 次 等待 3 秒
2024-09-23 00:42:58 查询号码 【1395957】，返回信息 {"status":"ok","msg":"福建-莆田","gid":"313884","time_insert":"2021-07-18 11:41"}
2024-09-23 00:42:58 查询号码 【1395957】，GSD为【"福建-莆田"】

2024-09-23 00:42:59 开始第 5959 次操作

2024-09-23 00:42:59 开始操作号码 【1395958】
2024-09-23 00:43:01 GSD getOne 第 1 次 等待 3 秒
2024-09-23 00:43:04 查询号码 【1395958】，返回信息 {"status":"ok","msg":"福建-莆田","gid":"313887","time_insert":"2021-07-18 11:41"}
2024-09-23 00:43:04 查询号码 【1395958】，GSD为【"福建-莆田"】

2024-09-23 00:43:05 开始第 5960 次操作

2024-09-23 00:43:05 开始操作号码 【1395959】
2024-09-23 00:43:07 GSD getOne 第 1 次 等待 3 秒
2024-09-23 00:43:10 查询号码 【1395959】，返回信息 {"status":"ok","msg":"福建-莆田","gid":"313894","time_insert":"2021-07-18 11:42"}
2024-09-23 00:43:10 查询号码 【1395959】，GSD为【"福建-莆田"】

