2024-09-21 00:26:29 开始第 5613 次操作

2024-09-21 00:26:29 开始操作号码 【1395612】
2024-09-21 00:26:31 GSD getOne 第 1 次 等待 3 秒
2024-09-21 00:26:34 查询号码 【1395612】，返回信息 {"status":"ok","msg":"安徽-六安","gid":"308430","time_insert":"2021-07-17 23:54"}
2024-09-21 00:26:34 查询号码 【1395612】，GSD为【"安徽-六安"】

2024-09-21 00:26:35 开始第 5614 次操作

2024-09-21 00:26:35 开始操作号码 【1395613】
2024-09-21 00:26:37 GSD getOne 第 1 次 等待 3 秒
2024-09-21 00:26:40 查询号码 【1395613】，返回信息 {"status":"ok","msg":"安徽-六安","gid":"308478","time_insert":"2021-07-17 23:57","time_update":"2021-07-18 00:58"}
2024-09-21 00:26:40 查询号码 【1395613】，GSD为【"安徽-六安"】

2024-09-21 00:26:41 开始第 5615 次操作

2024-09-21 00:26:41 开始操作号码 【1395614】
2024-09-21 00:26:44 GSD getOne 第 1 次 等待 3 秒
2024-09-21 00:26:47 查询号码 【1395614】，返回信息 {"status":"ok","msg":"安徽-六安","gid":"308546","time_insert":"2021-07-18 00:02"}
2024-09-21 00:26:47 查询号码 【1395614】，GSD为【"安徽-六安"】

2024-09-21 00:26:48 开始第 5616 次操作

2024-09-21 00:26:48 开始操作号码 【1395615】
2024-09-21 00:26:50 GSD getOne 第 1 次 等待 3 秒
2024-09-21 00:26:53 查询号码 【1395615】，返回信息 {"status":"ok","msg":"安徽-芜湖","gid":"308603","time_insert":"2021-07-18 00:06"}
2024-09-21 00:26:53 查询号码 【1395615】，GSD为【"安徽-芜湖"】

2024-09-21 00:45:06 开始第 5617 次操作

2024-09-21 00:45:06 开始操作号码 【1395616】
2024-09-21 00:45:09 GSD getOne 第 1 次 等待 3 秒
2024-09-21 00:45:12 查询号码 【1395616】，返回信息 {"status":"ok","msg":"安徽-芜湖","gid":"308656","time_insert":"2021-07-18 00:10"}
2024-09-21 00:45:12 查询号码 【1395616】，GSD为【"安徽-芜湖"】

2024-09-21 00:45:13 开始第 5618 次操作

2024-09-21 00:45:13 开始操作号码 【1395617】
2024-09-21 00:45:16 GSD getOne 第 1 次 等待 3 秒
2024-09-21 00:45:19 查询号码 【1395617】，返回信息 {"status":"ok","msg":"安徽-芜湖","gid":"308696","time_insert":"2021-07-18 00:13"}
2024-09-21 00:45:19 查询号码 【1395617】，GSD为【"安徽-芜湖"】

2024-09-21 00:45:20 开始第 5619 次操作

2024-09-21 00:45:20 开始操作号码 【1395618】
2024-09-21 00:45:22 GSD getOne 第 1 次 等待 3 秒
2024-09-21 00:45:25 查询号码 【1395618】，返回信息 {"status":"ok","msg":"安徽-芜湖","gid":"308727","time_insert":"2021-07-18 00:18"}
2024-09-21 00:45:25 查询号码 【1395618】，GSD为【"安徽-芜湖"】

2024-09-21 00:45:26 开始第 5620 次操作

2024-09-21 00:45:26 开始操作号码 【1395619】
2024-09-21 00:45:28 GSD getOne 第 1 次 等待 3 秒
2024-09-21 00:45:31 查询号码 【1395619】，返回信息 {"status":"ok","msg":"安徽-芜湖","gid":"308740","time_insert":"2021-07-18 00:23"}
2024-09-21 00:45:32 查询号码 【1395619】，GSD为【"安徽-芜湖"】

