2024-07-04 00:23:17 开始第 4065 次操作

2024-07-04 00:23:17 开始操作号码 【1503974】
2024-07-04 00:23:26 GSD getOne 第 1 次 等待 3 秒
2024-07-04 00:23:29 查询号码 【1503974】，返回信息 {"status":"ok","msg":"河南-信阳","gid":"230587","time_insert":"2021-07-09 11:59"}
2024-07-04 00:23:29 查询号码 【1503974】，GSD为【"河南-信阳"】

2024-07-04 00:23:30 开始第 4066 次操作

2024-07-04 00:23:30 开始操作号码 【1503975】
2024-07-04 00:23:42 GSD getOne 第 1 次 等待 3 秒
2024-07-04 00:23:45 查询号码 【1503975】，返回信息 {"status":"ok","msg":"河南-信阳","gid":"54016","time_insert":"2020-10-27 10:31"}
2024-07-04 00:23:45 查询号码 【1503975】，GSD为【"河南-信阳"】

2024-07-04 00:23:46 开始第 4067 次操作

2024-07-04 00:23:46 开始操作号码 【1503976】
2024-07-04 00:23:55 GSD getOne 第 1 次 等待 3 秒
2024-07-04 00:23:58 查询号码 【1503976】，返回信息 {"status":"ok","msg":"河南-信阳","gid":"230716","time_insert":"2021-07-09 12:14"}
2024-07-04 00:23:59 查询号码 【1503976】，GSD为【"河南-信阳"】

2024-07-04 00:24:00 开始第 4068 次操作

2024-07-04 00:24:00 开始操作号码 【1503977】
2024-07-04 00:24:20 GSD getOne 第 1 次 等待 3 秒
2024-07-04 00:24:23 查询号码 【1503977】，返回信息 {"status":"ok","msg":"河南-信阳","gid":"230733","time_insert":"2021-07-09 12:25"}
2024-07-04 00:24:23 查询号码 【1503977】，GSD为【"河南-信阳"】

