2024-10-06 00:25:18 开始第 8125 次操作

2024-10-06 00:25:18 开始操作号码 【1398124】
2024-10-06 00:25:23 GSD getOne 第 1 次 等待 3 秒
2024-10-06 00:25:26 查询号码 【1398124】，返回信息 {"status":"ok","msg":"四川-广元","gid":"13652","time_insert":"2017-04-20 15:10","time_update":"2020-10-16 18:28"}
2024-10-06 00:25:26 查询号码 【1398124】，GSD为【"四川-广元"】

2024-10-06 00:25:27 开始第 8126 次操作

2024-10-06 00:25:27 开始操作号码 【1398125】
2024-10-06 00:25:29 GSD getOne 第 1 次 等待 3 秒
2024-10-06 00:25:32 查询号码 【1398125】，返回信息 {"status":"ok","msg":"四川-广元","gid":"13653","time_insert":"2015-09-20 15:37","time_update":"2020-10-16 18:28"}
2024-10-06 00:25:32 查询号码 【1398125】，GSD为【"四川-广元"】

2024-10-06 00:25:33 开始第 8127 次操作

2024-10-06 00:25:33 开始操作号码 【1398126】
2024-10-06 00:25:35 GSD getOne 第 1 次 等待 3 秒
2024-10-06 00:25:38 查询号码 【1398126】，返回信息 {"status":"ok","msg":"四川-广元","gid":"13654","time_insert":"2015-01-04 10:13","time_update":"2020-10-16 18:33"}
2024-10-06 00:25:38 查询号码 【1398126】，GSD为【"四川-广元"】

2024-10-06 00:25:40 开始第 8128 次操作

2024-10-06 00:25:40 开始操作号码 【1398127】
2024-10-06 00:25:41 GSD getOne 第 1 次 等待 3 秒
2024-10-06 00:25:44 查询号码 【1398127】，返回信息 {"status":"ok","msg":"四川-广元","gid":"13655","time_insert":"2015-08-15 12:05","time_update":"2020-10-16 18:36"}
2024-10-06 00:25:44 查询号码 【1398127】，GSD为【"四川-广元"】

2024-10-06 00:43:21 开始第 8129 次操作

2024-10-06 00:43:21 开始操作号码 【1398128】
2024-10-06 00:43:23 GSD getOne 第 1 次 等待 3 秒
2024-10-06 00:43:26 查询号码 【1398128】，返回信息 {"status":"ok","msg":"四川-广元","gid":"13656","time_insert":"2016-02-13 23:38","time_update":"2020-10-16 18:39"}
2024-10-06 00:43:26 查询号码 【1398128】，GSD为【"四川-广元"】

2024-10-06 00:43:27 开始第 8130 次操作

2024-10-06 00:43:27 开始操作号码 【1398129】
2024-10-06 00:43:28 GSD getOne 第 1 次 等待 3 秒
2024-10-06 00:43:31 查询号码 【1398129】，返回信息 {"status":"ok","msg":"四川-广元","gid":"13657","time_insert":"2015-07-14 17:22","time_update":"2020-10-16 18:44"}
2024-10-06 00:43:31 查询号码 【1398129】，GSD为【"四川-广元"】

2024-10-06 00:43:32 开始第 8131 次操作

2024-10-06 00:43:32 开始操作号码 【1398130】
2024-10-06 00:43:34 GSD getOne 第 1 次 等待 3 秒
2024-10-06 00:43:37 查询号码 【1398130】，返回信息 {"status":"ok","msg":"四川-乐山","gid":"13658","time_insert":"2017-04-15 20:55","time_update":"2020-10-16 18:48"}
2024-10-06 00:43:37 查询号码 【1398130】，GSD为【"四川-乐山"】

2024-10-06 00:43:38 开始第 8132 次操作

2024-10-06 00:43:38 开始操作号码 【1398131】
2024-10-06 00:43:39 GSD getOne 第 1 次 等待 3 秒
2024-10-06 00:43:42 查询号码 【1398131】，返回信息 {"status":"ok","msg":"四川-乐山","gid":"13659","time_insert":"2018-09-20 18:48","time_update":"2020-10-16 18:51"}
2024-10-06 00:43:42 查询号码 【1398131】，GSD为【"四川-乐山"】

