2024-02-01 00:18:55 开始第 1217 次操作

2024-02-01 00:18:55 开始操作号码 【1721136】
2024-02-01 00:19:01 GSD getOne 第 1 次 等待 3 秒
2024-02-01 00:19:04 查询号码 【1721136】，返回信息 {"status":"ok","msg":"江苏-南京","gid":"248612","time_insert":"2021-07-11 14:18"}
2024-02-01 00:19:04 查询号码 【1721136】，GSD为【"江苏-南京"】

2024-02-01 00:19:05 开始第 1218 次操作

2024-02-01 00:19:05 开始操作号码 【1721137】
2024-02-01 00:19:09 GSD getOne 第 1 次 等待 3 秒
2024-02-01 00:19:12 查询号码 【1721137】，返回信息 {"status":"ok","msg":"江苏-南京","gid":"248613","time_insert":"2021-07-11 14:18"}
2024-02-01 00:19:12 查询号码 【1721137】，GSD为【"江苏-南京"】

2024-02-01 00:19:13 开始第 1219 次操作

2024-02-01 00:19:13 开始操作号码 【1721138】
2024-02-01 00:19:18 GSD getOne 第 1 次 等待 3 秒
2024-02-01 00:19:21 查询号码 【1721138】，返回信息 {"status":"ok","msg":"江苏-南京","gid":"248623","time_insert":"2021-07-11 14:24"}
2024-02-01 00:19:21 查询号码 【1721138】，GSD为【"江苏-南京"】

2024-02-01 00:19:22 开始第 1220 次操作

2024-02-01 00:19:22 开始操作号码 【1721139】
2024-02-01 00:19:27 GSD getOne 第 1 次 等待 3 秒
2024-02-01 00:19:30 查询号码 【1721139】，返回信息 {"status":"ok","msg":"江苏-南京","gid":"248625","time_insert":"2021-07-11 14:25"}
2024-02-01 00:19:30 查询号码 【1721139】，GSD为【"江苏-南京"】

2024-02-01 00:37:30 开始第 1221 次操作

2024-02-01 00:37:30 开始操作号码 【1721140】
2024-02-01 00:37:36 GSD getOne 第 1 次 等待 3 秒
2024-02-01 00:37:39 查询号码 【1721140】，返回信息 {"status":"ok","msg":"江苏-南京","gid":"248631","time_insert":"2021-07-11 14:25"}
2024-02-01 00:37:39 查询号码 【1721140】，GSD为【"江苏-南京"】

2024-02-01 00:37:40 开始第 1222 次操作

2024-02-01 00:37:40 开始操作号码 【1721141】
2024-02-01 00:37:45 GSD getOne 第 1 次 等待 3 秒
2024-02-01 00:37:48 查询号码 【1721141】，返回信息 {"status":"ok","msg":"江苏-南京","gid":"248633","time_insert":"2021-07-11 14:26"}
2024-02-01 00:37:48 查询号码 【1721141】，GSD为【"江苏-南京"】

2024-02-01 00:37:49 开始第 1223 次操作

2024-02-01 00:37:49 开始操作号码 【1721142】
2024-02-01 00:37:53 GSD getOne 第 1 次 等待 3 秒
2024-02-01 00:37:56 查询号码 【1721142】，返回信息 {"status":"ok","msg":"江苏-南京","gid":"248635","time_insert":"2021-07-11 14:26"}
2024-02-01 00:37:56 查询号码 【1721142】，GSD为【"江苏-南京"】

2024-02-01 00:37:57 开始第 1224 次操作

2024-02-01 00:37:57 开始操作号码 【1721143】
2024-02-01 00:38:01 GSD getOne 第 1 次 等待 3 秒
2024-02-01 00:38:04 查询号码 【1721143】，返回信息 {"status":"ok","msg":"江苏-南京","gid":"248637","time_insert":"2021-07-11 14:27"}
2024-02-01 00:38:04 查询号码 【1721143】，GSD为【"江苏-南京"】

2024-02-01 01:12:53 开始第 1225 次操作

2024-02-01 01:12:53 开始操作号码 【1721144】
2024-02-01 01:12:58 GSD getOne 第 1 次 等待 3 秒
2024-02-01 01:13:01 查询号码 【1721144】，返回信息 {"status":"ok","msg":"江苏-南京","gid":"248639","time_insert":"2021-07-11 14:28"}
2024-02-01 01:13:01 查询号码 【1721144】，GSD为【"江苏-南京"】

2024-02-01 01:13:02 开始第 1226 次操作

2024-02-01 01:13:02 开始操作号码 【1721145】
2024-02-01 01:13:06 GSD getOne 第 1 次 等待 3 秒
2024-02-01 01:13:09 查询号码 【1721145】，返回信息 {"status":"ok","msg":"江苏-南京","gid":"248652","time_insert":"2021-07-11 14:33"}
2024-02-01 01:13:09 查询号码 【1721145】，GSD为【"江苏-南京"】

2024-02-01 01:13:10 开始第 1227 次操作

2024-02-01 01:13:10 开始操作号码 【1721146】
2024-02-01 01:13:15 GSD getOne 第 1 次 等待 3 秒
2024-02-01 01:13:18 查询号码 【1721146】，返回信息 {"status":"ok","msg":"江苏-南京","gid":"248653","time_insert":"2021-07-11 14:34"}
2024-02-01 01:13:19 查询号码 【1721146】，GSD为【"江苏-南京"】

2024-02-01 01:13:20 开始第 1228 次操作

2024-02-01 01:13:20 开始操作号码 【1721147】
2024-02-01 01:13:28 GSD getOne 第 1 次 等待 3 秒
2024-02-01 01:13:31 查询号码 【1721147】，返回信息 {"status":"ok","msg":"江苏-南京","gid":"248654","time_insert":"2021-07-11 14:34"}
2024-02-01 01:13:31 查询号码 【1721147】，GSD为【"江苏-南京"】

