2024-06-24 00:20:21 开始第 2305 次操作

2024-06-24 00:20:21 开始操作号码 【1502216】
2024-06-24 00:20:35 GSD getOne 第 1 次 等待 3 秒
2024-06-24 00:20:38 查询号码 【1502216】，返回信息 {"status":"ok","msg":"天津-天津","gid":"115313","time_insert":"2021-06-22 22:54"}
2024-06-24 00:20:39 查询号码 【1502216】，GSD为【"天津-天津"】

2024-06-24 00:20:40 开始第 2306 次操作

2024-06-24 00:20:40 开始操作号码 【1502217】
2024-06-24 00:20:54 GSD getOne 第 1 次 等待 3 秒
2024-06-24 00:20:57 查询号码 【1502217】，返回信息 {"status":"ok","msg":"天津-天津","gid":"115396","time_insert":"2021-06-22 23:10"}
2024-06-24 00:20:58 查询号码 【1502217】，GSD为【"天津-天津"】

2024-06-24 00:20:59 开始第 2307 次操作

2024-06-24 00:20:59 开始操作号码 【1502218】
2024-06-24 00:21:19 GSD getOne 第 1 次 等待 3 秒
2024-06-24 00:21:22 查询号码 【1502218】，返回信息 {"status":"ok","msg":"天津-天津","gid":"115434","time_insert":"2021-06-22 23:25"}
2024-06-24 00:21:22 查询号码 【1502218】，GSD为【"天津-天津"】

2024-06-24 00:21:23 开始第 2308 次操作

2024-06-24 00:21:23 开始操作号码 【1502219】
2024-06-24 00:22:02 GSD getOne 第 1 次 等待 3 秒
2024-06-24 00:22:05 查询号码 【1502219】，返回信息 {"status":"ok","msg":"天津-天津","gid":"115465","time_insert":"2021-06-22 23:48"}
2024-06-24 00:22:05 查询号码 【1502219】，GSD为【"天津-天津"】

2024-06-24 00:38:38 开始第 2309 次操作

2024-06-24 00:38:38 开始操作号码 【1502220】
2024-06-24 00:38:53 GSD getOne 第 1 次 等待 3 秒
2024-06-24 00:38:56 查询号码 【1502220】，返回信息 {"status":"ok","msg":"天津-天津","gid":"115550","time_insert":"2021-06-23 00:10"}
2024-06-24 00:38:56 查询号码 【1502220】，GSD为【"天津-天津"】

2024-06-24 00:38:57 开始第 2310 次操作

2024-06-24 00:38:57 开始操作号码 【1502221】
2024-06-24 00:39:13 GSD getOne 第 1 次 等待 3 秒
2024-06-24 00:39:16 查询号码 【1502221】，返回信息 {"status":"ok","msg":"天津-天津","gid":"115632","time_insert":"2021-06-23 00:26"}
2024-06-24 00:39:17 查询号码 【1502221】，GSD为【"天津-天津"】

2024-06-24 00:39:18 开始第 2311 次操作

2024-06-24 00:39:18 开始操作号码 【1502222】
2024-06-24 00:39:44 GSD getOne 第 1 次 等待 3 秒
2024-06-24 00:39:47 查询号码 【1502222】，返回信息 {"status":"ok","msg":"天津-天津","gid":"15315","time_insert":"2017-07-04 23:03","time_update":"2020-12-28 17:29"}
2024-06-24 00:39:47 查询号码 【1502222】，GSD为【"天津-天津"】

2024-06-24 00:39:48 开始第 2312 次操作

2024-06-24 00:39:48 开始操作号码 【1502223】
2024-06-24 00:40:57 GSD getOne 第 1 次 等待 3 秒
2024-06-24 00:41:00 查询号码 【1502223】，返回信息 {"status":"ok","msg":"天津-天津","gid":"115681","time_insert":"2021-06-23 00:52"}
2024-06-24 00:41:00 查询号码 【1502223】，GSD为【"天津-天津"】

2024-06-24 01:14:59 开始第 2313 次操作

2024-06-24 01:14:59 开始操作号码 【1502224】
2024-06-24 01:15:16 GSD getOne 第 1 次 等待 3 秒
2024-06-24 01:15:19 查询号码 【1502224】，返回信息 {"status":"ok","msg":"天津-天津","gid":"115714","time_insert":"2021-06-23 01:16"}
2024-06-24 01:15:19 查询号码 【1502224】，GSD为【"天津-天津"】

2024-06-24 01:15:20 开始第 2314 次操作

2024-06-24 01:15:20 开始操作号码 【1502225】
2024-06-24 01:15:40 GSD getOne 第 1 次 等待 3 秒
2024-06-24 01:15:43 查询号码 【1502225】，返回信息 {"status":"ok","msg":"天津-天津","gid":"115742","time_insert":"2021-06-23 01:36"}
2024-06-24 01:15:43 查询号码 【1502225】，GSD为【"天津-天津"】

2024-06-24 01:15:44 开始第 2315 次操作

2024-06-24 01:15:44 开始操作号码 【1502226】
2024-06-24 01:16:04 GSD getOne 第 1 次 等待 3 秒
2024-06-24 01:16:07 查询号码 【1502226】，返回信息 {"status":"ok","msg":"天津-天津","gid":"115832","time_insert":"2021-06-23 01:59"}
2024-06-24 01:16:07 查询号码 【1502226】，GSD为【"天津-天津"】

2024-06-24 01:16:08 开始第 2316 次操作

2024-06-24 01:16:08 开始操作号码 【1502227】
2024-06-24 01:16:33 GSD getOne 第 1 次 等待 3 秒
2024-06-24 01:16:36 查询号码 【1502227】，返回信息 {"status":"ok","msg":"天津-天津","gid":"115924","time_insert":"2021-06-23 02:21"}
2024-06-24 01:16:36 查询号码 【1502227】，GSD为【"天津-天津"】

2024-06-24 01:37:03 开始第 2317 次操作

2024-06-24 01:37:03 开始操作号码 【1502228】
2024-06-24 01:37:25 GSD getOne 第 1 次 等待 3 秒
2024-06-24 01:37:28 查询号码 【1502228】，返回信息 {"status":"ok","msg":"天津-天津","gid":"115960","time_insert":"2021-06-23 02:43"}
2024-06-24 01:37:28 查询号码 【1502228】，GSD为【"天津-天津"】

2024-06-24 01:37:30 开始第 2318 次操作

2024-06-24 01:37:30 开始操作号码 【1502229】
2024-06-24 01:37:46 GSD getOne 第 1 次 等待 3 秒
2024-06-24 01:37:49 查询号码 【1502229】，返回信息 {"status":"ok","msg":"天津-天津","gid":"116015","time_insert":"2021-06-23 03:06"}
2024-06-24 01:37:49 查询号码 【1502229】，GSD为【"天津-天津"】

2024-06-24 01:37:50 开始第 2319 次操作

2024-06-24 01:37:50 开始操作号码 【1502230】
2024-06-24 01:38:14 GSD getOne 第 1 次 等待 3 秒
2024-06-24 01:38:17 查询号码 【1502230】，返回信息 {"status":"ok","msg":"天津-天津","gid":"116112","time_insert":"2021-06-23 03:25"}
2024-06-24 01:38:17 查询号码 【1502230】，GSD为【"天津-天津"】

2024-06-24 01:38:18 开始第 2320 次操作

2024-06-24 01:38:18 开始操作号码 【1502231】
2024-06-24 01:38:42 GSD getOne 第 1 次 等待 3 秒
2024-06-24 01:38:45 查询号码 【1502231】，返回信息 {"status":"ok","msg":"天津-天津","gid":"116208","time_insert":"2021-06-23 03:48"}
2024-06-24 01:38:45 查询号码 【1502231】，GSD为【"天津-天津"】

2024-06-24 02:21:52 开始第 2321 次操作

2024-06-24 02:21:52 开始操作号码 【1502232】
2024-06-24 02:22:06 GSD getOne 第 1 次 等待 3 秒
2024-06-24 02:22:09 查询号码 【1502232】，返回信息 {"status":"ok","msg":"天津-天津","gid":"116306","time_insert":"2021-06-23 04:09"}
2024-06-24 02:22:10 查询号码 【1502232】，GSD为【"天津-天津"】

2024-06-24 02:22:11 开始第 2322 次操作

2024-06-24 02:22:11 开始操作号码 【1502233】
2024-06-24 02:22:25 GSD getOne 第 1 次 等待 3 秒
2024-06-24 02:22:28 查询号码 【1502233】，返回信息 {"status":"ok","msg":"天津-天津","gid":"116335","time_insert":"2021-06-23 04:28"}
2024-06-24 02:22:28 查询号码 【1502233】，GSD为【"天津-天津"】

2024-06-24 02:22:29 开始第 2323 次操作

2024-06-24 02:22:29 开始操作号码 【1502234】
2024-06-24 02:22:45 GSD getOne 第 1 次 等待 3 秒
2024-06-24 02:22:48 查询号码 【1502234】，返回信息 {"status":"ok","msg":"天津-天津","gid":"116362","time_insert":"2021-06-23 04:46"}
2024-06-24 02:22:48 查询号码 【1502234】，GSD为【"天津-天津"】

2024-06-24 02:22:49 开始第 2324 次操作

2024-06-24 02:22:49 开始操作号码 【1502235】
2024-06-24 02:23:05 GSD getOne 第 1 次 等待 3 秒
2024-06-24 02:23:08 查询号码 【1502235】，返回信息 {"status":"ok","msg":"天津-天津","gid":"116511","time_insert":"2021-06-23 05:09"}
2024-06-24 02:23:08 查询号码 【1502235】，GSD为【"天津-天津"】

2024-06-24 02:38:01 开始第 2325 次操作

2024-06-24 02:38:01 开始操作号码 【1502236】
2024-06-24 02:38:45 GSD getOne 第 1 次 等待 3 秒
2024-06-24 02:38:48 查询号码 【1502236】，返回信息 {"status":"ok","msg":"天津-天津","gid":"116543","time_insert":"2021-06-23 05:31"}
2024-06-24 02:38:48 查询号码 【1502236】，GSD为【"天津-天津"】

2024-06-24 02:38:49 开始第 2326 次操作

2024-06-24 02:38:49 开始操作号码 【1502237】
2024-06-24 02:39:18 GSD getOne 第 1 次 等待 3 秒
2024-06-24 02:39:21 查询号码 【1502237】，返回信息 {"status":"ok","msg":"天津-天津","gid":"116569","time_insert":"2021-06-23 05:46"}
2024-06-24 02:39:21 查询号码 【1502237】，GSD为【"天津-天津"】

2024-06-24 02:39:22 开始第 2327 次操作

2024-06-24 02:39:22 开始操作号码 【1502238】
2024-06-24 02:39:52 GSD getOne 第 1 次 等待 3 秒
2024-06-24 02:39:55 查询号码 【1502238】，返回信息 {"status":"ok","msg":"天津-天津","gid":"116691","time_insert":"2021-06-23 06:02"}
2024-06-24 02:39:55 查询号码 【1502238】，GSD为【"天津-天津"】

2024-06-24 02:39:56 开始第 2328 次操作

2024-06-24 02:39:56 开始操作号码 【1502239】
2024-06-24 02:40:17 GSD getOne 第 1 次 等待 3 秒
2024-06-24 02:40:20 查询号码 【1502239】，返回信息 {"status":"ok","msg":"天津-天津","gid":"116741","time_insert":"2021-06-23 06:22"}
2024-06-24 02:40:20 查询号码 【1502239】，GSD为【"天津-天津"】

2024-06-24 03:15:03 开始第 2329 次操作

2024-06-24 03:15:03 开始操作号码 【1502240】
2024-06-24 03:15:18 GSD getOne 第 1 次 等待 3 秒
2024-06-24 03:15:21 查询号码 【1502240】，返回信息 {"status":"ok","msg":"天津-天津","gid":"116780","time_insert":"2021-06-23 06:46"}
2024-06-24 03:15:21 查询号码 【1502240】，GSD为【"天津-天津"】

2024-06-24 03:15:22 开始第 2330 次操作

2024-06-24 03:15:22 开始操作号码 【1502241】
2024-06-24 03:15:35 GSD getOne 第 1 次 等待 3 秒
2024-06-24 03:15:38 查询号码 【1502241】，返回信息 {"status":"ok","msg":"天津-天津","gid":"116867","time_insert":"2021-06-23 07:01"}
2024-06-24 03:15:38 查询号码 【1502241】，GSD为【"天津-天津"】

2024-06-24 03:15:39 开始第 2331 次操作

2024-06-24 03:15:39 开始操作号码 【1502242】
2024-06-24 03:15:57 GSD getOne 第 1 次 等待 3 秒
2024-06-24 03:16:00 查询号码 【1502242】，返回信息 {"status":"ok","msg":"天津-天津","gid":"116943","time_insert":"2021-06-23 07:26"}
2024-06-24 03:16:00 查询号码 【1502242】，GSD为【"天津-天津"】

2024-06-24 03:16:01 开始第 2332 次操作

2024-06-24 03:16:01 开始操作号码 【1502243】
2024-06-24 03:16:21 GSD getOne 第 1 次 等待 3 秒
2024-06-24 03:16:24 查询号码 【1502243】，返回信息 {"status":"ok","msg":"天津-天津","gid":"117014","time_insert":"2021-06-23 07:49"}
2024-06-24 03:16:24 查询号码 【1502243】，GSD为【"天津-天津"】

2024-06-24 03:37:12 开始第 2333 次操作

2024-06-24 03:37:12 开始操作号码 【1502244】
2024-06-24 03:37:29 GSD getOne 第 1 次 等待 3 秒
2024-06-24 03:37:32 查询号码 【1502244】，返回信息 {"status":"ok","msg":"天津-天津","gid":"117100","time_insert":"2021-06-23 08:06"}
2024-06-24 03:37:32 查询号码 【1502244】，GSD为【"天津-天津"】

2024-06-24 03:37:33 开始第 2334 次操作

2024-06-24 03:37:33 开始操作号码 【1502245】
2024-06-24 03:38:43 GSD getOne 第 1 次 等待 3 秒
2024-06-24 03:38:46 查询号码 【1502245】，返回信息 {"status":"ok","msg":"天津-天津","gid":"117151","time_insert":"2021-06-23 08:24"}
2024-06-24 03:38:46 查询号码 【1502245】，GSD为【"天津-天津"】

2024-06-24 03:38:47 开始第 2335 次操作

2024-06-24 03:38:47 开始操作号码 【1502246】
2024-06-24 03:39:18 GSD getOne 第 1 次 等待 3 秒
2024-06-24 03:39:21 查询号码 【1502246】，返回信息 {"status":"ok","msg":"天津-天津","gid":"117182","time_insert":"2021-06-23 08:42"}
2024-06-24 03:39:21 查询号码 【1502246】，GSD为【"天津-天津"】

2024-06-24 03:39:22 开始第 2336 次操作

2024-06-24 03:39:22 开始操作号码 【1502247】
2024-06-24 03:40:12 GSD getOne 第 1 次 等待 3 秒
2024-06-24 03:40:15 查询号码 【1502247】，返回信息 {"status":"ok","msg":"天津-天津","gid":"117210","time_insert":"2021-06-23 09:02"}
2024-06-24 03:40:15 查询号码 【1502247】，GSD为【"天津-天津"】

2024-06-24 04:17:47 开始第 2337 次操作

2024-06-24 04:17:47 开始操作号码 【1502248】
2024-06-24 04:18:01 GSD getOne 第 1 次 等待 3 秒
2024-06-24 04:18:04 查询号码 【1502248】，返回信息 {"status":"ok","msg":"天津-天津","gid":"117243","time_insert":"2021-06-23 09:23"}
2024-06-24 04:18:04 查询号码 【1502248】，GSD为【"天津-天津"】

2024-06-24 04:18:05 开始第 2338 次操作

2024-06-24 04:18:05 开始操作号码 【1502249】
2024-06-24 04:18:19 GSD getOne 第 1 次 等待 3 秒
2024-06-24 04:18:22 查询号码 【1502249】，返回信息 {"status":"ok","msg":"天津-天津","gid":"117276","time_insert":"2021-06-23 09:47"}
2024-06-24 04:18:22 查询号码 【1502249】，GSD为【"天津-天津"】

2024-06-24 04:18:23 开始第 2339 次操作

2024-06-24 04:18:23 开始操作号码 【1502250】
2024-06-24 04:18:42 GSD getOne 第 1 次 等待 3 秒
2024-06-24 04:18:45 查询号码 【1502250】，返回信息 {"status":"ok","msg":"天津-天津","gid":"117298","time_insert":"2021-06-23 10:05"}
2024-06-24 04:18:45 查询号码 【1502250】，GSD为【"天津-天津"】

2024-06-24 04:18:46 开始第 2340 次操作

2024-06-24 04:18:46 开始操作号码 【1502251】
2024-06-24 04:19:04 GSD getOne 第 1 次 等待 3 秒
2024-06-24 04:19:07 查询号码 【1502251】，返回信息 {"status":"ok","msg":"天津-天津","gid":"117366","time_insert":"2021-06-23 10:25"}
2024-06-24 04:19:07 查询号码 【1502251】，GSD为【"天津-天津"】

2024-06-24 04:37:20 开始第 2341 次操作

2024-06-24 04:37:20 开始操作号码 【1502252】
2024-06-24 04:37:50 GSD getOne 第 1 次 等待 3 秒
2024-06-24 04:37:53 查询号码 【1502252】，返回信息 {"status":"ok","msg":"天津-天津","gid":"117445","time_insert":"2021-06-23 10:40"}
2024-06-24 04:37:53 查询号码 【1502252】，GSD为【"天津-天津"】

2024-06-24 04:37:54 开始第 2342 次操作

2024-06-24 04:37:54 开始操作号码 【1502253】
2024-06-24 04:39:23 GSD getOne 第 1 次 等待 3 秒
2024-06-24 04:39:26 查询号码 【1502253】，返回信息 {"status":"ok","msg":"天津-天津","gid":"117496","time_insert":"2021-06-23 10:57"}
2024-06-24 04:39:26 查询号码 【1502253】，GSD为【"天津-天津"】

2024-06-24 04:39:27 开始第 2343 次操作

2024-06-24 04:39:27 开始操作号码 【1502254】
2024-06-24 04:39:56 GSD getOne 第 1 次 等待 3 秒
2024-06-24 04:39:59 查询号码 【1502254】，返回信息 {"status":"ok","msg":"天津-天津","gid":"117619","time_insert":"2021-06-23 11:18"}
2024-06-24 04:39:59 查询号码 【1502254】，GSD为【"天津-天津"】

2024-06-24 04:40:00 开始第 2344 次操作

2024-06-24 04:40:00 开始操作号码 【1502255】
2024-06-24 04:40:28 GSD getOne 第 1 次 等待 3 秒
2024-06-24 04:40:31 查询号码 【1502255】，返回信息 {"status":"ok","msg":"天津-天津","gid":"117646","time_insert":"2021-06-23 11:38"}
2024-06-24 04:40:31 查询号码 【1502255】，GSD为【"天津-天津"】

2024-06-24 05:15:30 开始第 2345 次操作

2024-06-24 05:15:30 开始操作号码 【1502256】
2024-06-24 05:15:44 GSD getOne 第 1 次 等待 3 秒
2024-06-24 05:15:47 查询号码 【1502256】，返回信息 {"status":"ok","msg":"天津-天津","gid":"117721","time_insert":"2021-06-23 12:02"}
2024-06-24 05:15:47 查询号码 【1502256】，GSD为【"天津-天津"】

2024-06-24 05:15:48 开始第 2346 次操作

2024-06-24 05:15:48 开始操作号码 【1502257】
2024-06-24 05:16:07 GSD getOne 第 1 次 等待 3 秒
2024-06-24 05:16:10 查询号码 【1502257】，返回信息 {"status":"ok","msg":"天津-天津","gid":"117826","time_insert":"2021-06-23 12:25"}
2024-06-24 05:16:10 查询号码 【1502257】，GSD为【"天津-天津"】

2024-06-24 05:16:11 开始第 2347 次操作

2024-06-24 05:16:11 开始操作号码 【1502258】
2024-06-24 05:16:26 GSD getOne 第 1 次 等待 3 秒
2024-06-24 05:16:29 查询号码 【1502258】，返回信息 {"status":"ok","msg":"天津-天津","gid":"117855","time_insert":"2021-06-23 12:47"}
2024-06-24 05:16:29 查询号码 【1502258】，GSD为【"天津-天津"】

2024-06-24 05:16:30 开始第 2348 次操作

2024-06-24 05:16:30 开始操作号码 【1502259】
2024-06-24 05:16:54 GSD getOne 第 1 次 等待 3 秒
2024-06-24 05:16:57 查询号码 【1502259】，返回信息 {"status":"ok","msg":"天津-天津","gid":"117934","time_insert":"2021-06-23 13:07"}
2024-06-24 05:16:57 查询号码 【1502259】，GSD为【"天津-天津"】

2024-06-24 05:37:23 开始第 2349 次操作

2024-06-24 05:37:23 开始操作号码 【1502260】
2024-06-24 05:37:46 GSD getOne 第 1 次 等待 3 秒
2024-06-24 05:37:49 查询号码 【1502260】，返回信息 {"status":"ok","msg":"天津-天津","gid":"118020","time_insert":"2021-06-23 13:23"}
2024-06-24 05:37:49 查询号码 【1502260】，GSD为【"天津-天津"】

2024-06-24 05:37:50 开始第 2350 次操作

2024-06-24 05:37:50 开始操作号码 【1502261】
2024-06-24 05:38:54 GSD getOne 第 1 次 等待 3 秒
2024-06-24 05:38:57 查询号码 【1502261】，返回信息 {"status":"ok","msg":"天津-天津","gid":"118065","time_insert":"2021-06-23 13:40"}
2024-06-24 05:38:57 查询号码 【1502261】，GSD为【"天津-天津"】

2024-06-24 05:38:58 开始第 2351 次操作

2024-06-24 05:38:58 开始操作号码 【1502262】
2024-06-24 05:39:40 GSD getOne 第 1 次 等待 3 秒
2024-06-24 05:39:43 查询号码 【1502262】，返回信息 {"status":"ok","msg":"天津-天津","gid":"118200","time_insert":"2021-06-23 14:04"}
2024-06-24 05:39:43 查询号码 【1502262】，GSD为【"天津-天津"】

2024-06-24 05:39:44 开始第 2352 次操作

2024-06-24 05:39:44 开始操作号码 【1502263】
2024-06-24 05:40:12 GSD getOne 第 1 次 等待 3 秒
2024-06-24 05:40:15 查询号码 【1502263】，返回信息 {"status":"ok","msg":"天津-天津","gid":"15316","time_insert":"2018-03-15 11:55","time_update":"2020-12-28 17:17"}
2024-06-24 05:40:15 查询号码 【1502263】，GSD为【"天津-天津"】

2024-06-24 06:15:26 开始第 2353 次操作

2024-06-24 06:15:26 开始操作号码 【1502264】
2024-06-24 06:16:01 GSD getOne 第 1 次 等待 3 秒
2024-06-24 06:16:04 查询号码 【1502264】，返回信息 {"status":"ok","msg":"天津-天津","gid":"118228","time_insert":"2021-06-23 14:26"}
2024-06-24 06:16:04 查询号码 【1502264】，GSD为【"天津-天津"】

2024-06-24 06:16:05 开始第 2354 次操作

2024-06-24 06:16:05 开始操作号码 【1502265】
2024-06-24 06:16:54 GSD getOne 第 1 次 等待 3 秒
2024-06-24 06:16:57 查询号码 【1502265】，返回信息 {"status":"ok","msg":"天津-天津","gid":"118255","time_insert":"2021-06-23 14:45"}
2024-06-24 06:16:57 查询号码 【1502265】，GSD为【"天津-天津"】

2024-06-24 06:16:58 开始第 2355 次操作

2024-06-24 06:16:58 开始操作号码 【1502266】
2024-06-24 06:17:29 GSD getOne 第 1 次 等待 3 秒
2024-06-24 06:17:32 查询号码 【1502266】，返回信息 {"status":"ok","msg":"天津-天津","gid":"118282","time_insert":"2021-06-23 15:05"}
2024-06-24 06:17:32 查询号码 【1502266】，GSD为【"天津-天津"】

2024-06-24 06:17:33 开始第 2356 次操作

2024-06-24 06:17:33 开始操作号码 【1502267】
2024-06-24 06:18:06 GSD getOne 第 1 次 等待 3 秒
2024-06-24 06:18:09 查询号码 【1502267】，返回信息 {"status":"ok","msg":"天津-天津","gid":"118347","time_insert":"2021-06-23 15:22"}
2024-06-24 06:18:09 查询号码 【1502267】，GSD为【"天津-天津"】

2024-06-24 06:37:23 开始第 2357 次操作

2024-06-24 06:37:23 开始操作号码 【1502268】
2024-06-24 06:37:45 GSD getOne 第 1 次 等待 3 秒
2024-06-24 06:37:48 查询号码 【1502268】，返回信息 {"status":"ok","msg":"天津-天津","gid":"118482","time_insert":"2021-06-23 15:44"}
2024-06-24 06:37:49 查询号码 【1502268】，GSD为【"天津-天津"】

2024-06-24 06:37:50 开始第 2358 次操作

2024-06-24 06:37:50 开始操作号码 【1502269】
2024-06-24 06:38:08 GSD getOne 第 1 次 等待 3 秒
2024-06-24 06:38:11 查询号码 【1502269】，返回信息 {"status":"ok","msg":"天津-天津","gid":"118590","time_insert":"2021-06-23 16:07"}
2024-06-24 06:38:11 查询号码 【1502269】，GSD为【"天津-天津"】

2024-06-24 06:38:12 开始第 2359 次操作

2024-06-24 06:38:12 开始操作号码 【1502270】
2024-06-24 06:38:42 GSD getOne 第 1 次 等待 3 秒
2024-06-24 06:38:45 查询号码 【1502270】，返回信息 {"status":"ok","msg":"天津-天津","gid":"118639","time_insert":"2021-06-23 16:26"}
2024-06-24 06:38:45 查询号码 【1502270】，GSD为【"天津-天津"】

2024-06-24 06:38:46 开始第 2360 次操作

2024-06-24 06:38:46 开始操作号码 【1502271】
2024-06-24 06:39:14 GSD getOne 第 1 次 等待 3 秒
2024-06-24 06:39:17 查询号码 【1502271】，返回信息 {"status":"ok","msg":"天津-天津","gid":"118701","time_insert":"2021-06-23 16:51"}
2024-06-24 06:39:17 查询号码 【1502271】，GSD为【"天津-天津"】

2024-06-24 07:17:17 开始第 2361 次操作

2024-06-24 07:17:17 开始操作号码 【1502272】
2024-06-24 07:17:30 GSD getOne 第 1 次 等待 3 秒
2024-06-24 07:17:33 查询号码 【1502272】，返回信息 {"status":"ok","msg":"天津-天津","gid":"118820","time_insert":"2021-06-23 17:09"}
2024-06-24 07:17:33 查询号码 【1502272】，GSD为【"天津-天津"】

2024-06-24 07:17:34 开始第 2362 次操作

2024-06-24 07:17:34 开始操作号码 【1502273】
2024-06-24 07:17:50 GSD getOne 第 1 次 等待 3 秒
2024-06-24 07:17:53 查询号码 【1502273】，返回信息 {"status":"ok","msg":"天津-天津","gid":"118848","time_insert":"2021-06-23 17:34"}
2024-06-24 07:17:53 查询号码 【1502273】，GSD为【"天津-天津"】

2024-06-24 07:17:54 开始第 2363 次操作

2024-06-24 07:17:54 开始操作号码 【1502274】
2024-06-24 07:18:13 GSD getOne 第 1 次 等待 3 秒
2024-06-24 07:18:16 查询号码 【1502274】，返回信息 {"status":"ok","msg":"天津-天津","gid":"118891","time_insert":"2021-06-23 17:56"}
2024-06-24 07:18:16 查询号码 【1502274】，GSD为【"天津-天津"】

2024-06-24 07:18:17 开始第 2364 次操作

2024-06-24 07:18:17 开始操作号码 【1502275】
2024-06-24 07:18:47 GSD getOne 第 1 次 等待 3 秒
2024-06-24 07:18:50 查询号码 【1502275】，返回信息 {"status":"ok","msg":"天津-天津","gid":"15317","time_insert":"2016-10-27 23:10","time_update":"2020-12-28 21:57"}
2024-06-24 07:18:50 查询号码 【1502275】，GSD为【"天津-天津"】

2024-06-24 07:37:43 开始第 2365 次操作

2024-06-24 07:37:43 开始操作号码 【1502276】
2024-06-24 07:37:57 GSD getOne 第 1 次 等待 3 秒
2024-06-24 07:38:00 查询号码 【1502276】，返回信息 {"status":"ok","msg":"天津-天津","gid":"119020","time_insert":"2021-06-23 18:19"}
2024-06-24 07:38:00 查询号码 【1502276】，GSD为【"天津-天津"】

2024-06-24 07:38:01 开始第 2366 次操作

2024-06-24 07:38:01 开始操作号码 【1502277】
2024-06-24 07:38:13 GSD getOne 第 1 次 等待 3 秒
2024-06-24 07:38:16 查询号码 【1502277】，返回信息 {"status":"ok","msg":"天津-天津","gid":"119045","time_insert":"2021-06-23 18:37"}
2024-06-24 07:38:16 查询号码 【1502277】，GSD为【"天津-天津"】

2024-06-24 07:38:17 开始第 2367 次操作

2024-06-24 07:38:17 开始操作号码 【1502278】
2024-06-24 07:38:41 GSD getOne 第 1 次 等待 3 秒
2024-06-24 07:38:44 查询号码 【1502278】，返回信息 {"status":"ok","msg":"天津-天津","gid":"119111","time_insert":"2021-06-23 19:01"}
2024-06-24 07:38:44 查询号码 【1502278】，GSD为【"天津-天津"】

2024-06-24 07:38:45 开始第 2368 次操作

2024-06-24 07:38:45 开始操作号码 【1502279】
2024-06-24 07:39:00 GSD getOne 第 1 次 等待 3 秒
2024-06-24 07:39:03 查询号码 【1502279】，返回信息 {"status":"ok","msg":"天津-天津","gid":"119218","time_insert":"2021-06-23 19:20"}
2024-06-24 07:39:03 查询号码 【1502279】，GSD为【"天津-天津"】

2024-06-24 09:19:10 开始第 2369 次操作

2024-06-24 09:19:10 开始操作号码 【1502280】
2024-06-24 09:19:24 GSD getOne 第 1 次 等待 3 秒
2024-06-24 09:19:27 查询号码 【1502280】，返回信息 {"status":"ok","msg":"新疆-塔城","gid":"119275","time_insert":"2021-06-23 19:44"}
2024-06-24 09:19:27 查询号码 【1502280】，GSD为【"新疆-塔城"】

2024-06-24 09:19:28 开始第 2370 次操作

2024-06-24 09:19:28 开始操作号码 【1502281】
2024-06-24 09:19:41 GSD getOne 第 1 次 等待 3 秒
2024-06-24 09:19:44 查询号码 【1502281】，返回信息 {"status":"ok","msg":"新疆-哈密","gid":"119386","time_insert":"2021-06-23 20:03"}
2024-06-24 09:19:44 查询号码 【1502281】，GSD为【"新疆-哈密"】

2024-06-24 09:19:45 开始第 2371 次操作

2024-06-24 09:19:45 开始操作号码 【1502282】
2024-06-24 09:19:59 GSD getOne 第 1 次 等待 3 秒
2024-06-24 09:20:02 查询号码 【1502282】，返回信息 {"status":"ok","msg":"新疆-阿勒泰","gid":"15318","time_insert":"2015-03-01 20:27","time_update":"2020-12-23 14:21"}
2024-06-24 09:20:02 查询号码 【1502282】，GSD为【"新疆-阿勒泰"】

2024-06-24 09:20:03 开始第 2372 次操作

2024-06-24 09:20:03 开始操作号码 【1502283】
2024-06-24 09:20:19 GSD getOne 第 1 次 等待 3 秒
2024-06-24 09:20:22 查询号码 【1502283】，返回信息 {"status":"ok","msg":"新疆-博乐","gid":"119414","time_insert":"2021-06-23 20:23"}
2024-06-24 09:20:22 查询号码 【1502283】，GSD为【"新疆-博乐"】

2024-06-24 10:21:36 开始第 2373 次操作

2024-06-24 10:21:36 开始操作号码 【1502284】
2024-06-24 10:21:50 GSD getOne 第 1 次 等待 3 秒
2024-06-24 10:21:53 查询号码 【1502284】，返回信息 {"status":"ok","msg":"新疆-克孜勒苏","gid":"15319","time_insert":"2019-04-22 15:50","time_update":"2020-12-23 16:22"}
2024-06-24 10:21:53 查询号码 【1502284】，GSD为【"新疆-克孜勒苏"】

2024-06-24 10:21:54 开始第 2374 次操作

2024-06-24 10:21:54 开始操作号码 【1502285】
2024-06-24 10:22:10 GSD getOne 第 1 次 等待 3 秒
2024-06-24 10:22:13 查询号码 【1502285】，返回信息 {"status":"ok","msg":"新疆-克拉玛依","gid":"119444","time_insert":"2021-06-23 20:47"}
2024-06-24 10:22:13 查询号码 【1502285】，GSD为【"新疆-克拉玛依"】

2024-06-24 10:22:14 开始第 2375 次操作

2024-06-24 10:22:14 开始操作号码 【1502286】
2024-06-24 10:22:46 GSD getOne 第 1 次 等待 3 秒
2024-06-24 10:22:49 查询号码 【1502286】，返回信息 {"status":"ok","msg":"新疆-吐鲁番","gid":"15320","time_insert":"2019-08-20 11:26","time_update":"2020-12-23 14:07"}
2024-06-24 10:22:49 查询号码 【1502286】，GSD为【"新疆-吐鲁番"】

2024-06-24 10:22:50 开始第 2376 次操作

2024-06-24 10:22:50 开始操作号码 【1502287】
2024-06-24 10:23:16 GSD getOne 第 1 次 等待 3 秒
2024-06-24 10:23:19 查询号码 【1502287】，返回信息 {"status":"ok","msg":"新疆-吐鲁番","gid":"119493","time_insert":"2021-06-23 21:11"}
2024-06-24 10:23:19 查询号码 【1502287】，GSD为【"新疆-吐鲁番"】

2024-06-24 10:47:25 开始第 2377 次操作

2024-06-24 10:47:25 开始操作号码 【1502288】
2024-06-24 10:47:39 GSD getOne 第 1 次 等待 3 秒
2024-06-24 10:47:42 查询号码 【1502288】，返回信息 {"status":"ok","msg":"新疆-伊犁","gid":"119627","time_insert":"2021-06-23 21:36"}
2024-06-24 10:47:42 查询号码 【1502288】，GSD为【"新疆-伊犁"】

2024-06-24 10:47:43 开始第 2378 次操作

2024-06-24 10:47:43 开始操作号码 【1502289】
2024-06-24 10:48:01 GSD getOne 第 1 次 等待 3 秒
2024-06-24 10:48:04 查询号码 【1502289】，返回信息 {"status":"ok","msg":"新疆-奎屯","gid":"119772","time_insert":"2021-06-23 21:57"}
2024-06-24 10:48:04 查询号码 【1502289】，GSD为【"新疆-奎屯"】

2024-06-24 10:48:05 开始第 2379 次操作

2024-06-24 10:48:05 开始操作号码 【1502290】
2024-06-24 10:48:27 GSD getOne 第 1 次 等待 3 秒
2024-06-24 10:48:30 查询号码 【1502290】，返回信息 {"status":"ok","msg":"新疆-乌鲁木齐","gid":"119801","time_insert":"2021-06-23 22:19"}
2024-06-24 10:48:30 查询号码 【1502290】，GSD为【"新疆-乌鲁木齐"】

2024-06-24 10:48:31 开始第 2380 次操作

2024-06-24 10:48:31 开始操作号码 【1502291】
2024-06-24 10:48:56 GSD getOne 第 1 次 等待 3 秒
2024-06-24 10:48:59 查询号码 【1502291】，返回信息 {"status":"ok","msg":"新疆-乌鲁木齐","gid":"119824","time_insert":"2021-06-23 22:38"}
2024-06-24 10:48:59 查询号码 【1502291】，GSD为【"新疆-乌鲁木齐"】

2024-06-24 11:19:57 开始第 2381 次操作

2024-06-24 11:19:57 开始操作号码 【1502292】
2024-06-24 11:20:53 GSD getOne 第 1 次 等待 3 秒
2024-06-24 11:20:56 查询号码 【1502292】，返回信息 {"status":"ok","msg":"新疆-乌鲁木齐","gid":"119953","time_insert":"2021-06-23 22:58"}
2024-06-24 11:20:56 查询号码 【1502292】，GSD为【"新疆-乌鲁木齐"】

2024-06-24 11:20:57 开始第 2382 次操作

2024-06-24 11:20:57 开始操作号码 【1502293】
2024-06-24 11:21:59 GSD getOne 第 1 次 等待 3 秒
2024-06-24 11:22:02 查询号码 【1502293】，返回信息 {"status":"ok","msg":"新疆-乌鲁木齐","gid":"15321","time_insert":"2019-11-15 11:24","time_update":"2020-12-23 13:55"}
2024-06-24 11:22:02 查询号码 【1502293】，GSD为【"新疆-乌鲁木齐"】

2024-06-24 11:22:03 开始第 2383 次操作

2024-06-24 11:22:03 开始操作号码 【1502294】
2024-06-24 11:22:42 GSD getOne 第 1 次 等待 3 秒
2024-06-24 11:22:45 查询号码 【1502294】，返回信息 {"status":"ok","msg":"新疆-乌鲁木齐","gid":"120001","time_insert":"2021-06-23 23:23"}
2024-06-24 11:22:45 查询号码 【1502294】，GSD为【"新疆-乌鲁木齐"】

2024-06-24 11:22:46 开始第 2384 次操作

2024-06-24 11:22:46 开始操作号码 【1502295】
2024-06-24 11:23:12 GSD getOne 第 1 次 等待 3 秒
2024-06-24 11:23:15 查询号码 【1502295】，返回信息 {"status":"ok","msg":"新疆-乌鲁木齐","gid":"15322","time_insert":"2018-02-28 09:03","time_update":"2020-12-23 15:53"}
2024-06-24 11:23:15 查询号码 【1502295】，GSD为【"新疆-乌鲁木齐"】

2024-06-24 11:37:57 开始第 2385 次操作

2024-06-24 11:37:57 开始操作号码 【1502296】
2024-06-24 11:38:11 GSD getOne 第 1 次 等待 3 秒
2024-06-24 11:38:14 查询号码 【1502296】，返回信息 {"status":"ok","msg":"新疆-乌鲁木齐","gid":"120029","time_insert":"2021-06-23 23:51"}
2024-06-24 11:38:14 查询号码 【1502296】，GSD为【"新疆-乌鲁木齐"】

2024-06-24 11:38:15 开始第 2386 次操作

2024-06-24 11:38:15 开始操作号码 【1502297】
2024-06-24 11:38:33 GSD getOne 第 1 次 等待 3 秒
2024-06-24 11:38:36 查询号码 【1502297】，返回信息 {"status":"ok","msg":"新疆-乌鲁木齐","gid":"120111","time_insert":"2021-06-24 00:06"}
2024-06-24 11:38:36 查询号码 【1502297】，GSD为【"新疆-乌鲁木齐"】

2024-06-24 11:38:37 开始第 2387 次操作

2024-06-24 11:38:37 开始操作号码 【1502298】
2024-06-24 11:39:02 GSD getOne 第 1 次 等待 3 秒
2024-06-24 11:39:05 查询号码 【1502298】，返回信息 {"status":"ok","msg":"新疆-乌鲁木齐","gid":"120187","time_insert":"2021-06-24 00:23"}
2024-06-24 11:39:05 查询号码 【1502298】，GSD为【"新疆-乌鲁木齐"】

2024-06-24 11:39:06 开始第 2388 次操作

2024-06-24 11:39:06 开始操作号码 【1502299】
2024-06-24 11:39:34 GSD getOne 第 1 次 等待 3 秒
2024-06-24 11:39:37 查询号码 【1502299】，返回信息 {"status":"ok","msg":"新疆-乌鲁木齐","gid":"120210","time_insert":"2021-06-24 00:38"}
2024-06-24 11:39:37 查询号码 【1502299】，GSD为【"新疆-乌鲁木齐"】

2024-06-24 12:21:07 开始第 2389 次操作

2024-06-24 12:21:07 开始操作号码 【1502300】
2024-06-24 12:21:22 GSD getOne 第 1 次 等待 3 秒
2024-06-24 12:21:25 查询号码 【1502300】，返回信息 {"status":"ok","msg":"重庆-重庆","gid":"15323","time_insert":"2020-02-24 11:39","time_update":"2021-01-08 05:13"}
2024-06-24 12:21:25 查询号码 【1502300】，GSD为【"重庆-重庆"】

2024-06-24 12:21:26 开始第 2390 次操作

2024-06-24 12:21:26 开始操作号码 【1502301】
2024-06-24 12:21:41 GSD getOne 第 1 次 等待 3 秒
2024-06-24 12:21:44 查询号码 【1502301】，返回信息 {"status":"ok","msg":"重庆-重庆","gid":"15324","time_insert":"2018-02-14 15:41","time_update":"2021-01-08 05:21"}
2024-06-24 12:21:44 查询号码 【1502301】，GSD为【"重庆-重庆"】

2024-06-24 12:21:45 开始第 2391 次操作

2024-06-24 12:21:45 开始操作号码 【1502302】
2024-06-24 12:21:59 GSD getOne 第 1 次 等待 3 秒
2024-06-24 12:22:02 查询号码 【1502302】，返回信息 {"status":"ok","msg":"重庆-重庆","gid":"120238","time_insert":"2021-06-24 01:00"}
2024-06-24 12:22:02 查询号码 【1502302】，GSD为【"重庆-重庆"】

2024-06-24 12:22:03 开始第 2392 次操作

2024-06-24 12:22:03 开始操作号码 【1502303】
2024-06-24 12:22:18 GSD getOne 第 1 次 等待 3 秒
2024-06-24 12:22:21 查询号码 【1502303】，返回信息 {"status":"ok","msg":"重庆-重庆","gid":"50578","time_insert":"2021-04-21 16:42"}
2024-06-24 12:22:21 查询号码 【1502303】，GSD为【"重庆-重庆"】

2024-06-24 12:39:02 开始第 2393 次操作

2024-06-24 12:39:02 开始操作号码 【1502304】
2024-06-24 12:39:17 GSD getOne 第 1 次 等待 3 秒
2024-06-24 12:39:20 查询号码 【1502304】，返回信息 {"status":"ok","msg":"重庆-重庆","gid":"15325","time_insert":"2015-09-27 16:03","time_update":"2021-01-08 05:26"}
2024-06-24 12:39:20 查询号码 【1502304】，GSD为【"重庆-重庆"】

2024-06-24 12:39:21 开始第 2394 次操作

2024-06-24 12:39:21 开始操作号码 【1502305】
2024-06-24 12:39:38 GSD getOne 第 1 次 等待 3 秒
2024-06-24 12:39:41 查询号码 【1502305】，返回信息 {"status":"ok","msg":"重庆-重庆","gid":"15326","time_insert":"2017-05-11 09:33","time_update":"2021-01-08 05:31"}
2024-06-24 12:39:41 查询号码 【1502305】，GSD为【"重庆-重庆"】

2024-06-24 12:39:42 开始第 2395 次操作

2024-06-24 12:39:42 开始操作号码 【1502306】
2024-06-24 12:40:13 GSD getOne 第 1 次 等待 3 秒
2024-06-24 12:40:16 查询号码 【1502306】，返回信息 {"status":"ok","msg":"重庆-重庆","gid":"15327","time_insert":"2017-08-04 09:10","time_update":"2021-01-08 05:33"}
2024-06-24 12:40:16 查询号码 【1502306】，GSD为【"重庆-重庆"】

2024-06-24 12:40:17 开始第 2396 次操作

2024-06-24 12:40:17 开始操作号码 【1502307】
2024-06-24 12:40:48 GSD getOne 第 1 次 等待 3 秒
2024-06-24 12:40:51 查询号码 【1502307】，返回信息 {"status":"ok","msg":"重庆-重庆","gid":"15328","time_insert":"2017-05-02 16:18","time_update":"2021-01-08 05:38"}
2024-06-24 12:40:51 查询号码 【1502307】，GSD为【"重庆-重庆"】

2024-06-24 13:17:18 开始第 2397 次操作

2024-06-24 13:17:18 开始操作号码 【1502308】
2024-06-24 13:17:35 GSD getOne 第 1 次 等待 3 秒
2024-06-24 13:17:38 查询号码 【1502308】，返回信息 {"status":"ok","msg":"重庆-重庆","gid":"15329","time_insert":"2017-07-24 08:27","time_update":"2021-01-08 05:45"}
2024-06-24 13:17:38 查询号码 【1502308】，GSD为【"重庆-重庆"】

2024-06-24 13:17:39 开始第 2398 次操作

2024-06-24 13:17:39 开始操作号码 【1502309】
2024-06-24 13:17:54 GSD getOne 第 1 次 等待 3 秒
2024-06-24 13:17:57 查询号码 【1502309】，返回信息 {"status":"ok","msg":"重庆-重庆","gid":"15330","time_insert":"2016-07-01 17:10","time_update":"2021-01-08 05:48"}
2024-06-24 13:17:57 查询号码 【1502309】，GSD为【"重庆-重庆"】

2024-06-24 13:17:58 开始第 2399 次操作

2024-06-24 13:17:58 开始操作号码 【1502310】
2024-06-24 13:18:12 GSD getOne 第 1 次 等待 3 秒
2024-06-24 13:18:15 查询号码 【1502310】，返回信息 {"status":"ok","msg":"重庆-重庆","gid":"15331","time_insert":"2017-05-12 16:32","time_update":"2021-01-08 05:55"}
2024-06-24 13:18:15 查询号码 【1502310】，GSD为【"重庆-重庆"】

2024-06-24 13:18:16 开始第 2400 次操作

2024-06-24 13:18:16 开始操作号码 【1502311】
2024-06-24 13:18:35 GSD getOne 第 1 次 等待 3 秒
2024-06-24 13:18:38 查询号码 【1502311】，返回信息 {"status":"ok","msg":"重庆-重庆","gid":"15332","time_insert":"2016-10-14 14:06","time_update":"2021-01-08 06:00"}
2024-06-24 13:18:38 查询号码 【1502311】，GSD为【"重庆-重庆"】

2024-06-24 13:37:17 开始第 2401 次操作

2024-06-24 13:37:17 开始操作号码 【1502312】
2024-06-24 13:37:38 GSD getOne 第 1 次 等待 3 秒
2024-06-24 13:37:41 查询号码 【1502312】，返回信息 {"status":"ok","msg":"重庆-重庆","gid":"15333","time_insert":"2017-05-30 10:52","time_update":"2021-01-08 06:06"}
2024-06-24 13:37:41 查询号码 【1502312】，GSD为【"重庆-重庆"】

2024-06-24 13:37:42 开始第 2402 次操作

2024-06-24 13:37:42 开始操作号码 【1502313】
2024-06-24 13:38:04 GSD getOne 第 1 次 等待 3 秒
2024-06-24 13:38:07 查询号码 【1502313】，返回信息 {"status":"ok","msg":"重庆-重庆","gid":"15334","time_insert":"2019-01-29 10:15","time_update":"2021-01-08 06:12"}
2024-06-24 13:38:07 查询号码 【1502313】，GSD为【"重庆-重庆"】

2024-06-24 13:38:08 开始第 2403 次操作

2024-06-24 13:38:08 开始操作号码 【1502314】
2024-06-24 13:38:27 GSD getOne 第 1 次 等待 3 秒
2024-06-24 13:38:30 查询号码 【1502314】，返回信息 {"status":"ok","msg":"重庆-重庆","gid":"15335","time_insert":"2018-12-21 17:16","time_update":"2021-01-08 06:16"}
2024-06-24 13:38:30 查询号码 【1502314】，GSD为【"重庆-重庆"】

2024-06-24 13:38:31 开始第 2404 次操作

2024-06-24 13:38:31 开始操作号码 【1502315】
2024-06-24 13:38:55 GSD getOne 第 1 次 等待 3 秒
2024-06-24 13:38:58 查询号码 【1502315】，返回信息 {"status":"ok","msg":"重庆-重庆","gid":"15336","time_insert":"2018-02-17 16:23","time_update":"2021-01-08 06:23"}
2024-06-24 13:38:58 查询号码 【1502315】，GSD为【"重庆-重庆"】

2024-06-24 14:24:58 开始第 2405 次操作

2024-06-24 14:24:58 开始操作号码 【1502316】
2024-06-24 14:25:14 GSD getOne 第 1 次 等待 3 秒
2024-06-24 14:25:17 查询号码 【1502316】，返回信息 {"status":"ok","msg":"重庆-重庆","gid":"15337","time_insert":"2019-11-09 19:31","time_update":"2021-01-08 06:28"}
2024-06-24 14:25:17 查询号码 【1502316】，GSD为【"重庆-重庆"】

2024-06-24 14:25:18 开始第 2406 次操作

2024-06-24 14:25:18 开始操作号码 【1502317】
2024-06-24 14:25:31 GSD getOne 第 1 次 等待 3 秒
2024-06-24 14:25:34 查询号码 【1502317】，返回信息 {"status":"ok","msg":"重庆-重庆","gid":"15338","time_insert":"2017-05-30 10:52","time_update":"2021-01-08 06:30"}
2024-06-24 14:25:34 查询号码 【1502317】，GSD为【"重庆-重庆"】

2024-06-24 14:25:35 开始第 2407 次操作

2024-06-24 14:25:35 开始操作号码 【1502318】
2024-06-24 14:25:49 GSD getOne 第 1 次 等待 3 秒
2024-06-24 14:25:52 查询号码 【1502318】，返回信息 {"status":"ok","msg":"重庆-重庆","gid":"120456","time_insert":"2021-06-24 01:52"}
2024-06-24 14:25:52 查询号码 【1502318】，GSD为【"重庆-重庆"】

2024-06-24 14:25:53 开始第 2408 次操作

2024-06-24 14:25:53 开始操作号码 【1502319】
2024-06-24 14:26:09 GSD getOne 第 1 次 等待 3 秒
2024-06-24 14:26:12 查询号码 【1502319】，返回信息 {"status":"ok","msg":"重庆-重庆","gid":"15339","time_insert":"2017-03-15 08:18","time_update":"2021-01-08 06:38"}
2024-06-24 14:26:12 查询号码 【1502319】，GSD为【"重庆-重庆"】

2024-06-24 14:41:16 开始第 2409 次操作

2024-06-24 14:41:16 开始操作号码 【1502320】
2024-06-24 14:41:37 GSD getOne 第 1 次 等待 3 秒
2024-06-24 14:41:40 查询号码 【1502320】，返回信息 {"status":"ok","msg":"重庆-重庆","gid":"15340","time_insert":"2019-10-22 15:01","time_update":"2021-01-08 06:44"}
2024-06-24 14:41:40 查询号码 【1502320】，GSD为【"重庆-重庆"】

2024-06-24 14:41:41 开始第 2410 次操作

2024-06-24 14:41:41 开始操作号码 【1502321】
2024-06-24 14:42:07 GSD getOne 第 1 次 等待 3 秒
2024-06-24 14:42:10 查询号码 【1502321】，返回信息 {"status":"ok","msg":"重庆-重庆","gid":"15341","time_insert":"2015-02-24 19:04","time_update":"2021-01-08 06:51"}
2024-06-24 14:42:10 查询号码 【1502321】，GSD为【"重庆-重庆"】

2024-06-24 14:42:11 开始第 2411 次操作

2024-06-24 14:42:11 开始操作号码 【1502322】
2024-06-24 14:42:37 GSD getOne 第 1 次 等待 3 秒
2024-06-24 14:42:40 查询号码 【1502322】，返回信息 {"status":"ok","msg":"重庆-重庆","gid":"120575","time_insert":"2021-06-24 02:20"}
2024-06-24 14:42:40 查询号码 【1502322】，GSD为【"重庆-重庆"】

2024-06-24 14:42:41 开始第 2412 次操作

2024-06-24 14:42:41 开始操作号码 【1502323】
2024-06-24 14:43:03 GSD getOne 第 1 次 等待 3 秒
2024-06-24 14:43:06 查询号码 【1502323】，返回信息 {"status":"ok","msg":"重庆-重庆","gid":"15342","time_insert":"2017-05-30 10:52","time_update":"2021-01-08 06:56"}
2024-06-24 14:43:06 查询号码 【1502323】，GSD为【"重庆-重庆"】

2024-06-24 15:17:56 开始第 2413 次操作

2024-06-24 15:17:56 开始操作号码 【1502324】
2024-06-24 15:18:15 GSD getOne 第 1 次 等待 3 秒
2024-06-24 15:18:18 查询号码 【1502324】，返回信息 {"status":"ok","msg":"重庆-重庆","gid":"15343","time_insert":"2017-05-10 16:05","time_update":"2021-01-08 07:02"}
2024-06-24 15:18:18 查询号码 【1502324】，GSD为【"重庆-重庆"】

2024-06-24 15:18:19 开始第 2414 次操作

2024-06-24 15:18:19 开始操作号码 【1502325】
2024-06-24 15:18:35 GSD getOne 第 1 次 等待 3 秒
2024-06-24 15:18:38 查询号码 【1502325】，返回信息 {"status":"ok","msg":"重庆-重庆","gid":"15344","time_insert":"2017-05-12 16:32","time_update":"2021-01-08 07:11"}
2024-06-24 15:18:39 查询号码 【1502325】，GSD为【"重庆-重庆"】

2024-06-24 15:18:40 开始第 2415 次操作

2024-06-24 15:18:40 开始操作号码 【1502326】
2024-06-24 15:19:09 GSD getOne 第 1 次 等待 3 秒
2024-06-24 15:19:12 查询号码 【1502326】，返回信息 {"status":"ok","msg":"重庆-重庆","gid":"15345","time_insert":"2018-12-03 22:59","time_update":"2021-01-08 07:18"}
2024-06-24 15:19:12 查询号码 【1502326】，GSD为【"重庆-重庆"】

2024-06-24 15:19:13 开始第 2416 次操作

2024-06-24 15:19:13 开始操作号码 【1502327】
2024-06-24 15:20:19 GSD getOne 第 1 次 等待 3 秒
2024-06-24 15:20:22 查询号码 【1502327】，返回信息 {"status":"ok","msg":"重庆-重庆","gid":"120610","time_insert":"2021-06-24 02:49"}
2024-06-24 15:20:22 查询号码 【1502327】，GSD为【"重庆-重庆"】

2024-06-24 15:37:02 开始第 2417 次操作

2024-06-24 15:37:02 开始操作号码 【1502328】
2024-06-24 15:37:35 GSD getOne 第 1 次 等待 3 秒
2024-06-24 15:37:38 查询号码 【1502328】，返回信息 {"status":"ok","msg":"重庆-重庆","gid":"15346","time_insert":"2018-05-18 23:04","time_update":"2021-01-08 07:23"}
2024-06-24 15:37:38 查询号码 【1502328】，GSD为【"重庆-重庆"】

2024-06-24 15:37:39 开始第 2418 次操作

2024-06-24 15:37:39 开始操作号码 【1502329】
2024-06-24 15:37:59 GSD getOne 第 1 次 等待 3 秒
2024-06-24 15:38:02 查询号码 【1502329】，返回信息 {"status":"ok","msg":"重庆-重庆","gid":"15347","time_insert":"2017-05-11 09:33","time_update":"2021-01-08 07:29"}
2024-06-24 15:38:02 查询号码 【1502329】，GSD为【"重庆-重庆"】

2024-06-24 15:38:03 开始第 2419 次操作

2024-06-24 15:38:03 开始操作号码 【1502330】
2024-06-24 15:39:12 GSD getOne 第 1 次 等待 3 秒
2024-06-24 15:39:15 查询号码 【1502330】，返回信息 {"status":"ok","msg":"重庆-黔江","gid":"15348","time_insert":"2017-05-30 10:52","time_update":"2021-01-08 07:38"}
2024-06-24 15:39:15 查询号码 【1502330】，GSD为【"重庆-黔江"】

2024-06-24 15:39:16 开始第 2420 次操作

2024-06-24 15:39:16 开始操作号码 【1502331】
2024-06-24 15:39:36 GSD getOne 第 1 次 等待 3 秒
2024-06-24 15:39:39 查询号码 【1502331】，返回信息 {"status":"ok","msg":"重庆-黔江","gid":"15349","time_insert":"2017-05-12 16:32","time_update":"2021-01-08 07:43"}
2024-06-24 15:39:39 查询号码 【1502331】，GSD为【"重庆-黔江"】

2024-06-24 16:22:45 开始第 2421 次操作

2024-06-24 16:22:45 开始操作号码 【1502332】
2024-06-24 16:23:14 GSD getOne 第 1 次 等待 3 秒
2024-06-24 16:23:17 查询号码 【1502332】，返回信息 {"status":"ok","msg":"重庆-黔江","gid":"15350","time_insert":"2016-08-26 01:58","time_update":"2021-01-08 07:50"}
2024-06-24 16:23:17 查询号码 【1502332】，GSD为【"重庆-黔江"】

2024-06-24 16:23:18 开始第 2422 次操作

2024-06-24 16:23:18 开始操作号码 【1502333】
2024-06-24 16:23:35 GSD getOne 第 1 次 等待 3 秒
2024-06-24 16:23:38 查询号码 【1502333】，返回信息 {"status":"ok","msg":"重庆-黔江","gid":"15351","time_insert":"2014-12-10 21:28","time_update":"2021-01-08 07:53"}
2024-06-24 16:23:38 查询号码 【1502333】，GSD为【"重庆-黔江"】

2024-06-24 16:23:39 开始第 2423 次操作

2024-06-24 16:23:39 开始操作号码 【1502334】
2024-06-24 16:24:13 GSD getOne 第 1 次 等待 3 秒
2024-06-24 16:24:16 查询号码 【1502334】，返回信息 {"status":"ok","msg":"重庆-黔江","gid":"15352","time_insert":"2017-03-27 08:48","time_update":"2021-01-08 07:59"}
2024-06-24 16:24:16 查询号码 【1502334】，GSD为【"重庆-黔江"】

2024-06-24 16:24:17 开始第 2424 次操作

2024-06-24 16:24:17 开始操作号码 【1502335】
2024-06-24 16:24:39 GSD getOne 第 1 次 等待 3 秒
2024-06-24 16:24:42 查询号码 【1502335】，返回信息 {"status":"ok","msg":"重庆-黔江","gid":"15353","time_insert":"2017-07-18 11:48","time_update":"2021-01-08 08:04"}
2024-06-24 16:24:42 查询号码 【1502335】，GSD为【"重庆-黔江"】

2024-06-24 16:39:49 开始第 2425 次操作

2024-06-24 16:39:49 开始操作号码 【1502336】
2024-06-24 16:40:06 GSD getOne 第 1 次 等待 3 秒
2024-06-24 16:40:09 查询号码 【1502336】，返回信息 {"status":"ok","msg":"重庆-黔江","gid":"15354","time_insert":"2017-07-16 14:48","time_update":"2021-01-08 08:08"}
2024-06-24 16:40:09 查询号码 【1502336】，GSD为【"重庆-黔江"】

2024-06-24 16:40:10 开始第 2426 次操作

2024-06-24 16:40:10 开始操作号码 【1502337】
2024-06-24 16:40:26 GSD getOne 第 1 次 等待 3 秒
2024-06-24 16:40:29 查询号码 【1502337】，返回信息 {"status":"ok","msg":"重庆-黔江","gid":"120749","time_insert":"2021-06-24 03:26"}
2024-06-24 16:40:29 查询号码 【1502337】，GSD为【"重庆-黔江"】

2024-06-24 16:40:30 开始第 2427 次操作

2024-06-24 16:40:30 开始操作号码 【1502338】
2024-06-24 16:41:00 GSD getOne 第 1 次 等待 3 秒
2024-06-24 16:41:03 查询号码 【1502338】，返回信息 {"status":"ok","msg":"重庆-黔江","gid":"15355","time_insert":"2017-07-01 10:48","time_update":"2021-01-08 08:13"}
2024-06-24 16:41:03 查询号码 【1502338】，GSD为【"重庆-黔江"】

2024-06-24 16:41:04 开始第 2428 次操作

2024-06-24 16:41:04 开始操作号码 【1502339】
2024-06-24 16:41:33 GSD getOne 第 1 次 等待 3 秒
2024-06-24 16:41:36 查询号码 【1502339】，返回信息 {"status":"ok","msg":"重庆-黔江","gid":"15356","time_insert":"2017-05-30 10:52","time_update":"2021-01-08 08:20"}
2024-06-24 16:41:36 查询号码 【1502339】，GSD为【"重庆-黔江"】

2024-06-24 17:21:04 开始第 2429 次操作

2024-06-24 17:21:04 开始操作号码 【1502340】
2024-06-24 17:21:21 GSD getOne 第 1 次 等待 3 秒
2024-06-24 17:21:24 查询号码 【1502340】，返回信息 {"status":"ok","msg":"重庆-万州","gid":"15357","time_insert":"2017-10-03 19:00","time_update":"2021-01-08 08:23"}
2024-06-24 17:21:24 查询号码 【1502340】，GSD为【"重庆-万州"】

2024-06-24 17:21:25 开始第 2430 次操作

2024-06-24 17:21:25 开始操作号码 【1502341】
2024-06-24 17:21:39 GSD getOne 第 1 次 等待 3 秒
2024-06-24 17:21:42 查询号码 【1502341】，返回信息 {"status":"ok","msg":"重庆-万州","gid":"15358","time_insert":"2018-05-22 13:35","time_update":"2021-01-08 08:31"}
2024-06-24 17:21:43 查询号码 【1502341】，GSD为【"重庆-万州"】

2024-06-24 17:21:44 开始第 2431 次操作

2024-06-24 17:21:44 开始操作号码 【1502342】
2024-06-24 17:21:59 GSD getOne 第 1 次 等待 3 秒
2024-06-24 17:22:02 查询号码 【1502342】，返回信息 {"status":"ok","msg":"重庆-万州","gid":"15359","time_insert":"2018-09-21 23:40","time_update":"2021-01-08 08:37"}
2024-06-24 17:22:02 查询号码 【1502342】，GSD为【"重庆-万州"】

2024-06-24 17:22:03 开始第 2432 次操作

2024-06-24 17:22:03 开始操作号码 【1502343】
2024-06-24 17:22:35 GSD getOne 第 1 次 等待 3 秒
2024-06-24 17:22:38 查询号码 【1502343】，返回信息 {"status":"ok","msg":"重庆-万州","gid":"15360","time_insert":"2017-05-30 10:52","time_update":"2021-01-08 08:39"}
2024-06-24 17:22:38 查询号码 【1502343】，GSD为【"重庆-万州"】

2024-06-24 17:37:29 开始第 2433 次操作

2024-06-24 17:37:29 开始操作号码 【1502344】
2024-06-24 17:37:48 GSD getOne 第 1 次 等待 3 秒
2024-06-24 17:37:51 查询号码 【1502344】，返回信息 {"status":"ok","msg":"重庆-万州","gid":"120864","time_insert":"2021-06-24 03:55"}
2024-06-24 17:37:51 查询号码 【1502344】，GSD为【"重庆-万州"】

2024-06-24 17:37:52 开始第 2434 次操作

2024-06-24 17:37:52 开始操作号码 【1502345】
2024-06-24 17:38:30 GSD getOne 第 1 次 等待 3 秒
2024-06-24 17:38:33 查询号码 【1502345】，返回信息 {"status":"ok","msg":"重庆-万州","gid":"15361","time_insert":"2017-05-11 09:33","time_update":"2021-01-08 08:46"}
2024-06-24 17:38:33 查询号码 【1502345】，GSD为【"重庆-万州"】

2024-06-24 17:38:34 开始第 2435 次操作

2024-06-24 17:38:34 开始操作号码 【1502346】
2024-06-24 17:39:15 GSD getOne 第 1 次 等待 3 秒
2024-06-24 17:39:18 查询号码 【1502346】，返回信息 {"status":"ok","msg":"重庆-万州","gid":"15362","time_insert":"2020-01-29 22:22","time_update":"2021-01-08 08:54"}
2024-06-24 17:39:18 查询号码 【1502346】，GSD为【"重庆-万州"】

2024-06-24 17:39:19 开始第 2436 次操作

2024-06-24 17:39:19 开始操作号码 【1502347】
2024-06-24 17:39:43 GSD getOne 第 1 次 等待 3 秒
2024-06-24 17:39:46 查询号码 【1502347】，返回信息 {"status":"ok","msg":"重庆-万州","gid":"50809","time_insert":"2021-04-21 17:05"}
2024-06-24 17:39:46 查询号码 【1502347】，GSD为【"重庆-万州"】

2024-06-24 18:19:49 开始第 2437 次操作

2024-06-24 18:19:49 开始操作号码 【1502348】
2024-06-24 18:20:04 GSD getOne 第 1 次 等待 3 秒
2024-06-24 18:20:07 查询号码 【1502348】，返回信息 {"status":"ok","msg":"重庆-万州","gid":"15363","time_insert":"2020-07-30 08:41","time_update":"2021-01-08 09:01"}
2024-06-24 18:20:07 查询号码 【1502348】，GSD为【"重庆-万州"】

2024-06-24 18:20:08 开始第 2438 次操作

2024-06-24 18:20:08 开始操作号码 【1502349】
2024-06-24 18:20:32 GSD getOne 第 1 次 等待 3 秒
2024-06-24 18:20:35 查询号码 【1502349】，返回信息 {"status":"ok","msg":"重庆-万州","gid":"15364","time_insert":"2017-12-04 15:53","time_update":"2021-01-08 09:06"}
2024-06-24 18:20:35 查询号码 【1502349】，GSD为【"重庆-万州"】

2024-06-24 18:20:36 开始第 2439 次操作

2024-06-24 18:20:36 开始操作号码 【1502350】
2024-06-24 18:20:58 GSD getOne 第 1 次 等待 3 秒
2024-06-24 18:21:01 查询号码 【1502350】，返回信息 {"status":"ok","msg":"重庆-涪陵","gid":"15365","time_insert":"2014-07-22 17:29","time_update":"2021-01-08 09:11"}
2024-06-24 18:21:01 查询号码 【1502350】，GSD为【"重庆-涪陵"】

2024-06-24 18:21:02 开始第 2440 次操作

2024-06-24 18:21:02 开始操作号码 【1502351】
2024-06-24 18:21:19 GSD getOne 第 1 次 等待 3 秒
2024-06-24 18:21:22 查询号码 【1502351】，返回信息 {"status":"ok","msg":"重庆-涪陵","gid":"15366","time_insert":"2018-12-26 15:57","time_update":"2021-01-08 09:17"}
2024-06-24 18:21:22 查询号码 【1502351】，GSD为【"重庆-涪陵"】

2024-06-24 18:39:06 开始第 2441 次操作

2024-06-24 18:39:06 开始操作号码 【1502352】
2024-06-24 18:39:28 GSD getOne 第 1 次 等待 3 秒
2024-06-24 18:39:31 查询号码 【1502352】，返回信息 {"status":"ok","msg":"重庆-涪陵","gid":"15367","time_insert":"2014-04-17 10:44","time_update":"2021-01-08 09:21"}
2024-06-24 18:39:31 查询号码 【1502352】，GSD为【"重庆-涪陵"】

2024-06-24 18:39:32 开始第 2442 次操作

2024-06-24 18:39:32 开始操作号码 【1502353】
2024-06-24 18:39:49 GSD getOne 第 1 次 等待 3 秒
2024-06-24 18:39:52 查询号码 【1502353】，返回信息 {"status":"ok","msg":"重庆-涪陵","gid":"120945","time_insert":"2021-06-24 04:32"}
2024-06-24 18:39:53 查询号码 【1502353】，GSD为【"重庆-涪陵"】

2024-06-24 18:39:54 开始第 2443 次操作

2024-06-24 18:39:54 开始操作号码 【1502354】
2024-06-24 18:40:20 GSD getOne 第 1 次 等待 3 秒
2024-06-24 18:40:23 查询号码 【1502354】，返回信息 {"status":"ok","msg":"重庆-涪陵","gid":"15368","time_insert":"2017-09-30 00:00","time_update":"2021-01-08 09:26"}
2024-06-24 18:40:23 查询号码 【1502354】，GSD为【"重庆-涪陵"】

2024-06-24 18:40:24 开始第 2444 次操作

2024-06-24 18:40:24 开始操作号码 【1502355】
2024-06-24 18:40:55 GSD getOne 第 1 次 等待 3 秒
2024-06-24 18:40:58 查询号码 【1502355】，返回信息 {"status":"ok","msg":"重庆-涪陵","gid":"15369","time_insert":"2017-11-25 13:56","time_update":"2021-01-08 09:31"}
2024-06-24 18:40:58 查询号码 【1502355】，GSD为【"重庆-涪陵"】

