2023-11-14 00:21:38 开始第 8397 次操作

2023-11-14 00:21:38 开始操作号码 【1938315】
2023-11-14 00:21:43 GSD getOne 第 1 次 等待 3 秒
2023-11-14 00:21:46 查询号码 【1938315】，返回信息 {"status":"ok","msg":"四川-宜宾","gid":"453470","time_insert":"2021-07-31 06:53"}
2023-11-14 00:21:46 查询号码 【1938315】，GSD为【"四川-宜宾"】

2023-11-14 00:21:47 开始第 8398 次操作

2023-11-14 00:21:47 开始操作号码 【1938316】
2023-11-14 00:21:51 GSD getOne 第 1 次 等待 3 秒
2023-11-14 00:21:54 查询号码 【1938316】，返回信息 {"status":"ok","msg":"四川-宜宾","gid":"453457","time_insert":"2021-07-31 06:53"}
2023-11-14 00:21:54 查询号码 【1938316】，GSD为【"四川-宜宾"】

2023-11-14 00:21:55 开始第 8399 次操作

2023-11-14 00:21:55 开始操作号码 【1938317】
2023-11-14 00:21:58 GSD getOne 第 1 次 等待 3 秒
2023-11-14 00:22:01 查询号码 【1938317】，返回信息 {"status":"ok","msg":"四川-宜宾","gid":"453442","time_insert":"2021-07-31 06:52"}
2023-11-14 00:22:01 查询号码 【1938317】，GSD为【"四川-宜宾"】

2023-11-14 00:22:02 开始第 8400 次操作

2023-11-14 00:22:02 开始操作号码 【1938318】
2023-11-14 00:22:08 GSD getOne 第 1 次 等待 3 秒
2023-11-14 00:22:11 查询号码 【1938318】，返回信息 {"status":"ok","msg":"四川-宜宾","gid":"453426","time_insert":"2021-07-31 06:51"}
2023-11-14 00:22:11 查询号码 【1938318】，GSD为【"四川-宜宾"】

