2024-03-16 00:20:34 开始第 9085 次操作

2024-03-16 00:20:34 开始操作号码 【1729004】
2024-03-16 00:21:00 GSD getOne 第 1 次 等待 3 秒
2024-03-16 00:21:03 查询号码 【1729004】，返回信息 {"status":"ok","msg":"江西-南昌","gid":"345493","time_insert":"2021-07-21 11:44"}
2024-03-16 00:21:03 查询号码 【1729004】，GSD为【"江西-南昌"】

2024-03-16 00:21:04 开始第 9086 次操作

2024-03-16 00:21:04 开始操作号码 【1729005】
2024-03-16 00:21:28 GSD getOne 第 1 次 等待 3 秒
2024-03-16 00:21:31 查询号码 【1729005】，返回信息 {"status":"ok","msg":"江西-南昌","gid":"345498","time_insert":"2021-07-21 11:45"}
2024-03-16 00:21:31 查询号码 【1729005】，GSD为【"江西-南昌"】

2024-03-16 00:21:32 开始第 9087 次操作

2024-03-16 00:21:32 开始操作号码 【1729006】
2024-03-16 00:21:56 GSD getOne 第 1 次 等待 3 秒
2024-03-16 00:21:59 查询号码 【1729006】，返回信息 {"status":"ok","msg":"江西-南昌","gid":"345500","time_insert":"2021-07-21 11:45"}
2024-03-16 00:21:59 查询号码 【1729006】，GSD为【"江西-南昌"】

2024-03-16 00:22:00 开始第 9088 次操作

2024-03-16 00:22:00 开始操作号码 【1729007】
2024-03-16 00:23:07 GSD getOne 第 1 次 等待 3 秒
2024-03-16 00:23:10 查询号码 【1729007】，返回信息 {"status":"ok","msg":"江西-南昌","gid":"345505","time_insert":"2021-07-21 11:46"}
2024-03-16 00:23:10 查询号码 【1729007】，GSD为【"江西-南昌"】

