2024-04-26 00:20:26 开始第 5521 次操作

2024-04-26 00:20:26 开始操作号码 【1615438】
2024-04-26 00:21:03 GSD getOne 第 1 次 等待 3 秒
2024-04-26 00:21:06 查询号码 【1615438】，返回信息 {"status":"ok","msg":"-","gid":"632372","time_insert":"2023-04-03 19:10"}
2024-04-26 00:21:06 查询号码 【1615438】，GSD为【"-"】
2024-04-26 00:21:06 ok && -
2024-04-26 00:21:10 CHB 1615438?1714062066 第 1 次 等待 3 秒
2024-04-26 00:21:13 CHB 1615438?1714062066 第 1 次 获取到号码【1615438】GSD
2024-04-26 00:21:13 未获取到号码【1615438】GSD，可能号码格式错误
2024-04-26 00:21:13 获取到号码【1615438】的GSD为【-】
2024-04-26 00:22:18 GSD insert 第 1 次 等待 3 秒
2024-04-26 00:22:21 {"status":"bad","gid":"632372","msg":"添加失败！号码【1615438(-|-)】已存在！"}
2024-04-26 00:22:21 随机等待 127 秒，约 2 分钟
2024-04-26 00:22:21 下次操作: 2024-04-26 00:24:28

2024-04-26 00:24:28 开始第 5522 次操作

2024-04-26 00:24:28 开始操作号码 【1615439】
2024-04-26 00:24:33 GSD getOne 第 1 次 等待 3 秒
2024-04-26 00:24:36 查询号码 【1615439】，返回信息 {"status":"ok","msg":"-","gid":"632399","time_insert":"2023-04-03 19:26"}
2024-04-26 00:24:36 查询号码 【1615439】，GSD为【"-"】
2024-04-26 00:24:36 ok && -
2024-04-26 00:26:11 CHB 1615439?1714062276 第 1 次 等待 3 秒
2024-04-26 00:26:14 CHB 1615439?1714062276 第 1 次 获取到号码【1615439】GSD
2024-04-26 00:26:14 未获取到号码【1615439】GSD，可能号码格式错误
2024-04-26 00:26:14 获取到号码【1615439】的GSD为【-】
2024-04-26 00:26:20 GSD insert 第 1 次 等待 3 秒
2024-04-26 00:26:23 {"status":"bad","gid":"632399","msg":"添加失败！号码【1615439(-|-)】已存在！"}
2024-04-26 00:26:23 随机等待 135 秒，约 2 分钟
2024-04-26 00:26:23 下次操作: 2024-04-26 00:28:38

2024-04-26 00:28:38 开始第 5523 次操作

2024-04-26 00:28:38 开始操作号码 【1615440】
2024-04-26 00:28:46 GSD getOne 第 1 次 等待 3 秒
2024-04-26 00:28:49 查询号码 【1615440】，返回信息 {"status":"ok","msg":"-","gid":"632422","time_insert":"2023-04-03 19:38"}
2024-04-26 00:28:49 查询号码 【1615440】，GSD为【"-"】
2024-04-26 00:28:49 ok && -
2024-04-26 00:28:51 CHB 1615440?1714062529 第 1 次 等待 3 秒
2024-04-26 00:28:54 CHB 1615440?1714062529 第 1 次 获取到号码【1615440】GSD
2024-04-26 00:28:54 未获取到号码【1615440】GSD，可能号码格式错误
2024-04-26 00:28:54 获取到号码【1615440】的GSD为【-】
2024-04-26 00:29:01 GSD insert 第 1 次 等待 3 秒
2024-04-26 00:29:04 {"status":"bad","gid":"632422","msg":"添加失败！号码【1615440(-|-)】已存在！"}
2024-04-26 00:29:04 随机等待 205 秒，约 3 分钟
2024-04-26 00:29:04 下次操作: 2024-04-26 00:32:29

2024-04-26 00:32:29 开始第 5524 次操作

2024-04-26 00:32:29 开始操作号码 【1615441】
2024-04-26 00:32:35 GSD getOne 第 1 次 等待 3 秒
2024-04-26 00:32:38 查询号码 【1615441】，返回信息 {"status":"ok","msg":"-","gid":"632459","time_insert":"2023-04-03 19:59"}
2024-04-26 00:32:38 查询号码 【1615441】，GSD为【"-"】
2024-04-26 00:32:38 ok && -
2024-04-26 00:32:40 CHB 1615441?1714062758 第 1 次 等待 3 秒
2024-04-26 00:32:43 CHB 1615441?1714062758 第 1 次 获取到号码【1615441】GSD
2024-04-26 00:32:43 未获取到号码【1615441】GSD，可能号码格式错误
2024-04-26 00:32:43 获取到号码【1615441】的GSD为【-】
2024-04-26 00:32:52 GSD insert 第 1 次 等待 3 秒
2024-04-26 00:32:55 {"status":"bad","gid":"632459","msg":"添加失败！号码【1615441(-|-)】已存在！"}

