2024-10-08 00:26:47 开始第 8461 次操作

2024-10-08 00:26:47 开始操作号码 【1398460】
2024-10-08 00:26:49 GSD getOne 第 1 次 等待 3 秒
2024-10-08 00:26:52 查询号码 【1398460】，返回信息 {"status":"ok","msg":"贵州-六盘水","gid":"13950","time_insert":"2017-11-12 16:41","time_update":"2020-11-18 17:06"}
2024-10-08 00:26:52 查询号码 【1398460】，GSD为【"贵州-六盘水"】

2024-10-08 00:26:53 开始第 8462 次操作

2024-10-08 00:26:53 开始操作号码 【1398461】
2024-10-08 00:26:55 GSD getOne 第 1 次 等待 3 秒
2024-10-08 00:26:58 查询号码 【1398461】，返回信息 {"status":"ok","msg":"贵州-六盘水","gid":"13951","time_insert":"2017-01-14 08:40","time_update":"2020-11-18 17:09"}
2024-10-08 00:26:58 查询号码 【1398461】，GSD为【"贵州-六盘水"】

2024-10-08 00:26:59 开始第 8463 次操作

2024-10-08 00:26:59 开始操作号码 【1398462】
2024-10-08 00:27:02 GSD getOne 第 1 次 等待 3 秒
2024-10-08 00:27:05 查询号码 【1398462】，返回信息 {"status":"ok","msg":"贵州-六盘水","gid":"13952","time_insert":"2018-09-03 22:38","time_update":"2020-11-18 17:14"}
2024-10-08 00:27:05 查询号码 【1398462】，GSD为【"贵州-六盘水"】

2024-10-08 00:27:06 开始第 8464 次操作

2024-10-08 00:27:06 开始操作号码 【1398463】
2024-10-08 00:27:08 GSD getOne 第 1 次 等待 3 秒
2024-10-08 00:27:11 查询号码 【1398463】，返回信息 {"status":"ok","msg":"贵州-六盘水","gid":"51629","time_insert":"2021-04-22 10:03"}
2024-10-08 00:27:11 查询号码 【1398463】，GSD为【"贵州-六盘水"】

