2024-10-23 00:41:39 开始第 961 次操作

2024-10-23 00:41:39 开始操作号码 【1310960】
2024-10-23 00:41:40 GSD getOne 第 1 次 等待 3 秒
2024-10-23 00:41:43 查询号码 【1310960】，返回信息 {"status":"ok","msg":"陕西-咸阳","gid":"62162","time_insert":"2021-05-19 01:04"}
2024-10-23 00:41:43 查询号码 【1310960】，GSD为【"陕西-咸阳"】

2024-10-23 00:41:44 开始第 962 次操作

2024-10-23 00:41:44 开始操作号码 【1310961】
2024-10-23 00:41:45 GSD getOne 第 1 次 等待 3 秒
2024-10-23 00:41:48 查询号码 【1310961】，返回信息 {"status":"ok","msg":"陕西-咸阳","gid":"62168","time_insert":"2021-05-19 01:20"}
2024-10-23 00:41:48 查询号码 【1310961】，GSD为【"陕西-咸阳"】

2024-10-23 00:41:49 开始第 963 次操作

2024-10-23 00:41:49 开始操作号码 【1310962】
2024-10-23 00:41:50 GSD getOne 第 1 次 等待 3 秒
2024-10-23 00:41:53 查询号码 【1310962】，返回信息 {"status":"ok","msg":"陕西-咸阳","gid":"62178","time_insert":"2021-05-19 01:50"}
2024-10-23 00:41:53 查询号码 【1310962】，GSD为【"陕西-咸阳"】

2024-10-23 00:41:54 开始第 964 次操作

2024-10-23 00:41:54 开始操作号码 【1310963】
2024-10-23 00:41:55 GSD getOne 第 1 次 等待 3 秒
2024-10-23 00:41:58 查询号码 【1310963】，返回信息 {"status":"ok","msg":"陕西-咸阳","gid":"1093","time_insert":"2017-08-18 23:02","time_update":"2020-12-11 00:48"}
2024-10-23 00:41:58 查询号码 【1310963】，GSD为【"陕西-咸阳"】

