2024-06-28 00:22:31 开始第 3009 次操作

2024-06-28 00:22:31 开始操作号码 【1502918】
2024-06-28 00:22:49 GSD getOne 第 1 次 等待 3 秒
2024-06-28 00:22:52 查询号码 【1502918】，返回信息 {"status":"ok","msg":"陕西-西安","gid":"157730","time_insert":"2021-06-30 03:10"}
2024-06-28 00:22:52 查询号码 【1502918】，GSD为【"陕西-西安"】

2024-06-28 00:22:53 开始第 3010 次操作

2024-06-28 00:22:53 开始操作号码 【1502919】
2024-06-28 00:23:08 GSD getOne 第 1 次 等待 3 秒
2024-06-28 00:23:11 查询号码 【1502919】，返回信息 {"status":"ok","msg":"陕西-咸阳","gid":"157864","time_insert":"2021-06-30 03:27"}
2024-06-28 00:23:11 查询号码 【1502919】，GSD为【"陕西-咸阳"】

2024-06-28 00:23:12 开始第 3011 次操作

2024-06-28 00:23:12 开始操作号码 【1502920】
2024-06-28 00:23:29 GSD getOne 第 1 次 等待 3 秒
2024-06-28 00:23:32 查询号码 【1502920】，返回信息 {"status":"ok","msg":"陕西-西安","gid":"158013","time_insert":"2021-06-30 03:47","time_update":"2021-06-30 04:54"}
2024-06-28 00:23:32 查询号码 【1502920】，GSD为【"陕西-西安"】

2024-06-28 00:23:33 开始第 3012 次操作

2024-06-28 00:23:33 开始操作号码 【1502921】
2024-06-28 00:23:58 GSD getOne 第 1 次 等待 3 秒
2024-06-28 00:24:01 查询号码 【1502921】，返回信息 {"status":"ok","msg":"陕西-西安","gid":"158168","time_insert":"2021-06-30 04:08"}
2024-06-28 00:24:01 查询号码 【1502921】，GSD为【"陕西-西安"】

2024-06-28 00:41:52 开始第 3013 次操作

2024-06-28 00:41:52 开始操作号码 【1502922】
2024-06-28 00:42:13 GSD getOne 第 1 次 等待 3 秒
2024-06-28 00:42:16 查询号码 【1502922】，返回信息 {"status":"ok","msg":"陕西-西安","gid":"158200","time_insert":"2021-06-30 04:29"}
2024-06-28 00:42:16 查询号码 【1502922】，GSD为【"陕西-西安"】

2024-06-28 00:42:17 开始第 3014 次操作

2024-06-28 00:42:17 开始操作号码 【1502923】
2024-06-28 00:42:45 GSD getOne 第 1 次 等待 3 秒
2024-06-28 00:42:48 查询号码 【1502923】，返回信息 {"status":"ok","msg":"陕西-西安","gid":"158311","time_insert":"2021-06-30 04:49","time_update":"2021-06-30 05:02"}
2024-06-28 00:42:48 查询号码 【1502923】，GSD为【"陕西-西安"】

2024-06-28 00:42:49 开始第 3015 次操作

2024-06-28 00:42:49 开始操作号码 【1502924】
2024-06-28 00:43:12 GSD getOne 第 1 次 等待 3 秒
2024-06-28 00:43:15 查询号码 【1502924】，返回信息 {"status":"ok","msg":"陕西-西安","gid":"158496","time_insert":"2021-06-30 05:11"}
2024-06-28 00:43:15 查询号码 【1502924】，GSD为【"陕西-西安"】

2024-06-28 00:43:16 开始第 3016 次操作

2024-06-28 00:43:16 开始操作号码 【1502925】
2024-06-28 00:43:41 GSD getOne 第 1 次 等待 3 秒
2024-06-28 00:43:44 查询号码 【1502925】，返回信息 {"status":"ok","msg":"陕西-西安","gid":"158527","time_insert":"2021-06-30 05:33"}
2024-06-28 00:43:45 查询号码 【1502925】，GSD为【"陕西-西安"】

2024-06-28 01:17:25 开始第 3017 次操作

2024-06-28 01:17:25 开始操作号码 【1502926】
2024-06-28 01:17:41 GSD getOne 第 1 次 等待 3 秒
2024-06-28 01:17:44 查询号码 【1502926】，返回信息 {"status":"ok","msg":"陕西-西安","gid":"158603","time_insert":"2021-06-30 05:50"}
2024-06-28 01:17:44 查询号码 【1502926】，GSD为【"陕西-西安"】

2024-06-28 01:17:45 开始第 3018 次操作

2024-06-28 01:17:45 开始操作号码 【1502927】
2024-06-28 01:18:02 GSD getOne 第 1 次 等待 3 秒
2024-06-28 01:18:05 查询号码 【1502927】，返回信息 {"status":"ok","msg":"陕西-西安","gid":"158826","time_insert":"2021-06-30 06:15"}
2024-06-28 01:18:05 查询号码 【1502927】，GSD为【"陕西-西安"】

2024-06-28 01:18:06 开始第 3019 次操作

2024-06-28 01:18:06 开始操作号码 【1502928】
2024-06-28 01:18:28 GSD getOne 第 1 次 等待 3 秒
2024-06-28 01:18:31 查询号码 【1502928】，返回信息 {"status":"ok","msg":"陕西-西安","gid":"15532","time_insert":"2017-08-19 19:05","time_update":"2020-12-09 21:01"}
2024-06-28 01:18:31 查询号码 【1502928】，GSD为【"陕西-西安"】

2024-06-28 01:18:32 开始第 3020 次操作

2024-06-28 01:18:32 开始操作号码 【1502929】
2024-06-28 01:18:48 GSD getOne 第 1 次 等待 3 秒
2024-06-28 01:18:51 查询号码 【1502929】，返回信息 {"status":"ok","msg":"陕西-西安","gid":"15533","time_insert":"2020-04-19 10:49","time_update":"2020-12-09 23:15"}
2024-06-28 01:18:51 查询号码 【1502929】，GSD为【"陕西-西安"】

2024-06-28 01:37:38 开始第 3021 次操作

2024-06-28 01:37:38 开始操作号码 【1502930】
2024-06-28 01:37:55 GSD getOne 第 1 次 等待 3 秒
2024-06-28 01:37:58 查询号码 【1502930】，返回信息 {"status":"ok","msg":"陕西-咸阳","gid":"158852","time_insert":"2021-06-30 06:35"}
2024-06-28 01:37:58 查询号码 【1502930】，GSD为【"陕西-咸阳"】

2024-06-28 01:37:59 开始第 3022 次操作

2024-06-28 01:37:59 开始操作号码 【1502931】
2024-06-28 01:38:24 GSD getOne 第 1 次 等待 3 秒
2024-06-28 01:38:27 查询号码 【1502931】，返回信息 {"status":"ok","msg":"陕西-延安","gid":"158959","time_insert":"2021-06-30 06:53"}
2024-06-28 01:38:27 查询号码 【1502931】，GSD为【"陕西-延安"】

2024-06-28 01:38:28 开始第 3023 次操作

2024-06-28 01:38:28 开始操作号码 【1502932】
2024-06-28 01:38:51 GSD getOne 第 1 次 等待 3 秒
2024-06-28 01:38:54 查询号码 【1502932】，返回信息 {"status":"ok","msg":"陕西-榆林","gid":"159126","time_insert":"2021-06-30 07:11"}
2024-06-28 01:38:54 查询号码 【1502932】，GSD为【"陕西-榆林"】

2024-06-28 01:38:55 开始第 3024 次操作

2024-06-28 01:38:55 开始操作号码 【1502933】
2024-06-28 01:39:24 GSD getOne 第 1 次 等待 3 秒
2024-06-28 01:39:27 查询号码 【1502933】，返回信息 {"status":"ok","msg":"陕西-渭南","gid":"159168","time_insert":"2021-06-30 07:30"}
2024-06-28 01:39:27 查询号码 【1502933】，GSD为【"陕西-渭南"】

2024-06-28 02:22:08 开始第 3025 次操作

2024-06-28 02:22:08 开始操作号码 【1502934】
2024-06-28 02:22:23 GSD getOne 第 1 次 等待 3 秒
2024-06-28 02:22:26 查询号码 【1502934】，返回信息 {"status":"ok","msg":"陕西-安康","gid":"15534","time_insert":"2017-04-20 19:35","time_update":"2020-12-09 22:48"}
2024-06-28 02:22:26 查询号码 【1502934】，GSD为【"陕西-安康"】

2024-06-28 02:22:27 开始第 3026 次操作

2024-06-28 02:22:27 开始操作号码 【1502935】
2024-06-28 02:22:42 GSD getOne 第 1 次 等待 3 秒
2024-06-28 02:22:45 查询号码 【1502935】，返回信息 {"status":"ok","msg":"陕西-西安","gid":"159335","time_insert":"2021-06-30 07:55"}
2024-06-28 02:22:45 查询号码 【1502935】，GSD为【"陕西-西安"】

2024-06-28 02:22:46 开始第 3027 次操作

2024-06-28 02:22:46 开始操作号码 【1502936】
2024-06-28 02:23:01 GSD getOne 第 1 次 等待 3 秒
2024-06-28 02:23:04 查询号码 【1502936】，返回信息 {"status":"ok","msg":"陕西-汉中","gid":"159470","time_insert":"2021-06-30 08:17"}
2024-06-28 02:23:04 查询号码 【1502936】，GSD为【"陕西-汉中"】

2024-06-28 02:23:05 开始第 3028 次操作

2024-06-28 02:23:05 开始操作号码 【1502937】
2024-06-28 02:23:20 GSD getOne 第 1 次 等待 3 秒
2024-06-28 02:23:23 查询号码 【1502937】，返回信息 {"status":"ok","msg":"陕西-宝鸡","gid":"159490","time_insert":"2021-06-30 08:32"}
2024-06-28 02:23:23 查询号码 【1502937】，GSD为【"陕西-宝鸡"】

2024-06-28 02:39:06 开始第 3029 次操作

2024-06-28 02:39:06 开始操作号码 【1502938】
2024-06-28 02:39:21 GSD getOne 第 1 次 等待 3 秒
2024-06-28 02:39:24 查询号码 【1502938】，返回信息 {"status":"ok","msg":"陕西-榆林","gid":"159516","time_insert":"2021-06-30 08:50"}
2024-06-28 02:39:24 查询号码 【1502938】，GSD为【"陕西-榆林"】

2024-06-28 02:39:25 开始第 3030 次操作

2024-06-28 02:39:25 开始操作号码 【1502939】
2024-06-28 02:40:23 GSD getOne 第 1 次 等待 3 秒
2024-06-28 02:40:26 查询号码 【1502939】，返回信息 {"status":"ok","msg":"陕西-铜川","gid":"159536","time_insert":"2021-06-30 09:06"}
2024-06-28 02:40:26 查询号码 【1502939】，GSD为【"陕西-铜川"】

2024-06-28 02:40:27 开始第 3031 次操作

2024-06-28 02:40:27 开始操作号码 【1502940】
2024-06-28 02:41:24 GSD getOne 第 1 次 等待 3 秒
2024-06-28 02:41:27 查询号码 【1502940】，返回信息 {"status":"ok","msg":"陕西-榆林","gid":"159562","time_insert":"2021-06-30 09:24"}
2024-06-28 02:41:27 查询号码 【1502940】，GSD为【"陕西-榆林"】

2024-06-28 02:41:28 开始第 3032 次操作

2024-06-28 02:41:28 开始操作号码 【1502941】
2024-06-28 02:41:51 GSD getOne 第 1 次 等待 3 秒
2024-06-28 02:41:54 查询号码 【1502941】，返回信息 {"status":"ok","msg":"陕西-延安","gid":"159592","time_insert":"2021-06-30 09:46"}
2024-06-28 02:41:54 查询号码 【1502941】，GSD为【"陕西-延安"】

2024-06-28 03:15:51 开始第 3033 次操作

2024-06-28 03:15:51 开始操作号码 【1502942】
2024-06-28 03:16:14 GSD getOne 第 1 次 等待 3 秒
2024-06-28 03:16:17 查询号码 【1502942】，返回信息 {"status":"ok","msg":"陕西-榆林","gid":"51331","time_insert":"2021-04-22 09:37"}
2024-06-28 03:16:18 查询号码 【1502942】，GSD为【"陕西-榆林"】

2024-06-28 03:16:19 开始第 3034 次操作

2024-06-28 03:16:19 开始操作号码 【1502943】
2024-06-28 03:16:34 GSD getOne 第 1 次 等待 3 秒
2024-06-28 03:16:37 查询号码 【1502943】，返回信息 {"status":"ok","msg":"陕西-渭南","gid":"159627","time_insert":"2021-06-30 10:10"}
2024-06-28 03:16:37 查询号码 【1502943】，GSD为【"陕西-渭南"】

2024-06-28 03:16:38 开始第 3035 次操作

2024-06-28 03:16:38 开始操作号码 【1502944】
2024-06-28 03:16:59 GSD getOne 第 1 次 等待 3 秒
2024-06-28 03:17:02 查询号码 【1502944】，返回信息 {"status":"ok","msg":"陕西-咸阳","gid":"159807","time_insert":"2021-06-30 10:33"}
2024-06-28 03:17:02 查询号码 【1502944】，GSD为【"陕西-咸阳"】

2024-06-28 03:17:03 开始第 3036 次操作

2024-06-28 03:17:03 开始操作号码 【1502945】
2024-06-28 03:17:27 GSD getOne 第 1 次 等待 3 秒
2024-06-28 03:17:30 查询号码 【1502945】，返回信息 {"status":"ok","msg":"陕西-安康","gid":"159959","time_insert":"2021-06-30 10:55"}
2024-06-28 03:17:30 查询号码 【1502945】，GSD为【"陕西-安康"】

2024-06-28 03:38:42 开始第 3037 次操作

2024-06-28 03:38:42 开始操作号码 【1502946】
2024-06-28 03:38:59 GSD getOne 第 1 次 等待 3 秒
2024-06-28 03:39:02 查询号码 【1502946】，返回信息 {"status":"ok","msg":"陕西-汉中","gid":"15535","time_insert":"2018-10-23 20:06","time_update":"2020-12-09 22:45"}
2024-06-28 03:39:02 查询号码 【1502946】，GSD为【"陕西-汉中"】

2024-06-28 03:39:03 开始第 3038 次操作

2024-06-28 03:39:03 开始操作号码 【1502947】
2024-06-28 03:39:28 GSD getOne 第 1 次 等待 3 秒
2024-06-28 03:39:31 查询号码 【1502947】，返回信息 {"status":"ok","msg":"陕西-宝鸡","gid":"160205","time_insert":"2021-06-30 11:21"}
2024-06-28 03:39:31 查询号码 【1502947】，GSD为【"陕西-宝鸡"】

2024-06-28 03:39:32 开始第 3039 次操作

2024-06-28 03:39:32 开始操作号码 【1502948】
2024-06-28 03:39:58 GSD getOne 第 1 次 等待 3 秒
2024-06-28 03:40:01 查询号码 【1502948】，返回信息 {"status":"ok","msg":"陕西-西安","gid":"160237","time_insert":"2021-06-30 11:41"}
2024-06-28 03:40:01 查询号码 【1502948】，GSD为【"陕西-西安"】

2024-06-28 03:40:02 开始第 3040 次操作

2024-06-28 03:40:02 开始操作号码 【1502949】
2024-06-28 03:40:25 GSD getOne 第 1 次 等待 3 秒
2024-06-28 03:40:28 查询号码 【1502949】，返回信息 {"status":"ok","msg":"陕西-汉中","gid":"15536","time_insert":"2020-06-18 21:39","time_update":"2020-12-09 22:42"}
2024-06-28 03:40:28 查询号码 【1502949】，GSD为【"陕西-汉中"】

2024-06-28 04:18:11 开始第 3041 次操作

2024-06-28 04:18:11 开始操作号码 【1502950】
2024-06-28 04:18:27 GSD getOne 第 1 次 等待 3 秒
2024-06-28 04:18:30 查询号码 【1502950】，返回信息 {"status":"ok","msg":"陕西-咸阳","gid":"160403","time_insert":"2021-06-30 12:00"}
2024-06-28 04:18:30 查询号码 【1502950】，GSD为【"陕西-咸阳"】

2024-06-28 04:18:31 开始第 3042 次操作

2024-06-28 04:18:31 开始操作号码 【1502951】
2024-06-28 04:18:44 GSD getOne 第 1 次 等待 3 秒
2024-06-28 04:18:47 查询号码 【1502951】，返回信息 {"status":"ok","msg":"陕西-榆林","gid":"160545","time_insert":"2021-06-30 12:24"}
2024-06-28 04:18:47 查询号码 【1502951】，GSD为【"陕西-榆林"】

2024-06-28 04:18:48 开始第 3043 次操作

2024-06-28 04:18:48 开始操作号码 【1502952】
2024-06-28 04:19:03 GSD getOne 第 1 次 等待 3 秒
2024-06-28 04:19:06 查询号码 【1502952】，返回信息 {"status":"ok","msg":"陕西-榆林","gid":"160566","time_insert":"2021-06-30 12:40"}
2024-06-28 04:19:06 查询号码 【1502952】，GSD为【"陕西-榆林"】

2024-06-28 04:19:07 开始第 3044 次操作

2024-06-28 04:19:07 开始操作号码 【1502953】
2024-06-28 04:19:27 GSD getOne 第 1 次 等待 3 秒
2024-06-28 04:19:30 查询号码 【1502953】，返回信息 {"status":"ok","msg":"陕西-渭南","gid":"160712","time_insert":"2021-06-30 13:05"}
2024-06-28 04:19:30 查询号码 【1502953】，GSD为【"陕西-渭南"】

2024-06-28 04:38:21 开始第 3045 次操作

2024-06-28 04:38:21 开始操作号码 【1502954】
2024-06-28 04:38:36 GSD getOne 第 1 次 等待 3 秒
2024-06-28 04:38:39 查询号码 【1502954】，返回信息 {"status":"ok","msg":"陕西-汉中","gid":"160875","time_insert":"2021-06-30 13:25"}
2024-06-28 04:38:39 查询号码 【1502954】，GSD为【"陕西-汉中"】

2024-06-28 04:38:40 开始第 3046 次操作

2024-06-28 04:38:40 开始操作号码 【1502955】
2024-06-28 04:38:57 GSD getOne 第 1 次 等待 3 秒
2024-06-28 04:39:00 查询号码 【1502955】，返回信息 {"status":"ok","msg":"陕西-西安","gid":"161122","time_insert":"2021-06-30 13:50"}
2024-06-28 04:39:00 查询号码 【1502955】，GSD为【"陕西-西安"】

2024-06-28 04:39:01 开始第 3047 次操作

2024-06-28 04:39:01 开始操作号码 【1502956】
2024-06-28 04:39:30 GSD getOne 第 1 次 等待 3 秒
2024-06-28 04:39:33 查询号码 【1502956】，返回信息 {"status":"ok","msg":"陕西-汉中","gid":"161173","time_insert":"2021-06-30 14:06"}
2024-06-28 04:39:33 查询号码 【1502956】，GSD为【"陕西-汉中"】

2024-06-28 04:39:34 开始第 3048 次操作

2024-06-28 04:39:34 开始操作号码 【1502957】
2024-06-28 04:39:59 GSD getOne 第 1 次 等待 3 秒
2024-06-28 04:40:02 查询号码 【1502957】，返回信息 {"status":"ok","msg":"陕西-西安","gid":"161206","time_insert":"2021-06-30 14:29"}
2024-06-28 04:40:02 查询号码 【1502957】，GSD为【"陕西-西安"】

2024-06-28 05:16:32 开始第 3049 次操作

2024-06-28 05:16:32 开始操作号码 【1502958】
2024-06-28 05:16:46 GSD getOne 第 1 次 等待 3 秒
2024-06-28 05:16:49 查询号码 【1502958】，返回信息 {"status":"ok","msg":"陕西-渭南","gid":"161236","time_insert":"2021-06-30 14:49"}
2024-06-28 05:16:49 查询号码 【1502958】，GSD为【"陕西-渭南"】

2024-06-28 05:16:50 开始第 3050 次操作

2024-06-28 05:16:50 开始操作号码 【1502959】
2024-06-28 05:17:04 GSD getOne 第 1 次 等待 3 秒
2024-06-28 05:17:07 查询号码 【1502959】，返回信息 {"status":"ok","msg":"陕西-安康","gid":"161380","time_insert":"2021-06-30 15:10"}
2024-06-28 05:17:07 查询号码 【1502959】，GSD为【"陕西-安康"】

2024-06-28 05:17:08 开始第 3051 次操作

2024-06-28 05:17:08 开始操作号码 【1502960】
2024-06-28 05:17:25 GSD getOne 第 1 次 等待 3 秒
2024-06-28 05:17:28 查询号码 【1502960】，返回信息 {"status":"ok","msg":"陕西-咸阳","gid":"161540","time_insert":"2021-06-30 15:33"}
2024-06-28 05:17:28 查询号码 【1502960】，GSD为【"陕西-咸阳"】

2024-06-28 05:17:29 开始第 3052 次操作

2024-06-28 05:17:29 开始操作号码 【1502961】
2024-06-28 05:17:54 GSD getOne 第 1 次 等待 3 秒
2024-06-28 05:17:57 查询号码 【1502961】，返回信息 {"status":"ok","msg":"陕西-西安","gid":"161592","time_insert":"2021-06-30 15:50"}
2024-06-28 05:17:57 查询号码 【1502961】，GSD为【"陕西-西安"】

2024-06-28 05:37:30 开始第 3053 次操作

2024-06-28 05:37:30 开始操作号码 【1502962】
2024-06-28 05:37:51 GSD getOne 第 1 次 等待 3 秒
2024-06-28 05:37:54 查询号码 【1502962】，返回信息 {"status":"ok","msg":"陕西-榆林","gid":"161635","time_insert":"2021-06-30 16:06"}
2024-06-28 05:37:54 查询号码 【1502962】，GSD为【"陕西-榆林"】

2024-06-28 05:37:55 开始第 3054 次操作

2024-06-28 05:37:55 开始操作号码 【1502963】
2024-06-28 05:38:12 GSD getOne 第 1 次 等待 3 秒
2024-06-28 05:38:15 查询号码 【1502963】，返回信息 {"status":"ok","msg":"陕西-渭南","gid":"161691","time_insert":"2021-06-30 16:27"}
2024-06-28 05:38:15 查询号码 【1502963】，GSD为【"陕西-渭南"】

2024-06-28 05:38:16 开始第 3055 次操作

2024-06-28 05:38:16 开始操作号码 【1502964】
2024-06-28 05:38:38 GSD getOne 第 1 次 等待 3 秒
2024-06-28 05:38:41 查询号码 【1502964】，返回信息 {"status":"ok","msg":"陕西-宝鸡","gid":"161933","time_insert":"2021-06-30 16:48"}
2024-06-28 05:38:41 查询号码 【1502964】，GSD为【"陕西-宝鸡"】

2024-06-28 05:38:42 开始第 3056 次操作

2024-06-28 05:38:42 开始操作号码 【1502965】
2024-06-28 05:39:08 GSD getOne 第 1 次 等待 3 秒
2024-06-28 05:39:11 查询号码 【1502965】，返回信息 {"status":"ok","msg":"陕西-渭南","gid":"162152","time_insert":"2021-06-30 17:06"}
2024-06-28 05:39:11 查询号码 【1502965】，GSD为【"陕西-渭南"】

2024-06-28 06:16:31 开始第 3057 次操作

2024-06-28 06:16:31 开始操作号码 【1502966】
2024-06-28 06:16:44 GSD getOne 第 1 次 等待 3 秒
2024-06-28 06:16:47 查询号码 【1502966】，返回信息 {"status":"ok","msg":"陕西-汉中","gid":"15537","time_insert":"2020-07-23 11:39","time_update":"2020-12-09 22:03"}
2024-06-28 06:16:48 查询号码 【1502966】，GSD为【"陕西-汉中"】

2024-06-28 06:16:49 开始第 3058 次操作

2024-06-28 06:16:49 开始操作号码 【1502967】
2024-06-28 06:17:02 GSD getOne 第 1 次 等待 3 秒
2024-06-28 06:17:05 查询号码 【1502967】，返回信息 {"status":"ok","msg":"陕西-西安","gid":"162203","time_insert":"2021-06-30 17:30"}
2024-06-28 06:17:06 查询号码 【1502967】，GSD为【"陕西-西安"】

2024-06-28 06:17:07 开始第 3059 次操作

2024-06-28 06:17:07 开始操作号码 【1502968】
2024-06-28 06:17:21 GSD getOne 第 1 次 等待 3 秒
2024-06-28 06:17:24 查询号码 【1502968】，返回信息 {"status":"ok","msg":"陕西-延安","gid":"162227","time_insert":"2021-06-30 17:48","time_update":"2021-06-30 18:21"}
2024-06-28 06:17:24 查询号码 【1502968】，GSD为【"陕西-延安"】

2024-06-28 06:17:25 开始第 3060 次操作

2024-06-28 06:17:25 开始操作号码 【1502969】
2024-06-28 06:17:46 GSD getOne 第 1 次 等待 3 秒
2024-06-28 06:17:49 查询号码 【1502969】，返回信息 {"status":"ok","msg":"陕西-榆林","gid":"162287","time_insert":"2021-06-30 18:08"}
2024-06-28 06:17:49 查询号码 【1502969】，GSD为【"陕西-榆林"】

2024-06-28 06:37:10 开始第 3061 次操作

2024-06-28 06:37:10 开始操作号码 【1502970】
2024-06-28 06:37:24 GSD getOne 第 1 次 等待 3 秒
2024-06-28 06:37:27 查询号码 【1502970】，返回信息 {"status":"ok","msg":"陕西-安康","gid":"162313","time_insert":"2021-06-30 18:25"}
2024-06-28 06:37:27 查询号码 【1502970】，GSD为【"陕西-安康"】

2024-06-28 06:37:28 开始第 3062 次操作

2024-06-28 06:37:28 开始操作号码 【1502971】
2024-06-28 06:37:44 GSD getOne 第 1 次 等待 3 秒
2024-06-28 06:37:47 查询号码 【1502971】，返回信息 {"status":"ok","msg":"陕西-渭南","gid":"162343","time_insert":"2021-06-30 18:45"}
2024-06-28 06:37:47 查询号码 【1502971】，GSD为【"陕西-渭南"】

2024-06-28 06:37:48 开始第 3063 次操作

2024-06-28 06:37:48 开始操作号码 【1502972】
2024-06-28 06:38:22 GSD getOne 第 1 次 等待 3 秒
2024-06-28 06:38:25 查询号码 【1502972】，返回信息 {"status":"ok","msg":"陕西-榆林","gid":"162395","time_insert":"2021-06-30 19:03"}
2024-06-28 06:38:25 查询号码 【1502972】，GSD为【"陕西-榆林"】

2024-06-28 06:38:26 开始第 3064 次操作

2024-06-28 06:38:26 开始操作号码 【1502973】
2024-06-28 06:38:52 GSD getOne 第 1 次 等待 3 秒
2024-06-28 06:38:55 查询号码 【1502973】，返回信息 {"status":"ok","msg":"陕西-榆林","gid":"15538","time_insert":"2014-01-28 12:50","time_update":"2020-12-09 22:06"}
2024-06-28 06:38:55 查询号码 【1502973】，GSD为【"陕西-榆林"】

2024-06-28 07:19:00 开始第 3065 次操作

2024-06-28 07:19:00 开始操作号码 【1502974】
2024-06-28 07:19:43 GSD getOne 第 1 次 等待 3 秒
2024-06-28 07:19:46 查询号码 【1502974】，返回信息 {"status":"ok","msg":"陕西-延安","gid":"162437","time_insert":"2021-06-30 19:26"}
2024-06-28 07:19:46 查询号码 【1502974】，GSD为【"陕西-延安"】

2024-06-28 07:19:47 开始第 3066 次操作

2024-06-28 07:19:47 开始操作号码 【1502975】
2024-06-28 07:20:01 GSD getOne 第 1 次 等待 3 秒
2024-06-28 07:20:04 查询号码 【1502975】，返回信息 {"status":"ok","msg":"陕西-西安","gid":"15539","time_insert":"2019-03-15 18:36","time_update":"2020-12-09 22:10"}
2024-06-28 07:20:04 查询号码 【1502975】，GSD为【"陕西-西安"】

2024-06-28 07:20:05 开始第 3067 次操作

2024-06-28 07:20:05 开始操作号码 【1502976】
2024-06-28 07:20:21 GSD getOne 第 1 次 等待 3 秒
2024-06-28 07:20:24 查询号码 【1502976】，返回信息 {"status":"ok","msg":"陕西-汉中","gid":"15540","time_insert":"2017-04-20 08:41","time_update":"2020-12-09 22:14"}
2024-06-28 07:20:24 查询号码 【1502976】，GSD为【"陕西-汉中"】

2024-06-28 07:20:25 开始第 3068 次操作

2024-06-28 07:20:25 开始操作号码 【1502977】
2024-06-28 07:20:51 GSD getOne 第 1 次 等待 3 秒
2024-06-28 07:20:54 查询号码 【1502977】，返回信息 {"status":"ok","msg":"陕西-汉中","gid":"15541","time_insert":"2018-06-11 11:03","time_update":"2020-12-09 20:01"}
2024-06-28 07:20:54 查询号码 【1502977】，GSD为【"陕西-汉中"】

