2023-09-30 00:20:32 开始第 641 次操作

2023-09-30 00:20:32 开始操作号码 【1930640】
2023-09-30 00:20:34 GSD getOne 第 1 次 等待 3 秒
2023-09-30 00:20:37 查询号码 【1930640】，返回信息 {"status":"ok","msg":"山东-日照","gid":"466971","time_insert":"2021-08-01 11:57"}
2023-09-30 00:20:37 查询号码 【1930640】，GSD为【"山东-日照"】

2023-09-30 00:20:38 开始第 642 次操作

2023-09-30 00:20:38 开始操作号码 【1930641】
2023-09-30 00:20:41 GSD getOne 第 1 次 等待 3 秒
2023-09-30 00:20:44 查询号码 【1930641】，返回信息 {"status":"ok","msg":"山东-日照","gid":"467146","time_insert":"2021-08-01 12:10"}
2023-09-30 00:20:44 查询号码 【1930641】，GSD为【"山东-日照"】

2023-09-30 00:20:45 开始第 643 次操作

2023-09-30 00:20:45 开始操作号码 【1930642】
2023-09-30 00:20:47 GSD getOne 第 1 次 等待 3 秒
2023-09-30 00:20:50 查询号码 【1930642】，返回信息 {"status":"ok","msg":"山东-枣庄","gid":"467224","time_insert":"2021-08-01 12:25"}
2023-09-30 00:20:50 查询号码 【1930642】，GSD为【"山东-枣庄"】

2023-09-30 00:20:51 开始第 644 次操作

2023-09-30 00:20:51 开始操作号码 【1930643】
2023-09-30 00:20:53 GSD getOne 第 1 次 等待 3 秒
2023-09-30 00:20:56 查询号码 【1930643】，返回信息 {"status":"ok","msg":"山东-滨州","gid":"467249","time_insert":"2021-08-01 12:35"}
2023-09-30 00:20:56 查询号码 【1930643】，GSD为【"山东-滨州"】

