2023-10-05 00:21:52 开始第 1529 次操作

2023-10-05 00:21:52 开始操作号码 【1931528】
2023-10-05 00:21:57 GSD getOne 第 1 次 等待 3 秒
2023-10-05 00:22:00 查询号码 【1931528】，返回信息 {"status":"ok","msg":"安徽-合肥","gid":"503070","time_insert":"2021-08-11 03:00","time_update":"2023-06-07 13:35"}
2023-10-05 00:22:00 查询号码 【1931528】，GSD为【"安徽-合肥"】

2023-10-05 00:22:01 开始第 1530 次操作

2023-10-05 00:22:01 开始操作号码 【1931529】
2023-10-05 00:22:05 GSD getOne 第 1 次 等待 3 秒
2023-10-05 00:22:08 查询号码 【1931529】，返回信息 {"status":"ok","msg":"安徽-合肥","gid":"503092","time_insert":"2021-08-11 03:16","time_update":"2023-06-07 13:39"}
2023-10-05 00:22:08 查询号码 【1931529】，GSD为【"安徽-合肥"】

2023-10-05 00:22:09 开始第 1531 次操作

2023-10-05 00:22:09 开始操作号码 【1931530】
2023-10-05 00:22:13 GSD getOne 第 1 次 等待 3 秒
2023-10-05 00:22:16 查询号码 【1931530】，返回信息 {"status":"ok","msg":"安徽-合肥","gid":"503116","time_insert":"2021-08-11 03:32","time_update":"2023-06-07 13:42"}
2023-10-05 00:22:16 查询号码 【1931530】，GSD为【"安徽-合肥"】

2023-10-05 00:22:17 开始第 1532 次操作

2023-10-05 00:22:17 开始操作号码 【1931531】
2023-10-05 00:22:28 GSD getOne 第 1 次 等待 3 秒
2023-10-05 00:22:31 查询号码 【1931531】，返回信息 {"status":"ok","msg":"安徽-合肥","gid":"503139","time_insert":"2021-08-11 03:50","time_update":"2023-06-07 13:46"}
2023-10-05 00:22:31 查询号码 【1931531】，GSD为【"安徽-合肥"】

2023-10-05 00:40:26 开始第 1533 次操作

2023-10-05 00:40:26 开始操作号码 【1931532】
2023-10-05 00:40:34 GSD getOne 第 1 次 等待 3 秒
2023-10-05 00:40:37 查询号码 【1931532】，返回信息 {"status":"ok","msg":"安徽-合肥","gid":"503171","time_insert":"2021-08-11 04:10","time_update":"2023-06-07 14:18"}
2023-10-05 00:40:37 查询号码 【1931532】，GSD为【"安徽-合肥"】

2023-10-05 00:40:38 开始第 1534 次操作

2023-10-05 00:40:38 开始操作号码 【1931533】
2023-10-05 00:40:40 GSD getOne 第 1 次 等待 3 秒
2023-10-05 00:40:43 查询号码 【1931533】，返回信息 {"status":"ok","msg":"安徽-合肥","gid":"503196","time_insert":"2021-08-11 04:30","time_update":"2023-06-07 14:20"}
2023-10-05 00:40:43 查询号码 【1931533】，GSD为【"安徽-合肥"】

2023-10-05 00:40:44 开始第 1535 次操作

2023-10-05 00:40:44 开始操作号码 【1931534】
2023-10-05 00:40:47 GSD getOne 第 1 次 等待 3 秒
2023-10-05 00:40:50 查询号码 【1931534】，返回信息 {"status":"ok","msg":"安徽-宣城","gid":"503226","time_insert":"2021-08-11 04:48","time_update":"2023-06-07 14:24"}
2023-10-05 00:40:51 查询号码 【1931534】，GSD为【"安徽-宣城"】

2023-10-05 00:40:52 开始第 1536 次操作

2023-10-05 00:40:52 开始操作号码 【1931535】
2023-10-05 00:40:55 GSD getOne 第 1 次 等待 3 秒
2023-10-05 00:40:58 查询号码 【1931535】，返回信息 {"status":"ok","msg":"安徽-合肥","gid":"503247","time_insert":"2021-08-11 05:03","time_update":"2023-06-07 14:26"}
2023-10-05 00:40:58 查询号码 【1931535】，GSD为【"安徽-合肥"】

