2024-08-27 00:26:05 开始第 1325 次操作

2024-08-27 00:26:05 开始操作号码 【1391324】
2024-08-27 00:26:13 GSD getOne 第 1 次 等待 3 秒
2024-08-27 00:26:16 查询号码 【1391324】，返回信息 {"status":"ok","msg":"江苏-苏州","gid":"75510","time_insert":"2021-06-01 08:38"}
2024-08-27 00:26:16 查询号码 【1391324】，GSD为【"江苏-苏州"】

2024-08-27 00:26:17 开始第 1326 次操作

2024-08-27 00:26:17 开始操作号码 【1391325】
2024-08-27 00:26:25 GSD getOne 第 1 次 等待 3 秒
2024-08-27 00:26:28 查询号码 【1391325】，返回信息 {"status":"ok","msg":"江苏-苏州","gid":"75546","time_insert":"2021-06-01 09:02"}
2024-08-27 00:26:28 查询号码 【1391325】，GSD为【"江苏-苏州"】

2024-08-27 00:26:29 开始第 1327 次操作

2024-08-27 00:26:29 开始操作号码 【1391326】
2024-08-27 00:26:37 GSD getOne 第 1 次 等待 3 秒
2024-08-27 00:26:40 查询号码 【1391326】，返回信息 {"status":"ok","msg":"江苏-苏州","gid":"75575","time_insert":"2021-06-01 09:25"}
2024-08-27 00:26:40 查询号码 【1391326】，GSD为【"江苏-苏州"】

2024-08-27 00:26:41 开始第 1328 次操作

2024-08-27 00:26:41 开始操作号码 【1391327】
2024-08-27 00:26:48 GSD getOne 第 1 次 等待 3 秒
2024-08-27 00:26:51 查询号码 【1391327】，返回信息 {"status":"ok","msg":"江苏-苏州","gid":"75603","time_insert":"2021-06-01 09:47"}
2024-08-27 00:26:52 查询号码 【1391327】，GSD为【"江苏-苏州"】

2024-08-27 00:43:56 开始第 1329 次操作

2024-08-27 00:43:56 开始操作号码 【1391328】
2024-08-27 00:44:04 GSD getOne 第 1 次 等待 3 秒
2024-08-27 00:44:07 查询号码 【1391328】，返回信息 {"status":"ok","msg":"江苏-苏州","gid":"75623","time_insert":"2021-06-01 10:15"}
2024-08-27 00:44:07 查询号码 【1391328】，GSD为【"江苏-苏州"】

2024-08-27 00:44:08 开始第 1330 次操作

2024-08-27 00:44:08 开始操作号码 【1391329】
2024-08-27 00:44:16 GSD getOne 第 1 次 等待 3 秒
2024-08-27 00:44:19 查询号码 【1391329】，返回信息 {"status":"ok","msg":"江苏-苏州","gid":"75641","time_insert":"2021-06-01 10:41"}
2024-08-27 00:44:19 查询号码 【1391329】，GSD为【"江苏-苏州"】

2024-08-27 00:44:20 开始第 1331 次操作

2024-08-27 00:44:20 开始操作号码 【1391330】
2024-08-27 00:44:28 GSD getOne 第 1 次 等待 3 秒
2024-08-27 00:44:31 查询号码 【1391330】，返回信息 {"status":"ok","msg":"江苏-南京","gid":"75659","time_insert":"2021-06-01 11:03"}
2024-08-27 00:44:31 查询号码 【1391330】，GSD为【"江苏-南京"】

2024-08-27 00:44:32 开始第 1332 次操作

2024-08-27 00:44:32 开始操作号码 【1391331】
2024-08-27 00:44:41 GSD getOne 第 1 次 等待 3 秒
2024-08-27 00:44:44 查询号码 【1391331】，返回信息 {"status":"ok","msg":"江苏-南京","gid":"75683","time_insert":"2021-06-01 11:31"}
2024-08-27 00:44:44 查询号码 【1391331】，GSD为【"江苏-南京"】

