2021-07-25 09:54:43 开始第 1 次操作

2021-07-25 09:54:43 开始操作号码 【1829947】
2021-07-25 09:54:45 GSD getOne 第 1 次 等待 3 秒
2021-07-25 09:54:48 查询号码 【1829947】，返回信息 {"status":"bad","msg":""}
2021-07-25 09:54:49 查询号码 【1829947】，GSD为【""】
2021-07-25 09:54:49 bad
2021-07-25 09:54:50 CHB 1829947?1627178089 第 1 次 等待 3 秒
2021-07-25 09:54:53 CHB 1829947?1627178089 第 1 次 获取到号码【1829947】GSD
2021-07-25 09:54:53 获取到号码【1829947】的GSD为【新疆-乌鲁木齐】
2021-07-25 09:54:56 GSD insert 第 1 次 等待 3 秒
2021-07-25 09:54:59 {"status":"ok","gid":387578,"msg":"添加成功！"}
2021-07-25 09:54:59 下次操作: 2021-07-25 09:55:23

2021-07-25 09:55:23 开始第 2 次操作

2021-07-25 09:55:23 开始操作号码 【1829946】
2021-07-25 09:55:26 GSD getOne 第 1 次 等待 3 秒
2021-07-25 09:55:29 查询号码 【1829946】，返回信息 {"status":"bad","msg":""}
2021-07-25 09:55:29 查询号码 【1829946】，GSD为【""】
2021-07-25 09:55:29 bad
2021-07-25 09:55:30 CHB 1829946?1627178129 第 1 次 等待 3 秒
2021-07-25 09:55:33 CHB 1829946?1627178129 第 1 次 获取到号码【1829946】GSD
2021-07-25 09:55:33 获取到号码【1829946】的GSD为【新疆-乌鲁木齐】
2021-07-25 09:55:36 GSD insert 第 1 次 等待 3 秒
2021-07-25 09:55:39 {"status":"ok","gid":387588,"msg":"添加成功！"}
2021-07-25 09:55:39 下次操作: 2021-07-25 09:56:03

2021-07-25 09:56:03 开始第 3 次操作

2021-07-25 09:56:03 开始操作号码 【1829945】
2021-07-25 09:56:06 GSD getOne 第 1 次 等待 3 秒
2021-07-25 09:56:09 查询号码 【1829945】，返回信息 {"status":"bad","msg":""}
2021-07-25 09:56:09 查询号码 【1829945】，GSD为【""】
2021-07-25 09:56:09 bad
2021-07-25 09:56:10 CHB 1829945?1627178169 第 1 次 等待 3 秒
2021-07-25 09:56:13 CHB 1829945?1627178169 第 1 次 获取到号码【1829945】GSD
2021-07-25 09:56:13 获取到号码【1829945】的GSD为【新疆-乌鲁木齐】
2021-07-25 09:56:16 GSD insert 第 1 次 等待 3 秒
2021-07-25 09:56:19 {"status":"ok","gid":387601,"msg":"添加成功！"}
2021-07-25 09:56:19 下次操作: 2021-07-25 09:56:39

2021-07-25 09:56:39 开始第 4 次操作

2021-07-25 09:56:39 开始操作号码 【1829944】
2021-07-25 09:56:42 GSD getOne 第 1 次 等待 3 秒
2021-07-25 09:56:45 查询号码 【1829944】，返回信息 {"status":"bad","msg":""}
2021-07-25 09:56:45 查询号码 【1829944】，GSD为【""】
2021-07-25 09:56:45 bad
2021-07-25 09:56:46 CHB 1829944?1627178205 第 1 次 等待 3 秒
2021-07-25 09:56:49 CHB 1829944?1627178205 第 1 次 获取到号码【1829944】GSD
2021-07-25 09:56:49 获取到号码【1829944】的GSD为【新疆-乌鲁木齐】
2021-07-25 09:56:52 GSD insert 第 1 次 等待 3 秒
2021-07-25 09:56:55 {"status":"ok","gid":387610,"msg":"添加成功！"}
2021-07-25 09:56:55 下次操作: 2021-07-25 09:57:18

2021-07-25 09:57:18 开始第 5 次操作

2021-07-25 09:57:18 开始操作号码 【1829943】
2021-07-25 09:57:21 GSD getOne 第 1 次 等待 3 秒
2021-07-25 09:57:24 查询号码 【1829943】，返回信息 {"status":"bad","msg":""}
2021-07-25 09:57:24 查询号码 【1829943】，GSD为【""】
2021-07-25 09:57:24 bad
2021-07-25 09:57:25 CHB 1829943?1627178244 第 1 次 等待 3 秒
2021-07-25 09:57:28 CHB 1829943?1627178244 第 1 次 获取到号码【1829943】GSD
2021-07-25 09:57:28 获取到号码【1829943】的GSD为【新疆-乌鲁木齐】
2021-07-25 09:57:31 GSD insert 第 1 次 等待 3 秒
2021-07-25 09:57:34 {"status":"ok","gid":387618,"msg":"添加成功！"}
2021-07-25 09:57:34 下次操作: 2021-07-25 09:57:55

2021-07-25 09:57:55 开始第 6 次操作

2021-07-25 09:57:55 开始操作号码 【1829942】
2021-07-25 09:57:58 GSD getOne 第 1 次 等待 3 秒
2021-07-25 09:58:01 查询号码 【1829942】，返回信息 {"status":"bad","msg":""}
2021-07-25 09:58:01 查询号码 【1829942】，GSD为【""】
2021-07-25 09:58:01 bad
2021-07-25 09:58:02 CHB 1829942?1627178281 第 1 次 等待 3 秒
2021-07-25 09:58:05 CHB 1829942?1627178281 第 1 次 获取到号码【1829942】GSD
2021-07-25 09:58:05 获取到号码【1829942】的GSD为【新疆-乌鲁木齐】
2021-07-25 09:58:08 GSD insert 第 1 次 等待 3 秒
2021-07-25 09:58:11 {"status":"ok","gid":387625,"msg":"添加成功！"}
2021-07-25 09:58:11 下次操作: 2021-07-25 09:58:27

2021-07-25 09:58:27 开始第 7 次操作

2021-07-25 09:58:27 开始操作号码 【1829941】
2021-07-25 09:58:30 GSD getOne 第 1 次 等待 3 秒
2021-07-25 09:58:33 查询号码 【1829941】，返回信息 {"status":"bad","msg":""}
2021-07-25 09:58:33 查询号码 【1829941】，GSD为【""】
2021-07-25 09:58:33 bad
2021-07-25 09:58:34 CHB 1829941?1627178313 第 1 次 等待 3 秒
2021-07-25 09:58:37 CHB 1829941?1627178313 第 1 次 获取到号码【1829941】GSD
2021-07-25 09:58:38 获取到号码【1829941】的GSD为【新疆-乌鲁木齐】
2021-07-25 09:58:40 GSD insert 第 1 次 等待 3 秒
2021-07-25 09:58:43 {"status":"ok","gid":387632,"msg":"添加成功！"}
2021-07-25 09:58:43 下次操作: 2021-07-25 09:59:05

2021-07-25 09:59:05 开始第 8 次操作

2021-07-25 09:59:05 开始操作号码 【1829940】
2021-07-25 09:59:08 GSD getOne 第 1 次 等待 3 秒
2021-07-25 09:59:11 查询号码 【1829940】，返回信息 {"status":"ok","msg":"新疆-乌鲁木齐","gid":"50855","time_insert":"2021-04-21 17:09"}
2021-07-25 09:59:11 查询号码 【1829940】，GSD为【"新疆-乌鲁木齐"】

2021-07-25 09:59:11 开始第 8 次操作

2021-07-25 09:59:11 开始操作号码 【1829939】
2021-07-25 09:59:13 GSD getOne 第 1 次 等待 3 秒
2021-07-25 09:59:16 查询号码 【1829939】，返回信息 {"status":"bad","msg":""}
2021-07-25 09:59:17 查询号码 【1829939】，GSD为【""】
2021-07-25 09:59:17 bad
2021-07-25 09:59:18 CHB 1829939?1627178357 第 1 次 等待 3 秒
2021-07-25 09:59:21 CHB 1829939?1627178357 第 1 次 获取到号码【1829939】GSD
2021-07-25 09:59:21 获取到号码【1829939】的GSD为【新疆-奎屯】
2021-07-25 09:59:24 GSD insert 第 1 次 等待 3 秒
2021-07-25 09:59:27 {"status":"ok","gid":387641,"msg":"添加成功！"}
2021-07-25 09:59:27 下次操作: 2021-07-25 09:59:49

2021-07-25 09:59:49 开始第 9 次操作

2021-07-25 09:59:49 开始操作号码 【1829938】
2021-07-25 09:59:51 GSD getOne 第 1 次 等待 3 秒
2021-07-25 09:59:55 查询号码 【1829938】，返回信息 {"status":"bad","msg":""}
2021-07-25 09:59:55 查询号码 【1829938】，GSD为【""】
2021-07-25 09:59:55 bad
2021-07-25 09:59:56 CHB 1829938?1627178395 第 1 次 等待 3 秒
2021-07-25 09:59:59 CHB 1829938?1627178395 第 1 次 获取到号码【1829938】GSD
2021-07-25 09:59:59 获取到号码【1829938】的GSD为【新疆-石河子】
2021-07-25 10:00:02 GSD insert 第 1 次 等待 3 秒
2021-07-25 10:00:05 {"status":"ok","gid":387649,"msg":"添加成功！"}
2021-07-25 10:00:05 下次操作: 2021-07-25 10:00:28

2021-07-25 10:00:28 开始第 10 次操作

2021-07-25 10:00:28 开始操作号码 【1829937】
2021-07-25 10:00:31 GSD getOne 第 1 次 等待 3 秒
2021-07-25 10:00:34 查询号码 【1829937】，返回信息 {"status":"bad","msg":""}
2021-07-25 10:00:34 查询号码 【1829937】，GSD为【""】
2021-07-25 10:00:34 bad
2021-07-25 10:00:36 CHB 1829937?1627178434 第 1 次 等待 3 秒
2021-07-25 10:00:39 CHB 1829937?1627178434 第 1 次 获取到号码【1829937】GSD
2021-07-25 10:00:39 获取到号码【1829937】的GSD为【新疆-石河子】
2021-07-25 10:00:41 GSD insert 第 1 次 等待 3 秒
2021-07-25 10:00:44 {"status":"ok","gid":387660,"msg":"添加成功！"}
2021-07-25 10:00:44 下次操作: 2021-07-25 10:01:05

2021-07-25 10:01:05 开始第 11 次操作

2021-07-25 10:01:05 开始操作号码 【1829936】
2021-07-25 10:01:08 GSD getOne 第 1 次 等待 3 秒
2021-07-25 10:01:11 查询号码 【1829936】，返回信息 {"status":"bad","msg":""}
2021-07-25 10:01:11 查询号码 【1829936】，GSD为【""】
2021-07-25 10:01:11 bad
2021-07-25 10:01:13 CHB 1829936?1627178471 第 1 次 等待 3 秒
2021-07-25 10:01:16 CHB 1829936?1627178471 第 1 次 获取到号码【1829936】GSD
2021-07-25 10:01:16 获取到号码【1829936】的GSD为【新疆-哈密】
2021-07-25 10:01:18 GSD insert 第 1 次 等待 3 秒
2021-07-25 10:01:21 {"status":"ok","gid":387668,"msg":"添加成功！"}
2021-07-25 10:01:21 下次操作: 2021-07-25 10:01:40

2021-07-25 10:01:40 开始第 12 次操作

2021-07-25 10:01:40 开始操作号码 【1829935】
2021-07-25 10:01:43 GSD getOne 第 1 次 等待 3 秒
2021-07-25 10:01:46 查询号码 【1829935】，返回信息 {"status":"bad","msg":""}
2021-07-25 10:01:46 查询号码 【1829935】，GSD为【""】
2021-07-25 10:01:46 bad
2021-07-25 10:01:48 CHB 1829935?1627178506 第 1 次 等待 3 秒
2021-07-25 10:01:51 CHB 1829935?1627178506 第 1 次 获取到号码【1829935】GSD
2021-07-25 10:01:51 获取到号码【1829935】的GSD为【新疆-哈密】
2021-07-25 10:01:53 GSD insert 第 1 次 等待 3 秒
2021-07-25 10:01:56 {"status":"ok","gid":387675,"msg":"添加成功！"}
2021-07-25 10:01:56 下次操作: 2021-07-25 10:02:18

2021-07-25 10:02:18 开始第 13 次操作

2021-07-25 10:02:18 开始操作号码 【1829934】
2021-07-25 10:02:21 GSD getOne 第 1 次 等待 3 秒
2021-07-25 10:02:24 查询号码 【1829934】，返回信息 {"status":"bad","msg":""}
2021-07-25 10:02:24 查询号码 【1829934】，GSD为【""】
2021-07-25 10:02:24 bad
2021-07-25 10:02:26 CHB 1829934?1627178544 第 1 次 等待 3 秒
2021-07-25 10:02:29 CHB 1829934?1627178544 第 1 次 获取到号码【1829934】GSD
2021-07-25 10:02:29 获取到号码【1829934】的GSD为【新疆-哈密】
2021-07-25 10:02:31 GSD insert 第 1 次 等待 3 秒
2021-07-25 10:02:34 {"status":"ok","gid":387682,"msg":"添加成功！"}
2021-07-25 10:02:34 下次操作: 2021-07-25 10:02:55

2021-07-25 10:02:55 开始第 14 次操作

2021-07-25 10:02:55 开始操作号码 【1829933】
2021-07-25 10:02:58 GSD getOne 第 1 次 等待 3 秒
2021-07-25 10:03:01 查询号码 【1829933】，返回信息 {"status":"ok","msg":"新疆-哈密","gid":"36938","time_insert":"2019-07-25 18:40","time_update":"2021-06-16 14:01"}
2021-07-25 10:03:01 查询号码 【1829933】，GSD为【"新疆-哈密"】

2021-07-25 10:03:01 开始第 14 次操作

2021-07-25 10:03:01 开始操作号码 【1829932】
2021-07-25 10:03:04 GSD getOne 第 1 次 等待 3 秒
2021-07-25 10:03:07 查询号码 【1829932】，返回信息 {"status":"ok","msg":"新疆-哈密","gid":"36937","time_insert":"2018-03-25 11:29","time_update":"2020-12-24 13:26"}
2021-07-25 10:03:07 查询号码 【1829932】，GSD为【"新疆-哈密"】

2021-07-25 10:03:07 开始第 14 次操作

2021-07-25 10:03:07 开始操作号码 【1829931】
2021-07-25 10:03:10 GSD getOne 第 1 次 等待 3 秒
2021-07-25 10:03:13 查询号码 【1829931】，返回信息 {"status":"bad","msg":""}
2021-07-25 10:03:13 查询号码 【1829931】，GSD为【""】
2021-07-25 10:03:13 bad
2021-07-25 10:03:14 CHB 1829931?1627178593 第 1 次 等待 3 秒
2021-07-25 10:03:17 CHB 1829931?1627178593 第 1 次 获取到号码【1829931】GSD
2021-07-25 10:03:17 获取到号码【1829931】的GSD为【新疆-哈密】
2021-07-25 10:03:20 GSD insert 第 1 次 等待 3 秒
2021-07-25 10:03:23 {"status":"ok","gid":387692,"msg":"添加成功！"}
2021-07-25 10:03:23 下次操作: 2021-07-25 10:03:42

2021-07-25 10:03:42 开始第 15 次操作

2021-07-25 10:03:42 开始操作号码 【1829930】
2021-07-25 10:03:45 GSD getOne 第 1 次 等待 3 秒
2021-07-25 10:03:48 查询号码 【1829930】，返回信息 {"status":"bad","msg":""}
2021-07-25 10:03:48 查询号码 【1829930】，GSD为【""】
2021-07-25 10:03:48 bad
2021-07-25 10:03:49 CHB 1829930?1627178628 第 1 次 等待 3 秒
2021-07-25 10:03:52 CHB 1829930?1627178628 第 1 次 获取到号码【1829930】GSD
2021-07-25 10:03:52 获取到号码【1829930】的GSD为【新疆-哈密】
2021-07-25 10:03:55 GSD insert 第 1 次 等待 3 秒
2021-07-25 10:03:58 {"status":"ok","gid":387697,"msg":"添加成功！"}
2021-07-25 10:03:58 下次操作: 2021-07-25 10:04:21

2021-07-25 10:04:21 开始第 16 次操作

2021-07-25 10:04:21 开始操作号码 【1829929】
2021-07-25 10:04:24 GSD getOne 第 1 次 等待 3 秒
2021-07-25 10:04:27 查询号码 【1829929】，返回信息 {"status":"bad","msg":""}
2021-07-25 10:04:27 查询号码 【1829929】，GSD为【""】
2021-07-25 10:04:27 bad
2021-07-25 10:04:28 CHB 1829929?1627178667 第 1 次 等待 3 秒
2021-07-25 10:04:31 CHB 1829929?1627178667 第 1 次 获取到号码【1829929】GSD
2021-07-25 10:04:31 获取到号码【1829929】的GSD为【新疆-吐鲁番】
2021-07-25 10:04:34 GSD insert 第 1 次 等待 3 秒
2021-07-25 10:04:37 {"status":"ok","gid":387703,"msg":"添加成功！"}
2021-07-25 10:04:37 下次操作: 2021-07-25 10:04:59

2021-07-25 10:04:59 开始第 17 次操作

2021-07-25 10:04:59 开始操作号码 【1829928】
2021-07-25 10:05:02 GSD getOne 第 1 次 等待 3 秒
2021-07-25 10:05:05 查询号码 【1829928】，返回信息 {"status":"bad","msg":""}
2021-07-25 10:05:05 查询号码 【1829928】，GSD为【""】
2021-07-25 10:05:05 bad
2021-07-25 10:05:06 CHB 1829928?1627178705 第 1 次 等待 3 秒
2021-07-25 10:05:09 CHB 1829928?1627178705 第 1 次 获取到号码【1829928】GSD
2021-07-25 10:05:09 未获取到号码【1829928】GSD，查号吧 400 错误
2021-07-25 10:05:09 获取到号码【1829928】的GSD为【-】
2021-07-25 10:05:12 GSD insert 第 1 次 等待 3 秒
2021-07-25 10:05:15 {"status":"ok","gid":387705,"msg":"添加成功！"}
2021-07-25 10:05:15 下次操作: 2021-07-25 10:05:28

2021-07-25 10:05:28 开始第 18 次操作

2021-07-25 10:05:28 开始操作号码 【1829927】
2021-07-25 10:05:31 GSD getOne 第 1 次 等待 3 秒
2021-07-25 10:05:34 查询号码 【1829927】，返回信息 {"status":"ok","msg":"新疆-伊犁","gid":"36936","time_insert":"2013-12-09 20:17","time_update":"2020-12-24 07:20"}
2021-07-25 10:05:34 查询号码 【1829927】，GSD为【"新疆-伊犁"】

2021-07-25 10:05:34 开始第 18 次操作

2021-07-25 10:05:34 开始操作号码 【1829926】
2021-07-25 10:05:36 GSD getOne 第 1 次 等待 3 秒
2021-07-25 10:05:39 查询号码 【1829926】，返回信息 {"status":"ok","msg":"新疆-伊犁","gid":"36935","time_insert":"2018-01-08 18:12","time_update":"2020-12-24 07:34"}
2021-07-25 10:05:39 查询号码 【1829926】，GSD为【"新疆-伊犁"】

2021-07-25 10:05:39 开始第 18 次操作

2021-07-25 10:05:39 开始操作号码 【1829925】
2021-07-25 10:05:42 GSD getOne 第 1 次 等待 3 秒
2021-07-25 10:05:45 查询号码 【1829925】，返回信息 {"status":"bad","msg":""}
2021-07-25 10:05:45 查询号码 【1829925】，GSD为【""】
2021-07-25 10:05:45 bad
2021-07-25 10:05:47 CHB 1829925?1627178745 第 1 次 等待 3 秒
2021-07-25 10:05:50 CHB 1829925?1627178745 第 1 次 获取到号码【1829925】GSD
2021-07-25 10:05:50 获取到号码【1829925】的GSD为【新疆-伊犁】
2021-07-25 10:05:52 GSD insert 第 1 次 等待 3 秒
2021-07-25 10:05:55 {"status":"ok","gid":387712,"msg":"添加成功！"}
2021-07-25 10:05:55 下次操作: 2021-07-25 10:06:11

2021-07-25 10:06:11 开始第 19 次操作

2021-07-25 10:06:11 开始操作号码 【1829924】
2021-07-25 10:06:14 GSD getOne 第 1 次 等待 3 秒
2021-07-25 10:06:17 查询号码 【1829924】，返回信息 {"status":"bad","msg":""}
2021-07-25 10:06:17 查询号码 【1829924】，GSD为【""】
2021-07-25 10:06:17 bad
2021-07-25 10:06:19 CHB 1829924?1627178777 第 1 次 等待 3 秒
2021-07-25 10:06:22 CHB 1829924?1627178777 第 1 次 获取到号码【1829924】GSD
2021-07-25 10:06:22 获取到号码【1829924】的GSD为【新疆-伊犁】
2021-07-25 10:06:24 GSD insert 第 1 次 等待 3 秒
2021-07-25 10:06:27 {"status":"ok","gid":387716,"msg":"添加成功！"}
2021-07-25 10:06:27 下次操作: 2021-07-25 10:06:51

2021-07-25 10:06:51 开始第 20 次操作

2021-07-25 10:06:51 开始操作号码 【1829923】
2021-07-25 10:06:54 GSD getOne 第 1 次 等待 3 秒
2021-07-25 10:06:57 查询号码 【1829923】，返回信息 {"status":"bad","msg":""}
2021-07-25 10:06:57 查询号码 【1829923】，GSD为【""】
2021-07-25 10:06:57 bad
2021-07-25 10:06:59 CHB 1829923?1627178817 第 1 次 等待 3 秒
2021-07-25 10:07:02 CHB 1829923?1627178817 第 1 次 获取到号码【1829923】GSD
2021-07-25 10:07:02 获取到号码【1829923】的GSD为【新疆-伊犁】
2021-07-25 10:07:04 GSD insert 第 1 次 等待 3 秒
2021-07-25 10:07:07 {"status":"ok","gid":387719,"msg":"添加成功！"}
2021-07-25 10:07:07 下次操作: 2021-07-25 10:07:27

2021-07-25 10:07:27 开始第 21 次操作

2021-07-25 10:07:27 开始操作号码 【1829922】
2021-07-25 10:07:30 GSD getOne 第 1 次 等待 3 秒
2021-07-25 10:07:33 查询号码 【1829922】，返回信息 {"status":"ok","msg":"新疆-伊犁","gid":"36934","time_insert":"2017-07-18 12:32","time_update":"2020-12-24 08:03"}
2021-07-25 10:07:33 查询号码 【1829922】，GSD为【"新疆-伊犁"】

2021-07-25 10:07:33 开始第 21 次操作

2021-07-25 10:07:33 开始操作号码 【1829921】
2021-07-25 10:07:36 GSD getOne 第 1 次 等待 3 秒
2021-07-25 10:07:39 查询号码 【1829921】，返回信息 {"status":"bad","msg":""}
2021-07-25 10:07:39 查询号码 【1829921】，GSD为【""】
2021-07-25 10:07:39 bad
2021-07-25 10:07:41 CHB 1829921?1627178859 第 1 次 等待 3 秒
2021-07-25 10:07:44 CHB 1829921?1627178859 第 1 次 获取到号码【1829921】GSD
2021-07-25 10:07:44 获取到号码【1829921】的GSD为【新疆-伊犁】
2021-07-25 10:07:46 GSD insert 第 1 次 等待 3 秒
2021-07-25 10:07:49 {"status":"ok","gid":387722,"msg":"添加成功！"}
2021-07-25 10:07:49 下次操作: 2021-07-25 10:08:03

2021-07-25 10:08:03 开始第 22 次操作

2021-07-25 10:08:03 开始操作号码 【1829920】
2021-07-25 10:08:06 GSD getOne 第 1 次 等待 3 秒
2021-07-25 10:08:09 查询号码 【1829920】，返回信息 {"status":"bad","msg":""}
2021-07-25 10:08:09 查询号码 【1829920】，GSD为【""】
2021-07-25 10:08:09 bad
2021-07-25 10:08:11 CHB 1829920?1627178889 第 1 次 等待 3 秒
2021-07-25 10:08:14 CHB 1829920?1627178889 第 1 次 获取到号码【1829920】GSD
2021-07-25 10:08:14 获取到号码【1829920】的GSD为【新疆-伊犁】
2021-07-25 10:08:16 GSD insert 第 1 次 等待 3 秒
2021-07-25 10:08:19 {"status":"ok","gid":387726,"msg":"添加成功！"}
2021-07-25 10:08:19 下次操作: 2021-07-25 10:08:37

2021-07-25 10:08:37 开始第 23 次操作

2021-07-25 10:08:37 开始操作号码 【1829919】
2021-07-25 10:08:41 GSD getOne 第 1 次 等待 3 秒
2021-07-25 10:08:44 查询号码 【1829919】，返回信息 {"status":"bad","msg":""}
2021-07-25 10:08:45 查询号码 【1829919】，GSD为【""】
2021-07-25 10:08:45 bad
2021-07-25 10:08:46 CHB 1829919?1627178925 第 1 次 等待 3 秒
2021-07-25 10:08:49 CHB 1829919?1627178925 第 1 次 获取到号码【1829919】GSD
2021-07-25 10:08:49 获取到号码【1829919】的GSD为【新疆-乌鲁木齐】
2021-07-25 10:08:52 GSD insert 第 1 次 等待 3 秒
2021-07-25 10:08:55 {"status":"ok","gid":387731,"msg":"添加成功！"}
2021-07-25 10:08:55 下次操作: 2021-07-25 10:09:08

2021-07-25 10:09:08 开始第 24 次操作

2021-07-25 10:09:08 开始操作号码 【1829918】
2021-07-25 10:09:10 GSD getOne 第 1 次 等待 3 秒
2021-07-25 10:09:13 查询号码 【1829918】，返回信息 {"status":"bad","msg":""}
2021-07-25 10:09:14 查询号码 【1829918】，GSD为【""】
2021-07-25 10:09:14 bad
2021-07-25 10:09:15 CHB 1829918?1627178954 第 1 次 等待 3 秒
2021-07-25 10:09:18 CHB 1829918?1627178954 第 1 次 获取到号码【1829918】GSD
2021-07-25 10:09:18 获取到号码【1829918】的GSD为【新疆-乌鲁木齐】
2021-07-25 10:09:21 GSD insert 第 1 次 等待 3 秒
2021-07-25 10:09:24 {"status":"ok","gid":387735,"msg":"添加成功！"}
2021-07-25 10:09:24 下次操作: 2021-07-25 10:09:43

2021-07-25 10:09:43 开始第 25 次操作

2021-07-25 10:09:43 开始操作号码 【1829917】
2021-07-25 10:09:46 GSD getOne 第 1 次 等待 3 秒
2021-07-25 10:09:49 查询号码 【1829917】，返回信息 {"status":"bad","msg":""}
2021-07-25 10:09:49 查询号码 【1829917】，GSD为【""】
2021-07-25 10:09:49 bad
2021-07-25 10:09:51 CHB 1829917?1627178989 第 1 次 等待 3 秒
2021-07-25 10:09:54 CHB 1829917?1627178989 第 1 次 获取到号码【1829917】GSD
2021-07-25 10:09:54 获取到号码【1829917】的GSD为【新疆-乌鲁木齐】
2021-07-25 10:09:56 GSD insert 第 1 次 等待 3 秒
2021-07-25 10:10:00 {"status":"ok","gid":387740,"msg":"添加成功！"}
2021-07-25 10:10:00 下次操作: 2021-07-25 10:10:15

2021-07-25 10:10:15 开始第 26 次操作

2021-07-25 10:10:15 开始操作号码 【1829916】
2021-07-25 10:10:17 GSD getOne 第 1 次 等待 3 秒
2021-07-25 10:10:20 查询号码 【1829916】，返回信息 {"status":"bad","msg":""}
2021-07-25 10:10:20 查询号码 【1829916】，GSD为【""】
2021-07-25 10:10:20 bad
2021-07-25 10:10:22 CHB 1829916?1627179020 第 1 次 等待 3 秒
2021-07-25 10:10:25 CHB 1829916?1627179020 第 1 次 获取到号码【1829916】GSD
2021-07-25 10:10:25 获取到号码【1829916】的GSD为【新疆-乌鲁木齐】
2021-07-25 10:10:27 GSD insert 第 1 次 等待 3 秒
2021-07-25 10:10:30 {"status":"ok","gid":387745,"msg":"添加成功！"}
2021-07-25 10:10:30 下次操作: 2021-07-25 10:10:50

2021-07-25 10:10:51 开始第 27 次操作

2021-07-25 10:10:51 开始操作号码 【1829915】
2021-07-25 10:10:53 GSD getOne 第 1 次 等待 3 秒
2021-07-25 10:10:56 查询号码 【1829915】，返回信息 {"status":"bad","msg":""}
2021-07-25 10:10:56 查询号码 【1829915】，GSD为【""】
2021-07-25 10:10:56 bad
2021-07-25 10:10:58 CHB 1829915?1627179056 第 1 次 等待 3 秒
2021-07-25 10:11:01 CHB 1829915?1627179056 第 1 次 获取到号码【1829915】GSD
2021-07-25 10:11:01 获取到号码【1829915】的GSD为【新疆-乌鲁木齐】
2021-07-25 10:11:04 GSD insert 第 1 次 等待 3 秒
2021-07-25 10:11:07 {"status":"ok","gid":387750,"msg":"添加成功！"}
2021-07-25 10:11:07 下次操作: 2021-07-25 10:11:25

2021-07-25 10:11:25 开始第 28 次操作

2021-07-25 10:11:25 开始操作号码 【1829914】
2021-07-25 10:11:27 GSD getOne 第 1 次 等待 3 秒
2021-07-25 10:11:30 查询号码 【1829914】，返回信息 {"status":"bad","msg":""}
2021-07-25 10:11:30 查询号码 【1829914】，GSD为【""】
2021-07-25 10:11:30 bad
2021-07-25 10:11:32 CHB 1829914?1627179090 第 1 次 等待 3 秒
2021-07-25 10:11:35 CHB 1829914?1627179090 第 1 次 获取到号码【1829914】GSD
2021-07-25 10:11:35 获取到号码【1829914】的GSD为【新疆-乌鲁木齐】
2021-07-25 10:11:38 GSD insert 第 1 次 等待 3 秒
2021-07-25 10:11:41 {"status":"ok","gid":387755,"msg":"添加成功！"}
2021-07-25 10:11:41 下次操作: 2021-07-25 10:12:01

2021-07-25 10:12:01 开始第 29 次操作

2021-07-25 10:12:01 开始操作号码 【1829913】
2021-07-25 10:12:04 GSD getOne 第 1 次 等待 3 秒
2021-07-25 10:12:07 查询号码 【1829913】，返回信息 {"status":"bad","msg":""}
2021-07-25 10:12:07 查询号码 【1829913】，GSD为【""】
2021-07-25 10:12:07 bad
2021-07-25 10:12:08 CHB 1829913?1627179127 第 1 次 等待 3 秒
2021-07-25 10:12:11 CHB 1829913?1627179127 第 1 次 获取到号码【1829913】GSD
2021-07-25 10:12:11 获取到号码【1829913】的GSD为【新疆-乌鲁木齐】
2021-07-25 10:12:14 GSD insert 第 1 次 等待 3 秒
2021-07-25 10:12:17 {"status":"ok","gid":387758,"msg":"添加成功！"}
2021-07-25 10:12:17 下次操作: 2021-07-25 10:12:41

2021-07-25 10:12:41 开始第 30 次操作

2021-07-25 10:12:41 开始操作号码 【1829912】
2021-07-25 10:12:44 GSD getOne 第 1 次 等待 3 秒
2021-07-25 10:12:47 查询号码 【1829912】，返回信息 {"status":"bad","msg":""}
2021-07-25 10:12:47 查询号码 【1829912】，GSD为【""】
2021-07-25 10:12:47 bad
2021-07-25 10:12:48 CHB 1829912?1627179167 第 1 次 等待 3 秒
2021-07-25 10:12:51 CHB 1829912?1627179167 第 1 次 获取到号码【1829912】GSD
2021-07-25 10:12:52 获取到号码【1829912】的GSD为【新疆-乌鲁木齐】
2021-07-25 10:12:54 GSD insert 第 1 次 等待 3 秒
2021-07-25 10:12:57 {"status":"ok","gid":387763,"msg":"添加成功！"}
2021-07-25 10:12:57 下次操作: 2021-07-25 10:13:13

2021-07-25 10:13:13 开始第 31 次操作

2021-07-25 10:13:13 开始操作号码 【1829911】
2021-07-25 10:13:16 GSD getOne 第 1 次 等待 3 秒
2021-07-25 10:13:19 查询号码 【1829911】，返回信息 {"status":"bad","msg":""}
2021-07-25 10:13:19 查询号码 【1829911】，GSD为【""】
2021-07-25 10:13:19 bad
2021-07-25 10:13:21 CHB 1829911?1627179199 第 1 次 等待 3 秒
2021-07-25 10:13:24 CHB 1829911?1627179199 第 1 次 获取到号码【1829911】GSD
2021-07-25 10:13:24 获取到号码【1829911】的GSD为【新疆-乌鲁木齐】
2021-07-25 10:13:26 GSD insert 第 1 次 等待 3 秒
2021-07-25 10:13:29 {"status":"ok","gid":387767,"msg":"添加成功！"}
2021-07-25 10:13:29 下次操作: 2021-07-25 10:13:48

2021-07-25 10:13:48 开始第 32 次操作

2021-07-25 10:13:48 开始操作号码 【1829910】
2021-07-25 10:13:51 GSD getOne 第 1 次 等待 3 秒
2021-07-25 10:13:54 查询号码 【1829910】，返回信息 {"status":"bad","msg":""}
2021-07-25 10:13:54 查询号码 【1829910】，GSD为【""】
2021-07-25 10:13:54 bad
2021-07-25 10:13:56 CHB 1829910?1627179234 第 1 次 等待 3 秒
2021-07-25 10:13:59 CHB 1829910?1627179234 第 1 次 获取到号码【1829910】GSD
2021-07-25 10:13:59 获取到号码【1829910】的GSD为【新疆-乌鲁木齐】
2021-07-25 10:14:01 GSD insert 第 1 次 等待 3 秒
2021-07-25 10:14:04 {"status":"ok","gid":387771,"msg":"添加成功！"}
2021-07-25 10:14:04 下次操作: 2021-07-25 10:14:24

2021-07-25 10:14:24 开始第 33 次操作

2021-07-25 10:14:24 开始操作号码 【1829909】
2021-07-25 10:14:27 GSD getOne 第 1 次 等待 3 秒
2021-07-25 10:14:30 查询号码 【1829909】，返回信息 {"status":"ok","msg":"新疆-石河子","gid":"36933","time_insert":"2017-05-05 14:45","time_update":"2020-12-24 08:29"}
2021-07-25 10:14:30 查询号码 【1829909】，GSD为【"新疆-石河子"】

2021-07-25 10:14:30 开始第 33 次操作

2021-07-25 10:14:30 开始操作号码 【1829908】
2021-07-25 10:14:32 GSD getOne 第 1 次 等待 3 秒
2021-07-25 10:14:35 查询号码 【1829908】，返回信息 {"status":"bad","msg":""}
2021-07-25 10:14:36 查询号码 【1829908】，GSD为【""】
2021-07-25 10:14:36 bad
2021-07-25 10:14:37 CHB 1829908?1627179276 第 1 次 等待 3 秒
2021-07-25 10:14:40 CHB 1829908?1627179276 第 1 次 获取到号码【1829908】GSD
2021-07-25 10:14:40 获取到号码【1829908】的GSD为【新疆-石河子】
2021-07-25 10:14:43 GSD insert 第 1 次 等待 3 秒
2021-07-25 10:14:46 {"status":"ok","gid":387773,"msg":"添加成功！"}
2021-07-25 10:14:46 下次操作: 2021-07-25 10:15:04

2021-07-25 10:15:04 开始第 34 次操作

2021-07-25 10:15:04 开始操作号码 【1829907】
2021-07-25 10:15:07 GSD getOne 第 1 次 等待 3 秒
2021-07-25 10:15:10 查询号码 【1829907】，返回信息 {"status":"ok","msg":"新疆-石河子","gid":"36932","time_insert":"2017-12-30 13:13","time_update":"2020-12-24 08:54"}
2021-07-25 10:15:10 查询号码 【1829907】，GSD为【"新疆-石河子"】

2021-07-25 10:15:10 开始第 34 次操作

2021-07-25 10:15:10 开始操作号码 【1829906】
2021-07-25 10:15:13 GSD getOne 第 1 次 等待 3 秒
2021-07-25 10:15:16 查询号码 【1829906】，返回信息 {"status":"bad","msg":""}
2021-07-25 10:15:16 查询号码 【1829906】，GSD为【""】
2021-07-25 10:15:16 bad
2021-07-25 10:15:17 CHB 1829906?1627179316 第 1 次 等待 3 秒
2021-07-25 10:15:20 CHB 1829906?1627179316 第 1 次 获取到号码【1829906】GSD
2021-07-25 10:15:20 获取到号码【1829906】的GSD为【新疆-乌鲁木齐】
2021-07-25 10:15:23 GSD insert 第 1 次 等待 3 秒
2021-07-25 10:15:26 {"status":"ok","gid":387778,"msg":"添加成功！"}
2021-07-25 10:15:26 下次操作: 2021-07-25 10:15:38

2021-07-25 10:15:38 开始第 35 次操作

2021-07-25 10:15:38 开始操作号码 【1829905】
2021-07-25 10:15:41 GSD getOne 第 1 次 等待 3 秒
2021-07-25 10:15:44 查询号码 【1829905】，返回信息 {"status":"bad","msg":""}
2021-07-25 10:15:44 查询号码 【1829905】，GSD为【""】
2021-07-25 10:15:44 bad
2021-07-25 10:15:45 CHB 1829905?1627179344 第 1 次 等待 3 秒
2021-07-25 10:15:48 CHB 1829905?1627179344 第 1 次 获取到号码【1829905】GSD
2021-07-25 10:15:48 获取到号码【1829905】的GSD为【新疆-吐鲁番】
2021-07-25 10:15:51 GSD insert 第 1 次 等待 3 秒
2021-07-25 10:15:54 {"status":"ok","gid":387782,"msg":"添加成功！"}
2021-07-25 10:15:54 下次操作: 2021-07-25 10:16:09

2021-07-25 10:16:09 开始第 36 次操作

2021-07-25 10:16:09 开始操作号码 【1829904】
2021-07-25 10:16:12 GSD getOne 第 1 次 等待 3 秒
2021-07-25 10:16:15 查询号码 【1829904】，返回信息 {"status":"bad","msg":""}
2021-07-25 10:16:15 查询号码 【1829904】，GSD为【""】
2021-07-25 10:16:15 bad
2021-07-25 10:16:16 CHB 1829904?1627179375 第 1 次 等待 3 秒
2021-07-25 10:16:19 CHB 1829904?1627179375 第 1 次 获取到号码【1829904】GSD
2021-07-25 10:16:19 获取到号码【1829904】的GSD为【新疆-吐鲁番】
2021-07-25 10:16:22 GSD insert 第 1 次 等待 3 秒
2021-07-25 10:16:25 {"status":"ok","gid":387785,"msg":"添加成功！"}
2021-07-25 10:16:25 下次操作: 2021-07-25 10:16:46

2021-07-25 10:16:46 开始第 37 次操作

2021-07-25 10:16:46 开始操作号码 【1829903】
2021-07-25 10:16:49 GSD getOne 第 1 次 等待 3 秒
2021-07-25 10:16:52 查询号码 【1829903】，返回信息 {"status":"ok","msg":"新疆-喀什","gid":"36931","time_insert":"2018-03-23 11:44","time_update":"2020-12-24 09:36"}
2021-07-25 10:16:52 查询号码 【1829903】，GSD为【"新疆-喀什"】

2021-07-25 10:16:52 开始第 37 次操作

2021-07-25 10:16:52 开始操作号码 【1829902】
2021-07-25 10:16:54 GSD getOne 第 1 次 等待 3 秒
2021-07-25 10:16:57 查询号码 【1829902】，返回信息 {"status":"bad","msg":""}
2021-07-25 10:16:57 查询号码 【1829902】，GSD为【""】
2021-07-25 10:16:57 bad
2021-07-25 10:16:59 CHB 1829902?1627179417 第 1 次 等待 3 秒
2021-07-25 10:17:02 CHB 1829902?1627179417 第 1 次 获取到号码【1829902】GSD
2021-07-25 10:17:02 获取到号码【1829902】的GSD为【新疆-喀什】
2021-07-25 10:17:05 GSD insert 第 1 次 等待 3 秒
2021-07-25 10:17:08 {"status":"ok","gid":387789,"msg":"添加成功！"}
2021-07-25 10:17:08 下次操作: 2021-07-25 10:17:29

2021-07-25 10:17:29 开始第 38 次操作

2021-07-25 10:17:29 开始操作号码 【1829901】
2021-07-25 10:17:31 GSD getOne 第 1 次 等待 3 秒
2021-07-25 10:17:34 查询号码 【1829901】，返回信息 {"status":"ok","msg":"新疆-喀什","gid":"36930","time_insert":"2017-05-30 14:16","time_update":"2020-12-24 09:25"}
2021-07-25 10:17:34 查询号码 【1829901】，GSD为【"新疆-喀什"】

2021-07-25 10:17:34 开始第 38 次操作

2021-07-25 10:17:34 开始操作号码 【1829900】
2021-07-25 10:17:37 GSD getOne 第 1 次 等待 3 秒
2021-07-25 10:17:40 查询号码 【1829900】，返回信息 {"status":"bad","msg":""}
2021-07-25 10:17:40 查询号码 【1829900】，GSD为【""】
2021-07-25 10:17:40 bad
2021-07-25 10:17:41 CHB 1829900?1627179460 第 1 次 等待 3 秒
2021-07-25 10:17:44 CHB 1829900?1627179460 第 1 次 获取到号码【1829900】GSD
2021-07-25 10:17:45 获取到号码【1829900】的GSD为【新疆-喀什】
2021-07-25 10:17:47 GSD insert 第 1 次 等待 3 秒
2021-07-25 10:17:50 {"status":"ok","gid":387792,"msg":"添加成功！"}
2021-07-25 10:17:50 下次操作: 2021-07-25 10:18:12

2021-07-25 10:18:12 开始第 39 次操作

2021-07-25 10:18:12 开始操作号码 【1829899】
2021-07-25 10:18:15 GSD getOne 第 1 次 等待 3 秒
2021-07-25 10:18:18 查询号码 【1829899】，返回信息 {"status":"bad","msg":""}
2021-07-25 10:18:18 查询号码 【1829899】，GSD为【""】
2021-07-25 10:18:18 bad
2021-07-25 10:18:19 CHB 1829899?1627179498 第 1 次 等待 3 秒
2021-07-25 10:18:22 CHB 1829899?1627179498 第 1 次 获取到号码【1829899】GSD
2021-07-25 10:18:23 获取到号码【1829899】的GSD为【甘肃-嘉峪关】
2021-07-25 10:18:25 GSD insert 第 1 次 等待 3 秒
2021-07-25 10:18:28 {"status":"ok","gid":387794,"msg":"添加成功！"}
2021-07-25 10:18:28 下次操作: 2021-07-25 10:18:42

2021-07-25 10:18:42 开始第 40 次操作

2021-07-25 10:18:42 开始操作号码 【1829898】
2021-07-25 10:18:45 GSD getOne 第 1 次 等待 3 秒
2021-07-25 10:18:48 查询号码 【1829898】，返回信息 {"status":"bad","msg":""}
2021-07-25 10:18:48 查询号码 【1829898】，GSD为【""】
2021-07-25 10:18:48 bad
2021-07-25 10:18:49 CHB 1829898?1627179528 第 1 次 等待 3 秒
2021-07-25 10:18:52 CHB 1829898?1627179528 第 1 次 获取到号码【1829898】GSD
2021-07-25 10:18:52 获取到号码【1829898】的GSD为【甘肃-嘉峪关】
2021-07-25 10:18:55 GSD insert 第 1 次 等待 3 秒
2021-07-25 10:18:58 {"status":"ok","gid":387798,"msg":"添加成功！"}

