2021-08-02 00:00:58 开始第 9 次操作

2021-08-02 00:00:58 开始操作号码 【1999409】
2021-08-02 00:01:02 GSD getOne 第 1 次 等待 3 秒
2021-08-02 00:01:05 查询号码 【1999409】，返回信息 {"status":"bad","msg":""}
2021-08-02 00:01:05 查询号码 【1999409】，GSD为【""】
2021-08-02 00:01:05 bad
2021-08-02 00:01:07 CHB 1999409?1627833665 第 1 次 等待 3 秒
2021-08-02 00:01:10 CHB 1999409?1627833665 第 1 次 获取到号码【1999409】GSD
2021-08-02 00:01:10 未获取到号码【1999409】GSD，可能号码格式错误
2021-08-02 00:01:10 获取到号码【1999409】的GSD为【-】
2021-08-02 00:01:37 GSD insert 第 1 次 等待 3 秒
2021-08-02 00:01:40 {"status":"ok","gid":473056,"msg":"添加成功！"}
2021-08-02 00:01:40 下次操作: 2021-08-02 00:02:00

2021-08-02 00:02:00 开始第 10 次操作

2021-08-02 00:02:00 开始操作号码 【1999408】
2021-08-02 00:02:10 GSD getOne 第 1 次 等待 3 秒
2021-08-02 00:02:13 查询号码 【1999408】，返回信息 {"status":"bad","msg":""}
2021-08-02 00:02:13 查询号码 【1999408】，GSD为【""】
2021-08-02 00:02:13 bad
2021-08-02 00:02:14 CHB 1999408?1627833733 第 1 次 等待 3 秒
2021-08-02 00:02:17 CHB 1999408?1627833733 第 1 次 获取到号码【1999408】GSD
2021-08-02 00:02:17 未获取到号码【1999408】GSD，可能号码格式错误
2021-08-02 00:02:17 获取到号码【1999408】的GSD为【-】
2021-08-02 00:02:59 GSD insert 第 1 次 等待 3 秒
2021-08-02 00:03:02 {"status":"ok","gid":473071,"msg":"添加成功！"}
2021-08-02 00:03:02 下次操作: 2021-08-02 00:03:18

2021-08-02 00:03:18 开始第 11 次操作

2021-08-02 00:03:18 开始操作号码 【1999407】
2021-08-02 00:04:08 GSD getOne 第 1 次 等待 3 秒
2021-08-02 00:04:11 查询号码 【1999407】，返回信息 {"status":"bad","msg":""}
2021-08-02 00:04:11 查询号码 【1999407】，GSD为【""】
2021-08-02 00:04:11 bad
2021-08-02 00:04:13 CHB 1999407?1627833851 第 1 次 等待 3 秒
2021-08-02 00:04:16 CHB 1999407?1627833851 第 1 次 获取到号码【1999407】GSD
2021-08-02 00:04:16 未获取到号码【1999407】GSD，可能号码格式错误
2021-08-02 00:04:16 获取到号码【1999407】的GSD为【-】
2021-08-02 00:04:53 GSD insert 第 1 次 等待 3 秒
2021-08-02 00:04:56 {"status":"ok","gid":473096,"msg":"添加成功！"}
2021-08-02 00:04:56 下次操作: 2021-08-02 00:05:18

2021-08-02 00:05:18 开始第 12 次操作

2021-08-02 00:05:18 开始操作号码 【1999406】
2021-08-02 00:05:24 GSD getOne 第 1 次 等待 3 秒
2021-08-02 00:05:27 查询号码 【1999406】，返回信息 {"status":"bad","msg":""}
2021-08-02 00:05:27 查询号码 【1999406】，GSD为【""】
2021-08-02 00:05:27 bad
2021-08-02 00:05:29 CHB 1999406?1627833927 第 1 次 等待 3 秒
2021-08-02 00:05:32 CHB 1999406?1627833927 第 1 次 获取到号码【1999406】GSD
2021-08-02 00:05:32 未获取到号码【1999406】GSD，可能号码格式错误
2021-08-02 00:05:32 获取到号码【1999406】的GSD为【-】
2021-08-02 00:06:18 GSD insert 第 1 次 等待 3 秒
2021-08-02 00:06:21 {"status":"ok","gid":473115,"msg":"添加成功！"}
2021-08-02 00:06:21 下次操作: 2021-08-02 00:06:33

2021-08-02 00:06:33 开始第 13 次操作

2021-08-02 00:06:33 开始操作号码 【1999405】
2021-08-02 00:06:54 GSD getOne 第 1 次 等待 3 秒
2021-08-02 00:06:57 查询号码 【1999405】，返回信息 {"status":"bad","msg":""}
2021-08-02 00:06:57 查询号码 【1999405】，GSD为【""】
2021-08-02 00:06:57 bad
2021-08-02 00:06:58 CHB 1999405?1627834017 第 1 次 等待 3 秒
2021-08-02 00:07:01 CHB 1999405?1627834017 第 1 次 获取到号码【1999405】GSD
2021-08-02 00:07:01 未获取到号码【1999405】GSD，可能号码格式错误
2021-08-02 00:07:01 获取到号码【1999405】的GSD为【-】
2021-08-02 00:08:10 GSD insert 第 1 次 等待 3 秒
2021-08-02 00:08:13 {"status":"ok","gid":473141,"msg":"添加成功！"}
2021-08-02 00:08:13 下次操作: 2021-08-02 00:08:32

2021-08-02 00:08:32 开始第 14 次操作

2021-08-02 00:08:32 开始操作号码 【1999404】
2021-08-02 00:08:45 GSD getOne 第 1 次 等待 3 秒
2021-08-02 00:08:48 查询号码 【1999404】，返回信息 {"status":"bad","msg":""}
2021-08-02 00:08:48 查询号码 【1999404】，GSD为【""】
2021-08-02 00:08:48 bad
2021-08-02 00:08:50 CHB 1999404?1627834128 第 1 次 等待 3 秒
2021-08-02 00:08:53 CHB 1999404?1627834128 第 1 次 获取到号码【1999404】GSD
2021-08-02 00:08:53 未获取到号码【1999404】GSD，可能号码格式错误
2021-08-02 00:08:53 获取到号码【1999404】的GSD为【-】
2021-08-02 00:09:30 GSD insert 第 1 次 等待 3 秒
2021-08-02 00:09:33 {"status":"ok","gid":473155,"msg":"添加成功！"}
2021-08-02 00:09:33 下次操作: 2021-08-02 00:09:46

2021-08-02 00:09:46 开始第 15 次操作

2021-08-02 00:09:46 开始操作号码 【1999403】
2021-08-02 00:10:13 GSD getOne 第 1 次 等待 3 秒
2021-08-02 00:10:16 查询号码 【1999403】，返回信息 {"status":"bad","msg":""}
2021-08-02 00:10:16 查询号码 【1999403】，GSD为【""】
2021-08-02 00:10:16 bad
2021-08-02 00:10:17 CHB 1999403?1627834216 第 1 次 等待 3 秒
2021-08-02 00:10:20 CHB 1999403?1627834216 第 1 次 获取到号码【1999403】GSD
2021-08-02 00:10:20 未获取到号码【1999403】GSD，可能号码格式错误
2021-08-02 00:10:20 获取到号码【1999403】的GSD为【-】
2021-08-02 00:10:59 GSD insert 第 1 次 等待 3 秒
2021-08-02 00:11:02 {"status":"ok","gid":473169,"msg":"添加成功！"}
2021-08-02 00:11:02 下次操作: 2021-08-02 00:11:22

2021-08-02 00:11:22 开始第 16 次操作

2021-08-02 00:11:22 开始操作号码 【1999402】
2021-08-02 00:11:30 GSD getOne 第 1 次 等待 3 秒
2021-08-02 00:11:33 查询号码 【1999402】，返回信息 {"status":"bad","msg":""}
2021-08-02 00:11:33 查询号码 【1999402】，GSD为【""】
2021-08-02 00:11:33 bad
2021-08-02 00:11:34 CHB 1999402?1627834293 第 1 次 等待 3 秒
2021-08-02 00:11:37 CHB 1999402?1627834293 第 1 次 获取到号码【1999402】GSD
2021-08-02 00:11:37 未获取到号码【1999402】GSD，可能号码格式错误
2021-08-02 00:11:37 获取到号码【1999402】的GSD为【-】
2021-08-02 00:12:20 GSD insert 第 1 次 等待 3 秒
2021-08-02 00:12:23 {"status":"ok","gid":473185,"msg":"添加成功！"}
2021-08-02 00:12:23 下次操作: 2021-08-02 00:12:40

2021-08-02 00:12:40 开始第 17 次操作

2021-08-02 00:12:40 开始操作号码 【1999401】
2021-08-02 00:12:54 GSD getOne 第 1 次 等待 3 秒
2021-08-02 00:12:57 查询号码 【1999401】，返回信息 {"status":"bad","msg":""}
2021-08-02 00:12:57 查询号码 【1999401】，GSD为【""】
2021-08-02 00:12:57 bad
2021-08-02 00:12:58 CHB 1999401?1627834377 第 1 次 等待 3 秒
2021-08-02 00:13:01 CHB 1999401?1627834377 第 1 次 获取到号码【1999401】GSD
2021-08-02 00:13:01 未获取到号码【1999401】GSD，可能号码格式错误
2021-08-02 00:13:01 获取到号码【1999401】的GSD为【-】
2021-08-02 00:13:56 GSD insert 第 1 次 等待 3 秒
2021-08-02 00:13:59 {"status":"ok","gid":473202,"msg":"添加成功！"}
2021-08-02 00:13:59 下次操作: 2021-08-02 00:14:21

2021-08-02 00:14:21 开始第 18 次操作

2021-08-02 00:14:21 开始操作号码 【1999400】
2021-08-02 00:14:24 GSD getOne 第 1 次 等待 3 秒
2021-08-02 00:14:27 查询号码 【1999400】，返回信息 {"status":"bad","msg":""}
2021-08-02 00:14:28 查询号码 【1999400】，GSD为【""】
2021-08-02 00:14:28 bad
2021-08-02 00:14:29 CHB 1999400?1627834468 第 1 次 等待 3 秒
2021-08-02 00:14:32 CHB 1999400?1627834468 第 1 次 获取到号码【1999400】GSD
2021-08-02 00:14:32 未获取到号码【1999400】GSD，可能号码格式错误
2021-08-02 00:14:32 获取到号码【1999400】的GSD为【-】
2021-08-02 00:15:07 GSD insert 第 1 次 等待 3 秒
2021-08-02 00:15:10 {"status":"ok","gid":473210,"msg":"添加成功！"}
2021-08-02 00:15:10 下次操作: 2021-08-02 00:15:22

2021-08-02 00:15:22 开始第 19 次操作

2021-08-02 00:15:22 开始操作号码 【1999399】
2021-08-02 00:15:56 GSD getOne 第 1 次 等待 3 秒
2021-08-02 00:16:00 查询号码 【1999399】，返回信息 {"status":"bad","msg":""}
2021-08-02 00:16:00 查询号码 【1999399】，GSD为【""】
2021-08-02 00:16:00 bad
2021-08-02 00:16:01 CHB 1999399?1627834560 第 1 次 等待 3 秒
2021-08-02 00:16:04 CHB 1999399?1627834560 第 1 次 获取到号码【1999399】GSD
2021-08-02 00:16:04 获取到号码【1999399】的GSD为【甘肃-陇南】
2021-08-02 00:16:41 GSD insert 第 1 次 等待 3 秒
2021-08-02 00:16:44 {"status":"ok","gid":473221,"msg":"添加成功！"}
2021-08-02 00:16:44 下次操作: 2021-08-02 00:17:08

2021-08-02 00:17:08 开始第 20 次操作

2021-08-02 00:17:08 开始操作号码 【1999398】
2021-08-02 00:17:12 GSD getOne 第 1 次 等待 3 秒
2021-08-02 00:17:15 查询号码 【1999398】，返回信息 {"status":"bad","msg":""}
2021-08-02 00:17:15 查询号码 【1999398】，GSD为【""】
2021-08-02 00:17:15 bad
2021-08-02 00:17:16 CHB 1999398?1627834635 第 1 次 等待 3 秒
2021-08-02 00:17:19 CHB 1999398?1627834635 第 1 次 获取到号码【1999398】GSD
2021-08-02 00:17:19 获取到号码【1999398】的GSD为【甘肃-陇南】
2021-08-02 00:17:54 GSD insert 第 1 次 等待 3 秒
2021-08-02 00:17:57 {"status":"ok","gid":473231,"msg":"添加成功！"}
2021-08-02 00:17:57 下次操作: 2021-08-02 00:18:09

2021-08-02 00:18:09 开始第 21 次操作

2021-08-02 00:18:09 开始操作号码 【1999397】
2021-08-02 00:18:50 GSD getOne 第 1 次 等待 3 秒
2021-08-02 00:18:53 查询号码 【1999397】，返回信息 {"status":"bad","msg":""}
2021-08-02 00:18:53 查询号码 【1999397】，GSD为【""】
2021-08-02 00:18:53 bad
2021-08-02 00:18:54 CHB 1999397?1627834733 第 1 次 等待 3 秒
2021-08-02 00:18:57 CHB 1999397?1627834733 第 1 次 获取到号码【1999397】GSD
2021-08-02 00:18:57 获取到号码【1999397】的GSD为【甘肃-陇南】
2021-08-02 00:20:17 GSD insert 第 1 次 等待 3 秒
2021-08-02 00:20:20 {"status":"ok","gid":473243,"msg":"添加成功！"}
2021-08-02 00:20:20 下次操作: 2021-08-02 00:20:44

2021-08-02 00:20:44 开始第 22 次操作

2021-08-02 00:20:44 开始操作号码 【1999396】
2021-08-02 00:20:55 GSD getOne 第 1 次 等待 3 秒
2021-08-02 00:20:58 查询号码 【1999396】，返回信息 {"status":"ok","msg":"甘肃-陇南","gid":"46942","time_insert":"2021-02-24 09:17"}
2021-08-02 00:20:58 查询号码 【1999396】，GSD为【"甘肃-陇南"】

2021-08-02 00:20:58 开始第 22 次操作

2021-08-02 00:20:58 开始操作号码 【1999395】
2021-08-02 00:21:34 GSD getOne 第 1 次 等待 3 秒
2021-08-02 00:21:37 查询号码 【1999395】，返回信息 {"status":"ok","msg":"甘肃-陇南","gid":"46945","time_insert":"2021-02-24 09:56"}
2021-08-02 00:21:37 查询号码 【1999395】，GSD为【"甘肃-陇南"】

2021-08-02 00:21:37 开始第 22 次操作

2021-08-02 00:21:37 开始操作号码 【1999394】
2021-08-02 00:22:16 GSD getOne 第 1 次 等待 3 秒
2021-08-02 00:22:19 查询号码 【1999394】，返回信息 {"status":"ok","msg":"甘肃-陇南","gid":"46861","time_insert":"2018-10-05 07:15","time_update":"2021-06-26 03:22"}
2021-08-02 00:22:19 查询号码 【1999394】，GSD为【"甘肃-陇南"】

2021-08-02 00:22:19 开始第 22 次操作

2021-08-02 00:22:19 开始操作号码 【1999393】
2021-08-02 00:22:54 GSD getOne 第 1 次 等待 3 秒
2021-08-02 00:22:57 查询号码 【1999393】，返回信息 {"status":"ok","msg":"甘肃-陇南","gid":"46860","time_insert":"2019-10-30 21:59","time_update":"2020-12-14 13:46"}
2021-08-02 00:22:57 查询号码 【1999393】，GSD为【"甘肃-陇南"】

2021-08-02 00:22:57 开始第 22 次操作

2021-08-02 00:22:57 开始操作号码 【1999392】
2021-08-02 00:23:48 GSD getOne 第 1 次 等待 3 秒
2021-08-02 00:23:51 查询号码 【1999392】，返回信息 {"status":"bad","msg":""}
2021-08-02 00:23:51 查询号码 【1999392】，GSD为【""】
2021-08-02 00:23:51 bad
2021-08-02 00:23:52 CHB 1999392?1627835031 第 1 次 等待 3 秒
2021-08-02 00:23:55 CHB 1999392?1627835031 第 1 次 获取到号码【1999392】GSD
2021-08-02 00:23:55 获取到号码【1999392】的GSD为【甘肃-陇南】
2021-08-02 00:24:35 GSD insert 第 1 次 等待 3 秒
2021-08-02 00:24:38 {"status":"ok","gid":473269,"msg":"添加成功！"}
2021-08-02 00:24:38 下次操作: 2021-08-02 00:25:02

2021-08-02 00:25:02 开始第 23 次操作

2021-08-02 00:25:02 开始操作号码 【1999391】
2021-08-02 00:25:07 GSD getOne 第 1 次 等待 3 秒
2021-08-02 00:25:10 查询号码 【1999391】，返回信息 {"status":"ok","msg":"甘肃-陇南","gid":"46859","time_insert":"2020-07-16 22:57","time_update":"2020-12-14 13:56"}
2021-08-02 00:25:11 查询号码 【1999391】，GSD为【"甘肃-陇南"】

2021-08-02 00:25:11 开始第 23 次操作

2021-08-02 00:25:11 开始操作号码 【1999390】
2021-08-02 00:26:19 GSD getOne 第 1 次 等待 3 秒
2021-08-02 00:26:22 查询号码 【1999390】，返回信息 {"status":"ok","msg":"甘肃-陇南","gid":"46858","time_insert":"2018-09-06 11:22","time_update":"2020-12-14 12:49"}
2021-08-02 00:26:22 查询号码 【1999390】，GSD为【"甘肃-陇南"】

2021-08-02 00:26:22 开始第 23 次操作

2021-08-02 00:26:22 开始操作号码 【1999389】
2021-08-02 00:27:31 GSD getOne 第 1 次 等待 3 秒
2021-08-02 00:27:34 查询号码 【1999389】，返回信息 {"status":"bad","msg":""}
2021-08-02 00:27:34 查询号码 【1999389】，GSD为【""】
2021-08-02 00:27:34 bad
2021-08-02 00:27:36 CHB 1999389?1627835254 第 1 次 等待 3 秒
2021-08-02 00:27:39 CHB 1999389?1627835254 第 1 次 获取到号码【1999389】GSD
2021-08-02 00:27:39 获取到号码【1999389】的GSD为【甘肃-天水】
2021-08-02 00:29:06 GSD insert 第 1 次 等待 3 秒
2021-08-02 00:29:09 {"status":"ok","gid":473285,"msg":"添加成功！"}
2021-08-02 00:29:09 下次操作: 2021-08-02 00:29:32

2021-08-02 00:29:32 开始第 24 次操作

2021-08-02 00:29:32 开始操作号码 【1999388】
2021-08-02 00:29:38 GSD getOne 第 1 次 等待 3 秒
2021-08-02 00:29:41 查询号码 【1999388】，返回信息 {"status":"bad","msg":""}
2021-08-02 00:29:41 查询号码 【1999388】，GSD为【""】
2021-08-02 00:29:41 bad
2021-08-02 00:29:42 CHB 1999388?1627835381 第 1 次 等待 3 秒
2021-08-02 00:29:45 CHB 1999388?1627835381 第 1 次 获取到号码【1999388】GSD
2021-08-02 00:29:45 获取到号码【1999388】的GSD为【甘肃-天水】
2021-08-02 00:30:21 GSD insert 第 1 次 等待 3 秒
2021-08-02 00:30:24 {"status":"ok","gid":473292,"msg":"添加成功！"}
2021-08-02 00:30:24 下次操作: 2021-08-02 00:30:36

2021-08-02 00:30:36 开始第 25 次操作

2021-08-02 00:30:36 开始操作号码 【1999387】
2021-08-02 00:30:56 GSD getOne 第 1 次 等待 3 秒
2021-08-02 00:30:59 查询号码 【1999387】，返回信息 {"status":"bad","msg":""}
2021-08-02 00:31:00 查询号码 【1999387】，GSD为【""】
2021-08-02 00:31:00 bad
2021-08-02 00:31:01 CHB 1999387?1627835460 第 1 次 等待 3 秒
2021-08-02 00:31:04 CHB 1999387?1627835460 第 1 次 获取到号码【1999387】GSD
2021-08-02 00:31:04 获取到号码【1999387】的GSD为【甘肃-天水】
2021-08-02 00:31:49 GSD insert 第 1 次 等待 3 秒
2021-08-02 00:31:52 {"status":"ok","gid":473294,"msg":"添加成功！"}
2021-08-02 00:31:52 下次操作: 2021-08-02 00:32:13

2021-08-02 00:32:13 开始第 26 次操作

2021-08-02 00:32:13 开始操作号码 【1999386】
2021-08-02 00:32:17 GSD getOne 第 1 次 等待 3 秒
2021-08-02 00:32:20 查询号码 【1999386】，返回信息 {"status":"bad","msg":""}
2021-08-02 00:32:20 查询号码 【1999386】，GSD为【""】
2021-08-02 00:32:20 bad
2021-08-02 00:32:22 CHB 1999386?1627835540 第 1 次 等待 3 秒
2021-08-02 00:32:25 CHB 1999386?1627835540 第 1 次 获取到号码【1999386】GSD
2021-08-02 00:32:25 获取到号码【1999386】的GSD为【甘肃-天水】
2021-08-02 00:33:01 GSD insert 第 1 次 等待 3 秒
2021-08-02 00:33:04 {"status":"ok","gid":473297,"msg":"添加成功！"}
2021-08-02 00:33:04 下次操作: 2021-08-02 00:33:26

2021-08-02 00:33:26 开始第 27 次操作

2021-08-02 00:33:26 开始操作号码 【1999385】
2021-08-02 00:33:44 GSD getOne 第 1 次 等待 3 秒
2021-08-02 00:33:47 查询号码 【1999385】，返回信息 {"status":"bad","msg":""}
2021-08-02 00:33:47 查询号码 【1999385】，GSD为【""】
2021-08-02 00:33:47 bad
2021-08-02 00:33:49 CHB 1999385?1627835627 第 1 次 等待 3 秒
2021-08-02 00:33:52 CHB 1999385?1627835627 第 1 次 获取到号码【1999385】GSD
2021-08-02 00:33:52 获取到号码【1999385】的GSD为【甘肃-天水】
2021-08-02 00:34:12 GSD insert 第 1 次 等待 3 秒
2021-08-02 00:34:15 {"status":"ok","gid":473298,"msg":"添加成功！"}
2021-08-02 00:34:15 下次操作: 2021-08-02 00:34:39

2021-08-02 00:34:39 开始第 28 次操作

2021-08-02 00:34:39 开始操作号码 【1999384】
2021-08-02 00:34:50 GSD getOne 第 1 次 等待 3 秒
2021-08-02 00:34:53 查询号码 【1999384】，返回信息 {"status":"bad","msg":""}
2021-08-02 00:34:53 查询号码 【1999384】，GSD为【""】
2021-08-02 00:34:53 bad
2021-08-02 00:34:54 CHB 1999384?1627835693 第 1 次 等待 3 秒
2021-08-02 00:34:57 CHB 1999384?1627835693 第 1 次 获取到号码【1999384】GSD
2021-08-02 00:34:58 获取到号码【1999384】的GSD为【甘肃-天水】
2021-08-02 00:36:06 GSD insert 第 1 次 等待 3 秒
2021-08-02 00:36:09 {"status":"ok","gid":473304,"msg":"添加成功！"}
2021-08-02 00:36:09 下次操作: 2021-08-02 00:36:29

2021-08-02 00:36:29 开始第 29 次操作

2021-08-02 00:36:29 开始操作号码 【1999383】
2021-08-02 00:36:35 GSD getOne 第 1 次 等待 3 秒
2021-08-02 00:36:38 查询号码 【1999383】，返回信息 {"status":"bad","msg":""}
2021-08-02 00:36:38 查询号码 【1999383】，GSD为【""】
2021-08-02 00:36:38 bad
2021-08-02 00:36:40 CHB 1999383?1627835798 第 1 次 等待 3 秒
2021-08-02 00:36:43 CHB 1999383?1627835798 第 1 次 获取到号码【1999383】GSD
2021-08-02 00:36:43 获取到号码【1999383】的GSD为【甘肃-天水】
2021-08-02 00:37:12 GSD insert 第 1 次 等待 3 秒
2021-08-02 00:37:15 {"status":"ok","gid":473308,"msg":"添加成功！"}
2021-08-02 00:37:15 下次操作: 2021-08-02 00:37:35

2021-08-02 00:37:35 开始第 30 次操作

2021-08-02 00:37:35 开始操作号码 【1999382】
2021-08-02 00:37:40 GSD getOne 第 1 次 等待 3 秒
2021-08-02 00:37:43 查询号码 【1999382】，返回信息 {"status":"bad","msg":""}
2021-08-02 00:37:44 查询号码 【1999382】，GSD为【""】
2021-08-02 00:37:44 bad
2021-08-02 00:37:45 CHB 1999382?1627835864 第 1 次 等待 3 秒
2021-08-02 00:37:48 CHB 1999382?1627835864 第 1 次 获取到号码【1999382】GSD
2021-08-02 00:37:48 获取到号码【1999382】的GSD为【甘肃-天水】
2021-08-02 00:38:07 GSD insert 第 1 次 等待 3 秒
2021-08-02 00:38:10 {"status":"ok","gid":473310,"msg":"添加成功！"}
2021-08-02 00:38:10 下次操作: 2021-08-02 00:38:30

2021-08-02 00:38:30 开始第 31 次操作

2021-08-02 00:38:30 开始操作号码 【1999381】
2021-08-02 00:38:34 GSD getOne 第 1 次 等待 3 秒
2021-08-02 00:38:37 查询号码 【1999381】，返回信息 {"status":"bad","msg":""}
2021-08-02 00:38:37 查询号码 【1999381】，GSD为【""】
2021-08-02 00:38:37 bad
2021-08-02 00:38:39 CHB 1999381?1627835917 第 1 次 等待 3 秒
2021-08-02 00:38:42 CHB 1999381?1627835917 第 1 次 获取到号码【1999381】GSD
2021-08-02 00:38:42 获取到号码【1999381】的GSD为【甘肃-天水】
2021-08-02 00:39:02 GSD insert 第 1 次 等待 3 秒
2021-08-02 00:39:05 {"status":"ok","gid":473312,"msg":"添加成功！"}
2021-08-02 00:39:05 下次操作: 2021-08-02 00:39:28

2021-08-02 00:39:28 开始第 32 次操作

2021-08-02 00:39:28 开始操作号码 【1999380】
2021-08-02 00:39:31 GSD getOne 第 1 次 等待 3 秒
2021-08-02 00:39:34 查询号码 【1999380】，返回信息 {"status":"bad","msg":""}
2021-08-02 00:39:34 查询号码 【1999380】，GSD为【""】
2021-08-02 00:39:34 bad
2021-08-02 00:39:36 CHB 1999380?1627835974 第 1 次 等待 3 秒
2021-08-02 00:39:39 CHB 1999380?1627835974 第 1 次 获取到号码【1999380】GSD
2021-08-02 00:39:39 获取到号码【1999380】的GSD为【甘肃-天水】
2021-08-02 00:39:58 GSD insert 第 1 次 等待 3 秒
2021-08-02 00:40:01 {"status":"ok","gid":473315,"msg":"添加成功！"}
2021-08-02 00:40:01 下次操作: 2021-08-02 00:40:13

2021-08-02 00:40:13 开始第 33 次操作

2021-08-02 00:40:13 开始操作号码 【1999379】
2021-08-02 00:40:33 GSD getOne 第 1 次 等待 3 秒
2021-08-02 00:40:36 查询号码 【1999379】，返回信息 {"status":"bad","msg":""}
2021-08-02 00:40:37 查询号码 【1999379】，GSD为【""】
2021-08-02 00:40:37 bad
2021-08-02 00:40:38 CHB 1999379?1627836037 第 1 次 等待 3 秒
2021-08-02 00:40:41 CHB 1999379?1627836037 第 1 次 获取到号码【1999379】GSD
2021-08-02 00:40:41 获取到号码【1999379】的GSD为【甘肃-嘉峪关】
2021-08-02 00:41:01 GSD insert 第 1 次 等待 3 秒
2021-08-02 00:41:04 {"status":"ok","gid":473320,"msg":"添加成功！"}
2021-08-02 00:41:04 下次操作: 2021-08-02 00:41:22

2021-08-02 00:41:23 开始第 34 次操作

2021-08-02 00:41:23 开始操作号码 【1999378】
2021-08-02 00:41:30 GSD getOne 第 1 次 等待 3 秒
2021-08-02 00:41:33 查询号码 【1999378】，返回信息 {"status":"ok","msg":"甘肃-嘉峪关","gid":"50450","time_insert":"2021-04-21 16:35"}
2021-08-02 00:41:33 查询号码 【1999378】，GSD为【"甘肃-嘉峪关"】

2021-08-02 00:41:33 开始第 34 次操作

2021-08-02 00:41:33 开始操作号码 【1999377】
2021-08-02 00:42:09 GSD getOne 第 1 次 等待 3 秒
2021-08-02 00:42:12 查询号码 【1999377】，返回信息 {"status":"bad","msg":""}
2021-08-02 00:42:12 查询号码 【1999377】，GSD为【""】
2021-08-02 00:42:12 bad
2021-08-02 00:42:14 CHB 1999377?1627836132 第 1 次 等待 3 秒
2021-08-02 00:42:17 CHB 1999377?1627836132 第 1 次 获取到号码【1999377】GSD
2021-08-02 00:42:17 获取到号码【1999377】的GSD为【甘肃-兰州】
2021-08-02 00:44:27 GSD insert 第 1 次 等待 3 秒
2021-08-02 00:44:37 GSD insert 第 2 次 等待 3 秒
2021-08-02 00:44:40 {"status":"ok","gid":473329,"msg":"添加成功！"}
2021-08-02 00:44:40 下次操作: 2021-08-02 00:45:02

2021-08-02 00:45:02 开始第 35 次操作

2021-08-02 00:45:02 开始操作号码 【1999376】
2021-08-02 00:45:06 GSD getOne 第 1 次 等待 3 秒
2021-08-02 00:45:09 查询号码 【1999376】，返回信息 {"status":"bad","msg":""}
2021-08-02 00:45:09 查询号码 【1999376】，GSD为【""】
2021-08-02 00:45:09 bad
2021-08-02 00:45:10 CHB 1999376?1627836309 第 1 次 等待 3 秒
2021-08-02 00:45:13 CHB 1999376?1627836309 第 1 次 获取到号码【1999376】GSD
2021-08-02 00:45:13 获取到号码【1999376】的GSD为【甘肃-酒泉】
2021-08-02 00:45:34 GSD insert 第 1 次 等待 3 秒
2021-08-02 00:45:37 {"status":"ok","gid":473332,"msg":"添加成功！"}
2021-08-02 00:45:37 下次操作: 2021-08-02 00:45:57

2021-08-02 00:45:57 开始第 36 次操作

2021-08-02 00:45:57 开始操作号码 【1999375】
2021-08-02 00:46:01 GSD getOne 第 1 次 等待 3 秒
2021-08-02 00:46:04 查询号码 【1999375】，返回信息 {"status":"bad","msg":""}
2021-08-02 00:46:04 查询号码 【1999375】，GSD为【""】
2021-08-02 00:46:04 bad
2021-08-02 00:46:05 CHB 1999375?1627836364 第 1 次 等待 3 秒
2021-08-02 00:46:08 CHB 1999375?1627836364 第 1 次 获取到号码【1999375】GSD
2021-08-02 00:46:08 获取到号码【1999375】的GSD为【甘肃-酒泉】
2021-08-02 00:46:28 GSD insert 第 1 次 等待 3 秒
2021-08-02 00:46:31 {"status":"ok","gid":473335,"msg":"添加成功！"}
2021-08-02 00:46:31 下次操作: 2021-08-02 00:46:54

2021-08-02 00:46:54 开始第 37 次操作

2021-08-02 00:46:54 开始操作号码 【1999374】
2021-08-02 00:46:58 GSD getOne 第 1 次 等待 3 秒
2021-08-02 00:47:01 查询号码 【1999374】，返回信息 {"status":"bad","msg":""}
2021-08-02 00:47:01 查询号码 【1999374】，GSD为【""】
2021-08-02 00:47:01 bad
2021-08-02 00:47:02 CHB 1999374?1627836421 第 1 次 等待 3 秒
2021-08-02 00:47:05 CHB 1999374?1627836421 第 1 次 获取到号码【1999374】GSD
2021-08-02 00:47:06 获取到号码【1999374】的GSD为【甘肃-酒泉】
2021-08-02 00:47:44 GSD insert 第 1 次 等待 3 秒
2021-08-02 00:47:47 {"status":"ok","gid":473336,"msg":"添加成功！"}
2021-08-02 00:47:47 下次操作: 2021-08-02 00:48:07

2021-08-02 00:48:07 开始第 38 次操作

2021-08-02 00:48:07 开始操作号码 【1999373】
2021-08-02 00:48:10 GSD getOne 第 1 次 等待 3 秒
2021-08-02 00:48:13 查询号码 【1999373】，返回信息 {"status":"bad","msg":""}
2021-08-02 00:48:13 查询号码 【1999373】，GSD为【""】
2021-08-02 00:48:13 bad
2021-08-02 00:48:15 CHB 1999373?1627836493 第 1 次 等待 3 秒
2021-08-02 00:48:18 CHB 1999373?1627836493 第 1 次 获取到号码【1999373】GSD
2021-08-02 00:48:18 获取到号码【1999373】的GSD为【甘肃-酒泉】
2021-08-02 00:48:37 GSD insert 第 1 次 等待 3 秒
2021-08-02 00:48:40 {"status":"ok","gid":473337,"msg":"添加成功！"}
2021-08-02 00:48:40 下次操作: 2021-08-02 00:48:56

2021-08-02 00:48:56 开始第 39 次操作

2021-08-02 00:48:56 开始操作号码 【1999372】
2021-08-02 00:49:00 GSD getOne 第 1 次 等待 3 秒
2021-08-02 00:49:03 查询号码 【1999372】，返回信息 {"status":"bad","msg":""}
2021-08-02 00:49:03 查询号码 【1999372】，GSD为【""】
2021-08-02 00:49:03 bad
2021-08-02 00:49:05 CHB 1999372?1627836543 第 1 次 等待 3 秒
2021-08-02 00:49:08 CHB 1999372?1627836543 第 1 次 获取到号码【1999372】GSD
2021-08-02 00:49:08 获取到号码【1999372】的GSD为【甘肃-酒泉】
2021-08-02 00:49:30 GSD insert 第 1 次 等待 3 秒
2021-08-02 00:49:33 {"status":"ok","gid":473339,"msg":"添加成功！"}
2021-08-02 00:49:33 下次操作: 2021-08-02 00:49:47

2021-08-02 00:49:47 开始第 40 次操作

2021-08-02 00:49:47 开始操作号码 【1999371】
2021-08-02 00:49:50 GSD getOne 第 1 次 等待 3 秒
2021-08-02 00:49:53 查询号码 【1999371】，返回信息 {"status":"bad","msg":""}
2021-08-02 00:49:53 查询号码 【1999371】，GSD为【""】
2021-08-02 00:49:53 bad
2021-08-02 00:49:55 CHB 1999371?1627836593 第 1 次 等待 3 秒
2021-08-02 00:49:58 CHB 1999371?1627836593 第 1 次 获取到号码【1999371】GSD
2021-08-02 00:49:58 获取到号码【1999371】的GSD为【甘肃-酒泉】
2021-08-02 00:50:16 GSD insert 第 1 次 等待 3 秒
2021-08-02 00:50:19 {"status":"ok","gid":473341,"msg":"添加成功！"}

2021-08-02 01:33:01 开始第 1 次操作

2021-08-02 01:33:01 开始操作号码 【1999370】
2021-08-02 01:33:05 GSD getOne 第 1 次 等待 3 秒
2021-08-02 01:33:08 查询号码 【1999370】，返回信息 {"status":"bad","msg":""}
2021-08-02 01:33:09 查询号码 【1999370】，GSD为【""】
2021-08-02 01:33:09 bad
2021-08-02 01:33:10 CHB 1999370?1627839189 第 1 次 等待 3 秒
2021-08-02 01:33:13 CHB 1999370?1627839189 第 1 次 获取到号码【1999370】GSD
2021-08-02 01:33:13 获取到号码【1999370】的GSD为【甘肃-酒泉】
2021-08-02 01:33:34 GSD insert 第 1 次 等待 3 秒
2021-08-02 01:33:37 {"status":"ok","gid":473744,"msg":"添加成功！"}
2021-08-02 01:33:37 下次操作: 2021-08-02 01:34:01

2021-08-02 01:34:01 开始第 2 次操作

2021-08-02 01:34:01 开始操作号码 【1999369】
2021-08-02 01:34:04 GSD getOne 第 1 次 等待 3 秒
2021-08-02 01:34:07 查询号码 【1999369】，返回信息 {"status":"bad","msg":""}
2021-08-02 01:34:07 查询号码 【1999369】，GSD为【""】
2021-08-02 01:34:07 bad
2021-08-02 01:34:09 CHB 1999369?1627839247 第 1 次 等待 3 秒
2021-08-02 01:34:12 CHB 1999369?1627839247 第 1 次 获取到号码【1999369】GSD
2021-08-02 01:34:12 获取到号码【1999369】的GSD为【甘肃-张掖】
2021-08-02 01:34:33 GSD insert 第 1 次 等待 3 秒
2021-08-02 01:34:36 {"status":"ok","gid":473751,"msg":"添加成功！"}
2021-08-02 01:34:36 下次操作: 2021-08-02 01:34:49

2021-08-02 01:34:49 开始第 3 次操作

2021-08-02 01:34:49 开始操作号码 【1999368】
2021-08-02 01:34:52 GSD getOne 第 1 次 等待 3 秒
2021-08-02 01:34:55 查询号码 【1999368】，返回信息 {"status":"bad","msg":""}
2021-08-02 01:34:55 查询号码 【1999368】，GSD为【""】
2021-08-02 01:34:55 bad
2021-08-02 01:34:57 CHB 1999368?1627839295 第 1 次 等待 3 秒
2021-08-02 01:35:00 CHB 1999368?1627839295 第 1 次 获取到号码【1999368】GSD
2021-08-02 01:35:00 获取到号码【1999368】的GSD为【甘肃-张掖】
2021-08-02 01:35:23 GSD insert 第 1 次 等待 3 秒
2021-08-02 01:35:26 {"status":"ok","gid":473754,"msg":"添加成功！"}
2021-08-02 01:35:26 下次操作: 2021-08-02 01:35:46

2021-08-02 01:35:46 开始第 4 次操作

2021-08-02 01:35:46 开始操作号码 【1999367】
2021-08-02 01:35:52 GSD getOne 第 1 次 等待 3 秒
2021-08-02 01:35:55 查询号码 【1999367】，返回信息 {"status":"bad","msg":""}
2021-08-02 01:35:55 查询号码 【1999367】，GSD为【""】
2021-08-02 01:35:55 bad
2021-08-02 01:35:57 CHB 1999367?1627839355 第 1 次 等待 3 秒
2021-08-02 01:36:00 CHB 1999367?1627839355 第 1 次 获取到号码【1999367】GSD
2021-08-02 01:36:00 获取到号码【1999367】的GSD为【甘肃-张掖】
2021-08-02 01:36:03 GSD insert 第 1 次 等待 3 秒
2021-08-02 01:36:06 {"status":"ok","gid":473758,"msg":"添加成功！"}
2021-08-02 01:36:06 下次操作: 2021-08-02 01:36:19

2021-08-02 01:36:19 开始第 5 次操作

2021-08-02 01:36:19 开始操作号码 【1999366】
2021-08-02 01:36:23 GSD getOne 第 1 次 等待 3 秒
2021-08-02 01:36:26 查询号码 【1999366】，返回信息 {"status":"bad","msg":""}
2021-08-02 01:36:27 查询号码 【1999366】，GSD为【""】
2021-08-02 01:36:27 bad
2021-08-02 01:36:28 CHB 1999366?1627839387 第 1 次 等待 3 秒
2021-08-02 01:36:31 CHB 1999366?1627839387 第 1 次 获取到号码【1999366】GSD
2021-08-02 01:36:31 获取到号码【1999366】的GSD为【甘肃-张掖】
2021-08-02 01:36:45 GSD insert 第 1 次 等待 3 秒
2021-08-02 01:36:48 {"status":"ok","gid":473761,"msg":"添加成功！"}
2021-08-02 01:36:48 下次操作: 2021-08-02 01:37:07

2021-08-02 01:37:07 开始第 6 次操作

2021-08-02 01:37:07 开始操作号码 【1999365】
2021-08-02 01:37:10 GSD getOne 第 1 次 等待 3 秒
2021-08-02 01:37:13 查询号码 【1999365】，返回信息 {"status":"bad","msg":""}
2021-08-02 01:37:14 查询号码 【1999365】，GSD为【""】
2021-08-02 01:37:14 bad
2021-08-02 01:37:15 CHB 1999365?1627839434 第 1 次 等待 3 秒
2021-08-02 01:37:18 CHB 1999365?1627839434 第 1 次 获取到号码【1999365】GSD
2021-08-02 01:37:18 获取到号码【1999365】的GSD为【甘肃-张掖】
2021-08-02 01:37:22 GSD insert 第 1 次 等待 3 秒
2021-08-02 01:37:25 {"status":"ok","gid":473764,"msg":"添加成功！"}
2021-08-02 01:37:25 下次操作: 2021-08-02 01:37:37

2021-08-02 01:37:37 开始第 7 次操作

2021-08-02 01:37:37 开始操作号码 【1999364】
2021-08-02 01:37:43 GSD getOne 第 1 次 等待 3 秒
2021-08-02 01:37:46 查询号码 【1999364】，返回信息 {"status":"bad","msg":""}
2021-08-02 01:37:46 查询号码 【1999364】，GSD为【""】
2021-08-02 01:37:46 bad
2021-08-02 01:37:47 CHB 1999364?1627839466 第 1 次 等待 3 秒
2021-08-02 01:37:50 CHB 1999364?1627839466 第 1 次 获取到号码【1999364】GSD
2021-08-02 01:37:50 获取到号码【1999364】的GSD为【甘肃-张掖】
2021-08-02 01:37:54 GSD insert 第 1 次 等待 3 秒
2021-08-02 01:37:57 {"status":"ok","gid":473768,"msg":"添加成功！"}
2021-08-02 01:37:57 下次操作: 2021-08-02 01:38:19

2021-08-02 01:38:19 开始第 8 次操作

2021-08-02 01:38:19 开始操作号码 【1999363】
2021-08-02 01:38:22 GSD getOne 第 1 次 等待 3 秒
2021-08-02 01:38:25 查询号码 【1999363】，返回信息 {"status":"bad","msg":""}
2021-08-02 01:38:25 查询号码 【1999363】，GSD为【""】
2021-08-02 01:38:25 bad
2021-08-02 01:38:27 CHB 1999363?1627839505 第 1 次 等待 3 秒
2021-08-02 01:38:30 CHB 1999363?1627839505 第 1 次 获取到号码【1999363】GSD
2021-08-02 01:38:30 获取到号码【1999363】的GSD为【甘肃-张掖】
2021-08-02 01:38:33 GSD insert 第 1 次 等待 3 秒
2021-08-02 01:38:36 {"status":"ok","gid":473772,"msg":"添加成功！"}
2021-08-02 01:38:36 下次操作: 2021-08-02 01:38:49

2021-08-02 01:38:49 开始第 9 次操作

2021-08-02 01:38:49 开始操作号码 【1999362】
2021-08-02 01:38:53 GSD getOne 第 1 次 等待 3 秒
2021-08-02 01:38:56 查询号码 【1999362】，返回信息 {"status":"bad","msg":""}
2021-08-02 01:38:56 查询号码 【1999362】，GSD为【""】
2021-08-02 01:38:56 bad
2021-08-02 01:38:58 CHB 1999362?1627839536 第 1 次 等待 3 秒
2021-08-02 01:39:01 CHB 1999362?1627839536 第 1 次 获取到号码【1999362】GSD
2021-08-02 01:39:01 获取到号码【1999362】的GSD为【甘肃-张掖】
2021-08-02 01:39:05 GSD insert 第 1 次 等待 3 秒
2021-08-02 01:39:08 {"status":"ok","gid":473774,"msg":"添加成功！"}
2021-08-02 01:39:08 下次操作: 2021-08-02 01:39:24

2021-08-02 01:39:24 开始第 10 次操作

2021-08-02 01:39:24 开始操作号码 【1999361】
2021-08-02 01:39:27 GSD getOne 第 1 次 等待 3 秒
2021-08-02 01:39:30 查询号码 【1999361】，返回信息 {"status":"bad","msg":""}
2021-08-02 01:39:30 查询号码 【1999361】，GSD为【""】
2021-08-02 01:39:30 bad
2021-08-02 01:39:32 CHB 1999361?1627839570 第 1 次 等待 3 秒
2021-08-02 01:39:35 CHB 1999361?1627839570 第 1 次 获取到号码【1999361】GSD
2021-08-02 01:39:35 获取到号码【1999361】的GSD为【甘肃-张掖】
2021-08-02 01:39:43 GSD insert 第 1 次 等待 3 秒
2021-08-02 01:39:46 {"status":"ok","gid":473778,"msg":"添加成功！"}
2021-08-02 01:39:46 下次操作: 2021-08-02 01:40:10

2021-08-02 01:40:10 开始第 11 次操作

2021-08-02 01:40:10 开始操作号码 【1999360】
2021-08-02 01:40:13 GSD getOne 第 1 次 等待 3 秒
2021-08-02 01:40:16 查询号码 【1999360】，返回信息 {"status":"bad","msg":""}
2021-08-02 01:40:16 查询号码 【1999360】，GSD为【""】
2021-08-02 01:40:16 bad
2021-08-02 01:40:18 CHB 1999360?1627839616 第 1 次 等待 3 秒
2021-08-02 01:40:21 CHB 1999360?1627839616 第 1 次 获取到号码【1999360】GSD
2021-08-02 01:40:21 获取到号码【1999360】的GSD为【甘肃-张掖】
2021-08-02 01:40:25 GSD insert 第 1 次 等待 3 秒
2021-08-02 01:40:28 {"status":"ok","gid":473779,"msg":"添加成功！"}
2021-08-02 01:40:28 下次操作: 2021-08-02 01:40:48

2021-08-02 01:40:48 开始第 12 次操作

2021-08-02 01:40:48 开始操作号码 【1999359】
2021-08-02 01:40:54 GSD getOne 第 1 次 等待 3 秒
2021-08-02 01:40:57 查询号码 【1999359】，返回信息 {"status":"ok","msg":"甘肃-金昌","gid":"46857","time_insert":"2019-12-26 11:55","time_update":"2020-12-14 12:46"}
2021-08-02 01:40:58 查询号码 【1999359】，GSD为【"甘肃-金昌"】

2021-08-02 01:40:58 开始第 12 次操作

2021-08-02 01:40:58 开始操作号码 【1999358】
2021-08-02 01:41:01 GSD getOne 第 1 次 等待 3 秒
2021-08-02 01:41:04 查询号码 【1999358】，返回信息 {"status":"bad","msg":""}
2021-08-02 01:41:04 查询号码 【1999358】，GSD为【""】
2021-08-02 01:41:04 bad
2021-08-02 01:41:06 CHB 1999358?1627839664 第 1 次 等待 3 秒
2021-08-02 01:41:09 CHB 1999358?1627839664 第 1 次 获取到号码【1999358】GSD
2021-08-02 01:41:09 获取到号码【1999358】的GSD为【甘肃-金昌】
2021-08-02 01:41:20 GSD insert 第 1 次 等待 3 秒
2021-08-02 01:41:23 {"status":"ok","gid":473784,"msg":"添加成功！"}
2021-08-02 01:41:23 下次操作: 2021-08-02 01:41:38

2021-08-02 01:41:38 开始第 13 次操作

2021-08-02 01:41:38 开始操作号码 【1999357】
2021-08-02 01:41:43 GSD getOne 第 1 次 等待 3 秒
2021-08-02 01:41:46 查询号码 【1999357】，返回信息 {"status":"bad","msg":""}
2021-08-02 01:41:46 查询号码 【1999357】，GSD为【""】
2021-08-02 01:41:46 bad
2021-08-02 01:41:48 CHB 1999357?1627839706 第 1 次 等待 3 秒
2021-08-02 01:41:51 CHB 1999357?1627839706 第 1 次 获取到号码【1999357】GSD
2021-08-02 01:41:51 获取到号码【1999357】的GSD为【甘肃-金昌】
2021-08-02 01:41:54 GSD insert 第 1 次 等待 3 秒
2021-08-02 01:41:57 {"status":"ok","gid":473789,"msg":"添加成功！"}
2021-08-02 01:41:57 下次操作: 2021-08-02 01:42:13

2021-08-02 01:42:13 开始第 14 次操作

2021-08-02 01:42:13 开始操作号码 【1999356】
2021-08-02 01:42:17 GSD getOne 第 1 次 等待 3 秒
2021-08-02 01:42:20 查询号码 【1999356】，返回信息 {"status":"bad","msg":""}
2021-08-02 01:42:20 查询号码 【1999356】，GSD为【""】
2021-08-02 01:42:20 bad
2021-08-02 01:42:22 CHB 1999356?1627839740 第 1 次 等待 3 秒
2021-08-02 01:42:25 CHB 1999356?1627839740 第 1 次 获取到号码【1999356】GSD
2021-08-02 01:42:25 获取到号码【1999356】的GSD为【甘肃-武威】
2021-08-02 01:42:30 GSD insert 第 1 次 等待 3 秒
2021-08-02 01:42:33 {"status":"ok","gid":473795,"msg":"添加成功！"}
2021-08-02 01:42:33 下次操作: 2021-08-02 01:42:53

2021-08-02 01:42:53 开始第 15 次操作

2021-08-02 01:42:53 开始操作号码 【1999355】
2021-08-02 01:42:57 GSD getOne 第 1 次 等待 3 秒
2021-08-02 01:43:00 查询号码 【1999355】，返回信息 {"status":"bad","msg":""}
2021-08-02 01:43:00 查询号码 【1999355】，GSD为【""】
2021-08-02 01:43:00 bad
2021-08-02 01:43:01 CHB 1999355?1627839780 第 1 次 等待 3 秒
2021-08-02 01:43:04 CHB 1999355?1627839780 第 1 次 获取到号码【1999355】GSD
2021-08-02 01:43:04 获取到号码【1999355】的GSD为【甘肃-武威】
2021-08-02 01:43:10 GSD insert 第 1 次 等待 3 秒
2021-08-02 01:43:13 {"status":"ok","gid":473802,"msg":"添加成功！"}
2021-08-02 01:43:13 下次操作: 2021-08-02 01:43:31

2021-08-02 01:43:31 开始第 16 次操作

2021-08-02 01:43:31 开始操作号码 【1999354】
2021-08-02 01:43:39 GSD getOne 第 1 次 等待 3 秒
2021-08-02 01:43:42 查询号码 【1999354】，返回信息 {"status":"bad","msg":""}
2021-08-02 01:43:43 查询号码 【1999354】，GSD为【""】
2021-08-02 01:43:43 bad
2021-08-02 01:43:44 CHB 1999354?1627839823 第 1 次 等待 3 秒
2021-08-02 01:43:47 CHB 1999354?1627839823 第 1 次 获取到号码【1999354】GSD
2021-08-02 01:43:47 获取到号码【1999354】的GSD为【甘肃-武威】
2021-08-02 01:43:51 GSD insert 第 1 次 等待 3 秒
2021-08-02 01:43:54 {"status":"ok","gid":473812,"msg":"添加成功！"}
2021-08-02 01:43:54 下次操作: 2021-08-02 01:44:14

2021-08-02 01:44:14 开始第 17 次操作

2021-08-02 01:44:14 开始操作号码 【1999353】
2021-08-02 01:44:19 GSD getOne 第 1 次 等待 3 秒
2021-08-02 01:44:22 查询号码 【1999353】，返回信息 {"status":"bad","msg":""}
2021-08-02 01:44:22 查询号码 【1999353】，GSD为【""】
2021-08-02 01:44:22 bad
2021-08-02 01:44:23 CHB 1999353?1627839862 第 1 次 等待 3 秒
2021-08-02 01:44:26 CHB 1999353?1627839862 第 1 次 获取到号码【1999353】GSD
2021-08-02 01:44:26 获取到号码【1999353】的GSD为【甘肃-武威】
2021-08-02 01:44:33 GSD insert 第 1 次 等待 3 秒
2021-08-02 01:44:36 {"status":"ok","gid":473825,"msg":"添加成功！"}
2021-08-02 01:44:36 下次操作: 2021-08-02 01:44:49

2021-08-02 01:44:49 开始第 18 次操作

2021-08-02 01:44:49 开始操作号码 【1999352】
2021-08-02 01:44:53 GSD getOne 第 1 次 等待 3 秒
2021-08-02 01:44:56 查询号码 【1999352】，返回信息 {"status":"bad","msg":""}
2021-08-02 01:44:56 查询号码 【1999352】，GSD为【""】
2021-08-02 01:44:56 bad
2021-08-02 01:44:58 CHB 1999352?1627839896 第 1 次 等待 3 秒
2021-08-02 01:45:01 CHB 1999352?1627839896 第 1 次 获取到号码【1999352】GSD
2021-08-02 01:45:01 获取到号码【1999352】的GSD为【甘肃-武威】
2021-08-02 01:45:05 GSD insert 第 1 次 等待 3 秒
2021-08-02 01:45:08 {"status":"ok","gid":473832,"msg":"添加成功！"}
2021-08-02 01:45:08 下次操作: 2021-08-02 01:45:25

2021-08-02 01:45:25 开始第 19 次操作

2021-08-02 01:45:25 开始操作号码 【1999351】
2021-08-02 01:45:31 GSD getOne 第 1 次 等待 3 秒
2021-08-02 01:45:34 查询号码 【1999351】，返回信息 {"status":"bad","msg":""}
2021-08-02 01:45:34 查询号码 【1999351】，GSD为【""】
2021-08-02 01:45:34 bad
2021-08-02 01:45:35 CHB 1999351?1627839934 第 1 次 等待 3 秒
2021-08-02 01:45:38 CHB 1999351?1627839934 第 1 次 获取到号码【1999351】GSD
2021-08-02 01:45:38 获取到号码【1999351】的GSD为【甘肃-武威】
2021-08-02 01:45:43 GSD insert 第 1 次 等待 3 秒
2021-08-02 01:45:46 {"status":"ok","gid":473843,"msg":"添加成功！"}
2021-08-02 01:45:46 下次操作: 2021-08-02 01:46:05

2021-08-02 01:46:05 开始第 20 次操作

2021-08-02 01:46:05 开始操作号码 【1999350】
2021-08-02 01:46:14 GSD getOne 第 1 次 等待 3 秒
2021-08-02 01:46:17 查询号码 【1999350】，返回信息 {"status":"bad","msg":""}
2021-08-02 01:46:17 查询号码 【1999350】，GSD为【""】
2021-08-02 01:46:17 bad
2021-08-02 01:46:19 CHB 1999350?1627839977 第 1 次 等待 3 秒
2021-08-02 01:46:22 CHB 1999350?1627839977 第 1 次 获取到号码【1999350】GSD
2021-08-02 01:46:22 获取到号码【1999350】的GSD为【甘肃-武威】
2021-08-02 01:46:42 GSD insert 第 1 次 等待 3 秒
2021-08-02 01:46:45 {"status":"ok","gid":473857,"msg":"添加成功！"}
2021-08-02 01:46:45 下次操作: 2021-08-02 01:47:03

2021-08-02 01:47:03 开始第 21 次操作

2021-08-02 01:47:03 开始操作号码 【1999349】
2021-08-02 01:47:07 GSD getOne 第 1 次 等待 3 秒
2021-08-02 01:47:10 查询号码 【1999349】，返回信息 {"status":"bad","msg":""}
2021-08-02 01:47:10 查询号码 【1999349】，GSD为【""】
2021-08-02 01:47:10 bad
2021-08-02 01:47:11 CHB 1999349?1627840030 第 1 次 等待 3 秒
2021-08-02 01:47:14 CHB 1999349?1627840030 第 1 次 获取到号码【1999349】GSD
2021-08-02 01:47:14 未获取到号码【1999349】GSD，查号吧 400 错误
2021-08-02 01:47:14 获取到号码【1999349】的GSD为【-】
2021-08-02 01:47:33 GSD insert 第 1 次 等待 3 秒
2021-08-02 01:47:36 {"status":"ok","gid":473871,"msg":"添加成功！"}
2021-08-02 01:47:36 下次操作: 2021-08-02 01:47:58

2021-08-02 01:47:58 开始第 22 次操作

2021-08-02 01:47:58 开始操作号码 【1999348】
2021-08-02 01:48:02 GSD getOne 第 1 次 等待 3 秒
2021-08-02 01:48:05 查询号码 【1999348】，返回信息 {"status":"bad","msg":""}
2021-08-02 01:48:06 查询号码 【1999348】，GSD为【""】
2021-08-02 01:48:06 bad
2021-08-02 01:48:07 CHB 1999348?1627840086 第 1 次 等待 3 秒
2021-08-02 01:48:10 CHB 1999348?1627840086 第 1 次 获取到号码【1999348】GSD
2021-08-02 01:48:10 获取到号码【1999348】的GSD为【甘肃-庆阳】
2021-08-02 01:48:46 GSD insert 第 1 次 等待 3 秒
2021-08-02 01:48:49 {"status":"ok","gid":473890,"msg":"添加成功！"}
2021-08-02 01:48:49 下次操作: 2021-08-02 01:49:04

2021-08-02 01:49:04 开始第 23 次操作

2021-08-02 01:49:04 开始操作号码 【1999347】
2021-08-02 01:49:12 GSD getOne 第 1 次 等待 3 秒
2021-08-02 01:49:15 查询号码 【1999347】，返回信息 {"status":"bad","msg":""}
2021-08-02 01:49:15 查询号码 【1999347】，GSD为【""】
2021-08-02 01:49:15 bad
2021-08-02 01:49:16 CHB 1999347?1627840155 第 1 次 等待 3 秒
2021-08-02 01:49:19 CHB 1999347?1627840155 第 1 次 获取到号码【1999347】GSD
2021-08-02 01:49:19 获取到号码【1999347】的GSD为【甘肃-庆阳】
2021-08-02 01:49:39 GSD insert 第 1 次 等待 3 秒
2021-08-02 01:49:42 {"status":"ok","gid":473905,"msg":"添加成功！"}
2021-08-02 01:49:42 下次操作: 2021-08-02 01:50:06

2021-08-02 01:50:06 开始第 24 次操作

2021-08-02 01:50:06 开始操作号码 【1999346】
2021-08-02 01:50:10 GSD getOne 第 1 次 等待 3 秒
2021-08-02 01:50:13 查询号码 【1999346】，返回信息 {"status":"bad","msg":""}
2021-08-02 01:50:14 查询号码 【1999346】，GSD为【""】
2021-08-02 01:50:14 bad
2021-08-02 01:50:15 CHB 1999346?1627840214 第 1 次 等待 3 秒
2021-08-02 01:50:18 CHB 1999346?1627840214 第 1 次 获取到号码【1999346】GSD
2021-08-02 01:50:18 获取到号码【1999346】的GSD为【甘肃-庆阳】
2021-08-02 01:50:37 GSD insert 第 1 次 等待 3 秒
2021-08-02 01:50:40 {"status":"ok","gid":473918,"msg":"添加成功！"}
2021-08-02 01:50:40 下次操作: 2021-08-02 01:50:58

2021-08-02 01:50:58 开始第 25 次操作

2021-08-02 01:50:58 开始操作号码 【1999345】
2021-08-02 01:51:03 GSD getOne 第 1 次 等待 3 秒
2021-08-02 01:51:06 查询号码 【1999345】，返回信息 {"status":"bad","msg":""}
2021-08-02 01:51:06 查询号码 【1999345】，GSD为【""】
2021-08-02 01:51:06 bad
2021-08-02 01:51:08 CHB 1999345?1627840266 第 1 次 等待 3 秒
2021-08-02 01:51:11 CHB 1999345?1627840266 第 1 次 获取到号码【1999345】GSD
2021-08-02 01:51:11 获取到号码【1999345】的GSD为【甘肃-庆阳】
2021-08-02 01:51:30 GSD insert 第 1 次 等待 3 秒
2021-08-02 01:51:33 {"status":"ok","gid":473933,"msg":"添加成功！"}
2021-08-02 01:51:33 下次操作: 2021-08-02 01:51:48

2021-08-02 01:51:48 开始第 26 次操作

2021-08-02 01:51:48 开始操作号码 【1999344】
2021-08-02 01:51:56 GSD getOne 第 1 次 等待 3 秒
2021-08-02 01:51:59 查询号码 【1999344】，返回信息 {"status":"ok","msg":"甘肃-庆阳","gid":"52604","time_insert":"2021-04-27 00:30"}
2021-08-02 01:51:59 查询号码 【1999344】，GSD为【"甘肃-庆阳"】

2021-08-02 01:51:59 开始第 26 次操作

2021-08-02 01:51:59 开始操作号码 【1999343】
2021-08-02 01:52:35 GSD getOne 第 1 次 等待 3 秒
2021-08-02 01:52:38 查询号码 【1999343】，返回信息 {"status":"bad","msg":""}
2021-08-02 01:52:38 查询号码 【1999343】，GSD为【""】
2021-08-02 01:52:38 bad
2021-08-02 01:52:40 CHB 1999343?1627840358 第 1 次 等待 3 秒
2021-08-02 01:52:43 CHB 1999343?1627840358 第 1 次 获取到号码【1999343】GSD
2021-08-02 01:52:43 获取到号码【1999343】的GSD为【甘肃-庆阳】
2021-08-02 01:53:02 GSD insert 第 1 次 等待 3 秒
2021-08-02 01:53:05 {"status":"ok","gid":473956,"msg":"添加成功！"}
2021-08-02 01:53:05 下次操作: 2021-08-02 01:53:17

2021-08-02 01:53:17 开始第 27 次操作

2021-08-02 01:53:17 开始操作号码 【1999342】
2021-08-02 01:53:28 GSD getOne 第 1 次 等待 3 秒
2021-08-02 01:53:31 查询号码 【1999342】，返回信息 {"status":"bad","msg":""}
2021-08-02 01:53:31 查询号码 【1999342】，GSD为【""】
2021-08-02 01:53:31 bad
2021-08-02 01:53:33 CHB 1999342?1627840411 第 1 次 等待 3 秒
2021-08-02 01:53:36 CHB 1999342?1627840411 第 1 次 获取到号码【1999342】GSD
2021-08-02 01:53:36 获取到号码【1999342】的GSD为【甘肃-庆阳】
2021-08-02 01:53:54 GSD insert 第 1 次 等待 3 秒
2021-08-02 01:53:57 {"status":"ok","gid":473970,"msg":"添加成功！"}
2021-08-02 01:53:57 下次操作: 2021-08-02 01:54:12

2021-08-02 01:54:12 开始第 28 次操作

2021-08-02 01:54:12 开始操作号码 【1999341】
2021-08-02 01:54:23 GSD getOne 第 1 次 等待 3 秒
2021-08-02 01:54:26 查询号码 【1999341】，返回信息 {"status":"bad","msg":""}
2021-08-02 01:54:26 查询号码 【1999341】，GSD为【""】
2021-08-02 01:54:26 bad
2021-08-02 01:54:28 CHB 1999341?1627840466 第 1 次 等待 3 秒
2021-08-02 01:54:31 CHB 1999341?1627840466 第 1 次 获取到号码【1999341】GSD
2021-08-02 01:54:31 获取到号码【1999341】的GSD为【甘肃-庆阳】
2021-08-02 01:54:50 GSD insert 第 1 次 等待 3 秒
2021-08-02 01:54:53 {"status":"ok","gid":473982,"msg":"添加成功！"}
2021-08-02 01:54:53 下次操作: 2021-08-02 01:55:05

2021-08-02 01:55:05 开始第 29 次操作

2021-08-02 01:55:05 开始操作号码 【1999340】
2021-08-02 01:55:15 GSD getOne 第 1 次 等待 3 秒
2021-08-02 01:55:18 查询号码 【1999340】，返回信息 {"status":"bad","msg":""}
2021-08-02 01:55:18 查询号码 【1999340】，GSD为【""】
2021-08-02 01:55:18 bad
2021-08-02 01:55:20 CHB 1999340?1627840518 第 1 次 等待 3 秒
2021-08-02 01:55:23 CHB 1999340?1627840518 第 1 次 获取到号码【1999340】GSD
2021-08-02 01:55:23 获取到号码【1999340】的GSD为【甘肃-庆阳】
2021-08-02 01:55:42 GSD insert 第 1 次 等待 3 秒
2021-08-02 01:55:45 {"status":"ok","gid":473996,"msg":"添加成功！"}
2021-08-02 01:55:45 下次操作: 2021-08-02 01:56:05

2021-08-02 01:56:05 开始第 30 次操作

2021-08-02 01:56:05 开始操作号码 【1999339】
2021-08-02 01:56:09 GSD getOne 第 1 次 等待 3 秒
2021-08-02 01:56:12 查询号码 【1999339】，返回信息 {"status":"bad","msg":""}
2021-08-02 01:56:12 查询号码 【1999339】，GSD为【""】
2021-08-02 01:56:12 bad
2021-08-02 01:56:14 CHB 1999339?1627840572 第 1 次 等待 3 秒
2021-08-02 01:56:17 CHB 1999339?1627840572 第 1 次 获取到号码【1999339】GSD
2021-08-02 01:56:17 获取到号码【1999339】的GSD为【甘肃-平凉】
2021-08-02 01:56:36 GSD insert 第 1 次 等待 3 秒
2021-08-02 01:56:39 {"status":"ok","gid":474011,"msg":"添加成功！"}
2021-08-02 01:56:39 下次操作: 2021-08-02 01:57:01

2021-08-02 01:57:01 开始第 31 次操作

2021-08-02 01:57:01 开始操作号码 【1999338】
2021-08-02 01:57:06 GSD getOne 第 1 次 等待 3 秒
2021-08-02 01:57:09 查询号码 【1999338】，返回信息 {"status":"bad","msg":""}
2021-08-02 01:57:09 查询号码 【1999338】，GSD为【""】
2021-08-02 01:57:09 bad
2021-08-02 01:57:11 CHB 1999338?1627840629 第 1 次 等待 3 秒
2021-08-02 01:57:14 CHB 1999338?1627840629 第 1 次 获取到号码【1999338】GSD
2021-08-02 01:57:14 获取到号码【1999338】的GSD为【甘肃-平凉】
2021-08-02 01:57:36 GSD insert 第 1 次 等待 3 秒
2021-08-02 01:57:39 {"status":"ok","gid":474025,"msg":"添加成功！"}
2021-08-02 01:57:39 下次操作: 2021-08-02 01:57:51

2021-08-02 01:57:51 开始第 32 次操作

2021-08-02 01:57:51 开始操作号码 【1999337】
2021-08-02 01:58:03 GSD getOne 第 1 次 等待 3 秒
2021-08-02 01:58:06 查询号码 【1999337】，返回信息 {"status":"bad","msg":""}
2021-08-02 01:58:06 查询号码 【1999337】，GSD为【""】
2021-08-02 01:58:06 bad
2021-08-02 01:58:08 CHB 1999337?1627840686 第 1 次 等待 3 秒
2021-08-02 01:58:11 CHB 1999337?1627840686 第 1 次 获取到号码【1999337】GSD
2021-08-02 01:58:11 获取到号码【1999337】的GSD为【甘肃-平凉】
2021-08-02 01:58:31 GSD insert 第 1 次 等待 3 秒
2021-08-02 01:58:34 {"status":"ok","gid":474041,"msg":"添加成功！"}
2021-08-02 01:58:34 下次操作: 2021-08-02 01:58:53

2021-08-02 01:58:53 开始第 33 次操作

2021-08-02 01:58:53 开始操作号码 【1999336】
2021-08-02 01:58:56 GSD getOne 第 1 次 等待 3 秒
2021-08-02 01:58:59 查询号码 【1999336】，返回信息 {"status":"bad","msg":""}
2021-08-02 01:58:59 查询号码 【1999336】，GSD为【""】
2021-08-02 01:58:59 bad
2021-08-02 01:59:01 CHB 1999336?1627840739 第 1 次 等待 3 秒
2021-08-02 01:59:04 CHB 1999336?1627840739 第 1 次 获取到号码【1999336】GSD
2021-08-02 01:59:04 获取到号码【1999336】的GSD为【甘肃-平凉】
2021-08-02 01:59:23 GSD insert 第 1 次 等待 3 秒
2021-08-02 01:59:26 {"status":"ok","gid":474056,"msg":"添加成功！"}
2021-08-02 01:59:26 下次操作: 2021-08-02 01:59:49

2021-08-02 01:59:49 开始第 34 次操作

2021-08-02 01:59:49 开始操作号码 【1999335】
2021-08-02 01:59:54 GSD getOne 第 1 次 等待 3 秒
2021-08-02 01:59:57 查询号码 【1999335】，返回信息 {"status":"bad","msg":""}
2021-08-02 01:59:57 查询号码 【1999335】，GSD为【""】
2021-08-02 01:59:57 bad
2021-08-02 01:59:58 CHB 1999335?1627840797 第 1 次 等待 3 秒
2021-08-02 02:00:01 CHB 1999335?1627840797 第 1 次 获取到号码【1999335】GSD
2021-08-02 02:00:01 获取到号码【1999335】的GSD为【甘肃-平凉】
2021-08-02 02:00:23 GSD insert 第 1 次 等待 3 秒
2021-08-02 02:00:26 {"status":"ok","gid":474071,"msg":"添加成功！"}
2021-08-02 02:00:26 下次操作: 2021-08-02 02:00:47

2021-08-02 02:00:47 开始第 35 次操作

2021-08-02 02:00:47 开始操作号码 【1999334】
2021-08-02 02:00:51 GSD getOne 第 1 次 等待 3 秒
2021-08-02 02:00:54 查询号码 【1999334】，返回信息 {"status":"bad","msg":""}
2021-08-02 02:00:54 查询号码 【1999334】，GSD为【""】
2021-08-02 02:00:54 bad
2021-08-02 02:00:56 CHB 1999334?1627840854 第 1 次 等待 3 秒
2021-08-02 02:00:59 CHB 1999334?1627840854 第 1 次 获取到号码【1999334】GSD
2021-08-02 02:00:59 获取到号码【1999334】的GSD为【甘肃-平凉】
2021-08-02 02:01:18 GSD insert 第 1 次 等待 3 秒
2021-08-02 02:01:21 {"status":"ok","gid":474086,"msg":"添加成功！"}
2021-08-02 02:01:21 下次操作: 2021-08-02 02:01:45

2021-08-02 02:01:45 开始第 36 次操作

2021-08-02 02:01:45 开始操作号码 【1999333】
2021-08-02 02:01:51 GSD getOne 第 1 次 等待 3 秒
2021-08-02 02:01:54 查询号码 【1999333】，返回信息 {"status":"bad","msg":""}
2021-08-02 02:01:54 查询号码 【1999333】，GSD为【""】
2021-08-02 02:01:54 bad
2021-08-02 02:01:56 CHB 1999333?1627840914 第 1 次 等待 3 秒
2021-08-02 02:01:59 CHB 1999333?1627840914 第 1 次 获取到号码【1999333】GSD
2021-08-02 02:01:59 获取到号码【1999333】的GSD为【甘肃-平凉】
2021-08-02 02:02:19 GSD insert 第 1 次 等待 3 秒
2021-08-02 02:02:22 {"status":"ok","gid":474101,"msg":"添加成功！"}
2021-08-02 02:02:22 下次操作: 2021-08-02 02:02:40

2021-08-02 02:02:40 开始第 37 次操作

2021-08-02 02:02:40 开始操作号码 【1999332】
2021-08-02 02:02:43 GSD getOne 第 1 次 等待 3 秒
2021-08-02 02:02:46 查询号码 【1999332】，返回信息 {"status":"bad","msg":""}
2021-08-02 02:02:46 查询号码 【1999332】，GSD为【""】
2021-08-02 02:02:46 bad
2021-08-02 02:02:48 CHB 1999332?1627840966 第 1 次 等待 3 秒
2021-08-02 02:02:51 CHB 1999332?1627840966 第 1 次 获取到号码【1999332】GSD
2021-08-02 02:02:51 获取到号码【1999332】的GSD为【甘肃-平凉】
2021-08-02 02:03:10 GSD insert 第 1 次 等待 3 秒
2021-08-02 02:03:13 {"status":"ok","gid":474113,"msg":"添加成功！"}
2021-08-02 02:03:13 下次操作: 2021-08-02 02:03:33

2021-08-02 02:03:33 开始第 38 次操作

2021-08-02 02:03:33 开始操作号码 【1999331】
2021-08-02 02:03:37 GSD getOne 第 1 次 等待 3 秒
2021-08-02 02:03:40 查询号码 【1999331】，返回信息 {"status":"bad","msg":""}
2021-08-02 02:03:40 查询号码 【1999331】，GSD为【""】
2021-08-02 02:03:40 bad
2021-08-02 02:03:41 CHB 1999331?1627841020 第 1 次 等待 3 秒
2021-08-02 02:03:44 CHB 1999331?1627841020 第 1 次 获取到号码【1999331】GSD
2021-08-02 02:03:44 获取到号码【1999331】的GSD为【甘肃-平凉】
2021-08-02 02:04:03 GSD insert 第 1 次 等待 3 秒
2021-08-02 02:04:06 {"status":"ok","gid":474128,"msg":"添加成功！"}
2021-08-02 02:04:06 下次操作: 2021-08-02 02:04:27

2021-08-02 02:04:27 开始第 39 次操作

2021-08-02 02:04:27 开始操作号码 【1999330】
2021-08-02 02:04:32 GSD getOne 第 1 次 等待 3 秒
2021-08-02 02:04:35 查询号码 【1999330】，返回信息 {"status":"bad","msg":""}
2021-08-02 02:04:35 查询号码 【1999330】，GSD为【""】
2021-08-02 02:04:35 bad
2021-08-02 02:04:36 CHB 1999330?1627841075 第 1 次 等待 3 秒
2021-08-02 02:04:39 CHB 1999330?1627841075 第 1 次 获取到号码【1999330】GSD
2021-08-02 02:04:39 获取到号码【1999330】的GSD为【甘肃-平凉】
2021-08-02 02:05:00 GSD insert 第 1 次 等待 3 秒
2021-08-02 02:05:03 {"status":"ok","gid":474142,"msg":"添加成功！"}
2021-08-02 02:05:03 下次操作: 2021-08-02 02:05:23

2021-08-02 02:05:23 开始第 40 次操作

2021-08-02 02:05:23 开始操作号码 【1999329】
2021-08-02 02:05:29 GSD getOne 第 1 次 等待 3 秒
2021-08-02 02:05:32 查询号码 【1999329】，返回信息 {"status":"bad","msg":""}
2021-08-02 02:05:32 查询号码 【1999329】，GSD为【""】
2021-08-02 02:05:32 bad
2021-08-02 02:05:34 CHB 1999329?1627841132 第 1 次 等待 3 秒
2021-08-02 02:05:37 CHB 1999329?1627841132 第 1 次 获取到号码【1999329】GSD
2021-08-02 02:05:37 获取到号码【1999329】的GSD为【甘肃-定西】
2021-08-02 02:05:58 GSD insert 第 1 次 等待 3 秒
2021-08-02 02:06:01 {"status":"ok","gid":474156,"msg":"添加成功！"}

