2024-11-13 00:08:26 开始第 4681 次操作

2024-11-13 00:08:26 开始操作号码 【1314680】
2024-11-13 00:08:27 GSD getOne 第 1 次 等待 3 秒
2024-11-13 00:08:30 查询号码 【1314680】，返回信息 {"status":"ok","msg":"北京-北京","gid":"209438","time_insert":"2021-07-06 22:27"}
2024-11-13 00:08:30 查询号码 【1314680】，GSD为【"北京-北京"】

2024-11-13 00:08:31 开始第 4682 次操作

2024-11-13 00:08:31 开始操作号码 【1314681】
2024-11-13 00:08:33 GSD getOne 第 1 次 等待 3 秒
2024-11-13 00:08:36 查询号码 【1314681】，返回信息 {"status":"ok","msg":"北京-北京","gid":"209553","time_insert":"2021-07-06 22:42"}
2024-11-13 00:08:36 查询号码 【1314681】，GSD为【"北京-北京"】

2024-11-13 00:08:37 开始第 4683 次操作

2024-11-13 00:08:37 开始操作号码 【1314682】
2024-11-13 00:08:38 GSD getOne 第 1 次 等待 3 秒
2024-11-13 00:08:41 查询号码 【1314682】，返回信息 {"status":"ok","msg":"北京-北京","gid":"209681","time_insert":"2021-07-06 22:56"}
2024-11-13 00:08:41 查询号码 【1314682】，GSD为【"北京-北京"】

2024-11-13 00:08:42 开始第 4684 次操作

2024-11-13 00:08:42 开始操作号码 【1314683】
2024-11-13 00:08:43 GSD getOne 第 1 次 等待 3 秒
2024-11-13 00:08:46 查询号码 【1314683】，返回信息 {"status":"ok","msg":"北京-北京","gid":"209741","time_insert":"2021-07-06 23:07"}
2024-11-13 00:08:46 查询号码 【1314683】，GSD为【"北京-北京"】

