2024-01-17 00:22:11 开始第 9069 次操作

2024-01-17 00:22:11 开始操作号码 【1838988】
2024-01-17 00:22:16 GSD getOne 第 1 次 等待 3 秒
2024-01-17 00:22:19 查询号码 【1838988】，返回信息 {"status":"ok","msg":"海南-海口","gid":"357969","time_insert":"2021-07-22 19:12"}
2024-01-17 00:22:19 查询号码 【1838988】，GSD为【"海南-海口"】

2024-01-17 00:22:20 开始第 9070 次操作

2024-01-17 00:22:20 开始操作号码 【1838989】
2024-01-17 00:22:24 GSD getOne 第 1 次 等待 3 秒
2024-01-17 00:22:27 查询号码 【1838989】，返回信息 {"status":"ok","msg":"海南-海口","gid":"357975","time_insert":"2021-07-22 19:13"}
2024-01-17 00:22:27 查询号码 【1838989】，GSD为【"海南-海口"】

2024-01-17 00:22:28 开始第 9071 次操作

2024-01-17 00:22:28 开始操作号码 【1838990】
2024-01-17 00:22:38 GSD getOne 第 1 次 等待 3 秒
2024-01-17 00:22:41 查询号码 【1838990】，返回信息 {"status":"ok","msg":"海南-海口","gid":"358114","time_insert":"2021-07-22 19:37"}
2024-01-17 00:22:41 查询号码 【1838990】，GSD为【"海南-海口"】

2024-01-17 00:22:42 开始第 9072 次操作

2024-01-17 00:22:42 开始操作号码 【1838991】
2024-01-17 00:22:46 GSD getOne 第 1 次 等待 3 秒
2024-01-17 00:22:49 查询号码 【1838991】，返回信息 {"status":"ok","msg":"海南-海口","gid":"50033","time_insert":"2021-04-21 14:58"}
2024-01-17 00:22:49 查询号码 【1838991】，GSD为【"海南-海口"】

