2023-10-28 00:19:58 开始第 5393 次操作

2023-10-28 00:19:58 开始操作号码 【1935311】
2023-10-28 00:20:05 GSD getOne 第 1 次 等待 3 秒
2023-10-28 00:20:08 查询号码 【1935311】，返回信息 {"status":"ok","msg":"山东-济南","gid":"492939","time_insert":"2021-08-03 21:57"}
2023-10-28 00:20:08 查询号码 【1935311】，GSD为【"山东-济南"】

2023-10-28 00:20:09 开始第 5394 次操作

2023-10-28 00:20:09 开始操作号码 【1935312】
2023-10-28 00:20:13 GSD getOne 第 1 次 等待 3 秒
2023-10-28 00:20:16 查询号码 【1935312】，返回信息 {"status":"ok","msg":"山东-济南","gid":"492933","time_insert":"2021-08-03 21:56"}
2023-10-28 00:20:16 查询号码 【1935312】，GSD为【"山东-济南"】

2023-10-28 00:20:17 开始第 5395 次操作

2023-10-28 00:20:17 开始操作号码 【1935313】
2023-10-28 00:20:26 GSD getOne 第 1 次 等待 3 秒
2023-10-28 00:20:29 查询号码 【1935313】，返回信息 {"status":"ok","msg":"山东-济宁","gid":"492926","time_insert":"2021-08-03 21:55"}
2023-10-28 00:20:29 查询号码 【1935313】，GSD为【"山东-济宁"】

2023-10-28 00:20:30 开始第 5396 次操作

2023-10-28 00:20:30 开始操作号码 【1935314】
2023-10-28 00:20:38 GSD getOne 第 1 次 等待 3 秒
2023-10-28 00:20:41 查询号码 【1935314】，返回信息 {"status":"ok","msg":"山东-潍坊","gid":"492920","time_insert":"2021-08-03 21:54"}
2023-10-28 00:20:41 查询号码 【1935314】，GSD为【"山东-潍坊"】

