2024-04-21 00:19:46 开始第 4633 次操作

2024-04-21 00:19:46 开始操作号码 【1614550】
2024-04-21 00:20:01 GSD getOne 第 1 次 等待 3 秒
2024-04-21 00:20:04 查询号码 【1614550】，返回信息 {"status":"ok","msg":"-","gid":"611175","time_insert":"2023-03-24 08:00"}
2024-04-21 00:20:04 查询号码 【1614550】，GSD为【"-"】
2024-04-21 00:20:04 ok && -
2024-04-21 00:20:07 CHB 1614550?1713630004 第 1 次 等待 3 秒
2024-04-21 00:20:10 CHB 1614550?1713630004 第 1 次 获取到号码【1614550】GSD
2024-04-21 00:20:10 未获取到号码【1614550】GSD，可能号码格式错误
2024-04-21 00:20:10 获取到号码【1614550】的GSD为【-】
2024-04-21 00:20:28 GSD insert 第 1 次 等待 3 秒
2024-04-21 00:20:31 {"status":"bad","gid":"611175","msg":"添加失败！号码【1614550(-|-)】已存在！"}
2024-04-21 00:20:31 随机等待 215 秒，约 3 分钟
2024-04-21 00:20:31 下次操作: 2024-04-21 00:24:06

2024-04-21 00:24:06 开始第 4634 次操作

2024-04-21 00:24:06 开始操作号码 【1614551】
2024-04-21 00:24:15 GSD getOne 第 1 次 等待 3 秒
2024-04-21 00:24:18 查询号码 【1614551】，返回信息 {"status":"ok","msg":"-","gid":"611195","time_insert":"2023-03-24 08:20"}
2024-04-21 00:24:19 查询号码 【1614551】，GSD为【"-"】
2024-04-21 00:24:19 ok && -
2024-04-21 00:24:21 CHB 1614551?1713630259 第 1 次 等待 3 秒
2024-04-21 00:24:24 CHB 1614551?1713630259 第 1 次 获取到号码【1614551】GSD
2024-04-21 00:24:24 未获取到号码【1614551】GSD，可能号码格式错误
2024-04-21 00:24:24 获取到号码【1614551】的GSD为【-】
2024-04-21 00:24:57 GSD insert 第 1 次 等待 3 秒
2024-04-21 00:25:00 {"status":"bad","gid":"611195","msg":"添加失败！号码【1614551(-|-)】已存在！"}
2024-04-21 00:25:00 随机等待 232 秒，约 3 分钟
2024-04-21 00:25:00 下次操作: 2024-04-21 00:28:52

2024-04-21 00:28:52 开始第 4635 次操作

2024-04-21 00:28:52 开始操作号码 【1614552】
2024-04-21 00:29:30 GSD getOne 第 1 次 等待 3 秒
2024-04-21 00:29:33 查询号码 【1614552】，返回信息 {"status":"ok","msg":"-","gid":"611205","time_insert":"2023-03-24 08:31"}
2024-04-21 00:29:33 查询号码 【1614552】，GSD为【"-"】
2024-04-21 00:29:33 ok && -
2024-04-21 00:29:35 CHB 1614552?1713630573 第 1 次 等待 3 秒
2024-04-21 00:29:38 CHB 1614552?1713630573 第 1 次 获取到号码【1614552】GSD
2024-04-21 00:29:38 未获取到号码【1614552】GSD，可能号码格式错误
2024-04-21 00:29:38 获取到号码【1614552】的GSD为【-】
2024-04-21 00:30:02 GSD insert 第 1 次 等待 3 秒
2024-04-21 00:30:05 {"status":"bad","gid":"611205","msg":"添加失败！号码【1614552(-|-)】已存在！"}
2024-04-21 00:30:05 随机等待 147 秒，约 2 分钟
2024-04-21 00:30:05 下次操作: 2024-04-21 00:32:32

2024-04-21 00:32:32 开始第 4636 次操作

2024-04-21 00:32:32 开始操作号码 【1614553】
2024-04-21 00:32:41 GSD getOne 第 1 次 等待 3 秒
2024-04-21 00:32:44 查询号码 【1614553】，返回信息 {"status":"ok","msg":"-","gid":"611229","time_insert":"2023-03-24 08:50"}
2024-04-21 00:32:45 查询号码 【1614553】，GSD为【"-"】
2024-04-21 00:32:45 ok && -
2024-04-21 00:32:47 CHB 1614553?1713630765 第 1 次 等待 3 秒
2024-04-21 00:32:50 CHB 1614553?1713630765 第 1 次 获取到号码【1614553】GSD
2024-04-21 00:32:50 未获取到号码【1614553】GSD，可能号码格式错误
2024-04-21 00:32:50 获取到号码【1614553】的GSD为【-】
2024-04-21 00:33:41 GSD insert 第 1 次 等待 3 秒
2024-04-21 00:33:44 {"status":"bad","gid":"611229","msg":"添加失败！号码【1614553(-|-)】已存在！"}

