2024-10-11 00:26:37 开始第 8965 次操作

2024-10-11 00:26:37 开始操作号码 【1398964】
2024-10-11 00:26:54 GSD getOne 第 1 次 等待 3 秒
2024-10-11 00:26:57 查询号码 【1398964】，返回信息 {"status":"ok","msg":"浙江-台州","gid":"347271","time_insert":"2021-07-21 16:04"}
2024-10-11 00:26:57 查询号码 【1398964】，GSD为【"浙江-台州"】

2024-10-11 00:26:58 开始第 8966 次操作

2024-10-11 00:26:58 开始操作号码 【1398965】
2024-10-11 00:27:00 GSD getOne 第 1 次 等待 3 秒
2024-10-11 00:27:03 查询号码 【1398965】，返回信息 {"status":"ok","msg":"浙江-台州","gid":"347263","time_insert":"2021-07-21 16:04"}
2024-10-11 00:27:03 查询号码 【1398965】，GSD为【"浙江-台州"】

2024-10-11 00:27:04 开始第 8967 次操作

2024-10-11 00:27:04 开始操作号码 【1398966】
2024-10-11 00:27:06 GSD getOne 第 1 次 等待 3 秒
2024-10-11 00:27:09 查询号码 【1398966】，返回信息 {"status":"ok","msg":"浙江-台州","gid":"14288","time_insert":"2015-09-30 06:26","time_update":"2020-08-30 00:57"}
2024-10-11 00:27:09 查询号码 【1398966】，GSD为【"浙江-台州"】

2024-10-11 00:27:10 开始第 8968 次操作

2024-10-11 00:27:10 开始操作号码 【1398967】
2024-10-11 00:27:12 GSD getOne 第 1 次 等待 3 秒
2024-10-11 00:27:15 查询号码 【1398967】，返回信息 {"status":"ok","msg":"浙江-台州","gid":"347258","time_insert":"2021-07-21 16:03"}
2024-10-11 00:27:15 查询号码 【1398967】，GSD为【"浙江-台州"】

