2024-08-01 00:22:54 开始第 8969 次操作

2024-08-01 00:22:54 开始操作号码 【1508878】
2024-08-01 00:23:05 GSD getOne 第 1 次 等待 3 秒
2024-08-01 00:23:08 查询号码 【1508878】，返回信息 {"status":"ok","msg":"浙江-杭州","gid":"366169","time_insert":"2021-07-23 13:38"}
2024-08-01 00:23:08 查询号码 【1508878】，GSD为【"浙江-杭州"】

2024-08-01 00:23:09 开始第 8970 次操作

2024-08-01 00:23:09 开始操作号码 【1508879】
2024-08-01 00:23:17 GSD getOne 第 1 次 等待 3 秒
2024-08-01 00:23:20 查询号码 【1508879】，返回信息 {"status":"ok","msg":"浙江-杭州","gid":"366157","time_insert":"2021-07-23 13:38"}
2024-08-01 00:23:20 查询号码 【1508879】，GSD为【"浙江-杭州"】

2024-08-01 00:23:21 开始第 8971 次操作

2024-08-01 00:23:21 开始操作号码 【1508880】
2024-08-01 00:23:30 GSD getOne 第 1 次 等待 3 秒
2024-08-01 00:23:33 查询号码 【1508880】，返回信息 {"status":"ok","msg":"浙江-宁波","gid":"16339","time_insert":"2014-08-22 15:41","time_update":"2020-08-31 09:56"}
2024-08-01 00:23:33 查询号码 【1508880】，GSD为【"浙江-宁波"】

2024-08-01 00:23:34 开始第 8972 次操作

2024-08-01 00:23:34 开始操作号码 【1508881】
2024-08-01 00:23:42 GSD getOne 第 1 次 等待 3 秒
2024-08-01 00:23:45 查询号码 【1508881】，返回信息 {"status":"ok","msg":"浙江-宁波","gid":"366143","time_insert":"2021-07-23 13:36"}
2024-08-01 00:23:45 查询号码 【1508881】，GSD为【"浙江-宁波"】

