2023-12-08 00:22:52 开始第 1957 次操作

2023-12-08 00:22:52 开始操作号码 【1831876】
2023-12-08 00:22:56 GSD getOne 第 1 次 等待 3 秒
2023-12-08 00:22:59 查询号码 【1831876】，返回信息 {"status":"ok","msg":"广东-中山","gid":"292537","time_insert":"2021-07-16 11:10"}
2023-12-08 00:22:59 查询号码 【1831876】，GSD为【"广东-中山"】

2023-12-08 00:23:00 开始第 1958 次操作

2023-12-08 00:23:00 开始操作号码 【1831877】
2023-12-08 00:23:08 GSD getOne 第 1 次 等待 3 秒
2023-12-08 00:23:11 查询号码 【1831877】，返回信息 {"status":"ok","msg":"广东-茂名","gid":"292543","time_insert":"2021-07-16 11:10"}
2023-12-08 00:23:11 查询号码 【1831877】，GSD为【"广东-茂名"】

2023-12-08 00:23:12 开始第 1959 次操作

2023-12-08 00:23:12 开始操作号码 【1831878】
2023-12-08 00:23:16 GSD getOne 第 1 次 等待 3 秒
2023-12-08 00:23:19 查询号码 【1831878】，返回信息 {"status":"ok","msg":"广东-汕头","gid":"292549","time_insert":"2021-07-16 11:11"}
2023-12-08 00:23:19 查询号码 【1831878】，GSD为【"广东-汕头"】

2023-12-08 00:23:20 开始第 1960 次操作

2023-12-08 00:23:20 开始操作号码 【1831879】
2023-12-08 00:23:25 GSD getOne 第 1 次 等待 3 秒
2023-12-08 00:23:28 查询号码 【1831879】，返回信息 {"status":"ok","msg":"广东-中山","gid":"37362","time_insert":"2014-02-07 14:14","time_update":"2020-10-01 15:40"}
2023-12-08 00:23:28 查询号码 【1831879】，GSD为【"广东-中山"】

