2024-02-12 00:18:53 开始第 3197 次操作

2024-02-12 00:18:53 开始操作号码 【1723116】
2024-02-12 00:18:58 GSD getOne 第 1 次 等待 3 秒
2024-02-12 00:19:01 查询号码 【1723116】，返回信息 {"status":"ok","msg":"广东-广州","gid":"273269","time_insert":"2021-07-14 10:44"}
2024-02-12 00:19:01 查询号码 【1723116】，GSD为【"广东-广州"】

2024-02-12 00:19:02 开始第 3198 次操作

2024-02-12 00:19:02 开始操作号码 【1723117】
2024-02-12 00:19:06 GSD getOne 第 1 次 等待 3 秒
2024-02-12 00:19:09 查询号码 【1723117】，返回信息 {"status":"ok","msg":"广东-广州","gid":"273271","time_insert":"2021-07-14 10:44"}
2024-02-12 00:19:09 查询号码 【1723117】，GSD为【"广东-广州"】

2024-02-12 00:19:10 开始第 3199 次操作

2024-02-12 00:19:10 开始操作号码 【1723118】
2024-02-12 00:19:14 GSD getOne 第 1 次 等待 3 秒
2024-02-12 00:19:17 查询号码 【1723118】，返回信息 {"status":"ok","msg":"广东-广州","gid":"273273","time_insert":"2021-07-14 10:44"}
2024-02-12 00:19:17 查询号码 【1723118】，GSD为【"广东-广州"】

2024-02-12 00:19:18 开始第 3200 次操作

2024-02-12 00:19:18 开始操作号码 【1723119】
2024-02-12 00:19:24 GSD getOne 第 1 次 等待 3 秒
2024-02-12 00:19:27 查询号码 【1723119】，返回信息 {"status":"ok","msg":"广东-广州","gid":"273277","time_insert":"2021-07-14 10:45"}
2024-02-12 00:19:27 查询号码 【1723119】，GSD为【"广东-广州"】

