2024-10-07 00:24:32 开始第 8293 次操作

2024-10-07 00:24:32 开始操作号码 【1398292】
2024-10-07 00:24:34 GSD getOne 第 1 次 等待 3 秒
2024-10-07 00:24:37 查询号码 【1398292】，返回信息 {"status":"ok","msg":"四川-资阳","gid":"13819","time_insert":"2014-06-06 09:00","time_update":"2020-10-17 04:47"}
2024-10-07 00:24:37 查询号码 【1398292】，GSD为【"四川-资阳"】

2024-10-07 00:24:38 开始第 8294 次操作

2024-10-07 00:24:38 开始操作号码 【1398293】
2024-10-07 00:24:40 GSD getOne 第 1 次 等待 3 秒
2024-10-07 00:24:43 查询号码 【1398293】，返回信息 {"status":"ok","msg":"四川-资阳","gid":"13820","time_insert":"2018-07-17 22:50","time_update":"2020-10-17 04:51"}
2024-10-07 00:24:43 查询号码 【1398293】，GSD为【"四川-资阳"】

2024-10-07 00:24:44 开始第 8295 次操作

2024-10-07 00:24:44 开始操作号码 【1398294】
2024-10-07 00:24:46 GSD getOne 第 1 次 等待 3 秒
2024-10-07 00:24:49 查询号码 【1398294】，返回信息 {"status":"ok","msg":"四川-资阳","gid":"13821","time_insert":"2018-11-05 11:50","time_update":"2020-10-17 04:55"}
2024-10-07 00:24:49 查询号码 【1398294】，GSD为【"四川-资阳"】

2024-10-07 00:24:50 开始第 8296 次操作

2024-10-07 00:24:50 开始操作号码 【1398295】
2024-10-07 00:24:51 GSD getOne 第 1 次 等待 3 秒
2024-10-07 00:24:54 查询号码 【1398295】，返回信息 {"status":"ok","msg":"四川-资阳","gid":"13822","time_insert":"2018-08-06 06:10","time_update":"2020-10-17 04:59"}
2024-10-07 00:24:54 查询号码 【1398295】，GSD为【"四川-资阳"】

