2024-08-21 00:23:32 开始第 281 次操作

2024-08-21 00:23:33 开始操作号码 【1390280】
2024-08-21 00:23:41 GSD getOne 第 1 次 等待 3 秒
2024-08-21 00:23:44 查询号码 【1390280】，返回信息 {"status":"ok","msg":"广东-佛山","gid":"62010","time_insert":"2021-05-18 19:06"}
2024-08-21 00:23:44 查询号码 【1390280】，GSD为【"广东-佛山"】

2024-08-21 00:23:45 开始第 282 次操作

2024-08-21 00:23:45 开始操作号码 【1390281】
2024-08-21 00:23:54 GSD getOne 第 1 次 等待 3 秒
2024-08-21 00:23:57 查询号码 【1390281】，返回信息 {"status":"ok","msg":"广东-佛山","gid":"12728","time_insert":"2018-01-24 13:47","time_update":"2020-09-28 18:46"}
2024-08-21 00:23:57 查询号码 【1390281】，GSD为【"广东-佛山"】

2024-08-21 00:23:58 开始第 283 次操作

2024-08-21 00:23:58 开始操作号码 【1390282】
2024-08-21 00:24:07 GSD getOne 第 1 次 等待 3 秒
2024-08-21 00:24:10 查询号码 【1390282】，返回信息 {"status":"ok","msg":"广东-中山","gid":"62020","time_insert":"2021-05-18 19:30"}
2024-08-21 00:24:10 查询号码 【1390282】，GSD为【"广东-中山"】

2024-08-21 00:24:11 开始第 284 次操作

2024-08-21 00:24:11 开始操作号码 【1390283】
2024-08-21 00:24:21 GSD getOne 第 1 次 等待 3 秒
2024-08-21 00:24:24 查询号码 【1390283】，返回信息 {"status":"ok","msg":"广东-佛山","gid":"62029","time_insert":"2021-05-18 19:53"}
2024-08-21 00:24:24 查询号码 【1390283】，GSD为【"广东-佛山"】

2024-08-21 00:41:44 开始第 285 次操作

2024-08-21 00:41:44 开始操作号码 【1390284】
2024-08-21 00:41:56 GSD getOne 第 1 次 等待 3 秒
2024-08-21 00:41:59 查询号码 【1390284】，返回信息 {"status":"ok","msg":"广东-佛山","gid":"62039","time_insert":"2021-05-18 20:19"}
2024-08-21 00:41:59 查询号码 【1390284】，GSD为【"广东-佛山"】

2024-08-21 00:42:00 开始第 286 次操作

2024-08-21 00:42:00 开始操作号码 【1390285】
2024-08-21 00:42:08 GSD getOne 第 1 次 等待 3 秒
2024-08-21 00:42:11 查询号码 【1390285】，返回信息 {"status":"ok","msg":"广东-佛山","gid":"12729","time_insert":"2017-08-04 16:37","time_update":"2020-09-28 18:49"}
2024-08-21 00:42:11 查询号码 【1390285】，GSD为【"广东-佛山"】

2024-08-21 00:42:12 开始第 287 次操作

2024-08-21 00:42:12 开始操作号码 【1390286】
2024-08-21 00:42:20 GSD getOne 第 1 次 等待 3 秒
2024-08-21 00:42:23 查询号码 【1390286】，返回信息 {"status":"ok","msg":"广东-珠海","gid":"62050","time_insert":"2021-05-18 20:42"}
2024-08-21 00:42:23 查询号码 【1390286】，GSD为【"广东-珠海"】

2024-08-21 00:42:24 开始第 288 次操作

2024-08-21 00:42:24 开始操作号码 【1390287】
2024-08-21 00:42:32 GSD getOne 第 1 次 等待 3 秒
2024-08-21 00:42:35 查询号码 【1390287】，返回信息 {"status":"ok","msg":"广东-珠海","gid":"12730","time_insert":"2018-12-07 08:47","time_update":"2020-09-28 18:54"}
2024-08-21 00:42:35 查询号码 【1390287】，GSD为【"广东-珠海"】

