2024-11-25 00:08:08 开始第 6781 次操作

2024-11-25 00:08:08 开始操作号码 【1316780】
2024-11-25 00:08:10 GSD getOne 第 1 次 等待 3 秒
2024-11-25 00:08:13 查询号码 【1316780】，返回信息 {"status":"ok","msg":"重庆-重庆","gid":"1527","time_insert":"2017-05-11 16:02","time_update":"2021-01-03 07:50"}
2024-11-25 00:08:13 查询号码 【1316780】，GSD为【"重庆-重庆"】

2024-11-25 00:08:14 开始第 6782 次操作

2024-11-25 00:08:14 开始操作号码 【1316781】
2024-11-25 00:08:15 GSD getOne 第 1 次 等待 3 秒
2024-11-25 00:08:18 查询号码 【1316781】，返回信息 {"status":"ok","msg":"重庆-重庆","gid":"232353","time_insert":"2021-07-09 16:48"}
2024-11-25 00:08:18 查询号码 【1316781】，GSD为【"重庆-重庆"】

2024-11-25 00:08:19 开始第 6783 次操作

2024-11-25 00:08:19 开始操作号码 【1316782】
2024-11-25 00:08:19 GSD getOne 第 1 次 等待 3 秒
2024-11-25 00:08:22 查询号码 【1316782】，返回信息 {"status":"ok","msg":"重庆-重庆","gid":"232344","time_insert":"2021-07-09 16:48"}
2024-11-25 00:08:23 查询号码 【1316782】，GSD为【"重庆-重庆"】

2024-11-25 00:08:24 开始第 6784 次操作

2024-11-25 00:08:24 开始操作号码 【1316783】
2024-11-25 00:08:24 GSD getOne 第 1 次 等待 3 秒
2024-11-25 00:08:27 查询号码 【1316783】，返回信息 {"status":"ok","msg":"重庆-重庆","gid":"232339","time_insert":"2021-07-09 16:47"}
2024-11-25 00:08:27 查询号码 【1316783】，GSD为【"重庆-重庆"】

