2023-12-24 00:19:29 开始第 4801 次操作

2023-12-24 00:19:29 开始操作号码 【1834720】
2023-12-24 00:19:34 GSD getOne 第 1 次 等待 3 秒
2023-12-24 00:19:37 查询号码 【1834720】，返回信息 {"status":"ok","msg":"内蒙古-包头","gid":"37798","time_insert":"2020-08-05 10:50","time_update":"2020-12-16 20:59"}
2023-12-24 00:19:37 查询号码 【1834720】，GSD为【"内蒙古-包头"】

2023-12-24 00:19:38 开始第 4802 次操作

2023-12-24 00:19:38 开始操作号码 【1834721】
2023-12-24 00:19:42 GSD getOne 第 1 次 等待 3 秒
2023-12-24 00:19:45 查询号码 【1834721】，返回信息 {"status":"ok","msg":"内蒙古-包头","gid":"320632","time_insert":"2021-07-19 00:16"}
2023-12-24 00:19:45 查询号码 【1834721】，GSD为【"内蒙古-包头"】

2023-12-24 00:19:46 开始第 4803 次操作

2023-12-24 00:19:46 开始操作号码 【1834722】
2023-12-24 00:19:50 GSD getOne 第 1 次 等待 3 秒
2023-12-24 00:19:53 查询号码 【1834722】，返回信息 {"status":"ok","msg":"内蒙古-包头","gid":"320640","time_insert":"2021-07-19 00:17"}
2023-12-24 00:19:53 查询号码 【1834722】，GSD为【"内蒙古-包头"】

2023-12-24 00:19:54 开始第 4804 次操作

2023-12-24 00:19:54 开始操作号码 【1834723】
2023-12-24 00:19:58 GSD getOne 第 1 次 等待 3 秒
2023-12-24 00:20:01 查询号码 【1834723】，返回信息 {"status":"ok","msg":"内蒙古-包头","gid":"320652","time_insert":"2021-07-19 00:18"}
2023-12-24 00:20:01 查询号码 【1834723】，GSD为【"内蒙古-包头"】

