2024-11-17 00:07:18 开始第 5389 次操作

2024-11-17 00:07:18 开始操作号码 【1315388】
2024-11-17 00:07:20 GSD getOne 第 1 次 等待 3 秒
2024-11-17 00:07:23 查询号码 【1315388】，返回信息 {"status":"ok","msg":"山东-泰安","gid":"248000","time_insert":"2021-07-11 12:50"}
2024-11-17 00:07:23 查询号码 【1315388】，GSD为【"山东-泰安"】

2024-11-17 00:07:24 开始第 5390 次操作

2024-11-17 00:07:24 开始操作号码 【1315389】
2024-11-17 00:07:25 GSD getOne 第 1 次 等待 3 秒
2024-11-17 00:07:28 查询号码 【1315389】，返回信息 {"status":"ok","msg":"山东-泰安","gid":"247993","time_insert":"2021-07-11 12:50"}
2024-11-17 00:07:29 查询号码 【1315389】，GSD为【"山东-泰安"】

2024-11-17 00:07:30 开始第 5391 次操作

2024-11-17 00:07:30 开始操作号码 【1315390】
2024-11-17 00:07:31 GSD getOne 第 1 次 等待 3 秒
2024-11-17 00:07:34 查询号码 【1315390】，返回信息 {"status":"ok","msg":"山东-临沂","gid":"247987","time_insert":"2021-07-11 12:49"}
2024-11-17 00:07:34 查询号码 【1315390】，GSD为【"山东-临沂"】

2024-11-17 00:07:35 开始第 5392 次操作

2024-11-17 00:07:35 开始操作号码 【1315391】
2024-11-17 00:07:37 GSD getOne 第 1 次 等待 3 秒
2024-11-17 00:07:40 查询号码 【1315391】，返回信息 {"status":"ok","msg":"山东-临沂","gid":"247787","time_insert":"2021-07-11 11:55"}
2024-11-17 00:07:40 查询号码 【1315391】，GSD为【"山东-临沂"】

