2024-11-12 00:08:00 开始第 4501 次操作

2024-11-12 00:08:00 开始操作号码 【1314500】
2024-11-12 00:08:01 GSD getOne 第 1 次 等待 3 秒
2024-11-12 00:08:04 查询号码 【1314500】，返回信息 {"status":"ok","msg":"江苏-苏州","gid":"197034","time_insert":"2021-07-05 10:45"}
2024-11-12 00:08:04 查询号码 【1314500】，GSD为【"江苏-苏州"】

2024-11-12 00:08:05 开始第 4502 次操作

2024-11-12 00:08:05 开始操作号码 【1314501】
2024-11-12 00:08:06 GSD getOne 第 1 次 等待 3 秒
2024-11-12 00:08:09 查询号码 【1314501】，返回信息 {"status":"ok","msg":"江苏-苏州","gid":"197199","time_insert":"2021-07-05 10:59"}
2024-11-12 00:08:09 查询号码 【1314501】，GSD为【"江苏-苏州"】

2024-11-12 00:08:10 开始第 4503 次操作

2024-11-12 00:08:10 开始操作号码 【1314502】
2024-11-12 00:08:11 GSD getOne 第 1 次 等待 3 秒
2024-11-12 00:08:14 查询号码 【1314502】，返回信息 {"status":"ok","msg":"江苏-苏州","gid":"197293","time_insert":"2021-07-05 11:13"}
2024-11-12 00:08:14 查询号码 【1314502】，GSD为【"江苏-苏州"】

2024-11-12 00:08:16 开始第 4504 次操作

2024-11-12 00:08:16 开始操作号码 【1314503】
2024-11-12 00:08:17 GSD getOne 第 1 次 等待 3 秒
2024-11-12 00:08:20 查询号码 【1314503】，返回信息 {"status":"ok","msg":"江苏-苏州","gid":"197320","time_insert":"2021-07-05 11:27"}
2024-11-12 00:08:20 查询号码 【1314503】，GSD为【"江苏-苏州"】

2024-11-12 00:40:49 开始第 4505 次操作

2024-11-12 00:40:49 开始操作号码 【1314504】
2024-11-12 00:40:50 GSD getOne 第 1 次 等待 3 秒
2024-11-12 00:40:53 查询号码 【1314504】，返回信息 {"status":"ok","msg":"江苏-苏州","gid":"197340","time_insert":"2021-07-05 11:39"}
2024-11-12 00:40:53 查询号码 【1314504】，GSD为【"江苏-苏州"】

2024-11-12 00:40:54 开始第 4506 次操作

2024-11-12 00:40:54 开始操作号码 【1314505】
2024-11-12 00:40:55 GSD getOne 第 1 次 等待 3 秒
2024-11-12 00:40:58 查询号码 【1314505】，返回信息 {"status":"ok","msg":"江苏-苏州","gid":"197407","time_insert":"2021-07-05 11:52"}
2024-11-12 00:40:58 查询号码 【1314505】，GSD为【"江苏-苏州"】

2024-11-12 00:40:59 开始第 4507 次操作

2024-11-12 00:40:59 开始操作号码 【1314506】
2024-11-12 00:41:00 GSD getOne 第 1 次 等待 3 秒
2024-11-12 00:41:03 查询号码 【1314506】，返回信息 {"status":"ok","msg":"江苏-苏州","gid":"197512","time_insert":"2021-07-05 12:02"}
2024-11-12 00:41:03 查询号码 【1314506】，GSD为【"江苏-苏州"】

2024-11-12 00:41:04 开始第 4508 次操作

2024-11-12 00:41:04 开始操作号码 【1314507】
2024-11-12 00:41:05 GSD getOne 第 1 次 等待 3 秒
2024-11-12 00:41:08 查询号码 【1314507】，返回信息 {"status":"ok","msg":"江苏-苏州","gid":"197621","time_insert":"2021-07-05 12:17"}
2024-11-12 00:41:08 查询号码 【1314507】，GSD为【"江苏-苏州"】

2024-11-12 01:00:48 开始第 4509 次操作

2024-11-12 01:00:48 开始操作号码 【1314508】
2024-11-12 01:00:49 GSD getOne 第 1 次 等待 3 秒
2024-11-12 01:00:52 查询号码 【1314508】，返回信息 {"status":"ok","msg":"江苏-苏州","gid":"197640","time_insert":"2021-07-05 12:28"}
2024-11-12 01:00:52 查询号码 【1314508】，GSD为【"江苏-苏州"】

2024-11-12 01:00:53 开始第 4510 次操作

2024-11-12 01:00:53 开始操作号码 【1314509】
2024-11-12 01:00:54 GSD getOne 第 1 次 等待 3 秒
2024-11-12 01:00:57 查询号码 【1314509】，返回信息 {"status":"ok","msg":"江苏-苏州","gid":"197668","time_insert":"2021-07-05 12:42"}
2024-11-12 01:00:57 查询号码 【1314509】，GSD为【"江苏-苏州"】

2024-11-12 01:00:58 开始第 4511 次操作

2024-11-12 01:00:58 开始操作号码 【1314510】
2024-11-12 01:00:59 GSD getOne 第 1 次 等待 3 秒
2024-11-12 01:01:02 查询号码 【1314510】，返回信息 {"status":"ok","msg":"江苏-苏州","gid":"1359","time_insert":"2019-02-22 12:30","time_update":"2020-08-23 20:16"}
2024-11-12 01:01:02 查询号码 【1314510】，GSD为【"江苏-苏州"】

2024-11-12 01:01:03 开始第 4512 次操作

2024-11-12 01:01:03 开始操作号码 【1314511】
2024-11-12 01:01:03 GSD getOne 第 1 次 等待 3 秒
2024-11-12 01:01:06 查询号码 【1314511】，返回信息 {"status":"ok","msg":"江苏-苏州","gid":"197698","time_insert":"2021-07-05 12:56"}
2024-11-12 01:01:06 查询号码 【1314511】，GSD为【"江苏-苏州"】

