2023-10-20 00:21:19 开始第 3977 次操作

2023-10-20 00:21:19 开始操作号码 【1933895】
2023-10-20 00:21:22 GSD getOne 第 1 次 等待 3 秒
2023-10-20 00:21:25 查询号码 【1933895】，返回信息 {"status":"ok","msg":"四川-广安","gid":"509345","time_insert":"2021-08-14 07:26"}
2023-10-20 00:21:25 查询号码 【1933895】，GSD为【"四川-广安"】

2023-10-20 00:21:26 开始第 3978 次操作

2023-10-20 00:21:26 开始操作号码 【1933896】
2023-10-20 00:21:29 GSD getOne 第 1 次 等待 3 秒
2023-10-20 00:21:32 查询号码 【1933896】，返回信息 {"status":"ok","msg":"四川-广安","gid":"509360","time_insert":"2021-08-14 07:39"}
2023-10-20 00:21:32 查询号码 【1933896】，GSD为【"四川-广安"】

2023-10-20 00:21:33 开始第 3979 次操作

2023-10-20 00:21:33 开始操作号码 【1933897】
2023-10-20 00:21:45 GSD getOne 第 1 次 等待 3 秒
2023-10-20 00:21:48 查询号码 【1933897】，返回信息 {"status":"ok","msg":"四川-广安","gid":"509375","time_insert":"2021-08-14 07:50"}
2023-10-20 00:21:48 查询号码 【1933897】，GSD为【"四川-广安"】

2023-10-20 00:21:49 开始第 3980 次操作

2023-10-20 00:21:49 开始操作号码 【1933898】
2023-10-20 00:21:55 GSD getOne 第 1 次 等待 3 秒
2023-10-20 00:21:58 查询号码 【1933898】，返回信息 {"status":"ok","msg":"四川-广安","gid":"509389","time_insert":"2021-08-14 08:01"}
2023-10-20 00:21:58 查询号码 【1933898】，GSD为【"四川-广安"】

