2024-08-02 00:23:23 开始第 9141 次操作

2024-08-02 00:23:23 开始操作号码 【1509050】
2024-08-02 00:23:32 GSD getOne 第 1 次 等待 3 秒
2024-08-02 00:23:35 查询号码 【1509050】，返回信息 {"status":"ok","msg":"河南-商丘","gid":"54059","time_insert":"2021-04-01 15:21"}
2024-08-02 00:23:35 查询号码 【1509050】，GSD为【"河南-商丘"】

2024-08-02 00:23:36 开始第 9142 次操作

2024-08-02 00:23:36 开始操作号码 【1509051】
2024-08-02 00:23:44 GSD getOne 第 1 次 等待 3 秒
2024-08-02 00:23:47 查询号码 【1509051】，返回信息 {"status":"ok","msg":"河南-商丘","gid":"364701","time_insert":"2021-07-23 10:45"}
2024-08-02 00:23:47 查询号码 【1509051】，GSD为【"河南-商丘"】

2024-08-02 00:23:48 开始第 9143 次操作

2024-08-02 00:23:48 开始操作号码 【1509052】
2024-08-02 00:23:56 GSD getOne 第 1 次 等待 3 秒
2024-08-02 00:23:59 查询号码 【1509052】，返回信息 {"status":"ok","msg":"河南-商丘","gid":"364524","time_insert":"2021-07-23 10:03"}
2024-08-02 00:23:59 查询号码 【1509052】，GSD为【"河南-商丘"】

2024-08-02 00:24:00 开始第 9144 次操作

2024-08-02 00:24:00 开始操作号码 【1509053】
2024-08-02 00:24:09 GSD getOne 第 1 次 等待 3 秒
2024-08-02 00:24:12 查询号码 【1509053】，返回信息 {"status":"ok","msg":"河南-商丘","gid":"54060","time_insert":"2020-07-30 10:22"}
2024-08-02 00:24:12 查询号码 【1509053】，GSD为【"河南-商丘"】

2024-08-02 00:41:33 开始第 9145 次操作

2024-08-02 00:41:33 开始操作号码 【1509054】
2024-08-02 00:41:42 GSD getOne 第 1 次 等待 3 秒
2024-08-02 00:41:45 查询号码 【1509054】，返回信息 {"status":"ok","msg":"河南-商丘","gid":"54061","time_insert":"2020-08-12 08:38"}
2024-08-02 00:41:45 查询号码 【1509054】，GSD为【"河南-商丘"】

2024-08-02 00:41:46 开始第 9146 次操作

2024-08-02 00:41:46 开始操作号码 【1509055】
2024-08-02 00:41:55 GSD getOne 第 1 次 等待 3 秒
2024-08-02 00:41:58 查询号码 【1509055】，返回信息 {"status":"ok","msg":"河南-商丘","gid":"364512","time_insert":"2021-07-23 10:03"}
2024-08-02 00:41:58 查询号码 【1509055】，GSD为【"河南-商丘"】

2024-08-02 00:41:59 开始第 9147 次操作

2024-08-02 00:41:59 开始操作号码 【1509056】
2024-08-02 00:42:08 GSD getOne 第 1 次 等待 3 秒
2024-08-02 00:42:11 查询号码 【1509056】，返回信息 {"status":"ok","msg":"河南-商丘","gid":"54062","time_insert":"2020-01-12 08:24"}
2024-08-02 00:42:11 查询号码 【1509056】，GSD为【"河南-商丘"】

2024-08-02 00:42:12 开始第 9148 次操作

2024-08-02 00:42:12 开始操作号码 【1509057】
2024-08-02 00:42:20 GSD getOne 第 1 次 等待 3 秒
2024-08-02 00:42:23 查询号码 【1509057】，返回信息 {"status":"ok","msg":"河南-商丘","gid":"54063","time_insert":"2021-04-21 11:06"}
2024-08-02 00:42:23 查询号码 【1509057】，GSD为【"河南-商丘"】

