2024-06-27 00:22:38 开始第 2833 次操作

2024-06-27 00:22:38 开始操作号码 【1502743】
2024-06-27 00:22:53 GSD getOne 第 1 次 等待 3 秒
2024-06-27 00:22:56 查询号码 【1502743】，返回信息 {"status":"ok","msg":"河北-石家庄","gid":"139762","time_insert":"2021-06-27 15:00"}
2024-06-27 00:22:56 查询号码 【1502743】，GSD为【"河北-石家庄"】

2024-06-27 00:22:57 开始第 2834 次操作

2024-06-27 00:22:57 开始操作号码 【1502744】
2024-06-27 00:23:11 GSD getOne 第 1 次 等待 3 秒
2024-06-27 00:23:14 查询号码 【1502744】，返回信息 {"status":"ok","msg":"河北-石家庄","gid":"139984","time_insert":"2021-06-27 15:21"}
2024-06-27 00:23:14 查询号码 【1502744】，GSD为【"河北-石家庄"】

2024-06-27 00:23:15 开始第 2835 次操作

2024-06-27 00:23:15 开始操作号码 【1502745】
2024-06-27 00:23:29 GSD getOne 第 1 次 等待 3 秒
2024-06-27 00:23:32 查询号码 【1502745】，返回信息 {"status":"ok","msg":"河北-唐山","gid":"140097","time_insert":"2021-06-27 15:40"}
2024-06-27 00:23:32 查询号码 【1502745】，GSD为【"河北-唐山"】

2024-06-27 00:23:33 开始第 2836 次操作

2024-06-27 00:23:33 开始操作号码 【1502746】
2024-06-27 00:23:51 GSD getOne 第 1 次 等待 3 秒
2024-06-27 00:23:54 查询号码 【1502746】，返回信息 {"status":"ok","msg":"河北-唐山","gid":"140294","time_insert":"2021-06-27 16:03","time_update":"2021-06-28 11:22"}
2024-06-27 00:23:55 查询号码 【1502746】，GSD为【"河北-唐山"】

