2023-10-03 00:20:27 开始第 1177 次操作

2023-10-03 00:20:27 开始操作号码 【1931176】
2023-10-03 00:20:33 GSD getOne 第 1 次 等待 3 秒
2023-10-03 00:20:36 查询号码 【1931176】，返回信息 {"status":"ok","msg":"湖南-益阳","gid":"497799","time_insert":"2021-08-06 17:46","time_update":"2023-06-05 12:35"}
2023-10-03 00:20:36 查询号码 【1931176】，GSD为【"湖南-益阳"】

2023-10-03 00:20:37 开始第 1178 次操作

2023-10-03 00:20:37 开始操作号码 【1931177】
2023-10-03 00:21:01 GSD getOne 第 1 次 等待 3 秒
2023-10-03 00:21:04 查询号码 【1931177】，返回信息 {"status":"ok","msg":"湖南-长沙","gid":"497813","time_insert":"2021-08-06 18:05","time_update":"2023-06-05 12:37"}
2023-10-03 00:21:04 查询号码 【1931177】，GSD为【"湖南-长沙"】

2023-10-03 00:21:05 开始第 1179 次操作

2023-10-03 00:21:05 开始操作号码 【1931178】
2023-10-03 00:21:08 GSD getOne 第 1 次 等待 3 秒
2023-10-03 00:21:11 查询号码 【1931178】，返回信息 {"status":"ok","msg":"湖南-益阳","gid":"497824","time_insert":"2021-08-06 18:22","time_update":"2023-06-05 12:39"}
2023-10-03 00:21:11 查询号码 【1931178】，GSD为【"湖南-益阳"】

2023-10-03 00:21:12 开始第 1180 次操作

2023-10-03 00:21:12 开始操作号码 【1931179】
2023-10-03 00:21:14 GSD getOne 第 1 次 等待 3 秒
2023-10-03 00:21:17 查询号码 【1931179】，返回信息 {"status":"ok","msg":"湖南-益阳","gid":"497844","time_insert":"2021-08-06 18:50","time_update":"2023-06-05 12:42"}
2023-10-03 00:21:17 查询号码 【1931179】，GSD为【"湖南-益阳"】

