2024-10-03 00:27:24 开始第 7613 次操作

2024-10-03 00:27:24 开始操作号码 【1397612】
2024-10-03 00:27:26 GSD getOne 第 1 次 等待 3 秒
2024-10-03 00:27:29 查询号码 【1397612】，返回信息 {"status":"ok","msg":"海南-海口","gid":"354051","time_insert":"2021-07-22 09:56"}
2024-10-03 00:27:29 查询号码 【1397612】，GSD为【"海南-海口"】

2024-10-03 00:27:30 开始第 7614 次操作

2024-10-03 00:27:30 开始操作号码 【1397613】
2024-10-03 00:27:32 GSD getOne 第 1 次 等待 3 秒
2024-10-03 00:27:35 查询号码 【1397613】，返回信息 {"status":"ok","msg":"海南-海口","gid":"354043","time_insert":"2021-07-22 09:55"}
2024-10-03 00:27:35 查询号码 【1397613】，GSD为【"海南-海口"】

2024-10-03 00:27:36 开始第 7615 次操作

2024-10-03 00:27:36 开始操作号码 【1397614】
2024-10-03 00:27:38 GSD getOne 第 1 次 等待 3 秒
2024-10-03 00:27:41 查询号码 【1397614】，返回信息 {"status":"ok","msg":"海南-海口","gid":"354035","time_insert":"2021-07-22 09:55"}
2024-10-03 00:27:41 查询号码 【1397614】，GSD为【"海南-海口"】

2024-10-03 00:27:42 开始第 7616 次操作

2024-10-03 00:27:42 开始操作号码 【1397615】
2024-10-03 00:27:45 GSD getOne 第 1 次 等待 3 秒
2024-10-03 00:27:48 查询号码 【1397615】，返回信息 {"status":"ok","msg":"海南-海口","gid":"354030","time_insert":"2021-07-22 09:54"}
2024-10-03 00:27:48 查询号码 【1397615】，GSD为【"海南-海口"】

