2024-09-20 00:27:25 开始第 5441 次操作

2024-09-20 00:27:25 开始操作号码 【1395440】
2024-09-20 00:27:28 GSD getOne 第 1 次 等待 3 秒
2024-09-20 00:27:31 查询号码 【1395440】，返回信息 {"status":"ok","msg":"山东-临沂","gid":"302180","time_insert":"2021-07-17 10:52"}
2024-09-20 00:27:31 查询号码 【1395440】，GSD为【"山东-临沂"】

2024-09-20 00:27:32 开始第 5442 次操作

2024-09-20 00:27:32 开始操作号码 【1395441】
2024-09-20 00:27:34 GSD getOne 第 1 次 等待 3 秒
2024-09-20 00:27:37 查询号码 【1395441】，返回信息 {"status":"ok","msg":"山东-临沂","gid":"302375","time_insert":"2021-07-17 11:06"}
2024-09-20 00:27:37 查询号码 【1395441】，GSD为【"山东-临沂"】

2024-09-20 00:27:38 开始第 5443 次操作

2024-09-20 00:27:38 开始操作号码 【1395442】
2024-09-20 00:27:41 GSD getOne 第 1 次 等待 3 秒
2024-09-20 00:27:44 查询号码 【1395442】，返回信息 {"status":"ok","msg":"山东-临沂","gid":"302454","time_insert":"2021-07-17 11:13"}
2024-09-20 00:27:44 查询号码 【1395442】，GSD为【"山东-临沂"】

2024-09-20 00:27:45 开始第 5444 次操作

2024-09-20 00:27:45 开始操作号码 【1395443】
2024-09-20 00:27:47 GSD getOne 第 1 次 等待 3 秒
2024-09-20 00:27:50 查询号码 【1395443】，返回信息 {"status":"ok","msg":"山东-临沂","gid":"302497","time_insert":"2021-07-17 11:20"}
2024-09-20 00:27:50 查询号码 【1395443】，GSD为【"山东-临沂"】

2024-09-20 00:45:44 开始第 5445 次操作

2024-09-20 00:45:44 开始操作号码 【1395444】
2024-09-20 00:45:47 GSD getOne 第 1 次 等待 3 秒
2024-09-20 00:45:50 查询号码 【1395444】，返回信息 {"status":"ok","msg":"山东-临沂","gid":"302517","time_insert":"2021-07-17 11:25"}
2024-09-20 00:45:50 查询号码 【1395444】，GSD为【"山东-临沂"】

2024-09-20 00:45:51 开始第 5446 次操作

2024-09-20 00:45:51 开始操作号码 【1395445】
2024-09-20 00:45:53 GSD getOne 第 1 次 等待 3 秒
2024-09-20 00:45:56 查询号码 【1395445】，返回信息 {"status":"ok","msg":"山东-临沂","gid":"51552","time_insert":"2021-04-22 09:57"}
2024-09-20 00:45:56 查询号码 【1395445】，GSD为【"山东-临沂"】

2024-09-20 00:45:57 开始第 5447 次操作

2024-09-20 00:45:57 开始操作号码 【1395446】
2024-09-20 00:45:59 GSD getOne 第 1 次 等待 3 秒
2024-09-20 00:46:02 查询号码 【1395446】，返回信息 {"status":"ok","msg":"山东-临沂","gid":"302527","time_insert":"2021-07-17 11:32"}
2024-09-20 00:46:02 查询号码 【1395446】，GSD为【"山东-临沂"】

2024-09-20 00:46:03 开始第 5448 次操作

2024-09-20 00:46:03 开始操作号码 【1395447】
2024-09-20 00:46:05 GSD getOne 第 1 次 等待 3 秒
2024-09-20 00:46:08 查询号码 【1395447】，返回信息 {"status":"ok","msg":"山东-临沂","gid":"302545","time_insert":"2021-07-17 11:40"}
2024-09-20 00:46:08 查询号码 【1395447】，GSD为【"山东-临沂"】

