2023-10-19 00:21:28 开始第 3801 次操作

2023-10-19 00:21:28 开始操作号码 【1933719】
2023-10-19 00:21:56 GSD getOne 第 1 次 等待 3 秒
2023-10-19 00:21:59 查询号码 【1933719】，返回信息 {"status":"ok","msg":"河南-郑州","gid":"508006","time_insert":"2021-08-13 15:20"}
2023-10-19 00:21:59 查询号码 【1933719】，GSD为【"河南-郑州"】

2023-10-19 00:22:00 开始第 3802 次操作

2023-10-19 00:22:00 开始操作号码 【1933720】
2023-10-19 00:22:03 GSD getOne 第 1 次 等待 3 秒
2023-10-19 00:22:06 查询号码 【1933720】，返回信息 {"status":"ok","msg":"河南-周口","gid":"508027","time_insert":"2021-08-13 15:35"}
2023-10-19 00:22:06 查询号码 【1933720】，GSD为【"河南-周口"】

2023-10-19 00:22:07 开始第 3803 次操作

2023-10-19 00:22:07 开始操作号码 【1933721】
2023-10-19 00:22:11 GSD getOne 第 1 次 等待 3 秒
2023-10-19 00:22:14 查询号码 【1933721】，返回信息 {"status":"ok","msg":"河南-周口","gid":"508049","time_insert":"2021-08-13 15:48"}
2023-10-19 00:22:14 查询号码 【1933721】，GSD为【"河南-周口"】

2023-10-19 00:22:15 开始第 3804 次操作

2023-10-19 00:22:15 开始操作号码 【1933722】
2023-10-19 00:22:19 GSD getOne 第 1 次 等待 3 秒
2023-10-19 00:22:23 查询号码 【1933722】，返回信息 {"status":"ok","msg":"河南-周口","gid":"508064","time_insert":"2021-08-13 15:59"}
2023-10-19 00:22:23 查询号码 【1933722】，GSD为【"河南-周口"】

2023-10-19 00:40:46 开始第 3805 次操作

2023-10-19 00:40:46 开始操作号码 【1933723】
2023-10-19 00:40:50 GSD getOne 第 1 次 等待 3 秒
2023-10-19 00:40:53 查询号码 【1933723】，返回信息 {"status":"ok","msg":"河南-周口","gid":"508083","time_insert":"2021-08-13 16:14"}
2023-10-19 00:40:53 查询号码 【1933723】，GSD为【"河南-周口"】

2023-10-19 00:40:54 开始第 3806 次操作

2023-10-19 00:40:54 开始操作号码 【1933724】
2023-10-19 00:40:58 GSD getOne 第 1 次 等待 3 秒
2023-10-19 00:41:01 查询号码 【1933724】，返回信息 {"status":"ok","msg":"河南-驻马店","gid":"508099","time_insert":"2021-08-13 16:26"}
2023-10-19 00:41:01 查询号码 【1933724】，GSD为【"河南-驻马店"】

2023-10-19 00:41:02 开始第 3807 次操作

2023-10-19 00:41:02 开始操作号码 【1933725】
2023-10-19 00:41:05 GSD getOne 第 1 次 等待 3 秒
2023-10-19 00:41:08 查询号码 【1933725】，返回信息 {"status":"ok","msg":"河南-周口","gid":"508116","time_insert":"2021-08-13 16:37"}
2023-10-19 00:41:08 查询号码 【1933725】，GSD为【"河南-周口"】

2023-10-19 00:41:09 开始第 3808 次操作

2023-10-19 00:41:09 开始操作号码 【1933726】
2023-10-19 00:41:12 GSD getOne 第 1 次 等待 3 秒
2023-10-19 00:41:15 查询号码 【1933726】，返回信息 {"status":"ok","msg":"河南-安阳","gid":"508143","time_insert":"2021-08-13 16:51"}
2023-10-19 00:41:15 查询号码 【1933726】，GSD为【"河南-安阳"】

2023-10-19 01:14:11 开始第 3809 次操作

2023-10-19 01:14:11 开始操作号码 【1933727】
2023-10-19 01:14:14 GSD getOne 第 1 次 等待 3 秒
2023-10-19 01:14:17 查询号码 【1933727】，返回信息 {"status":"ok","msg":"河南-安阳","gid":"508161","time_insert":"2021-08-13 17:05"}
2023-10-19 01:14:17 查询号码 【1933727】，GSD为【"河南-安阳"】

2023-10-19 01:14:18 开始第 3810 次操作

2023-10-19 01:14:18 开始操作号码 【1933728】
2023-10-19 01:14:21 GSD getOne 第 1 次 等待 3 秒
2023-10-19 01:14:24 查询号码 【1933728】，返回信息 {"status":"ok","msg":"河南-安阳","gid":"508179","time_insert":"2021-08-13 17:18"}
2023-10-19 01:14:24 查询号码 【1933728】，GSD为【"河南-安阳"】

2023-10-19 01:14:25 开始第 3811 次操作

2023-10-19 01:14:25 开始操作号码 【1933729】
2023-10-19 01:14:27 GSD getOne 第 1 次 等待 3 秒
2023-10-19 01:14:30 查询号码 【1933729】，返回信息 {"status":"ok","msg":"河南-安阳","gid":"508196","time_insert":"2021-08-13 17:31"}
2023-10-19 01:14:30 查询号码 【1933729】，GSD为【"河南-安阳"】

2023-10-19 01:14:31 开始第 3812 次操作

2023-10-19 01:14:31 开始操作号码 【1933730】
2023-10-19 01:14:34 GSD getOne 第 1 次 等待 3 秒
2023-10-19 01:14:37 查询号码 【1933730】，返回信息 {"status":"ok","msg":"河南-周口","gid":"508211","time_insert":"2021-08-13 17:42"}
2023-10-19 01:14:37 查询号码 【1933730】，GSD为【"河南-周口"】

