2024-06-25 00:21:39 开始第 2481 次操作

2024-06-25 00:21:39 开始操作号码 【1502392】
2024-06-25 00:21:53 GSD getOne 第 1 次 等待 3 秒
2024-06-25 00:21:56 查询号码 【1502392】，返回信息 {"status":"ok","msg":"重庆-重庆","gid":"15404","time_insert":"2018-05-04 02:49","time_update":"2021-01-08 12:35"}
2024-06-25 00:21:56 查询号码 【1502392】，GSD为【"重庆-重庆"】

2024-06-25 00:21:57 开始第 2482 次操作

2024-06-25 00:21:57 开始操作号码 【1502393】
2024-06-25 00:22:13 GSD getOne 第 1 次 等待 3 秒
2024-06-25 00:22:16 查询号码 【1502393】，返回信息 {"status":"ok","msg":"重庆-重庆","gid":"15405","time_insert":"2018-08-27 14:52","time_update":"2021-01-08 12:40"}
2024-06-25 00:22:16 查询号码 【1502393】，GSD为【"重庆-重庆"】

2024-06-25 00:22:17 开始第 2483 次操作

2024-06-25 00:22:17 开始操作号码 【1502394】
2024-06-25 00:22:33 GSD getOne 第 1 次 等待 3 秒
2024-06-25 00:22:36 查询号码 【1502394】，返回信息 {"status":"ok","msg":"重庆-重庆","gid":"15406","time_insert":"2017-07-28 17:23","time_update":"2021-01-08 12:46"}
2024-06-25 00:22:36 查询号码 【1502394】，GSD为【"重庆-重庆"】

2024-06-25 00:22:37 开始第 2484 次操作

2024-06-25 00:22:37 开始操作号码 【1502395】
2024-06-25 00:22:56 GSD getOne 第 1 次 等待 3 秒
2024-06-25 00:22:59 查询号码 【1502395】，返回信息 {"status":"ok","msg":"重庆-重庆","gid":"15407","time_insert":"2017-05-02 16:18","time_update":"2021-01-08 12:49"}
2024-06-25 00:22:59 查询号码 【1502395】，GSD为【"重庆-重庆"】

2024-06-25 00:40:23 开始第 2485 次操作

2024-06-25 00:40:23 开始操作号码 【1502396】
2024-06-25 00:40:42 GSD getOne 第 1 次 等待 3 秒
2024-06-25 00:40:45 查询号码 【1502396】，返回信息 {"status":"ok","msg":"重庆-重庆","gid":"15408","time_insert":"2018-12-09 09:58","time_update":"2021-01-08 12:55"}
2024-06-25 00:40:45 查询号码 【1502396】，GSD为【"重庆-重庆"】

2024-06-25 00:40:46 开始第 2486 次操作

2024-06-25 00:40:46 开始操作号码 【1502397】
2024-06-25 00:41:10 GSD getOne 第 1 次 等待 3 秒
2024-06-25 00:41:13 查询号码 【1502397】，返回信息 {"status":"ok","msg":"重庆-重庆","gid":"15409","time_insert":"2018-06-20 19:12","time_update":"2021-01-08 13:03"}
2024-06-25 00:41:13 查询号码 【1502397】，GSD为【"重庆-重庆"】

2024-06-25 00:41:14 开始第 2487 次操作

2024-06-25 00:41:14 开始操作号码 【1502398】
2024-06-25 00:41:49 GSD getOne 第 1 次 等待 3 秒
2024-06-25 00:41:52 查询号码 【1502398】，返回信息 {"status":"ok","msg":"重庆-重庆","gid":"15410","time_insert":"2017-04-13 17:21","time_update":"2021-01-08 13:08"}
2024-06-25 00:41:52 查询号码 【1502398】，GSD为【"重庆-重庆"】

2024-06-25 00:41:53 开始第 2488 次操作

2024-06-25 00:41:53 开始操作号码 【1502399】
2024-06-25 00:42:16 GSD getOne 第 1 次 等待 3 秒
2024-06-25 00:42:19 查询号码 【1502399】，返回信息 {"status":"ok","msg":"重庆-重庆","gid":"15411","time_insert":"2019-11-05 01:36","time_update":"2021-01-08 13:14"}
2024-06-25 00:42:19 查询号码 【1502399】，GSD为【"重庆-重庆"】

2024-06-25 01:15:47 开始第 2489 次操作

2024-06-25 01:15:47 开始操作号码 【1502400】
2024-06-25 01:16:07 GSD getOne 第 1 次 等待 3 秒
2024-06-25 01:16:10 查询号码 【1502400】，返回信息 {"status":"ok","msg":"广东-东莞","gid":"121408","time_insert":"2021-06-24 06:55"}
2024-06-25 01:16:10 查询号码 【1502400】，GSD为【"广东-东莞"】

2024-06-25 01:16:11 开始第 2490 次操作

2024-06-25 01:16:11 开始操作号码 【1502401】
2024-06-25 01:16:27 GSD getOne 第 1 次 等待 3 秒
2024-06-25 01:16:30 查询号码 【1502401】，返回信息 {"status":"ok","msg":"广东-东莞","gid":"121500","time_insert":"2021-06-24 07:18"}
2024-06-25 01:16:30 查询号码 【1502401】，GSD为【"广东-东莞"】

2024-06-25 01:16:31 开始第 2491 次操作

2024-06-25 01:16:31 开始操作号码 【1502402】
2024-06-25 01:17:10 GSD getOne 第 1 次 等待 3 秒
2024-06-25 01:17:13 查询号码 【1502402】，返回信息 {"status":"ok","msg":"广东-东莞","gid":"121557","time_insert":"2021-06-24 07:43"}
2024-06-25 01:17:13 查询号码 【1502402】，GSD为【"广东-东莞"】

2024-06-25 01:17:14 开始第 2492 次操作

2024-06-25 01:17:14 开始操作号码 【1502403】
2024-06-25 01:18:21 GSD getOne 第 1 次 等待 3 秒
2024-06-25 01:18:24 查询号码 【1502403】，返回信息 {"status":"ok","msg":"广东-东莞","gid":"121698","time_insert":"2021-06-24 08:07"}
2024-06-25 01:18:24 查询号码 【1502403】，GSD为【"广东-东莞"】

