2023-10-14 00:20:31 开始第 2933 次操作

2023-10-14 00:20:31 开始操作号码 【1932899】
2023-10-14 00:20:55 GSD getOne 第 1 次 等待 3 秒
2023-10-14 00:20:58 查询号码 【1932899】，返回信息 {"status":"ok","msg":"广东-茂名","gid":"507685","time_insert":"2021-08-13 11:27","time_update":"2023-06-15 07:47"}
2023-10-14 00:20:58 查询号码 【1932899】，GSD为【"广东-茂名"】

2023-10-14 00:20:59 开始第 2934 次操作

2023-10-14 00:20:59 开始操作号码 【1932900】
2023-10-14 00:21:12 GSD getOne 第 1 次 等待 3 秒
2023-10-14 00:21:15 查询号码 【1932900】，返回信息 {"status":"ok","msg":"浙江-宁波","gid":"505851","time_insert":"2021-08-12 14:17","time_update":"2023-06-15 09:22"}
2023-10-14 00:21:15 查询号码 【1932900】，GSD为【"浙江-宁波"】

2023-10-14 00:21:16 开始第 2935 次操作

2023-10-14 00:21:16 开始操作号码 【1932901】
2023-10-14 00:21:19 GSD getOne 第 1 次 等待 3 秒
2023-10-14 00:21:22 查询号码 【1932901】，返回信息 {"status":"ok","msg":"浙江-宁波","gid":"505872","time_insert":"2021-08-12 14:36","time_update":"2023-06-15 09:25"}
2023-10-14 00:21:22 查询号码 【1932901】，GSD为【"浙江-宁波"】

2023-10-14 00:21:23 开始第 2936 次操作

2023-10-14 00:21:23 开始操作号码 【1932902】
2023-10-14 00:21:30 GSD getOne 第 1 次 等待 3 秒
2023-10-14 00:21:33 查询号码 【1932902】，返回信息 {"status":"ok","msg":"浙江-宁波","gid":"505903","time_insert":"2021-08-12 14:54","time_update":"2023-06-15 09:27"}
2023-10-14 00:21:33 查询号码 【1932902】，GSD为【"浙江-宁波"】

