2023-11-01 00:21:06 开始第 6101 次操作

2023-11-01 00:21:06 开始操作号码 【1936019】
2023-11-01 00:21:09 GSD getOne 第 1 次 等待 3 秒
2023-11-01 00:21:12 查询号码 【1936019】，返回信息 {"status":"ok","msg":"-","gid":"485294","time_insert":"2021-08-03 01:40"}
2023-11-01 00:21:12 查询号码 【1936019】，GSD为【"-"】
2023-11-01 00:21:12 ok && -
2023-11-01 00:21:14 CHB 1936019?1698769272 第 1 次 等待 3 秒
2023-11-01 00:21:17 CHB 1936019?1698769272 第 1 次 获取到号码【1936019】GSD
2023-11-01 00:21:18 未获取到号码【1936019】GSD，可能号码格式错误
2023-11-01 00:21:18 获取到号码【1936019】的GSD为【-】
2023-11-01 00:21:20 GSD insert 第 1 次 等待 3 秒
2023-11-01 00:21:23 {"status":"bad","gid":"485294","msg":"添加失败！号码【1936019(-|-)】已存在！"}
2023-11-01 00:21:23 随机等待 199 秒，约 3 分钟
2023-11-01 00:21:23 下次操作: 2023-11-01 00:24:42

2023-11-01 00:24:42 开始第 6102 次操作

2023-11-01 00:24:42 开始操作号码 【1936020】
2023-11-01 00:24:46 GSD getOne 第 1 次 等待 3 秒
2023-11-01 00:24:49 查询号码 【1936020】，返回信息 {"status":"ok","msg":"安徽-合肥","gid":"485291","time_insert":"2021-08-03 01:39","time_update":"2023-07-03 11:46"}
2023-11-01 00:24:49 查询号码 【1936020】，GSD为【"安徽-合肥"】

2023-11-01 00:24:50 开始第 6103 次操作

2023-11-01 00:24:50 开始操作号码 【1936021】
2023-11-01 00:24:57 GSD getOne 第 1 次 等待 3 秒
2023-11-01 00:25:00 查询号码 【1936021】，返回信息 {"status":"ok","msg":"安徽-合肥","gid":"485288","time_insert":"2021-08-03 01:39","time_update":"2023-07-03 11:49"}
2023-11-01 00:25:00 查询号码 【1936021】，GSD为【"安徽-合肥"】

2023-11-01 00:25:01 开始第 6104 次操作

2023-11-01 00:25:01 开始操作号码 【1936022】
2023-11-01 00:25:03 GSD getOne 第 1 次 等待 3 秒
2023-11-01 00:25:06 查询号码 【1936022】，返回信息 {"status":"ok","msg":"安徽-合肥","gid":"485285","time_insert":"2021-08-03 01:38","time_update":"2023-07-03 11:52"}
2023-11-01 00:25:07 查询号码 【1936022】，GSD为【"安徽-合肥"】

2023-11-01 00:40:25 开始第 6105 次操作

2023-11-01 00:40:25 开始操作号码 【1936023】
2023-11-01 00:40:28 GSD getOne 第 1 次 等待 3 秒
2023-11-01 00:40:31 查询号码 【1936023】，返回信息 {"status":"ok","msg":"安徽-合肥","gid":"485283","time_insert":"2021-08-03 01:37","time_update":"2023-07-03 12:19"}
2023-11-01 00:40:31 查询号码 【1936023】，GSD为【"安徽-合肥"】

2023-11-01 00:40:32 开始第 6106 次操作

2023-11-01 00:40:32 开始操作号码 【1936024】
2023-11-01 00:40:42 GSD getOne 第 1 次 等待 3 秒
2023-11-01 00:40:45 查询号码 【1936024】，返回信息 {"status":"ok","msg":"安徽-合肥","gid":"485281","time_insert":"2021-08-03 01:36","time_update":"2023-07-03 12:22"}
2023-11-01 00:40:45 查询号码 【1936024】，GSD为【"安徽-合肥"】

2023-11-01 00:40:46 开始第 6107 次操作

2023-11-01 00:40:46 开始操作号码 【1936025】
2023-11-01 00:40:49 GSD getOne 第 1 次 等待 3 秒
2023-11-01 00:40:52 查询号码 【1936025】，返回信息 {"status":"ok","msg":"安徽-合肥","gid":"484891","time_insert":"2021-08-03 00:43","time_update":"2023-07-03 12:26"}
2023-11-01 00:40:52 查询号码 【1936025】，GSD为【"安徽-合肥"】

2023-11-01 00:40:53 开始第 6108 次操作

2023-11-01 00:40:53 开始操作号码 【1936026】
2023-11-01 00:40:57 GSD getOne 第 1 次 等待 3 秒
2023-11-01 00:41:00 查询号码 【1936026】，返回信息 {"status":"ok","msg":"-","gid":"484887","time_insert":"2021-08-03 00:41"}
2023-11-01 00:41:00 查询号码 【1936026】，GSD为【"-"】
2023-11-01 00:41:00 ok && -
2023-11-01 00:41:06 CHB 1936026?1698770460 第 1 次 等待 3 秒
2023-11-01 00:41:09 CHB 1936026?1698770460 第 1 次 获取到号码【1936026】GSD
2023-11-01 00:41:09 未获取到号码【1936026】GSD，可能号码格式错误
2023-11-01 00:41:09 获取到号码【1936026】的GSD为【-】
2023-11-01 00:41:12 GSD insert 第 1 次 等待 3 秒
2023-11-01 00:41:15 {"status":"bad","gid":"484887","msg":"添加失败！号码【1936026(-|-)】已存在！"}

2023-11-01 01:14:06 开始第 6109 次操作

2023-11-01 01:14:06 开始操作号码 【1936027】
2023-11-01 01:14:09 GSD getOne 第 1 次 等待 3 秒
2023-11-01 01:14:12 查询号码 【1936027】，返回信息 {"status":"ok","msg":"-","gid":"484886","time_insert":"2021-08-03 00:40"}
2023-11-01 01:14:12 查询号码 【1936027】，GSD为【"-"】
2023-11-01 01:14:12 ok && -
2023-11-01 01:14:14 CHB 1936027?1698772452 第 1 次 等待 3 秒
2023-11-01 01:14:17 CHB 1936027?1698772452 第 1 次 获取到号码【1936027】GSD
2023-11-01 01:14:17 未获取到号码【1936027】GSD，可能号码格式错误
2023-11-01 01:14:17 获取到号码【1936027】的GSD为【-】
2023-11-01 01:14:20 GSD insert 第 1 次 等待 3 秒
2023-11-01 01:14:23 {"status":"bad","gid":"484886","msg":"添加失败！号码【1936027(-|-)】已存在！"}
2023-11-01 01:14:23 随机等待 202 秒，约 3 分钟
2023-11-01 01:14:23 下次操作: 2023-11-01 01:17:45

2023-11-01 01:17:45 开始第 6110 次操作

2023-11-01 01:17:45 开始操作号码 【1936028】
2023-11-01 01:17:48 GSD getOne 第 1 次 等待 3 秒
2023-11-01 01:17:51 查询号码 【1936028】，返回信息 {"status":"ok","msg":"-","gid":"484882","time_insert":"2021-08-03 00:38"}
2023-11-01 01:17:51 查询号码 【1936028】，GSD为【"-"】
2023-11-01 01:17:51 ok && -
2023-11-01 01:17:54 CHB 1936028?1698772671 第 1 次 等待 3 秒
2023-11-01 01:17:57 CHB 1936028?1698772671 第 1 次 获取到号码【1936028】GSD
2023-11-01 01:17:57 未获取到号码【1936028】GSD，可能号码格式错误
2023-11-01 01:17:57 获取到号码【1936028】的GSD为【-】
2023-11-01 01:18:00 GSD insert 第 1 次 等待 3 秒
2023-11-01 01:18:03 {"status":"bad","gid":"484882","msg":"添加失败！号码【1936028(-|-)】已存在！"}
2023-11-01 01:18:03 随机等待 134 秒，约 2 分钟
2023-11-01 01:18:03 下次操作: 2023-11-01 01:20:17

2023-11-01 01:20:17 开始第 6111 次操作

2023-11-01 01:20:17 开始操作号码 【1936029】
2023-11-01 01:20:21 GSD getOne 第 1 次 等待 3 秒
2023-11-01 01:20:24 查询号码 【1936029】，返回信息 {"status":"ok","msg":"-","gid":"484879","time_insert":"2021-08-03 00:37"}
2023-11-01 01:20:25 查询号码 【1936029】，GSD为【"-"】
2023-11-01 01:20:25 ok && -
2023-11-01 01:20:27 CHB 1936029?1698772825 第 1 次 等待 3 秒
2023-11-01 01:20:30 CHB 1936029?1698772825 第 1 次 获取到号码【1936029】GSD
2023-11-01 01:20:31 未获取到号码【1936029】GSD，可能号码格式错误
2023-11-01 01:20:31 获取到号码【1936029】的GSD为【-】
2023-11-01 01:20:33 GSD insert 第 1 次 等待 3 秒
2023-11-01 01:20:36 {"status":"bad","gid":"484879","msg":"添加失败！号码【1936029(-|-)】已存在！"}
2023-11-01 01:20:36 随机等待 182 秒，约 3 分钟
2023-11-01 01:20:36 下次操作: 2023-11-01 01:23:38

2023-11-01 01:23:38 开始第 6112 次操作

2023-11-01 01:23:38 开始操作号码 【1936030】
2023-11-01 01:23:41 GSD getOne 第 1 次 等待 3 秒
2023-11-01 01:23:44 查询号码 【1936030】，返回信息 {"status":"ok","msg":"河南-郑州","gid":"484875","time_insert":"2021-08-03 00:37","time_update":"2023-07-03 12:47"}
2023-11-01 01:23:44 查询号码 【1936030】，GSD为【"河南-郑州"】

