2024-09-24 00:25:54 开始第 6121 次操作

2024-09-24 00:25:54 开始操作号码 【1396120】
2024-09-24 00:25:57 GSD getOne 第 1 次 等待 3 秒
2024-09-24 00:26:00 查询号码 【1396120】，返回信息 {"status":"ok","msg":"江苏-常州","gid":"13331","time_insert":"2018-01-26 16:07","time_update":"2020-08-24 19:55"}
2024-09-24 00:26:00 查询号码 【1396120】，GSD为【"江苏-常州"】

2024-09-24 00:26:01 开始第 6122 次操作

2024-09-24 00:26:01 开始操作号码 【1396121】
2024-09-24 00:26:17 GSD getOne 第 1 次 等待 3 秒
2024-09-24 00:26:20 查询号码 【1396121】，返回信息 {"status":"ok","msg":"江苏-常州","gid":"315348","time_insert":"2021-07-18 14:05"}
2024-09-24 00:26:20 查询号码 【1396121】，GSD为【"江苏-常州"】

2024-09-24 00:26:21 开始第 6123 次操作

2024-09-24 00:26:21 开始操作号码 【1396122】
2024-09-24 00:26:23 GSD getOne 第 1 次 等待 3 秒
2024-09-24 00:26:26 查询号码 【1396122】，返回信息 {"status":"ok","msg":"江苏-常州","gid":"315354","time_insert":"2021-07-18 14:06"}
2024-09-24 00:26:26 查询号码 【1396122】，GSD为【"江苏-常州"】

2024-09-24 00:26:27 开始第 6124 次操作

2024-09-24 00:26:27 开始操作号码 【1396123】
2024-09-24 00:26:29 GSD getOne 第 1 次 等待 3 秒
2024-09-24 00:26:32 查询号码 【1396123】，返回信息 {"status":"ok","msg":"江苏-常州","gid":"315363","time_insert":"2021-07-18 14:07"}
2024-09-24 00:26:32 查询号码 【1396123】，GSD为【"江苏-常州"】

