2024-04-23 00:20:38 开始第 4989 次操作

2024-04-23 00:20:38 开始操作号码 【1614906】
2024-04-23 00:20:47 GSD getOne 第 1 次 等待 3 秒
2024-04-23 00:20:50 查询号码 【1614906】，返回信息 {"status":"ok","msg":"-","gid":"619538","time_insert":"2023-03-28 07:42"}
2024-04-23 00:20:50 查询号码 【1614906】，GSD为【"-"】
2024-04-23 00:20:50 ok && -
2024-04-23 00:20:52 CHB 1614906?1713802850 第 1 次 等待 3 秒
2024-04-23 00:20:55 CHB 1614906?1713802850 第 1 次 获取到号码【1614906】GSD
2024-04-23 00:20:55 未获取到号码【1614906】GSD，可能号码格式错误
2024-04-23 00:20:55 获取到号码【1614906】的GSD为【-】
2024-04-23 00:20:59 GSD insert 第 1 次 等待 3 秒
2024-04-23 00:21:02 {"status":"bad","gid":"619538","msg":"添加失败！号码【1614906(-|-)】已存在！"}
2024-04-23 00:21:02 随机等待 109 秒，约 1 分钟
2024-04-23 00:21:02 下次操作: 2024-04-23 00:22:51

2024-04-23 00:22:51 开始第 4990 次操作

2024-04-23 00:22:51 开始操作号码 【1614907】
2024-04-23 00:22:57 GSD getOne 第 1 次 等待 3 秒
2024-04-23 00:23:00 查询号码 【1614907】，返回信息 {"status":"ok","msg":"-","gid":"619557","time_insert":"2023-03-28 07:53"}
2024-04-23 00:23:00 查询号码 【1614907】，GSD为【"-"】
2024-04-23 00:23:00 ok && -
2024-04-23 00:23:03 CHB 1614907?1713802980 第 1 次 等待 3 秒
2024-04-23 00:23:06 CHB 1614907?1713802980 第 1 次 获取到号码【1614907】GSD
2024-04-23 00:23:06 未获取到号码【1614907】GSD，可能号码格式错误
2024-04-23 00:23:06 获取到号码【1614907】的GSD为【-】
2024-04-23 00:23:11 GSD insert 第 1 次 等待 3 秒
2024-04-23 00:23:14 {"status":"bad","gid":"619557","msg":"添加失败！号码【1614907(-|-)】已存在！"}
2024-04-23 00:23:14 随机等待 212 秒，约 3 分钟
2024-04-23 00:23:14 下次操作: 2024-04-23 00:26:46

2024-04-23 00:26:46 开始第 4991 次操作

2024-04-23 00:26:46 开始操作号码 【1614908】
2024-04-23 00:26:50 GSD getOne 第 1 次 等待 3 秒
2024-04-23 00:26:53 查询号码 【1614908】，返回信息 {"status":"ok","msg":"-","gid":"619574","time_insert":"2023-03-28 08:04"}
2024-04-23 00:26:54 查询号码 【1614908】，GSD为【"-"】
2024-04-23 00:26:54 ok && -
2024-04-23 00:26:55 CHB 1614908?1713803214 第 1 次 等待 3 秒
2024-04-23 00:26:58 CHB 1614908?1713803214 第 1 次 获取到号码【1614908】GSD
2024-04-23 00:26:58 未获取到号码【1614908】GSD，可能号码格式错误
2024-04-23 00:26:58 获取到号码【1614908】的GSD为【-】
2024-04-23 00:27:04 GSD insert 第 1 次 等待 3 秒
2024-04-23 00:27:07 {"status":"bad","gid":"619574","msg":"添加失败！号码【1614908(-|-)】已存在！"}
2024-04-23 00:27:07 随机等待 192 秒，约 3 分钟
2024-04-23 00:27:07 下次操作: 2024-04-23 00:30:19

2024-04-23 00:30:19 开始第 4992 次操作

2024-04-23 00:30:19 开始操作号码 【1614909】
2024-04-23 00:30:24 GSD getOne 第 1 次 等待 3 秒
2024-04-23 00:30:27 查询号码 【1614909】，返回信息 {"status":"ok","msg":"-","gid":"619589","time_insert":"2023-03-28 08:24"}
2024-04-23 00:30:27 查询号码 【1614909】，GSD为【"-"】
2024-04-23 00:30:27 ok && -
2024-04-23 00:30:29 CHB 1614909?1713803427 第 1 次 等待 3 秒
2024-04-23 00:30:32 CHB 1614909?1713803427 第 1 次 获取到号码【1614909】GSD
2024-04-23 00:30:32 未获取到号码【1614909】GSD，可能号码格式错误
2024-04-23 00:30:32 获取到号码【1614909】的GSD为【-】
2024-04-23 00:30:37 GSD insert 第 1 次 等待 3 秒
2024-04-23 00:30:40 {"status":"bad","gid":"619589","msg":"添加失败！号码【1614909(-|-)】已存在！"}

2024-04-23 00:38:09 开始第 4993 次操作

2024-04-23 00:38:09 开始操作号码 【1614910】
2024-04-23 00:38:16 GSD getOne 第 1 次 等待 3 秒
2024-04-23 00:38:19 查询号码 【1614910】，返回信息 {"status":"ok","msg":"-","gid":"619608","time_insert":"2023-03-28 08:46"}
2024-04-23 00:38:19 查询号码 【1614910】，GSD为【"-"】
2024-04-23 00:38:19 ok && -
2024-04-23 00:38:22 CHB 1614910?1713803899 第 1 次 等待 3 秒
2024-04-23 00:38:25 CHB 1614910?1713803899 第 1 次 获取到号码【1614910】GSD
2024-04-23 00:38:25 未获取到号码【1614910】GSD，可能号码格式错误
2024-04-23 00:38:25 获取到号码【1614910】的GSD为【-】
2024-04-23 00:38:31 GSD insert 第 1 次 等待 3 秒
2024-04-23 00:38:34 {"status":"bad","gid":"619608","msg":"添加失败！号码【1614910(-|-)】已存在！"}
2024-04-23 00:38:34 随机等待 106 秒，约 1 分钟
2024-04-23 00:38:34 下次操作: 2024-04-23 00:40:20

2024-04-23 00:40:20 开始第 4994 次操作

2024-04-23 00:40:20 开始操作号码 【1614911】
2024-04-23 00:40:25 GSD getOne 第 1 次 等待 3 秒
2024-04-23 00:40:28 查询号码 【1614911】，返回信息 {"status":"ok","msg":"-","gid":"619625","time_insert":"2023-03-28 09:00"}
2024-04-23 00:40:28 查询号码 【1614911】，GSD为【"-"】
2024-04-23 00:40:28 ok && -
2024-04-23 00:40:30 CHB 1614911?1713804028 第 1 次 等待 3 秒
2024-04-23 00:40:33 CHB 1614911?1713804028 第 1 次 获取到号码【1614911】GSD
2024-04-23 00:40:33 未获取到号码【1614911】GSD，可能号码格式错误
2024-04-23 00:40:33 获取到号码【1614911】的GSD为【-】
2024-04-23 00:40:38 GSD insert 第 1 次 等待 3 秒
2024-04-23 00:40:41 {"status":"bad","gid":"619625","msg":"添加失败！号码【1614911(-|-)】已存在！"}
2024-04-23 00:40:41 随机等待 138 秒，约 2 分钟
2024-04-23 00:40:41 下次操作: 2024-04-23 00:42:59

2024-04-23 00:42:59 开始第 4995 次操作

2024-04-23 00:42:59 开始操作号码 【1614912】
2024-04-23 00:43:05 GSD getOne 第 1 次 等待 3 秒
2024-04-23 00:43:08 查询号码 【1614912】，返回信息 {"status":"ok","msg":"-","gid":"619635","time_insert":"2023-03-28 09:09"}
2024-04-23 00:43:08 查询号码 【1614912】，GSD为【"-"】
2024-04-23 00:43:08 ok && -
2024-04-23 00:43:10 CHB 1614912?1713804188 第 1 次 等待 3 秒
2024-04-23 00:43:13 CHB 1614912?1713804188 第 1 次 获取到号码【1614912】GSD
2024-04-23 00:43:13 未获取到号码【1614912】GSD，可能号码格式错误
2024-04-23 00:43:13 获取到号码【1614912】的GSD为【-】
2024-04-23 00:43:18 GSD insert 第 1 次 等待 3 秒
2024-04-23 00:43:21 {"status":"bad","gid":"619635","msg":"添加失败！号码【1614912(-|-)】已存在！"}
2024-04-23 00:43:21 随机等待 198 秒，约 3 分钟
2024-04-23 00:43:21 下次操作: 2024-04-23 00:46:39

2024-04-23 00:46:39 开始第 4996 次操作

2024-04-23 00:46:39 开始操作号码 【1614913】
2024-04-23 00:46:45 GSD getOne 第 1 次 等待 3 秒
2024-04-23 00:46:48 查询号码 【1614913】，返回信息 {"status":"ok","msg":"-","gid":"619646","time_insert":"2023-03-28 09:21"}
2024-04-23 00:46:48 查询号码 【1614913】，GSD为【"-"】
2024-04-23 00:46:48 ok && -
2024-04-23 00:46:50 CHB 1614913?1713804408 第 1 次 等待 3 秒
2024-04-23 00:46:53 CHB 1614913?1713804408 第 1 次 获取到号码【1614913】GSD
2024-04-23 00:46:53 未获取到号码【1614913】GSD，可能号码格式错误
2024-04-23 00:46:53 获取到号码【1614913】的GSD为【-】
2024-04-23 00:47:01 GSD insert 第 1 次 等待 3 秒
2024-04-23 00:47:04 {"status":"bad","gid":"619646","msg":"添加失败！号码【1614913(-|-)】已存在！"}

