2024-12-09 00:07:46 开始第 9237 次操作

2024-12-09 00:07:46 开始操作号码 【1319236】
2024-12-09 00:07:48 GSD getOne 第 1 次 等待 3 秒
2024-12-09 00:07:51 查询号码 【1319236】，返回信息 {"status":"ok","msg":"广东-汕头","gid":"53035","time_insert":"2020-10-10 10:36"}
2024-12-09 00:07:51 查询号码 【1319236】，GSD为【"广东-汕头"】

2024-12-09 00:07:52 开始第 9238 次操作

2024-12-09 00:07:52 开始操作号码 【1319237】
2024-12-09 00:07:53 GSD getOne 第 1 次 等待 3 秒
2024-12-09 00:07:56 查询号码 【1319237】，返回信息 {"status":"ok","msg":"广东-汕头","gid":"205310","time_insert":"2021-07-06 11:04"}
2024-12-09 00:07:56 查询号码 【1319237】，GSD为【"广东-汕头"】

2024-12-09 00:07:57 开始第 9239 次操作

2024-12-09 00:07:57 开始操作号码 【1319238】
2024-12-09 00:07:58 GSD getOne 第 1 次 等待 3 秒
2024-12-09 00:08:01 查询号码 【1319238】，返回信息 {"status":"ok","msg":"广东-汕头","gid":"205301","time_insert":"2021-07-06 11:04"}
2024-12-09 00:08:01 查询号码 【1319238】，GSD为【"广东-汕头"】

2024-12-09 00:08:02 开始第 9240 次操作

2024-12-09 00:08:02 开始操作号码 【1319239】
2024-12-09 00:08:03 GSD getOne 第 1 次 等待 3 秒
2024-12-09 00:08:06 查询号码 【1319239】，返回信息 {"status":"ok","msg":"广东-汕头","gid":"205291","time_insert":"2021-07-06 11:03"}
2024-12-09 00:08:06 查询号码 【1319239】，GSD为【"广东-汕头"】

2024-12-09 00:39:56 开始第 9241 次操作

2024-12-09 00:39:56 开始操作号码 【1319240】
2024-12-09 00:39:57 GSD getOne 第 1 次 等待 3 秒
2024-12-09 00:40:00 查询号码 【1319240】，返回信息 {"status":"ok","msg":"广东-韶关","gid":"205281","time_insert":"2021-07-06 11:02"}
2024-12-09 00:40:00 查询号码 【1319240】，GSD为【"广东-韶关"】

2024-12-09 00:40:01 开始第 9242 次操作

2024-12-09 00:40:01 开始操作号码 【1319241】
2024-12-09 00:40:02 GSD getOne 第 1 次 等待 3 秒
2024-12-09 00:40:05 查询号码 【1319241】，返回信息 {"status":"ok","msg":"广东-韶关","gid":"205272","time_insert":"2021-07-06 11:01"}
2024-12-09 00:40:05 查询号码 【1319241】，GSD为【"广东-韶关"】

2024-12-09 00:40:06 开始第 9243 次操作

2024-12-09 00:40:06 开始操作号码 【1319242】
2024-12-09 00:40:09 GSD getOne 第 1 次 等待 3 秒
2024-12-09 00:40:12 查询号码 【1319242】，返回信息 {"status":"ok","msg":"广东-韶关","gid":"205260","time_insert":"2021-07-06 11:01"}
2024-12-09 00:40:12 查询号码 【1319242】，GSD为【"广东-韶关"】

2024-12-09 00:40:13 开始第 9244 次操作

2024-12-09 00:40:13 开始操作号码 【1319243】
2024-12-09 00:40:14 GSD getOne 第 1 次 等待 3 秒
2024-12-09 00:40:17 查询号码 【1319243】，返回信息 {"status":"ok","msg":"广东-韶关","gid":"205250","time_insert":"2021-07-06 11:00"}
2024-12-09 00:40:17 查询号码 【1319243】，GSD为【"广东-韶关"】

