2024-06-15 00:21:33 开始第 721 次操作

2024-06-15 00:21:33 开始操作号码 【1500632】
2024-06-15 00:21:40 GSD getOne 第 1 次 等待 3 秒
2024-06-15 00:21:43 查询号码 【1500632】，返回信息 {"status":"ok","msg":"山东-枣庄","gid":"76921","time_insert":"2021-06-02 10:52"}
2024-06-15 00:21:43 查询号码 【1500632】，GSD为【"山东-枣庄"】

2024-06-15 00:21:44 开始第 722 次操作

2024-06-15 00:21:44 开始操作号码 【1500633】
2024-06-15 00:21:50 GSD getOne 第 1 次 等待 3 秒
2024-06-15 00:21:53 查询号码 【1500633】，返回信息 {"status":"ok","msg":"山东-日照","gid":"76944","time_insert":"2021-06-02 11:12"}
2024-06-15 00:21:53 查询号码 【1500633】，GSD为【"山东-日照"】

2024-06-15 00:21:54 开始第 723 次操作

2024-06-15 00:21:54 开始操作号码 【1500634】
2024-06-15 00:22:00 GSD getOne 第 1 次 等待 3 秒
2024-06-15 00:22:03 查询号码 【1500634】，返回信息 {"status":"ok","msg":"山东-莱芜","gid":"76972","time_insert":"2021-06-02 11:41"}
2024-06-15 00:22:03 查询号码 【1500634】，GSD为【"山东-莱芜"】

2024-06-15 00:22:04 开始第 724 次操作

2024-06-15 00:22:04 开始操作号码 【1500635】
2024-06-15 00:22:13 GSD getOne 第 1 次 等待 3 秒
2024-06-15 00:22:16 查询号码 【1500635】，返回信息 {"status":"ok","msg":"山东-聊城","gid":"76989","time_insert":"2021-06-02 11:56"}
2024-06-15 00:22:16 查询号码 【1500635】，GSD为【"山东-聊城"】

