2024-01-09 00:21:46 开始第 7657 次操作

2024-01-09 00:21:46 开始操作号码 【1837576】
2024-01-09 00:21:49 GSD getOne 第 1 次 等待 3 秒
2024-01-09 00:21:52 查询号码 【1837576】，返回信息 {"status":"ok","msg":"重庆-重庆","gid":"38138","time_insert":"2017-04-25 01:37","time_update":"2021-01-17 07:10"}
2024-01-09 00:21:52 查询号码 【1837576】，GSD为【"重庆-重庆"】

2024-01-09 00:21:53 开始第 7658 次操作

2024-01-09 00:21:53 开始操作号码 【1837577】
2024-01-09 00:21:57 GSD getOne 第 1 次 等待 3 秒
2024-01-09 00:22:00 查询号码 【1837577】，返回信息 {"status":"ok","msg":"重庆-重庆","gid":"38139","time_insert":"2015-04-21 09:34","time_update":"2021-01-17 07:17"}
2024-01-09 00:22:00 查询号码 【1837577】，GSD为【"重庆-重庆"】

2024-01-09 00:22:01 开始第 7659 次操作

2024-01-09 00:22:01 开始操作号码 【1837578】
2024-01-09 00:22:05 GSD getOne 第 1 次 等待 3 秒
2024-01-09 00:22:08 查询号码 【1837578】，返回信息 {"status":"ok","msg":"重庆-重庆","gid":"350735","time_insert":"2021-07-22 01:32"}
2024-01-09 00:22:08 查询号码 【1837578】，GSD为【"重庆-重庆"】

2024-01-09 00:22:09 开始第 7660 次操作

2024-01-09 00:22:09 开始操作号码 【1837579】
2024-01-09 00:22:13 GSD getOne 第 1 次 等待 3 秒
2024-01-09 00:22:16 查询号码 【1837579】，返回信息 {"status":"ok","msg":"重庆-重庆","gid":"38140","time_insert":"2017-06-24 15:59","time_update":"2021-01-17 07:23"}
2024-01-09 00:22:16 查询号码 【1837579】，GSD为【"重庆-重庆"】

