2024-01-19 00:21:45 开始第 9421 次操作

2024-01-19 00:21:45 开始操作号码 【1839340】
2024-01-19 00:21:51 GSD getOne 第 1 次 等待 3 秒
2024-01-19 00:21:54 查询号码 【1839340】，返回信息 {"status":"ok","msg":"甘肃-临夏","gid":"38956","time_insert":"2017-06-19 03:28","time_update":"2020-12-14 10:04"}
2024-01-19 00:21:54 查询号码 【1839340】，GSD为【"甘肃-临夏"】

2024-01-19 00:21:55 开始第 9422 次操作

2024-01-19 00:21:55 开始操作号码 【1839341】
2024-01-19 00:22:52 GSD getOne 第 1 次 等待 3 秒
2024-01-19 00:22:55 查询号码 【1839341】，返回信息 {"status":"ok","msg":"甘肃-兰州","gid":"361508","time_insert":"2021-07-23 02:55"}
2024-01-19 00:22:55 查询号码 【1839341】，GSD为【"甘肃-兰州"】

2024-01-19 00:22:56 开始第 9423 次操作

2024-01-19 00:22:56 开始操作号码 【1839342】
2024-01-19 00:23:00 GSD getOne 第 1 次 等待 3 秒
2024-01-19 00:23:03 查询号码 【1839342】，返回信息 {"status":"ok","msg":"甘肃-定西","gid":"38957","time_insert":"2016-12-01 16:25","time_update":"2020-12-14 10:07"}
2024-01-19 00:23:03 查询号码 【1839342】，GSD为【"甘肃-定西"】

2024-01-19 00:23:04 开始第 9424 次操作

2024-01-19 00:23:04 开始操作号码 【1839343】
2024-01-19 00:23:08 GSD getOne 第 1 次 等待 3 秒
2024-01-19 00:23:11 查询号码 【1839343】，返回信息 {"status":"ok","msg":"甘肃-平凉","gid":"361522","time_insert":"2021-07-23 02:55"}
2024-01-19 00:23:11 查询号码 【1839343】，GSD为【"甘肃-平凉"】

2024-01-19 00:40:35 开始第 9425 次操作

2024-01-19 00:40:35 开始操作号码 【1839344】
2024-01-19 00:40:39 GSD getOne 第 1 次 等待 3 秒
2024-01-19 00:40:42 查询号码 【1839344】，返回信息 {"status":"ok","msg":"甘肃-天水","gid":"38958","time_insert":"2018-01-11 10:49","time_update":"2020-12-14 14:03"}
2024-01-19 00:40:42 查询号码 【1839344】，GSD为【"甘肃-天水"】

2024-01-19 00:40:43 开始第 9426 次操作

2024-01-19 00:40:43 开始操作号码 【1839345】
2024-01-19 00:40:47 GSD getOne 第 1 次 等待 3 秒
2024-01-19 00:40:50 查询号码 【1839345】，返回信息 {"status":"ok","msg":"甘肃-天水","gid":"361533","time_insert":"2021-07-23 02:56"}
2024-01-19 00:40:50 查询号码 【1839345】，GSD为【"甘肃-天水"】

2024-01-19 00:40:51 开始第 9427 次操作

2024-01-19 00:40:51 开始操作号码 【1839346】
2024-01-19 00:40:55 GSD getOne 第 1 次 等待 3 秒
2024-01-19 00:40:58 查询号码 【1839346】，返回信息 {"status":"ok","msg":"甘肃-天水","gid":"361540","time_insert":"2021-07-23 02:57"}
2024-01-19 00:40:58 查询号码 【1839346】，GSD为【"甘肃-天水"】

2024-01-19 00:40:59 开始第 9428 次操作

2024-01-19 00:40:59 开始操作号码 【1839347】
2024-01-19 00:41:05 GSD getOne 第 1 次 等待 3 秒
2024-01-19 00:41:08 查询号码 【1839347】，返回信息 {"status":"ok","msg":"甘肃-陇南","gid":"38959","time_insert":"2018-03-25 14:17","time_update":"2020-12-14 10:10"}
2024-01-19 00:41:08 查询号码 【1839347】，GSD为【"甘肃-陇南"】

2024-01-19 01:15:19 开始第 9429 次操作

2024-01-19 01:15:19 开始操作号码 【1839348】
2024-01-19 01:15:24 GSD getOne 第 1 次 等待 3 秒
2024-01-19 01:15:27 查询号码 【1839348】，返回信息 {"status":"ok","msg":"甘肃-陇南","gid":"38960","time_insert":"2018-09-12 04:22","time_update":"2020-12-14 10:14"}
2024-01-19 01:15:27 查询号码 【1839348】，GSD为【"甘肃-陇南"】

2024-01-19 01:15:28 开始第 9430 次操作

2024-01-19 01:15:28 开始操作号码 【1839349】
2024-01-19 01:15:34 GSD getOne 第 1 次 等待 3 秒
2024-01-19 01:15:37 查询号码 【1839349】，返回信息 {"status":"ok","msg":"甘肃-陇南","gid":"361557","time_insert":"2021-07-23 02:58"}
2024-01-19 01:15:37 查询号码 【1839349】，GSD为【"甘肃-陇南"】

2024-01-19 01:15:38 开始第 9431 次操作

2024-01-19 01:15:38 开始操作号码 【1839350】
2024-01-19 01:15:42 GSD getOne 第 1 次 等待 3 秒
2024-01-19 01:15:45 查询号码 【1839350】，返回信息 {"status":"ok","msg":"甘肃-天水","gid":"38961","time_insert":"2017-04-02 18:37","time_update":"2020-12-14 10:18"}
2024-01-19 01:15:45 查询号码 【1839350】，GSD为【"甘肃-天水"】

2024-01-19 01:15:46 开始第 9432 次操作

2024-01-19 01:15:46 开始操作号码 【1839351】
2024-01-19 01:15:51 GSD getOne 第 1 次 等待 3 秒
2024-01-19 01:15:54 查询号码 【1839351】，返回信息 {"status":"ok","msg":"甘肃-天水","gid":"361570","time_insert":"2021-07-23 02:58"}
2024-01-19 01:15:54 查询号码 【1839351】，GSD为【"甘肃-天水"】

