2023-10-27 00:20:18 开始第 5217 次操作

2023-10-27 00:20:18 开始操作号码 【1935135】
2023-10-27 00:20:21 GSD getOne 第 1 次 等待 3 秒
2023-10-27 00:20:24 查询号码 【1935135】，返回信息 {"status":"ok","msg":"新疆-巴音郭楞","gid":"494316","time_insert":"2021-08-04 03:58"}
2023-10-27 00:20:24 查询号码 【1935135】，GSD为【"新疆-巴音郭楞"】

2023-10-27 00:20:25 开始第 5218 次操作

2023-10-27 00:20:25 开始操作号码 【1935136】
2023-10-27 00:20:35 GSD getOne 第 1 次 等待 3 秒
2023-10-27 00:20:38 查询号码 【1935136】，返回信息 {"status":"ok","msg":"新疆-巴音郭楞","gid":"494307","time_insert":"2021-08-04 03:56"}
2023-10-27 00:20:38 查询号码 【1935136】，GSD为【"新疆-巴音郭楞"】

2023-10-27 00:20:39 开始第 5219 次操作

2023-10-27 00:20:40 开始操作号码 【1935137】
2023-10-27 00:20:43 GSD getOne 第 1 次 等待 3 秒
2023-10-27 00:20:46 查询号码 【1935137】，返回信息 {"status":"ok","msg":"新疆-塔城","gid":"494300","time_insert":"2021-08-04 03:54"}
2023-10-27 00:20:46 查询号码 【1935137】，GSD为【"新疆-塔城"】

2023-10-27 00:20:47 开始第 5220 次操作

2023-10-27 00:20:47 开始操作号码 【1935138】
2023-10-27 00:20:50 GSD getOne 第 1 次 等待 3 秒
2023-10-27 00:20:53 查询号码 【1935138】，返回信息 {"status":"ok","msg":"新疆-和田","gid":"494298","time_insert":"2021-08-04 03:53"}
2023-10-27 00:20:53 查询号码 【1935138】，GSD为【"新疆-和田"】

