2024-01-07 00:19:40 开始第 7301 次操作

2024-01-07 00:19:40 开始操作号码 【1837220】
2024-01-07 00:19:44 GSD getOne 第 1 次 等待 3 秒
2024-01-07 00:19:47 查询号码 【1837220】，返回信息 {"status":"ok","msg":"湖北-随州","gid":"347913","time_insert":"2021-07-21 17:56"}
2024-01-07 00:19:47 查询号码 【1837220】，GSD为【"湖北-随州"】

2024-01-07 00:19:48 开始第 7302 次操作

2024-01-07 00:19:48 开始操作号码 【1837221】
2024-01-07 00:19:51 GSD getOne 第 1 次 等待 3 秒
2024-01-07 00:19:54 查询号码 【1837221】，返回信息 {"status":"ok","msg":"湖北-随州","gid":"347919","time_insert":"2021-07-21 17:57"}
2024-01-07 00:19:54 查询号码 【1837221】，GSD为【"湖北-随州"】

2024-01-07 00:19:55 开始第 7303 次操作

2024-01-07 00:19:55 开始操作号码 【1837222】
2024-01-07 00:19:58 GSD getOne 第 1 次 等待 3 秒
2024-01-07 00:20:01 查询号码 【1837222】，返回信息 {"status":"ok","msg":"湖北-随州","gid":"38066","time_insert":"2018-11-27 08:21","time_update":"2020-09-18 22:13"}
2024-01-07 00:20:01 查询号码 【1837222】，GSD为【"湖北-随州"】

2024-01-07 00:20:02 开始第 7304 次操作

2024-01-07 00:20:02 开始操作号码 【1837223】
2024-01-07 00:20:05 GSD getOne 第 1 次 等待 3 秒
2024-01-07 00:20:08 查询号码 【1837223】，返回信息 {"status":"ok","msg":"湖北-随州","gid":"38067","time_insert":"2017-04-19 11:23","time_update":"2020-09-18 22:17"}
2024-01-07 00:20:08 查询号码 【1837223】，GSD为【"湖北-随州"】

2024-01-07 00:40:00 开始第 7305 次操作

2024-01-07 00:40:00 开始操作号码 【1837224】
2024-01-07 00:40:08 GSD getOne 第 1 次 等待 3 秒
2024-01-07 00:40:11 查询号码 【1837224】，返回信息 {"status":"ok","msg":"湖北-随州","gid":"347926","time_insert":"2021-07-21 17:58"}
2024-01-07 00:40:11 查询号码 【1837224】，GSD为【"湖北-随州"】

2024-01-07 00:40:12 开始第 7306 次操作

2024-01-07 00:40:12 开始操作号码 【1837225】
2024-01-07 00:40:15 GSD getOne 第 1 次 等待 3 秒
2024-01-07 00:40:18 查询号码 【1837225】，返回信息 {"status":"ok","msg":"湖北-随州","gid":"38068","time_insert":"2017-07-31 19:34","time_update":"2020-09-18 22:20"}
2024-01-07 00:40:18 查询号码 【1837225】，GSD为【"湖北-随州"】

2024-01-07 00:40:19 开始第 7307 次操作

2024-01-07 00:40:19 开始操作号码 【1837226】
2024-01-07 00:40:24 GSD getOne 第 1 次 等待 3 秒
2024-01-07 00:40:27 查询号码 【1837226】，返回信息 {"status":"ok","msg":"湖北-襄阳","gid":"38069","time_insert":"2017-10-24 22:57","time_update":"2020-09-18 22:24"}
2024-01-07 00:40:27 查询号码 【1837226】，GSD为【"湖北-襄阳"】

2024-01-07 00:40:28 开始第 7308 次操作

2024-01-07 00:40:28 开始操作号码 【1837227】
2024-01-07 00:40:32 GSD getOne 第 1 次 等待 3 秒
2024-01-07 00:40:35 查询号码 【1837227】，返回信息 {"status":"ok","msg":"湖北-襄阳","gid":"347935","time_insert":"2021-07-21 17:59"}
2024-01-07 00:40:35 查询号码 【1837227】，GSD为【"湖北-襄阳"】

2024-01-07 01:14:14 开始第 7309 次操作

2024-01-07 01:14:14 开始操作号码 【1837228】
2024-01-07 01:14:20 GSD getOne 第 1 次 等待 3 秒
2024-01-07 01:14:23 查询号码 【1837228】，返回信息 {"status":"ok","msg":"湖北-襄阳","gid":"38070","time_insert":"2018-03-04 16:57","time_update":"2020-09-18 22:29"}
2024-01-07 01:14:23 查询号码 【1837228】，GSD为【"湖北-襄阳"】

2024-01-07 01:14:24 开始第 7310 次操作

2024-01-07 01:14:24 开始操作号码 【1837229】
2024-01-07 01:14:28 GSD getOne 第 1 次 等待 3 秒
2024-01-07 01:14:31 查询号码 【1837229】，返回信息 {"status":"ok","msg":"湖北-襄阳","gid":"38071","time_insert":"2020-08-05 10:57","time_update":"2020-09-18 22:33"}
2024-01-07 01:14:31 查询号码 【1837229】，GSD为【"湖北-襄阳"】

2024-01-07 01:14:32 开始第 7311 次操作

2024-01-07 01:14:32 开始操作号码 【1837230】
2024-01-07 01:14:36 GSD getOne 第 1 次 等待 3 秒
2024-01-07 01:14:39 查询号码 【1837230】，返回信息 {"status":"ok","msg":"湖北-宜昌","gid":"347943","time_insert":"2021-07-21 18:00"}
2024-01-07 01:14:39 查询号码 【1837230】，GSD为【"湖北-宜昌"】

2024-01-07 01:14:40 开始第 7312 次操作

2024-01-07 01:14:40 开始操作号码 【1837231】
2024-01-07 01:14:45 GSD getOne 第 1 次 等待 3 秒
2024-01-07 01:14:48 查询号码 【1837231】，返回信息 {"status":"ok","msg":"湖北-宜昌","gid":"347949","time_insert":"2021-07-21 18:01"}
2024-01-07 01:14:48 查询号码 【1837231】，GSD为【"湖北-宜昌"】

2024-01-07 01:37:19 开始第 7313 次操作

2024-01-07 01:37:19 开始操作号码 【1837232】
2024-01-07 01:37:22 GSD getOne 第 1 次 等待 3 秒
2024-01-07 01:37:25 查询号码 【1837232】，返回信息 {"status":"ok","msg":"湖北-宜昌","gid":"347955","time_insert":"2021-07-21 18:01"}
2024-01-07 01:37:25 查询号码 【1837232】，GSD为【"湖北-宜昌"】

2024-01-07 01:37:26 开始第 7314 次操作

2024-01-07 01:37:26 开始操作号码 【1837233】
2024-01-07 01:37:30 GSD getOne 第 1 次 等待 3 秒
2024-01-07 01:37:33 查询号码 【1837233】，返回信息 {"status":"ok","msg":"湖北-宜昌","gid":"347960","time_insert":"2021-07-21 18:02"}
2024-01-07 01:37:33 查询号码 【1837233】，GSD为【"湖北-宜昌"】

2024-01-07 01:37:34 开始第 7315 次操作

2024-01-07 01:37:34 开始操作号码 【1837234】
2024-01-07 01:37:37 GSD getOne 第 1 次 等待 3 秒
2024-01-07 01:37:40 查询号码 【1837234】，返回信息 {"status":"ok","msg":"湖北-宜昌","gid":"347968","time_insert":"2021-07-21 18:03"}
2024-01-07 01:37:40 查询号码 【1837234】，GSD为【"湖北-宜昌"】

2024-01-07 01:37:41 开始第 7316 次操作

2024-01-07 01:37:41 开始操作号码 【1837235】
2024-01-07 01:37:45 GSD getOne 第 1 次 等待 3 秒
2024-01-07 01:37:48 查询号码 【1837235】，返回信息 {"status":"ok","msg":"湖北-宜昌","gid":"347971","time_insert":"2021-07-21 18:04"}
2024-01-07 01:37:48 查询号码 【1837235】，GSD为【"湖北-宜昌"】

2024-01-07 02:19:16 开始第 7317 次操作

2024-01-07 02:19:16 开始操作号码 【1837236】
2024-01-07 02:19:19 GSD getOne 第 1 次 等待 3 秒
2024-01-07 02:19:22 查询号码 【1837236】，返回信息 {"status":"ok","msg":"湖北-宜昌","gid":"347976","time_insert":"2021-07-21 18:04"}
2024-01-07 02:19:22 查询号码 【1837236】，GSD为【"湖北-宜昌"】

2024-01-07 02:19:23 开始第 7318 次操作

2024-01-07 02:19:23 开始操作号码 【1837237】
2024-01-07 02:19:27 GSD getOne 第 1 次 等待 3 秒
2024-01-07 02:19:30 查询号码 【1837237】，返回信息 {"status":"ok","msg":"湖北-宜昌","gid":"347988","time_insert":"2021-07-21 18:06"}
2024-01-07 02:19:31 查询号码 【1837237】，GSD为【"湖北-宜昌"】

2024-01-07 02:19:32 开始第 7319 次操作

2024-01-07 02:19:32 开始操作号码 【1837238】
2024-01-07 02:19:35 GSD getOne 第 1 次 等待 3 秒
2024-01-07 02:19:38 查询号码 【1837238】，返回信息 {"status":"ok","msg":"湖北-宜昌","gid":"347993","time_insert":"2021-07-21 18:06"}
2024-01-07 02:19:38 查询号码 【1837238】，GSD为【"湖北-宜昌"】

2024-01-07 02:19:39 开始第 7320 次操作

2024-01-07 02:19:39 开始操作号码 【1837239】
2024-01-07 02:19:42 GSD getOne 第 1 次 等待 3 秒
2024-01-07 02:19:45 查询号码 【1837239】，返回信息 {"status":"ok","msg":"湖北-宜昌","gid":"347996","time_insert":"2021-07-21 18:07"}
2024-01-07 02:19:45 查询号码 【1837239】，GSD为【"湖北-宜昌"】

