2024-07-31 00:24:04 开始第 8789 次操作

2024-07-31 00:24:04 开始操作号码 【1508698】
2024-07-31 00:24:27 GSD getOne 第 1 次 等待 3 秒
2024-07-31 00:24:30 查询号码 【1508698】，返回信息 {"status":"ok","msg":"重庆-重庆","gid":"16243","time_insert":"2019-03-12 17:46","time_update":"2021-05-25 16:09"}
2024-07-31 00:24:30 查询号码 【1508698】，GSD为【"重庆-重庆"】

2024-07-31 00:24:31 开始第 8790 次操作

2024-07-31 00:24:31 开始操作号码 【1508699】
2024-07-31 00:24:42 GSD getOne 第 1 次 等待 3 秒
2024-07-31 00:24:45 查询号码 【1508699】，返回信息 {"status":"ok","msg":"重庆-重庆","gid":"16244","time_insert":"2017-04-07 00:02","time_update":"2021-05-25 16:10"}
2024-07-31 00:24:45 查询号码 【1508699】，GSD为【"重庆-重庆"】

2024-07-31 00:24:46 开始第 8791 次操作

2024-07-31 00:24:46 开始操作号码 【1508700】
2024-07-31 00:24:57 GSD getOne 第 1 次 等待 3 秒
2024-07-31 00:25:00 查询号码 【1508700】，返回信息 {"status":"ok","msg":"云南-昆明","gid":"16245","time_insert":"2017-08-26 10:25","time_update":"2020-11-28 17:40"}
2024-07-31 00:25:00 查询号码 【1508700】，GSD为【"云南-昆明"】

2024-07-31 00:25:01 开始第 8792 次操作

2024-07-31 00:25:01 开始操作号码 【1508701】
2024-07-31 00:25:12 GSD getOne 第 1 次 等待 3 秒
2024-07-31 00:25:15 查询号码 【1508701】，返回信息 {"status":"ok","msg":"云南-昆明","gid":"16246","time_insert":"2018-12-02 13:41","time_update":"2020-11-28 17:44"}
2024-07-31 00:25:15 查询号码 【1508701】，GSD为【"云南-昆明"】

