2024-11-03 00:07:28 开始第 2893 次操作

2024-11-03 00:07:28 开始操作号码 【1312892】
2024-11-03 00:07:30 GSD getOne 第 1 次 等待 3 秒
2024-11-03 00:07:33 查询号码 【1312892】，返回信息 {"status":"ok","msg":"广东-深圳","gid":"98250","time_insert":"2021-06-15 16:30"}
2024-11-03 00:07:33 查询号码 【1312892】，GSD为【"广东-深圳"】

2024-11-03 00:07:34 开始第 2894 次操作

2024-11-03 00:07:34 开始操作号码 【1312893】
2024-11-03 00:07:36 GSD getOne 第 1 次 等待 3 秒
2024-11-03 00:07:39 查询号码 【1312893】，返回信息 {"status":"ok","msg":"广东-深圳","gid":"98277","time_insert":"2021-06-15 16:59"}
2024-11-03 00:07:39 查询号码 【1312893】，GSD为【"广东-深圳"】

2024-11-03 00:07:40 开始第 2895 次操作

2024-11-03 00:07:40 开始操作号码 【1312894】
2024-11-03 00:07:41 GSD getOne 第 1 次 等待 3 秒
2024-11-03 00:07:44 查询号码 【1312894】，返回信息 {"status":"ok","msg":"广东-深圳","gid":"98308","time_insert":"2021-06-15 17:25"}
2024-11-03 00:07:44 查询号码 【1312894】，GSD为【"广东-深圳"】

2024-11-03 00:07:45 开始第 2896 次操作

2024-11-03 00:07:45 开始操作号码 【1312895】
2024-11-03 00:07:46 GSD getOne 第 1 次 等待 3 秒
2024-11-03 00:07:49 查询号码 【1312895】，返回信息 {"status":"ok","msg":"广东-深圳","gid":"98336","time_insert":"2021-06-15 17:51"}
2024-11-03 00:07:49 查询号码 【1312895】，GSD为【"广东-深圳"】

2024-11-03 00:41:01 开始第 2897 次操作

2024-11-03 00:41:01 开始操作号码 【1312896】
2024-11-03 00:41:06 GSD getOne 第 1 次 等待 3 秒
2024-11-03 00:41:09 查询号码 【1312896】，返回信息 {"status":"ok","msg":"广东-深圳","gid":"98370","time_insert":"2021-06-15 18:20"}
2024-11-03 00:41:09 查询号码 【1312896】，GSD为【"广东-深圳"】

2024-11-03 00:41:10 开始第 2898 次操作

2024-11-03 00:41:10 开始操作号码 【1312897】
2024-11-03 00:41:11 GSD getOne 第 1 次 等待 3 秒
2024-11-03 00:41:14 查询号码 【1312897】，返回信息 {"status":"ok","msg":"广东-深圳","gid":"98402","time_insert":"2021-06-15 18:46"}
2024-11-03 00:41:14 查询号码 【1312897】，GSD为【"广东-深圳"】

2024-11-03 00:41:15 开始第 2899 次操作

2024-11-03 00:41:15 开始操作号码 【1312898】
2024-11-03 00:41:16 GSD getOne 第 1 次 等待 3 秒
2024-11-03 00:41:19 查询号码 【1312898】，返回信息 {"status":"ok","msg":"广东-深圳","gid":"98431","time_insert":"2021-06-15 19:12"}
2024-11-03 00:41:19 查询号码 【1312898】，GSD为【"广东-深圳"】

2024-11-03 00:41:20 开始第 2900 次操作

2024-11-03 00:41:20 开始操作号码 【1312899】
2024-11-03 00:41:21 GSD getOne 第 1 次 等待 3 秒
2024-11-03 00:41:24 查询号码 【1312899】，返回信息 {"status":"ok","msg":"广东-深圳","gid":"98453","time_insert":"2021-06-15 19:31"}
2024-11-03 00:41:24 查询号码 【1312899】，GSD为【"广东-深圳"】

2024-11-03 01:01:39 开始第 2901 次操作

2024-11-03 01:01:39 开始操作号码 【1312900】
2024-11-03 01:01:40 GSD getOne 第 1 次 等待 3 秒
2024-11-03 01:01:43 查询号码 【1312900】，返回信息 {"status":"ok","msg":"广东-佛山","gid":"98471","time_insert":"2021-06-15 19:48"}
2024-11-03 01:01:43 查询号码 【1312900】，GSD为【"广东-佛山"】

2024-11-03 01:01:45 开始第 2902 次操作

2024-11-03 01:01:45 开始操作号码 【1312901】
2024-11-03 01:01:45 GSD getOne 第 1 次 等待 3 秒
2024-11-03 01:01:48 查询号码 【1312901】，返回信息 {"status":"ok","msg":"广东-佛山","gid":"98495","time_insert":"2021-06-15 20:11"}
2024-11-03 01:01:48 查询号码 【1312901】，GSD为【"广东-佛山"】

2024-11-03 01:01:49 开始第 2903 次操作

2024-11-03 01:01:49 开始操作号码 【1312902】
2024-11-03 01:01:50 GSD getOne 第 1 次 等待 3 秒
2024-11-03 01:01:53 查询号码 【1312902】，返回信息 {"status":"ok","msg":"广东-佛山","gid":"98530","time_insert":"2021-06-15 20:41"}
2024-11-03 01:01:53 查询号码 【1312902】，GSD为【"广东-佛山"】

2024-11-03 01:01:54 开始第 2904 次操作

2024-11-03 01:01:54 开始操作号码 【1312903】
2024-11-03 01:01:55 GSD getOne 第 1 次 等待 3 秒
2024-11-03 01:01:58 查询号码 【1312903】，返回信息 {"status":"ok","msg":"广东-佛山","gid":"98559","time_insert":"2021-06-15 21:07"}
2024-11-03 01:01:58 查询号码 【1312903】，GSD为【"广东-佛山"】

2024-11-03 01:31:41 开始第 2905 次操作

2024-11-03 01:31:41 开始操作号码 【1312904】
2024-11-03 01:31:43 GSD getOne 第 1 次 等待 3 秒
2024-11-03 01:31:46 查询号码 【1312904】，返回信息 {"status":"ok","msg":"广东-佛山","gid":"98576","time_insert":"2021-06-15 21:23"}
2024-11-03 01:31:46 查询号码 【1312904】，GSD为【"广东-佛山"】

2024-11-03 01:31:47 开始第 2906 次操作

2024-11-03 01:31:47 开始操作号码 【1312905】
2024-11-03 01:31:48 GSD getOne 第 1 次 等待 3 秒
2024-11-03 01:31:51 查询号码 【1312905】，返回信息 {"status":"ok","msg":"广东-佛山","gid":"98604","time_insert":"2021-06-15 21:46"}
2024-11-03 01:31:51 查询号码 【1312905】，GSD为【"广东-佛山"】

2024-11-03 01:31:52 开始第 2907 次操作

2024-11-03 01:31:52 开始操作号码 【1312906】
2024-11-03 01:31:53 GSD getOne 第 1 次 等待 3 秒
2024-11-03 01:31:56 查询号码 【1312906】，返回信息 {"status":"ok","msg":"广东-佛山","gid":"98630","time_insert":"2021-06-15 22:12"}
2024-11-03 01:31:56 查询号码 【1312906】，GSD为【"广东-佛山"】

2024-11-03 01:31:57 开始第 2908 次操作

2024-11-03 01:31:57 开始操作号码 【1312907】
2024-11-03 01:31:58 GSD getOne 第 1 次 等待 3 秒
2024-11-03 01:32:01 查询号码 【1312907】，返回信息 {"status":"ok","msg":"广东-佛山","gid":"98655","time_insert":"2021-06-15 22:31"}
2024-11-03 01:32:01 查询号码 【1312907】，GSD为【"广东-佛山"】

2024-11-03 02:08:22 开始第 2909 次操作

2024-11-03 02:08:22 开始操作号码 【1312908】
2024-11-03 02:08:23 GSD getOne 第 1 次 等待 3 秒
2024-11-03 02:08:26 查询号码 【1312908】，返回信息 {"status":"ok","msg":"广东-佛山","gid":"98671","time_insert":"2021-06-15 22:46"}
2024-11-03 02:08:26 查询号码 【1312908】，GSD为【"广东-佛山"】

2024-11-03 02:08:27 开始第 2910 次操作

2024-11-03 02:08:27 开始操作号码 【1312909】
2024-11-03 02:08:28 GSD getOne 第 1 次 等待 3 秒
2024-11-03 02:08:31 查询号码 【1312909】，返回信息 {"status":"ok","msg":"广东-佛山","gid":"98692","time_insert":"2021-06-15 23:03"}
2024-11-03 02:08:31 查询号码 【1312909】，GSD为【"广东-佛山"】

2024-11-03 02:08:32 开始第 2911 次操作

2024-11-03 02:08:32 开始操作号码 【1312910】
2024-11-03 02:08:33 GSD getOne 第 1 次 等待 3 秒
2024-11-03 02:08:36 查询号码 【1312910】，返回信息 {"status":"ok","msg":"广东-佛山","gid":"98716","time_insert":"2021-06-15 23:24"}
2024-11-03 02:08:36 查询号码 【1312910】，GSD为【"广东-佛山"】

2024-11-03 02:08:37 开始第 2912 次操作

2024-11-03 02:08:37 开始操作号码 【1312911】
2024-11-03 02:08:38 GSD getOne 第 1 次 等待 3 秒
2024-11-03 02:08:41 查询号码 【1312911】，返回信息 {"status":"ok","msg":"广东-佛山","gid":"98735","time_insert":"2021-06-15 23:41"}
2024-11-03 02:08:41 查询号码 【1312911】，GSD为【"广东-佛山"】

2024-11-03 02:38:10 开始第 2913 次操作

2024-11-03 02:38:10 开始操作号码 【1312912】
2024-11-03 02:38:12 GSD getOne 第 1 次 等待 3 秒
2024-11-03 02:38:15 查询号码 【1312912】，返回信息 {"status":"ok","msg":"广东-佛山","gid":"98769","time_insert":"2021-06-16 00:09"}
2024-11-03 02:38:15 查询号码 【1312912】，GSD为【"广东-佛山"】

2024-11-03 02:38:16 开始第 2914 次操作

2024-11-03 02:38:16 开始操作号码 【1312913】
2024-11-03 02:38:17 GSD getOne 第 1 次 等待 3 秒
2024-11-03 02:38:20 查询号码 【1312913】，返回信息 {"status":"ok","msg":"广东-佛山","gid":"98796","time_insert":"2021-06-16 00:36"}
2024-11-03 02:38:20 查询号码 【1312913】，GSD为【"广东-佛山"】

2024-11-03 02:38:21 开始第 2915 次操作

2024-11-03 02:38:21 开始操作号码 【1312914】
2024-11-03 02:38:22 GSD getOne 第 1 次 等待 3 秒
2024-11-03 02:38:25 查询号码 【1312914】，返回信息 {"status":"ok","msg":"广东-佛山","gid":"1300","time_insert":"2018-09-10 11:00","time_update":"2020-09-24 20:58"}
2024-11-03 02:38:25 查询号码 【1312914】，GSD为【"广东-佛山"】

2024-11-03 02:38:26 开始第 2916 次操作

2024-11-03 02:38:26 开始操作号码 【1312915】
2024-11-03 02:38:27 GSD getOne 第 1 次 等待 3 秒
2024-11-03 02:38:30 查询号码 【1312915】，返回信息 {"status":"ok","msg":"广东-佛山","gid":"98825","time_insert":"2021-06-16 01:01"}
2024-11-03 02:38:30 查询号码 【1312915】，GSD为【"广东-佛山"】

