2023-12-26 00:21:18 开始第 5161 次操作

2023-12-26 00:21:18 开始操作号码 【1835080】
2023-12-26 00:21:22 GSD getOne 第 1 次 等待 3 秒
2023-12-26 00:21:25 查询号码 【1835080】，返回信息 {"status":"ok","msg":"福建-三明","gid":"323717","time_insert":"2021-07-19 06:57"}
2023-12-26 00:21:25 查询号码 【1835080】，GSD为【"福建-三明"】

2023-12-26 00:21:26 开始第 5162 次操作

2023-12-26 00:21:26 开始操作号码 【1835081】
2023-12-26 00:21:32 GSD getOne 第 1 次 等待 3 秒
2023-12-26 00:21:35 查询号码 【1835081】，返回信息 {"status":"ok","msg":"福建-三明","gid":"323725","time_insert":"2021-07-19 06:58"}
2023-12-26 00:21:35 查询号码 【1835081】，GSD为【"福建-三明"】

2023-12-26 00:21:36 开始第 5163 次操作

2023-12-26 00:21:36 开始操作号码 【1835082】
2023-12-26 00:21:44 GSD getOne 第 1 次 等待 3 秒
2023-12-26 00:21:47 查询号码 【1835082】，返回信息 {"status":"ok","msg":"福建-三明","gid":"323736","time_insert":"2021-07-19 06:58"}
2023-12-26 00:21:47 查询号码 【1835082】，GSD为【"福建-三明"】

2023-12-26 00:21:48 开始第 5164 次操作

2023-12-26 00:21:48 开始操作号码 【1835083】
2023-12-26 00:21:52 GSD getOne 第 1 次 等待 3 秒
2023-12-26 00:21:55 查询号码 【1835083】，返回信息 {"status":"ok","msg":"福建-三明","gid":"323749","time_insert":"2021-07-19 06:59"}
2023-12-26 00:21:55 查询号码 【1835083】，GSD为【"福建-三明"】

2023-12-26 00:39:48 开始第 5165 次操作

2023-12-26 00:39:48 开始操作号码 【1835084】
2023-12-26 00:39:53 GSD getOne 第 1 次 等待 3 秒
2023-12-26 00:39:56 查询号码 【1835084】，返回信息 {"status":"ok","msg":"福建-三明","gid":"323758","time_insert":"2021-07-19 07:00"}
2023-12-26 00:39:56 查询号码 【1835084】，GSD为【"福建-三明"】

2023-12-26 00:39:57 开始第 5166 次操作

2023-12-26 00:39:57 开始操作号码 【1835085】
2023-12-26 00:40:01 GSD getOne 第 1 次 等待 3 秒
2023-12-26 00:40:04 查询号码 【1835085】，返回信息 {"status":"ok","msg":"福建-三明","gid":"323771","time_insert":"2021-07-19 07:00"}
2023-12-26 00:40:04 查询号码 【1835085】，GSD为【"福建-三明"】

2023-12-26 00:40:05 开始第 5167 次操作

2023-12-26 00:40:05 开始操作号码 【1835086】
2023-12-26 00:40:10 GSD getOne 第 1 次 等待 3 秒
2023-12-26 00:40:13 查询号码 【1835086】，返回信息 {"status":"ok","msg":"福建-三明","gid":"323780","time_insert":"2021-07-19 07:01"}
2023-12-26 00:40:13 查询号码 【1835086】，GSD为【"福建-三明"】

2023-12-26 00:40:14 开始第 5168 次操作

2023-12-26 00:40:15 开始操作号码 【1835087】
2023-12-26 00:40:18 GSD getOne 第 1 次 等待 3 秒
2023-12-26 00:40:21 查询号码 【1835087】，返回信息 {"status":"ok","msg":"福建-三明","gid":"323787","time_insert":"2021-07-19 07:02"}
2023-12-26 00:40:21 查询号码 【1835087】，GSD为【"福建-三明"】

