2024-02-05 00:18:21 开始第 1937 次操作

2024-02-05 00:18:21 开始操作号码 【1721856】
2024-02-05 00:18:27 GSD getOne 第 1 次 等待 3 秒
2024-02-05 00:18:30 查询号码 【1721856】，返回信息 {"status":"ok","msg":"上海-上海","gid":"257254","time_insert":"2021-07-12 15:00"}
2024-02-05 00:18:30 查询号码 【1721856】，GSD为【"上海-上海"】

2024-02-05 00:18:31 开始第 1938 次操作

2024-02-05 00:18:31 开始操作号码 【1721857】
2024-02-05 00:18:36 GSD getOne 第 1 次 等待 3 秒
2024-02-05 00:18:39 查询号码 【1721857】，返回信息 {"status":"ok","msg":"上海-上海","gid":"257421","time_insert":"2021-07-12 15:37"}
2024-02-05 00:18:39 查询号码 【1721857】，GSD为【"上海-上海"】

2024-02-05 00:18:40 开始第 1939 次操作

2024-02-05 00:18:40 开始操作号码 【1721858】
2024-02-05 00:18:46 GSD getOne 第 1 次 等待 3 秒
2024-02-05 00:18:49 查询号码 【1721858】，返回信息 {"status":"ok","msg":"上海-上海","gid":"257432","time_insert":"2021-07-12 15:38"}
2024-02-05 00:18:49 查询号码 【1721858】，GSD为【"上海-上海"】

2024-02-05 00:18:50 开始第 1940 次操作

2024-02-05 00:18:50 开始操作号码 【1721859】
2024-02-05 00:18:56 GSD getOne 第 1 次 等待 3 秒
2024-02-05 00:18:59 查询号码 【1721859】，返回信息 {"status":"ok","msg":"上海-上海","gid":"257442","time_insert":"2021-07-12 15:38"}
2024-02-05 00:18:59 查询号码 【1721859】，GSD为【"上海-上海"】

