2024-06-17 00:20:13 开始第 1073 次操作

2024-06-17 00:20:13 开始操作号码 【1500984】
2024-06-17 00:20:19 GSD getOne 第 1 次 等待 3 秒
2024-06-17 00:20:22 查询号码 【1500984】，返回信息 {"status":"ok","msg":"辽宁-营口","gid":"83051","time_insert":"2021-06-06 17:24"}
2024-06-17 00:20:22 查询号码 【1500984】，GSD为【"辽宁-营口"】

2024-06-17 00:20:23 开始第 1074 次操作

2024-06-17 00:20:23 开始操作号码 【1500985】
2024-06-17 00:20:32 GSD getOne 第 1 次 等待 3 秒
2024-06-17 00:20:35 查询号码 【1500985】，返回信息 {"status":"ok","msg":"辽宁-营口","gid":"83071","time_insert":"2021-06-06 17:43"}
2024-06-17 00:20:35 查询号码 【1500985】，GSD为【"辽宁-营口"】

2024-06-17 00:20:36 开始第 1075 次操作

2024-06-17 00:20:36 开始操作号码 【1500986】
2024-06-17 00:20:45 GSD getOne 第 1 次 等待 3 秒
2024-06-17 00:20:48 查询号码 【1500986】，返回信息 {"status":"ok","msg":"辽宁-营口","gid":"83092","time_insert":"2021-06-06 18:01"}
2024-06-17 00:20:48 查询号码 【1500986】，GSD为【"辽宁-营口"】

2024-06-17 00:20:49 开始第 1076 次操作

2024-06-17 00:20:49 开始操作号码 【1500987】
2024-06-17 00:20:56 GSD getOne 第 1 次 等待 3 秒
2024-06-17 00:20:59 查询号码 【1500987】，返回信息 {"status":"ok","msg":"辽宁-营口","gid":"83112","time_insert":"2021-06-06 18:19"}
2024-06-17 00:20:59 查询号码 【1500987】，GSD为【"辽宁-营口"】

