2024-05-12 00:19:36 开始第 8357 次操作

2024-05-12 00:19:36 开始操作号码 【1618271】
2024-05-12 00:19:41 GSD getOne 第 1 次 等待 3 秒
2024-05-12 00:19:44 查询号码 【1618271】，返回信息 {"status":"ok","msg":"-","gid":"699150","time_insert":"2023-05-10 07:02"}
2024-05-12 00:19:45 查询号码 【1618271】，GSD为【"-"】
2024-05-12 00:19:45 ok && -
2024-05-12 00:19:47 CHB 1618271?1715444385 第 1 次 等待 3 秒
2024-05-12 00:19:50 CHB 1618271?1715444385 第 1 次 获取到号码【1618271】GSD
2024-05-12 00:19:50 未获取到号码【1618271】GSD，可能号码格式错误
2024-05-12 00:19:50 获取到号码【1618271】的GSD为【-】
2024-05-12 00:19:56 GSD insert 第 1 次 等待 3 秒
2024-05-12 00:19:59 {"status":"bad","gid":"699150","msg":"添加失败！号码【1618271(-|-)】已存在！"}
2024-05-12 00:19:59 随机等待 108 秒，约 1 分钟
2024-05-12 00:19:59 下次操作: 2024-05-12 00:21:47

2024-05-12 00:21:47 开始第 8358 次操作

2024-05-12 00:21:47 开始操作号码 【1618272】
2024-05-12 00:21:54 GSD getOne 第 1 次 等待 3 秒
2024-05-12 00:21:57 查询号码 【1618272】，返回信息 {"status":"ok","msg":"-","gid":"699159","time_insert":"2023-05-10 07:16"}
2024-05-12 00:21:57 查询号码 【1618272】，GSD为【"-"】
2024-05-12 00:21:57 ok && -
2024-05-12 00:21:59 CHB 1618272?1715444517 第 1 次 等待 3 秒
2024-05-12 00:22:02 CHB 1618272?1715444517 第 1 次 获取到号码【1618272】GSD
2024-05-12 00:22:02 未获取到号码【1618272】GSD，可能号码格式错误
2024-05-12 00:22:02 获取到号码【1618272】的GSD为【-】
2024-05-12 00:22:21 GSD insert 第 1 次 等待 3 秒
2024-05-12 00:22:24 {"status":"bad","gid":"699159","msg":"添加失败！号码【1618272(-|-)】已存在！"}
2024-05-12 00:22:24 随机等待 113 秒，约 1 分钟
2024-05-12 00:22:24 下次操作: 2024-05-12 00:24:17

2024-05-12 00:24:17 开始第 8359 次操作

2024-05-12 00:24:17 开始操作号码 【1618273】
2024-05-12 00:24:24 GSD getOne 第 1 次 等待 3 秒
2024-05-12 00:24:27 查询号码 【1618273】，返回信息 {"status":"ok","msg":"-","gid":"699176","time_insert":"2023-05-10 07:38"}
2024-05-12 00:24:27 查询号码 【1618273】，GSD为【"-"】
2024-05-12 00:24:27 ok && -
2024-05-12 00:24:29 CHB 1618273?1715444667 第 1 次 等待 3 秒
2024-05-12 00:24:32 CHB 1618273?1715444667 第 1 次 获取到号码【1618273】GSD
2024-05-12 00:24:32 未获取到号码【1618273】GSD，可能号码格式错误
2024-05-12 00:24:32 获取到号码【1618273】的GSD为【-】
2024-05-12 00:24:41 GSD insert 第 1 次 等待 3 秒
2024-05-12 00:24:44 {"status":"bad","gid":"699176","msg":"添加失败！号码【1618273(-|-)】已存在！"}
2024-05-12 00:24:44 随机等待 161 秒，约 2 分钟
2024-05-12 00:24:44 下次操作: 2024-05-12 00:27:25

2024-05-12 00:27:25 开始第 8360 次操作

2024-05-12 00:27:25 开始操作号码 【1618274】
2024-05-12 00:27:32 GSD getOne 第 1 次 等待 3 秒
2024-05-12 00:27:35 查询号码 【1618274】，返回信息 {"status":"ok","msg":"-","gid":"699185","time_insert":"2023-05-10 07:48"}
2024-05-12 00:27:35 查询号码 【1618274】，GSD为【"-"】
2024-05-12 00:27:35 ok && -
2024-05-12 00:27:38 CHB 1618274?1715444855 第 1 次 等待 3 秒
2024-05-12 00:27:41 CHB 1618274?1715444855 第 1 次 获取到号码【1618274】GSD
2024-05-12 00:27:41 未获取到号码【1618274】GSD，可能号码格式错误
2024-05-12 00:27:41 获取到号码【1618274】的GSD为【-】
2024-05-12 00:27:48 GSD insert 第 1 次 等待 3 秒
2024-05-12 00:27:51 {"status":"bad","gid":"699185","msg":"添加失败！号码【1618274(-|-)】已存在！"}

