2024-08-31 00:23:01 开始第 2013 次操作

2024-08-31 00:23:01 开始操作号码 【1392012】
2024-08-31 00:23:09 GSD getOne 第 1 次 等待 3 秒
2024-08-31 00:23:12 查询号码 【1392012】，返回信息 {"status":"ok","msg":"天津-天津","gid":"89969","time_insert":"2021-06-10 17:56"}
2024-08-31 00:23:12 查询号码 【1392012】，GSD为【"天津-天津"】

2024-08-31 00:23:13 开始第 2014 次操作

2024-08-31 00:23:13 开始操作号码 【1392013】
2024-08-31 00:23:21 GSD getOne 第 1 次 等待 3 秒
2024-08-31 00:23:24 查询号码 【1392013】，返回信息 {"status":"ok","msg":"天津-天津","gid":"89995","time_insert":"2021-06-10 18:17"}
2024-08-31 00:23:24 查询号码 【1392013】，GSD为【"天津-天津"】

2024-08-31 00:23:25 开始第 2015 次操作

2024-08-31 00:23:25 开始操作号码 【1392014】
2024-08-31 00:23:33 GSD getOne 第 1 次 等待 3 秒
2024-08-31 00:23:36 查询号码 【1392014】，返回信息 {"status":"ok","msg":"天津-天津","gid":"90020","time_insert":"2021-06-10 18:38"}
2024-08-31 00:23:36 查询号码 【1392014】，GSD为【"天津-天津"】

2024-08-31 00:23:37 开始第 2016 次操作

2024-08-31 00:23:37 开始操作号码 【1392015】
2024-08-31 00:23:45 GSD getOne 第 1 次 等待 3 秒
2024-08-31 00:23:48 查询号码 【1392015】，返回信息 {"status":"ok","msg":"天津-天津","gid":"90048","time_insert":"2021-06-10 19:01"}
2024-08-31 00:23:48 查询号码 【1392015】，GSD为【"天津-天津"】

2024-08-31 00:43:14 开始第 2017 次操作

2024-08-31 00:43:14 开始操作号码 【1392016】
2024-08-31 00:43:22 GSD getOne 第 1 次 等待 3 秒
2024-08-31 00:43:25 查询号码 【1392016】，返回信息 {"status":"ok","msg":"天津-天津","gid":"90066","time_insert":"2021-06-10 19:17"}
2024-08-31 00:43:25 查询号码 【1392016】，GSD为【"天津-天津"】

2024-08-31 00:43:26 开始第 2018 次操作

2024-08-31 00:43:26 开始操作号码 【1392017】
2024-08-31 00:43:34 GSD getOne 第 1 次 等待 3 秒
2024-08-31 00:43:37 查询号码 【1392017】，返回信息 {"status":"ok","msg":"天津-天津","gid":"90099","time_insert":"2021-06-10 19:47"}
2024-08-31 00:43:37 查询号码 【1392017】，GSD为【"天津-天津"】

2024-08-31 00:43:38 开始第 2019 次操作

2024-08-31 00:43:38 开始操作号码 【1392018】
2024-08-31 00:43:46 GSD getOne 第 1 次 等待 3 秒
2024-08-31 00:43:49 查询号码 【1392018】，返回信息 {"status":"ok","msg":"天津-天津","gid":"12972","time_insert":"2018-07-20 19:27","time_update":"2020-12-28 21:19"}
2024-08-31 00:43:49 查询号码 【1392018】，GSD为【"天津-天津"】

2024-08-31 00:43:50 开始第 2020 次操作

2024-08-31 00:43:50 开始操作号码 【1392019】
2024-08-31 00:43:58 GSD getOne 第 1 次 等待 3 秒
2024-08-31 00:44:01 查询号码 【1392019】，返回信息 {"status":"ok","msg":"天津-天津","gid":"90125","time_insert":"2021-06-10 20:16"}
2024-08-31 00:44:01 查询号码 【1392019】，GSD为【"天津-天津"】

