2024-07-24 00:25:33 开始第 7557 次操作

2024-07-24 00:25:33 开始操作号码 【1507466】
2024-07-24 00:25:42 GSD getOne 第 1 次 等待 3 秒
2024-07-24 00:25:45 查询号码 【1507466】，返回信息 {"status":"ok","msg":"湖南-永州","gid":"15912","time_insert":"2014-04-02 10:52","time_update":"2020-09-22 11:40"}
2024-07-24 00:25:45 查询号码 【1507466】，GSD为【"湖南-永州"】

2024-07-24 00:25:46 开始第 7558 次操作

2024-07-24 00:25:46 开始操作号码 【1507467】
2024-07-24 00:25:55 GSD getOne 第 1 次 等待 3 秒
2024-07-24 00:25:58 查询号码 【1507467】，返回信息 {"status":"ok","msg":"湖南-永州","gid":"377863","time_insert":"2021-07-24 13:49"}
2024-07-24 00:25:58 查询号码 【1507467】，GSD为【"湖南-永州"】

2024-07-24 00:25:59 开始第 7559 次操作

2024-07-24 00:25:59 开始操作号码 【1507468】
2024-07-24 00:26:07 GSD getOne 第 1 次 等待 3 秒
2024-07-24 00:26:10 查询号码 【1507468】，返回信息 {"status":"ok","msg":"湖南-永州","gid":"377855","time_insert":"2021-07-24 13:49","time_update":"2021-07-26 11:35"}
2024-07-24 00:26:10 查询号码 【1507468】，GSD为【"湖南-永州"】

2024-07-24 00:26:11 开始第 7560 次操作

2024-07-24 00:26:11 开始操作号码 【1507469】
2024-07-24 00:26:18 GSD getOne 第 1 次 等待 3 秒
2024-07-24 00:26:21 查询号码 【1507469】，返回信息 {"status":"ok","msg":"湖南-永州","gid":"377843","time_insert":"2021-07-24 13:48"}
2024-07-24 00:26:21 查询号码 【1507469】，GSD为【"湖南-永州"】

2024-07-24 00:42:48 开始第 7561 次操作

2024-07-24 00:42:48 开始操作号码 【1507470】
2024-07-24 00:42:58 GSD getOne 第 1 次 等待 3 秒
2024-07-24 00:43:01 查询号码 【1507470】，返回信息 {"status":"ok","msg":"湖南-衡阳","gid":"377833","time_insert":"2021-07-24 13:47"}
2024-07-24 00:43:01 查询号码 【1507470】，GSD为【"湖南-衡阳"】

2024-07-24 00:43:02 开始第 7562 次操作

2024-07-24 00:43:02 开始操作号码 【1507471】
2024-07-24 00:43:09 GSD getOne 第 1 次 等待 3 秒
2024-07-24 00:43:12 查询号码 【1507471】，返回信息 {"status":"ok","msg":"湖南-衡阳","gid":"377822","time_insert":"2021-07-24 13:47"}
2024-07-24 00:43:12 查询号码 【1507471】，GSD为【"湖南-衡阳"】

2024-07-24 00:43:13 开始第 7563 次操作

2024-07-24 00:43:13 开始操作号码 【1507472】
2024-07-24 00:43:22 GSD getOne 第 1 次 等待 3 秒
2024-07-24 00:43:25 查询号码 【1507472】，返回信息 {"status":"ok","msg":"湖南-衡阳","gid":"377811","time_insert":"2021-07-24 13:46"}
2024-07-24 00:43:25 查询号码 【1507472】，GSD为【"湖南-衡阳"】

2024-07-24 00:43:26 开始第 7564 次操作

2024-07-24 00:43:26 开始操作号码 【1507473】
2024-07-24 00:43:34 GSD getOne 第 1 次 等待 3 秒
2024-07-24 00:43:37 查询号码 【1507473】，返回信息 {"status":"ok","msg":"湖南-衡阳","gid":"15913","time_insert":"2017-06-07 11:30","time_update":"2020-09-22 11:43"}
2024-07-24 00:43:37 查询号码 【1507473】，GSD为【"湖南-衡阳"】

