2024-03-18 00:18:21 开始第 9445 次操作

2024-03-18 00:18:21 开始操作号码 【1729364】
2024-03-18 00:18:25 GSD getOne 第 1 次 等待 3 秒
2024-03-18 00:18:28 查询号码 【1729364】，返回信息 {"status":"ok","msg":"江苏-南京","gid":"350050","time_insert":"2021-07-21 23:48"}
2024-03-18 00:18:28 查询号码 【1729364】，GSD为【"江苏-南京"】

2024-03-18 00:18:29 开始第 9446 次操作

2024-03-18 00:18:29 开始操作号码 【1729365】
2024-03-18 00:18:36 GSD getOne 第 1 次 等待 3 秒
2024-03-18 00:18:39 查询号码 【1729365】，返回信息 {"status":"ok","msg":"江苏-南京","gid":"350060","time_insert":"2021-07-21 23:49"}
2024-03-18 00:18:39 查询号码 【1729365】，GSD为【"江苏-南京"】

2024-03-18 00:18:40 开始第 9447 次操作

2024-03-18 00:18:40 开始操作号码 【1729366】
2024-03-18 00:18:45 GSD getOne 第 1 次 等待 3 秒
2024-03-18 00:18:48 查询号码 【1729366】，返回信息 {"status":"ok","msg":"江苏-南京","gid":"350067","time_insert":"2021-07-21 23:50"}
2024-03-18 00:18:48 查询号码 【1729366】，GSD为【"江苏-南京"】

2024-03-18 00:18:49 开始第 9448 次操作

2024-03-18 00:18:49 开始操作号码 【1729367】
2024-03-18 00:18:55 GSD getOne 第 1 次 等待 3 秒
2024-03-18 00:18:58 查询号码 【1729367】，返回信息 {"status":"ok","msg":"江苏-南京","gid":"350076","time_insert":"2021-07-21 23:51"}
2024-03-18 00:18:58 查询号码 【1729367】，GSD为【"江苏-南京"】

