2024-04-25 00:19:52 开始第 5341 次操作

2024-04-25 00:19:52 开始操作号码 【1615258】
2024-04-25 00:20:05 GSD getOne 第 1 次 等待 3 秒
2024-04-25 00:20:08 查询号码 【1615258】，返回信息 {"status":"ok","msg":"-","gid":"628174","time_insert":"2023-04-01 17:02"}
2024-04-25 00:20:08 查询号码 【1615258】，GSD为【"-"】
2024-04-25 00:20:08 ok && -
2024-04-25 00:20:11 CHB 1615258?1713975608 第 1 次 等待 3 秒
2024-04-25 00:20:14 CHB 1615258?1713975608 第 1 次 获取到号码【1615258】GSD
2024-04-25 00:20:14 未获取到号码【1615258】GSD，可能号码格式错误
2024-04-25 00:20:14 获取到号码【1615258】的GSD为【-】
2024-04-25 00:20:24 GSD insert 第 1 次 等待 3 秒
2024-04-25 00:20:27 {"status":"bad","gid":"628174","msg":"添加失败！号码【1615258(-|-)】已存在！"}
2024-04-25 00:20:27 随机等待 207 秒，约 3 分钟
2024-04-25 00:20:27 下次操作: 2024-04-25 00:23:54

2024-04-25 00:23:54 开始第 5342 次操作

2024-04-25 00:23:54 开始操作号码 【1615259】
2024-04-25 00:24:02 GSD getOne 第 1 次 等待 3 秒
2024-04-25 00:24:05 查询号码 【1615259】，返回信息 {"status":"ok","msg":"-","gid":"628193","time_insert":"2023-04-01 17:16"}
2024-04-25 00:24:05 查询号码 【1615259】，GSD为【"-"】
2024-04-25 00:24:05 ok && -
2024-04-25 00:24:07 CHB 1615259?1713975845 第 1 次 等待 3 秒
2024-04-25 00:24:10 CHB 1615259?1713975845 第 1 次 获取到号码【1615259】GSD
2024-04-25 00:24:10 未获取到号码【1615259】GSD，可能号码格式错误
2024-04-25 00:24:10 获取到号码【1615259】的GSD为【-】
2024-04-25 00:24:16 GSD insert 第 1 次 等待 3 秒
2024-04-25 00:24:19 {"status":"bad","gid":"628193","msg":"添加失败！号码【1615259(-|-)】已存在！"}
2024-04-25 00:24:19 随机等待 181 秒，约 3 分钟
2024-04-25 00:24:19 下次操作: 2024-04-25 00:27:20

2024-04-25 00:27:20 开始第 5343 次操作

2024-04-25 00:27:20 开始操作号码 【1615260】
2024-04-25 00:27:34 GSD getOne 第 1 次 等待 3 秒
2024-04-25 00:27:37 查询号码 【1615260】，返回信息 {"status":"ok","msg":"-","gid":"628228","time_insert":"2023-04-01 17:39"}
2024-04-25 00:27:37 查询号码 【1615260】，GSD为【"-"】
2024-04-25 00:27:37 ok && -
2024-04-25 00:27:39 CHB 1615260?1713976057 第 1 次 等待 3 秒
2024-04-25 00:27:42 CHB 1615260?1713976057 第 1 次 获取到号码【1615260】GSD
2024-04-25 00:27:42 未获取到号码【1615260】GSD，可能号码格式错误
2024-04-25 00:27:42 获取到号码【1615260】的GSD为【-】
2024-04-25 00:27:54 GSD insert 第 1 次 等待 3 秒
2024-04-25 00:27:57 {"status":"bad","gid":"628228","msg":"添加失败！号码【1615260(-|-)】已存在！"}
2024-04-25 00:27:57 随机等待 209 秒，约 3 分钟
2024-04-25 00:27:57 下次操作: 2024-04-25 00:31:26

2024-04-25 00:31:26 开始第 5344 次操作

2024-04-25 00:31:26 开始操作号码 【1615261】
2024-04-25 00:31:35 GSD getOne 第 1 次 等待 3 秒
2024-04-25 00:31:38 查询号码 【1615261】，返回信息 {"status":"ok","msg":"-","gid":"628244","time_insert":"2023-04-01 17:49"}
2024-04-25 00:31:38 查询号码 【1615261】，GSD为【"-"】
2024-04-25 00:31:38 ok && -
2024-04-25 00:31:40 CHB 1615261?1713976298 第 1 次 等待 3 秒
2024-04-25 00:31:43 CHB 1615261?1713976298 第 1 次 获取到号码【1615261】GSD
2024-04-25 00:31:43 未获取到号码【1615261】GSD，可能号码格式错误
2024-04-25 00:31:43 获取到号码【1615261】的GSD为【-】
2024-04-25 00:31:51 GSD insert 第 1 次 等待 3 秒
2024-04-25 00:31:54 {"status":"bad","gid":"628244","msg":"添加失败！号码【1615261(-|-)】已存在！"}

