2024-01-31 00:19:47 开始第 1037 次操作

2024-01-31 00:19:47 开始操作号码 【1720956】
2024-01-31 00:19:56 GSD getOne 第 1 次 等待 3 秒
2024-01-31 00:19:59 查询号码 【1720956】，返回信息 {"status":"ok","msg":"宁夏-吴忠","gid":"246139","time_insert":"2021-07-11 06:45"}
2024-01-31 00:19:59 查询号码 【1720956】，GSD为【"宁夏-吴忠"】

2024-01-31 00:20:00 开始第 1038 次操作

2024-01-31 00:20:00 开始操作号码 【1720957】
2024-01-31 00:20:05 GSD getOne 第 1 次 等待 3 秒
2024-01-31 00:20:08 查询号码 【1720957】，返回信息 {"status":"ok","msg":"宁夏-银川","gid":"246152","time_insert":"2021-07-11 06:46"}
2024-01-31 00:20:08 查询号码 【1720957】，GSD为【"宁夏-银川"】

2024-01-31 00:20:09 开始第 1039 次操作

2024-01-31 00:20:09 开始操作号码 【1720958】
2024-01-31 00:20:13 GSD getOne 第 1 次 等待 3 秒
2024-01-31 00:20:16 查询号码 【1720958】，返回信息 {"status":"ok","msg":"宁夏-固原","gid":"246167","time_insert":"2021-07-11 06:47"}
2024-01-31 00:20:16 查询号码 【1720958】，GSD为【"宁夏-固原"】

2024-01-31 00:20:17 开始第 1040 次操作

2024-01-31 00:20:17 开始操作号码 【1720959】
2024-01-31 00:20:22 GSD getOne 第 1 次 等待 3 秒
2024-01-31 00:20:25 查询号码 【1720959】，返回信息 {"status":"ok","msg":"宁夏-银川","gid":"246181","time_insert":"2021-07-11 06:47"}
2024-01-31 00:20:25 查询号码 【1720959】，GSD为【"宁夏-银川"】

2024-01-31 00:40:46 开始第 1041 次操作

2024-01-31 00:40:46 开始操作号码 【1720960】
2024-01-31 00:40:52 GSD getOne 第 1 次 等待 3 秒
2024-01-31 00:40:55 查询号码 【1720960】，返回信息 {"status":"ok","msg":"陕西-西安","gid":"246195","time_insert":"2021-07-11 06:48"}
2024-01-31 00:40:55 查询号码 【1720960】，GSD为【"陕西-西安"】

2024-01-31 00:40:56 开始第 1042 次操作

2024-01-31 00:40:56 开始操作号码 【1720961】
2024-01-31 00:41:02 GSD getOne 第 1 次 等待 3 秒
2024-01-31 00:41:05 查询号码 【1720961】，返回信息 {"status":"ok","msg":"陕西-延安","gid":"246207","time_insert":"2021-07-11 06:49"}
2024-01-31 00:41:05 查询号码 【1720961】，GSD为【"陕西-延安"】

2024-01-31 00:41:06 开始第 1043 次操作

2024-01-31 00:41:06 开始操作号码 【1720962】
2024-01-31 00:41:13 GSD getOne 第 1 次 等待 3 秒
2024-01-31 00:41:16 查询号码 【1720962】，返回信息 {"status":"ok","msg":"陕西-西安","gid":"246221","time_insert":"2021-07-11 06:50"}
2024-01-31 00:41:16 查询号码 【1720962】，GSD为【"陕西-西安"】

2024-01-31 00:41:17 开始第 1044 次操作

2024-01-31 00:41:17 开始操作号码 【1720963】
2024-01-31 00:41:24 GSD getOne 第 1 次 等待 3 秒
2024-01-31 00:41:27 查询号码 【1720963】，返回信息 {"status":"ok","msg":"陕西-渭南","gid":"246235","time_insert":"2021-07-11 06:50"}
2024-01-31 00:41:27 查询号码 【1720963】，GSD为【"陕西-渭南"】

