2021-08-04 00:00:40 开始第 7 次操作

2021-08-04 00:00:40 开始操作号码 【1997560】
2021-08-04 00:00:59 GSD getOne 第 1 次 等待 3 秒
2021-08-04 00:01:02 查询号码 【1997560】，返回信息 {"status":"bad","msg":""}
2021-08-04 00:01:02 查询号码 【1997560】，GSD为【""】
2021-08-04 00:01:02 bad
2021-08-04 00:01:05 CHB 1997560?1628006462 第 1 次 等待 3 秒
2021-08-04 00:01:08 CHB 1997560?1628006462 第 1 次 获取到号码【1997560】GSD
2021-08-04 00:01:08 获取到号码【1997560】的GSD为【内蒙古-呼伦贝尔】
2021-08-04 00:01:29 GSD insert 第 1 次 等待 3 秒
2021-08-04 00:01:32 {"status":"ok","gid":493455,"msg":"添加成功！"}
2021-08-04 00:01:32 下次操作: 2021-08-04 00:01:56

2021-08-04 00:01:56 开始第 8 次操作

2021-08-04 00:01:56 开始操作号码 【1997559】
2021-08-04 00:02:03 GSD getOne 第 1 次 等待 3 秒
2021-08-04 00:02:06 查询号码 【1997559】，返回信息 {"status":"bad","msg":""}
2021-08-04 00:02:06 查询号码 【1997559】，GSD为【""】
2021-08-04 00:02:06 bad
2021-08-04 00:02:08 CHB 1997559?1628006526 第 1 次 等待 3 秒
2021-08-04 00:02:11 CHB 1997559?1628006526 第 1 次 获取到号码【1997559】GSD
2021-08-04 00:02:11 获取到号码【1997559】的GSD为【内蒙古-赤峰】
2021-08-04 00:02:22 GSD insert 第 1 次 等待 3 秒
2021-08-04 00:02:25 {"status":"ok","gid":493456,"msg":"添加成功！"}
2021-08-04 00:02:25 下次操作: 2021-08-04 00:02:47

2021-08-04 00:02:47 开始第 9 次操作

2021-08-04 00:02:47 开始操作号码 【1997558】
2021-08-04 00:03:00 GSD getOne 第 1 次 等待 3 秒
2021-08-04 00:03:03 查询号码 【1997558】，返回信息 {"status":"bad","msg":""}
2021-08-04 00:03:03 查询号码 【1997558】，GSD为【""】
2021-08-04 00:03:03 bad
2021-08-04 00:03:09 CHB 1997558?1628006583 第 1 次 等待 3 秒
2021-08-04 00:03:12 CHB 1997558?1628006583 第 1 次 获取到号码【1997558】GSD
2021-08-04 00:03:12 获取到号码【1997558】的GSD为【内蒙古-巴彦淖尔】
2021-08-04 00:03:21 GSD insert 第 1 次 等待 3 秒
2021-08-04 00:03:24 {"status":"ok","gid":493457,"msg":"添加成功！"}
2021-08-04 00:03:24 下次操作: 2021-08-04 00:03:41

2021-08-04 00:03:41 开始第 10 次操作

2021-08-04 00:03:41 开始操作号码 【1997557】
2021-08-04 00:03:59 GSD getOne 第 1 次 等待 3 秒
2021-08-04 00:04:02 查询号码 【1997557】，返回信息 {"status":"bad","msg":""}
2021-08-04 00:04:02 查询号码 【1997557】，GSD为【""】
2021-08-04 00:04:02 bad
2021-08-04 00:04:03 CHB 1997557?1628006642 第 1 次 等待 3 秒
2021-08-04 00:04:06 CHB 1997557?1628006642 第 1 次 获取到号码【1997557】GSD
2021-08-04 00:04:06 未获取到号码【1997557】GSD，查号吧 400 错误
2021-08-04 00:04:06 获取到号码【1997557】的GSD为【-】
2021-08-04 00:04:23 GSD insert 第 1 次 等待 3 秒
2021-08-04 00:04:26 {"status":"ok","gid":493459,"msg":"添加成功！"}
2021-08-04 00:04:26 下次操作: 2021-08-04 00:04:40

2021-08-04 00:04:40 开始第 11 次操作

2021-08-04 00:04:40 开始操作号码 【1997556】
2021-08-04 00:04:55 GSD getOne 第 1 次 等待 3 秒
2021-08-04 00:04:58 查询号码 【1997556】，返回信息 {"status":"bad","msg":""}
2021-08-04 00:04:58 查询号码 【1997556】，GSD为【""】
2021-08-04 00:04:58 bad
2021-08-04 00:05:01 CHB 1997556?1628006698 第 1 次 等待 3 秒
2021-08-04 00:05:04 CHB 1997556?1628006698 第 1 次 获取到号码【1997556】GSD
2021-08-04 00:05:04 获取到号码【1997556】的GSD为【内蒙古-赤峰】
2021-08-04 00:05:15 GSD insert 第 1 次 等待 3 秒
2021-08-04 00:05:18 {"status":"ok","gid":493463,"msg":"添加成功！"}
2021-08-04 00:05:18 下次操作: 2021-08-04 00:05:36

2021-08-04 00:05:36 开始第 12 次操作

2021-08-04 00:05:36 开始操作号码 【1997555】
2021-08-04 00:05:58 GSD getOne 第 1 次 等待 3 秒
2021-08-04 00:06:01 查询号码 【1997555】，返回信息 {"status":"bad","msg":""}
2021-08-04 00:06:01 查询号码 【1997555】，GSD为【""】
2021-08-04 00:06:01 bad
2021-08-04 00:06:03 CHB 1997555?1628006761 第 1 次 等待 3 秒
2021-08-04 00:06:06 CHB 1997555?1628006761 第 1 次 获取到号码【1997555】GSD
2021-08-04 00:06:06 获取到号码【1997555】的GSD为【内蒙古-通辽】
2021-08-04 00:06:28 GSD insert 第 1 次 等待 3 秒
2021-08-04 00:06:31 {"status":"ok","gid":493472,"msg":"添加成功！"}
2021-08-04 00:06:31 下次操作: 2021-08-04 00:06:50

2021-08-04 00:06:50 开始第 13 次操作

2021-08-04 00:06:50 开始操作号码 【1997554】
2021-08-04 00:07:03 GSD getOne 第 1 次 等待 3 秒
2021-08-04 00:07:06 查询号码 【1997554】，返回信息 {"status":"bad","msg":""}
2021-08-04 00:07:06 查询号码 【1997554】，GSD为【""】
2021-08-04 00:07:06 bad
2021-08-04 00:07:08 CHB 1997554?1628006826 第 1 次 等待 3 秒
2021-08-04 00:07:11 CHB 1997554?1628006826 第 1 次 获取到号码【1997554】GSD
2021-08-04 00:07:11 获取到号码【1997554】的GSD为【内蒙古-呼和浩特】
2021-08-04 00:07:26 GSD insert 第 1 次 等待 3 秒
2021-08-04 00:07:29 {"status":"ok","gid":493476,"msg":"添加成功！"}
2021-08-04 00:07:29 下次操作: 2021-08-04 00:07:42

2021-08-04 00:07:42 开始第 14 次操作

2021-08-04 00:07:42 开始操作号码 【1997553】
2021-08-04 00:08:15 GSD getOne 第 1 次 等待 3 秒
2021-08-04 00:08:18 查询号码 【1997553】，返回信息 {"status":"bad","msg":""}
2021-08-04 00:08:18 查询号码 【1997553】，GSD为【""】
2021-08-04 00:08:18 bad
2021-08-04 00:08:22 CHB 1997553?1628006898 第 1 次 等待 3 秒
2021-08-04 00:08:25 CHB 1997553?1628006898 第 1 次 获取到号码【1997553】GSD
2021-08-04 00:08:25 获取到号码【1997553】的GSD为【内蒙古-赤峰】
2021-08-04 00:08:42 GSD insert 第 1 次 等待 3 秒
2021-08-04 00:08:45 {"status":"ok","gid":493484,"msg":"添加成功！"}
2021-08-04 00:08:45 下次操作: 2021-08-04 00:09:04

2021-08-04 00:09:04 开始第 15 次操作

2021-08-04 00:09:04 开始操作号码 【1997552】
2021-08-04 00:09:18 GSD getOne 第 1 次 等待 3 秒
2021-08-04 00:09:21 查询号码 【1997552】，返回信息 {"status":"bad","msg":""}
2021-08-04 00:09:21 查询号码 【1997552】，GSD为【""】
2021-08-04 00:09:21 bad
2021-08-04 00:09:24 CHB 1997552?1628006961 第 1 次 等待 3 秒
2021-08-04 00:09:27 CHB 1997552?1628006961 第 1 次 获取到号码【1997552】GSD
2021-08-04 00:09:27 获取到号码【1997552】的GSD为【内蒙古-包头】
2021-08-04 00:09:49 GSD insert 第 1 次 等待 3 秒
2021-08-04 00:09:52 {"status":"ok","gid":493490,"msg":"添加成功！"}
2021-08-04 00:09:52 下次操作: 2021-08-04 00:10:14

2021-08-04 00:10:14 开始第 16 次操作

2021-08-04 00:10:14 开始操作号码 【1997551】
2021-08-04 00:10:46 GSD getOne 第 1 次 等待 3 秒
2021-08-04 00:10:50 查询号码 【1997551】，返回信息 {"status":"bad","msg":""}
2021-08-04 00:10:50 查询号码 【1997551】，GSD为【""】
2021-08-04 00:10:50 bad
2021-08-04 00:10:52 CHB 1997551?1628007050 第 1 次 等待 3 秒
2021-08-04 00:10:55 CHB 1997551?1628007050 第 1 次 获取到号码【1997551】GSD
2021-08-04 00:10:55 获取到号码【1997551】的GSD为【内蒙古-呼和浩特】
2021-08-04 00:11:16 GSD insert 第 1 次 等待 3 秒
2021-08-04 00:11:19 {"status":"ok","gid":493496,"msg":"添加成功！"}
2021-08-04 00:11:19 下次操作: 2021-08-04 00:11:41

2021-08-04 00:11:41 开始第 17 次操作

2021-08-04 00:11:41 开始操作号码 【1997550】
2021-08-04 00:12:07 GSD getOne 第 1 次 等待 3 秒
2021-08-04 00:12:10 查询号码 【1997550】，返回信息 {"status":"bad","msg":""}
2021-08-04 00:12:10 查询号码 【1997550】，GSD为【""】
2021-08-04 00:12:10 bad
2021-08-04 00:12:13 CHB 1997550?1628007130 第 1 次 等待 3 秒
2021-08-04 00:12:16 CHB 1997550?1628007130 第 1 次 获取到号码【1997550】GSD
2021-08-04 00:12:16 获取到号码【1997550】的GSD为【内蒙古-赤峰】
2021-08-04 00:13:02 GSD insert 第 1 次 等待 3 秒
2021-08-04 00:13:05 {"status":"ok","gid":493507,"msg":"添加成功！"}
2021-08-04 00:13:05 下次操作: 2021-08-04 00:13:29

2021-08-04 00:13:29 开始第 18 次操作

2021-08-04 00:13:29 开始操作号码 【1997549】
2021-08-04 00:13:42 GSD getOne 第 1 次 等待 3 秒
2021-08-04 00:13:45 查询号码 【1997549】，返回信息 {"status":"bad","msg":""}
2021-08-04 00:13:46 查询号码 【1997549】，GSD为【""】
2021-08-04 00:13:46 bad
2021-08-04 00:13:51 CHB 1997549?1628007226 第 1 次 等待 3 秒
2021-08-04 00:13:54 CHB 1997549?1628007226 第 1 次 获取到号码【1997549】GSD
2021-08-04 00:13:54 未获取到号码【1997549】GSD，可能号码格式错误
2021-08-04 00:13:54 获取到号码【1997549】的GSD为【-】
2021-08-04 00:14:34 GSD insert 第 1 次 等待 3 秒
2021-08-04 00:14:37 {"status":"ok","gid":493515,"msg":"添加成功！"}
2021-08-04 00:14:37 下次操作: 2021-08-04 00:14:52

2021-08-04 00:14:52 开始第 19 次操作

2021-08-04 00:14:52 开始操作号码 【1997548】
2021-08-04 00:15:08 GSD getOne 第 1 次 等待 3 秒
2021-08-04 00:15:11 查询号码 【1997548】，返回信息 {"status":"bad","msg":""}
2021-08-04 00:15:11 查询号码 【1997548】，GSD为【""】
2021-08-04 00:15:11 bad
2021-08-04 00:15:13 CHB 1997548?1628007311 第 1 次 等待 3 秒
2021-08-04 00:15:16 CHB 1997548?1628007311 第 1 次 获取到号码【1997548】GSD
2021-08-04 00:15:16 未获取到号码【1997548】GSD，可能号码格式错误
2021-08-04 00:15:16 获取到号码【1997548】的GSD为【-】
2021-08-04 00:15:33 GSD insert 第 1 次 等待 3 秒
2021-08-04 00:15:36 {"status":"ok","gid":493521,"msg":"添加成功！"}
2021-08-04 00:15:36 下次操作: 2021-08-04 00:15:53

2021-08-04 00:15:53 开始第 20 次操作

2021-08-04 00:15:53 开始操作号码 【1997547】
2021-08-04 00:16:20 GSD getOne 第 1 次 等待 3 秒
2021-08-04 00:16:23 查询号码 【1997547】，返回信息 {"status":"bad","msg":""}
2021-08-04 00:16:23 查询号码 【1997547】，GSD为【""】
2021-08-04 00:16:23 bad
2021-08-04 00:16:25 CHB 1997547?1628007383 第 1 次 等待 3 秒
2021-08-04 00:16:28 CHB 1997547?1628007383 第 1 次 获取到号码【1997547】GSD
2021-08-04 00:16:28 未获取到号码【1997547】GSD，可能号码格式错误
2021-08-04 00:16:28 获取到号码【1997547】的GSD为【-】
2021-08-04 00:16:33 GSD insert 第 1 次 等待 3 秒
2021-08-04 00:16:36 {"status":"ok","gid":493527,"msg":"添加成功！"}
2021-08-04 00:16:36 下次操作: 2021-08-04 00:16:54

2021-08-04 00:16:54 开始第 21 次操作

2021-08-04 00:16:54 开始操作号码 【1997546】
2021-08-04 00:17:04 GSD getOne 第 1 次 等待 3 秒
2021-08-04 00:17:07 查询号码 【1997546】，返回信息 {"status":"bad","msg":""}
2021-08-04 00:17:07 查询号码 【1997546】，GSD为【""】
2021-08-04 00:17:07 bad
2021-08-04 00:17:08 CHB 1997546?1628007427 第 1 次 等待 3 秒
2021-08-04 00:17:11 CHB 1997546?1628007427 第 1 次 获取到号码【1997546】GSD
2021-08-04 00:17:11 未获取到号码【1997546】GSD，可能号码格式错误
2021-08-04 00:17:11 获取到号码【1997546】的GSD为【-】
2021-08-04 00:17:39 GSD insert 第 1 次 等待 3 秒
2021-08-04 00:17:42 {"status":"ok","gid":493533,"msg":"添加成功！"}
2021-08-04 00:17:42 下次操作: 2021-08-04 00:17:56

2021-08-04 00:17:56 开始第 22 次操作

2021-08-04 00:17:56 开始操作号码 【1997545】
2021-08-04 00:18:09 GSD getOne 第 1 次 等待 3 秒
2021-08-04 00:18:12 查询号码 【1997545】，返回信息 {"status":"bad","msg":""}
2021-08-04 00:18:12 查询号码 【1997545】，GSD为【""】
2021-08-04 00:18:12 bad
2021-08-04 00:18:14 CHB 1997545?1628007492 第 1 次 等待 3 秒
2021-08-04 00:18:17 CHB 1997545?1628007492 第 1 次 获取到号码【1997545】GSD
2021-08-04 00:18:17 未获取到号码【1997545】GSD，可能号码格式错误
2021-08-04 00:18:17 获取到号码【1997545】的GSD为【-】
2021-08-04 00:18:42 GSD insert 第 1 次 等待 3 秒
2021-08-04 00:18:45 {"status":"ok","gid":493540,"msg":"添加成功！"}
2021-08-04 00:18:45 下次操作: 2021-08-04 00:19:00

2021-08-04 00:19:00 开始第 23 次操作

2021-08-04 00:19:00 开始操作号码 【1997544】
2021-08-04 00:19:42 GSD getOne 第 1 次 等待 3 秒
2021-08-04 00:19:45 查询号码 【1997544】，返回信息 {"status":"bad","msg":""}
2021-08-04 00:19:45 查询号码 【1997544】，GSD为【""】
2021-08-04 00:19:45 bad
2021-08-04 00:19:47 CHB 1997544?1628007585 第 1 次 等待 3 秒
2021-08-04 00:19:50 CHB 1997544?1628007585 第 1 次 获取到号码【1997544】GSD
2021-08-04 00:19:50 未获取到号码【1997544】GSD，可能号码格式错误
2021-08-04 00:19:50 获取到号码【1997544】的GSD为【-】
2021-08-04 00:20:09 GSD insert 第 1 次 等待 3 秒
2021-08-04 00:20:12 {"status":"ok","gid":493548,"msg":"添加成功！"}
2021-08-04 00:20:12 下次操作: 2021-08-04 00:20:30

2021-08-04 00:20:30 开始第 24 次操作

2021-08-04 00:20:30 开始操作号码 【1997543】
2021-08-04 00:20:55 GSD getOne 第 1 次 等待 3 秒
2021-08-04 00:20:58 查询号码 【1997543】，返回信息 {"status":"bad","msg":""}
2021-08-04 00:20:58 查询号码 【1997543】，GSD为【""】
2021-08-04 00:20:58 bad
2021-08-04 00:21:00 CHB 1997543?1628007658 第 1 次 等待 3 秒
2021-08-04 00:21:03 CHB 1997543?1628007658 第 1 次 获取到号码【1997543】GSD
2021-08-04 00:21:03 未获取到号码【1997543】GSD，可能号码格式错误
2021-08-04 00:21:03 获取到号码【1997543】的GSD为【-】
2021-08-04 00:21:55 GSD insert 第 1 次 等待 3 秒
2021-08-04 00:21:58 {"status":"ok","gid":493555,"msg":"添加成功！"}
2021-08-04 00:21:58 下次操作: 2021-08-04 00:22:13

2021-08-04 00:22:13 开始第 25 次操作

2021-08-04 00:22:13 开始操作号码 【1997542】
2021-08-04 00:22:30 GSD getOne 第 1 次 等待 3 秒
2021-08-04 00:22:33 查询号码 【1997542】，返回信息 {"status":"bad","msg":""}
2021-08-04 00:22:34 查询号码 【1997542】，GSD为【""】
2021-08-04 00:22:34 bad
2021-08-04 00:22:35 CHB 1997542?1628007754 第 1 次 等待 3 秒
2021-08-04 00:22:38 CHB 1997542?1628007754 第 1 次 获取到号码【1997542】GSD
2021-08-04 00:22:38 未获取到号码【1997542】GSD，可能号码格式错误
2021-08-04 00:22:38 获取到号码【1997542】的GSD为【-】
2021-08-04 00:23:01 GSD insert 第 1 次 等待 3 秒
2021-08-04 00:23:04 {"status":"ok","gid":493563,"msg":"添加成功！"}
2021-08-04 00:23:04 下次操作: 2021-08-04 00:23:19

2021-08-04 00:23:19 开始第 26 次操作

2021-08-04 00:23:19 开始操作号码 【1997541】
2021-08-04 00:23:53 GSD getOne 第 1 次 等待 3 秒
2021-08-04 00:23:56 查询号码 【1997541】，返回信息 {"status":"bad","msg":""}
2021-08-04 00:23:56 查询号码 【1997541】，GSD为【""】
2021-08-04 00:23:56 bad
2021-08-04 00:23:59 CHB 1997541?1628007836 第 1 次 等待 3 秒
2021-08-04 00:24:02 CHB 1997541?1628007836 第 1 次 获取到号码【1997541】GSD
2021-08-04 00:24:02 未获取到号码【1997541】GSD，可能号码格式错误
2021-08-04 00:24:02 获取到号码【1997541】的GSD为【-】
2021-08-04 00:24:44 GSD insert 第 1 次 等待 3 秒
2021-08-04 00:24:47 {"status":"ok","gid":493571,"msg":"添加成功！"}
2021-08-04 00:24:47 下次操作: 2021-08-04 00:25:03

2021-08-04 00:25:03 开始第 27 次操作

2021-08-04 00:25:03 开始操作号码 【1997540】
2021-08-04 00:25:31 GSD getOne 第 1 次 等待 3 秒
2021-08-04 00:25:34 查询号码 【1997540】，返回信息 {"status":"bad","msg":""}
2021-08-04 00:25:34 查询号码 【1997540】，GSD为【""】
2021-08-04 00:25:34 bad
2021-08-04 00:25:36 CHB 1997540?1628007934 第 1 次 等待 3 秒
2021-08-04 00:25:39 CHB 1997540?1628007934 第 1 次 获取到号码【1997540】GSD
2021-08-04 00:25:39 未获取到号码【1997540】GSD，可能号码格式错误
2021-08-04 00:25:39 获取到号码【1997540】的GSD为【-】
2021-08-04 00:25:51 GSD insert 第 1 次 等待 3 秒
2021-08-04 00:25:54 {"status":"ok","gid":493578,"msg":"添加成功！"}
2021-08-04 00:25:54 下次操作: 2021-08-04 00:26:10

2021-08-04 00:26:10 开始第 28 次操作

2021-08-04 00:26:10 开始操作号码 【1997539】
2021-08-04 00:26:30 GSD getOne 第 1 次 等待 3 秒
2021-08-04 00:26:33 查询号码 【1997539】，返回信息 {"status":"bad","msg":""}
2021-08-04 00:26:33 查询号码 【1997539】，GSD为【""】
2021-08-04 00:26:33 bad
2021-08-04 00:26:35 CHB 1997539?1628007993 第 1 次 等待 3 秒
2021-08-04 00:26:38 CHB 1997539?1628007993 第 1 次 获取到号码【1997539】GSD
2021-08-04 00:26:38 获取到号码【1997539】的GSD为【浙江-杭州】
2021-08-04 00:26:52 GSD insert 第 1 次 等待 3 秒
2021-08-04 00:26:55 {"status":"ok","gid":493583,"msg":"添加成功！"}
2021-08-04 00:26:55 下次操作: 2021-08-04 00:27:09

2021-08-04 00:27:09 开始第 29 次操作

2021-08-04 00:27:09 开始操作号码 【1997538】
2021-08-04 00:27:19 GSD getOne 第 1 次 等待 3 秒
2021-08-04 00:27:22 查询号码 【1997538】，返回信息 {"status":"bad","msg":""}
2021-08-04 00:27:22 查询号码 【1997538】，GSD为【""】
2021-08-04 00:27:22 bad
2021-08-04 00:27:26 CHB 1997538?1628008042 第 1 次 等待 3 秒
2021-08-04 00:27:29 CHB 1997538?1628008042 第 1 次 获取到号码【1997538】GSD
2021-08-04 00:27:29 获取到号码【1997538】的GSD为【浙江-杭州】
2021-08-04 00:27:40 GSD insert 第 1 次 等待 3 秒
2021-08-04 00:27:43 {"status":"ok","gid":493588,"msg":"添加成功！"}
2021-08-04 00:27:43 下次操作: 2021-08-04 00:28:06

2021-08-04 00:28:06 开始第 30 次操作

2021-08-04 00:28:06 开始操作号码 【1997537】
2021-08-04 00:28:17 GSD getOne 第 1 次 等待 3 秒
2021-08-04 00:28:20 查询号码 【1997537】，返回信息 {"status":"bad","msg":""}
2021-08-04 00:28:20 查询号码 【1997537】，GSD为【""】
2021-08-04 00:28:20 bad
2021-08-04 00:28:22 CHB 1997537?1628008100 第 1 次 等待 3 秒
2021-08-04 00:28:25 CHB 1997537?1628008100 第 1 次 获取到号码【1997537】GSD
2021-08-04 00:28:25 获取到号码【1997537】的GSD为【浙江-杭州】
2021-08-04 00:28:39 GSD insert 第 1 次 等待 3 秒
2021-08-04 00:28:42 {"status":"ok","gid":493595,"msg":"添加成功！"}
2021-08-04 00:28:42 下次操作: 2021-08-04 00:29:02

2021-08-04 00:29:02 开始第 31 次操作

2021-08-04 00:29:02 开始操作号码 【1997536】
2021-08-04 00:29:20 GSD getOne 第 1 次 等待 3 秒
2021-08-04 00:29:23 查询号码 【1997536】，返回信息 {"status":"bad","msg":""}
2021-08-04 00:29:23 查询号码 【1997536】，GSD为【""】
2021-08-04 00:29:23 bad
2021-08-04 00:29:25 CHB 1997536?1628008163 第 1 次 等待 3 秒
2021-08-04 00:29:28 CHB 1997536?1628008163 第 1 次 获取到号码【1997536】GSD
2021-08-04 00:29:28 获取到号码【1997536】的GSD为【浙江-舟山】
2021-08-04 00:29:44 GSD insert 第 1 次 等待 3 秒
2021-08-04 00:29:47 {"status":"ok","gid":493602,"msg":"添加成功！"}
2021-08-04 00:29:47 下次操作: 2021-08-04 00:30:08

2021-08-04 00:30:08 开始第 32 次操作

2021-08-04 00:30:08 开始操作号码 【1997535】
2021-08-04 00:31:17 GSD getOne 第 1 次 等待 3 秒
2021-08-04 00:31:20 查询号码 【1997535】，返回信息 {"status":"bad","msg":""}
2021-08-04 00:31:20 查询号码 【1997535】，GSD为【""】
2021-08-04 00:31:20 bad
2021-08-04 00:31:22 CHB 1997535?1628008280 第 1 次 等待 3 秒
2021-08-04 00:31:25 CHB 1997535?1628008280 第 1 次 获取到号码【1997535】GSD
2021-08-04 00:31:25 获取到号码【1997535】的GSD为【浙江-舟山】
2021-08-04 00:31:37 GSD insert 第 1 次 等待 3 秒
2021-08-04 00:31:40 {"status":"ok","gid":493613,"msg":"添加成功！"}
2021-08-04 00:31:40 下次操作: 2021-08-04 00:32:03

2021-08-04 00:32:03 开始第 33 次操作

2021-08-04 00:32:03 开始操作号码 【1997534】
2021-08-04 00:32:29 GSD getOne 第 1 次 等待 3 秒
2021-08-04 00:32:32 查询号码 【1997534】，返回信息 {"status":"bad","msg":""}
2021-08-04 00:32:32 查询号码 【1997534】，GSD为【""】
2021-08-04 00:32:32 bad
2021-08-04 00:32:33 CHB 1997534?1628008352 第 1 次 等待 3 秒
2021-08-04 00:32:36 CHB 1997534?1628008352 第 1 次 获取到号码【1997534】GSD
2021-08-04 00:32:36 获取到号码【1997534】的GSD为【浙江-宁波】
2021-08-04 00:32:50 GSD insert 第 1 次 等待 3 秒
2021-08-04 00:32:53 {"status":"ok","gid":493619,"msg":"添加成功！"}
2021-08-04 00:32:53 下次操作: 2021-08-04 00:33:09

2021-08-04 00:33:09 开始第 34 次操作

2021-08-04 00:33:09 开始操作号码 【1997533】
2021-08-04 00:33:20 GSD getOne 第 1 次 等待 3 秒
2021-08-04 00:33:23 查询号码 【1997533】，返回信息 {"status":"bad","msg":""}
2021-08-04 00:33:23 查询号码 【1997533】，GSD为【""】
2021-08-04 00:33:23 bad
2021-08-04 00:33:25 CHB 1997533?1628008403 第 1 次 等待 3 秒
2021-08-04 00:33:28 CHB 1997533?1628008403 第 1 次 获取到号码【1997533】GSD
2021-08-04 00:33:28 获取到号码【1997533】的GSD为【浙江-宁波】
2021-08-04 00:34:10 GSD insert 第 1 次 等待 3 秒
2021-08-04 00:34:13 {"status":"ok","gid":493627,"msg":"添加成功！"}
2021-08-04 00:34:13 下次操作: 2021-08-04 00:34:25

2021-08-04 00:34:25 开始第 35 次操作

2021-08-04 00:34:25 开始操作号码 【1997532】
2021-08-04 00:34:40 GSD getOne 第 1 次 等待 3 秒
2021-08-04 00:34:43 查询号码 【1997532】，返回信息 {"status":"bad","msg":""}
2021-08-04 00:34:43 查询号码 【1997532】，GSD为【""】
2021-08-04 00:34:43 bad
2021-08-04 00:34:44 CHB 1997532?1628008483 第 1 次 等待 3 秒
2021-08-04 00:34:47 CHB 1997532?1628008483 第 1 次 获取到号码【1997532】GSD
2021-08-04 00:34:47 获取到号码【1997532】的GSD为【浙江-宁波】
2021-08-04 00:35:16 GSD insert 第 1 次 等待 3 秒
2021-08-04 00:35:19 {"status":"ok","gid":493634,"msg":"添加成功！"}
2021-08-04 00:35:19 下次操作: 2021-08-04 00:35:43

2021-08-04 00:35:43 开始第 36 次操作

2021-08-04 00:35:43 开始操作号码 【1997531】
2021-08-04 00:36:15 GSD getOne 第 1 次 等待 3 秒
2021-08-04 00:36:18 查询号码 【1997531】，返回信息 {"status":"bad","msg":""}
2021-08-04 00:36:18 查询号码 【1997531】，GSD为【""】
2021-08-04 00:36:18 bad
2021-08-04 00:36:24 CHB 1997531?1628008578 第 1 次 等待 3 秒
2021-08-04 00:36:27 CHB 1997531?1628008578 第 1 次 获取到号码【1997531】GSD
2021-08-04 00:36:27 获取到号码【1997531】的GSD为【浙江-温州】
2021-08-04 00:37:10 GSD insert 第 1 次 等待 3 秒
2021-08-04 00:37:13 {"status":"ok","gid":493643,"msg":"添加成功！"}
2021-08-04 00:37:13 下次操作: 2021-08-04 00:37:33

2021-08-04 00:37:33 开始第 37 次操作

2021-08-04 00:37:33 开始操作号码 【1997530】
2021-08-04 00:38:05 GSD getOne 第 1 次 等待 3 秒
2021-08-04 00:38:08 查询号码 【1997530】，返回信息 {"status":"ok","msg":"温州-浙江","gid":"46704","time_insert":"2018-10-17 10:34","time_update":"2021-06-25 22:46"}
2021-08-04 00:38:08 查询号码 【1997530】，GSD为【"温州-浙江"】

2021-08-04 00:38:08 开始第 37 次操作

2021-08-04 00:38:08 开始操作号码 【1997529】
2021-08-04 00:38:32 GSD getOne 第 1 次 等待 3 秒
2021-08-04 00:38:35 查询号码 【1997529】，返回信息 {"status":"bad","msg":""}
2021-08-04 00:38:35 查询号码 【1997529】，GSD为【""】
2021-08-04 00:38:35 bad
2021-08-04 00:38:36 CHB 1997529?1628008715 第 1 次 等待 3 秒
2021-08-04 00:38:40 CHB 1997529?1628008715 第 1 次 获取到号码【1997529】GSD
2021-08-04 00:38:40 获取到号码【1997529】的GSD为【浙江-杭州】
2021-08-04 00:39:09 GSD insert 第 1 次 等待 3 秒
2021-08-04 00:39:12 {"status":"ok","gid":493654,"msg":"添加成功！"}
2021-08-04 00:39:12 下次操作: 2021-08-04 00:39:32

2021-08-04 00:39:32 开始第 38 次操作

2021-08-04 00:39:32 开始操作号码 【1997528】
2021-08-04 00:39:53 GSD getOne 第 1 次 等待 3 秒
2021-08-04 00:39:56 查询号码 【1997528】，返回信息 {"status":"bad","msg":""}
2021-08-04 00:39:56 查询号码 【1997528】，GSD为【""】
2021-08-04 00:39:56 bad
2021-08-04 00:40:02 CHB 1997528?1628008796 第 1 次 等待 3 秒
2021-08-04 00:40:05 CHB 1997528?1628008796 第 1 次 获取到号码【1997528】GSD
2021-08-04 00:40:05 获取到号码【1997528】的GSD为【浙江-衢州】
2021-08-04 00:40:20 GSD insert 第 1 次 等待 3 秒
2021-08-04 00:40:23 {"status":"ok","gid":493659,"msg":"添加成功！"}
2021-08-04 00:40:23 下次操作: 2021-08-04 00:40:37

2021-08-04 00:40:37 开始第 39 次操作

2021-08-04 00:40:37 开始操作号码 【1997527】
2021-08-04 00:40:47 GSD getOne 第 1 次 等待 3 秒
2021-08-04 00:40:50 查询号码 【1997527】，返回信息 {"status":"bad","msg":""}
2021-08-04 00:40:50 查询号码 【1997527】，GSD为【""】
2021-08-04 00:40:50 bad
2021-08-04 00:40:51 CHB 1997527?1628008850 第 1 次 等待 3 秒
2021-08-04 00:40:54 CHB 1997527?1628008850 第 1 次 获取到号码【1997527】GSD
2021-08-04 00:40:55 获取到号码【1997527】的GSD为【浙江-杭州】
2021-08-04 00:41:14 GSD insert 第 1 次 等待 3 秒
2021-08-04 00:41:17 {"status":"ok","gid":493662,"msg":"添加成功！"}
2021-08-04 00:41:17 下次操作: 2021-08-04 00:41:35

2021-08-04 00:41:35 开始第 40 次操作

2021-08-04 00:41:35 开始操作号码 【1997526】
2021-08-04 00:41:46 GSD getOne 第 1 次 等待 3 秒
2021-08-04 00:41:49 查询号码 【1997526】，返回信息 {"status":"bad","msg":""}
2021-08-04 00:41:49 查询号码 【1997526】，GSD为【""】
2021-08-04 00:41:49 bad
2021-08-04 00:41:51 CHB 1997526?1628008909 第 1 次 等待 3 秒
2021-08-04 00:41:54 CHB 1997526?1628008909 第 1 次 获取到号码【1997526】GSD
2021-08-04 00:41:54 获取到号码【1997526】的GSD为【浙江-杭州】
2021-08-04 00:42:09 GSD insert 第 1 次 等待 3 秒
2021-08-04 00:42:12 {"status":"ok","gid":493664,"msg":"添加成功！"}

