2024-08-22 00:25:32 开始第 457 次操作

2024-08-22 00:25:32 开始操作号码 【1390456】
2024-08-22 00:25:41 GSD getOne 第 1 次 等待 3 秒
2024-08-22 00:25:44 查询号码 【1390456】，返回信息 {"status":"ok","msg":"黑龙江-黑河","gid":"63602","time_insert":"2021-05-21 03:55"}
2024-08-22 00:25:44 查询号码 【1390456】，GSD为【"黑龙江-黑河"】

2024-08-22 00:25:45 开始第 458 次操作

2024-08-22 00:25:45 开始操作号码 【1390457】
2024-08-22 00:25:53 GSD getOne 第 1 次 等待 3 秒
2024-08-22 00:25:56 查询号码 【1390457】，返回信息 {"status":"ok","msg":"黑龙江-大兴安岭","gid":"63613","time_insert":"2021-05-21 04:11"}
2024-08-22 00:25:56 查询号码 【1390457】，GSD为【"黑龙江-大兴安岭"】

2024-08-22 00:25:57 开始第 459 次操作

2024-08-22 00:25:57 开始操作号码 【1390458】
2024-08-22 00:26:05 GSD getOne 第 1 次 等待 3 秒
2024-08-22 00:26:08 查询号码 【1390458】，返回信息 {"status":"ok","msg":"黑龙江-伊春","gid":"63631","time_insert":"2021-05-21 04:38"}
2024-08-22 00:26:08 查询号码 【1390458】，GSD为【"黑龙江-伊春"】

2024-08-22 00:26:09 开始第 460 次操作

2024-08-22 00:26:09 开始操作号码 【1390459】
2024-08-22 00:26:16 GSD getOne 第 1 次 等待 3 秒
2024-08-22 00:26:19 查询号码 【1390459】，返回信息 {"status":"ok","msg":"黑龙江-大庆","gid":"63649","time_insert":"2021-05-21 05:05"}
2024-08-22 00:26:19 查询号码 【1390459】，GSD为【"黑龙江-大庆"】

2024-08-22 00:43:29 开始第 461 次操作

2024-08-22 00:43:29 开始操作号码 【1390460】
2024-08-22 00:43:37 GSD getOne 第 1 次 等待 3 秒
2024-08-22 00:43:40 查询号码 【1390460】，返回信息 {"status":"ok","msg":"黑龙江-哈尔滨","gid":"63661","time_insert":"2021-05-21 05:21"}
2024-08-22 00:43:40 查询号码 【1390460】，GSD为【"黑龙江-哈尔滨"】

2024-08-22 00:43:41 开始第 462 次操作

2024-08-22 00:43:41 开始操作号码 【1390461】
2024-08-22 00:43:49 GSD getOne 第 1 次 等待 3 秒
2024-08-22 00:43:52 查询号码 【1390461】，返回信息 {"status":"ok","msg":"黑龙江-哈尔滨","gid":"63679","time_insert":"2021-05-21 05:51"}
2024-08-22 00:43:52 查询号码 【1390461】，GSD为【"黑龙江-哈尔滨"】

2024-08-22 00:43:53 开始第 463 次操作

2024-08-22 00:43:53 开始操作号码 【1390462】
2024-08-22 00:44:01 GSD getOne 第 1 次 等待 3 秒
2024-08-22 00:44:04 查询号码 【1390462】，返回信息 {"status":"ok","msg":"黑龙江-齐齐哈尔","gid":"63690","time_insert":"2021-05-21 06:06"}
2024-08-22 00:44:04 查询号码 【1390462】，GSD为【"黑龙江-齐齐哈尔"】

2024-08-22 00:44:05 开始第 464 次操作

2024-08-22 00:44:05 开始操作号码 【1390463】
2024-08-22 00:44:13 GSD getOne 第 1 次 等待 3 秒
2024-08-22 00:44:16 查询号码 【1390463】，返回信息 {"status":"ok","msg":"黑龙江-哈尔滨","gid":"63708","time_insert":"2021-05-21 06:33"}
2024-08-22 00:44:16 查询号码 【1390463】，GSD为【"黑龙江-哈尔滨"】

