2024-01-02 00:20:23 开始第 6417 次操作

2024-01-02 00:20:23 开始操作号码 【1836336】
2024-01-02 00:20:26 GSD getOne 第 1 次 等待 3 秒
2024-01-02 00:20:29 查询号码 【1836336】，返回信息 {"status":"ok","msg":"山东-日照","gid":"336905","time_insert":"2021-07-20 13:25"}
2024-01-02 00:20:29 查询号码 【1836336】，GSD为【"山东-日照"】

2024-01-02 00:20:30 开始第 6418 次操作

2024-01-02 00:20:30 开始操作号码 【1836337】
2024-01-02 00:20:33 GSD getOne 第 1 次 等待 3 秒
2024-01-02 00:20:36 查询号码 【1836337】，返回信息 {"status":"ok","msg":"山东-日照","gid":"336913","time_insert":"2021-07-20 13:27"}
2024-01-02 00:20:36 查询号码 【1836337】，GSD为【"山东-日照"】

2024-01-02 00:20:37 开始第 6419 次操作

2024-01-02 00:20:37 开始操作号码 【1836338】
2024-01-02 00:20:41 GSD getOne 第 1 次 等待 3 秒
2024-01-02 00:20:44 查询号码 【1836338】，返回信息 {"status":"ok","msg":"山东-日照","gid":"336916","time_insert":"2021-07-20 13:28"}
2024-01-02 00:20:44 查询号码 【1836338】，GSD为【"山东-日照"】

2024-01-02 00:20:45 开始第 6420 次操作

2024-01-02 00:20:45 开始操作号码 【1836339】
2024-01-02 00:20:48 GSD getOne 第 1 次 等待 3 秒
2024-01-02 00:20:51 查询号码 【1836339】，返回信息 {"status":"ok","msg":"山东-日照","gid":"336917","time_insert":"2021-07-20 13:28"}
2024-01-02 00:20:51 查询号码 【1836339】，GSD为【"山东-日照"】

2024-01-02 00:39:19 开始第 6421 次操作

2024-01-02 00:39:19 开始操作号码 【1836340】
2024-01-02 00:39:22 GSD getOne 第 1 次 等待 3 秒
2024-01-02 00:39:25 查询号码 【1836340】，返回信息 {"status":"ok","msg":"山东-莱芜","gid":"336921","time_insert":"2021-07-20 13:29"}
2024-01-02 00:39:25 查询号码 【1836340】，GSD为【"山东-莱芜"】

2024-01-02 00:39:26 开始第 6422 次操作

2024-01-02 00:39:26 开始操作号码 【1836341】
2024-01-02 00:39:29 GSD getOne 第 1 次 等待 3 秒
2024-01-02 00:39:32 查询号码 【1836341】，返回信息 {"status":"ok","msg":"山东-莱芜","gid":"336950","time_insert":"2021-07-20 13:36"}
2024-01-02 00:39:33 查询号码 【1836341】，GSD为【"山东-莱芜"】

2024-01-02 00:39:34 开始第 6423 次操作

2024-01-02 00:39:34 开始操作号码 【1836342】
2024-01-02 00:39:37 GSD getOne 第 1 次 等待 3 秒
2024-01-02 00:39:40 查询号码 【1836342】，返回信息 {"status":"ok","msg":"山东-莱芜","gid":"336959","time_insert":"2021-07-20 13:37"}
2024-01-02 00:39:40 查询号码 【1836342】，GSD为【"山东-莱芜"】

2024-01-02 00:39:41 开始第 6424 次操作

2024-01-02 00:39:41 开始操作号码 【1836343】
2024-01-02 00:39:45 GSD getOne 第 1 次 等待 3 秒
2024-01-02 00:39:48 查询号码 【1836343】，返回信息 {"status":"ok","msg":"山东-莱芜","gid":"336985","time_insert":"2021-07-20 13:39"}
2024-01-02 00:39:48 查询号码 【1836343】，GSD为【"山东-莱芜"】

