2023-12-23 00:20:48 开始第 4621 次操作

2023-12-23 00:20:48 开始操作号码 【1834540】
2023-12-23 00:20:56 GSD getOne 第 1 次 等待 3 秒
2023-12-23 00:20:59 查询号码 【1834540】，返回信息 {"status":"ok","msg":"黑龙江-大庆","gid":"318324","time_insert":"2021-07-18 19:48"}
2023-12-23 00:20:59 查询号码 【1834540】，GSD为【"黑龙江-大庆"】

2023-12-23 00:21:00 开始第 4622 次操作

2023-12-23 00:21:00 开始操作号码 【1834541】
2023-12-23 00:21:04 GSD getOne 第 1 次 等待 3 秒
2023-12-23 00:21:08 查询号码 【1834541】，返回信息 {"status":"ok","msg":"黑龙江-大庆","gid":"37786","time_insert":"2020-08-05 10:49","time_update":"2020-08-23 02:38"}
2023-12-23 00:21:08 查询号码 【1834541】，GSD为【"黑龙江-大庆"】

2023-12-23 00:21:09 开始第 4623 次操作

2023-12-23 00:21:09 开始操作号码 【1834542】
2023-12-23 00:21:13 GSD getOne 第 1 次 等待 3 秒
2023-12-23 00:21:16 查询号码 【1834542】，返回信息 {"status":"ok","msg":"黑龙江-大庆","gid":"37787","time_insert":"2015-01-28 09:20","time_update":"2021-01-21 23:21"}
2023-12-23 00:21:16 查询号码 【1834542】，GSD为【"黑龙江-大庆"】

2023-12-23 00:21:17 开始第 4624 次操作

2023-12-23 00:21:17 开始操作号码 【1834543】
2023-12-23 00:21:22 GSD getOne 第 1 次 等待 3 秒
2023-12-23 00:21:25 查询号码 【1834543】，返回信息 {"status":"ok","msg":"黑龙江-大庆","gid":"318333","time_insert":"2021-07-18 19:48"}
2023-12-23 00:21:25 查询号码 【1834543】，GSD为【"黑龙江-大庆"】

2023-12-23 00:39:54 开始第 4625 次操作

2023-12-23 00:39:54 开始操作号码 【1834544】
2023-12-23 00:40:25 GSD getOne 第 1 次 等待 3 秒
2023-12-23 00:40:28 查询号码 【1834544】，返回信息 {"status":"ok","msg":"黑龙江-大庆","gid":"318343","time_insert":"2021-07-18 19:49"}
2023-12-23 00:40:28 查询号码 【1834544】，GSD为【"黑龙江-大庆"】

2023-12-23 00:40:29 开始第 4626 次操作

2023-12-23 00:40:29 开始操作号码 【1834545】
2023-12-23 00:40:34 GSD getOne 第 1 次 等待 3 秒
2023-12-23 00:40:37 查询号码 【1834545】，返回信息 {"status":"ok","msg":"黑龙江-佳木斯","gid":"318352","time_insert":"2021-07-18 19:50"}
2023-12-23 00:40:37 查询号码 【1834545】，GSD为【"黑龙江-佳木斯"】

2023-12-23 00:40:38 开始第 4627 次操作

2023-12-23 00:40:38 开始操作号码 【1834546】
2023-12-23 00:40:42 GSD getOne 第 1 次 等待 3 秒
2023-12-23 00:40:45 查询号码 【1834546】，返回信息 {"status":"ok","msg":"黑龙江-佳木斯","gid":"318359","time_insert":"2021-07-18 19:50"}
2023-12-23 00:40:45 查询号码 【1834546】，GSD为【"黑龙江-佳木斯"】

2023-12-23 00:40:46 开始第 4628 次操作

2023-12-23 00:40:46 开始操作号码 【1834547】
2023-12-23 00:40:51 GSD getOne 第 1 次 等待 3 秒
2023-12-23 00:40:54 查询号码 【1834547】，返回信息 {"status":"ok","msg":"黑龙江-佳木斯","gid":"318371","time_insert":"2021-07-18 19:51"}
2023-12-23 00:40:54 查询号码 【1834547】，GSD为【"黑龙江-佳木斯"】

2023-12-23 01:13:58 开始第 4629 次操作

2023-12-23 01:13:58 开始操作号码 【1834548】
2023-12-23 01:14:03 GSD getOne 第 1 次 等待 3 秒
2023-12-23 01:14:06 查询号码 【1834548】，返回信息 {"status":"ok","msg":"黑龙江-哈尔滨","gid":"318382","time_insert":"2021-07-18 19:52"}
2023-12-23 01:14:06 查询号码 【1834548】，GSD为【"黑龙江-哈尔滨"】

2023-12-23 01:14:07 开始第 4630 次操作

2023-12-23 01:14:07 开始操作号码 【1834549】
2023-12-23 01:14:10 GSD getOne 第 1 次 等待 3 秒
2023-12-23 01:14:13 查询号码 【1834549】，返回信息 {"status":"ok","msg":"黑龙江-哈尔滨","gid":"318390","time_insert":"2021-07-18 19:52"}
2023-12-23 01:14:13 查询号码 【1834549】，GSD为【"黑龙江-哈尔滨"】

2023-12-23 01:14:14 开始第 4631 次操作

2023-12-23 01:14:14 开始操作号码 【1834550】
2023-12-23 01:14:18 GSD getOne 第 1 次 等待 3 秒
2023-12-23 01:14:21 查询号码 【1834550】，返回信息 {"status":"ok","msg":"黑龙江-大庆","gid":"318403","time_insert":"2021-07-18 19:53"}
2023-12-23 01:14:21 查询号码 【1834550】，GSD为【"黑龙江-大庆"】

2023-12-23 01:14:22 开始第 4632 次操作

2023-12-23 01:14:22 开始操作号码 【1834551】
2023-12-23 01:14:26 GSD getOne 第 1 次 等待 3 秒
2023-12-23 01:14:29 查询号码 【1834551】，返回信息 {"status":"ok","msg":"黑龙江-大庆","gid":"318416","time_insert":"2021-07-18 19:54"}
2023-12-23 01:14:29 查询号码 【1834551】，GSD为【"黑龙江-大庆"】

