2023-10-01 00:18:25 开始第 821 次操作

2023-10-01 00:18:25 开始操作号码 【1930820】
2023-10-01 00:18:30 GSD getOne 第 1 次 等待 3 秒
2023-10-01 00:18:33 查询号码 【1930820】，返回信息 {"status":"ok","msg":"四川-成都","gid":"485878","time_insert":"2021-08-03 02:56"}
2023-10-01 00:18:34 查询号码 【1930820】，GSD为【"四川-成都"】

2023-10-01 00:18:35 开始第 822 次操作

2023-10-01 00:18:35 开始操作号码 【1930821】
2023-10-01 00:18:37 GSD getOne 第 1 次 等待 3 秒
2023-10-01 00:18:40 查询号码 【1930821】，返回信息 {"status":"ok","msg":"四川-成都","gid":"486067","time_insert":"2021-08-03 03:10"}
2023-10-01 00:18:40 查询号码 【1930821】，GSD为【"四川-成都"】

2023-10-01 00:18:41 开始第 823 次操作

2023-10-01 00:18:41 开始操作号码 【1930822】
2023-10-01 00:18:46 GSD getOne 第 1 次 等待 3 秒
2023-10-01 00:18:49 查询号码 【1930822】，返回信息 {"status":"ok","msg":"四川-资阳","gid":"486178","time_insert":"2021-08-03 03:23"}
2023-10-01 00:18:49 查询号码 【1930822】，GSD为【"四川-资阳"】

2023-10-01 00:18:50 开始第 824 次操作

2023-10-01 00:18:50 开始操作号码 【1930823】
2023-10-01 00:18:52 GSD getOne 第 1 次 等待 3 秒
2023-10-01 00:18:55 查询号码 【1930823】，返回信息 {"status":"ok","msg":"四川-眉山","gid":"486226","time_insert":"2021-08-03 03:36"}
2023-10-01 00:18:55 查询号码 【1930823】，GSD为【"四川-眉山"】

