2024-12-10 00:09:47 开始第 9409 次操作

2024-12-10 00:09:47 开始操作号码 【1319408】
2024-12-10 00:09:48 GSD getOne 第 1 次 等待 3 秒
2024-12-10 00:09:51 查询号码 【1319408】，返回信息 {"status":"ok","msg":"福建-厦门","gid":"203609","time_insert":"2021-07-06 05:48"}
2024-12-10 00:09:51 查询号码 【1319408】，GSD为【"福建-厦门"】

2024-12-10 00:09:52 开始第 9410 次操作

2024-12-10 00:09:52 开始操作号码 【1319409】
2024-12-10 00:09:54 GSD getOne 第 1 次 等待 3 秒
2024-12-10 00:09:57 查询号码 【1319409】，返回信息 {"status":"ok","msg":"福建-厦门","gid":"203594","time_insert":"2021-07-06 05:47"}
2024-12-10 00:09:57 查询号码 【1319409】，GSD为【"福建-厦门"】

2024-12-10 00:09:58 开始第 9411 次操作

2024-12-10 00:09:58 开始操作号码 【1319410】
2024-12-10 00:09:59 GSD getOne 第 1 次 等待 3 秒
2024-12-10 00:10:02 查询号码 【1319410】，返回信息 {"status":"ok","msg":"辽宁-铁岭","gid":"203583","time_insert":"2021-07-06 05:47"}
2024-12-10 00:10:02 查询号码 【1319410】，GSD为【"辽宁-铁岭"】

2024-12-10 00:10:03 开始第 9412 次操作

2024-12-10 00:10:03 开始操作号码 【1319411】
2024-12-10 00:10:04 GSD getOne 第 1 次 等待 3 秒
2024-12-10 00:10:07 查询号码 【1319411】，返回信息 {"status":"ok","msg":"辽宁-大连","gid":"203570","time_insert":"2021-07-06 05:46"}
2024-12-10 00:10:07 查询号码 【1319411】，GSD为【"辽宁-大连"】

