2024-10-10 00:26:12 开始第 8797 次操作

2024-10-10 00:26:12 开始操作号码 【1398796】
2024-10-10 00:26:14 GSD getOne 第 1 次 等待 3 秒
2024-10-10 00:26:17 查询号码 【1398796】，返回信息 {"status":"ok","msg":"云南-普洱","gid":"14162","time_insert":"2017-01-08 07:16","time_update":"2020-11-27 20:39"}
2024-10-10 00:26:17 查询号码 【1398796】，GSD为【"云南-普洱"】

2024-10-10 00:26:18 开始第 8798 次操作

2024-10-10 00:26:18 开始操作号码 【1398797】
2024-10-10 00:26:21 GSD getOne 第 1 次 等待 3 秒
2024-10-10 00:26:24 查询号码 【1398797】，返回信息 {"status":"ok","msg":"云南-普洱","gid":"347808","time_insert":"2021-07-21 17:41","time_update":"2021-07-25 13:15"}
2024-10-10 00:26:24 查询号码 【1398797】，GSD为【"云南-普洱"】

2024-10-10 00:26:25 开始第 8799 次操作

2024-10-10 00:26:25 开始操作号码 【1398798】
2024-10-10 00:26:27 GSD getOne 第 1 次 等待 3 秒
2024-10-10 00:26:30 查询号码 【1398798】，返回信息 {"status":"ok","msg":"云南-普洱","gid":"14163","time_insert":"2017-07-25 15:36","time_update":"2020-11-27 20:39"}
2024-10-10 00:26:30 查询号码 【1398798】，GSD为【"云南-普洱"】

2024-10-10 00:26:31 开始第 8800 次操作

2024-10-10 00:26:31 开始操作号码 【1398799】
2024-10-10 00:26:33 GSD getOne 第 1 次 等待 3 秒
2024-10-10 00:26:36 查询号码 【1398799】，返回信息 {"status":"ok","msg":"云南-普洱","gid":"14164","time_insert":"2017-08-16 20:02","time_update":"2020-11-27 20:43"}
2024-10-10 00:26:36 查询号码 【1398799】，GSD为【"云南-普洱"】

2024-10-10 00:45:26 开始第 8801 次操作

2024-10-10 00:45:26 开始操作号码 【1398800】
2024-10-10 00:45:28 GSD getOne 第 1 次 等待 3 秒
2024-10-10 00:45:31 查询号码 【1398800】，返回信息 {"status":"ok","msg":"云南-红河","gid":"14165","time_insert":"2017-10-18 14:37","time_update":"2020-11-27 20:47"}
2024-10-10 00:45:32 查询号码 【1398800】，GSD为【"云南-红河"】

2024-10-10 00:45:33 开始第 8802 次操作

2024-10-10 00:45:33 开始操作号码 【1398801】
2024-10-10 00:45:34 GSD getOne 第 1 次 等待 3 秒
2024-10-10 00:45:37 查询号码 【1398801】，返回信息 {"status":"ok","msg":"云南-红河","gid":"14166","time_insert":"2015-09-04 22:56","time_update":"2020-11-27 20:52"}
2024-10-10 00:45:37 查询号码 【1398801】，GSD为【"云南-红河"】

2024-10-10 00:45:38 开始第 8803 次操作

2024-10-10 00:45:38 开始操作号码 【1398802】
2024-10-10 00:45:40 GSD getOne 第 1 次 等待 3 秒
2024-10-10 00:45:43 查询号码 【1398802】，返回信息 {"status":"ok","msg":"云南-红河","gid":"14167","time_insert":"2017-08-06 02:36","time_update":"2020-11-27 20:57"}
2024-10-10 00:45:43 查询号码 【1398802】，GSD为【"云南-红河"】

2024-10-10 00:45:44 开始第 8804 次操作

2024-10-10 00:45:44 开始操作号码 【1398803】
2024-10-10 00:45:46 GSD getOne 第 1 次 等待 3 秒
2024-10-10 00:45:49 查询号码 【1398803】，返回信息 {"status":"ok","msg":"云南-红河","gid":"14168","time_insert":"2017-10-30 21:52","time_update":"2020-11-27 21:01"}
2024-10-10 00:45:49 查询号码 【1398803】，GSD为【"云南-红河"】

