2021-08-03 00:00:18 开始第 8 次操作

2021-08-03 00:00:18 开始操作号码 【1998532】
2021-08-03 00:00:26 GSD getOne 第 1 次 等待 3 秒
2021-08-03 00:00:29 查询号码 【1998532】，返回信息 {"status":"bad","msg":""}
2021-08-03 00:00:29 查询号码 【1998532】，GSD为【""】
2021-08-03 00:00:29 bad
2021-08-03 00:00:31 CHB 1998532?1627920029 第 1 次 等待 3 秒
2021-08-03 00:00:34 CHB 1998532?1627920029 第 1 次 获取到号码【1998532】GSD
2021-08-03 00:00:34 获取到号码【1998532】的GSD为【贵州-遵义】
2021-08-03 00:00:44 GSD insert 第 1 次 等待 3 秒
2021-08-03 00:00:47 {"status":"ok","gid":484600,"msg":"添加成功！"}
2021-08-03 00:00:47 下次操作: 2021-08-03 00:01:00

2021-08-03 00:01:00 开始第 9 次操作

2021-08-03 00:01:00 开始操作号码 【1998531】
2021-08-03 00:01:04 GSD getOne 第 1 次 等待 3 秒
2021-08-03 00:01:07 查询号码 【1998531】，返回信息 {"status":"bad","msg":""}
2021-08-03 00:01:07 查询号码 【1998531】，GSD为【""】
2021-08-03 00:01:07 bad
2021-08-03 00:01:09 CHB 1998531?1627920067 第 1 次 等待 3 秒
2021-08-03 00:01:12 CHB 1998531?1627920067 第 1 次 获取到号码【1998531】GSD
2021-08-03 00:01:12 获取到号码【1998531】的GSD为【贵州-贵阳】
2021-08-03 00:01:17 GSD insert 第 1 次 等待 3 秒
2021-08-03 00:01:20 {"status":"ok","gid":484608,"msg":"添加成功！"}
2021-08-03 00:01:20 下次操作: 2021-08-03 00:01:42

2021-08-03 00:01:42 开始第 10 次操作

2021-08-03 00:01:42 开始操作号码 【1998530】
2021-08-03 00:01:46 GSD getOne 第 1 次 等待 3 秒
2021-08-03 00:01:49 查询号码 【1998530】，返回信息 {"status":"bad","msg":""}
2021-08-03 00:01:49 查询号码 【1998530】，GSD为【""】
2021-08-03 00:01:49 bad
2021-08-03 00:01:50 CHB 1998530?1627920109 第 1 次 等待 3 秒
2021-08-03 00:01:53 CHB 1998530?1627920109 第 1 次 获取到号码【1998530】GSD
2021-08-03 00:01:53 获取到号码【1998530】的GSD为【贵州-贵阳】
2021-08-03 00:01:57 GSD insert 第 1 次 等待 3 秒
2021-08-03 00:02:00 {"status":"ok","gid":484611,"msg":"添加成功！"}
2021-08-03 00:02:00 下次操作: 2021-08-03 00:02:13

2021-08-03 00:02:13 开始第 11 次操作

2021-08-03 00:02:13 开始操作号码 【1998529】
2021-08-03 00:02:56 GSD getOne 第 1 次 等待 3 秒
2021-08-03 00:02:59 查询号码 【1998529】，返回信息 {"status":"bad","msg":""}
2021-08-03 00:02:59 查询号码 【1998529】，GSD为【""】
2021-08-03 00:02:59 bad
2021-08-03 00:03:00 CHB 1998529?1627920179 第 1 次 等待 3 秒
2021-08-03 00:03:03 CHB 1998529?1627920179 第 1 次 获取到号码【1998529】GSD
2021-08-03 00:03:03 获取到号码【1998529】的GSD为【贵州-遵义】
2021-08-03 00:03:08 GSD insert 第 1 次 等待 3 秒
2021-08-03 00:03:11 {"status":"ok","gid":484621,"msg":"添加成功！"}
2021-08-03 00:03:11 下次操作: 2021-08-03 00:03:34

2021-08-03 00:03:34 开始第 12 次操作

2021-08-03 00:03:34 开始操作号码 【1998528】
2021-08-03 00:03:39 GSD getOne 第 1 次 等待 3 秒
2021-08-03 00:03:42 查询号码 【1998528】，返回信息 {"status":"bad","msg":""}
2021-08-03 00:03:42 查询号码 【1998528】，GSD为【""】
2021-08-03 00:03:42 bad
2021-08-03 00:03:43 CHB 1998528?1627920222 第 1 次 等待 3 秒
2021-08-03 00:03:46 CHB 1998528?1627920222 第 1 次 获取到号码【1998528】GSD
2021-08-03 00:03:46 获取到号码【1998528】的GSD为【贵州-六盘水】
2021-08-03 00:03:54 GSD insert 第 1 次 等待 3 秒
2021-08-03 00:03:57 {"status":"ok","gid":484631,"msg":"添加成功！"}
2021-08-03 00:03:57 下次操作: 2021-08-03 00:04:20

2021-08-03 00:04:20 开始第 13 次操作

2021-08-03 00:04:20 开始操作号码 【1998527】
2021-08-03 00:06:26 GSD getOne 第 1 次 等待 3 秒
2021-08-03 00:06:29 查询号码 【1998527】，返回信息 {"status":"bad","msg":""}
2021-08-03 00:06:29 查询号码 【1998527】，GSD为【""】
2021-08-03 00:06:29 bad
2021-08-03 00:06:30 CHB 1998527?1627920389 第 1 次 等待 3 秒
2021-08-03 00:06:33 CHB 1998527?1627920389 第 1 次 获取到号码【1998527】GSD
2021-08-03 00:06:34 获取到号码【1998527】的GSD为【贵州-黔南】
2021-08-03 00:06:46 GSD insert 第 1 次 等待 3 秒
2021-08-03 00:06:49 {"status":"ok","gid":484663,"msg":"添加成功！"}
2021-08-03 00:06:49 下次操作: 2021-08-03 00:07:02

2021-08-03 00:07:02 开始第 14 次操作

2021-08-03 00:07:02 开始操作号码 【1998526】
2021-08-03 00:08:18 GSD getOne 第 1 次 等待 3 秒
2021-08-03 00:08:21 查询号码 【1998526】，返回信息 {"status":"bad","msg":""}
2021-08-03 00:08:21 查询号码 【1998526】，GSD为【""】
2021-08-03 00:08:21 bad
2021-08-03 00:08:22 CHB 1998526?1627920501 第 1 次 等待 3 秒
2021-08-03 00:08:25 CHB 1998526?1627920501 第 1 次 获取到号码【1998526】GSD
2021-08-03 00:08:26 获取到号码【1998526】的GSD为【贵州-贵阳】
2021-08-03 00:08:44 GSD insert 第 1 次 等待 3 秒
2021-08-03 00:08:47 {"status":"ok","gid":484678,"msg":"添加成功！"}
2021-08-03 00:08:47 下次操作: 2021-08-03 00:09:00

2021-08-03 00:09:00 开始第 15 次操作

2021-08-03 00:09:00 开始操作号码 【1998525】
2021-08-03 00:09:03 GSD getOne 第 1 次 等待 3 秒
2021-08-03 00:09:06 查询号码 【1998525】，返回信息 {"status":"bad","msg":""}
2021-08-03 00:09:06 查询号码 【1998525】，GSD为【""】
2021-08-03 00:09:06 bad
2021-08-03 00:09:08 CHB 1998525?1627920546 第 1 次 等待 3 秒
2021-08-03 00:09:11 CHB 1998525?1627920546 第 1 次 获取到号码【1998525】GSD
2021-08-03 00:09:11 未获取到号码【1998525】GSD，查号吧 400 错误
2021-08-03 00:09:11 获取到号码【1998525】的GSD为【-】
2021-08-03 00:09:36 GSD insert 第 1 次 等待 3 秒
2021-08-03 00:09:39 {"status":"ok","gid":484686,"msg":"添加成功！"}
2021-08-03 00:09:39 下次操作: 2021-08-03 00:09:54

2021-08-03 00:09:54 开始第 16 次操作

2021-08-03 00:09:54 开始操作号码 【1998524】
2021-08-03 00:09:58 GSD getOne 第 1 次 等待 3 秒
2021-08-03 00:10:01 查询号码 【1998524】，返回信息 {"status":"bad","msg":""}
2021-08-03 00:10:01 查询号码 【1998524】，GSD为【""】
2021-08-03 00:10:01 bad
2021-08-03 00:10:03 CHB 1998524?1627920601 第 1 次 等待 3 秒
2021-08-03 00:10:06 CHB 1998524?1627920601 第 1 次 获取到号码【1998524】GSD
2021-08-03 00:10:06 获取到号码【1998524】的GSD为【贵州-遵义】
2021-08-03 00:10:14 GSD insert 第 1 次 等待 3 秒
2021-08-03 00:10:17 {"status":"ok","gid":484694,"msg":"添加成功！"}
2021-08-03 00:10:17 下次操作: 2021-08-03 00:10:34

2021-08-03 00:10:34 开始第 17 次操作

2021-08-03 00:10:34 开始操作号码 【1998523】
2021-08-03 00:10:44 GSD getOne 第 1 次 等待 3 秒
2021-08-03 00:10:47 查询号码 【1998523】，返回信息 {"status":"bad","msg":""}
2021-08-03 00:10:47 查询号码 【1998523】，GSD为【""】
2021-08-03 00:10:47 bad
2021-08-03 00:10:53 CHB 1998523?1627920647 第 1 次 等待 3 秒
2021-08-03 00:10:56 CHB 1998523?1627920647 第 1 次 获取到号码【1998523】GSD
2021-08-03 00:10:56 获取到号码【1998523】的GSD为【贵州-遵义】
2021-08-03 00:11:04 GSD insert 第 1 次 等待 3 秒
2021-08-03 00:11:07 {"status":"ok","gid":484706,"msg":"添加成功！"}
2021-08-03 00:11:07 下次操作: 2021-08-03 00:11:31

2021-08-03 00:11:31 开始第 18 次操作

2021-08-03 00:11:31 开始操作号码 【1998522】
2021-08-03 00:11:43 GSD getOne 第 1 次 等待 3 秒
2021-08-03 00:11:46 查询号码 【1998522】，返回信息 {"status":"bad","msg":""}
2021-08-03 00:11:46 查询号码 【1998522】，GSD为【""】
2021-08-03 00:11:46 bad
2021-08-03 00:11:48 CHB 1998522?1627920706 第 1 次 等待 3 秒
2021-08-03 00:11:51 CHB 1998522?1627920706 第 1 次 获取到号码【1998522】GSD
2021-08-03 00:11:51 获取到号码【1998522】的GSD为【贵州-遵义】
2021-08-03 00:11:58 GSD insert 第 1 次 等待 3 秒
2021-08-03 00:12:01 {"status":"ok","gid":484713,"msg":"添加成功！"}
2021-08-03 00:12:01 下次操作: 2021-08-03 00:12:24

2021-08-03 00:12:24 开始第 19 次操作

2021-08-03 00:12:24 开始操作号码 【1998521】
2021-08-03 00:12:30 GSD getOne 第 1 次 等待 3 秒
2021-08-03 00:12:33 查询号码 【1998521】，返回信息 {"status":"bad","msg":""}
2021-08-03 00:12:33 查询号码 【1998521】，GSD为【""】
2021-08-03 00:12:33 bad
2021-08-03 00:12:35 CHB 1998521?1627920753 第 1 次 等待 3 秒
2021-08-03 00:12:38 CHB 1998521?1627920753 第 1 次 获取到号码【1998521】GSD
2021-08-03 00:12:38 获取到号码【1998521】的GSD为【贵州-贵阳】
2021-08-03 00:12:42 GSD insert 第 1 次 等待 3 秒
2021-08-03 00:12:45 {"status":"ok","gid":484719,"msg":"添加成功！"}
2021-08-03 00:12:45 下次操作: 2021-08-03 00:13:03

2021-08-03 00:13:03 开始第 20 次操作

2021-08-03 00:13:03 开始操作号码 【1998520】
2021-08-03 00:13:20 GSD getOne 第 1 次 等待 3 秒
2021-08-03 00:13:23 查询号码 【1998520】，返回信息 {"status":"bad","msg":""}
2021-08-03 00:13:23 查询号码 【1998520】，GSD为【""】
2021-08-03 00:13:23 bad
2021-08-03 00:13:25 CHB 1998520?1627920803 第 1 次 等待 3 秒
2021-08-03 00:13:28 CHB 1998520?1627920803 第 1 次 获取到号码【1998520】GSD
2021-08-03 00:13:28 获取到号码【1998520】的GSD为【贵州-遵义】
2021-08-03 00:13:40 GSD insert 第 1 次 等待 3 秒
2021-08-03 00:13:43 {"status":"ok","gid":484731,"msg":"添加成功！"}
2021-08-03 00:13:43 下次操作: 2021-08-03 00:13:59

2021-08-03 00:13:59 开始第 21 次操作

2021-08-03 00:13:59 开始操作号码 【1998519】
2021-08-03 00:14:03 GSD getOne 第 1 次 等待 3 秒
2021-08-03 00:14:06 查询号码 【1998519】，返回信息 {"status":"bad","msg":""}
2021-08-03 00:14:06 查询号码 【1998519】，GSD为【""】
2021-08-03 00:14:06 bad
2021-08-03 00:14:08 CHB 1998519?1627920846 第 1 次 等待 3 秒
2021-08-03 00:14:11 CHB 1998519?1627920846 第 1 次 获取到号码【1998519】GSD
2021-08-03 00:14:11 获取到号码【1998519】的GSD为【贵州-黔西南】
2021-08-03 00:14:14 GSD insert 第 1 次 等待 3 秒
2021-08-03 00:14:17 {"status":"ok","gid":484738,"msg":"添加成功！"}
2021-08-03 00:14:17 下次操作: 2021-08-03 00:14:38

2021-08-03 00:14:38 开始第 22 次操作

2021-08-03 00:14:38 开始操作号码 【1998518】
2021-08-03 00:15:08 GSD getOne 第 1 次 等待 3 秒
2021-08-03 00:15:11 查询号码 【1998518】，返回信息 {"status":"bad","msg":""}
2021-08-03 00:15:11 查询号码 【1998518】，GSD为【""】
2021-08-03 00:15:11 bad
2021-08-03 00:15:13 CHB 1998518?1627920911 第 1 次 等待 3 秒
2021-08-03 00:15:16 CHB 1998518?1627920911 第 1 次 获取到号码【1998518】GSD
2021-08-03 00:15:16 获取到号码【1998518】的GSD为【贵州-六盘水】
2021-08-03 00:15:28 GSD insert 第 1 次 等待 3 秒
2021-08-03 00:15:31 {"status":"ok","gid":484751,"msg":"添加成功！"}
2021-08-03 00:15:32 下次操作: 2021-08-03 00:15:55

2021-08-03 00:15:56 开始第 23 次操作

2021-08-03 00:15:56 开始操作号码 【1998517】
2021-08-03 00:16:04 GSD getOne 第 1 次 等待 3 秒
2021-08-03 00:16:07 查询号码 【1998517】，返回信息 {"status":"ok","msg":"贵州-毕节","gid":"50175","time_insert":"2021-04-21 15:30"}
2021-08-03 00:16:07 查询号码 【1998517】，GSD为【"贵州-毕节"】

2021-08-03 00:16:07 开始第 23 次操作

2021-08-03 00:16:07 开始操作号码 【1998516】
2021-08-03 00:16:11 GSD getOne 第 1 次 等待 3 秒
2021-08-03 00:16:14 查询号码 【1998516】，返回信息 {"status":"bad","msg":""}
2021-08-03 00:16:14 查询号码 【1998516】，GSD为【""】
2021-08-03 00:16:14 bad
2021-08-03 00:16:15 CHB 1998516?1627920974 第 1 次 等待 3 秒
2021-08-03 00:16:18 CHB 1998516?1627920974 第 1 次 获取到号码【1998516】GSD
2021-08-03 00:16:18 获取到号码【1998516】的GSD为【贵州-铜仁】
2021-08-03 00:16:23 GSD insert 第 1 次 等待 3 秒
2021-08-03 00:16:26 {"status":"ok","gid":484759,"msg":"添加成功！"}
2021-08-03 00:16:26 下次操作: 2021-08-03 00:16:45

2021-08-03 00:16:45 开始第 24 次操作

2021-08-03 00:16:45 开始操作号码 【1998515】
2021-08-03 00:16:49 GSD getOne 第 1 次 等待 3 秒
2021-08-03 00:16:52 查询号码 【1998515】，返回信息 {"status":"bad","msg":""}
2021-08-03 00:16:52 查询号码 【1998515】，GSD为【""】
2021-08-03 00:16:52 bad
2021-08-03 00:16:53 CHB 1998515?1627921012 第 1 次 等待 3 秒
2021-08-03 00:16:56 CHB 1998515?1627921012 第 1 次 获取到号码【1998515】GSD
2021-08-03 00:16:56 获取到号码【1998515】的GSD为【贵州-黔东南】
2021-08-03 00:17:26 GSD insert 第 1 次 等待 3 秒
2021-08-03 00:17:29 {"status":"ok","gid":484774,"msg":"添加成功！"}
2021-08-03 00:17:29 下次操作: 2021-08-03 00:17:51

2021-08-03 00:17:51 开始第 25 次操作

2021-08-03 00:17:51 开始操作号码 【1998514】
2021-08-03 00:18:01 GSD getOne 第 1 次 等待 3 秒
2021-08-03 00:18:04 查询号码 【1998514】，返回信息 {"status":"bad","msg":""}
2021-08-03 00:18:04 查询号码 【1998514】，GSD为【""】
2021-08-03 00:18:04 bad
2021-08-03 00:18:05 CHB 1998514?1627921084 第 1 次 等待 3 秒
2021-08-03 00:18:08 CHB 1998514?1627921084 第 1 次 获取到号码【1998514】GSD
2021-08-03 00:18:08 获取到号码【1998514】的GSD为【贵州-贵阳】
2021-08-03 00:18:12 GSD insert 第 1 次 等待 3 秒
2021-08-03 00:18:15 {"status":"ok","gid":484782,"msg":"添加成功！"}
2021-08-03 00:18:15 下次操作: 2021-08-03 00:18:35

2021-08-03 00:18:35 开始第 26 次操作

2021-08-03 00:18:35 开始操作号码 【1998513】
2021-08-03 00:18:45 GSD getOne 第 1 次 等待 3 秒
2021-08-03 00:18:48 查询号码 【1998513】，返回信息 {"status":"bad","msg":""}
2021-08-03 00:18:48 查询号码 【1998513】，GSD为【""】
2021-08-03 00:18:48 bad
2021-08-03 00:18:49 CHB 1998513?1627921128 第 1 次 等待 3 秒
2021-08-03 00:18:52 CHB 1998513?1627921128 第 1 次 获取到号码【1998513】GSD
2021-08-03 00:18:52 获取到号码【1998513】的GSD为【贵州-安顺】
2021-08-03 00:21:22 GSD insert 第 1 次 等待 3 秒
2021-08-03 00:21:25 {"status":"ok","gid":484805,"msg":"添加成功！"}
2021-08-03 00:21:25 下次操作: 2021-08-03 00:21:45

2021-08-03 00:21:45 开始第 27 次操作

2021-08-03 00:21:45 开始操作号码 【1998512】
2021-08-03 00:21:50 GSD getOne 第 1 次 等待 3 秒
2021-08-03 00:21:53 查询号码 【1998512】，返回信息 {"status":"bad","msg":""}
2021-08-03 00:21:53 查询号码 【1998512】，GSD为【""】
2021-08-03 00:21:53 bad
2021-08-03 00:21:55 CHB 1998512?1627921313 第 1 次 等待 3 秒
2021-08-03 00:21:58 CHB 1998512?1627921313 第 1 次 获取到号码【1998512】GSD
2021-08-03 00:21:58 获取到号码【1998512】的GSD为【贵州-遵义】
2021-08-03 00:22:03 GSD insert 第 1 次 等待 3 秒
2021-08-03 00:22:06 {"status":"ok","gid":484810,"msg":"添加成功！"}
2021-08-03 00:22:06 下次操作: 2021-08-03 00:22:19

2021-08-03 00:22:19 开始第 28 次操作

2021-08-03 00:22:19 开始操作号码 【1998511】
2021-08-03 00:22:36 GSD getOne 第 1 次 等待 3 秒
2021-08-03 00:22:39 查询号码 【1998511】，返回信息 {"status":"bad","msg":""}
2021-08-03 00:22:39 查询号码 【1998511】，GSD为【""】
2021-08-03 00:22:39 bad
2021-08-03 00:22:41 CHB 1998511?1627921359 第 1 次 等待 3 秒
2021-08-03 00:22:44 CHB 1998511?1627921359 第 1 次 获取到号码【1998511】GSD
2021-08-03 00:22:44 获取到号码【1998511】的GSD为【贵州-贵阳】
2021-08-03 00:23:55 GSD insert 第 1 次 等待 3 秒
2021-08-03 00:23:58 {"status":"ok","gid":484817,"msg":"添加成功！"}
2021-08-03 00:23:58 下次操作: 2021-08-03 00:24:20

2021-08-03 00:24:20 开始第 29 次操作

2021-08-03 00:24:20 开始操作号码 【1998510】
2021-08-03 00:24:31 GSD getOne 第 1 次 等待 3 秒
2021-08-03 00:24:34 查询号码 【1998510】，返回信息 {"status":"ok","msg":"贵州-贵阳","gid":"50144","time_insert":"2021-04-21 15:23"}
2021-08-03 00:24:34 查询号码 【1998510】，GSD为【"贵州-贵阳"】

2021-08-03 00:24:34 开始第 29 次操作

2021-08-03 00:24:34 开始操作号码 【1998509】
2021-08-03 00:24:38 GSD getOne 第 1 次 等待 3 秒
2021-08-03 00:24:41 查询号码 【1998509】，返回信息 {"status":"bad","msg":""}
2021-08-03 00:24:41 查询号码 【1998509】，GSD为【""】
2021-08-03 00:24:41 bad
2021-08-03 00:24:42 CHB 1998509?1627921481 第 1 次 等待 3 秒
2021-08-03 00:24:45 CHB 1998509?1627921481 第 1 次 获取到号码【1998509】GSD
2021-08-03 00:24:46 获取到号码【1998509】的GSD为【贵州-黔西南】
2021-08-03 00:24:49 GSD insert 第 1 次 等待 3 秒
2021-08-03 00:24:52 {"status":"ok","gid":484826,"msg":"添加成功！"}
2021-08-03 00:24:52 下次操作: 2021-08-03 00:25:12

2021-08-03 00:25:12 开始第 30 次操作

2021-08-03 00:25:12 开始操作号码 【1998508】
2021-08-03 00:25:17 GSD getOne 第 1 次 等待 3 秒
2021-08-03 00:25:20 查询号码 【1998508】，返回信息 {"status":"bad","msg":""}
2021-08-03 00:25:20 查询号码 【1998508】，GSD为【""】
2021-08-03 00:25:20 bad
2021-08-03 00:25:26 CHB 1998508?1627921520 第 1 次 等待 3 秒
2021-08-03 00:25:29 CHB 1998508?1627921520 第 1 次 获取到号码【1998508】GSD
2021-08-03 00:25:29 获取到号码【1998508】的GSD为【贵州-六盘水】
2021-08-03 00:25:34 GSD insert 第 1 次 等待 3 秒
2021-08-03 00:25:37 {"status":"ok","gid":484832,"msg":"添加成功！"}
2021-08-03 00:25:37 下次操作: 2021-08-03 00:26:01

2021-08-03 00:26:01 开始第 31 次操作

2021-08-03 00:26:01 开始操作号码 【1998507】
2021-08-03 00:26:12 GSD getOne 第 1 次 等待 3 秒
2021-08-03 00:26:15 查询号码 【1998507】，返回信息 {"status":"ok","msg":"贵州-毕节","gid":"50061","time_insert":"2021-04-21 15:04"}
2021-08-03 00:26:15 查询号码 【1998507】，GSD为【"贵州-毕节"】

2021-08-03 00:26:15 开始第 31 次操作

2021-08-03 00:26:15 开始操作号码 【1998506】
2021-08-03 00:26:42 GSD getOne 第 1 次 等待 3 秒
2021-08-03 00:26:45 查询号码 【1998506】，返回信息 {"status":"bad","msg":""}
2021-08-03 00:26:45 查询号码 【1998506】，GSD为【""】
2021-08-03 00:26:45 bad
2021-08-03 00:26:47 CHB 1998506?1627921605 第 1 次 等待 3 秒
2021-08-03 00:26:50 CHB 1998506?1627921605 第 1 次 获取到号码【1998506】GSD
2021-08-03 00:26:50 获取到号码【1998506】的GSD为【贵州-铜仁】
2021-08-03 00:27:00 GSD insert 第 1 次 等待 3 秒
2021-08-03 00:27:03 {"status":"ok","gid":484836,"msg":"添加成功！"}
2021-08-03 00:27:03 下次操作: 2021-08-03 00:27:24

2021-08-03 00:27:24 开始第 32 次操作

2021-08-03 00:27:24 开始操作号码 【1998505】
2021-08-03 00:27:28 GSD getOne 第 1 次 等待 3 秒
2021-08-03 00:27:31 查询号码 【1998505】，返回信息 {"status":"bad","msg":""}
2021-08-03 00:27:31 查询号码 【1998505】，GSD为【""】
2021-08-03 00:27:31 bad
2021-08-03 00:27:33 CHB 1998505?1627921651 第 1 次 等待 3 秒
2021-08-03 00:27:36 CHB 1998505?1627921651 第 1 次 获取到号码【1998505】GSD
2021-08-03 00:27:36 获取到号码【1998505】的GSD为【贵州-黔东南】
2021-08-03 00:27:41 GSD insert 第 1 次 等待 3 秒
2021-08-03 00:27:44 {"status":"ok","gid":484839,"msg":"添加成功！"}
2021-08-03 00:27:44 下次操作: 2021-08-03 00:28:05

2021-08-03 00:28:05 开始第 33 次操作

2021-08-03 00:28:05 开始操作号码 【1998504】
2021-08-03 00:28:08 GSD getOne 第 1 次 等待 3 秒
2021-08-03 00:28:11 查询号码 【1998504】，返回信息 {"status":"bad","msg":""}
2021-08-03 00:28:11 查询号码 【1998504】，GSD为【""】
2021-08-03 00:28:11 bad
2021-08-03 00:28:13 CHB 1998504?1627921691 第 1 次 等待 3 秒
2021-08-03 00:28:16 CHB 1998504?1627921691 第 1 次 获取到号码【1998504】GSD
2021-08-03 00:28:16 获取到号码【1998504】的GSD为【贵州-黔南】
2021-08-03 00:28:57 GSD insert 第 1 次 等待 3 秒
2021-08-03 00:29:00 {"status":"ok","gid":484840,"msg":"添加成功！"}
2021-08-03 00:29:00 下次操作: 2021-08-03 00:29:20

2021-08-03 00:29:20 开始第 34 次操作

2021-08-03 00:29:20 开始操作号码 【1998503】
2021-08-03 00:29:26 GSD getOne 第 1 次 等待 3 秒
2021-08-03 00:29:29 查询号码 【1998503】，返回信息 {"status":"bad","msg":""}
2021-08-03 00:29:29 查询号码 【1998503】，GSD为【""】
2021-08-03 00:29:29 bad
2021-08-03 00:29:31 CHB 1998503?1627921769 第 1 次 等待 3 秒
2021-08-03 00:29:34 CHB 1998503?1627921769 第 1 次 获取到号码【1998503】GSD
2021-08-03 00:29:34 获取到号码【1998503】的GSD为【贵州-安顺】
2021-08-03 00:29:38 GSD insert 第 1 次 等待 3 秒
2021-08-03 00:29:41 {"status":"ok","gid":484845,"msg":"添加成功！"}
2021-08-03 00:29:41 下次操作: 2021-08-03 00:30:03

2021-08-03 00:30:03 开始第 35 次操作

2021-08-03 00:30:03 开始操作号码 【1998502】
2021-08-03 00:30:09 GSD getOne 第 1 次 等待 3 秒
2021-08-03 00:30:12 查询号码 【1998502】，返回信息 {"status":"bad","msg":""}
2021-08-03 00:30:12 查询号码 【1998502】，GSD为【""】
2021-08-03 00:30:12 bad
2021-08-03 00:30:17 CHB 1998502?1627921812 第 1 次 等待 3 秒
2021-08-03 00:30:20 CHB 1998502?1627921812 第 1 次 获取到号码【1998502】GSD
2021-08-03 00:30:20 获取到号码【1998502】的GSD为【贵州-遵义】
2021-08-03 00:30:24 GSD insert 第 1 次 等待 3 秒
2021-08-03 00:30:27 {"status":"ok","gid":484847,"msg":"添加成功！"}
2021-08-03 00:30:27 下次操作: 2021-08-03 00:30:45

2021-08-03 00:30:45 开始第 36 次操作

2021-08-03 00:30:45 开始操作号码 【1998501】
2021-08-03 00:30:50 GSD getOne 第 1 次 等待 3 秒
2021-08-03 00:30:53 查询号码 【1998501】，返回信息 {"status":"bad","msg":""}
2021-08-03 00:30:53 查询号码 【1998501】，GSD为【""】
2021-08-03 00:30:53 bad
2021-08-03 00:30:54 CHB 1998501?1627921853 第 1 次 等待 3 秒
2021-08-03 00:30:57 CHB 1998501?1627921853 第 1 次 获取到号码【1998501】GSD
2021-08-03 00:30:58 获取到号码【1998501】的GSD为【贵州-贵阳】
2021-08-03 00:31:02 GSD insert 第 1 次 等待 3 秒
2021-08-03 00:31:05 {"status":"ok","gid":484851,"msg":"添加成功！"}
2021-08-03 00:31:05 下次操作: 2021-08-03 00:31:17

2021-08-03 00:31:17 开始第 37 次操作

2021-08-03 00:31:17 开始操作号码 【1998500】
2021-08-03 00:31:29 GSD getOne 第 1 次 等待 3 秒
2021-08-03 00:31:32 查询号码 【1998500】，返回信息 {"status":"bad","msg":""}
2021-08-03 00:31:32 查询号码 【1998500】，GSD为【""】
2021-08-03 00:31:32 bad
2021-08-03 00:31:34 CHB 1998500?1627921892 第 1 次 等待 3 秒
2021-08-03 00:31:37 CHB 1998500?1627921892 第 1 次 获取到号码【1998500】GSD
2021-08-03 00:31:37 获取到号码【1998500】的GSD为【贵州-贵阳】
2021-08-03 00:31:45 GSD insert 第 1 次 等待 3 秒
2021-08-03 00:31:48 {"status":"ok","gid":484853,"msg":"添加成功！"}
2021-08-03 00:31:48 下次操作: 2021-08-03 00:32:09

2021-08-03 00:32:09 开始第 38 次操作

2021-08-03 00:32:09 开始操作号码 【1998499】
2021-08-03 00:32:16 GSD getOne 第 1 次 等待 3 秒
2021-08-03 00:32:19 查询号码 【1998499】，返回信息 {"status":"bad","msg":""}
2021-08-03 00:32:19 查询号码 【1998499】，GSD为【""】
2021-08-03 00:32:19 bad
2021-08-03 00:32:20 CHB 1998499?1627921939 第 1 次 等待 3 秒
2021-08-03 00:32:23 CHB 1998499?1627921939 第 1 次 获取到号码【1998499】GSD
2021-08-03 00:32:23 获取到号码【1998499】的GSD为【江苏-淮安】
2021-08-03 00:32:48 GSD insert 第 1 次 等待 3 秒
2021-08-03 00:32:51 {"status":"ok","gid":484858,"msg":"添加成功！"}
2021-08-03 00:32:51 下次操作: 2021-08-03 00:33:06

2021-08-03 00:33:06 开始第 39 次操作

2021-08-03 00:33:06 开始操作号码 【1998498】
2021-08-03 00:33:11 GSD getOne 第 1 次 等待 3 秒
2021-08-03 00:33:14 查询号码 【1998498】，返回信息 {"status":"bad","msg":""}
2021-08-03 00:33:14 查询号码 【1998498】，GSD为【""】
2021-08-03 00:33:14 bad
2021-08-03 00:33:19 CHB 1998498?1627921994 第 1 次 等待 3 秒
2021-08-03 00:33:22 CHB 1998498?1627921994 第 1 次 获取到号码【1998498】GSD
2021-08-03 00:33:22 获取到号码【1998498】的GSD为【江苏-淮安】
2021-08-03 00:33:26 GSD insert 第 1 次 等待 3 秒
2021-08-03 00:33:29 {"status":"ok","gid":484859,"msg":"添加成功！"}
2021-08-03 00:33:29 下次操作: 2021-08-03 00:33:46

2021-08-03 00:33:46 开始第 40 次操作

2021-08-03 00:33:46 开始操作号码 【1998497】
2021-08-03 00:33:50 GSD getOne 第 1 次 等待 3 秒
2021-08-03 00:33:53 查询号码 【1998497】，返回信息 {"status":"bad","msg":""}
2021-08-03 00:33:53 查询号码 【1998497】，GSD为【""】
2021-08-03 00:33:53 bad
2021-08-03 00:33:55 CHB 1998497?1627922033 第 1 次 等待 3 秒
2021-08-03 00:33:58 CHB 1998497?1627922033 第 1 次 获取到号码【1998497】GSD
2021-08-03 00:33:58 获取到号码【1998497】的GSD为【江苏-淮安】
2021-08-03 00:34:08 GSD insert 第 1 次 等待 3 秒
2021-08-03 00:34:11 {"status":"ok","gid":484862,"msg":"添加成功！"}

2021-08-03 01:35:40 开始第 1 次操作

2021-08-03 01:35:40 开始操作号码 【1998496】
2021-08-03 01:36:04 GSD getOne 第 1 次 等待 3 秒
2021-08-03 01:36:07 查询号码 【1998496】，返回信息 {"status":"bad","msg":""}
2021-08-03 01:36:07 查询号码 【1998496】，GSD为【""】
2021-08-03 01:36:07 bad
2021-08-03 01:36:08 CHB 1998496?1627925767 第 1 次 等待 3 秒
2021-08-03 01:36:11 CHB 1998496?1627925767 第 1 次 获取到号码【1998496】GSD
2021-08-03 01:36:11 获取到号码【1998496】的GSD为【江苏-淮安】
2021-08-03 01:36:30 GSD insert 第 1 次 等待 3 秒
2021-08-03 01:36:33 {"status":"ok","gid":485282,"msg":"添加成功！"}
2021-08-03 01:36:33 下次操作: 2021-08-03 01:36:51

2021-08-03 01:36:51 开始第 2 次操作

2021-08-03 01:36:51 开始操作号码 【1998495】
2021-08-03 01:36:55 GSD getOne 第 1 次 等待 3 秒
2021-08-03 01:36:58 查询号码 【1998495】，返回信息 {"status":"bad","msg":""}
2021-08-03 01:36:58 查询号码 【1998495】，GSD为【""】
2021-08-03 01:36:58 bad
2021-08-03 01:36:59 CHB 1998495?1627925818 第 1 次 等待 3 秒
2021-08-03 01:37:02 CHB 1998495?1627925818 第 1 次 获取到号码【1998495】GSD
2021-08-03 01:37:03 获取到号码【1998495】的GSD为【江苏-淮安】
2021-08-03 01:37:24 GSD insert 第 1 次 等待 3 秒
2021-08-03 01:37:27 {"status":"ok","gid":485284,"msg":"添加成功！"}
2021-08-03 01:37:27 下次操作: 2021-08-03 01:37:50

2021-08-03 01:37:50 开始第 3 次操作

2021-08-03 01:37:50 开始操作号码 【1998494】
2021-08-03 01:37:55 GSD getOne 第 1 次 等待 3 秒
2021-08-03 01:37:58 查询号码 【1998494】，返回信息 {"status":"bad","msg":""}
2021-08-03 01:37:58 查询号码 【1998494】，GSD为【""】
2021-08-03 01:37:58 bad
2021-08-03 01:38:00 CHB 1998494?1627925878 第 1 次 等待 3 秒
2021-08-03 01:38:03 CHB 1998494?1627925878 第 1 次 获取到号码【1998494】GSD
2021-08-03 01:38:03 获取到号码【1998494】的GSD为【江苏-淮安】
2021-08-03 01:38:25 GSD insert 第 1 次 等待 3 秒
2021-08-03 01:38:28 {"status":"ok","gid":485286,"msg":"添加成功！"}
2021-08-03 01:38:28 下次操作: 2021-08-03 01:38:52

2021-08-03 01:38:52 开始第 4 次操作

2021-08-03 01:38:52 开始操作号码 【1998493】
2021-08-03 01:38:59 GSD getOne 第 1 次 等待 3 秒
2021-08-03 01:39:02 查询号码 【1998493】，返回信息 {"status":"bad","msg":""}
2021-08-03 01:39:02 查询号码 【1998493】，GSD为【""】
2021-08-03 01:39:02 bad
2021-08-03 01:39:04 CHB 1998493?1627925942 第 1 次 等待 3 秒
2021-08-03 01:39:07 CHB 1998493?1627925942 第 1 次 获取到号码【1998493】GSD
2021-08-03 01:39:07 获取到号码【1998493】的GSD为【江苏-苏州】
2021-08-03 01:39:26 GSD insert 第 1 次 等待 3 秒
2021-08-03 01:39:29 {"status":"ok","gid":485289,"msg":"添加成功！"}
2021-08-03 01:39:29 下次操作: 2021-08-03 01:39:44

2021-08-03 01:39:44 开始第 5 次操作

2021-08-03 01:39:44 开始操作号码 【1998492】
2021-08-03 01:39:52 GSD getOne 第 1 次 等待 3 秒
2021-08-03 01:39:55 查询号码 【1998492】，返回信息 {"status":"bad","msg":""}
2021-08-03 01:39:55 查询号码 【1998492】，GSD为【""】
2021-08-03 01:39:55 bad
2021-08-03 01:39:57 CHB 1998492?1627925995 第 1 次 等待 3 秒
2021-08-03 01:40:00 CHB 1998492?1627925995 第 1 次 获取到号码【1998492】GSD
2021-08-03 01:40:00 获取到号码【1998492】的GSD为【江苏-苏州】
2021-08-03 01:40:19 GSD insert 第 1 次 等待 3 秒
2021-08-03 01:40:22 {"status":"ok","gid":485293,"msg":"添加成功！"}
2021-08-03 01:40:22 下次操作: 2021-08-03 01:40:41

2021-08-03 01:40:41 开始第 6 次操作

2021-08-03 01:40:41 开始操作号码 【1998491】
2021-08-03 01:40:44 GSD getOne 第 1 次 等待 3 秒
2021-08-03 01:40:47 查询号码 【1998491】，返回信息 {"status":"bad","msg":""}
2021-08-03 01:40:47 查询号码 【1998491】，GSD为【""】
2021-08-03 01:40:47 bad
2021-08-03 01:40:49 CHB 1998491?1627926047 第 1 次 等待 3 秒
2021-08-03 01:40:52 CHB 1998491?1627926047 第 1 次 获取到号码【1998491】GSD
2021-08-03 01:40:52 获取到号码【1998491】的GSD为【江苏-苏州】
2021-08-03 01:41:11 GSD insert 第 1 次 等待 3 秒
2021-08-03 01:41:15 {"status":"ok","gid":485295,"msg":"添加成功！"}
2021-08-03 01:41:15 下次操作: 2021-08-03 01:41:34

2021-08-03 01:41:34 开始第 7 次操作

2021-08-03 01:41:34 开始操作号码 【1998490】
2021-08-03 01:41:37 GSD getOne 第 1 次 等待 3 秒
2021-08-03 01:41:40 查询号码 【1998490】，返回信息 {"status":"bad","msg":""}
2021-08-03 01:41:40 查询号码 【1998490】，GSD为【""】
2021-08-03 01:41:40 bad
2021-08-03 01:41:42 CHB 1998490?1627926100 第 1 次 等待 3 秒
2021-08-03 01:41:45 CHB 1998490?1627926100 第 1 次 获取到号码【1998490】GSD
2021-08-03 01:41:45 获取到号码【1998490】的GSD为【江苏-苏州】
2021-08-03 01:42:05 GSD insert 第 1 次 等待 3 秒
2021-08-03 01:42:08 {"status":"ok","gid":485299,"msg":"添加成功！"}
2021-08-03 01:42:08 下次操作: 2021-08-03 01:42:30

2021-08-03 01:42:30 开始第 8 次操作

2021-08-03 01:42:30 开始操作号码 【1998489】
2021-08-03 01:42:35 GSD getOne 第 1 次 等待 3 秒
2021-08-03 01:42:38 查询号码 【1998489】，返回信息 {"status":"bad","msg":""}
2021-08-03 01:42:39 查询号码 【1998489】，GSD为【""】
2021-08-03 01:42:39 bad
2021-08-03 01:42:40 CHB 1998489?1627926159 第 1 次 等待 3 秒
2021-08-03 01:42:43 CHB 1998489?1627926159 第 1 次 获取到号码【1998489】GSD
2021-08-03 01:42:43 获取到号码【1998489】的GSD为【江苏-苏州】
2021-08-03 01:43:03 GSD insert 第 1 次 等待 3 秒
2021-08-03 01:43:06 {"status":"ok","gid":485307,"msg":"添加成功！"}
2021-08-03 01:43:06 下次操作: 2021-08-03 01:43:29

2021-08-03 01:43:29 开始第 9 次操作

2021-08-03 01:43:29 开始操作号码 【1998488】
2021-08-03 01:43:34 GSD getOne 第 1 次 等待 3 秒
2021-08-03 01:43:37 查询号码 【1998488】，返回信息 {"status":"bad","msg":""}
2021-08-03 01:43:37 查询号码 【1998488】，GSD为【""】
2021-08-03 01:43:37 bad
2021-08-03 01:43:38 CHB 1998488?1627926217 第 1 次 等待 3 秒
2021-08-03 01:43:41 CHB 1998488?1627926217 第 1 次 获取到号码【1998488】GSD
2021-08-03 01:43:41 获取到号码【1998488】的GSD为【江苏-苏州】
2021-08-03 01:44:00 GSD insert 第 1 次 等待 3 秒
2021-08-03 01:44:03 {"status":"ok","gid":485314,"msg":"添加成功！"}
2021-08-03 01:44:03 下次操作: 2021-08-03 01:44:21

2021-08-03 01:44:21 开始第 10 次操作

2021-08-03 01:44:21 开始操作号码 【1998487】
2021-08-03 01:44:27 GSD getOne 第 1 次 等待 3 秒
2021-08-03 01:44:30 查询号码 【1998487】，返回信息 {"status":"bad","msg":""}
2021-08-03 01:44:30 查询号码 【1998487】，GSD为【""】
2021-08-03 01:44:30 bad
2021-08-03 01:44:31 CHB 1998487?1627926270 第 1 次 等待 3 秒
2021-08-03 01:44:34 CHB 1998487?1627926270 第 1 次 获取到号码【1998487】GSD
2021-08-03 01:44:34 获取到号码【1998487】的GSD为【江苏-苏州】
2021-08-03 01:44:53 GSD insert 第 1 次 等待 3 秒
2021-08-03 01:44:56 {"status":"ok","gid":485326,"msg":"添加成功！"}
2021-08-03 01:44:56 下次操作: 2021-08-03 01:45:12

2021-08-03 01:45:12 开始第 11 次操作

2021-08-03 01:45:12 开始操作号码 【1998486】
2021-08-03 01:45:17 GSD getOne 第 1 次 等待 3 秒
2021-08-03 01:45:20 查询号码 【1998486】，返回信息 {"status":"bad","msg":""}
2021-08-03 01:45:21 查询号码 【1998486】，GSD为【""】
2021-08-03 01:45:21 bad
2021-08-03 01:45:22 CHB 1998486?1627926321 第 1 次 等待 3 秒
2021-08-03 01:45:25 CHB 1998486?1627926321 第 1 次 获取到号码【1998486】GSD
2021-08-03 01:45:25 获取到号码【1998486】的GSD为【江苏-苏州】
2021-08-03 01:45:51 GSD insert 第 1 次 等待 3 秒
2021-08-03 01:45:54 {"status":"ok","gid":485339,"msg":"添加成功！"}
2021-08-03 01:45:54 下次操作: 2021-08-03 01:46:17

2021-08-03 01:46:17 开始第 12 次操作

2021-08-03 01:46:17 开始操作号码 【1998485】
2021-08-03 01:46:30 GSD getOne 第 1 次 等待 3 秒
2021-08-03 01:46:33 查询号码 【1998485】，返回信息 {"status":"bad","msg":""}
2021-08-03 01:46:33 查询号码 【1998485】，GSD为【""】
2021-08-03 01:46:33 bad
2021-08-03 01:46:34 CHB 1998485?1627926393 第 1 次 等待 3 秒
2021-08-03 01:46:37 CHB 1998485?1627926393 第 1 次 获取到号码【1998485】GSD
2021-08-03 01:46:37 获取到号码【1998485】的GSD为【江苏-苏州】
2021-08-03 01:46:57 GSD insert 第 1 次 等待 3 秒
2021-08-03 01:47:00 {"status":"ok","gid":485350,"msg":"添加成功！"}
2021-08-03 01:47:00 下次操作: 2021-08-03 01:47:14

2021-08-03 01:47:14 开始第 13 次操作

2021-08-03 01:47:14 开始操作号码 【1998484】
2021-08-03 01:47:18 GSD getOne 第 1 次 等待 3 秒
2021-08-03 01:47:21 查询号码 【1998484】，返回信息 {"status":"bad","msg":""}
2021-08-03 01:47:21 查询号码 【1998484】，GSD为【""】
2021-08-03 01:47:21 bad
2021-08-03 01:47:22 CHB 1998484?1627926441 第 1 次 等待 3 秒
2021-08-03 01:47:25 CHB 1998484?1627926441 第 1 次 获取到号码【1998484】GSD
2021-08-03 01:47:25 获取到号码【1998484】的GSD为【江苏-苏州】
2021-08-03 01:47:44 GSD insert 第 1 次 等待 3 秒
2021-08-03 01:47:47 {"status":"ok","gid":485363,"msg":"添加成功！"}
2021-08-03 01:47:47 下次操作: 2021-08-03 01:48:01

2021-08-03 01:48:01 开始第 14 次操作

2021-08-03 01:48:01 开始操作号码 【1998483】
2021-08-03 01:48:06 GSD getOne 第 1 次 等待 3 秒
2021-08-03 01:48:09 查询号码 【1998483】，返回信息 {"status":"bad","msg":""}
2021-08-03 01:48:10 查询号码 【1998483】，GSD为【""】
2021-08-03 01:48:10 bad
2021-08-03 01:48:11 CHB 1998483?1627926490 第 1 次 等待 3 秒
2021-08-03 01:48:14 CHB 1998483?1627926490 第 1 次 获取到号码【1998483】GSD
2021-08-03 01:48:14 获取到号码【1998483】的GSD为【江苏-苏州】
2021-08-03 01:48:37 GSD insert 第 1 次 等待 3 秒
2021-08-03 01:48:40 {"status":"ok","gid":485375,"msg":"添加成功！"}
2021-08-03 01:48:40 下次操作: 2021-08-03 01:48:54

2021-08-03 01:48:54 开始第 15 次操作

2021-08-03 01:48:54 开始操作号码 【1998482】
2021-08-03 01:49:02 GSD getOne 第 1 次 等待 3 秒
2021-08-03 01:49:05 查询号码 【1998482】，返回信息 {"status":"bad","msg":""}
2021-08-03 01:49:05 查询号码 【1998482】，GSD为【""】
2021-08-03 01:49:05 bad
2021-08-03 01:49:06 CHB 1998482?1627926545 第 1 次 等待 3 秒
2021-08-03 01:49:09 CHB 1998482?1627926545 第 1 次 获取到号码【1998482】GSD
2021-08-03 01:49:10 获取到号码【1998482】的GSD为【江苏-苏州】
2021-08-03 01:49:31 GSD insert 第 1 次 等待 3 秒
2021-08-03 01:49:34 {"status":"ok","gid":485388,"msg":"添加成功！"}
2021-08-03 01:49:34 下次操作: 2021-08-03 01:49:57

2021-08-03 01:49:57 开始第 16 次操作

2021-08-03 01:49:57 开始操作号码 【1998481】
2021-08-03 01:50:05 GSD getOne 第 1 次 等待 3 秒
2021-08-03 01:50:08 查询号码 【1998481】，返回信息 {"status":"bad","msg":""}
2021-08-03 01:50:08 查询号码 【1998481】，GSD为【""】
2021-08-03 01:50:08 bad
2021-08-03 01:50:09 CHB 1998481?1627926608 第 1 次 等待 3 秒
2021-08-03 01:50:12 CHB 1998481?1627926608 第 1 次 获取到号码【1998481】GSD
2021-08-03 01:50:12 获取到号码【1998481】的GSD为【江苏-苏州】
2021-08-03 01:50:37 GSD insert 第 1 次 等待 3 秒
2021-08-03 01:50:40 {"status":"ok","gid":485405,"msg":"添加成功！"}
2021-08-03 01:50:40 下次操作: 2021-08-03 01:50:59

2021-08-03 01:50:59 开始第 17 次操作

2021-08-03 01:50:59 开始操作号码 【1998480】
2021-08-03 01:51:05 GSD getOne 第 1 次 等待 3 秒
2021-08-03 01:51:08 查询号码 【1998480】，返回信息 {"status":"bad","msg":""}
2021-08-03 01:51:08 查询号码 【1998480】，GSD为【""】
2021-08-03 01:51:08 bad
2021-08-03 01:51:10 CHB 1998480?1627926668 第 1 次 等待 3 秒
2021-08-03 01:51:13 CHB 1998480?1627926668 第 1 次 获取到号码【1998480】GSD
2021-08-03 01:51:13 获取到号码【1998480】的GSD为【江苏-苏州】
2021-08-03 01:51:32 GSD insert 第 1 次 等待 3 秒
2021-08-03 01:51:35 {"status":"ok","gid":485415,"msg":"添加成功！"}
2021-08-03 01:51:35 下次操作: 2021-08-03 01:51:59

2021-08-03 01:51:59 开始第 18 次操作

2021-08-03 01:51:59 开始操作号码 【1998479】
2021-08-03 01:52:07 GSD getOne 第 1 次 等待 3 秒
2021-08-03 01:52:10 查询号码 【1998479】，返回信息 {"status":"bad","msg":""}
2021-08-03 01:52:11 查询号码 【1998479】，GSD为【""】
2021-08-03 01:52:11 bad
2021-08-03 01:52:12 CHB 1998479?1627926731 第 1 次 等待 3 秒
2021-08-03 01:52:15 CHB 1998479?1627926731 第 1 次 获取到号码【1998479】GSD
2021-08-03 01:52:15 获取到号码【1998479】的GSD为【江苏-苏州】
2021-08-03 01:52:34 GSD insert 第 1 次 等待 3 秒
2021-08-03 01:52:37 {"status":"ok","gid":485434,"msg":"添加成功！"}
2021-08-03 01:52:37 下次操作: 2021-08-03 01:52:52

2021-08-03 01:52:52 开始第 19 次操作

2021-08-03 01:52:52 开始操作号码 【1998478】
2021-08-03 01:52:57 GSD getOne 第 1 次 等待 3 秒
2021-08-03 01:53:00 查询号码 【1998478】，返回信息 {"status":"bad","msg":""}
2021-08-03 01:53:00 查询号码 【1998478】，GSD为【""】
2021-08-03 01:53:00 bad
2021-08-03 01:53:01 CHB 1998478?1627926780 第 1 次 等待 3 秒
2021-08-03 01:53:04 CHB 1998478?1627926780 第 1 次 获取到号码【1998478】GSD
2021-08-03 01:53:04 获取到号码【1998478】的GSD为【江苏-苏州】
2021-08-03 01:53:23 GSD insert 第 1 次 等待 3 秒
2021-08-03 01:53:26 {"status":"ok","gid":485445,"msg":"添加成功！"}
2021-08-03 01:53:26 下次操作: 2021-08-03 01:53:46

2021-08-03 01:53:46 开始第 20 次操作

2021-08-03 01:53:46 开始操作号码 【1998477】
2021-08-03 01:53:52 GSD getOne 第 1 次 等待 3 秒
2021-08-03 01:53:55 查询号码 【1998477】，返回信息 {"status":"bad","msg":""}
2021-08-03 01:53:55 查询号码 【1998477】，GSD为【""】
2021-08-03 01:53:55 bad
2021-08-03 01:53:57 CHB 1998477?1627926835 第 1 次 等待 3 秒
2021-08-03 01:54:00 CHB 1998477?1627926835 第 1 次 获取到号码【1998477】GSD
2021-08-03 01:54:00 获取到号码【1998477】的GSD为【江苏-苏州】
2021-08-03 01:54:24 GSD insert 第 1 次 等待 3 秒
2021-08-03 01:54:27 {"status":"ok","gid":485458,"msg":"添加成功！"}
2021-08-03 01:54:27 下次操作: 2021-08-03 01:54:39

2021-08-03 01:54:39 开始第 21 次操作

2021-08-03 01:54:39 开始操作号码 【1998476】
2021-08-03 01:54:47 GSD getOne 第 1 次 等待 3 秒
2021-08-03 01:54:50 查询号码 【1998476】，返回信息 {"status":"bad","msg":""}
2021-08-03 01:54:50 查询号码 【1998476】，GSD为【""】
2021-08-03 01:54:50 bad
2021-08-03 01:54:52 CHB 1998476?1627926890 第 1 次 等待 3 秒
2021-08-03 01:54:55 CHB 1998476?1627926890 第 1 次 获取到号码【1998476】GSD
2021-08-03 01:54:55 获取到号码【1998476】的GSD为【江苏-苏州】
2021-08-03 01:55:16 GSD insert 第 1 次 等待 3 秒
2021-08-03 01:55:19 {"status":"ok","gid":485471,"msg":"添加成功！"}
2021-08-03 01:55:19 下次操作: 2021-08-03 01:55:43

2021-08-03 01:55:43 开始第 22 次操作

2021-08-03 01:55:43 开始操作号码 【1998475】
2021-08-03 01:55:47 GSD getOne 第 1 次 等待 3 秒
2021-08-03 01:55:50 查询号码 【1998475】，返回信息 {"status":"bad","msg":""}
2021-08-03 01:55:50 查询号码 【1998475】，GSD为【""】
2021-08-03 01:55:50 bad
2021-08-03 01:55:51 CHB 1998475?1627926950 第 1 次 等待 3 秒
2021-08-03 01:55:54 CHB 1998475?1627926950 第 1 次 获取到号码【1998475】GSD
2021-08-03 01:55:54 获取到号码【1998475】的GSD为【江苏-盐城】
2021-08-03 01:56:14 GSD insert 第 1 次 等待 3 秒
2021-08-03 01:56:17 {"status":"ok","gid":485487,"msg":"添加成功！"}
2021-08-03 01:56:17 下次操作: 2021-08-03 01:56:40

2021-08-03 01:56:40 开始第 23 次操作

2021-08-03 01:56:40 开始操作号码 【1998474】
2021-08-03 01:56:45 GSD getOne 第 1 次 等待 3 秒
2021-08-03 01:56:48 查询号码 【1998474】，返回信息 {"status":"bad","msg":""}
2021-08-03 01:56:48 查询号码 【1998474】，GSD为【""】
2021-08-03 01:56:48 bad
2021-08-03 01:56:49 CHB 1998474?1627927008 第 1 次 等待 3 秒
2021-08-03 01:56:52 CHB 1998474?1627927008 第 1 次 获取到号码【1998474】GSD
2021-08-03 01:56:52 获取到号码【1998474】的GSD为【江苏-盐城】
2021-08-03 01:57:11 GSD insert 第 1 次 等待 3 秒
2021-08-03 01:57:14 {"status":"ok","gid":485499,"msg":"添加成功！"}
2021-08-03 01:57:14 下次操作: 2021-08-03 01:57:36

2021-08-03 01:57:36 开始第 24 次操作

2021-08-03 01:57:36 开始操作号码 【1998473】
2021-08-03 01:57:40 GSD getOne 第 1 次 等待 3 秒
2021-08-03 01:57:43 查询号码 【1998473】，返回信息 {"status":"bad","msg":""}
2021-08-03 01:57:43 查询号码 【1998473】，GSD为【""】
2021-08-03 01:57:43 bad
2021-08-03 01:57:45 CHB 1998473?1627927063 第 1 次 等待 3 秒
2021-08-03 01:57:48 CHB 1998473?1627927063 第 1 次 获取到号码【1998473】GSD
2021-08-03 01:57:48 获取到号码【1998473】的GSD为【江苏-盐城】
2021-08-03 01:58:08 GSD insert 第 1 次 等待 3 秒
2021-08-03 01:58:11 {"status":"ok","gid":485510,"msg":"添加成功！"}
2021-08-03 01:58:11 下次操作: 2021-08-03 01:58:35

2021-08-03 01:58:35 开始第 25 次操作

2021-08-03 01:58:35 开始操作号码 【1998472】
2021-08-03 01:58:40 GSD getOne 第 1 次 等待 3 秒
2021-08-03 01:58:43 查询号码 【1998472】，返回信息 {"status":"bad","msg":""}
2021-08-03 01:58:43 查询号码 【1998472】，GSD为【""】
2021-08-03 01:58:43 bad
2021-08-03 01:58:44 CHB 1998472?1627927123 第 1 次 等待 3 秒
2021-08-03 01:58:47 CHB 1998472?1627927123 第 1 次 获取到号码【1998472】GSD
2021-08-03 01:58:47 获取到号码【1998472】的GSD为【江苏-盐城】
2021-08-03 01:59:14 GSD insert 第 1 次 等待 3 秒
2021-08-03 01:59:17 {"status":"ok","gid":485526,"msg":"添加成功！"}
2021-08-03 01:59:17 下次操作: 2021-08-03 01:59:34

2021-08-03 01:59:34 开始第 26 次操作

2021-08-03 01:59:34 开始操作号码 【1998471】
2021-08-03 01:59:38 GSD getOne 第 1 次 等待 3 秒
2021-08-03 01:59:41 查询号码 【1998471】，返回信息 {"status":"bad","msg":""}
2021-08-03 01:59:41 查询号码 【1998471】，GSD为【""】
2021-08-03 01:59:41 bad
2021-08-03 01:59:43 CHB 1998471?1627927181 第 1 次 等待 3 秒
2021-08-03 01:59:46 CHB 1998471?1627927181 第 1 次 获取到号码【1998471】GSD
2021-08-03 01:59:46 获取到号码【1998471】的GSD为【江苏-盐城】
2021-08-03 02:00:06 GSD insert 第 1 次 等待 3 秒
2021-08-03 02:00:09 {"status":"ok","gid":485539,"msg":"添加成功！"}
2021-08-03 02:00:09 下次操作: 2021-08-03 02:00:24

2021-08-03 02:00:24 开始第 27 次操作

2021-08-03 02:00:24 开始操作号码 【1998470】
2021-08-03 02:00:35 GSD getOne 第 1 次 等待 3 秒
2021-08-03 02:00:38 查询号码 【1998470】，返回信息 {"status":"bad","msg":""}
2021-08-03 02:00:38 查询号码 【1998470】，GSD为【""】
2021-08-03 02:00:38 bad
2021-08-03 02:00:39 CHB 1998470?1627927238 第 1 次 等待 3 秒
2021-08-03 02:00:42 CHB 1998470?1627927238 第 1 次 获取到号码【1998470】GSD
2021-08-03 02:00:42 获取到号码【1998470】的GSD为【江苏-徐州】
2021-08-03 02:01:10 GSD insert 第 1 次 等待 3 秒
2021-08-03 02:01:13 {"status":"ok","gid":485551,"msg":"添加成功！"}
2021-08-03 02:01:13 下次操作: 2021-08-03 02:01:30

2021-08-03 02:01:30 开始第 28 次操作

2021-08-03 02:01:30 开始操作号码 【1998469】
2021-08-03 02:01:35 GSD getOne 第 1 次 等待 3 秒
2021-08-03 02:01:38 查询号码 【1998469】，返回信息 {"status":"bad","msg":""}
2021-08-03 02:01:38 查询号码 【1998469】，GSD为【""】
2021-08-03 02:01:38 bad
2021-08-03 02:01:39 CHB 1998469?1627927298 第 1 次 等待 3 秒
2021-08-03 02:01:42 CHB 1998469?1627927298 第 1 次 获取到号码【1998469】GSD
2021-08-03 02:01:42 获取到号码【1998469】的GSD为【江苏-徐州】
2021-08-03 02:02:02 GSD insert 第 1 次 等待 3 秒
2021-08-03 02:02:05 {"status":"ok","gid":485565,"msg":"添加成功！"}
2021-08-03 02:02:05 下次操作: 2021-08-03 02:02:20

2021-08-03 02:02:20 开始第 29 次操作

2021-08-03 02:02:20 开始操作号码 【1998468】
2021-08-03 02:02:28 GSD getOne 第 1 次 等待 3 秒
2021-08-03 02:02:31 查询号码 【1998468】，返回信息 {"status":"bad","msg":""}
2021-08-03 02:02:31 查询号码 【1998468】，GSD为【""】
2021-08-03 02:02:31 bad
2021-08-03 02:02:32 CHB 1998468?1627927351 第 1 次 等待 3 秒
2021-08-03 02:02:35 CHB 1998468?1627927351 第 1 次 获取到号码【1998468】GSD
2021-08-03 02:02:36 获取到号码【1998468】的GSD为【江苏-徐州】
2021-08-03 02:02:55 GSD insert 第 1 次 等待 3 秒
2021-08-03 02:02:58 {"status":"ok","gid":485576,"msg":"添加成功！"}
2021-08-03 02:02:58 下次操作: 2021-08-03 02:03:12

2021-08-03 02:03:12 开始第 30 次操作

2021-08-03 02:03:12 开始操作号码 【1998467】
2021-08-03 02:03:16 GSD getOne 第 1 次 等待 3 秒
2021-08-03 02:03:19 查询号码 【1998467】，返回信息 {"status":"bad","msg":""}
2021-08-03 02:03:19 查询号码 【1998467】，GSD为【""】
2021-08-03 02:03:19 bad
2021-08-03 02:03:20 CHB 1998467?1627927399 第 1 次 等待 3 秒
2021-08-03 02:03:23 CHB 1998467?1627927399 第 1 次 获取到号码【1998467】GSD
2021-08-03 02:03:23 获取到号码【1998467】的GSD为【江苏-徐州】
2021-08-03 02:03:43 GSD insert 第 1 次 等待 3 秒
2021-08-03 02:03:46 {"status":"ok","gid":485589,"msg":"添加成功！"}
2021-08-03 02:03:46 下次操作: 2021-08-03 02:04:07

2021-08-03 02:04:07 开始第 31 次操作

2021-08-03 02:04:07 开始操作号码 【1998466】
2021-08-03 02:04:11 GSD getOne 第 1 次 等待 3 秒
2021-08-03 02:04:14 查询号码 【1998466】，返回信息 {"status":"bad","msg":""}
2021-08-03 02:04:14 查询号码 【1998466】，GSD为【""】
2021-08-03 02:04:14 bad
2021-08-03 02:04:16 CHB 1998466?1627927454 第 1 次 等待 3 秒
2021-08-03 02:04:19 CHB 1998466?1627927454 第 1 次 获取到号码【1998466】GSD
2021-08-03 02:04:19 获取到号码【1998466】的GSD为【江苏-徐州】
2021-08-03 02:04:39 GSD insert 第 1 次 等待 3 秒
2021-08-03 02:04:42 {"status":"ok","gid":485602,"msg":"添加成功！"}
2021-08-03 02:04:42 下次操作: 2021-08-03 02:04:54

2021-08-03 02:04:54 开始第 32 次操作

2021-08-03 02:04:54 开始操作号码 【1998465】
2021-08-03 02:05:00 GSD getOne 第 1 次 等待 3 秒
2021-08-03 02:05:03 查询号码 【1998465】，返回信息 {"status":"bad","msg":""}
2021-08-03 02:05:03 查询号码 【1998465】，GSD为【""】
2021-08-03 02:05:03 bad
2021-08-03 02:05:05 CHB 1998465?1627927503 第 1 次 等待 3 秒
2021-08-03 02:05:08 CHB 1998465?1627927503 第 1 次 获取到号码【1998465】GSD
2021-08-03 02:05:08 获取到号码【1998465】的GSD为【江苏-徐州】
2021-08-03 02:05:29 GSD insert 第 1 次 等待 3 秒
2021-08-03 02:05:32 {"status":"ok","gid":485611,"msg":"添加成功！"}
2021-08-03 02:05:32 下次操作: 2021-08-03 02:05:45

2021-08-03 02:05:45 开始第 33 次操作

2021-08-03 02:05:45 开始操作号码 【1998464】
2021-08-03 02:05:54 GSD getOne 第 1 次 等待 3 秒
2021-08-03 02:05:57 查询号码 【1998464】，返回信息 {"status":"bad","msg":""}
2021-08-03 02:05:57 查询号码 【1998464】，GSD为【""】
2021-08-03 02:05:57 bad
2021-08-03 02:05:58 CHB 1998464?1627927557 第 1 次 等待 3 秒
2021-08-03 02:06:01 CHB 1998464?1627927557 第 1 次 获取到号码【1998464】GSD
2021-08-03 02:06:01 获取到号码【1998464】的GSD为【江苏-徐州】
2021-08-03 02:06:21 GSD insert 第 1 次 等待 3 秒
2021-08-03 02:06:24 {"status":"ok","gid":485623,"msg":"添加成功！"}
2021-08-03 02:06:24 下次操作: 2021-08-03 02:06:45

2021-08-03 02:06:45 开始第 34 次操作

2021-08-03 02:06:45 开始操作号码 【1998463】
2021-08-03 02:06:52 GSD getOne 第 1 次 等待 3 秒
2021-08-03 02:06:55 查询号码 【1998463】，返回信息 {"status":"bad","msg":""}
2021-08-03 02:06:56 查询号码 【1998463】，GSD为【""】
2021-08-03 02:06:56 bad
2021-08-03 02:06:57 CHB 1998463?1627927616 第 1 次 等待 3 秒
2021-08-03 02:07:00 CHB 1998463?1627927616 第 1 次 获取到号码【1998463】GSD
2021-08-03 02:07:00 获取到号码【1998463】的GSD为【江苏-徐州】
2021-08-03 02:07:21 GSD insert 第 1 次 等待 3 秒
2021-08-03 02:07:24 {"status":"ok","gid":485640,"msg":"添加成功！"}
2021-08-03 02:07:24 下次操作: 2021-08-03 02:07:44

2021-08-03 02:07:44 开始第 35 次操作

2021-08-03 02:07:44 开始操作号码 【1998462】
2021-08-03 02:07:52 GSD getOne 第 1 次 等待 3 秒
2021-08-03 02:07:55 查询号码 【1998462】，返回信息 {"status":"bad","msg":""}
2021-08-03 02:07:55 查询号码 【1998462】，GSD为【""】
2021-08-03 02:07:55 bad
2021-08-03 02:07:57 CHB 1998462?1627927675 第 1 次 等待 3 秒
2021-08-03 02:08:00 CHB 1998462?1627927675 第 1 次 获取到号码【1998462】GSD
2021-08-03 02:08:00 获取到号码【1998462】的GSD为【江苏-徐州】
2021-08-03 02:08:19 GSD insert 第 1 次 等待 3 秒
2021-08-03 02:08:22 {"status":"ok","gid":485655,"msg":"添加成功！"}
2021-08-03 02:08:22 下次操作: 2021-08-03 02:08:46

2021-08-03 02:08:46 开始第 36 次操作

2021-08-03 02:08:46 开始操作号码 【1998461】
2021-08-03 02:08:53 GSD getOne 第 1 次 等待 3 秒
2021-08-03 02:08:56 查询号码 【1998461】，返回信息 {"status":"bad","msg":""}
2021-08-03 02:08:56 查询号码 【1998461】，GSD为【""】
2021-08-03 02:08:56 bad
2021-08-03 02:08:57 CHB 1998461?1627927736 第 1 次 等待 3 秒
2021-08-03 02:09:00 CHB 1998461?1627927736 第 1 次 获取到号码【1998461】GSD
2021-08-03 02:09:00 获取到号码【1998461】的GSD为【江苏-徐州】
2021-08-03 02:09:21 GSD insert 第 1 次 等待 3 秒
2021-08-03 02:09:24 {"status":"ok","gid":485666,"msg":"添加成功！"}
2021-08-03 02:09:24 下次操作: 2021-08-03 02:09:45

2021-08-03 02:09:45 开始第 37 次操作

2021-08-03 02:09:45 开始操作号码 【1998460】
2021-08-03 02:09:57 GSD getOne 第 1 次 等待 3 秒
2021-08-03 02:10:00 查询号码 【1998460】，返回信息 {"status":"bad","msg":""}
2021-08-03 02:10:00 查询号码 【1998460】，GSD为【""】
2021-08-03 02:10:00 bad
2021-08-03 02:10:02 CHB 1998460?1627927800 第 1 次 等待 3 秒
2021-08-03 02:10:05 CHB 1998460?1627927800 第 1 次 获取到号码【1998460】GSD
2021-08-03 02:10:05 获取到号码【1998460】的GSD为【江苏-徐州】
2021-08-03 02:10:30 GSD insert 第 1 次 等待 3 秒
2021-08-03 02:10:33 {"status":"ok","gid":485678,"msg":"添加成功！"}
2021-08-03 02:10:33 下次操作: 2021-08-03 02:10:46

2021-08-03 02:10:46 开始第 38 次操作

2021-08-03 02:10:46 开始操作号码 【1998459】
2021-08-03 02:10:53 GSD getOne 第 1 次 等待 3 秒
2021-08-03 02:10:56 查询号码 【1998459】，返回信息 {"status":"ok","msg":"贵州-黔西南","gid":"46840","time_insert":"2020-03-27 18:14","time_update":"2020-11-24 15:52"}
2021-08-03 02:10:56 查询号码 【1998459】，GSD为【"贵州-黔西南"】

2021-08-03 02:10:56 开始第 38 次操作

2021-08-03 02:10:56 开始操作号码 【1998458】
2021-08-03 02:11:15 GSD getOne 第 1 次 等待 3 秒
2021-08-03 02:11:18 查询号码 【1998458】，返回信息 {"status":"bad","msg":""}
2021-08-03 02:11:18 查询号码 【1998458】，GSD为【""】
2021-08-03 02:11:18 bad
2021-08-03 02:11:20 CHB 1998458?1627927878 第 1 次 等待 3 秒
2021-08-03 02:11:23 CHB 1998458?1627927878 第 1 次 获取到号码【1998458】GSD
2021-08-03 02:11:23 获取到号码【1998458】的GSD为【贵州-六盘水】
2021-08-03 02:11:42 GSD insert 第 1 次 等待 3 秒
2021-08-03 02:11:45 {"status":"ok","gid":485692,"msg":"添加成功！"}
2021-08-03 02:11:45 下次操作: 2021-08-03 02:12:02

2021-08-03 02:12:02 开始第 39 次操作

2021-08-03 02:12:02 开始操作号码 【1998457】
2021-08-03 02:12:08 GSD getOne 第 1 次 等待 3 秒
2021-08-03 02:12:11 查询号码 【1998457】，返回信息 {"status":"bad","msg":""}
2021-08-03 02:12:11 查询号码 【1998457】，GSD为【""】
2021-08-03 02:12:11 bad
2021-08-03 02:12:13 CHB 1998457?1627927931 第 1 次 等待 3 秒
2021-08-03 02:12:16 CHB 1998457?1627927931 第 1 次 获取到号码【1998457】GSD
2021-08-03 02:12:16 获取到号码【1998457】的GSD为【贵州-六盘水】
2021-08-03 02:12:35 GSD insert 第 1 次 等待 3 秒
2021-08-03 02:12:38 {"status":"ok","gid":485698,"msg":"添加成功！"}
2021-08-03 02:12:38 下次操作: 2021-08-03 02:12:59

2021-08-03 02:12:59 开始第 40 次操作

2021-08-03 02:12:59 开始操作号码 【1998456】
2021-08-03 02:13:05 GSD getOne 第 1 次 等待 3 秒
2021-08-03 02:13:08 查询号码 【1998456】，返回信息 {"status":"ok","msg":"贵州-铜仁","gid":"49962","time_insert":"2021-04-21 14:42"}
2021-08-03 02:13:08 查询号码 【1998456】，GSD为【"贵州-铜仁"】

2021-08-03 02:13:08 开始第 40 次操作

2021-08-03 02:13:08 开始操作号码 【1998455】
2021-08-03 02:13:44 GSD getOne 第 1 次 等待 3 秒
2021-08-03 02:13:47 查询号码 【1998455】，返回信息 {"status":"bad","msg":""}
2021-08-03 02:13:47 查询号码 【1998455】，GSD为【""】
2021-08-03 02:13:47 bad
2021-08-03 02:13:48 CHB 1998455?1627928027 第 1 次 等待 3 秒
2021-08-03 02:13:51 CHB 1998455?1627928027 第 1 次 获取到号码【1998455】GSD
2021-08-03 02:13:52 获取到号码【1998455】的GSD为【贵州-遵义】
2021-08-03 02:14:16 GSD insert 第 1 次 等待 3 秒
2021-08-03 02:14:19 {"status":"ok","gid":485704,"msg":"添加成功！"}

2021-08-03 02:54:27 开始第 1 次操作

2021-08-03 02:54:27 开始操作号码 【1998454】
2021-08-03 02:54:32 GSD getOne 第 1 次 等待 3 秒
2021-08-03 02:54:35 查询号码 【1998454】，返回信息 {"status":"bad","msg":""}
2021-08-03 02:54:35 查询号码 【1998454】，GSD为【""】
2021-08-03 02:54:35 bad
2021-08-03 02:54:36 CHB 1998454?1627930475 第 1 次 等待 3 秒
2021-08-03 02:54:39 CHB 1998454?1627930475 第 1 次 获取到号码【1998454】GSD
2021-08-03 02:54:39 获取到号码【1998454】的GSD为【贵州-遵义】
2021-08-03 02:55:01 GSD insert 第 1 次 等待 3 秒
2021-08-03 02:55:04 {"status":"ok","gid":485853,"msg":"添加成功！"}
2021-08-03 02:55:04 下次操作: 2021-08-03 02:55:22

2021-08-03 02:55:22 开始第 2 次操作

2021-08-03 02:55:22 开始操作号码 【1998453】
2021-08-03 02:55:28 GSD getOne 第 1 次 等待 3 秒
2021-08-03 02:55:31 查询号码 【1998453】，返回信息 {"status":"bad","msg":""}
2021-08-03 02:55:31 查询号码 【1998453】，GSD为【""】
2021-08-03 02:55:31 bad
2021-08-03 02:55:33 CHB 1998453?1627930531 第 1 次 等待 3 秒
2021-08-03 02:55:36 CHB 1998453?1627930531 第 1 次 获取到号码【1998453】GSD
2021-08-03 02:55:36 获取到号码【1998453】的GSD为【贵州-遵义】
2021-08-03 02:55:58 GSD insert 第 1 次 等待 3 秒
2021-08-03 02:56:01 {"status":"ok","gid":485866,"msg":"添加成功！"}
2021-08-03 02:56:01 下次操作: 2021-08-03 02:56:23

2021-08-03 02:56:23 开始第 3 次操作

2021-08-03 02:56:23 开始操作号码 【1998452】
2021-08-03 02:56:29 GSD getOne 第 1 次 等待 3 秒
2021-08-03 02:56:32 查询号码 【1998452】，返回信息 {"status":"bad","msg":""}
2021-08-03 02:56:32 查询号码 【1998452】，GSD为【""】
2021-08-03 02:56:32 bad
2021-08-03 02:56:34 CHB 1998452?1627930592 第 1 次 等待 3 秒
2021-08-03 02:56:37 CHB 1998452?1627930592 第 1 次 获取到号码【1998452】GSD
2021-08-03 02:56:37 获取到号码【1998452】的GSD为【贵州-遵义】
2021-08-03 02:56:59 GSD insert 第 1 次 等待 3 秒
2021-08-03 02:57:02 {"status":"ok","gid":485884,"msg":"添加成功！"}
2021-08-03 02:57:02 下次操作: 2021-08-03 02:57:21

2021-08-03 02:57:21 开始第 4 次操作

2021-08-03 02:57:21 开始操作号码 【1998451】
2021-08-03 02:57:26 GSD getOne 第 1 次 等待 3 秒
2021-08-03 02:57:29 查询号码 【1998451】，返回信息 {"status":"bad","msg":""}
2021-08-03 02:57:29 查询号码 【1998451】，GSD为【""】
2021-08-03 02:57:29 bad
2021-08-03 02:57:30 CHB 1998451?1627930649 第 1 次 等待 3 秒
2021-08-03 02:57:33 CHB 1998451?1627930649 第 1 次 获取到号码【1998451】GSD
2021-08-03 02:57:33 获取到号码【1998451】的GSD为【贵州-贵阳】
2021-08-03 02:57:54 GSD insert 第 1 次 等待 3 秒
2021-08-03 02:57:57 {"status":"ok","gid":485896,"msg":"添加成功！"}
2021-08-03 02:57:57 下次操作: 2021-08-03 02:58:09

2021-08-03 02:58:09 开始第 5 次操作

2021-08-03 02:58:09 开始操作号码 【1998450】
2021-08-03 02:58:17 GSD getOne 第 1 次 等待 3 秒
2021-08-03 02:58:20 查询号码 【1998450】，返回信息 {"status":"bad","msg":""}
2021-08-03 02:58:20 查询号码 【1998450】，GSD为【""】
2021-08-03 02:58:20 bad
2021-08-03 02:58:22 CHB 1998450?1627930700 第 1 次 等待 3 秒
2021-08-03 02:58:25 CHB 1998450?1627930700 第 1 次 获取到号码【1998450】GSD
2021-08-03 02:58:25 获取到号码【1998450】的GSD为【贵州-贵阳】
2021-08-03 02:58:44 GSD insert 第 1 次 等待 3 秒
2021-08-03 02:58:47 {"status":"ok","gid":485906,"msg":"添加成功！"}
2021-08-03 02:58:47 下次操作: 2021-08-03 02:59:09

2021-08-03 02:59:09 开始第 6 次操作

2021-08-03 02:59:09 开始操作号码 【1998449】
2021-08-03 02:59:19 GSD getOne 第 1 次 等待 3 秒
2021-08-03 02:59:22 查询号码 【1998449】，返回信息 {"status":"bad","msg":""}
2021-08-03 02:59:22 查询号码 【1998449】，GSD为【""】
2021-08-03 02:59:22 bad
2021-08-03 02:59:24 CHB 1998449?1627930762 第 1 次 等待 3 秒
2021-08-03 02:59:27 CHB 1998449?1627930762 第 1 次 获取到号码【1998449】GSD
2021-08-03 02:59:27 获取到号码【1998449】的GSD为【贵州-黔西南】
2021-08-03 02:59:46 GSD insert 第 1 次 等待 3 秒
2021-08-03 02:59:49 {"status":"ok","gid":485923,"msg":"添加成功！"}
2021-08-03 02:59:49 下次操作: 2021-08-03 03:00:01

2021-08-03 03:00:01 开始第 7 次操作

2021-08-03 03:00:01 开始操作号码 【1998448】
2021-08-03 03:00:08 GSD getOne 第 1 次 等待 3 秒
2021-08-03 03:00:11 查询号码 【1998448】，返回信息 {"status":"bad","msg":""}
2021-08-03 03:00:11 查询号码 【1998448】，GSD为【""】
2021-08-03 03:00:11 bad
2021-08-03 03:00:12 CHB 1998448?1627930811 第 1 次 等待 3 秒
2021-08-03 03:00:15 CHB 1998448?1627930811 第 1 次 获取到号码【1998448】GSD
2021-08-03 03:00:15 获取到号码【1998448】的GSD为【贵州-六盘水】
2021-08-03 03:00:34 GSD insert 第 1 次 等待 3 秒
2021-08-03 03:00:37 {"status":"ok","gid":485935,"msg":"添加成功！"}
2021-08-03 03:00:37 下次操作: 2021-08-03 03:00:51

2021-08-03 03:00:51 开始第 8 次操作

2021-08-03 03:00:51 开始操作号码 【1998447】
2021-08-03 03:01:01 GSD getOne 第 1 次 等待 3 秒
2021-08-03 03:01:04 查询号码 【1998447】，返回信息 {"status":"bad","msg":""}
2021-08-03 03:01:04 查询号码 【1998447】，GSD为【""】
2021-08-03 03:01:04 bad
2021-08-03 03:01:06 CHB 1998447?1627930864 第 1 次 等待 3 秒
2021-08-03 03:01:09 CHB 1998447?1627930864 第 1 次 获取到号码【1998447】GSD
2021-08-03 03:01:09 获取到号码【1998447】的GSD为【贵州-毕节】
2021-08-03 03:01:29 GSD insert 第 1 次 等待 3 秒
2021-08-03 03:01:32 {"status":"ok","gid":485949,"msg":"添加成功！"}
2021-08-03 03:01:32 下次操作: 2021-08-03 03:01:44

2021-08-03 03:01:44 开始第 9 次操作

2021-08-03 03:01:44 开始操作号码 【1998446】
2021-08-03 03:01:49 GSD getOne 第 1 次 等待 3 秒
2021-08-03 03:01:52 查询号码 【1998446】，返回信息 {"status":"bad","msg":""}
2021-08-03 03:01:52 查询号码 【1998446】，GSD为【""】
2021-08-03 03:01:52 bad
2021-08-03 03:01:53 CHB 1998446?1627930912 第 1 次 等待 3 秒
2021-08-03 03:01:56 CHB 1998446?1627930912 第 1 次 获取到号码【1998446】GSD
2021-08-03 03:01:57 获取到号码【1998446】的GSD为【贵州-铜仁】
2021-08-03 03:02:19 GSD insert 第 1 次 等待 3 秒
2021-08-03 03:02:22 {"status":"ok","gid":485962,"msg":"添加成功！"}
2021-08-03 03:02:22 下次操作: 2021-08-03 03:02:46

2021-08-03 03:02:46 开始第 10 次操作

2021-08-03 03:02:46 开始操作号码 【1998445】
2021-08-03 03:02:52 GSD getOne 第 1 次 等待 3 秒
2021-08-03 03:02:55 查询号码 【1998445】，返回信息 {"status":"ok","msg":"贵州-黔东南","gid":"82987","time_insert":"2021-06-06 16:24","time_update":"2021-06-26 01:32"}
2021-08-03 03:02:55 查询号码 【1998445】，GSD为【"贵州-黔东南"】

2021-08-03 03:02:55 开始第 10 次操作

2021-08-03 03:02:55 开始操作号码 【1998444】
2021-08-03 03:03:15 GSD getOne 第 1 次 等待 3 秒
2021-08-03 03:03:18 查询号码 【1998444】，返回信息 {"status":"bad","msg":""}
2021-08-03 03:03:18 查询号码 【1998444】，GSD为【""】
2021-08-03 03:03:18 bad
2021-08-03 03:03:19 CHB 1998444?1627930998 第 1 次 等待 3 秒
2021-08-03 03:03:22 CHB 1998444?1627930998 第 1 次 获取到号码【1998444】GSD
2021-08-03 03:03:22 获取到号码【1998444】的GSD为【贵州-遵义】
2021-08-03 03:03:44 GSD insert 第 1 次 等待 3 秒
2021-08-03 03:03:47 {"status":"ok","gid":485981,"msg":"添加成功！"}
2021-08-03 03:03:47 下次操作: 2021-08-03 03:04:05

2021-08-03 03:04:05 开始第 11 次操作

2021-08-03 03:04:05 开始操作号码 【1998443】
2021-08-03 03:04:10 GSD getOne 第 1 次 等待 3 秒
2021-08-03 03:04:13 查询号码 【1998443】，返回信息 {"status":"bad","msg":""}
2021-08-03 03:04:13 查询号码 【1998443】，GSD为【""】
2021-08-03 03:04:13 bad
2021-08-03 03:04:15 CHB 1998443?1627931053 第 1 次 等待 3 秒
2021-08-03 03:04:18 CHB 1998443?1627931053 第 1 次 获取到号码【1998443】GSD
2021-08-03 03:04:18 获取到号码【1998443】的GSD为【贵州-安顺】
2021-08-03 03:04:38 GSD insert 第 1 次 等待 3 秒
2021-08-03 03:04:41 {"status":"ok","gid":485995,"msg":"添加成功！"}
2021-08-03 03:04:41 下次操作: 2021-08-03 03:05:03

2021-08-03 03:05:03 开始第 12 次操作

2021-08-03 03:05:03 开始操作号码 【1998442】
2021-08-03 03:05:07 GSD getOne 第 1 次 等待 3 秒
2021-08-03 03:05:10 查询号码 【1998442】，返回信息 {"status":"bad","msg":""}
2021-08-03 03:05:10 查询号码 【1998442】，GSD为【""】
2021-08-03 03:05:10 bad
2021-08-03 03:05:11 CHB 1998442?1627931110 第 1 次 等待 3 秒
2021-08-03 03:05:14 CHB 1998442?1627931110 第 1 次 获取到号码【1998442】GSD
2021-08-03 03:05:14 获取到号码【1998442】的GSD为【贵州-遵义】
2021-08-03 03:05:36 GSD insert 第 1 次 等待 3 秒
2021-08-03 03:05:39 {"status":"ok","gid":486005,"msg":"添加成功！"}
2021-08-03 03:05:39 下次操作: 2021-08-03 03:05:51

2021-08-03 03:05:51 开始第 13 次操作

2021-08-03 03:05:51 开始操作号码 【1998441】
2021-08-03 03:06:03 GSD getOne 第 1 次 等待 3 秒
2021-08-03 03:06:06 查询号码 【1998441】，返回信息 {"status":"bad","msg":""}
2021-08-03 03:06:06 查询号码 【1998441】，GSD为【""】
2021-08-03 03:06:06 bad
2021-08-03 03:06:08 CHB 1998441?1627931166 第 1 次 等待 3 秒
2021-08-03 03:06:11 CHB 1998441?1627931166 第 1 次 获取到号码【1998441】GSD
2021-08-03 03:06:11 获取到号码【1998441】的GSD为【贵州-贵阳】
2021-08-03 03:06:33 GSD insert 第 1 次 等待 3 秒
2021-08-03 03:06:36 {"status":"ok","gid":486019,"msg":"添加成功！"}
2021-08-03 03:06:36 下次操作: 2021-08-03 03:06:49

2021-08-03 03:06:49 开始第 14 次操作

2021-08-03 03:06:49 开始操作号码 【1998440】
2021-08-03 03:06:56 GSD getOne 第 1 次 等待 3 秒
2021-08-03 03:06:59 查询号码 【1998440】，返回信息 {"status":"bad","msg":""}
2021-08-03 03:06:59 查询号码 【1998440】，GSD为【""】
2021-08-03 03:06:59 bad
2021-08-03 03:07:00 CHB 1998440?1627931219 第 1 次 等待 3 秒
2021-08-03 03:07:03 CHB 1998440?1627931219 第 1 次 获取到号码【1998440】GSD
2021-08-03 03:07:03 获取到号码【1998440】的GSD为【贵州-贵阳】
2021-08-03 03:07:27 GSD insert 第 1 次 等待 3 秒
2021-08-03 03:07:30 {"status":"ok","gid":486031,"msg":"添加成功！"}
2021-08-03 03:07:30 下次操作: 2021-08-03 03:07:51

2021-08-03 03:07:51 开始第 15 次操作

2021-08-03 03:07:51 开始操作号码 【1998439】
2021-08-03 03:08:03 GSD getOne 第 1 次 等待 3 秒
2021-08-03 03:08:06 查询号码 【1998439】，返回信息 {"status":"bad","msg":""}
2021-08-03 03:08:07 查询号码 【1998439】，GSD为【""】
2021-08-03 03:08:07 bad
2021-08-03 03:08:09 CHB 1998439?1627931287 第 1 次 等待 3 秒
2021-08-03 03:08:12 CHB 1998439?1627931287 第 1 次 获取到号码【1998439】GSD
2021-08-03 03:08:12 未获取到号码【1998439】GSD，可能号码格式错误
2021-08-03 03:08:12 获取到号码【1998439】的GSD为【-】
2021-08-03 03:08:26 GSD insert 第 1 次 等待 3 秒
2021-08-03 03:08:29 {"status":"ok","gid":486044,"msg":"添加成功！"}
2021-08-03 03:08:29 下次操作: 2021-08-03 03:08:52

2021-08-03 03:08:52 开始第 16 次操作

2021-08-03 03:08:52 开始操作号码 【1998438】
2021-08-03 03:09:01 GSD getOne 第 1 次 等待 3 秒
2021-08-03 03:09:04 查询号码 【1998438】，返回信息 {"status":"bad","msg":""}
2021-08-03 03:09:04 查询号码 【1998438】，GSD为【""】
2021-08-03 03:09:04 bad
2021-08-03 03:09:05 CHB 1998438?1627931344 第 1 次 等待 3 秒
2021-08-03 03:09:08 CHB 1998438?1627931344 第 1 次 获取到号码【1998438】GSD
2021-08-03 03:09:08 未获取到号码【1998438】GSD，可能号码格式错误
2021-08-03 03:09:08 获取到号码【1998438】的GSD为【-】
2021-08-03 03:09:28 GSD insert 第 1 次 等待 3 秒
2021-08-03 03:09:31 {"status":"ok","gid":486058,"msg":"添加成功！"}
2021-08-03 03:09:31 下次操作: 2021-08-03 03:09:45

2021-08-03 03:09:45 开始第 17 次操作

2021-08-03 03:09:45 开始操作号码 【1998437】
2021-08-03 03:09:52 GSD getOne 第 1 次 等待 3 秒
2021-08-03 03:09:55 查询号码 【1998437】，返回信息 {"status":"bad","msg":""}
2021-08-03 03:09:55 查询号码 【1998437】，GSD为【""】
2021-08-03 03:09:55 bad
2021-08-03 03:09:57 CHB 1998437?1627931395 第 1 次 等待 3 秒
2021-08-03 03:10:00 CHB 1998437?1627931395 第 1 次 获取到号码【1998437】GSD
2021-08-03 03:10:00 未获取到号码【1998437】GSD，可能号码格式错误
2021-08-03 03:10:00 获取到号码【1998437】的GSD为【-】
2021-08-03 03:10:27 GSD insert 第 1 次 等待 3 秒
2021-08-03 03:10:30 {"status":"ok","gid":486070,"msg":"添加成功！"}
2021-08-03 03:10:30 下次操作: 2021-08-03 03:10:43

2021-08-03 03:10:43 开始第 18 次操作

2021-08-03 03:10:43 开始操作号码 【1998436】
2021-08-03 03:10:48 GSD getOne 第 1 次 等待 3 秒
2021-08-03 03:10:51 查询号码 【1998436】，返回信息 {"status":"bad","msg":""}
2021-08-03 03:10:51 查询号码 【1998436】，GSD为【""】
2021-08-03 03:10:51 bad
2021-08-03 03:10:53 CHB 1998436?1627931451 第 1 次 等待 3 秒
2021-08-03 03:10:56 CHB 1998436?1627931451 第 1 次 获取到号码【1998436】GSD
2021-08-03 03:10:56 未获取到号码【1998436】GSD，可能号码格式错误
2021-08-03 03:10:56 获取到号码【1998436】的GSD为【-】
2021-08-03 03:11:16 GSD insert 第 1 次 等待 3 秒
2021-08-03 03:11:19 {"status":"ok","gid":486084,"msg":"添加成功！"}
2021-08-03 03:11:19 下次操作: 2021-08-03 03:11:40

2021-08-03 03:11:40 开始第 19 次操作

2021-08-03 03:11:40 开始操作号码 【1998435】
2021-08-03 03:11:47 GSD getOne 第 1 次 等待 3 秒
2021-08-03 03:11:50 查询号码 【1998435】，返回信息 {"status":"bad","msg":""}
2021-08-03 03:11:50 查询号码 【1998435】，GSD为【""】
2021-08-03 03:11:50 bad
2021-08-03 03:11:52 CHB 1998435?1627931510 第 1 次 等待 3 秒
2021-08-03 03:11:55 CHB 1998435?1627931510 第 1 次 获取到号码【1998435】GSD
2021-08-03 03:11:55 未获取到号码【1998435】GSD，可能号码格式错误
2021-08-03 03:11:55 获取到号码【1998435】的GSD为【-】
2021-08-03 03:12:19 GSD insert 第 1 次 等待 3 秒
2021-08-03 03:12:22 {"status":"ok","gid":486096,"msg":"添加成功！"}
2021-08-03 03:12:22 下次操作: 2021-08-03 03:12:39

2021-08-03 03:12:39 开始第 20 次操作

2021-08-03 03:12:39 开始操作号码 【1998434】
2021-08-03 03:12:54 GSD getOne 第 1 次 等待 3 秒
2021-08-03 03:12:57 查询号码 【1998434】，返回信息 {"status":"bad","msg":""}
2021-08-03 03:12:57 查询号码 【1998434】，GSD为【""】
2021-08-03 03:12:57 bad
2021-08-03 03:12:59 CHB 1998434?1627931577 第 1 次 等待 3 秒
2021-08-03 03:13:02 CHB 1998434?1627931577 第 1 次 获取到号码【1998434】GSD
2021-08-03 03:13:02 未获取到号码【1998434】GSD，可能号码格式错误
2021-08-03 03:13:02 获取到号码【1998434】的GSD为【-】
2021-08-03 03:13:24 GSD insert 第 1 次 等待 3 秒
2021-08-03 03:13:27 {"status":"ok","gid":486110,"msg":"添加成功！"}
2021-08-03 03:13:27 下次操作: 2021-08-03 03:13:39

2021-08-03 03:13:39 开始第 21 次操作

2021-08-03 03:13:39 开始操作号码 【1998433】
2021-08-03 03:13:47 GSD getOne 第 1 次 等待 3 秒
2021-08-03 03:13:50 查询号码 【1998433】，返回信息 {"status":"bad","msg":""}
2021-08-03 03:13:50 查询号码 【1998433】，GSD为【""】
2021-08-03 03:13:50 bad
2021-08-03 03:13:52 CHB 1998433?1627931630 第 1 次 等待 3 秒
2021-08-03 03:13:55 CHB 1998433?1627931630 第 1 次 获取到号码【1998433】GSD
2021-08-03 03:13:55 未获取到号码【1998433】GSD，可能号码格式错误
2021-08-03 03:13:55 获取到号码【1998433】的GSD为【-】
2021-08-03 03:14:14 GSD insert 第 1 次 等待 3 秒
2021-08-03 03:14:17 {"status":"ok","gid":486119,"msg":"添加成功！"}
2021-08-03 03:14:17 下次操作: 2021-08-03 03:14:41

2021-08-03 03:14:41 开始第 22 次操作

2021-08-03 03:14:41 开始操作号码 【1998432】
2021-08-03 03:14:45 GSD getOne 第 1 次 等待 3 秒
2021-08-03 03:14:48 查询号码 【1998432】，返回信息 {"status":"bad","msg":""}
2021-08-03 03:14:49 查询号码 【1998432】，GSD为【""】
2021-08-03 03:14:49 bad
2021-08-03 03:14:50 CHB 1998432?1627931689 第 1 次 等待 3 秒
2021-08-03 03:14:53 CHB 1998432?1627931689 第 1 次 获取到号码【1998432】GSD
2021-08-03 03:14:53 未获取到号码【1998432】GSD，可能号码格式错误
2021-08-03 03:14:53 获取到号码【1998432】的GSD为【-】
2021-08-03 03:15:14 GSD insert 第 1 次 等待 3 秒
2021-08-03 03:15:17 {"status":"ok","gid":486131,"msg":"添加成功！"}
2021-08-03 03:15:17 下次操作: 2021-08-03 03:15:29

2021-08-03 03:15:29 开始第 23 次操作

2021-08-03 03:15:29 开始操作号码 【1998431】
2021-08-03 03:15:35 GSD getOne 第 1 次 等待 3 秒
2021-08-03 03:15:38 查询号码 【1998431】，返回信息 {"status":"bad","msg":""}
2021-08-03 03:15:38 查询号码 【1998431】，GSD为【""】
2021-08-03 03:15:38 bad
2021-08-03 03:15:40 CHB 1998431?1627931738 第 1 次 等待 3 秒
2021-08-03 03:15:43 CHB 1998431?1627931738 第 1 次 获取到号码【1998431】GSD
2021-08-03 03:15:43 未获取到号码【1998431】GSD，可能号码格式错误
2021-08-03 03:15:43 获取到号码【1998431】的GSD为【-】
2021-08-03 03:16:03 GSD insert 第 1 次 等待 3 秒
2021-08-03 03:16:06 {"status":"ok","gid":486142,"msg":"添加成功！"}
2021-08-03 03:16:06 下次操作: 2021-08-03 03:16:28

2021-08-03 03:16:28 开始第 24 次操作

2021-08-03 03:16:28 开始操作号码 【1998430】
2021-08-03 03:16:33 GSD getOne 第 1 次 等待 3 秒
2021-08-03 03:16:36 查询号码 【1998430】，返回信息 {"status":"bad","msg":""}
2021-08-03 03:16:36 查询号码 【1998430】，GSD为【""】
2021-08-03 03:16:36 bad
2021-08-03 03:16:38 CHB 1998430?1627931796 第 1 次 等待 3 秒
2021-08-03 03:16:41 CHB 1998430?1627931796 第 1 次 获取到号码【1998430】GSD
2021-08-03 03:16:41 未获取到号码【1998430】GSD，可能号码格式错误
2021-08-03 03:16:41 获取到号码【1998430】的GSD为【-】
2021-08-03 03:17:01 GSD insert 第 1 次 等待 3 秒
2021-08-03 03:17:04 {"status":"ok","gid":486151,"msg":"添加成功！"}
2021-08-03 03:17:04 下次操作: 2021-08-03 03:17:21

2021-08-03 03:17:21 开始第 25 次操作

2021-08-03 03:17:21 开始操作号码 【1998429】
2021-08-03 03:17:25 GSD getOne 第 1 次 等待 3 秒
2021-08-03 03:17:28 查询号码 【1998429】，返回信息 {"status":"bad","msg":""}
2021-08-03 03:17:28 查询号码 【1998429】，GSD为【""】
2021-08-03 03:17:28 bad
2021-08-03 03:17:29 CHB 1998429?1627931848 第 1 次 等待 3 秒
2021-08-03 03:17:32 CHB 1998429?1627931848 第 1 次 获取到号码【1998429】GSD
2021-08-03 03:17:33 未获取到号码【1998429】GSD，可能号码格式错误
2021-08-03 03:17:33 获取到号码【1998429】的GSD为【-】
2021-08-03 03:17:52 GSD insert 第 1 次 等待 3 秒
2021-08-03 03:17:55 {"status":"ok","gid":486154,"msg":"添加成功！"}
2021-08-03 03:17:55 下次操作: 2021-08-03 03:18:18

2021-08-03 03:18:18 开始第 26 次操作

2021-08-03 03:18:18 开始操作号码 【1998428】
2021-08-03 03:18:24 GSD getOne 第 1 次 等待 3 秒
2021-08-03 03:18:27 查询号码 【1998428】，返回信息 {"status":"bad","msg":""}
2021-08-03 03:18:27 查询号码 【1998428】，GSD为【""】
2021-08-03 03:18:27 bad
2021-08-03 03:18:29 CHB 1998428?1627931907 第 1 次 等待 3 秒
2021-08-03 03:18:32 CHB 1998428?1627931907 第 1 次 获取到号码【1998428】GSD
2021-08-03 03:18:32 未获取到号码【1998428】GSD，可能号码格式错误
2021-08-03 03:18:32 获取到号码【1998428】的GSD为【-】
2021-08-03 03:18:57 GSD insert 第 1 次 等待 3 秒
2021-08-03 03:19:00 {"status":"ok","gid":486160,"msg":"添加成功！"}
2021-08-03 03:19:00 下次操作: 2021-08-03 03:19:21

2021-08-03 03:19:21 开始第 27 次操作

2021-08-03 03:19:21 开始操作号码 【1998427】
2021-08-03 03:19:28 GSD getOne 第 1 次 等待 3 秒
2021-08-03 03:19:31 查询号码 【1998427】，返回信息 {"status":"bad","msg":""}
2021-08-03 03:19:31 查询号码 【1998427】，GSD为【""】
2021-08-03 03:19:31 bad
2021-08-03 03:19:33 CHB 1998427?1627931971 第 1 次 等待 3 秒
2021-08-03 03:19:36 CHB 1998427?1627931971 第 1 次 获取到号码【1998427】GSD
2021-08-03 03:19:36 未获取到号码【1998427】GSD，可能号码格式错误
2021-08-03 03:19:36 获取到号码【1998427】的GSD为【-】
2021-08-03 03:20:05 GSD insert 第 1 次 等待 3 秒
2021-08-03 03:20:08 {"status":"ok","gid":486165,"msg":"添加成功！"}
2021-08-03 03:20:08 下次操作: 2021-08-03 03:20:20

2021-08-03 03:20:20 开始第 28 次操作

2021-08-03 03:20:20 开始操作号码 【1998426】
2021-08-03 03:20:25 GSD getOne 第 1 次 等待 3 秒
2021-08-03 03:20:28 查询号码 【1998426】，返回信息 {"status":"bad","msg":""}
2021-08-03 03:20:28 查询号码 【1998426】，GSD为【""】
2021-08-03 03:20:28 bad
2021-08-03 03:20:30 CHB 1998426?1627932029 第 1 次 等待 3 秒
2021-08-03 03:20:33 CHB 1998426?1627932029 第 1 次 获取到号码【1998426】GSD
2021-08-03 03:20:33 未获取到号码【1998426】GSD，可能号码格式错误
2021-08-03 03:20:33 获取到号码【1998426】的GSD为【-】
2021-08-03 03:20:54 GSD insert 第 1 次 等待 3 秒
2021-08-03 03:20:57 {"status":"ok","gid":486168,"msg":"添加成功！"}
2021-08-03 03:20:57 下次操作: 2021-08-03 03:21:10

2021-08-03 03:21:10 开始第 29 次操作

2021-08-03 03:21:10 开始操作号码 【1998425】
2021-08-03 03:21:17 GSD getOne 第 1 次 等待 3 秒
2021-08-03 03:21:20 查询号码 【1998425】，返回信息 {"status":"bad","msg":""}
2021-08-03 03:21:20 查询号码 【1998425】，GSD为【""】
2021-08-03 03:21:20 bad
2021-08-03 03:21:22 CHB 1998425?1627932080 第 1 次 等待 3 秒
2021-08-03 03:21:25 CHB 1998425?1627932080 第 1 次 获取到号码【1998425】GSD
2021-08-03 03:21:25 未获取到号码【1998425】GSD，可能号码格式错误
2021-08-03 03:21:25 获取到号码【1998425】的GSD为【-】
2021-08-03 03:21:44 GSD insert 第 1 次 等待 3 秒
2021-08-03 03:21:47 {"status":"ok","gid":486172,"msg":"添加成功！"}
2021-08-03 03:21:47 下次操作: 2021-08-03 03:22:06

2021-08-03 03:22:06 开始第 30 次操作

2021-08-03 03:22:06 开始操作号码 【1998424】
2021-08-03 03:22:09 GSD getOne 第 1 次 等待 3 秒
2021-08-03 03:22:12 查询号码 【1998424】，返回信息 {"status":"bad","msg":""}
2021-08-03 03:22:12 查询号码 【1998424】，GSD为【""】
2021-08-03 03:22:12 bad
2021-08-03 03:22:14 CHB 1998424?1627932132 第 1 次 等待 3 秒
2021-08-03 03:22:17 CHB 1998424?1627932132 第 1 次 获取到号码【1998424】GSD
2021-08-03 03:22:17 未获取到号码【1998424】GSD，可能号码格式错误
2021-08-03 03:22:17 获取到号码【1998424】的GSD为【-】
2021-08-03 03:22:36 GSD insert 第 1 次 等待 3 秒
2021-08-03 03:22:39 {"status":"ok","gid":486175,"msg":"添加成功！"}
2021-08-03 03:22:39 下次操作: 2021-08-03 03:23:02

2021-08-03 03:23:02 开始第 31 次操作

2021-08-03 03:23:02 开始操作号码 【1998423】
2021-08-03 03:23:07 GSD getOne 第 1 次 等待 3 秒
2021-08-03 03:23:10 查询号码 【1998423】，返回信息 {"status":"bad","msg":""}
2021-08-03 03:23:10 查询号码 【1998423】，GSD为【""】
2021-08-03 03:23:10 bad
2021-08-03 03:23:11 CHB 1998423?1627932190 第 1 次 等待 3 秒
2021-08-03 03:23:14 CHB 1998423?1627932190 第 1 次 获取到号码【1998423】GSD
2021-08-03 03:23:14 未获取到号码【1998423】GSD，可能号码格式错误
2021-08-03 03:23:14 获取到号码【1998423】的GSD为【-】
2021-08-03 03:23:34 GSD insert 第 1 次 等待 3 秒
2021-08-03 03:23:37 {"status":"ok","gid":486179,"msg":"添加成功！"}
2021-08-03 03:23:37 下次操作: 2021-08-03 03:23:56

2021-08-03 03:23:56 开始第 32 次操作

2021-08-03 03:23:56 开始操作号码 【1998422】
2021-08-03 03:24:00 GSD getOne 第 1 次 等待 3 秒
2021-08-03 03:24:03 查询号码 【1998422】，返回信息 {"status":"bad","msg":""}
2021-08-03 03:24:03 查询号码 【1998422】，GSD为【""】
2021-08-03 03:24:03 bad
2021-08-03 03:24:05 CHB 1998422?1627932243 第 1 次 等待 3 秒
2021-08-03 03:24:08 CHB 1998422?1627932243 第 1 次 获取到号码【1998422】GSD
2021-08-03 03:24:08 未获取到号码【1998422】GSD，可能号码格式错误
2021-08-03 03:24:08 获取到号码【1998422】的GSD为【-】
2021-08-03 03:24:27 GSD insert 第 1 次 等待 3 秒
2021-08-03 03:24:30 {"status":"ok","gid":486182,"msg":"添加成功！"}
2021-08-03 03:24:30 下次操作: 2021-08-03 03:24:49

2021-08-03 03:24:49 开始第 33 次操作

2021-08-03 03:24:49 开始操作号码 【1998421】
2021-08-03 03:24:53 GSD getOne 第 1 次 等待 3 秒
2021-08-03 03:24:56 查询号码 【1998421】，返回信息 {"status":"bad","msg":""}
2021-08-03 03:24:56 查询号码 【1998421】，GSD为【""】
2021-08-03 03:24:56 bad
2021-08-03 03:24:58 CHB 1998421?1627932296 第 1 次 等待 3 秒
2021-08-03 03:25:01 CHB 1998421?1627932296 第 1 次 获取到号码【1998421】GSD
2021-08-03 03:25:01 未获取到号码【1998421】GSD，可能号码格式错误
2021-08-03 03:25:01 获取到号码【1998421】的GSD为【-】
2021-08-03 03:25:20 GSD insert 第 1 次 等待 3 秒
2021-08-03 03:25:23 {"status":"ok","gid":486185,"msg":"添加成功！"}
2021-08-03 03:25:23 下次操作: 2021-08-03 03:25:39

2021-08-03 03:25:39 开始第 34 次操作

2021-08-03 03:25:39 开始操作号码 【1998420】
2021-08-03 03:25:45 GSD getOne 第 1 次 等待 3 秒
2021-08-03 03:25:48 查询号码 【1998420】，返回信息 {"status":"bad","msg":""}
2021-08-03 03:25:48 查询号码 【1998420】，GSD为【""】
2021-08-03 03:25:48 bad
2021-08-03 03:25:49 CHB 1998420?1627932348 第 1 次 等待 3 秒
2021-08-03 03:25:52 CHB 1998420?1627932348 第 1 次 获取到号码【1998420】GSD
2021-08-03 03:25:52 未获取到号码【1998420】GSD，可能号码格式错误
2021-08-03 03:25:52 获取到号码【1998420】的GSD为【-】
2021-08-03 03:26:11 GSD insert 第 1 次 等待 3 秒
2021-08-03 03:26:14 {"status":"ok","gid":486189,"msg":"添加成功！"}
2021-08-03 03:26:14 下次操作: 2021-08-03 03:26:26

2021-08-03 03:26:26 开始第 35 次操作

2021-08-03 03:26:26 开始操作号码 【1998419】
2021-08-03 03:26:32 GSD getOne 第 1 次 等待 3 秒
2021-08-03 03:26:35 查询号码 【1998419】，返回信息 {"status":"bad","msg":""}
2021-08-03 03:26:35 查询号码 【1998419】，GSD为【""】
2021-08-03 03:26:35 bad
2021-08-03 03:26:36 CHB 1998419?1627932395 第 1 次 等待 3 秒
2021-08-03 03:26:39 CHB 1998419?1627932395 第 1 次 获取到号码【1998419】GSD
2021-08-03 03:26:40 获取到号码【1998419】的GSD为【辽宁-大连】
2021-08-03 03:26:59 GSD insert 第 1 次 等待 3 秒
2021-08-03 03:27:02 {"status":"ok","gid":486194,"msg":"添加成功！"}
2021-08-03 03:27:02 下次操作: 2021-08-03 03:27:20

2021-08-03 03:27:20 开始第 36 次操作

2021-08-03 03:27:20 开始操作号码 【1998418】
2021-08-03 03:27:27 GSD getOne 第 1 次 等待 3 秒
2021-08-03 03:27:30 查询号码 【1998418】，返回信息 {"status":"bad","msg":""}
2021-08-03 03:27:30 查询号码 【1998418】，GSD为【""】
2021-08-03 03:27:30 bad
2021-08-03 03:27:32 CHB 1998418?1627932450 第 1 次 等待 3 秒
2021-08-03 03:27:35 CHB 1998418?1627932450 第 1 次 获取到号码【1998418】GSD
2021-08-03 03:27:35 获取到号码【1998418】的GSD为【辽宁-营口】
2021-08-03 03:27:55 GSD insert 第 1 次 等待 3 秒
2021-08-03 03:27:58 {"status":"ok","gid":486199,"msg":"添加成功！"}
2021-08-03 03:27:58 下次操作: 2021-08-03 03:28:19

2021-08-03 03:28:19 开始第 37 次操作

2021-08-03 03:28:19 开始操作号码 【1998417】
2021-08-03 03:28:23 GSD getOne 第 1 次 等待 3 秒
2021-08-03 03:28:26 查询号码 【1998417】，返回信息 {"status":"bad","msg":""}
2021-08-03 03:28:26 查询号码 【1998417】，GSD为【""】
2021-08-03 03:28:26 bad
2021-08-03 03:28:28 CHB 1998417?1627932506 第 1 次 等待 3 秒
2021-08-03 03:28:31 CHB 1998417?1627932506 第 1 次 获取到号码【1998417】GSD
2021-08-03 03:28:31 获取到号码【1998417】的GSD为【辽宁-营口】
2021-08-03 03:28:51 GSD insert 第 1 次 等待 3 秒
2021-08-03 03:28:54 {"status":"ok","gid":486202,"msg":"添加成功！"}
2021-08-03 03:28:54 下次操作: 2021-08-03 03:29:14

2021-08-03 03:29:14 开始第 38 次操作

2021-08-03 03:29:14 开始操作号码 【1998416】
2021-08-03 03:29:37 GSD getOne 第 1 次 等待 3 秒
2021-08-03 03:29:40 查询号码 【1998416】，返回信息 {"status":"bad","msg":""}
2021-08-03 03:29:40 查询号码 【1998416】，GSD为【""】
2021-08-03 03:29:40 bad
2021-08-03 03:29:42 CHB 1998416?1627932580 第 1 次 等待 3 秒
2021-08-03 03:29:45 CHB 1998416?1627932580 第 1 次 获取到号码【1998416】GSD
2021-08-03 03:29:45 获取到号码【1998416】的GSD为【辽宁-营口】
2021-08-03 03:30:04 GSD insert 第 1 次 等待 3 秒
2021-08-03 03:30:07 {"status":"ok","gid":486205,"msg":"添加成功！"}
2021-08-03 03:30:07 下次操作: 2021-08-03 03:30:30

2021-08-03 03:30:30 开始第 39 次操作

2021-08-03 03:30:30 开始操作号码 【1998415】
2021-08-03 03:30:36 GSD getOne 第 1 次 等待 3 秒
2021-08-03 03:30:39 查询号码 【1998415】，返回信息 {"status":"bad","msg":""}
2021-08-03 03:30:39 查询号码 【1998415】，GSD为【""】
2021-08-03 03:30:39 bad
2021-08-03 03:30:41 CHB 1998415?1627932639 第 1 次 等待 3 秒
2021-08-03 03:30:44 CHB 1998415?1627932639 第 1 次 获取到号码【1998415】GSD
2021-08-03 03:30:44 获取到号码【1998415】的GSD为【辽宁-鞍山】
2021-08-03 03:31:03 GSD insert 第 1 次 等待 3 秒
2021-08-03 03:31:06 {"status":"ok","gid":486208,"msg":"添加成功！"}
2021-08-03 03:31:06 下次操作: 2021-08-03 03:31:20

2021-08-03 03:31:20 开始第 40 次操作

2021-08-03 03:31:20 开始操作号码 【1998414】
2021-08-03 03:31:24 GSD getOne 第 1 次 等待 3 秒
2021-08-03 03:31:27 查询号码 【1998414】，返回信息 {"status":"bad","msg":""}
2021-08-03 03:31:28 查询号码 【1998414】，GSD为【""】
2021-08-03 03:31:28 bad
2021-08-03 03:31:29 CHB 1998414?1627932688 第 1 次 等待 3 秒
2021-08-03 03:31:32 CHB 1998414?1627932688 第 1 次 获取到号码【1998414】GSD
2021-08-03 03:31:32 获取到号码【1998414】的GSD为【辽宁-鞍山】
2021-08-03 03:31:52 GSD insert 第 1 次 等待 3 秒
2021-08-03 03:31:55 {"status":"ok","gid":486211,"msg":"添加成功！"}

