2023-12-17 00:19:38 开始第 3553 次操作

2023-12-17 00:19:38 开始操作号码 【1833472】
2023-12-17 00:19:50 GSD getOne 第 1 次 等待 3 秒
2023-12-17 00:19:53 查询号码 【1833472】，返回信息 {"status":"ok","msg":"山西-太原","gid":"306397","time_insert":"2021-07-17 19:39"}
2023-12-17 00:19:53 查询号码 【1833472】，GSD为【"山西-太原"】

2023-12-17 00:19:54 开始第 3554 次操作

2023-12-17 00:19:54 开始操作号码 【1833473】
2023-12-17 00:19:58 GSD getOne 第 1 次 等待 3 秒
2023-12-17 00:20:01 查询号码 【1833473】，返回信息 {"status":"ok","msg":"山西-太原","gid":"306404","time_insert":"2021-07-17 19:40"}
2023-12-17 00:20:02 查询号码 【1833473】，GSD为【"山西-太原"】

2023-12-17 00:20:03 开始第 3555 次操作

2023-12-17 00:20:03 开始操作号码 【1833474】
2023-12-17 00:20:07 GSD getOne 第 1 次 等待 3 秒
2023-12-17 00:20:10 查询号码 【1833474】，返回信息 {"status":"ok","msg":"山西-太原","gid":"306413","time_insert":"2021-07-17 19:40"}
2023-12-17 00:20:10 查询号码 【1833474】，GSD为【"山西-太原"】

2023-12-17 00:20:11 开始第 3556 次操作

2023-12-17 00:20:11 开始操作号码 【1833475】
2023-12-17 00:20:16 GSD getOne 第 1 次 等待 3 秒
2023-12-17 00:20:19 查询号码 【1833475】，返回信息 {"status":"ok","msg":"山西-太原","gid":"306419","time_insert":"2021-07-17 19:41"}
2023-12-17 00:20:19 查询号码 【1833475】，GSD为【"山西-太原"】

2023-12-17 00:39:53 开始第 3557 次操作

2023-12-17 00:39:53 开始操作号码 【1833476】
2023-12-17 00:39:59 GSD getOne 第 1 次 等待 3 秒
2023-12-17 00:40:02 查询号码 【1833476】，返回信息 {"status":"ok","msg":"山西-太原","gid":"306427","time_insert":"2021-07-17 19:41"}
2023-12-17 00:40:02 查询号码 【1833476】，GSD为【"山西-太原"】

2023-12-17 00:40:03 开始第 3558 次操作

2023-12-17 00:40:03 开始操作号码 【1833477】
2023-12-17 00:40:07 GSD getOne 第 1 次 等待 3 秒
2023-12-17 00:40:10 查询号码 【1833477】，返回信息 {"status":"ok","msg":"山西-太原","gid":"306436","time_insert":"2021-07-17 19:42"}
2023-12-17 00:40:10 查询号码 【1833477】，GSD为【"山西-太原"】

2023-12-17 00:40:11 开始第 3559 次操作

2023-12-17 00:40:11 开始操作号码 【1833478】
2023-12-17 00:40:15 GSD getOne 第 1 次 等待 3 秒
2023-12-17 00:40:18 查询号码 【1833478】，返回信息 {"status":"ok","msg":"山西-太原","gid":"51446","time_insert":"2021-04-22 09:47"}
2023-12-17 00:40:18 查询号码 【1833478】，GSD为【"山西-太原"】

2023-12-17 00:40:19 开始第 3560 次操作

2023-12-17 00:40:19 开始操作号码 【1833479】
2023-12-17 00:40:24 GSD getOne 第 1 次 等待 3 秒
2023-12-17 00:40:27 查询号码 【1833479】，返回信息 {"status":"ok","msg":"山西-太原","gid":"306448","time_insert":"2021-07-17 19:43"}
2023-12-17 00:40:27 查询号码 【1833479】，GSD为【"山西-太原"】

