2024-09-27 00:27:06 开始第 6617 次操作

2024-09-27 00:27:06 开始操作号码 【1396616】
2024-09-27 00:27:09 GSD getOne 第 1 次 等待 3 秒
2024-09-27 00:27:12 查询号码 【1396616】，返回信息 {"status":"ok","msg":"安徽-宣城","gid":"319595","time_insert":"2021-07-18 22:07"}
2024-09-27 00:27:12 查询号码 【1396616】，GSD为【"安徽-宣城"】

2024-09-27 00:27:13 开始第 6618 次操作

2024-09-27 00:27:13 开始操作号码 【1396617】
2024-09-27 00:27:19 GSD getOne 第 1 次 等待 3 秒
2024-09-27 00:27:22 查询号码 【1396617】，返回信息 {"status":"ok","msg":"安徽-宣城","gid":"319603","time_insert":"2021-07-18 22:08","time_update":"2021-07-18 23:58"}
2024-09-27 00:27:22 查询号码 【1396617】，GSD为【"安徽-宣城"】

2024-09-27 00:27:24 开始第 6619 次操作

2024-09-27 00:27:24 开始操作号码 【1396618】
2024-09-27 00:27:26 GSD getOne 第 1 次 等待 3 秒
2024-09-27 00:27:29 查询号码 【1396618】，返回信息 {"status":"ok","msg":"安徽-宣城","gid":"319610","time_insert":"2021-07-18 22:09"}
2024-09-27 00:27:29 查询号码 【1396618】，GSD为【"安徽-宣城"】

2024-09-27 00:27:30 开始第 6620 次操作

2024-09-27 00:27:30 开始操作号码 【1396619】
2024-09-27 00:27:32 GSD getOne 第 1 次 等待 3 秒
2024-09-27 00:27:35 查询号码 【1396619】，返回信息 {"status":"ok","msg":"安徽-宣城","gid":"319616","time_insert":"2021-07-18 22:10"}
2024-09-27 00:27:35 查询号码 【1396619】，GSD为【"安徽-宣城"】

