2023-10-06 00:21:59 开始第 1705 次操作

2023-10-06 00:21:59 开始操作号码 【1931704】
2023-10-06 00:22:05 GSD getOne 第 1 次 等待 3 秒
2023-10-06 00:22:08 查询号码 【1931704】，返回信息 {"status":"ok","msg":"广西-崇左","gid":"505910","time_insert":"2021-08-12 14:56","time_update":"2023-06-08 14:18"}
2023-10-06 00:22:08 查询号码 【1931704】，GSD为【"广西-崇左"】

2023-10-06 00:22:09 开始第 1706 次操作

2023-10-06 00:22:09 开始操作号码 【1931705】
2023-10-06 00:22:12 GSD getOne 第 1 次 等待 3 秒
2023-10-06 00:22:15 查询号码 【1931705】，返回信息 {"status":"ok","msg":"广西-崇左","gid":"505943","time_insert":"2021-08-12 15:08","time_update":"2023-06-08 14:21"}
2023-10-06 00:22:15 查询号码 【1931705】，GSD为【"广西-崇左"】

2023-10-06 00:22:16 开始第 1707 次操作

2023-10-06 00:22:16 开始操作号码 【1931706】
2023-10-06 00:22:23 GSD getOne 第 1 次 等待 3 秒
2023-10-06 00:22:26 查询号码 【1931706】，返回信息 {"status":"ok","msg":"广西-崇左","gid":"505977","time_insert":"2021-08-12 15:22","time_update":"2023-06-08 14:23"}
2023-10-06 00:22:26 查询号码 【1931706】，GSD为【"广西-崇左"】

2023-10-06 00:22:27 开始第 1708 次操作

2023-10-06 00:22:27 开始操作号码 【1931707】
2023-10-06 00:22:30 GSD getOne 第 1 次 等待 3 秒
2023-10-06 00:22:33 查询号码 【1931707】，返回信息 {"status":"ok","msg":"广西-崇左","gid":"506000","time_insert":"2021-08-12 15:35","time_update":"2023-06-08 14:25"}
2023-10-06 00:22:33 查询号码 【1931707】，GSD为【"广西-崇左"】

