2024-12-06 00:09:30 开始第 8709 次操作

2024-12-06 00:09:30 开始操作号码 【1318708】
2024-12-06 00:09:31 GSD getOne 第 1 次 等待 3 秒
2024-12-06 00:09:34 查询号码 【1318708】，返回信息 {"status":"ok","msg":"湖南-长沙","gid":"211241","time_insert":"2021-07-07 03:37"}
2024-12-06 00:09:34 查询号码 【1318708】，GSD为【"湖南-长沙"】

2024-12-06 00:09:35 开始第 8710 次操作

2024-12-06 00:09:35 开始操作号码 【1318709】
2024-12-06 00:09:36 GSD getOne 第 1 次 等待 3 秒
2024-12-06 00:09:39 查询号码 【1318709】，返回信息 {"status":"ok","msg":"湖南-长沙","gid":"211234","time_insert":"2021-07-07 03:36"}
2024-12-06 00:09:39 查询号码 【1318709】，GSD为【"湖南-长沙"】

2024-12-06 00:09:40 开始第 8711 次操作

2024-12-06 00:09:40 开始操作号码 【1318710】
2024-12-06 00:09:41 GSD getOne 第 1 次 等待 3 秒
2024-12-06 00:09:44 查询号码 【1318710】，返回信息 {"status":"ok","msg":"湖南-永州","gid":"211067","time_insert":"2021-07-07 03:00"}
2024-12-06 00:09:44 查询号码 【1318710】，GSD为【"湖南-永州"】

2024-12-06 00:09:45 开始第 8712 次操作

2024-12-06 00:09:45 开始操作号码 【1318711】
2024-12-06 00:09:46 GSD getOne 第 1 次 等待 3 秒
2024-12-06 00:09:49 查询号码 【1318711】，返回信息 {"status":"ok","msg":"湖南-永州","gid":"211064","time_insert":"2021-07-07 03:00"}
2024-12-06 00:09:49 查询号码 【1318711】，GSD为【"湖南-永州"】

