2023-12-13 00:20:57 开始第 2845 次操作

2023-12-13 00:20:57 开始操作号码 【1832764】
2023-12-13 00:21:01 GSD getOne 第 1 次 等待 3 秒
2023-12-13 00:21:04 查询号码 【1832764】，返回信息 {"status":"ok","msg":"湖北-孝感","gid":"300014","time_insert":"2021-07-17 04:49"}
2023-12-13 00:21:04 查询号码 【1832764】，GSD为【"湖北-孝感"】

2023-12-13 00:21:05 开始第 2846 次操作

2023-12-13 00:21:05 开始操作号码 【1832765】
2023-12-13 00:21:11 GSD getOne 第 1 次 等待 3 秒
2023-12-13 00:21:14 查询号码 【1832765】，返回信息 {"status":"ok","msg":"湖北-孝感","gid":"37559","time_insert":"2017-04-19 11:23","time_update":"2020-09-18 21:30"}
2023-12-13 00:21:14 查询号码 【1832765】，GSD为【"湖北-孝感"】

2023-12-13 00:21:15 开始第 2847 次操作

2023-12-13 00:21:15 开始操作号码 【1832766】
2023-12-13 00:21:19 GSD getOne 第 1 次 等待 3 秒
2023-12-13 00:21:22 查询号码 【1832766】，返回信息 {"status":"ok","msg":"湖北-孝感","gid":"37560","time_insert":"2017-08-19 09:51","time_update":"2020-09-18 21:34"}
2023-12-13 00:21:22 查询号码 【1832766】，GSD为【"湖北-孝感"】

2023-12-13 00:21:23 开始第 2848 次操作

2023-12-13 00:21:23 开始操作号码 【1832767】
2023-12-13 00:21:26 GSD getOne 第 1 次 等待 3 秒
2023-12-13 00:21:29 查询号码 【1832767】，返回信息 {"status":"ok","msg":"湖北-孝感","gid":"300026","time_insert":"2021-07-17 04:50"}
2023-12-13 00:21:30 查询号码 【1832767】，GSD为【"湖北-孝感"】

