2023-11-19 00:19:26 开始第 9277 次操作

2023-11-19 00:19:26 开始操作号码 【1939195】
2023-11-19 00:19:30 GSD getOne 第 1 次 等待 3 秒
2023-11-19 00:19:33 查询号码 【1939195】，返回信息 {"status":"ok","msg":"陕西-渭南","gid":"441530","time_insert":"2021-07-30 06:13"}
2023-11-19 00:19:33 查询号码 【1939195】，GSD为【"陕西-渭南"】

2023-11-19 00:19:34 开始第 9278 次操作

2023-11-19 00:19:34 开始操作号码 【1939196】
2023-11-19 00:19:39 GSD getOne 第 1 次 等待 3 秒
2023-11-19 00:19:42 查询号码 【1939196】，返回信息 {"status":"ok","msg":"陕西-渭南","gid":"441527","time_insert":"2021-07-30 06:12"}
2023-11-19 00:19:42 查询号码 【1939196】，GSD为【"陕西-渭南"】

2023-11-19 00:19:43 开始第 9279 次操作

2023-11-19 00:19:43 开始操作号码 【1939197】
2023-11-19 00:19:48 GSD getOne 第 1 次 等待 3 秒
2023-11-19 00:19:51 查询号码 【1939197】，返回信息 {"status":"ok","msg":"陕西-渭南","gid":"441524","time_insert":"2021-07-30 06:12"}
2023-11-19 00:19:51 查询号码 【1939197】，GSD为【"陕西-渭南"】

2023-11-19 00:19:52 开始第 9280 次操作

2023-11-19 00:19:52 开始操作号码 【1939198】
2023-11-19 00:20:02 GSD getOne 第 1 次 等待 3 秒
2023-11-19 00:20:05 查询号码 【1939198】，返回信息 {"status":"ok","msg":"陕西-渭南","gid":"441521","time_insert":"2021-07-30 06:11"}
2023-11-19 00:20:05 查询号码 【1939198】，GSD为【"陕西-渭南"】

2023-11-19 00:38:45 开始第 9281 次操作

2023-11-19 00:38:45 开始操作号码 【1939199】
2023-11-19 00:38:52 GSD getOne 第 1 次 等待 3 秒
2023-11-19 00:38:55 查询号码 【1939199】，返回信息 {"status":"ok","msg":"陕西-榆林","gid":"441516","time_insert":"2021-07-30 06:10"}
2023-11-19 00:38:55 查询号码 【1939199】，GSD为【"陕西-榆林"】

2023-11-19 00:38:56 开始第 9282 次操作

2023-11-19 00:38:56 开始操作号码 【1939200】
2023-11-19 00:39:00 GSD getOne 第 1 次 等待 3 秒
2023-11-19 00:39:03 查询号码 【1939200】，返回信息 {"status":"ok","msg":"湖南-常德","gid":"441508","time_insert":"2021-07-30 06:09"}
2023-11-19 00:39:03 查询号码 【1939200】，GSD为【"湖南-常德"】

2023-11-19 00:39:04 开始第 9283 次操作

2023-11-19 00:39:04 开始操作号码 【1939201】
2023-11-19 00:39:11 GSD getOne 第 1 次 等待 3 秒
2023-11-19 00:39:14 查询号码 【1939201】，返回信息 {"status":"ok","msg":"湖南-常德","gid":"441501","time_insert":"2021-07-30 06:08"}
2023-11-19 00:39:14 查询号码 【1939201】，GSD为【"湖南-常德"】

2023-11-19 00:39:15 开始第 9284 次操作

2023-11-19 00:39:15 开始操作号码 【1939202】
2023-11-19 00:39:18 GSD getOne 第 1 次 等待 3 秒
2023-11-19 00:39:21 查询号码 【1939202】，返回信息 {"status":"ok","msg":"湖南-常德","gid":"441493","time_insert":"2021-07-30 06:07"}
2023-11-19 00:39:21 查询号码 【1939202】，GSD为【"湖南-常德"】

2023-11-19 01:13:23 开始第 9285 次操作

2023-11-19 01:13:23 开始操作号码 【1939203】
2023-11-19 01:13:26 GSD getOne 第 1 次 等待 3 秒
2023-11-19 01:13:29 查询号码 【1939203】，返回信息 {"status":"ok","msg":"湖南-常德","gid":"441488","time_insert":"2021-07-30 06:07"}
2023-11-19 01:13:30 查询号码 【1939203】，GSD为【"湖南-常德"】

2023-11-19 01:13:31 开始第 9286 次操作

2023-11-19 01:13:31 开始操作号码 【1939204】
2023-11-19 01:13:34 GSD getOne 第 1 次 等待 3 秒
2023-11-19 01:13:37 查询号码 【1939204】，返回信息 {"status":"ok","msg":"湖南-常德","gid":"441482","time_insert":"2021-07-30 06:06"}
2023-11-19 01:13:37 查询号码 【1939204】，GSD为【"湖南-常德"】

2023-11-19 01:13:38 开始第 9287 次操作

2023-11-19 01:13:38 开始操作号码 【1939205】
2023-11-19 01:13:45 GSD getOne 第 1 次 等待 3 秒
2023-11-19 01:13:48 查询号码 【1939205】，返回信息 {"status":"ok","msg":"湖南-常德","gid":"441474","time_insert":"2021-07-30 06:05"}
2023-11-19 01:13:48 查询号码 【1939205】，GSD为【"湖南-常德"】

2023-11-19 01:13:49 开始第 9288 次操作

2023-11-19 01:13:49 开始操作号码 【1939206】
2023-11-19 01:13:52 GSD getOne 第 1 次 等待 3 秒
2023-11-19 01:13:55 查询号码 【1939206】，返回信息 {"status":"ok","msg":"湖南-湘西","gid":"441461","time_insert":"2021-07-30 06:04"}
2023-11-19 01:13:55 查询号码 【1939206】，GSD为【"湖南-湘西"】

