2024-01-11 00:22:24 开始第 8005 次操作

2024-01-11 00:22:24 开始操作号码 【1837924】
2024-01-11 00:22:26 GSD getOne 第 1 次 等待 3 秒
2024-01-11 00:22:29 查询号码 【1837924】，返回信息 {"status":"ok","msg":"江西-九江","gid":"353922","time_insert":"2021-07-22 09:46"}
2024-01-11 00:22:30 查询号码 【1837924】，GSD为【"江西-九江"】

2024-01-11 00:22:31 开始第 8006 次操作

2024-01-11 00:22:31 开始操作号码 【1837925】
2024-01-11 00:22:33 GSD getOne 第 1 次 等待 3 秒
2024-01-11 00:22:36 查询号码 【1837925】，返回信息 {"status":"ok","msg":"江西-九江","gid":"353931","time_insert":"2021-07-22 09:47"}
2024-01-11 00:22:36 查询号码 【1837925】，GSD为【"江西-九江"】

2024-01-11 00:22:37 开始第 8007 次操作

2024-01-11 00:22:37 开始操作号码 【1837926】
2024-01-11 00:22:40 GSD getOne 第 1 次 等待 3 秒
2024-01-11 00:22:43 查询号码 【1837926】，返回信息 {"status":"ok","msg":"江西-九江","gid":"353936","time_insert":"2021-07-22 09:47"}
2024-01-11 00:22:43 查询号码 【1837926】，GSD为【"江西-九江"】

2024-01-11 00:22:44 开始第 8008 次操作

2024-01-11 00:22:44 开始操作号码 【1837927】
2024-01-11 00:22:48 GSD getOne 第 1 次 等待 3 秒
2024-01-11 00:22:51 查询号码 【1837927】，返回信息 {"status":"ok","msg":"江西-九江","gid":"353941","time_insert":"2021-07-22 09:48"}
2024-01-11 00:22:51 查询号码 【1837927】，GSD为【"江西-九江"】

2024-01-11 00:40:40 开始第 8009 次操作

2024-01-11 00:40:40 开始操作号码 【1837928】
2024-01-11 00:40:43 GSD getOne 第 1 次 等待 3 秒
2024-01-11 00:40:46 查询号码 【1837928】，返回信息 {"status":"ok","msg":"江西-九江","gid":"353951","time_insert":"2021-07-22 09:48"}
2024-01-11 00:40:46 查询号码 【1837928】，GSD为【"江西-九江"】

2024-01-11 00:40:47 开始第 8010 次操作

2024-01-11 00:40:47 开始操作号码 【1837929】
2024-01-11 00:40:51 GSD getOne 第 1 次 等待 3 秒
2024-01-11 00:40:54 查询号码 【1837929】，返回信息 {"status":"ok","msg":"江西-九江","gid":"353957","time_insert":"2021-07-22 09:49"}
2024-01-11 00:40:54 查询号码 【1837929】，GSD为【"江西-九江"】

2024-01-11 00:40:55 开始第 8011 次操作

2024-01-11 00:40:55 开始操作号码 【1837930】
2024-01-11 00:40:58 GSD getOne 第 1 次 等待 3 秒
2024-01-11 00:41:01 查询号码 【1837930】，返回信息 {"status":"ok","msg":"江西-上饶","gid":"353966","time_insert":"2021-07-22 09:50"}
2024-01-11 00:41:01 查询号码 【1837930】，GSD为【"江西-上饶"】

2024-01-11 00:41:02 开始第 8012 次操作

2024-01-11 00:41:02 开始操作号码 【1837931】
2024-01-11 00:41:08 GSD getOne 第 1 次 等待 3 秒
2024-01-11 00:41:11 查询号码 【1837931】，返回信息 {"status":"ok","msg":"江西-上饶","gid":"353976","time_insert":"2021-07-22 09:50"}
2024-01-11 00:41:11 查询号码 【1837931】，GSD为【"江西-上饶"】

