2023-10-04 00:21:31 开始第 1353 次操作

2023-10-04 00:21:31 开始操作号码 【1931352】
2023-10-04 00:21:34 GSD getOne 第 1 次 等待 3 秒
2023-10-04 00:21:37 查询号码 【1931352】，返回信息 {"status":"ok","msg":"江西-南昌","gid":"500188","time_insert":"2021-08-08 22:27","time_update":"2023-06-06 13:14"}
2023-10-04 00:21:37 查询号码 【1931352】，GSD为【"江西-南昌"】

2023-10-04 00:21:38 开始第 1354 次操作

2023-10-04 00:21:38 开始操作号码 【1931353】
2023-10-04 00:21:56 GSD getOne 第 1 次 等待 3 秒
2023-10-04 00:21:59 查询号码 【1931353】，返回信息 {"status":"ok","msg":"江西-南昌","gid":"500198","time_insert":"2021-08-08 22:44","time_update":"2023-06-06 13:18"}
2023-10-04 00:21:59 查询号码 【1931353】，GSD为【"江西-南昌"】

2023-10-04 00:22:00 开始第 1355 次操作

2023-10-04 00:22:00 开始操作号码 【1931354】
2023-10-04 00:22:02 GSD getOne 第 1 次 等待 3 秒
2023-10-04 00:22:06 查询号码 【1931354】，返回信息 {"status":"ok","msg":"江西-南昌","gid":"500210","time_insert":"2021-08-08 23:01","time_update":"2023-06-06 13:21"}
2023-10-04 00:22:06 查询号码 【1931354】，GSD为【"江西-南昌"】

2023-10-04 00:22:07 开始第 1356 次操作

2023-10-04 00:22:07 开始操作号码 【1931355】
2023-10-04 00:22:09 GSD getOne 第 1 次 等待 3 秒
2023-10-04 00:22:12 查询号码 【1931355】，返回信息 {"status":"ok","msg":"江西-南昌","gid":"500220","time_insert":"2021-08-08 23:17","time_update":"2023-06-06 13:23"}
2023-10-04 00:22:12 查询号码 【1931355】，GSD为【"江西-南昌"】

