2024-10-24 00:08:20 开始第 1133 次操作

2024-10-24 00:08:20 开始操作号码 【1311132】
2024-10-24 00:08:21 GSD getOne 第 1 次 等待 3 秒
2024-10-24 00:08:24 查询号码 【1311132】，返回信息 {"status":"ok","msg":"河北-邯郸","gid":"63762","time_insert":"2021-05-21 07:49"}
2024-10-24 00:08:24 查询号码 【1311132】，GSD为【"河北-邯郸"】

2024-10-24 00:08:25 开始第 1134 次操作

2024-10-24 00:08:25 开始操作号码 【1311133】
2024-10-24 00:08:26 GSD getOne 第 1 次 等待 3 秒
2024-10-24 00:08:29 查询号码 【1311133】，返回信息 {"status":"ok","msg":"河北-邯郸","gid":"63783","time_insert":"2021-05-21 08:19"}
2024-10-24 00:08:29 查询号码 【1311133】，GSD为【"河北-邯郸"】

2024-10-24 00:08:30 开始第 1135 次操作

2024-10-24 00:08:30 开始操作号码 【1311134】
2024-10-24 00:08:31 GSD getOne 第 1 次 等待 3 秒
2024-10-24 00:08:34 查询号码 【1311134】，返回信息 {"status":"ok","msg":"河北-邯郸","gid":"63794","time_insert":"2021-05-21 08:26"}
2024-10-24 00:08:34 查询号码 【1311134】，GSD为【"河北-邯郸"】

2024-10-24 00:08:35 开始第 1136 次操作

2024-10-24 00:08:35 开始操作号码 【1311135】
2024-10-24 00:08:36 GSD getOne 第 1 次 等待 3 秒
2024-10-24 00:08:39 查询号码 【1311135】，返回信息 {"status":"ok","msg":"河北-邯郸","gid":"63820","time_insert":"2021-05-21 08:46"}
2024-10-24 00:08:39 查询号码 【1311135】，GSD为【"河北-邯郸"】

2024-10-24 00:42:55 开始第 1137 次操作

2024-10-24 00:42:55 开始操作号码 【1311136】
2024-10-24 00:42:57 GSD getOne 第 1 次 等待 3 秒
2024-10-24 00:43:00 查询号码 【1311136】，返回信息 {"status":"ok","msg":"河北-邯郸","gid":"63833","time_insert":"2021-05-21 09:11"}
2024-10-24 00:43:00 查询号码 【1311136】，GSD为【"河北-邯郸"】

2024-10-24 00:43:01 开始第 1138 次操作

2024-10-24 00:43:01 开始操作号码 【1311137】
2024-10-24 00:43:02 GSD getOne 第 1 次 等待 3 秒
2024-10-24 00:43:05 查询号码 【1311137】，返回信息 {"status":"ok","msg":"河北-邯郸","gid":"63846","time_insert":"2021-05-21 09:36"}
2024-10-24 00:43:05 查询号码 【1311137】，GSD为【"河北-邯郸"】

2024-10-24 00:43:06 开始第 1139 次操作

2024-10-24 00:43:06 开始操作号码 【1311138】
2024-10-24 00:43:07 GSD getOne 第 1 次 等待 3 秒
2024-10-24 00:43:10 查询号码 【1311138】，返回信息 {"status":"ok","msg":"河北-邯郸","gid":"63853","time_insert":"2021-05-21 09:52"}
2024-10-24 00:43:10 查询号码 【1311138】，GSD为【"河北-邯郸"】

2024-10-24 00:43:11 开始第 1140 次操作

2024-10-24 00:43:11 开始操作号码 【1311139】
2024-10-24 00:43:12 GSD getOne 第 1 次 等待 3 秒
2024-10-24 00:43:15 查询号码 【1311139】，返回信息 {"status":"ok","msg":"河北-邯郸","gid":"63867","time_insert":"2021-05-21 10:20"}
2024-10-24 00:43:15 查询号码 【1311139】，GSD为【"河北-邯郸"】

