2024-05-09 00:21:19 开始第 7825 次操作

2024-05-09 00:21:19 开始操作号码 【1617741】
2024-05-09 00:21:25 GSD getOne 第 1 次 等待 3 秒
2024-05-09 00:21:28 查询号码 【1617741】，返回信息 {"status":"ok","msg":"-","gid":"691620","time_insert":"2023-05-04 04:50"}
2024-05-09 00:21:28 查询号码 【1617741】，GSD为【"-"】
2024-05-09 00:21:28 ok && -
2024-05-09 00:21:31 CHB 1617741?1715185288 第 1 次 等待 3 秒
2024-05-09 00:21:34 CHB 1617741?1715185288 第 1 次 获取到号码【1617741】GSD
2024-05-09 00:21:34 未获取到号码【1617741】GSD，可能号码格式错误
2024-05-09 00:21:34 获取到号码【1617741】的GSD为【-】
2024-05-09 00:21:42 GSD insert 第 1 次 等待 3 秒
2024-05-09 00:21:45 {"status":"bad","gid":"691620","msg":"添加失败！号码【1617741(-|-)】已存在！"}
2024-05-09 00:21:45 随机等待 120 秒，约 2 分钟
2024-05-09 00:21:45 下次操作: 2024-05-09 00:23:45

2024-05-09 00:23:45 开始第 7826 次操作

2024-05-09 00:23:45 开始操作号码 【1617742】
2024-05-09 00:23:51 GSD getOne 第 1 次 等待 3 秒
2024-05-09 00:23:54 查询号码 【1617742】，返回信息 {"status":"ok","msg":"-","gid":"691636","time_insert":"2023-05-04 05:06"}
2024-05-09 00:23:54 查询号码 【1617742】，GSD为【"-"】
2024-05-09 00:23:54 ok && -
2024-05-09 00:23:56 CHB 1617742?1715185434 第 1 次 等待 3 秒
2024-05-09 00:23:59 CHB 1617742?1715185434 第 1 次 获取到号码【1617742】GSD
2024-05-09 00:23:59 未获取到号码【1617742】GSD，可能号码格式错误
2024-05-09 00:23:59 获取到号码【1617742】的GSD为【-】
2024-05-09 00:24:12 GSD insert 第 1 次 等待 3 秒
2024-05-09 00:24:15 {"status":"bad","gid":"691636","msg":"添加失败！号码【1617742(-|-)】已存在！"}
2024-05-09 00:24:15 随机等待 234 秒，约 3 分钟
2024-05-09 00:24:15 下次操作: 2024-05-09 00:28:09

2024-05-09 00:28:09 开始第 7827 次操作

2024-05-09 00:28:09 开始操作号码 【1617743】
2024-05-09 00:28:16 GSD getOne 第 1 次 等待 3 秒
2024-05-09 00:28:19 查询号码 【1617743】，返回信息 {"status":"ok","msg":"-","gid":"691653","time_insert":"2023-05-04 05:27"}
2024-05-09 00:28:19 查询号码 【1617743】，GSD为【"-"】
2024-05-09 00:28:19 ok && -
2024-05-09 00:28:21 CHB 1617743?1715185699 第 1 次 等待 3 秒
2024-05-09 00:28:24 CHB 1617743?1715185699 第 1 次 获取到号码【1617743】GSD
2024-05-09 00:28:24 未获取到号码【1617743】GSD，可能号码格式错误
2024-05-09 00:28:24 获取到号码【1617743】的GSD为【-】
2024-05-09 00:28:32 GSD insert 第 1 次 等待 3 秒
2024-05-09 00:28:35 {"status":"bad","gid":"691653","msg":"添加失败！号码【1617743(-|-)】已存在！"}
2024-05-09 00:28:35 随机等待 170 秒，约 2 分钟
2024-05-09 00:28:35 下次操作: 2024-05-09 00:31:25

2024-05-09 00:31:25 开始第 7828 次操作

2024-05-09 00:31:25 开始操作号码 【1617744】
2024-05-09 00:31:30 GSD getOne 第 1 次 等待 3 秒
2024-05-09 00:31:33 查询号码 【1617744】，返回信息 {"status":"ok","msg":"-","gid":"691664","time_insert":"2023-05-04 05:41"}
2024-05-09 00:31:34 查询号码 【1617744】，GSD为【"-"】
2024-05-09 00:31:34 ok && -
2024-05-09 00:31:36 CHB 1617744?1715185894 第 1 次 等待 3 秒
2024-05-09 00:31:39 CHB 1617744?1715185894 第 1 次 获取到号码【1617744】GSD
2024-05-09 00:31:39 未获取到号码【1617744】GSD，可能号码格式错误
2024-05-09 00:31:39 获取到号码【1617744】的GSD为【-】
2024-05-09 00:31:44 GSD insert 第 1 次 等待 3 秒
2024-05-09 00:31:47 {"status":"bad","gid":"691664","msg":"添加失败！号码【1617744(-|-)】已存在！"}

