2024-11-21 00:09:08 开始第 6081 次操作

2024-11-21 00:09:08 开始操作号码 【1316080】
2024-11-21 00:09:09 GSD getOne 第 1 次 等待 3 秒
2024-11-21 00:09:12 查询号码 【1316080】，返回信息 {"status":"ok","msg":"广东-广州","gid":"240249","time_insert":"2021-07-10 14:59"}
2024-11-21 00:09:12 查询号码 【1316080】，GSD为【"广东-广州"】

2024-11-21 00:09:13 开始第 6082 次操作

2024-11-21 00:09:13 开始操作号码 【1316081】
2024-11-21 00:09:14 GSD getOne 第 1 次 等待 3 秒
2024-11-21 00:09:17 查询号码 【1316081】，返回信息 {"status":"ok","msg":"广东-广州","gid":"240238","time_insert":"2021-07-10 14:58"}
2024-11-21 00:09:17 查询号码 【1316081】，GSD为【"广东-广州"】

2024-11-21 00:09:18 开始第 6083 次操作

2024-11-21 00:09:18 开始操作号码 【1316082】
2024-11-21 00:09:20 GSD getOne 第 1 次 等待 3 秒
2024-11-21 00:09:23 查询号码 【1316082】，返回信息 {"status":"ok","msg":"广东-广州","gid":"240227","time_insert":"2021-07-10 14:58"}
2024-11-21 00:09:23 查询号码 【1316082】，GSD为【"广东-广州"】

2024-11-21 00:09:24 开始第 6084 次操作

2024-11-21 00:09:24 开始操作号码 【1316083】
2024-11-21 00:09:25 GSD getOne 第 1 次 等待 3 秒
2024-11-21 00:09:28 查询号码 【1316083】，返回信息 {"status":"ok","msg":"广东-广州","gid":"240213","time_insert":"2021-07-10 14:57"}
2024-11-21 00:09:28 查询号码 【1316083】，GSD为【"广东-广州"】

