2024-11-20 00:09:09 开始第 5905 次操作

2024-11-20 00:09:09 开始操作号码 【1315904】
2024-11-20 00:09:11 GSD getOne 第 1 次 等待 3 秒
2024-11-20 00:09:14 查询号码 【1315904】，返回信息 {"status":"ok","msg":"福建-泉州","gid":"242220","time_insert":"2021-07-10 19:48"}
2024-11-20 00:09:14 查询号码 【1315904】，GSD为【"福建-泉州"】

2024-11-20 00:09:15 开始第 5906 次操作

2024-11-20 00:09:15 开始操作号码 【1315905】
2024-11-20 00:09:16 GSD getOne 第 1 次 等待 3 秒
2024-11-20 00:09:19 查询号码 【1315905】，返回信息 {"status":"ok","msg":"福建-泉州","gid":"1487","time_insert":"2019-04-23 14:15","time_update":"2020-09-06 19:16"}
2024-11-20 00:09:19 查询号码 【1315905】，GSD为【"福建-泉州"】

2024-11-20 00:09:20 开始第 5907 次操作

2024-11-20 00:09:20 开始操作号码 【1315906】
2024-11-20 00:09:21 GSD getOne 第 1 次 等待 3 秒
2024-11-20 00:09:24 查询号码 【1315906】，返回信息 {"status":"ok","msg":"福建-泉州","gid":"242213","time_insert":"2021-07-10 19:47"}
2024-11-20 00:09:24 查询号码 【1315906】，GSD为【"福建-泉州"】

2024-11-20 00:09:25 开始第 5908 次操作

2024-11-20 00:09:25 开始操作号码 【1315907】
2024-11-20 00:09:27 GSD getOne 第 1 次 等待 3 秒
2024-11-20 00:09:30 查询号码 【1315907】，返回信息 {"status":"ok","msg":"福建-泉州","gid":"242206","time_insert":"2021-07-10 19:47"}
2024-11-20 00:09:30 查询号码 【1315907】，GSD为【"福建-泉州"】

