2023-12-16 00:21:53 开始第 3373 次操作

2023-12-16 00:21:53 开始操作号码 【1833292】
2023-12-16 00:21:58 GSD getOne 第 1 次 等待 3 秒
2023-12-16 00:22:01 查询号码 【1833292】，返回信息 {"status":"ok","msg":"河北-唐山","gid":"304596","time_insert":"2021-07-17 15:47"}
2023-12-16 00:22:01 查询号码 【1833292】，GSD为【"河北-唐山"】

2023-12-16 00:22:02 开始第 3374 次操作

2023-12-16 00:22:02 开始操作号码 【1833293】
2023-12-16 00:22:09 GSD getOne 第 1 次 等待 3 秒
2023-12-16 00:22:12 查询号码 【1833293】，返回信息 {"status":"ok","msg":"河北-唐山","gid":"304603","time_insert":"2021-07-17 15:48"}
2023-12-16 00:22:12 查询号码 【1833293】，GSD为【"河北-唐山"】

2023-12-16 00:22:13 开始第 3375 次操作

2023-12-16 00:22:13 开始操作号码 【1833294】
2023-12-16 00:22:20 GSD getOne 第 1 次 等待 3 秒
2023-12-16 00:22:23 查询号码 【1833294】，返回信息 {"status":"ok","msg":"河北-唐山","gid":"304614","time_insert":"2021-07-17 15:49"}
2023-12-16 00:22:23 查询号码 【1833294】，GSD为【"河北-唐山"】

2023-12-16 00:22:24 开始第 3376 次操作

2023-12-16 00:22:24 开始操作号码 【1833295】
2023-12-16 00:22:31 GSD getOne 第 1 次 等待 3 秒
2023-12-16 00:22:34 查询号码 【1833295】，返回信息 {"status":"ok","msg":"河北-唐山","gid":"304624","time_insert":"2021-07-17 15:49"}
2023-12-16 00:22:34 查询号码 【1833295】，GSD为【"河北-唐山"】

