2024-06-21 00:23:47 开始第 1777 次操作

2024-06-21 00:23:47 开始操作号码 【1501688】
2024-06-21 00:24:19 GSD getOne 第 1 次 等待 3 秒
2024-06-21 00:24:23 查询号码 【1501688】，返回信息 {"status":"ok","msg":"广东-东莞","gid":"15262","time_insert":"2019-07-11 13:44","time_update":"2020-09-29 08:06"}
2024-06-21 00:24:23 查询号码 【1501688】，GSD为【"广东-东莞"】

2024-06-21 00:24:24 开始第 1778 次操作

2024-06-21 00:24:24 开始操作号码 【1501689】
2024-06-21 00:24:41 GSD getOne 第 1 次 等待 3 秒
2024-06-21 00:24:44 查询号码 【1501689】，返回信息 {"status":"ok","msg":"广东-东莞","gid":"98474","time_insert":"2021-06-15 19:51"}
2024-06-21 00:24:44 查询号码 【1501689】，GSD为【"广东-东莞"】

2024-06-21 00:24:45 开始第 1779 次操作

2024-06-21 00:24:45 开始操作号码 【1501690】
2024-06-21 00:25:04 GSD getOne 第 1 次 等待 3 秒
2024-06-21 00:25:07 查询号码 【1501690】，返回信息 {"status":"ok","msg":"广东-东莞","gid":"98496","time_insert":"2021-06-15 20:11"}
2024-06-21 00:25:07 查询号码 【1501690】，GSD为【"广东-东莞"】

2024-06-21 00:25:09 开始第 1780 次操作

2024-06-21 00:25:09 开始操作号码 【1501691】
2024-06-21 00:25:31 GSD getOne 第 1 次 等待 3 秒
2024-06-21 00:25:34 查询号码 【1501691】，返回信息 {"status":"ok","msg":"广东-东莞","gid":"98513","time_insert":"2021-06-15 20:28"}
2024-06-21 00:25:34 查询号码 【1501691】，GSD为【"广东-东莞"】

2024-06-21 00:41:27 开始第 1781 次操作

2024-06-21 00:41:27 开始操作号码 【1501692】
2024-06-21 00:41:40 GSD getOne 第 1 次 等待 3 秒
2024-06-21 00:41:43 查询号码 【1501692】，返回信息 {"status":"ok","msg":"广东-东莞","gid":"98545","time_insert":"2021-06-15 20:56"}
2024-06-21 00:41:44 查询号码 【1501692】，GSD为【"广东-东莞"】

2024-06-21 00:41:45 开始第 1782 次操作

2024-06-21 00:41:45 开始操作号码 【1501693】
2024-06-21 00:41:54 GSD getOne 第 1 次 等待 3 秒
2024-06-21 00:41:57 查询号码 【1501693】，返回信息 {"status":"ok","msg":"广东-东莞","gid":"98572","time_insert":"2021-06-15 21:19"}
2024-06-21 00:41:57 查询号码 【1501693】，GSD为【"广东-东莞"】

2024-06-21 00:41:58 开始第 1783 次操作

2024-06-21 00:41:58 开始操作号码 【1501694】
2024-06-21 00:42:08 GSD getOne 第 1 次 等待 3 秒
2024-06-21 00:42:11 查询号码 【1501694】，返回信息 {"status":"ok","msg":"广东-东莞","gid":"15263","time_insert":"2019-02-14 11:02","time_update":"2020-09-29 08:07"}
2024-06-21 00:42:11 查询号码 【1501694】，GSD为【"广东-东莞"】

2024-06-21 00:42:12 开始第 1784 次操作

2024-06-21 00:42:12 开始操作号码 【1501695】
2024-06-21 00:42:20 GSD getOne 第 1 次 等待 3 秒
2024-06-21 00:42:23 查询号码 【1501695】，返回信息 {"status":"ok","msg":"广东-东莞","gid":"98598","time_insert":"2021-06-15 21:40"}
2024-06-21 00:42:23 查询号码 【1501695】，GSD为【"广东-东莞"】

2024-06-21 01:14:57 开始第 1785 次操作

2024-06-21 01:14:57 开始操作号码 【1501696】
2024-06-21 01:15:06 GSD getOne 第 1 次 等待 3 秒
2024-06-21 01:15:09 查询号码 【1501696】，返回信息 {"status":"ok","msg":"广东-东莞","gid":"98624","time_insert":"2021-06-15 22:01"}
2024-06-21 01:15:09 查询号码 【1501696】，GSD为【"广东-东莞"】

2024-06-21 01:15:10 开始第 1786 次操作

2024-06-21 01:15:10 开始操作号码 【1501697】
2024-06-21 01:15:21 GSD getOne 第 1 次 等待 3 秒
2024-06-21 01:15:24 查询号码 【1501697】，返回信息 {"status":"ok","msg":"广东-东莞","gid":"98647","time_insert":"2021-06-15 22:25","time_update":"2021-06-15 22:48"}
2024-06-21 01:15:24 查询号码 【1501697】，GSD为【"广东-东莞"】

2024-06-21 01:15:25 开始第 1787 次操作

2024-06-21 01:15:25 开始操作号码 【1501698】
2024-06-21 01:15:34 GSD getOne 第 1 次 等待 3 秒
2024-06-21 01:15:37 查询号码 【1501698】，返回信息 {"status":"ok","msg":"广东-东莞","gid":"98670","time_insert":"2021-06-15 22:44"}
2024-06-21 01:15:37 查询号码 【1501698】，GSD为【"广东-东莞"】

2024-06-21 01:15:38 开始第 1788 次操作

2024-06-21 01:15:38 开始操作号码 【1501699】
2024-06-21 01:15:52 GSD getOne 第 1 次 等待 3 秒
2024-06-21 01:15:55 查询号码 【1501699】，返回信息 {"status":"ok","msg":"广东-东莞","gid":"98691","time_insert":"2021-06-15 23:03"}
2024-06-21 01:15:55 查询号码 【1501699】，GSD为【"广东-东莞"】

2024-06-21 01:37:06 开始第 1789 次操作

2024-06-21 01:37:06 开始操作号码 【1501700】
2024-06-21 01:37:15 GSD getOne 第 1 次 等待 3 秒
2024-06-21 01:37:18 查询号码 【1501700】，返回信息 {"status":"ok","msg":"广东-东莞","gid":"98720","time_insert":"2021-06-15 23:30"}
2024-06-21 01:37:18 查询号码 【1501700】，GSD为【"广东-东莞"】

2024-06-21 01:37:19 开始第 1790 次操作

2024-06-21 01:37:19 开始操作号码 【1501701】
2024-06-21 01:37:31 GSD getOne 第 1 次 等待 3 秒
2024-06-21 01:37:34 查询号码 【1501701】，返回信息 {"status":"ok","msg":"广东-东莞","gid":"15264","time_insert":"2018-03-17 17:27","time_update":"2020-09-29 08:11"}
2024-06-21 01:37:34 查询号码 【1501701】，GSD为【"广东-东莞"】

2024-06-21 01:37:35 开始第 1791 次操作

2024-06-21 01:37:35 开始操作号码 【1501702】
2024-06-21 01:37:45 GSD getOne 第 1 次 等待 3 秒
2024-06-21 01:37:48 查询号码 【1501702】，返回信息 {"status":"ok","msg":"广东-东莞","gid":"15265","time_insert":"2018-11-06 10:30","time_update":"2020-09-29 08:16"}
2024-06-21 01:37:49 查询号码 【1501702】，GSD为【"广东-东莞"】

2024-06-21 01:37:50 开始第 1792 次操作

2024-06-21 01:37:50 开始操作号码 【1501703】
2024-06-21 01:38:08 GSD getOne 第 1 次 等待 3 秒
2024-06-21 01:38:11 查询号码 【1501703】，返回信息 {"status":"ok","msg":"广东-东莞","gid":"98753","time_insert":"2021-06-15 23:54"}
2024-06-21 01:38:11 查询号码 【1501703】，GSD为【"广东-东莞"】

2024-06-21 02:24:36 开始第 1793 次操作

2024-06-21 02:24:36 开始操作号码 【1501704】
2024-06-21 02:24:44 GSD getOne 第 1 次 等待 3 秒
2024-06-21 02:24:47 查询号码 【1501704】，返回信息 {"status":"ok","msg":"广东-东莞","gid":"98778","time_insert":"2021-06-16 00:19"}
2024-06-21 02:24:47 查询号码 【1501704】，GSD为【"广东-东莞"】

2024-06-21 02:24:48 开始第 1794 次操作

2024-06-21 02:24:48 开始操作号码 【1501705】
2024-06-21 02:24:57 GSD getOne 第 1 次 等待 3 秒
2024-06-21 02:25:00 查询号码 【1501705】，返回信息 {"status":"ok","msg":"广东-东莞","gid":"98806","time_insert":"2021-06-16 00:48"}
2024-06-21 02:25:00 查询号码 【1501705】，GSD为【"广东-东莞"】

2024-06-21 02:25:01 开始第 1795 次操作

2024-06-21 02:25:01 开始操作号码 【1501706】
2024-06-21 02:25:11 GSD getOne 第 1 次 等待 3 秒
2024-06-21 02:25:14 查询号码 【1501706】，返回信息 {"status":"ok","msg":"广东-东莞","gid":"98827","time_insert":"2021-06-16 01:05"}
2024-06-21 02:25:14 查询号码 【1501706】，GSD为【"广东-东莞"】

2024-06-21 02:25:15 开始第 1796 次操作

2024-06-21 02:25:15 开始操作号码 【1501707】
2024-06-21 02:25:25 GSD getOne 第 1 次 等待 3 秒
2024-06-21 02:25:28 查询号码 【1501707】，返回信息 {"status":"ok","msg":"广东-东莞","gid":"15266","time_insert":"2019-04-01 09:31","time_update":"2020-09-29 08:21"}
2024-06-21 02:25:28 查询号码 【1501707】，GSD为【"广东-东莞"】

2024-06-21 02:39:42 开始第 1797 次操作

2024-06-21 02:39:42 开始操作号码 【1501708】
2024-06-21 02:40:32 GSD getOne 第 1 次 等待 3 秒
2024-06-21 02:40:35 查询号码 【1501708】，返回信息 {"status":"ok","msg":"广东-东莞","gid":"98866","time_insert":"2021-06-16 01:37"}
2024-06-21 02:40:35 查询号码 【1501708】，GSD为【"广东-东莞"】

2024-06-21 02:40:36 开始第 1798 次操作

2024-06-21 02:40:36 开始操作号码 【1501709】
2024-06-21 02:41:08 GSD getOne 第 1 次 等待 3 秒
2024-06-21 02:41:11 查询号码 【1501709】，返回信息 {"status":"ok","msg":"广东-东莞","gid":"98886","time_insert":"2021-06-16 01:56"}
2024-06-21 02:41:11 查询号码 【1501709】，GSD为【"广东-东莞"】

2024-06-21 02:41:12 开始第 1799 次操作

2024-06-21 02:41:12 开始操作号码 【1501710】
2024-06-21 02:41:49 GSD getOne 第 1 次 等待 3 秒
2024-06-21 02:41:52 查询号码 【1501710】，返回信息 {"status":"ok","msg":"广东-东莞","gid":"15267","time_insert":"2017-04-25 14:01","time_update":"2020-09-29 08:25"}
2024-06-21 02:41:52 查询号码 【1501710】，GSD为【"广东-东莞"】

2024-06-21 02:41:53 开始第 1800 次操作

2024-06-21 02:41:53 开始操作号码 【1501711】
2024-06-21 02:42:15 GSD getOne 第 1 次 等待 3 秒
2024-06-21 02:42:18 查询号码 【1501711】，返回信息 {"status":"ok","msg":"广东-东莞","gid":"98912","time_insert":"2021-06-16 02:21"}
2024-06-21 02:42:18 查询号码 【1501711】，GSD为【"广东-东莞"】

2024-06-21 03:14:25 开始第 1801 次操作

2024-06-21 03:14:25 开始操作号码 【1501712】
2024-06-21 03:14:38 GSD getOne 第 1 次 等待 3 秒
2024-06-21 03:14:41 查询号码 【1501712】，返回信息 {"status":"ok","msg":"广东-东莞","gid":"98947","time_insert":"2021-06-16 02:50"}
2024-06-21 03:14:41 查询号码 【1501712】，GSD为【"广东-东莞"】

2024-06-21 03:14:42 开始第 1802 次操作

2024-06-21 03:14:42 开始操作号码 【1501713】
2024-06-21 03:14:52 GSD getOne 第 1 次 等待 3 秒
2024-06-21 03:14:55 查询号码 【1501713】，返回信息 {"status":"ok","msg":"广东-东莞","gid":"98978","time_insert":"2021-06-16 03:14"}
2024-06-21 03:14:55 查询号码 【1501713】，GSD为【"广东-东莞"】

2024-06-21 03:14:56 开始第 1803 次操作

2024-06-21 03:14:56 开始操作号码 【1501714】
2024-06-21 03:15:15 GSD getOne 第 1 次 等待 3 秒
2024-06-21 03:15:18 查询号码 【1501714】，返回信息 {"status":"ok","msg":"广东-东莞","gid":"99003","time_insert":"2021-06-16 03:35"}
2024-06-21 03:15:18 查询号码 【1501714】，GSD为【"广东-东莞"】

2024-06-21 03:15:19 开始第 1804 次操作

2024-06-21 03:15:19 开始操作号码 【1501715】
2024-06-21 03:15:45 GSD getOne 第 1 次 等待 3 秒
2024-06-21 03:15:48 查询号码 【1501715】，返回信息 {"status":"ok","msg":"广东-东莞","gid":"99029","time_insert":"2021-06-16 03:56"}
2024-06-21 03:15:48 查询号码 【1501715】，GSD为【"广东-东莞"】

2024-06-21 03:37:31 开始第 1805 次操作

2024-06-21 03:37:31 开始操作号码 【1501716】
2024-06-21 03:37:43 GSD getOne 第 1 次 等待 3 秒
2024-06-21 03:37:46 查询号码 【1501716】，返回信息 {"status":"ok","msg":"广东-东莞","gid":"99050","time_insert":"2021-06-16 04:15"}
2024-06-21 03:37:46 查询号码 【1501716】，GSD为【"广东-东莞"】

2024-06-21 03:37:47 开始第 1806 次操作

2024-06-21 03:37:47 开始操作号码 【1501717】
2024-06-21 03:37:56 GSD getOne 第 1 次 等待 3 秒
2024-06-21 03:37:59 查询号码 【1501717】，返回信息 {"status":"ok","msg":"广东-东莞","gid":"99071","time_insert":"2021-06-16 04:34"}
2024-06-21 03:37:59 查询号码 【1501717】，GSD为【"广东-东莞"】

2024-06-21 03:38:00 开始第 1807 次操作

2024-06-21 03:38:00 开始操作号码 【1501718】
2024-06-21 03:38:18 GSD getOne 第 1 次 等待 3 秒
2024-06-21 03:38:21 查询号码 【1501718】，返回信息 {"status":"ok","msg":"广东-东莞","gid":"99090","time_insert":"2021-06-16 04:50"}
2024-06-21 03:38:21 查询号码 【1501718】，GSD为【"广东-东莞"】

2024-06-21 03:38:22 开始第 1808 次操作

2024-06-21 03:38:22 开始操作号码 【1501719】
2024-06-21 03:38:39 GSD getOne 第 1 次 等待 3 秒
2024-06-21 03:38:42 查询号码 【1501719】，返回信息 {"status":"ok","msg":"广东-东莞","gid":"99108","time_insert":"2021-06-16 05:05"}
2024-06-21 03:38:42 查询号码 【1501719】，GSD为【"广东-东莞"】

2024-06-21 04:18:08 开始第 1809 次操作

2024-06-21 04:18:08 开始操作号码 【1501720】
2024-06-21 04:18:17 GSD getOne 第 1 次 等待 3 秒
2024-06-21 04:18:20 查询号码 【1501720】，返回信息 {"status":"ok","msg":"广东-汕头","gid":"99138","time_insert":"2021-06-16 05:29"}
2024-06-21 04:18:20 查询号码 【1501720】，GSD为【"广东-汕头"】

2024-06-21 04:18:21 开始第 1810 次操作

2024-06-21 04:18:21 开始操作号码 【1501721】
2024-06-21 04:18:31 GSD getOne 第 1 次 等待 3 秒
2024-06-21 04:18:34 查询号码 【1501721】，返回信息 {"status":"ok","msg":"广东-汕头","gid":"99167","time_insert":"2021-06-16 05:55"}
2024-06-21 04:18:34 查询号码 【1501721】，GSD为【"广东-汕头"】

2024-06-21 04:18:35 开始第 1811 次操作

2024-06-21 04:18:35 开始操作号码 【1501722】
2024-06-21 04:18:45 GSD getOne 第 1 次 等待 3 秒
2024-06-21 04:18:48 查询号码 【1501722】，返回信息 {"status":"ok","msg":"广东-汕头","gid":"99187","time_insert":"2021-06-16 06:13"}
2024-06-21 04:18:48 查询号码 【1501722】，GSD为【"广东-汕头"】

2024-06-21 04:18:49 开始第 1812 次操作

2024-06-21 04:18:49 开始操作号码 【1501723】
2024-06-21 04:19:08 GSD getOne 第 1 次 等待 3 秒
2024-06-21 04:19:11 查询号码 【1501723】，返回信息 {"status":"ok","msg":"广东-汕头","gid":"99211","time_insert":"2021-06-16 06:35"}
2024-06-21 04:19:11 查询号码 【1501723】，GSD为【"广东-汕头"】

2024-06-21 04:37:30 开始第 1813 次操作

2024-06-21 04:37:30 开始操作号码 【1501724】
2024-06-21 04:37:41 GSD getOne 第 1 次 等待 3 秒
2024-06-21 04:37:44 查询号码 【1501724】，返回信息 {"status":"ok","msg":"广东-汕头","gid":"99244","time_insert":"2021-06-16 07:03"}
2024-06-21 04:37:44 查询号码 【1501724】，GSD为【"广东-汕头"】

2024-06-21 04:37:45 开始第 1814 次操作

2024-06-21 04:37:45 开始操作号码 【1501725】
2024-06-21 04:37:55 GSD getOne 第 1 次 等待 3 秒
2024-06-21 04:37:58 查询号码 【1501725】，返回信息 {"status":"ok","msg":"广东-汕头","gid":"99279","time_insert":"2021-06-16 07:33"}
2024-06-21 04:37:58 查询号码 【1501725】，GSD为【"广东-汕头"】

2024-06-21 04:37:59 开始第 1815 次操作

2024-06-21 04:37:59 开始操作号码 【1501726】
2024-06-21 04:38:25 GSD getOne 第 1 次 等待 3 秒
2024-06-21 04:38:28 查询号码 【1501726】，返回信息 {"status":"ok","msg":"广东-汕头","gid":"99299","time_insert":"2021-06-16 07:51"}
2024-06-21 04:38:28 查询号码 【1501726】，GSD为【"广东-汕头"】

2024-06-21 04:38:29 开始第 1816 次操作

2024-06-21 04:38:29 开始操作号码 【1501727】
2024-06-21 04:38:51 GSD getOne 第 1 次 等待 3 秒
2024-06-21 04:38:54 查询号码 【1501727】，返回信息 {"status":"ok","msg":"广东-汕头","gid":"99327","time_insert":"2021-06-16 08:15"}
2024-06-21 04:38:54 查询号码 【1501727】，GSD为【"广东-汕头"】

2024-06-21 05:17:52 开始第 1817 次操作

2024-06-21 05:17:52 开始操作号码 【1501728】
2024-06-21 05:18:05 GSD getOne 第 1 次 等待 3 秒
2024-06-21 05:18:08 查询号码 【1501728】，返回信息 {"status":"ok","msg":"广东-汕头","gid":"15268","time_insert":"2017-11-13 18:49","time_update":"2020-09-29 08:29"}
2024-06-21 05:18:08 查询号码 【1501728】，GSD为【"广东-汕头"】

2024-06-21 05:18:09 开始第 1818 次操作

2024-06-21 05:18:09 开始操作号码 【1501729】
2024-06-21 05:18:37 GSD getOne 第 1 次 等待 3 秒
2024-06-21 05:18:40 查询号码 【1501729】，返回信息 {"status":"ok","msg":"广东-汕头","gid":"99356","time_insert":"2021-06-16 08:41"}
2024-06-21 05:18:40 查询号码 【1501729】，GSD为【"广东-汕头"】

2024-06-21 05:18:41 开始第 1819 次操作

2024-06-21 05:18:41 开始操作号码 【1501730】
2024-06-21 05:19:30 GSD getOne 第 1 次 等待 3 秒
2024-06-21 05:19:33 查询号码 【1501730】，返回信息 {"status":"ok","msg":"广东-中山","gid":"99374","time_insert":"2021-06-16 08:55"}
2024-06-21 05:19:33 查询号码 【1501730】，GSD为【"广东-中山"】

2024-06-21 05:19:34 开始第 1820 次操作

2024-06-21 05:19:34 开始操作号码 【1501731】
2024-06-21 05:20:22 GSD getOne 第 1 次 等待 3 秒
2024-06-21 05:20:25 查询号码 【1501731】，返回信息 {"status":"ok","msg":"广东-中山","gid":"99401","time_insert":"2021-06-16 09:18"}
2024-06-21 05:20:25 查询号码 【1501731】，GSD为【"广东-中山"】

2024-06-21 05:37:50 开始第 1821 次操作

2024-06-21 05:37:50 开始操作号码 【1501732】
2024-06-21 05:38:00 GSD getOne 第 1 次 等待 3 秒
2024-06-21 05:38:03 查询号码 【1501732】，返回信息 {"status":"ok","msg":"广东-中山","gid":"99427","time_insert":"2021-06-16 09:44"}
2024-06-21 05:38:03 查询号码 【1501732】，GSD为【"广东-中山"】

2024-06-21 05:38:04 开始第 1822 次操作

2024-06-21 05:38:04 开始操作号码 【1501733】
2024-06-21 05:38:13 GSD getOne 第 1 次 等待 3 秒
2024-06-21 05:38:16 查询号码 【1501733】，返回信息 {"status":"ok","msg":"广东-中山","gid":"99445","time_insert":"2021-06-16 10:01"}
2024-06-21 05:38:17 查询号码 【1501733】，GSD为【"广东-中山"】

2024-06-21 05:38:18 开始第 1823 次操作

2024-06-21 05:38:18 开始操作号码 【1501734】
2024-06-21 05:38:38 GSD getOne 第 1 次 等待 3 秒
2024-06-21 05:38:41 查询号码 【1501734】，返回信息 {"status":"ok","msg":"广东-中山","gid":"99468","time_insert":"2021-06-16 10:16"}
2024-06-21 05:38:41 查询号码 【1501734】，GSD为【"广东-中山"】

2024-06-21 05:38:42 开始第 1824 次操作

2024-06-21 05:38:42 开始操作号码 【1501735】
2024-06-21 05:39:07 GSD getOne 第 1 次 等待 3 秒
2024-06-21 05:39:10 查询号码 【1501735】，返回信息 {"status":"ok","msg":"广东-湛江","gid":"99483","time_insert":"2021-06-16 10:32"}
2024-06-21 05:39:10 查询号码 【1501735】，GSD为【"广东-湛江"】

2024-06-21 06:16:21 开始第 1825 次操作

2024-06-21 06:16:21 开始操作号码 【1501736】
2024-06-21 06:16:29 GSD getOne 第 1 次 等待 3 秒
2024-06-21 06:16:32 查询号码 【1501736】，返回信息 {"status":"ok","msg":"广东-湛江","gid":"99508","time_insert":"2021-06-16 10:53"}
2024-06-21 06:16:32 查询号码 【1501736】，GSD为【"广东-湛江"】

2024-06-21 06:16:33 开始第 1826 次操作

2024-06-21 06:16:33 开始操作号码 【1501737】
2024-06-21 06:16:43 GSD getOne 第 1 次 等待 3 秒
2024-06-21 06:16:46 查询号码 【1501737】，返回信息 {"status":"ok","msg":"广东-湛江","gid":"99540","time_insert":"2021-06-16 11:21"}
2024-06-21 06:16:46 查询号码 【1501737】，GSD为【"广东-湛江"】

2024-06-21 06:16:47 开始第 1827 次操作

2024-06-21 06:16:47 开始操作号码 【1501738】
2024-06-21 06:16:57 GSD getOne 第 1 次 等待 3 秒
2024-06-21 06:17:00 查询号码 【1501738】，返回信息 {"status":"ok","msg":"广东-湛江","gid":"99567","time_insert":"2021-06-16 11:43"}
2024-06-21 06:17:00 查询号码 【1501738】，GSD为【"广东-湛江"】

2024-06-21 06:17:01 开始第 1828 次操作

2024-06-21 06:17:01 开始操作号码 【1501739】
2024-06-21 06:17:20 GSD getOne 第 1 次 等待 3 秒
2024-06-21 06:17:23 查询号码 【1501739】，返回信息 {"status":"ok","msg":"广东-湛江","gid":"99602","time_insert":"2021-06-16 12:10"}
2024-06-21 06:17:23 查询号码 【1501739】，GSD为【"广东-湛江"】

2024-06-21 06:37:15 开始第 1829 次操作

2024-06-21 06:37:15 开始操作号码 【1501740】
2024-06-21 06:37:44 GSD getOne 第 1 次 等待 3 秒
2024-06-21 06:37:47 查询号码 【1501740】，返回信息 {"status":"ok","msg":"广东-佛山","gid":"99629","time_insert":"2021-06-16 12:33"}
2024-06-21 06:37:47 查询号码 【1501740】，GSD为【"广东-佛山"】

2024-06-21 06:37:48 开始第 1830 次操作

2024-06-21 06:37:48 开始操作号码 【1501741】
2024-06-21 06:38:28 GSD getOne 第 1 次 等待 3 秒
2024-06-21 06:38:31 查询号码 【1501741】，返回信息 {"status":"ok","msg":"广东-佛山","gid":"99650","time_insert":"2021-06-16 12:49"}
2024-06-21 06:38:31 查询号码 【1501741】，GSD为【"广东-佛山"】

2024-06-21 06:38:32 开始第 1831 次操作

2024-06-21 06:38:32 开始操作号码 【1501742】
2024-06-21 06:39:38 GSD getOne 第 1 次 等待 3 秒
2024-06-21 06:39:41 查询号码 【1501742】，返回信息 {"status":"ok","msg":"广东-佛山","gid":"99674","time_insert":"2021-06-16 13:12"}
2024-06-21 06:39:41 查询号码 【1501742】，GSD为【"广东-佛山"】

2024-06-21 06:39:42 开始第 1832 次操作

2024-06-21 06:39:42 开始操作号码 【1501743】
2024-06-21 06:40:24 GSD getOne 第 1 次 等待 3 秒
2024-06-21 06:40:27 查询号码 【1501743】，返回信息 {"status":"ok","msg":"广东-佛山","gid":"99698","time_insert":"2021-06-16 13:30"}
2024-06-21 06:40:27 查询号码 【1501743】，GSD为【"广东-佛山"】

2024-06-21 07:19:05 开始第 1833 次操作

2024-06-21 07:19:05 开始操作号码 【1501744】
2024-06-21 07:19:13 GSD getOne 第 1 次 等待 3 秒
2024-06-21 07:19:16 查询号码 【1501744】，返回信息 {"status":"ok","msg":"广东-佛山","gid":"50884","time_insert":"2021-04-21 17:11"}
2024-06-21 07:19:16 查询号码 【1501744】，GSD为【"广东-佛山"】

2024-06-21 07:19:17 开始第 1834 次操作

2024-06-21 07:19:17 开始操作号码 【1501745】
2024-06-21 07:19:26 GSD getOne 第 1 次 等待 3 秒
2024-06-21 07:19:29 查询号码 【1501745】，返回信息 {"status":"ok","msg":"广东-珠海","gid":"99725","time_insert":"2021-06-16 13:51"}
2024-06-21 07:19:29 查询号码 【1501745】，GSD为【"广东-珠海"】

2024-06-21 07:19:30 开始第 1835 次操作

2024-06-21 07:19:30 开始操作号码 【1501746】
2024-06-21 07:19:58 GSD getOne 第 1 次 等待 3 秒
2024-06-21 07:20:01 查询号码 【1501746】，返回信息 {"status":"ok","msg":"广东-珠海","gid":"99760","time_insert":"2021-06-16 14:18"}
2024-06-21 07:20:01 查询号码 【1501746】，GSD为【"广东-珠海"】

2024-06-21 07:20:02 开始第 1836 次操作

2024-06-21 07:20:02 开始操作号码 【1501747】
2024-06-21 07:20:49 GSD getOne 第 1 次 等待 3 秒
2024-06-21 07:20:52 查询号码 【1501747】，返回信息 {"status":"ok","msg":"广东-惠州","gid":"99789","time_insert":"2021-06-16 14:44"}
2024-06-21 07:20:52 查询号码 【1501747】，GSD为【"广东-惠州"】

2024-06-21 07:38:23 开始第 1837 次操作

2024-06-21 07:38:23 开始操作号码 【1501748】
2024-06-21 07:38:32 GSD getOne 第 1 次 等待 3 秒
2024-06-21 07:38:35 查询号码 【1501748】，返回信息 {"status":"ok","msg":"广东-惠州","gid":"99815","time_insert":"2021-06-16 15:04"}
2024-06-21 07:38:36 查询号码 【1501748】，GSD为【"广东-惠州"】

2024-06-21 07:38:37 开始第 1838 次操作

2024-06-21 07:38:37 开始操作号码 【1501749】
2024-06-21 07:38:47 GSD getOne 第 1 次 等待 3 秒
2024-06-21 07:38:50 查询号码 【1501749】，返回信息 {"status":"ok","msg":"广东-惠州","gid":"99836","time_insert":"2021-06-16 15:21"}
2024-06-21 07:38:50 查询号码 【1501749】，GSD为【"广东-惠州"】

2024-06-21 07:38:51 开始第 1839 次操作

2024-06-21 07:38:51 开始操作号码 【1501750】
2024-06-21 07:39:15 GSD getOne 第 1 次 等待 3 秒
2024-06-21 07:39:18 查询号码 【1501750】，返回信息 {"status":"ok","msg":"广东-广州","gid":"99862","time_insert":"2021-06-16 15:42"}
2024-06-21 07:39:18 查询号码 【1501750】，GSD为【"广东-广州"】

2024-06-21 07:39:19 开始第 1840 次操作

2024-06-21 07:39:19 开始操作号码 【1501751】
2024-06-21 07:39:38 GSD getOne 第 1 次 等待 3 秒
2024-06-21 07:39:41 查询号码 【1501751】，返回信息 {"status":"ok","msg":"广东-广州","gid":"99899","time_insert":"2021-06-16 16:12"}
2024-06-21 07:39:41 查询号码 【1501751】，GSD为【"广东-广州"】

2024-06-21 09:17:03 开始第 1841 次操作

2024-06-21 09:17:03 开始操作号码 【1501752】
2024-06-21 09:17:20 GSD getOne 第 1 次 等待 3 秒
2024-06-21 09:17:23 查询号码 【1501752】，返回信息 {"status":"ok","msg":"广东-广州","gid":"99929","time_insert":"2021-06-16 16:41"}
2024-06-21 09:17:23 查询号码 【1501752】，GSD为【"广东-广州"】

2024-06-21 09:17:24 开始第 1842 次操作

2024-06-21 09:17:24 开始操作号码 【1501753】
2024-06-21 09:17:42 GSD getOne 第 1 次 等待 3 秒
2024-06-21 09:17:45 查询号码 【1501753】，返回信息 {"status":"ok","msg":"广东-广州","gid":"99961","time_insert":"2021-06-16 17:05"}
2024-06-21 09:17:45 查询号码 【1501753】，GSD为【"广东-广州"】

2024-06-21 09:17:46 开始第 1843 次操作

2024-06-21 09:17:46 开始操作号码 【1501754】
2024-06-21 09:18:07 GSD getOne 第 1 次 等待 3 秒
2024-06-21 09:18:10 查询号码 【1501754】，返回信息 {"status":"ok","msg":"广东-广州","gid":"99972","time_insert":"2021-06-16 17:15"}
2024-06-21 09:18:10 查询号码 【1501754】，GSD为【"广东-广州"】

2024-06-21 09:18:11 开始第 1844 次操作

2024-06-21 09:18:11 开始操作号码 【1501755】
2024-06-21 09:18:20 GSD getOne 第 1 次 等待 3 秒
2024-06-21 09:18:23 查询号码 【1501755】，返回信息 {"status":"ok","msg":"广东-广州","gid":"99992","time_insert":"2021-06-16 17:25"}
2024-06-21 09:18:23 查询号码 【1501755】，GSD为【"广东-广州"】

2024-06-21 10:18:26 开始第 1845 次操作

2024-06-21 10:18:26 开始操作号码 【1501756】
2024-06-21 10:18:35 GSD getOne 第 1 次 等待 3 秒
2024-06-21 10:18:38 查询号码 【1501756】，返回信息 {"status":"ok","msg":"广东-广州","gid":"100009","time_insert":"2021-06-16 17:36"}
2024-06-21 10:18:38 查询号码 【1501756】，GSD为【"广东-广州"】

2024-06-21 10:18:39 开始第 1846 次操作

2024-06-21 10:18:39 开始操作号码 【1501757】
2024-06-21 10:18:51 GSD getOne 第 1 次 等待 3 秒
2024-06-21 10:18:54 查询号码 【1501757】，返回信息 {"status":"ok","msg":"广东-广州","gid":"100042","time_insert":"2021-06-16 18:04"}
2024-06-21 10:18:54 查询号码 【1501757】，GSD为【"广东-广州"】

2024-06-21 10:18:55 开始第 1847 次操作

2024-06-21 10:18:55 开始操作号码 【1501758】
2024-06-21 10:19:05 GSD getOne 第 1 次 等待 3 秒
2024-06-21 10:19:08 查询号码 【1501758】，返回信息 {"status":"ok","msg":"广东-广州","gid":"100068","time_insert":"2021-06-16 18:24"}
2024-06-21 10:19:08 查询号码 【1501758】，GSD为【"广东-广州"】

2024-06-21 10:19:09 开始第 1848 次操作

2024-06-21 10:19:09 开始操作号码 【1501759】
2024-06-21 10:19:33 GSD getOne 第 1 次 等待 3 秒
2024-06-21 10:19:36 查询号码 【1501759】，返回信息 {"status":"ok","msg":"广东-广州","gid":"100097","time_insert":"2021-06-16 18:46"}
2024-06-21 10:19:36 查询号码 【1501759】，GSD为【"广东-广州"】

2024-06-21 10:45:32 开始第 1849 次操作

2024-06-21 10:45:32 开始操作号码 【1501760】
2024-06-21 10:46:30 GSD getOne 第 1 次 等待 3 秒
2024-06-21 10:46:33 查询号码 【1501760】，返回信息 {"status":"ok","msg":"广东-深圳","gid":"100127","time_insert":"2021-06-16 19:09"}
2024-06-21 10:46:33 查询号码 【1501760】，GSD为【"广东-深圳"】

2024-06-21 10:46:34 开始第 1850 次操作

2024-06-21 10:46:34 开始操作号码 【1501761】
2024-06-21 10:46:56 GSD getOne 第 1 次 等待 3 秒
2024-06-21 10:46:59 查询号码 【1501761】，返回信息 {"status":"ok","msg":"广东-深圳","gid":"100161","time_insert":"2021-06-16 19:39"}
2024-06-21 10:46:59 查询号码 【1501761】，GSD为【"广东-深圳"】

2024-06-21 10:47:00 开始第 1851 次操作

2024-06-21 10:47:00 开始操作号码 【1501762】
2024-06-21 10:48:09 GSD getOne 第 1 次 等待 3 秒
2024-06-21 10:48:12 查询号码 【1501762】，返回信息 {"status":"ok","msg":"广东-深圳","gid":"15269","time_insert":"2019-10-10 09:03","time_update":"2020-09-29 08:34"}
2024-06-21 10:48:12 查询号码 【1501762】，GSD为【"广东-深圳"】

2024-06-21 10:48:13 开始第 1852 次操作

2024-06-21 10:48:13 开始操作号码 【1501763】
2024-06-21 10:49:06 GSD getOne 第 1 次 等待 3 秒
2024-06-21 10:49:09 查询号码 【1501763】，返回信息 {"status":"ok","msg":"广东-深圳","gid":"100199","time_insert":"2021-06-16 20:08"}
2024-06-21 10:49:09 查询号码 【1501763】，GSD为【"广东-深圳"】

2024-06-21 11:20:55 开始第 1853 次操作

2024-06-21 11:20:55 开始操作号码 【1501764】
2024-06-21 11:21:04 GSD getOne 第 1 次 等待 3 秒
2024-06-21 11:21:07 查询号码 【1501764】，返回信息 {"status":"ok","msg":"广东-佛山","gid":"100233","time_insert":"2021-06-16 20:37"}
2024-06-21 11:21:08 查询号码 【1501764】，GSD为【"广东-佛山"】

2024-06-21 11:21:09 开始第 1854 次操作

2024-06-21 11:21:09 开始操作号码 【1501765】
2024-06-21 11:21:20 GSD getOne 第 1 次 等待 3 秒
2024-06-21 11:21:23 查询号码 【1501765】，返回信息 {"status":"ok","msg":"广东-佛山","gid":"100259","time_insert":"2021-06-16 20:57"}
2024-06-21 11:21:23 查询号码 【1501765】，GSD为【"广东-佛山"】

2024-06-21 11:21:24 开始第 1855 次操作

2024-06-21 11:21:24 开始操作号码 【1501766】
2024-06-21 11:21:33 GSD getOne 第 1 次 等待 3 秒
2024-06-21 11:21:36 查询号码 【1501766】，返回信息 {"status":"ok","msg":"广东-佛山","gid":"100284","time_insert":"2021-06-16 21:16"}
2024-06-21 11:21:36 查询号码 【1501766】，GSD为【"广东-佛山"】

2024-06-21 11:21:37 开始第 1856 次操作

2024-06-21 11:21:37 开始操作号码 【1501767】
2024-06-21 11:21:48 GSD getOne 第 1 次 等待 3 秒
2024-06-21 11:21:51 查询号码 【1501767】，返回信息 {"status":"ok","msg":"广东-佛山","gid":"100306","time_insert":"2021-06-16 21:36"}
2024-06-21 11:21:51 查询号码 【1501767】，GSD为【"广东-佛山"】

2024-06-21 11:40:42 开始第 1857 次操作

2024-06-21 11:40:42 开始操作号码 【1501768】
2024-06-21 11:41:31 GSD getOne 第 1 次 等待 3 秒
2024-06-21 11:41:34 查询号码 【1501768】，返回信息 {"status":"ok","msg":"广东-佛山","gid":"100328","time_insert":"2021-06-16 21:52"}
2024-06-21 11:41:34 查询号码 【1501768】，GSD为【"广东-佛山"】

2024-06-21 11:41:35 开始第 1858 次操作

2024-06-21 11:41:35 开始操作号码 【1501769】
2024-06-21 11:41:59 GSD getOne 第 1 次 等待 3 秒
2024-06-21 11:42:02 查询号码 【1501769】，返回信息 {"status":"ok","msg":"广东-佛山","gid":"100365","time_insert":"2021-06-16 22:20"}
2024-06-21 11:42:02 查询号码 【1501769】，GSD为【"广东-佛山"】

2024-06-21 11:42:03 开始第 1859 次操作

2024-06-21 11:42:03 开始操作号码 【1501770】
2024-06-21 11:42:33 GSD getOne 第 1 次 等待 3 秒
2024-06-21 11:42:36 查询号码 【1501770】，返回信息 {"status":"ok","msg":"广东-佛山","gid":"100390","time_insert":"2021-06-16 22:40"}
2024-06-21 11:42:36 查询号码 【1501770】，GSD为【"广东-佛山"】

2024-06-21 11:42:37 开始第 1860 次操作

2024-06-21 11:42:37 开始操作号码 【1501771】
2024-06-21 11:43:04 GSD getOne 第 1 次 等待 3 秒
2024-06-21 11:43:07 查询号码 【1501771】，返回信息 {"status":"ok","msg":"广东-佛山","gid":"100406","time_insert":"2021-06-16 22:55"}
2024-06-21 11:43:07 查询号码 【1501771】，GSD为【"广东-佛山"】

2024-06-21 12:21:19 开始第 1861 次操作

2024-06-21 12:21:19 开始操作号码 【1501772】
2024-06-21 12:21:28 GSD getOne 第 1 次 等待 3 秒
2024-06-21 12:21:31 查询号码 【1501772】，返回信息 {"status":"ok","msg":"广东-佛山","gid":"100438","time_insert":"2021-06-16 23:23"}
2024-06-21 12:21:31 查询号码 【1501772】，GSD为【"广东-佛山"】

2024-06-21 12:21:33 开始第 1862 次操作

2024-06-21 12:21:33 开始操作号码 【1501773】
2024-06-21 12:21:40 GSD getOne 第 1 次 等待 3 秒
2024-06-21 12:21:43 查询号码 【1501773】，返回信息 {"status":"ok","msg":"广东-佛山","gid":"100462","time_insert":"2021-06-16 23:44"}
2024-06-21 12:21:43 查询号码 【1501773】，GSD为【"广东-佛山"】

2024-06-21 12:21:44 开始第 1863 次操作

2024-06-21 12:21:44 开始操作号码 【1501774】
2024-06-21 12:21:55 GSD getOne 第 1 次 等待 3 秒
2024-06-21 12:21:58 查询号码 【1501774】，返回信息 {"status":"ok","msg":"广东-佛山","gid":"100485","time_insert":"2021-06-17 00:00"}
2024-06-21 12:21:58 查询号码 【1501774】，GSD为【"广东-佛山"】

2024-06-21 12:21:59 开始第 1864 次操作

2024-06-21 12:21:59 开始操作号码 【1501775】
2024-06-21 12:22:11 GSD getOne 第 1 次 等待 3 秒
2024-06-21 12:22:14 查询号码 【1501775】，返回信息 {"status":"ok","msg":"广东-佛山","gid":"100520","time_insert":"2021-06-17 00:27"}
2024-06-21 12:22:14 查询号码 【1501775】，GSD为【"广东-佛山"】

2024-06-21 12:40:07 开始第 1865 次操作

2024-06-21 12:40:07 开始操作号码 【1501776】
2024-06-21 12:40:14 GSD getOne 第 1 次 等待 3 秒
2024-06-21 12:40:18 查询号码 【1501776】，返回信息 {"status":"ok","msg":"广东-佛山","gid":"100542","time_insert":"2021-06-17 00:44"}
2024-06-21 12:40:18 查询号码 【1501776】，GSD为【"广东-佛山"】

2024-06-21 12:40:19 开始第 1866 次操作

2024-06-21 12:40:19 开始操作号码 【1501777】
2024-06-21 12:40:36 GSD getOne 第 1 次 等待 3 秒
2024-06-21 12:40:39 查询号码 【1501777】，返回信息 {"status":"ok","msg":"广东-佛山","gid":"100570","time_insert":"2021-06-17 01:09"}
2024-06-21 12:40:39 查询号码 【1501777】，GSD为【"广东-佛山"】

2024-06-21 12:40:40 开始第 1867 次操作

2024-06-21 12:40:40 开始操作号码 【1501778】
2024-06-21 12:40:58 GSD getOne 第 1 次 等待 3 秒
2024-06-21 12:41:01 查询号码 【1501778】，返回信息 {"status":"ok","msg":"广东-佛山","gid":"15270","time_insert":"2017-05-30 10:52","time_update":"2020-09-29 08:37"}
2024-06-21 12:41:01 查询号码 【1501778】，GSD为【"广东-佛山"】

2024-06-21 12:41:02 开始第 1868 次操作

2024-06-21 12:41:02 开始操作号码 【1501779】
2024-06-21 12:41:25 GSD getOne 第 1 次 等待 3 秒
2024-06-21 12:41:28 查询号码 【1501779】，返回信息 {"status":"ok","msg":"广东-佛山","gid":"100595","time_insert":"2021-06-17 01:28"}
2024-06-21 12:41:28 查询号码 【1501779】，GSD为【"广东-佛山"】

2024-06-21 13:17:39 开始第 1869 次操作

2024-06-21 13:17:39 开始操作号码 【1501780】
2024-06-21 13:17:48 GSD getOne 第 1 次 等待 3 秒
2024-06-21 13:17:51 查询号码 【1501780】，返回信息 {"status":"ok","msg":"广东-梅州","gid":"100624","time_insert":"2021-06-17 01:56"}
2024-06-21 13:17:51 查询号码 【1501780】，GSD为【"广东-梅州"】

2024-06-21 13:17:52 开始第 1870 次操作

2024-06-21 13:17:52 开始操作号码 【1501781】
2024-06-21 13:18:02 GSD getOne 第 1 次 等待 3 秒
2024-06-21 13:18:05 查询号码 【1501781】，返回信息 {"status":"ok","msg":"广东-梅州","gid":"100655","time_insert":"2021-06-17 02:20"}
2024-06-21 13:18:05 查询号码 【1501781】，GSD为【"广东-梅州"】

2024-06-21 13:18:06 开始第 1871 次操作

2024-06-21 13:18:06 开始操作号码 【1501782】
2024-06-21 13:18:16 GSD getOne 第 1 次 等待 3 秒
2024-06-21 13:18:19 查询号码 【1501782】，返回信息 {"status":"ok","msg":"广东-汕头","gid":"100675","time_insert":"2021-06-17 02:37"}
2024-06-21 13:18:19 查询号码 【1501782】，GSD为【"广东-汕头"】

2024-06-21 13:18:20 开始第 1872 次操作

2024-06-21 13:18:20 开始操作号码 【1501783】
2024-06-21 13:18:35 GSD getOne 第 1 次 等待 3 秒
2024-06-21 13:18:38 查询号码 【1501783】，返回信息 {"status":"ok","msg":"广东-汕头","gid":"100705","time_insert":"2021-06-17 03:03"}
2024-06-21 13:18:38 查询号码 【1501783】，GSD为【"广东-汕头"】

2024-06-21 13:37:22 开始第 1873 次操作

2024-06-21 13:37:22 开始操作号码 【1501784】
2024-06-21 13:37:37 GSD getOne 第 1 次 等待 3 秒
2024-06-21 13:37:40 查询号码 【1501784】，返回信息 {"status":"ok","msg":"广东-汕头","gid":"100723","time_insert":"2021-06-17 03:20"}
2024-06-21 13:37:40 查询号码 【1501784】，GSD为【"广东-汕头"】

2024-06-21 13:37:41 开始第 1874 次操作

2024-06-21 13:37:41 开始操作号码 【1501785】
2024-06-21 13:38:02 GSD getOne 第 1 次 等待 3 秒
2024-06-21 13:38:05 查询号码 【1501785】，返回信息 {"status":"ok","msg":"广东-东莞","gid":"100751","time_insert":"2021-06-17 03:44"}
2024-06-21 13:38:05 查询号码 【1501785】，GSD为【"广东-东莞"】

2024-06-21 13:38:07 开始第 1875 次操作

2024-06-21 13:38:07 开始操作号码 【1501786】
2024-06-21 13:38:34 GSD getOne 第 1 次 等待 3 秒
2024-06-21 13:38:37 查询号码 【1501786】，返回信息 {"status":"ok","msg":"广东-东莞","gid":"100785","time_insert":"2021-06-17 04:12"}
2024-06-21 13:38:37 查询号码 【1501786】，GSD为【"广东-东莞"】

2024-06-21 13:38:38 开始第 1876 次操作

2024-06-21 13:38:38 开始操作号码 【1501787】
2024-06-21 13:39:00 GSD getOne 第 1 次 等待 3 秒
2024-06-21 13:39:03 查询号码 【1501787】，返回信息 {"status":"ok","msg":"广东-东莞","gid":"100806","time_insert":"2021-06-17 04:29"}
2024-06-21 13:39:04 查询号码 【1501787】，GSD为【"广东-东莞"】

2024-06-21 14:25:24 开始第 1877 次操作

2024-06-21 14:25:24 开始操作号码 【1501788】
2024-06-21 14:25:34 GSD getOne 第 1 次 等待 3 秒
2024-06-21 14:25:37 查询号码 【1501788】，返回信息 {"status":"ok","msg":"广东-东莞","gid":"100826","time_insert":"2021-06-17 04:47"}
2024-06-21 14:25:37 查询号码 【1501788】，GSD为【"广东-东莞"】

2024-06-21 14:25:38 开始第 1878 次操作

2024-06-21 14:25:38 开始操作号码 【1501789】
2024-06-21 14:25:48 GSD getOne 第 1 次 等待 3 秒
2024-06-21 14:25:51 查询号码 【1501789】，返回信息 {"status":"ok","msg":"广东-汕尾","gid":"100844","time_insert":"2021-06-17 05:03"}
2024-06-21 14:25:51 查询号码 【1501789】，GSD为【"广东-汕尾"】

2024-06-21 14:25:52 开始第 1879 次操作

2024-06-21 14:25:52 开始操作号码 【1501790】
2024-06-21 14:26:02 GSD getOne 第 1 次 等待 3 秒
2024-06-21 14:26:05 查询号码 【1501790】，返回信息 {"status":"ok","msg":"广东-深圳","gid":"15271","time_insert":"2019-12-20 21:11","time_update":"2020-09-29 08:42"}
2024-06-21 14:26:05 查询号码 【1501790】，GSD为【"广东-深圳"】

2024-06-21 14:26:06 开始第 1880 次操作

2024-06-21 14:26:06 开始操作号码 【1501791】
2024-06-21 14:26:16 GSD getOne 第 1 次 等待 3 秒
2024-06-21 14:26:19 查询号码 【1501791】，返回信息 {"status":"ok","msg":"广东-深圳","gid":"100869","time_insert":"2021-06-17 05:25"}
2024-06-21 14:26:19 查询号码 【1501791】，GSD为【"广东-深圳"】

2024-06-21 14:41:00 开始第 1881 次操作

2024-06-21 14:41:00 开始操作号码 【1501792】
2024-06-21 14:41:28 GSD getOne 第 1 次 等待 3 秒
2024-06-21 14:41:31 查询号码 【1501792】，返回信息 {"status":"ok","msg":"广东-深圳","gid":"15272","time_insert":"2018-03-28 13:17","time_update":"2021-05-24 12:17"}
2024-06-21 14:41:31 查询号码 【1501792】，GSD为【"广东-深圳"】

2024-06-21 14:41:32 开始第 1882 次操作

2024-06-21 14:41:32 开始操作号码 【1501793】
2024-06-21 14:41:56 GSD getOne 第 1 次 等待 3 秒
2024-06-21 14:41:59 查询号码 【1501793】，返回信息 {"status":"ok","msg":"广东-深圳","gid":"100901","time_insert":"2021-06-17 05:51"}
2024-06-21 14:41:59 查询号码 【1501793】，GSD为【"广东-深圳"】

2024-06-21 14:42:00 开始第 1883 次操作

2024-06-21 14:42:00 开始操作号码 【1501794】
2024-06-21 14:42:25 GSD getOne 第 1 次 等待 3 秒
2024-06-21 14:42:28 查询号码 【1501794】，返回信息 {"status":"ok","msg":"广东-深圳","gid":"15273","time_insert":"2018-05-23 11:08","time_update":"2020-09-29 08:49"}
2024-06-21 14:42:28 查询号码 【1501794】，GSD为【"广东-深圳"】

2024-06-21 14:42:29 开始第 1884 次操作

2024-06-21 14:42:29 开始操作号码 【1501795】
2024-06-21 14:42:54 GSD getOne 第 1 次 等待 3 秒
2024-06-21 14:42:57 查询号码 【1501795】，返回信息 {"status":"ok","msg":"广东-深圳","gid":"100939","time_insert":"2021-06-17 06:23"}
2024-06-21 14:42:57 查询号码 【1501795】，GSD为【"广东-深圳"】

2024-06-21 15:17:03 开始第 1885 次操作

2024-06-21 15:17:03 开始操作号码 【1501796】
2024-06-21 15:17:16 GSD getOne 第 1 次 等待 3 秒
2024-06-21 15:17:19 查询号码 【1501796】，返回信息 {"status":"ok","msg":"广东-深圳","gid":"100968","time_insert":"2021-06-17 06:45"}
2024-06-21 15:17:19 查询号码 【1501796】，GSD为【"广东-深圳"】

2024-06-21 15:17:20 开始第 1886 次操作

2024-06-21 15:17:20 开始操作号码 【1501797】
2024-06-21 15:17:33 GSD getOne 第 1 次 等待 3 秒
2024-06-21 15:17:36 查询号码 【1501797】，返回信息 {"status":"ok","msg":"广东-深圳","gid":"100993","time_insert":"2021-06-17 07:10"}
2024-06-21 15:17:36 查询号码 【1501797】，GSD为【"广东-深圳"】

2024-06-21 15:17:37 开始第 1887 次操作

2024-06-21 15:17:37 开始操作号码 【1501798】
2024-06-21 15:17:57 GSD getOne 第 1 次 等待 3 秒
2024-06-21 15:18:00 查询号码 【1501798】，返回信息 {"status":"ok","msg":"广东-深圳","gid":"101025","time_insert":"2021-06-17 07:39"}
2024-06-21 15:18:00 查询号码 【1501798】，GSD为【"广东-深圳"】

2024-06-21 15:18:01 开始第 1888 次操作

2024-06-21 15:18:01 开始操作号码 【1501799】
2024-06-21 15:18:38 GSD getOne 第 1 次 等待 3 秒
2024-06-21 15:18:41 查询号码 【1501799】，返回信息 {"status":"ok","msg":"广东-深圳","gid":"101053","time_insert":"2021-06-17 08:04"}
2024-06-21 15:18:41 查询号码 【1501799】，GSD为【"广东-深圳"】

2024-06-21 15:38:02 开始第 1889 次操作

2024-06-21 15:38:02 开始操作号码 【1501800】
2024-06-21 15:39:43 GSD getOne 第 1 次 等待 3 秒
2024-06-21 15:39:46 查询号码 【1501800】，返回信息 {"status":"ok","msg":"广东-中山","gid":"101077","time_insert":"2021-06-17 08:26"}
2024-06-21 15:39:46 查询号码 【1501800】，GSD为【"广东-中山"】

2024-06-21 15:39:47 开始第 1890 次操作

2024-06-21 15:39:47 开始操作号码 【1501801】
2024-06-21 15:40:36 GSD getOne 第 1 次 等待 3 秒
2024-06-21 15:40:39 查询号码 【1501801】，返回信息 {"status":"ok","msg":"广东-中山","gid":"101096","time_insert":"2021-06-17 08:39"}
2024-06-21 15:40:39 查询号码 【1501801】，GSD为【"广东-中山"】

2024-06-21 15:40:40 开始第 1891 次操作

2024-06-21 15:40:40 开始操作号码 【1501802】
2024-06-21 15:41:19 GSD getOne 第 1 次 等待 3 秒
2024-06-21 15:41:22 查询号码 【1501802】，返回信息 {"status":"ok","msg":"广东-中山","gid":"101122","time_insert":"2021-06-17 09:01"}
2024-06-21 15:41:22 查询号码 【1501802】，GSD为【"广东-中山"】

2024-06-21 15:41:23 开始第 1892 次操作

2024-06-21 15:41:23 开始操作号码 【1501803】
2024-06-21 15:41:34 GSD getOne 第 1 次 等待 3 秒
2024-06-21 15:41:37 查询号码 【1501803】，返回信息 {"status":"ok","msg":"广东-中山","gid":"15274","time_insert":"2017-10-12 13:35","time_update":"2020-10-17 23:27"}
2024-06-21 15:41:37 查询号码 【1501803】，GSD为【"广东-中山"】

2024-06-21 16:21:59 开始第 1893 次操作

2024-06-21 16:21:59 开始操作号码 【1501804】
2024-06-21 16:22:08 GSD getOne 第 1 次 等待 3 秒
2024-06-21 16:22:11 查询号码 【1501804】，返回信息 {"status":"ok","msg":"广东-湛江","gid":"101152","time_insert":"2021-06-17 09:27"}
2024-06-21 16:22:11 查询号码 【1501804】，GSD为【"广东-湛江"】

2024-06-21 16:22:12 开始第 1894 次操作

2024-06-21 16:22:12 开始操作号码 【1501805】
2024-06-21 16:22:23 GSD getOne 第 1 次 等待 3 秒
2024-06-21 16:22:26 查询号码 【1501805】，返回信息 {"status":"ok","msg":"广东-湛江","gid":"101176","time_insert":"2021-06-17 09:45"}
2024-06-21 16:22:27 查询号码 【1501805】，GSD为【"广东-湛江"】

2024-06-21 16:22:28 开始第 1895 次操作

2024-06-21 16:22:28 开始操作号码 【1501806】
2024-06-21 16:22:39 GSD getOne 第 1 次 等待 3 秒
2024-06-21 16:22:42 查询号码 【1501806】，返回信息 {"status":"ok","msg":"广东-惠州","gid":"101210","time_insert":"2021-06-17 10:15"}
2024-06-21 16:22:42 查询号码 【1501806】，GSD为【"广东-惠州"】

2024-06-21 16:22:43 开始第 1896 次操作

2024-06-21 16:22:43 开始操作号码 【1501807】
2024-06-21 16:22:53 GSD getOne 第 1 次 等待 3 秒
2024-06-21 16:22:56 查询号码 【1501807】，返回信息 {"status":"ok","msg":"广东-惠州","gid":"15275","time_insert":"2017-03-11 17:11","time_update":"2021-05-24 12:46"}
2024-06-21 16:22:56 查询号码 【1501807】，GSD为【"广东-惠州"】

2024-06-21 16:39:18 开始第 1897 次操作

2024-06-21 16:39:18 开始操作号码 【1501808】
2024-06-21 16:39:28 GSD getOne 第 1 次 等待 3 秒
2024-06-21 16:39:31 查询号码 【1501808】，返回信息 {"status":"ok","msg":"广东-惠州","gid":"101231","time_insert":"2021-06-17 10:35"}
2024-06-21 16:39:31 查询号码 【1501808】，GSD为【"广东-惠州"】

2024-06-21 16:39:32 开始第 1898 次操作

2024-06-21 16:39:32 开始操作号码 【1501809】
2024-06-21 16:39:46 GSD getOne 第 1 次 等待 3 秒
2024-06-21 16:39:49 查询号码 【1501809】，返回信息 {"status":"ok","msg":"广东-惠州","gid":"101249","time_insert":"2021-06-17 10:50"}
2024-06-21 16:39:49 查询号码 【1501809】，GSD为【"广东-惠州"】

2024-06-21 16:39:50 开始第 1899 次操作

2024-06-21 16:39:50 开始操作号码 【1501810】
2024-06-21 16:40:16 GSD getOne 第 1 次 等待 3 秒
2024-06-21 16:40:19 查询号码 【1501810】，返回信息 {"status":"ok","msg":"广东-潮州","gid":"15276","time_insert":"2017-05-01 00:00","time_update":"2021-05-24 13:18"}
2024-06-21 16:40:19 查询号码 【1501810】，GSD为【"广东-潮州"】

2024-06-21 16:40:20 开始第 1900 次操作

2024-06-21 16:40:20 开始操作号码 【1501811】
2024-06-21 16:40:50 GSD getOne 第 1 次 等待 3 秒
2024-06-21 16:40:53 查询号码 【1501811】，返回信息 {"status":"ok","msg":"广东-肇庆","gid":"101276","time_insert":"2021-06-17 11:10"}
2024-06-21 16:40:53 查询号码 【1501811】，GSD为【"广东-肇庆"】

2024-06-21 17:18:28 开始第 1901 次操作

2024-06-21 17:18:28 开始操作号码 【1501812】
2024-06-21 17:18:37 GSD getOne 第 1 次 等待 3 秒
2024-06-21 17:18:40 查询号码 【1501812】，返回信息 {"status":"ok","msg":"广东-阳江","gid":"101295","time_insert":"2021-06-17 11:26"}
2024-06-21 17:18:40 查询号码 【1501812】，GSD为【"广东-阳江"】

2024-06-21 17:18:41 开始第 1902 次操作

2024-06-21 17:18:41 开始操作号码 【1501813】
2024-06-21 17:18:51 GSD getOne 第 1 次 等待 3 秒
2024-06-21 17:18:54 查询号码 【1501813】，返回信息 {"status":"ok","msg":"广东-阳江","gid":"101327","time_insert":"2021-06-17 11:53"}
2024-06-21 17:18:54 查询号码 【1501813】，GSD为【"广东-阳江"】

2024-06-21 17:18:55 开始第 1903 次操作

2024-06-21 17:18:55 开始操作号码 【1501814】
2024-06-21 17:19:05 GSD getOne 第 1 次 等待 3 秒
2024-06-21 17:19:08 查询号码 【1501814】，返回信息 {"status":"ok","msg":"广东-阳江","gid":"101348","time_insert":"2021-06-17 12:09"}
2024-06-21 17:19:08 查询号码 【1501814】，GSD为【"广东-阳江"】

2024-06-21 17:19:09 开始第 1904 次操作

2024-06-21 17:19:09 开始操作号码 【1501815】
2024-06-21 17:19:23 GSD getOne 第 1 次 等待 3 秒
2024-06-21 17:19:26 查询号码 【1501815】，返回信息 {"status":"ok","msg":"广东-阳江","gid":"101380","time_insert":"2021-06-17 12:36"}
2024-06-21 17:19:26 查询号码 【1501815】，GSD为【"广东-阳江"】

2024-06-21 17:37:12 开始第 1905 次操作

2024-06-21 17:37:12 开始操作号码 【1501816】
2024-06-21 17:37:20 GSD getOne 第 1 次 等待 3 秒
2024-06-21 17:37:23 查询号码 【1501816】，返回信息 {"status":"ok","msg":"广东-韶关","gid":"101404","time_insert":"2021-06-17 12:58"}
2024-06-21 17:37:23 查询号码 【1501816】，GSD为【"广东-韶关"】

2024-06-21 17:37:24 开始第 1906 次操作

2024-06-21 17:37:24 开始操作号码 【1501817】
2024-06-21 17:37:36 GSD getOne 第 1 次 等待 3 秒
2024-06-21 17:37:39 查询号码 【1501817】，返回信息 {"status":"ok","msg":"广东-珠海","gid":"101437","time_insert":"2021-06-17 13:25"}
2024-06-21 17:37:39 查询号码 【1501817】，GSD为【"广东-珠海"】

2024-06-21 17:37:40 开始第 1907 次操作

2024-06-21 17:37:40 开始操作号码 【1501818】
2024-06-21 17:37:49 GSD getOne 第 1 次 等待 3 秒
2024-06-21 17:37:52 查询号码 【1501818】，返回信息 {"status":"ok","msg":"广东-珠海","gid":"101462","time_insert":"2021-06-17 13:43"}
2024-06-21 17:37:52 查询号码 【1501818】，GSD为【"广东-珠海"】

2024-06-21 17:37:53 开始第 1908 次操作

2024-06-21 17:37:53 开始操作号码 【1501819】
2024-06-21 17:38:08 GSD getOne 第 1 次 等待 3 秒
2024-06-21 17:38:11 查询号码 【1501819】，返回信息 {"status":"ok","msg":"广东-珠海","gid":"101492","time_insert":"2021-06-17 14:09"}
2024-06-21 17:38:11 查询号码 【1501819】，GSD为【"广东-珠海"】

2024-06-21 18:19:18 开始第 1909 次操作

2024-06-21 18:19:18 开始操作号码 【1501820】
2024-06-21 18:19:35 GSD getOne 第 1 次 等待 3 秒
2024-06-21 18:19:38 查询号码 【1501820】，返回信息 {"status":"ok","msg":"广东-云浮","gid":"101519","time_insert":"2021-06-17 14:31"}
2024-06-21 18:19:39 查询号码 【1501820】，GSD为【"广东-云浮"】

2024-06-21 18:19:40 开始第 1910 次操作

2024-06-21 18:19:40 开始操作号码 【1501821】
2024-06-21 18:20:05 GSD getOne 第 1 次 等待 3 秒
2024-06-21 18:20:08 查询号码 【1501821】，返回信息 {"status":"ok","msg":"广东-揭阳","gid":"101554","time_insert":"2021-06-17 14:54"}
2024-06-21 18:20:08 查询号码 【1501821】，GSD为【"广东-揭阳"】

2024-06-21 18:20:09 开始第 1911 次操作

2024-06-21 18:20:09 开始操作号码 【1501822】
2024-06-21 18:20:25 GSD getOne 第 1 次 等待 3 秒
2024-06-21 18:20:28 查询号码 【1501822】，返回信息 {"status":"ok","msg":"广东-揭阳","gid":"101592","time_insert":"2021-06-17 15:16"}
2024-06-21 18:20:28 查询号码 【1501822】，GSD为【"广东-揭阳"】

2024-06-21 18:20:29 开始第 1912 次操作

2024-06-21 18:20:29 开始操作号码 【1501823】
2024-06-21 18:20:48 GSD getOne 第 1 次 等待 3 秒
2024-06-21 18:20:51 查询号码 【1501823】，返回信息 {"status":"ok","msg":"广东-揭阳","gid":"101631","time_insert":"2021-06-17 15:34"}
2024-06-21 18:20:51 查询号码 【1501823】，GSD为【"广东-揭阳"】

2024-06-21 18:38:34 开始第 1913 次操作

2024-06-21 18:38:34 开始操作号码 【1501824】
2024-06-21 18:38:45 GSD getOne 第 1 次 等待 3 秒
2024-06-21 18:38:48 查询号码 【1501824】，返回信息 {"status":"ok","msg":"广东-揭阳","gid":"101666","time_insert":"2021-06-17 15:52"}
2024-06-21 18:38:48 查询号码 【1501824】，GSD为【"广东-揭阳"】

2024-06-21 18:38:49 开始第 1914 次操作

2024-06-21 18:38:49 开始操作号码 【1501825】
2024-06-21 18:38:57 GSD getOne 第 1 次 等待 3 秒
2024-06-21 18:39:00 查询号码 【1501825】，返回信息 {"status":"ok","msg":"广东-揭阳","gid":"101717","time_insert":"2021-06-17 16:19"}
2024-06-21 18:39:00 查询号码 【1501825】，GSD为【"广东-揭阳"】

2024-06-21 18:39:01 开始第 1915 次操作

2024-06-21 18:39:01 开始操作号码 【1501826】
2024-06-21 18:39:24 GSD getOne 第 1 次 等待 3 秒
2024-06-21 18:39:27 查询号码 【1501826】，返回信息 {"status":"ok","msg":"广东-揭阳","gid":"101748","time_insert":"2021-06-17 16:41"}
2024-06-21 18:39:27 查询号码 【1501826】，GSD为【"广东-揭阳"】

2024-06-21 18:39:28 开始第 1916 次操作

2024-06-21 18:39:28 开始操作号码 【1501827】
2024-06-21 18:39:58 GSD getOne 第 1 次 等待 3 秒
2024-06-21 18:40:01 查询号码 【1501827】，返回信息 {"status":"ok","msg":"广东-揭阳","gid":"101778","time_insert":"2021-06-17 17:07"}
2024-06-21 18:40:01 查询号码 【1501827】，GSD为【"广东-揭阳"】

2024-06-21 19:15:03 开始第 1917 次操作

2024-06-21 19:15:03 开始操作号码 【1501828】
2024-06-21 19:15:14 GSD getOne 第 1 次 等待 3 秒
2024-06-21 19:15:17 查询号码 【1501828】，返回信息 {"status":"ok","msg":"广东-揭阳","gid":"101805","time_insert":"2021-06-17 17:31"}
2024-06-21 19:15:17 查询号码 【1501828】，GSD为【"广东-揭阳"】

2024-06-21 19:15:18 开始第 1918 次操作

2024-06-21 19:15:18 开始操作号码 【1501829】
2024-06-21 19:15:30 GSD getOne 第 1 次 等待 3 秒
2024-06-21 19:15:33 查询号码 【1501829】，返回信息 {"status":"ok","msg":"广东-揭阳","gid":"101842","time_insert":"2021-06-17 17:58"}
2024-06-21 19:15:33 查询号码 【1501829】，GSD为【"广东-揭阳"】

2024-06-21 19:15:34 开始第 1919 次操作

2024-06-21 19:15:34 开始操作号码 【1501830】
2024-06-21 19:15:44 GSD getOne 第 1 次 等待 3 秒
2024-06-21 19:15:47 查询号码 【1501830】，返回信息 {"status":"ok","msg":"广东-珠海","gid":"15277","time_insert":"2015-05-25 01:25","time_update":"2020-09-29 09:00"}
2024-06-21 19:15:47 查询号码 【1501830】，GSD为【"广东-珠海"】

2024-06-21 19:15:48 开始第 1920 次操作

2024-06-21 19:15:48 开始操作号码 【1501831】
2024-06-21 19:15:58 GSD getOne 第 1 次 等待 3 秒
2024-06-21 19:16:01 查询号码 【1501831】，返回信息 {"status":"ok","msg":"广东-珠海","gid":"101865","time_insert":"2021-06-17 18:19"}
2024-06-21 19:16:01 查询号码 【1501831】，GSD为【"广东-珠海"】

2024-06-21 19:38:42 开始第 1921 次操作

2024-06-21 19:38:42 开始操作号码 【1501832】
2024-06-21 19:38:59 GSD getOne 第 1 次 等待 3 秒
2024-06-21 19:39:02 查询号码 【1501832】，返回信息 {"status":"ok","msg":"广东-珠海","gid":"101896","time_insert":"2021-06-17 18:46"}
2024-06-21 19:39:02 查询号码 【1501832】，GSD为【"广东-珠海"】

2024-06-21 19:39:03 开始第 1922 次操作

2024-06-21 19:39:03 开始操作号码 【1501833】
2024-06-21 19:39:33 GSD getOne 第 1 次 等待 3 秒
2024-06-21 19:39:36 查询号码 【1501833】，返回信息 {"status":"ok","msg":"广东-珠海","gid":"101918","time_insert":"2021-06-17 19:02"}
2024-06-21 19:39:36 查询号码 【1501833】，GSD为【"广东-珠海"】

2024-06-21 19:39:37 开始第 1923 次操作

2024-06-21 19:39:37 开始操作号码 【1501834】
2024-06-21 19:39:58 GSD getOne 第 1 次 等待 3 秒
2024-06-21 19:40:01 查询号码 【1501834】，返回信息 {"status":"ok","msg":"广东-珠海","gid":"101939","time_insert":"2021-06-17 19:21"}
2024-06-21 19:40:01 查询号码 【1501834】，GSD为【"广东-珠海"】

2024-06-21 19:40:02 开始第 1924 次操作

2024-06-21 19:40:02 开始操作号码 【1501835】
2024-06-21 19:40:19 GSD getOne 第 1 次 等待 3 秒
2024-06-21 19:40:22 查询号码 【1501835】，返回信息 {"status":"ok","msg":"广东-汕头","gid":"101968","time_insert":"2021-06-17 19:45"}
2024-06-21 19:40:22 查询号码 【1501835】，GSD为【"广东-汕头"】

2024-06-21 20:33:14 开始第 1925 次操作

2024-06-21 20:33:14 开始操作号码 【1501836】
2024-06-21 20:33:23 GSD getOne 第 1 次 等待 3 秒
2024-06-21 20:33:26 查询号码 【1501836】，返回信息 {"status":"ok","msg":"广东-汕头","gid":"102002","time_insert":"2021-06-17 20:13"}
2024-06-21 20:33:27 查询号码 【1501836】，GSD为【"广东-汕头"】

2024-06-21 20:33:28 开始第 1926 次操作

2024-06-21 20:33:28 开始操作号码 【1501837】
2024-06-21 20:33:37 GSD getOne 第 1 次 等待 3 秒
2024-06-21 20:33:40 查询号码 【1501837】，返回信息 {"status":"ok","msg":"广东-汕头","gid":"102028","time_insert":"2021-06-17 20:31"}
2024-06-21 20:33:40 查询号码 【1501837】，GSD为【"广东-汕头"】

2024-06-21 20:33:41 开始第 1927 次操作

2024-06-21 20:33:41 开始操作号码 【1501838】
2024-06-21 20:33:52 GSD getOne 第 1 次 等待 3 秒
2024-06-21 20:33:55 查询号码 【1501838】，返回信息 {"status":"ok","msg":"广东-汕头","gid":"15278","time_insert":"2017-06-19 15:40","time_update":"2020-09-29 09:04"}
2024-06-21 20:33:55 查询号码 【1501838】，GSD为【"广东-汕头"】

2024-06-21 20:33:56 开始第 1928 次操作

2024-06-21 20:33:56 开始操作号码 【1501839】
2024-06-21 20:34:12 GSD getOne 第 1 次 等待 3 秒
2024-06-21 20:34:15 查询号码 【1501839】，返回信息 {"status":"ok","msg":"广东-汕头","gid":"102054","time_insert":"2021-06-17 20:54","time_update":"2021-06-17 21:19"}
2024-06-21 20:34:15 查询号码 【1501839】，GSD为【"广东-汕头"】

