2024-10-27 00:07:08 开始第 1665 次操作

2024-10-27 00:07:08 开始操作号码 【1311664】
2024-10-27 00:07:09 GSD getOne 第 1 次 等待 3 秒
2024-10-27 00:07:12 查询号码 【1311664】，返回信息 {"status":"ok","msg":"浙江-宁波","gid":"71586","time_insert":"2021-05-28 23:24"}
2024-10-27 00:07:12 查询号码 【1311664】，GSD为【"浙江-宁波"】

2024-10-27 00:07:13 开始第 1666 次操作

2024-10-27 00:07:13 开始操作号码 【1311665】
2024-10-27 00:07:14 GSD getOne 第 1 次 等待 3 秒
2024-10-27 00:07:17 查询号码 【1311665】，返回信息 {"status":"ok","msg":"浙江-宁波","gid":"71608","time_insert":"2021-05-28 23:54"}
2024-10-27 00:07:17 查询号码 【1311665】，GSD为【"浙江-宁波"】

2024-10-27 00:07:18 开始第 1667 次操作

2024-10-27 00:07:18 开始操作号码 【1311666】
2024-10-27 00:07:19 GSD getOne 第 1 次 等待 3 秒
2024-10-27 00:07:22 查询号码 【1311666】，返回信息 {"status":"ok","msg":"浙江-宁波","gid":"71629","time_insert":"2021-05-29 00:19"}
2024-10-27 00:07:22 查询号码 【1311666】，GSD为【"浙江-宁波"】

2024-10-27 00:07:24 开始第 1668 次操作

2024-10-27 00:07:24 开始操作号码 【1311667】
2024-10-27 00:07:26 GSD getOne 第 1 次 等待 3 秒
2024-10-27 00:07:29 查询号码 【1311667】，返回信息 {"status":"ok","msg":"浙江-宁波","gid":"71643","time_insert":"2021-05-29 00:42"}
2024-10-27 00:07:29 查询号码 【1311667】，GSD为【"浙江-宁波"】

