2024-09-13 00:25:34 开始第 4245 次操作

2024-09-13 00:25:34 开始操作号码 【1394244】
2024-09-13 00:25:42 GSD getOne 第 1 次 等待 3 秒
2024-09-13 00:25:45 查询号码 【1394244】，返回信息 {"status":"ok","msg":"辽宁-本溪","gid":"213159","time_insert":"2021-07-07 09:54"}
2024-09-13 00:25:45 查询号码 【1394244】，GSD为【"辽宁-本溪"】

2024-09-13 00:25:46 开始第 4246 次操作

2024-09-13 00:25:46 开始操作号码 【1394245】
2024-09-13 00:25:53 GSD getOne 第 1 次 等待 3 秒
2024-09-13 00:25:56 查询号码 【1394245】，返回信息 {"status":"ok","msg":"辽宁-本溪","gid":"213193","time_insert":"2021-07-07 10:08"}
2024-09-13 00:25:57 查询号码 【1394245】，GSD为【"辽宁-本溪"】

2024-09-13 00:25:58 开始第 4247 次操作

2024-09-13 00:25:58 开始操作号码 【1394246】
2024-09-13 00:26:05 GSD getOne 第 1 次 等待 3 秒
2024-09-13 00:26:08 查询号码 【1394246】，返回信息 {"status":"ok","msg":"辽宁-本溪","gid":"213241","time_insert":"2021-07-07 10:19"}
2024-09-13 00:26:08 查询号码 【1394246】，GSD为【"辽宁-本溪"】

2024-09-13 00:26:09 开始第 4248 次操作

2024-09-13 00:26:09 开始操作号码 【1394247】
2024-09-13 00:26:18 GSD getOne 第 1 次 等待 3 秒
2024-09-13 00:26:21 查询号码 【1394247】，返回信息 {"status":"ok","msg":"辽宁-本溪","gid":"13177","time_insert":"2017-04-14 13:43","time_update":"2020-08-20 19:40"}
2024-09-13 00:26:21 查询号码 【1394247】，GSD为【"辽宁-本溪"】

2024-09-13 00:45:18 开始第 4249 次操作

2024-09-13 00:45:18 开始操作号码 【1394248】
2024-09-13 00:45:26 GSD getOne 第 1 次 等待 3 秒
2024-09-13 00:45:29 查询号码 【1394248】，返回信息 {"status":"ok","msg":"辽宁-本溪","gid":"213344","time_insert":"2021-07-07 10:33"}
2024-09-13 00:45:29 查询号码 【1394248】，GSD为【"辽宁-本溪"】

2024-09-13 00:45:30 开始第 4250 次操作

2024-09-13 00:45:30 开始操作号码 【1394249】
2024-09-13 00:45:38 GSD getOne 第 1 次 等待 3 秒
2024-09-13 00:45:41 查询号码 【1394249】，返回信息 {"status":"ok","msg":"辽宁-本溪","gid":"213394","time_insert":"2021-07-07 10:46"}
2024-09-13 00:45:41 查询号码 【1394249】，GSD为【"辽宁-本溪"】

2024-09-13 00:45:42 开始第 4251 次操作

2024-09-13 00:45:42 开始操作号码 【1394250】
2024-09-13 00:45:50 GSD getOne 第 1 次 等待 3 秒
2024-09-13 00:45:53 查询号码 【1394250】，返回信息 {"status":"ok","msg":"辽宁-丹东","gid":"213546","time_insert":"2021-07-07 10:58"}
2024-09-13 00:45:53 查询号码 【1394250】，GSD为【"辽宁-丹东"】

2024-09-13 00:45:54 开始第 4252 次操作

2024-09-13 00:45:54 开始操作号码 【1394251】
2024-09-13 00:46:02 GSD getOne 第 1 次 等待 3 秒
2024-09-13 00:46:05 查询号码 【1394251】，返回信息 {"status":"ok","msg":"辽宁-丹东","gid":"213628","time_insert":"2021-07-07 11:10"}
2024-09-13 00:46:05 查询号码 【1394251】，GSD为【"辽宁-丹东"】

