2024-05-13 00:19:57 开始第 8533 次操作

2024-05-13 00:19:57 开始操作号码 【1618447】
2024-05-13 00:20:03 GSD getOne 第 1 次 等待 3 秒
2024-05-13 00:20:06 查询号码 【1618447】，返回信息 {"status":"ok","msg":"-","gid":"699894","time_insert":"2023-05-11 03:39"}
2024-05-13 00:20:06 查询号码 【1618447】，GSD为【"-"】
2024-05-13 00:20:06 ok && -
2024-05-13 00:20:09 CHB 1618447?1715530806 第 1 次 等待 3 秒
2024-05-13 00:20:12 CHB 1618447?1715530806 第 1 次 获取到号码【1618447】GSD
2024-05-13 00:20:12 未获取到号码【1618447】GSD，可能号码格式错误
2024-05-13 00:20:12 获取到号码【1618447】的GSD为【-】
2024-05-13 00:20:16 GSD insert 第 1 次 等待 3 秒
2024-05-13 00:20:19 {"status":"bad","gid":"699894","msg":"添加失败！号码【1618447(-|-)】已存在！"}
2024-05-13 00:20:19 随机等待 152 秒，约 2 分钟
2024-05-13 00:20:19 下次操作: 2024-05-13 00:22:51

2024-05-13 00:22:51 开始第 8534 次操作

2024-05-13 00:22:51 开始操作号码 【1618448】
2024-05-13 00:22:58 GSD getOne 第 1 次 等待 3 秒
2024-05-13 00:23:01 查询号码 【1618448】，返回信息 {"status":"ok","msg":"-","gid":"699887","time_insert":"2023-05-11 03:21"}
2024-05-13 00:23:01 查询号码 【1618448】，GSD为【"-"】
2024-05-13 00:23:01 ok && -
2024-05-13 00:23:03 CHB 1618448?1715530981 第 1 次 等待 3 秒
2024-05-13 00:23:06 CHB 1618448?1715530981 第 1 次 获取到号码【1618448】GSD
2024-05-13 00:23:06 未获取到号码【1618448】GSD，可能号码格式错误
2024-05-13 00:23:06 获取到号码【1618448】的GSD为【-】
2024-05-13 00:23:12 GSD insert 第 1 次 等待 3 秒
2024-05-13 00:23:15 {"status":"bad","gid":"699887","msg":"添加失败！号码【1618448(-|-)】已存在！"}
2024-05-13 00:23:15 随机等待 105 秒，约 1 分钟
2024-05-13 00:23:15 下次操作: 2024-05-13 00:25:00

2024-05-13 00:25:00 开始第 8535 次操作

2024-05-13 00:25:00 开始操作号码 【1618449】
2024-05-13 00:25:04 GSD getOne 第 1 次 等待 3 秒
2024-05-13 00:25:07 查询号码 【1618449】，返回信息 {"status":"ok","msg":"-","gid":"699880","time_insert":"2023-05-11 03:04"}
2024-05-13 00:25:07 查询号码 【1618449】，GSD为【"-"】
2024-05-13 00:25:07 ok && -
2024-05-13 00:25:09 CHB 1618449?1715531107 第 1 次 等待 3 秒
2024-05-13 00:25:12 CHB 1618449?1715531107 第 1 次 获取到号码【1618449】GSD
2024-05-13 00:25:12 未获取到号码【1618449】GSD，可能号码格式错误
2024-05-13 00:25:12 获取到号码【1618449】的GSD为【-】
2024-05-13 00:25:20 GSD insert 第 1 次 等待 3 秒
2024-05-13 00:25:23 {"status":"bad","gid":"699880","msg":"添加失败！号码【1618449(-|-)】已存在！"}
2024-05-13 00:25:23 随机等待 79 秒，约 1 分钟
2024-05-13 00:25:23 下次操作: 2024-05-13 00:26:42

2024-05-13 00:26:42 开始第 8536 次操作

2024-05-13 00:26:42 开始操作号码 【1618450】
2024-05-13 00:26:47 GSD getOne 第 1 次 等待 3 秒
2024-05-13 00:26:50 查询号码 【1618450】，返回信息 {"status":"ok","msg":"-","gid":"699872","time_insert":"2023-05-11 02:48"}
2024-05-13 00:26:50 查询号码 【1618450】，GSD为【"-"】
2024-05-13 00:26:50 ok && -
2024-05-13 00:26:52 CHB 1618450?1715531210 第 1 次 等待 3 秒
2024-05-13 00:26:55 CHB 1618450?1715531210 第 1 次 获取到号码【1618450】GSD
2024-05-13 00:26:55 未获取到号码【1618450】GSD，可能号码格式错误
2024-05-13 00:26:55 获取到号码【1618450】的GSD为【-】
2024-05-13 00:27:00 GSD insert 第 1 次 等待 3 秒
2024-05-13 00:27:03 {"status":"bad","gid":"699872","msg":"添加失败！号码【1618450(-|-)】已存在！"}

