2024-11-19 00:09:13 开始第 5733 次操作

2024-11-19 00:09:13 开始操作号码 【1315732】
2024-11-19 00:09:15 GSD getOne 第 1 次 等待 3 秒
2024-11-19 00:09:18 查询号码 【1315732】，返回信息 {"status":"ok","msg":"浙江-嘉兴","gid":"243703","time_insert":"2021-07-11 00:02"}
2024-11-19 00:09:18 查询号码 【1315732】，GSD为【"浙江-嘉兴"】

2024-11-19 00:09:19 开始第 5734 次操作

2024-11-19 00:09:19 开始操作号码 【1315733】
2024-11-19 00:09:20 GSD getOne 第 1 次 等待 3 秒
2024-11-19 00:09:23 查询号码 【1315733】，返回信息 {"status":"ok","msg":"浙江-嘉兴","gid":"243699","time_insert":"2021-07-11 00:01"}
2024-11-19 00:09:23 查询号码 【1315733】，GSD为【"浙江-嘉兴"】

2024-11-19 00:09:24 开始第 5735 次操作

2024-11-19 00:09:24 开始操作号码 【1315734】
2024-11-19 00:09:25 GSD getOne 第 1 次 等待 3 秒
2024-11-19 00:09:28 查询号码 【1315734】，返回信息 {"status":"ok","msg":"浙江-嘉兴","gid":"243695","time_insert":"2021-07-11 00:01"}
2024-11-19 00:09:28 查询号码 【1315734】，GSD为【"浙江-嘉兴"】

2024-11-19 00:09:29 开始第 5736 次操作

2024-11-19 00:09:29 开始操作号码 【1315735】
2024-11-19 00:09:31 GSD getOne 第 1 次 等待 3 秒
2024-11-19 00:09:34 查询号码 【1315735】，返回信息 {"status":"ok","msg":"浙江-嘉兴","gid":"243691","time_insert":"2021-07-11 00:00"}
2024-11-19 00:09:34 查询号码 【1315735】，GSD为【"浙江-嘉兴"】

