2024-01-14 00:20:16 开始第 8537 次操作

2024-01-14 00:20:16 开始操作号码 【1838456】
2024-01-14 00:20:24 GSD getOne 第 1 次 等待 3 秒
2024-01-14 00:20:27 查询号码 【1838456】，返回信息 {"status":"ok","msg":"四川-广元","gid":"38588","time_insert":"2017-01-19 09:05","time_update":"2021-06-16 23:04"}
2024-01-14 00:20:27 查询号码 【1838456】，GSD为【"四川-广元"】

2024-01-14 00:20:28 开始第 8538 次操作

2024-01-14 00:20:28 开始操作号码 【1838457】
2024-01-14 00:20:32 GSD getOne 第 1 次 等待 3 秒
2024-01-14 00:20:35 查询号码 【1838457】，返回信息 {"status":"ok","msg":"四川-广元","gid":"38589","time_insert":"2015-05-29 11:20","time_update":"2020-11-09 18:07"}
2024-01-14 00:20:35 查询号码 【1838457】，GSD为【"四川-广元"】

2024-01-14 00:20:36 开始第 8539 次操作

2024-01-14 00:20:36 开始操作号码 【1838458】
2024-01-14 00:20:44 GSD getOne 第 1 次 等待 3 秒
2024-01-14 00:20:47 查询号码 【1838458】，返回信息 {"status":"ok","msg":"四川-广元","gid":"38590","time_insert":"2016-05-21 14:34","time_update":"2020-11-09 18:12"}
2024-01-14 00:20:47 查询号码 【1838458】，GSD为【"四川-广元"】

2024-01-14 00:20:48 开始第 8540 次操作

2024-01-14 00:20:48 开始操作号码 【1838459】
2024-01-14 00:20:52 GSD getOne 第 1 次 等待 3 秒
2024-01-14 00:20:55 查询号码 【1838459】，返回信息 {"status":"ok","msg":"四川-广元","gid":"38591","time_insert":"2019-07-24 22:26","time_update":"2020-11-09 18:16"}
2024-01-14 00:20:55 查询号码 【1838459】，GSD为【"四川-广元"】

2024-01-14 00:40:03 开始第 8541 次操作

2024-01-14 00:40:03 开始操作号码 【1838460】
2024-01-14 00:40:09 GSD getOne 第 1 次 等待 3 秒
2024-01-14 00:40:12 查询号码 【1838460】，返回信息 {"status":"ok","msg":"四川-乐山","gid":"38592","time_insert":"2016-03-09 15:43","time_update":"2020-11-09 18:21"}
2024-01-14 00:40:12 查询号码 【1838460】，GSD为【"四川-乐山"】

2024-01-14 00:40:13 开始第 8542 次操作

2024-01-14 00:40:13 开始操作号码 【1838461】
2024-01-14 00:40:19 GSD getOne 第 1 次 等待 3 秒
2024-01-14 00:40:22 查询号码 【1838461】，返回信息 {"status":"ok","msg":"四川-乐山","gid":"38593","time_insert":"2018-06-24 23:22","time_update":"2020-11-09 18:25"}
2024-01-14 00:40:22 查询号码 【1838461】，GSD为【"四川-乐山"】

2024-01-14 00:40:23 开始第 8543 次操作

2024-01-14 00:40:23 开始操作号码 【1838462】
2024-01-14 00:40:27 GSD getOne 第 1 次 等待 3 秒
2024-01-14 00:40:30 查询号码 【1838462】，返回信息 {"status":"ok","msg":"四川-乐山","gid":"38594","time_insert":"2018-05-30 22:44","time_update":"2020-11-09 18:29"}
2024-01-14 00:40:30 查询号码 【1838462】，GSD为【"四川-乐山"】

2024-01-14 00:40:31 开始第 8544 次操作

2024-01-14 00:40:31 开始操作号码 【1838463】
2024-01-14 00:40:34 GSD getOne 第 1 次 等待 3 秒
2024-01-14 00:40:37 查询号码 【1838463】，返回信息 {"status":"ok","msg":"四川-乐山","gid":"355792","time_insert":"2021-07-22 14:01"}
2024-01-14 00:40:37 查询号码 【1838463】，GSD为【"四川-乐山"】

2024-01-14 01:13:49 开始第 8545 次操作

2024-01-14 01:13:49 开始操作号码 【1838464】
2024-01-14 01:13:52 GSD getOne 第 1 次 等待 3 秒
2024-01-14 01:13:55 查询号码 【1838464】，返回信息 {"status":"ok","msg":"四川-乐山","gid":"38595","time_insert":"2017-07-06 09:49","time_update":"2020-11-09 18:33"}
2024-01-14 01:13:55 查询号码 【1838464】，GSD为【"四川-乐山"】

2024-01-14 01:13:56 开始第 8546 次操作

2024-01-14 01:13:56 开始操作号码 【1838465】
2024-01-14 01:14:00 GSD getOne 第 1 次 等待 3 秒
2024-01-14 01:14:03 查询号码 【1838465】，返回信息 {"status":"ok","msg":"四川-乐山","gid":"38596","time_insert":"2016-11-02 06:19","time_update":"2020-11-09 18:38"}
2024-01-14 01:14:03 查询号码 【1838465】，GSD为【"四川-乐山"】

2024-01-14 01:14:04 开始第 8547 次操作

2024-01-14 01:14:04 开始操作号码 【1838466】
2024-01-14 01:14:08 GSD getOne 第 1 次 等待 3 秒
2024-01-14 01:14:11 查询号码 【1838466】，返回信息 {"status":"ok","msg":"四川-乐山","gid":"38597","time_insert":"2018-09-22 18:25","time_update":"2020-11-09 18:42"}
2024-01-14 01:14:11 查询号码 【1838466】，GSD为【"四川-乐山"】

2024-01-14 01:14:12 开始第 8548 次操作

2024-01-14 01:14:12 开始操作号码 【1838467】
2024-01-14 01:14:18 GSD getOne 第 1 次 等待 3 秒
2024-01-14 01:14:21 查询号码 【1838467】，返回信息 {"status":"ok","msg":"四川-乐山","gid":"38598","time_insert":"2018-08-15 19:36","time_update":"2020-11-09 18:46"}
2024-01-14 01:14:21 查询号码 【1838467】，GSD为【"四川-乐山"】

2024-01-14 01:37:14 开始第 8549 次操作

2024-01-14 01:37:14 开始操作号码 【1838468】
2024-01-14 01:37:18 GSD getOne 第 1 次 等待 3 秒
2024-01-14 01:37:21 查询号码 【1838468】，返回信息 {"status":"ok","msg":"四川-乐山","gid":"38599","time_insert":"2018-05-08 15:45","time_update":"2020-11-09 18:50"}
2024-01-14 01:37:21 查询号码 【1838468】，GSD为【"四川-乐山"】

2024-01-14 01:37:22 开始第 8550 次操作

2024-01-14 01:37:22 开始操作号码 【1838469】
2024-01-14 01:37:25 GSD getOne 第 1 次 等待 3 秒
2024-01-14 01:37:28 查询号码 【1838469】，返回信息 {"status":"ok","msg":"四川-乐山","gid":"38600","time_insert":"2019-07-25 12:21","time_update":"2020-11-09 18:51"}
2024-01-14 01:37:28 查询号码 【1838469】，GSD为【"四川-乐山"】

2024-01-14 01:37:29 开始第 8551 次操作

2024-01-14 01:37:29 开始操作号码 【1838470】
2024-01-14 01:37:32 GSD getOne 第 1 次 等待 3 秒
2024-01-14 01:37:35 查询号码 【1838470】，返回信息 {"status":"ok","msg":"四川-眉山","gid":"38601","time_insert":"2017-04-29 16:22","time_update":"2020-11-09 18:54"}
2024-01-14 01:37:35 查询号码 【1838470】，GSD为【"四川-眉山"】

2024-01-14 01:37:36 开始第 8552 次操作

2024-01-14 01:37:36 开始操作号码 【1838471】
2024-01-14 01:37:40 GSD getOne 第 1 次 等待 3 秒
2024-01-14 01:37:43 查询号码 【1838471】，返回信息 {"status":"ok","msg":"四川-眉山","gid":"38602","time_insert":"2019-07-20 08:49","time_update":"2020-11-09 18:59"}
2024-01-14 01:37:43 查询号码 【1838471】，GSD为【"四川-眉山"】

2024-01-14 02:19:26 开始第 8553 次操作

2024-01-14 02:19:26 开始操作号码 【1838472】
2024-01-14 02:19:30 GSD getOne 第 1 次 等待 3 秒
2024-01-14 02:19:33 查询号码 【1838472】，返回信息 {"status":"ok","msg":"四川-眉山","gid":"38603","time_insert":"2016-03-18 14:36","time_update":"2020-11-09 19:02"}
2024-01-14 02:19:33 查询号码 【1838472】，GSD为【"四川-眉山"】

2024-01-14 02:19:34 开始第 8554 次操作

2024-01-14 02:19:34 开始操作号码 【1838473】
2024-01-14 02:19:37 GSD getOne 第 1 次 等待 3 秒
2024-01-14 02:19:40 查询号码 【1838473】，返回信息 {"status":"ok","msg":"四川-眉山","gid":"38604","time_insert":"2018-07-21 23:23","time_update":"2020-11-09 19:07"}
2024-01-14 02:19:41 查询号码 【1838473】，GSD为【"四川-眉山"】

2024-01-14 02:19:42 开始第 8555 次操作

2024-01-14 02:19:42 开始操作号码 【1838474】
2024-01-14 02:19:48 GSD getOne 第 1 次 等待 3 秒
2024-01-14 02:19:51 查询号码 【1838474】，返回信息 {"status":"ok","msg":"四川-眉山","gid":"38605","time_insert":"2020-04-13 19:05","time_update":"2020-11-09 19:11"}
2024-01-14 02:19:51 查询号码 【1838474】，GSD为【"四川-眉山"】

2024-01-14 02:19:52 开始第 8556 次操作

2024-01-14 02:19:52 开始操作号码 【1838475】
2024-01-14 02:19:56 GSD getOne 第 1 次 等待 3 秒
2024-01-14 02:19:59 查询号码 【1838475】，返回信息 {"status":"ok","msg":"四川-眉山","gid":"38606","time_insert":"2017-09-20 16:35","time_update":"2020-11-09 19:16"}
2024-01-14 02:19:59 查询号码 【1838475】，GSD为【"四川-眉山"】

2024-01-14 02:37:06 开始第 8557 次操作

2024-01-14 02:37:06 开始操作号码 【1838476】
2024-01-14 02:37:09 GSD getOne 第 1 次 等待 3 秒
2024-01-14 02:37:12 查询号码 【1838476】，返回信息 {"status":"ok","msg":"四川-眉山","gid":"38607","time_insert":"2018-08-12 22:40","time_update":"2020-11-09 19:20"}
2024-01-14 02:37:12 查询号码 【1838476】，GSD为【"四川-眉山"】

2024-01-14 02:37:13 开始第 8558 次操作

2024-01-14 02:37:13 开始操作号码 【1838477】
2024-01-14 02:37:16 GSD getOne 第 1 次 等待 3 秒
2024-01-14 02:37:19 查询号码 【1838477】，返回信息 {"status":"ok","msg":"四川-眉山","gid":"38608","time_insert":"2018-08-07 23:05","time_update":"2020-11-09 19:24"}
2024-01-14 02:37:19 查询号码 【1838477】，GSD为【"四川-眉山"】

2024-01-14 02:37:20 开始第 8559 次操作

2024-01-14 02:37:20 开始操作号码 【1838478】
2024-01-14 02:37:24 GSD getOne 第 1 次 等待 3 秒
2024-01-14 02:37:27 查询号码 【1838478】，返回信息 {"status":"ok","msg":"四川-眉山","gid":"38609","time_insert":"2018-05-30 22:44","time_update":"2020-11-09 19:28"}
2024-01-14 02:37:27 查询号码 【1838478】，GSD为【"四川-眉山"】

2024-01-14 02:37:28 开始第 8560 次操作

2024-01-14 02:37:28 开始操作号码 【1838479】
2024-01-14 02:37:32 GSD getOne 第 1 次 等待 3 秒
2024-01-14 02:37:35 查询号码 【1838479】，返回信息 {"status":"ok","msg":"四川-眉山","gid":"355804","time_insert":"2021-07-22 14:03"}
2024-01-14 02:37:35 查询号码 【1838479】，GSD为【"四川-眉山"】

