2024-04-08 00:18:18 开始第 2461 次操作

2024-04-08 00:18:18 开始操作号码 【1612380】
2024-04-08 00:18:26 GSD getOne 第 1 次 等待 3 秒
2024-04-08 00:18:29 查询号码 【1612380】，返回信息 {"status":"ok","msg":"-","gid":"559755","time_insert":"2023-02-28 00:46"}
2024-04-08 00:18:29 查询号码 【1612380】，GSD为【"-"】
2024-04-08 00:18:29 ok && -
2024-04-08 00:18:31 CHB 1612380?1712506709 第 1 次 等待 3 秒
2024-04-08 00:18:34 CHB 1612380?1712506709 第 1 次 获取到号码【1612380】GSD
2024-04-08 00:18:34 未获取到号码【1612380】GSD，可能号码格式错误
2024-04-08 00:18:34 获取到号码【1612380】的GSD为【-】
2024-04-08 00:18:40 GSD insert 第 1 次 等待 3 秒
2024-04-08 00:18:43 {"status":"bad","gid":"559755","msg":"添加失败！号码【1612380(-|-)】已存在！"}
2024-04-08 00:18:43 随机等待 101 秒，约 1 分钟
2024-04-08 00:18:43 下次操作: 2024-04-08 00:20:24

2024-04-08 00:20:24 开始第 2462 次操作

2024-04-08 00:20:24 开始操作号码 【1612381】
2024-04-08 00:20:29 GSD getOne 第 1 次 等待 3 秒
2024-04-08 00:20:32 查询号码 【1612381】，返回信息 {"status":"ok","msg":"-","gid":"559782","time_insert":"2023-02-28 01:02"}
2024-04-08 00:20:32 查询号码 【1612381】，GSD为【"-"】
2024-04-08 00:20:32 ok && -
2024-04-08 00:20:35 CHB 1612381?1712506832 第 1 次 等待 3 秒
2024-04-08 00:20:38 CHB 1612381?1712506832 第 1 次 获取到号码【1612381】GSD
2024-04-08 00:20:38 未获取到号码【1612381】GSD，可能号码格式错误
2024-04-08 00:20:38 获取到号码【1612381】的GSD为【-】
2024-04-08 00:20:45 GSD insert 第 1 次 等待 3 秒
2024-04-08 00:20:48 {"status":"bad","gid":"559782","msg":"添加失败！号码【1612381(-|-)】已存在！"}
2024-04-08 00:20:48 随机等待 108 秒，约 1 分钟
2024-04-08 00:20:48 下次操作: 2024-04-08 00:22:36

2024-04-08 00:22:36 开始第 2463 次操作

2024-04-08 00:22:36 开始操作号码 【1612382】
2024-04-08 00:22:42 GSD getOne 第 1 次 等待 3 秒
2024-04-08 00:22:45 查询号码 【1612382】，返回信息 {"status":"ok","msg":"-","gid":"559805","time_insert":"2023-02-28 01:15"}
2024-04-08 00:22:45 查询号码 【1612382】，GSD为【"-"】
2024-04-08 00:22:45 ok && -
2024-04-08 00:22:48 CHB 1612382?1712506966 第 1 次 等待 3 秒
2024-04-08 00:22:51 CHB 1612382?1712506966 第 1 次 获取到号码【1612382】GSD
2024-04-08 00:22:51 未获取到号码【1612382】GSD，可能号码格式错误
2024-04-08 00:22:51 获取到号码【1612382】的GSD为【-】
2024-04-08 00:22:56 GSD insert 第 1 次 等待 3 秒
2024-04-08 00:22:59 {"status":"bad","gid":"559805","msg":"添加失败！号码【1612382(-|-)】已存在！"}
2024-04-08 00:22:59 随机等待 115 秒，约 1 分钟
2024-04-08 00:22:59 下次操作: 2024-04-08 00:24:54

2024-04-08 00:24:54 开始第 2464 次操作

2024-04-08 00:24:54 开始操作号码 【1612383】
2024-04-08 00:24:59 GSD getOne 第 1 次 等待 3 秒
2024-04-08 00:25:02 查询号码 【1612383】，返回信息 {"status":"ok","msg":"-","gid":"559817","time_insert":"2023-02-28 01:25"}
2024-04-08 00:25:02 查询号码 【1612383】，GSD为【"-"】
2024-04-08 00:25:02 ok && -
2024-04-08 00:25:04 CHB 1612383?1712507102 第 1 次 等待 3 秒
2024-04-08 00:25:07 CHB 1612383?1712507102 第 1 次 获取到号码【1612383】GSD
2024-04-08 00:25:07 未获取到号码【1612383】GSD，可能号码格式错误
2024-04-08 00:25:07 获取到号码【1612383】的GSD为【-】
2024-04-08 00:25:13 GSD insert 第 1 次 等待 3 秒
2024-04-08 00:25:16 {"status":"bad","gid":"559817","msg":"添加失败！号码【1612383(-|-)】已存在！"}

2024-04-08 00:37:05 开始第 2465 次操作

2024-04-08 00:37:05 开始操作号码 【1612384】
2024-04-08 00:37:09 GSD getOne 第 1 次 等待 3 秒
2024-04-08 00:37:12 查询号码 【1612384】，返回信息 {"status":"ok","msg":"-","gid":"559843","time_insert":"2023-02-28 01:40"}
2024-04-08 00:37:12 查询号码 【1612384】，GSD为【"-"】
2024-04-08 00:37:12 ok && -
2024-04-08 00:37:15 CHB 1612384?1712507832 第 1 次 等待 3 秒
2024-04-08 00:37:18 CHB 1612384?1712507832 第 1 次 获取到号码【1612384】GSD
2024-04-08 00:37:18 未获取到号码【1612384】GSD，可能号码格式错误
2024-04-08 00:37:18 获取到号码【1612384】的GSD为【-】
2024-04-08 00:37:24 GSD insert 第 1 次 等待 3 秒
2024-04-08 00:37:27 {"status":"bad","gid":"559843","msg":"添加失败！号码【1612384(-|-)】已存在！"}
2024-04-08 00:37:27 随机等待 67 秒，约 1 分钟
2024-04-08 00:37:27 下次操作: 2024-04-08 00:38:34

2024-04-08 00:38:34 开始第 2466 次操作

2024-04-08 00:38:34 开始操作号码 【1612385】
2024-04-08 00:38:44 GSD getOne 第 1 次 等待 3 秒
2024-04-08 00:38:47 查询号码 【1612385】，返回信息 {"status":"ok","msg":"-","gid":"559865","time_insert":"2023-02-28 01:55"}
2024-04-08 00:38:47 查询号码 【1612385】，GSD为【"-"】
2024-04-08 00:38:47 ok && -
2024-04-08 00:38:49 CHB 1612385?1712507927 第 1 次 等待 3 秒
2024-04-08 00:38:52 CHB 1612385?1712507927 第 1 次 获取到号码【1612385】GSD
2024-04-08 00:38:52 未获取到号码【1612385】GSD，可能号码格式错误
2024-04-08 00:38:52 获取到号码【1612385】的GSD为【-】
2024-04-08 00:38:57 GSD insert 第 1 次 等待 3 秒
2024-04-08 00:39:00 {"status":"bad","gid":"559865","msg":"添加失败！号码【1612385(-|-)】已存在！"}
2024-04-08 00:39:00 随机等待 132 秒，约 2 分钟
2024-04-08 00:39:00 下次操作: 2024-04-08 00:41:12

2024-04-08 00:41:12 开始第 2467 次操作

2024-04-08 00:41:12 开始操作号码 【1612386】
2024-04-08 00:41:17 GSD getOne 第 1 次 等待 3 秒
2024-04-08 00:41:20 查询号码 【1612386】，返回信息 {"status":"ok","msg":"-","gid":"559883","time_insert":"2023-02-28 02:08"}
2024-04-08 00:41:20 查询号码 【1612386】，GSD为【"-"】
2024-04-08 00:41:20 ok && -
2024-04-08 00:41:21 CHB 1612386?1712508080 第 1 次 等待 3 秒
2024-04-08 00:41:24 CHB 1612386?1712508080 第 1 次 获取到号码【1612386】GSD
2024-04-08 00:41:24 未获取到号码【1612386】GSD，可能号码格式错误
2024-04-08 00:41:24 获取到号码【1612386】的GSD为【-】
2024-04-08 00:41:30 GSD insert 第 1 次 等待 3 秒
2024-04-08 00:41:33 {"status":"bad","gid":"559883","msg":"添加失败！号码【1612386(-|-)】已存在！"}
2024-04-08 00:41:33 随机等待 127 秒，约 2 分钟
2024-04-08 00:41:33 下次操作: 2024-04-08 00:43:40

2024-04-08 00:43:40 开始第 2468 次操作

2024-04-08 00:43:40 开始操作号码 【1612387】
2024-04-08 00:43:46 GSD getOne 第 1 次 等待 3 秒
2024-04-08 00:43:49 查询号码 【1612387】，返回信息 {"status":"ok","msg":"-","gid":"559905","time_insert":"2023-02-28 02:23"}
2024-04-08 00:43:49 查询号码 【1612387】，GSD为【"-"】
2024-04-08 00:43:49 ok && -
2024-04-08 00:43:56 CHB 1612387?1712508229 第 1 次 等待 3 秒
2024-04-08 00:43:59 CHB 1612387?1712508229 第 1 次 获取到号码【1612387】GSD
2024-04-08 00:43:59 未获取到号码【1612387】GSD，可能号码格式错误
2024-04-08 00:43:59 获取到号码【1612387】的GSD为【-】
2024-04-08 00:44:04 GSD insert 第 1 次 等待 3 秒
2024-04-08 00:44:07 {"status":"bad","gid":"559905","msg":"添加失败！号码【1612387(-|-)】已存在！"}

