2024-03-31 00:19:30 开始第 1041 次操作

2024-03-31 00:19:30 开始操作号码 【1610961】
2024-03-31 00:19:35 GSD getOne 第 1 次 等待 3 秒
2024-03-31 00:19:38 查询号码 【1610961】，返回信息 {"status":"ok","msg":"-","gid":"530857","time_insert":"2023-02-14 16:36"}
2024-03-31 00:19:38 查询号码 【1610961】，GSD为【"-"】
2024-03-31 00:19:38 ok && -
2024-03-31 00:19:41 CHB 1610961?1711815578 第 1 次 等待 3 秒
2024-03-31 00:19:44 CHB 1610961?1711815578 第 1 次 获取到号码【1610961】GSD
2024-03-31 00:19:44 未获取到号码【1610961】GSD，可能号码格式错误
2024-03-31 00:19:44 获取到号码【1610961】的GSD为【-】
2024-03-31 00:19:50 GSD insert 第 1 次 等待 3 秒
2024-03-31 00:19:53 {"status":"bad","gid":"530857","msg":"添加失败！号码【1610961(-|-)】已存在！"}
2024-03-31 00:19:53 随机等待 72 秒，约 1 分钟
2024-03-31 00:19:53 下次操作: 2024-03-31 00:21:05

2024-03-31 00:21:05 开始第 1042 次操作

2024-03-31 00:21:05 开始操作号码 【1610962】
2024-03-31 00:21:12 GSD getOne 第 1 次 等待 3 秒
2024-03-31 00:21:15 查询号码 【1610962】，返回信息 {"status":"ok","msg":"-","gid":"530869","time_insert":"2023-02-14 16:48"}
2024-03-31 00:21:15 查询号码 【1610962】，GSD为【"-"】
2024-03-31 00:21:15 ok && -
2024-03-31 00:21:17 CHB 1610962?1711815675 第 1 次 等待 3 秒
2024-03-31 00:21:20 CHB 1610962?1711815675 第 1 次 获取到号码【1610962】GSD
2024-03-31 00:21:20 未获取到号码【1610962】GSD，可能号码格式错误
2024-03-31 00:21:20 获取到号码【1610962】的GSD为【-】
2024-03-31 00:21:30 GSD insert 第 1 次 等待 3 秒
2024-03-31 00:21:33 {"status":"bad","gid":"530869","msg":"添加失败！号码【1610962(-|-)】已存在！"}
2024-03-31 00:21:33 随机等待 195 秒，约 3 分钟
2024-03-31 00:21:33 下次操作: 2024-03-31 00:24:48

2024-03-31 00:24:48 开始第 1043 次操作

2024-03-31 00:24:48 开始操作号码 【1610963】
2024-03-31 00:24:56 GSD getOne 第 1 次 等待 3 秒
2024-03-31 00:24:59 查询号码 【1610963】，返回信息 {"status":"ok","msg":"-","gid":"530883","time_insert":"2023-02-14 16:56"}
2024-03-31 00:24:59 查询号码 【1610963】，GSD为【"-"】
2024-03-31 00:24:59 ok && -
2024-03-31 00:25:02 CHB 1610963?1711815899 第 1 次 等待 3 秒
2024-03-31 00:25:05 CHB 1610963?1711815899 第 1 次 获取到号码【1610963】GSD
2024-03-31 00:25:05 未获取到号码【1610963】GSD，可能号码格式错误
2024-03-31 00:25:05 获取到号码【1610963】的GSD为【-】
2024-03-31 00:25:11 GSD insert 第 1 次 等待 3 秒
2024-03-31 00:25:14 {"status":"bad","gid":"530883","msg":"添加失败！号码【1610963(-|-)】已存在！"}
2024-03-31 00:25:14 随机等待 111 秒，约 1 分钟
2024-03-31 00:25:14 下次操作: 2024-03-31 00:27:05

2024-03-31 00:27:05 开始第 1044 次操作

2024-03-31 00:27:05 开始操作号码 【1610964】
2024-03-31 00:27:09 GSD getOne 第 1 次 等待 3 秒
2024-03-31 00:27:12 查询号码 【1610964】，返回信息 {"status":"ok","msg":"-","gid":"530896","time_insert":"2023-02-14 17:07"}
2024-03-31 00:27:12 查询号码 【1610964】，GSD为【"-"】
2024-03-31 00:27:12 ok && -
2024-03-31 00:27:15 CHB 1610964?1711816032 第 1 次 等待 3 秒
2024-03-31 00:27:18 CHB 1610964?1711816032 第 1 次 获取到号码【1610964】GSD
2024-03-31 00:27:18 未获取到号码【1610964】GSD，可能号码格式错误
2024-03-31 00:27:18 获取到号码【1610964】的GSD为【-】
2024-03-31 00:27:25 GSD insert 第 1 次 等待 3 秒
2024-03-31 00:27:28 {"status":"bad","gid":"530896","msg":"添加失败！号码【1610964(-|-)】已存在！"}

