2023-11-20 00:19:27 开始第 9453 次操作

2023-11-20 00:19:27 开始操作号码 【1939371】
2023-11-20 00:19:32 GSD getOne 第 1 次 等待 3 秒
2023-11-20 00:19:35 查询号码 【1939371】，返回信息 {"status":"ok","msg":"甘肃-酒泉","gid":"439262","time_insert":"2021-07-30 01:46"}
2023-11-20 00:19:35 查询号码 【1939371】，GSD为【"甘肃-酒泉"】

2023-11-20 00:19:36 开始第 9454 次操作

2023-11-20 00:19:36 开始操作号码 【1939372】
2023-11-20 00:19:40 GSD getOne 第 1 次 等待 3 秒
2023-11-20 00:19:43 查询号码 【1939372】，返回信息 {"status":"ok","msg":"甘肃-酒泉","gid":"439255","time_insert":"2021-07-30 01:46"}
2023-11-20 00:19:43 查询号码 【1939372】，GSD为【"甘肃-酒泉"】

2023-11-20 00:19:44 开始第 9455 次操作

2023-11-20 00:19:44 开始操作号码 【1939373】
2023-11-20 00:19:47 GSD getOne 第 1 次 等待 3 秒
2023-11-20 00:19:50 查询号码 【1939373】，返回信息 {"status":"ok","msg":"甘肃-酒泉","gid":"439247","time_insert":"2021-07-30 01:45"}
2023-11-20 00:19:50 查询号码 【1939373】，GSD为【"甘肃-酒泉"】

2023-11-20 00:19:51 开始第 9456 次操作

2023-11-20 00:19:51 开始操作号码 【1939374】
2023-11-20 00:19:55 GSD getOne 第 1 次 等待 3 秒
2023-11-20 00:19:58 查询号码 【1939374】，返回信息 {"status":"ok","msg":"甘肃-酒泉","gid":"439237","time_insert":"2021-07-30 01:45","time_update":"2021-08-23 07:57"}
2023-11-20 00:19:58 查询号码 【1939374】，GSD为【"甘肃-酒泉"】

