2023-09-28 00:21:10 开始第 289 次操作

2023-09-28 00:21:10 开始操作号码 【1930288】
2023-09-28 00:21:14 GSD getOne 第 1 次 等待 3 秒
2023-09-28 00:21:17 查询号码 【1930288】，返回信息 {"status":"ok","msg":"四川-成都","gid":"430134","time_insert":"2021-07-29 04:52"}
2023-09-28 00:21:17 查询号码 【1930288】，GSD为【"四川-成都"】

2023-09-28 00:21:18 开始第 290 次操作

2023-09-28 00:21:18 开始操作号码 【1930289】
2023-09-28 00:21:21 GSD getOne 第 1 次 等待 3 秒
2023-09-28 00:21:24 查询号码 【1930289】，返回信息 {"status":"ok","msg":"四川-成都","gid":"430218","time_insert":"2021-07-29 05:03"}
2023-09-28 00:21:24 查询号码 【1930289】，GSD为【"四川-成都"】

2023-09-28 00:21:25 开始第 291 次操作

2023-09-28 00:21:25 开始操作号码 【1930290】
2023-09-28 00:21:27 GSD getOne 第 1 次 等待 3 秒
2023-09-28 00:21:30 查询号码 【1930290】，返回信息 {"status":"ok","msg":"陕西-西安","gid":"430308","time_insert":"2021-07-29 05:17","time_update":"2021-08-22 20:52"}
2023-09-28 00:21:30 查询号码 【1930290】，GSD为【"陕西-西安"】

2023-09-28 00:21:31 开始第 292 次操作

2023-09-28 00:21:31 开始操作号码 【1930291】
2023-09-28 00:21:32 GSD getOne 第 1 次 等待 3 秒
2023-09-28 00:21:35 查询号码 【1930291】，返回信息 {"status":"ok","msg":"陕西-西安","gid":"430352","time_insert":"2021-07-29 05:31","time_update":"2021-08-22 21:04"}
2023-09-28 00:21:35 查询号码 【1930291】，GSD为【"陕西-西安"】

2023-09-28 00:40:15 开始第 293 次操作

2023-09-28 00:40:15 开始操作号码 【1930292】
2023-09-28 00:40:17 GSD getOne 第 1 次 等待 3 秒
2023-09-28 00:40:20 查询号码 【1930292】，返回信息 {"status":"ok","msg":"陕西-西安","gid":"430408","time_insert":"2021-07-29 05:44"}
2023-09-28 00:40:20 查询号码 【1930292】，GSD为【"陕西-西安"】

2023-09-28 00:40:21 开始第 294 次操作

2023-09-28 00:40:21 开始操作号码 【1930293】
2023-09-28 00:40:25 GSD getOne 第 1 次 等待 3 秒
2023-09-28 00:40:28 查询号码 【1930293】，返回信息 {"status":"ok","msg":"陕西-西安","gid":"430521","time_insert":"2021-07-29 05:54"}
2023-09-28 00:40:29 查询号码 【1930293】，GSD为【"陕西-西安"】

2023-09-28 00:40:30 开始第 295 次操作

2023-09-28 00:40:30 开始操作号码 【1930294】
2023-09-28 00:40:32 GSD getOne 第 1 次 等待 3 秒
2023-09-28 00:40:35 查询号码 【1930294】，返回信息 {"status":"ok","msg":"陕西-西安","gid":"430645","time_insert":"2021-07-29 06:08"}
2023-09-28 00:40:35 查询号码 【1930294】，GSD为【"陕西-西安"】

2023-09-28 00:40:36 开始第 296 次操作

2023-09-28 00:40:36 开始操作号码 【1930295】
2023-09-28 00:40:44 GSD getOne 第 1 次 等待 3 秒
2023-09-28 00:40:47 查询号码 【1930295】，返回信息 {"status":"ok","msg":"陕西-西安","gid":"430702","time_insert":"2021-07-29 06:23"}
2023-09-28 00:40:47 查询号码 【1930295】，GSD为【"陕西-西安"】

2023-09-28 01:14:17 开始第 297 次操作

2023-09-28 01:14:17 开始操作号码 【1930296】
2023-09-28 01:14:19 GSD getOne 第 1 次 等待 3 秒
2023-09-28 01:14:22 查询号码 【1930296】，返回信息 {"status":"ok","msg":"陕西-西安","gid":"430775","time_insert":"2021-07-29 06:35","time_update":"2021-08-22 21:21"}
2023-09-28 01:14:22 查询号码 【1930296】，GSD为【"陕西-西安"】

2023-09-28 01:14:23 开始第 298 次操作

2023-09-28 01:14:23 开始操作号码 【1930297】
2023-09-28 01:14:26 GSD getOne 第 1 次 等待 3 秒
2023-09-28 01:14:29 查询号码 【1930297】，返回信息 {"status":"ok","msg":"陕西-西安","gid":"430988","time_insert":"2021-07-29 06:49"}
2023-09-28 01:14:29 查询号码 【1930297】，GSD为【"陕西-西安"】

2023-09-28 01:14:31 开始第 299 次操作

2023-09-28 01:14:31 开始操作号码 【1930298】
2023-09-28 01:14:32 GSD getOne 第 1 次 等待 3 秒
2023-09-28 01:14:35 查询号码 【1930298】，返回信息 {"status":"ok","msg":"陕西-西安","gid":"431113","time_insert":"2021-07-29 07:00"}
2023-09-28 01:14:35 查询号码 【1930298】，GSD为【"陕西-西安"】

2023-09-28 01:14:36 开始第 300 次操作

2023-09-28 01:14:36 开始操作号码 【1930299】
2023-09-28 01:14:38 GSD getOne 第 1 次 等待 3 秒
2023-09-28 01:14:41 查询号码 【1930299】，返回信息 {"status":"ok","msg":"陕西-西安","gid":"431199","time_insert":"2021-07-29 07:14"}
2023-09-28 01:14:41 查询号码 【1930299】，GSD为【"陕西-西安"】

2023-09-28 01:37:19 开始第 301 次操作

2023-09-28 01:37:19 开始操作号码 【1930300】
2023-09-28 01:37:21 GSD getOne 第 1 次 等待 3 秒
2023-09-28 01:37:24 查询号码 【1930300】，返回信息 {"status":"ok","msg":"广东-广州","gid":"431217","time_insert":"2021-07-29 07:27"}
2023-09-28 01:37:24 查询号码 【1930300】，GSD为【"广东-广州"】

2023-09-28 01:37:25 开始第 302 次操作

2023-09-28 01:37:25 开始操作号码 【1930301】
2023-09-28 01:37:30 GSD getOne 第 1 次 等待 3 秒
2023-09-28 01:37:33 查询号码 【1930301】，返回信息 {"status":"ok","msg":"广东-广州","gid":"431278","time_insert":"2021-07-29 07:41"}
2023-09-28 01:37:33 查询号码 【1930301】，GSD为【"广东-广州"】

2023-09-28 01:37:34 开始第 303 次操作

2023-09-28 01:37:34 开始操作号码 【1930302】
2023-09-28 01:37:36 GSD getOne 第 1 次 等待 3 秒
2023-09-28 01:37:39 查询号码 【1930302】，返回信息 {"status":"ok","msg":"广东-广州","gid":"431509","time_insert":"2021-07-29 07:55"}
2023-09-28 01:37:39 查询号码 【1930302】，GSD为【"广东-广州"】

2023-09-28 01:37:40 开始第 304 次操作

2023-09-28 01:37:40 开始操作号码 【1930303】
2023-09-28 01:37:42 GSD getOne 第 1 次 等待 3 秒
2023-09-28 01:37:45 查询号码 【1930303】，返回信息 {"status":"ok","msg":"广东-广州","gid":"431655","time_insert":"2021-07-29 08:10"}
2023-09-28 01:37:45 查询号码 【1930303】，GSD为【"广东-广州"】

2023-09-28 02:20:46 开始第 305 次操作

2023-09-28 02:20:46 开始操作号码 【1930304】
2023-09-28 02:20:48 GSD getOne 第 1 次 等待 3 秒
2023-09-28 02:20:51 查询号码 【1930304】，返回信息 {"status":"ok","msg":"广东-广州","gid":"431688","time_insert":"2021-07-29 08:24"}
2023-09-28 02:20:51 查询号码 【1930304】，GSD为【"广东-广州"】

2023-09-28 02:20:52 开始第 306 次操作

2023-09-28 02:20:52 开始操作号码 【1930305】
2023-09-28 02:20:54 GSD getOne 第 1 次 等待 3 秒
2023-09-28 02:20:57 查询号码 【1930305】，返回信息 {"status":"ok","msg":"广东-广州","gid":"431705","time_insert":"2021-07-29 08:38"}
2023-09-28 02:20:57 查询号码 【1930305】，GSD为【"广东-广州"】

2023-09-28 02:20:58 开始第 307 次操作

2023-09-28 02:20:58 开始操作号码 【1930306】
2023-09-28 02:21:00 GSD getOne 第 1 次 等待 3 秒
2023-09-28 02:21:03 查询号码 【1930306】，返回信息 {"status":"ok","msg":"广东-广州","gid":"431723","time_insert":"2021-07-29 08:52"}
2023-09-28 02:21:03 查询号码 【1930306】，GSD为【"广东-广州"】

2023-09-28 02:21:04 开始第 308 次操作

2023-09-28 02:21:04 开始操作号码 【1930307】
2023-09-28 02:21:05 GSD getOne 第 1 次 等待 3 秒
2023-09-28 02:21:08 查询号码 【1930307】，返回信息 {"status":"ok","msg":"广东-深圳","gid":"431743","time_insert":"2021-07-29 09:07"}
2023-09-28 02:21:08 查询号码 【1930307】，GSD为【"广东-深圳"】

2023-09-28 02:38:17 开始第 309 次操作

2023-09-28 02:38:17 开始操作号码 【1930308】
2023-09-28 02:38:19 GSD getOne 第 1 次 等待 3 秒
2023-09-28 02:38:22 查询号码 【1930308】，返回信息 {"status":"ok","msg":"广东-深圳","gid":"431763","time_insert":"2021-07-29 09:20"}
2023-09-28 02:38:22 查询号码 【1930308】，GSD为【"广东-深圳"】

2023-09-28 02:38:23 开始第 310 次操作

2023-09-28 02:38:23 开始操作号码 【1930309】
2023-09-28 02:38:25 GSD getOne 第 1 次 等待 3 秒
2023-09-28 02:38:28 查询号码 【1930309】，返回信息 {"status":"ok","msg":"广东-清远","gid":"431779","time_insert":"2021-07-29 09:34"}
2023-09-28 02:38:28 查询号码 【1930309】，GSD为【"广东-清远"】

2023-09-28 02:38:29 开始第 311 次操作

2023-09-28 02:38:29 开始操作号码 【1930310】
2023-09-28 02:38:31 GSD getOne 第 1 次 等待 3 秒
2023-09-28 02:38:35 查询号码 【1930310】，返回信息 {"status":"ok","msg":"河北-邯郸","gid":"431883","time_insert":"2021-07-29 09:46"}
2023-09-28 02:38:35 查询号码 【1930310】，GSD为【"河北-邯郸"】

2023-09-28 02:38:36 开始第 312 次操作

2023-09-28 02:38:36 开始操作号码 【1930311】
2023-09-28 02:38:37 GSD getOne 第 1 次 等待 3 秒
2023-09-28 02:38:40 查询号码 【1930311】，返回信息 {"status":"ok","msg":"河北-石家庄","gid":"432018","time_insert":"2021-07-29 09:58"}
2023-09-28 02:38:40 查询号码 【1930311】，GSD为【"河北-石家庄"】

2023-09-28 03:12:35 开始第 313 次操作

2023-09-28 03:12:35 开始操作号码 【1930312】
2023-09-28 03:12:37 GSD getOne 第 1 次 等待 3 秒
2023-09-28 03:12:40 查询号码 【1930312】，返回信息 {"status":"ok","msg":"河北-保定","gid":"432135","time_insert":"2021-07-29 10:10"}
2023-09-28 03:12:40 查询号码 【1930312】，GSD为【"河北-保定"】

2023-09-28 03:12:41 开始第 314 次操作

2023-09-28 03:12:41 开始操作号码 【1930313】
2023-09-28 03:12:42 GSD getOne 第 1 次 等待 3 秒
2023-09-28 03:12:45 查询号码 【1930313】，返回信息 {"status":"ok","msg":"河北-张家口","gid":"432173","time_insert":"2021-07-29 10:21"}
2023-09-28 03:12:45 查询号码 【1930313】，GSD为【"河北-张家口"】

2023-09-28 03:12:46 开始第 315 次操作

2023-09-28 03:12:46 开始操作号码 【1930314】
2023-09-28 03:12:48 GSD getOne 第 1 次 等待 3 秒
2023-09-28 03:12:51 查询号码 【1930314】，返回信息 {"status":"ok","msg":"河北-承德","gid":"432242","time_insert":"2021-07-29 10:36"}
2023-09-28 03:12:51 查询号码 【1930314】，GSD为【"河北-承德"】

2023-09-28 03:12:52 开始第 316 次操作

2023-09-28 03:12:52 开始操作号码 【1930315】
2023-09-28 03:12:53 GSD getOne 第 1 次 等待 3 秒
2023-09-28 03:12:56 查询号码 【1930315】，返回信息 {"status":"ok","msg":"河北-唐山","gid":"432330","time_insert":"2021-07-29 10:51"}
2023-09-28 03:12:57 查询号码 【1930315】，GSD为【"河北-唐山"】

2023-09-28 03:37:24 开始第 317 次操作

2023-09-28 03:37:24 开始操作号码 【1930316】
2023-09-28 03:37:25 GSD getOne 第 1 次 等待 3 秒
2023-09-28 03:37:28 查询号码 【1930316】，返回信息 {"status":"ok","msg":"河北-廊坊","gid":"432516","time_insert":"2021-07-29 11:03"}
2023-09-28 03:37:28 查询号码 【1930316】，GSD为【"河北-廊坊"】

2023-09-28 03:37:30 开始第 318 次操作

2023-09-28 03:37:30 开始操作号码 【1930317】
2023-09-28 03:37:31 GSD getOne 第 1 次 等待 3 秒
2023-09-28 03:37:34 查询号码 【1930317】，返回信息 {"status":"ok","msg":"河北-沧州","gid":"432661","time_insert":"2021-07-29 11:14","time_update":"2021-08-22 22:19"}
2023-09-28 03:37:34 查询号码 【1930317】，GSD为【"河北-沧州"】

2023-09-28 03:37:35 开始第 319 次操作

2023-09-28 03:37:35 开始操作号码 【1930318】
2023-09-28 03:37:37 GSD getOne 第 1 次 等待 3 秒
2023-09-28 03:37:40 查询号码 【1930318】，返回信息 {"status":"ok","msg":"河北-衡水","gid":"432719","time_insert":"2021-07-29 11:28"}
2023-09-28 03:37:40 查询号码 【1930318】，GSD为【"河北-衡水"】

2023-09-28 03:37:41 开始第 320 次操作

2023-09-28 03:37:41 开始操作号码 【1930319】
2023-09-28 03:37:42 GSD getOne 第 1 次 等待 3 秒
2023-09-28 03:37:45 查询号码 【1930319】，返回信息 {"status":"ok","msg":"河北-邢台","gid":"432741","time_insert":"2021-07-29 11:41"}
2023-09-28 03:37:45 查询号码 【1930319】，GSD为【"河北-邢台"】

2023-09-28 04:16:35 开始第 321 次操作

2023-09-28 04:16:35 开始操作号码 【1930320】
2023-09-28 04:16:37 GSD getOne 第 1 次 等待 3 秒
2023-09-28 04:16:40 查询号码 【1930320】，返回信息 {"status":"ok","msg":"河北-邯郸","gid":"432902","time_insert":"2021-07-29 11:54"}
2023-09-28 04:16:40 查询号码 【1930320】，GSD为【"河北-邯郸"】

2023-09-28 04:16:41 开始第 322 次操作

2023-09-28 04:16:41 开始操作号码 【1930321】
2023-09-28 04:16:43 GSD getOne 第 1 次 等待 3 秒
2023-09-28 04:16:46 查询号码 【1930321】，返回信息 {"status":"ok","msg":"河北-石家庄","gid":"433097","time_insert":"2021-07-29 12:07"}
2023-09-28 04:16:46 查询号码 【1930321】，GSD为【"河北-石家庄"】

2023-09-28 04:16:47 开始第 323 次操作

2023-09-28 04:16:47 开始操作号码 【1930322】
2023-09-28 04:16:48 GSD getOne 第 1 次 等待 3 秒
2023-09-28 04:16:51 查询号码 【1930322】，返回信息 {"status":"ok","msg":"河北-保定","gid":"433183","time_insert":"2021-07-29 12:20"}
2023-09-28 04:16:51 查询号码 【1930322】，GSD为【"河北-保定"】

2023-09-28 04:16:52 开始第 324 次操作

2023-09-28 04:16:52 开始操作号码 【1930323】
2023-09-28 04:16:54 GSD getOne 第 1 次 等待 3 秒
2023-09-28 04:16:57 查询号码 【1930323】，返回信息 {"status":"ok","msg":"河北-张家口","gid":"433210","time_insert":"2021-07-29 12:34"}
2023-09-28 04:16:57 查询号码 【1930323】，GSD为【"河北-张家口"】

2023-09-28 04:37:31 开始第 325 次操作

2023-09-28 04:37:31 开始操作号码 【1930324】
2023-09-28 04:37:33 GSD getOne 第 1 次 等待 3 秒
2023-09-28 04:37:36 查询号码 【1930324】，返回信息 {"status":"ok","msg":"河北-承德","gid":"433229","time_insert":"2021-07-29 12:47"}
2023-09-28 04:37:36 查询号码 【1930324】，GSD为【"河北-承德"】

2023-09-28 04:37:37 开始第 326 次操作

2023-09-28 04:37:37 开始操作号码 【1930325】
2023-09-28 04:37:38 GSD getOne 第 1 次 等待 3 秒
2023-09-28 04:37:41 查询号码 【1930325】，返回信息 {"status":"ok","msg":"河北-唐山","gid":"433357","time_insert":"2021-07-29 12:58"}
2023-09-28 04:37:41 查询号码 【1930325】，GSD为【"河北-唐山"】

2023-09-28 04:37:42 开始第 327 次操作

2023-09-28 04:37:42 开始操作号码 【1930326】
2023-09-28 04:37:44 GSD getOne 第 1 次 等待 3 秒
2023-09-28 04:37:47 查询号码 【1930326】，返回信息 {"status":"ok","msg":"河北-廊坊","gid":"433572","time_insert":"2021-07-29 13:13"}
2023-09-28 04:37:47 查询号码 【1930326】，GSD为【"河北-廊坊"】

2023-09-28 04:37:48 开始第 328 次操作

2023-09-28 04:37:48 开始操作号码 【1930327】
2023-09-28 04:37:49 GSD getOne 第 1 次 等待 3 秒
2023-09-28 04:37:52 查询号码 【1930327】，返回信息 {"status":"ok","msg":"河北-沧州","gid":"433646","time_insert":"2021-07-29 13:24"}
2023-09-28 04:37:52 查询号码 【1930327】，GSD为【"河北-沧州"】

2023-09-28 05:13:42 开始第 329 次操作

2023-09-28 05:13:42 开始操作号码 【1930328】
2023-09-28 05:13:44 GSD getOne 第 1 次 等待 3 秒
2023-09-28 05:13:47 查询号码 【1930328】，返回信息 {"status":"ok","msg":"河北-衡水","gid":"433694","time_insert":"2021-07-29 13:34"}
2023-09-28 05:13:47 查询号码 【1930328】，GSD为【"河北-衡水"】

2023-09-28 05:13:48 开始第 330 次操作

2023-09-28 05:13:48 开始操作号码 【1930329】
2023-09-28 05:13:50 GSD getOne 第 1 次 等待 3 秒
2023-09-28 05:13:53 查询号码 【1930329】，返回信息 {"status":"ok","msg":"河北-邢台","gid":"433857","time_insert":"2021-07-29 13:46"}
2023-09-28 05:13:53 查询号码 【1930329】，GSD为【"河北-邢台"】

2023-09-28 05:13:54 开始第 331 次操作

2023-09-28 05:13:54 开始操作号码 【1930330】
2023-09-28 05:13:57 GSD getOne 第 1 次 等待 3 秒
2023-09-28 05:14:00 查询号码 【1930330】，返回信息 {"status":"ok","msg":"河北-邯郸","gid":"434041","time_insert":"2021-07-29 13:58"}
2023-09-28 05:14:00 查询号码 【1930330】，GSD为【"河北-邯郸"】

2023-09-28 05:14:01 开始第 332 次操作

2023-09-28 05:14:01 开始操作号码 【1930331】
2023-09-28 05:14:03 GSD getOne 第 1 次 等待 3 秒
2023-09-28 05:14:06 查询号码 【1930331】，返回信息 {"status":"ok","msg":"河北-邯郸","gid":"434130","time_insert":"2021-07-29 14:10"}
2023-09-28 05:14:06 查询号码 【1930331】，GSD为【"河北-邯郸"】

2023-09-28 05:37:21 开始第 333 次操作

2023-09-28 05:37:21 开始操作号码 【1930332】
2023-09-28 05:37:23 GSD getOne 第 1 次 等待 3 秒
2023-09-28 05:37:26 查询号码 【1930332】，返回信息 {"status":"ok","msg":"河北-保定","gid":"434149","time_insert":"2021-07-29 14:23"}
2023-09-28 05:37:26 查询号码 【1930332】，GSD为【"河北-保定"】

2023-09-28 05:37:27 开始第 334 次操作

2023-09-28 05:37:27 开始操作号码 【1930333】
2023-09-28 05:37:28 GSD getOne 第 1 次 等待 3 秒
2023-09-28 05:37:31 查询号码 【1930333】，返回信息 {"status":"ok","msg":"河北-石家庄","gid":"434162","time_insert":"2021-07-29 14:33"}
2023-09-28 05:37:32 查询号码 【1930333】，GSD为【"河北-石家庄"】

2023-09-28 05:37:33 开始第 335 次操作

2023-09-28 05:37:33 开始操作号码 【1930334】
2023-09-28 05:37:34 GSD getOne 第 1 次 等待 3 秒
2023-09-28 05:37:37 查询号码 【1930334】，返回信息 {"status":"ok","msg":"河北-石家庄","gid":"434179","time_insert":"2021-07-29 14:46"}
2023-09-28 05:37:37 查询号码 【1930334】，GSD为【"河北-石家庄"】

2023-09-28 05:37:38 开始第 336 次操作

2023-09-28 05:37:38 开始操作号码 【1930335】
2023-09-28 05:37:40 GSD getOne 第 1 次 等待 3 秒
2023-09-28 05:37:43 查询号码 【1930335】，返回信息 {"status":"ok","msg":"河北-秦皇岛","gid":"434259","time_insert":"2021-07-29 14:56"}
2023-09-28 05:37:43 查询号码 【1930335】，GSD为【"河北-秦皇岛"】

2023-09-28 06:14:31 开始第 337 次操作

2023-09-28 06:14:31 开始操作号码 【1930336】
2023-09-28 06:14:33 GSD getOne 第 1 次 等待 3 秒
2023-09-28 06:14:36 查询号码 【1930336】，返回信息 {"status":"ok","msg":"河北-石家庄","gid":"434404","time_insert":"2021-07-29 15:08"}
2023-09-28 06:14:36 查询号码 【1930336】，GSD为【"河北-石家庄"】

2023-09-28 06:14:37 开始第 338 次操作

2023-09-28 06:14:37 开始操作号码 【1930337】
2023-09-28 06:14:38 GSD getOne 第 1 次 等待 3 秒
2023-09-28 06:14:41 查询号码 【1930337】，返回信息 {"status":"ok","msg":"河北-石家庄","gid":"434534","time_insert":"2021-07-29 15:22"}
2023-09-28 06:14:41 查询号码 【1930337】，GSD为【"河北-石家庄"】

2023-09-28 06:14:42 开始第 339 次操作

2023-09-28 06:14:42 开始操作号码 【1930338】
2023-09-28 06:14:44 GSD getOne 第 1 次 等待 3 秒
2023-09-28 06:14:47 查询号码 【1930338】，返回信息 {"status":"ok","msg":"河北-石家庄","gid":"434633","time_insert":"2021-07-29 15:34"}
2023-09-28 06:14:47 查询号码 【1930338】，GSD为【"河北-石家庄"】

2023-09-28 06:14:48 开始第 340 次操作

2023-09-28 06:14:48 开始操作号码 【1930339】
2023-09-28 06:14:49 GSD getOne 第 1 次 等待 3 秒
2023-09-28 06:14:52 查询号码 【1930339】，返回信息 {"status":"ok","msg":"河北-邢台","gid":"434771","time_insert":"2021-07-29 15:48"}
2023-09-28 06:14:52 查询号码 【1930339】，GSD为【"河北-邢台"】

2023-09-28 06:37:17 开始第 341 次操作

2023-09-28 06:37:17 开始操作号码 【1930340】
2023-09-28 06:37:19 GSD getOne 第 1 次 等待 3 秒
2023-09-28 06:37:22 查询号码 【1930340】，返回信息 {"status":"ok","msg":"山西-太原","gid":"434936","time_insert":"2021-07-29 16:02"}
2023-09-28 06:37:22 查询号码 【1930340】，GSD为【"山西-太原"】

2023-09-28 06:37:23 开始第 342 次操作

2023-09-28 06:37:23 开始操作号码 【1930341】
2023-09-28 06:37:25 GSD getOne 第 1 次 等待 3 秒
2023-09-28 06:37:28 查询号码 【1930341】，返回信息 {"status":"ok","msg":"山西-太原","gid":"435024","time_insert":"2021-07-29 16:15"}
2023-09-28 06:37:28 查询号码 【1930341】，GSD为【"山西-太原"】

2023-09-28 06:37:29 开始第 343 次操作

2023-09-28 06:37:29 开始操作号码 【1930342】
2023-09-28 06:37:31 GSD getOne 第 1 次 等待 3 秒
2023-09-28 06:37:34 查询号码 【1930342】，返回信息 {"status":"ok","msg":"山西-大同","gid":"435063","time_insert":"2021-07-29 16:25"}
2023-09-28 06:37:34 查询号码 【1930342】，GSD为【"山西-大同"】

2023-09-28 06:37:35 开始第 344 次操作

2023-09-28 06:37:35 开始操作号码 【1930343】
2023-09-28 06:37:36 GSD getOne 第 1 次 等待 3 秒
2023-09-28 06:37:39 查询号码 【1930343】，返回信息 {"status":"ok","msg":"山西-太原","gid":"435101","time_insert":"2021-07-29 16:40"}
2023-09-28 06:37:39 查询号码 【1930343】，GSD为【"山西-太原"】

2023-09-28 07:15:04 开始第 345 次操作

2023-09-28 07:15:04 开始操作号码 【1930344】
2023-09-28 07:15:06 GSD getOne 第 1 次 等待 3 秒
2023-09-28 07:15:09 查询号码 【1930344】，返回信息 {"status":"ok","msg":"山西-晋中","gid":"435243","time_insert":"2021-07-29 16:55"}
2023-09-28 07:15:09 查询号码 【1930344】，GSD为【"山西-晋中"】

2023-09-28 07:15:10 开始第 346 次操作

2023-09-28 07:15:10 开始操作号码 【1930345】
2023-09-28 07:15:12 GSD getOne 第 1 次 等待 3 秒
2023-09-28 07:15:15 查询号码 【1930345】，返回信息 {"status":"ok","msg":"山西-长治","gid":"435384","time_insert":"2021-07-29 17:05"}
2023-09-28 07:15:15 查询号码 【1930345】，GSD为【"山西-长治"】

2023-09-28 07:15:16 开始第 347 次操作

2023-09-28 07:15:16 开始操作号码 【1930346】
2023-09-28 07:15:18 GSD getOne 第 1 次 等待 3 秒
2023-09-28 07:15:21 查询号码 【1930346】，返回信息 {"status":"ok","msg":"山西-太原","gid":"435503","time_insert":"2021-07-29 17:19"}
2023-09-28 07:15:21 查询号码 【1930346】，GSD为【"山西-太原"】

2023-09-28 07:15:22 开始第 348 次操作

2023-09-28 07:15:22 开始操作号码 【1930347】
2023-09-28 07:15:24 GSD getOne 第 1 次 等待 3 秒
2023-09-28 07:15:27 查询号码 【1930347】，返回信息 {"status":"ok","msg":"山西-临汾","gid":"435552","time_insert":"2021-07-29 17:32"}
2023-09-28 07:15:27 查询号码 【1930347】，GSD为【"山西-临汾"】

2023-09-28 07:37:04 开始第 349 次操作

2023-09-28 07:37:04 开始操作号码 【1930348】
2023-09-28 07:37:06 GSD getOne 第 1 次 等待 3 秒
2023-09-28 07:37:09 查询号码 【1930348】，返回信息 {"status":"ok","msg":"山西-运城","gid":"435607","time_insert":"2021-07-29 17:45"}
2023-09-28 07:37:09 查询号码 【1930348】，GSD为【"山西-运城"】

2023-09-28 07:37:10 开始第 350 次操作

2023-09-28 07:37:10 开始操作号码 【1930349】
2023-09-28 07:37:12 GSD getOne 第 1 次 等待 3 秒
2023-09-28 07:37:15 查询号码 【1930349】，返回信息 {"status":"ok","msg":"山西-朔州","gid":"435783","time_insert":"2021-07-29 17:58"}
2023-09-28 07:37:15 查询号码 【1930349】，GSD为【"山西-朔州"】

2023-09-28 07:37:16 开始第 351 次操作

2023-09-28 07:37:16 开始操作号码 【1930350】
2023-09-28 07:37:18 GSD getOne 第 1 次 等待 3 秒
2023-09-28 07:37:21 查询号码 【1930350】，返回信息 {"status":"ok","msg":"山西-忻州","gid":"435936","time_insert":"2021-07-29 18:09"}
2023-09-28 07:37:21 查询号码 【1930350】，GSD为【"山西-忻州"】

2023-09-28 07:37:22 开始第 352 次操作

2023-09-28 07:37:22 开始操作号码 【1930351】
2023-09-28 07:37:23 GSD getOne 第 1 次 等待 3 秒
2023-09-28 07:37:26 查询号码 【1930351】，返回信息 {"status":"ok","msg":"山西-太原","gid":"436002","time_insert":"2021-07-29 18:20"}
2023-09-28 07:37:27 查询号码 【1930351】，GSD为【"山西-太原"】

2023-09-28 09:09:25 开始第 353 次操作

2023-09-28 09:09:25 开始操作号码 【1930352】
2023-09-28 09:09:26 GSD getOne 第 1 次 等待 3 秒
2023-09-28 09:09:29 查询号码 【1930352】，返回信息 {"status":"ok","msg":"山西-大同","gid":"436031","time_insert":"2021-07-29 18:33"}
2023-09-28 09:09:29 查询号码 【1930352】，GSD为【"山西-大同"】

2023-09-28 09:09:30 开始第 354 次操作

2023-09-28 09:09:30 开始操作号码 【1930353】
2023-09-28 09:09:31 GSD getOne 第 1 次 等待 3 秒
2023-09-28 09:09:34 查询号码 【1930353】，返回信息 {"status":"ok","msg":"山西-阳泉","gid":"436118","time_insert":"2021-07-29 18:46"}
2023-09-28 09:09:35 查询号码 【1930353】，GSD为【"山西-阳泉"】

2023-09-28 09:09:36 开始第 355 次操作

2023-09-28 09:09:36 开始操作号码 【1930354】
2023-09-28 09:09:37 GSD getOne 第 1 次 等待 3 秒
2023-09-28 09:09:40 查询号码 【1930354】，返回信息 {"status":"ok","msg":"山西-晋中","gid":"436310","time_insert":"2021-07-29 18:59"}
2023-09-28 09:09:40 查询号码 【1930354】，GSD为【"山西-晋中"】

2023-09-28 09:09:41 开始第 356 次操作

2023-09-28 09:09:41 开始操作号码 【1930355】
2023-09-28 09:09:42 GSD getOne 第 1 次 等待 3 秒
2023-09-28 09:09:45 查询号码 【1930355】，返回信息 {"status":"ok","msg":"山西-长治","gid":"436441","time_insert":"2021-07-29 19:12"}
2023-09-28 09:09:46 查询号码 【1930355】，GSD为【"山西-长治"】

2023-09-28 10:04:04 开始第 357 次操作

2023-09-28 10:04:04 开始操作号码 【1930356】
2023-09-28 10:04:06 GSD getOne 第 1 次 等待 3 秒
2023-09-28 10:04:09 查询号码 【1930356】，返回信息 {"status":"ok","msg":"山西-晋城","gid":"436495","time_insert":"2021-07-29 19:24"}
2023-09-28 10:04:09 查询号码 【1930356】，GSD为【"山西-晋城"】

2023-09-28 10:04:10 开始第 358 次操作

2023-09-28 10:04:10 开始操作号码 【1930357】
2023-09-28 10:04:22 GSD getOne 第 1 次 等待 3 秒
2023-09-28 10:04:25 查询号码 【1930357】，返回信息 {"status":"ok","msg":"山西-临汾","gid":"436562","time_insert":"2021-07-29 19:39"}
2023-09-28 10:04:25 查询号码 【1930357】，GSD为【"山西-临汾"】

2023-09-28 10:04:26 开始第 359 次操作

2023-09-28 10:04:26 开始操作号码 【1930358】
2023-09-28 10:04:28 GSD getOne 第 1 次 等待 3 秒
2023-09-28 10:04:31 查询号码 【1930358】，返回信息 {"status":"ok","msg":"山西-吕梁","gid":"436738","time_insert":"2021-07-29 19:50"}
2023-09-28 10:04:31 查询号码 【1930358】，GSD为【"山西-吕梁"】

2023-09-28 10:04:32 开始第 360 次操作

2023-09-28 10:04:32 开始操作号码 【1930359】
2023-09-28 10:04:34 GSD getOne 第 1 次 等待 3 秒
2023-09-28 10:04:37 查询号码 【1930359】，返回信息 {"status":"ok","msg":"山西-运城","gid":"436886","time_insert":"2021-07-29 20:01"}
2023-09-28 10:04:37 查询号码 【1930359】，GSD为【"山西-运城"】

2023-09-28 10:37:18 开始第 361 次操作

2023-09-28 10:37:18 开始操作号码 【1930360】
2023-09-28 10:37:20 GSD getOne 第 1 次 等待 3 秒
2023-09-28 10:37:23 查询号码 【1930360】，返回信息 {"status":"ok","msg":"黑龙江-哈尔滨","gid":"436949","time_insert":"2021-07-29 20:12"}
2023-09-28 10:37:23 查询号码 【1930360】，GSD为【"黑龙江-哈尔滨"】

2023-09-28 10:37:24 开始第 362 次操作

2023-09-28 10:37:24 开始操作号码 【1930361】
2023-09-28 10:37:26 GSD getOne 第 1 次 等待 3 秒
2023-09-28 10:37:29 查询号码 【1930361】，返回信息 {"status":"ok","msg":"黑龙江-哈尔滨","gid":"436979","time_insert":"2021-07-29 20:23"}
2023-09-28 10:37:29 查询号码 【1930361】，GSD为【"黑龙江-哈尔滨"】

2023-09-28 10:37:30 开始第 363 次操作

2023-09-28 10:37:30 开始操作号码 【1930362】
2023-09-28 10:37:34 GSD getOne 第 1 次 等待 3 秒
2023-09-28 10:37:38 查询号码 【1930362】，返回信息 {"status":"ok","msg":"黑龙江-齐齐哈尔","gid":"436996","time_insert":"2021-07-29 20:38"}
2023-09-28 10:37:38 查询号码 【1930362】，GSD为【"黑龙江-齐齐哈尔"】

2023-09-28 10:37:39 开始第 364 次操作

2023-09-28 10:37:39 开始操作号码 【1930363】
2023-09-28 10:37:41 GSD getOne 第 1 次 等待 3 秒
2023-09-28 10:37:44 查询号码 【1930363】，返回信息 {"status":"ok","msg":"黑龙江-牡丹江","gid":"437014","time_insert":"2021-07-29 20:52"}
2023-09-28 10:37:44 查询号码 【1930363】，GSD为【"黑龙江-牡丹江"】

2023-09-28 11:15:52 开始第 365 次操作

2023-09-28 11:15:52 开始操作号码 【1930364】
2023-09-28 11:15:54 GSD getOne 第 1 次 等待 3 秒
2023-09-28 11:15:57 查询号码 【1930364】，返回信息 {"status":"ok","msg":"黑龙江-哈尔滨","gid":"437075","time_insert":"2021-07-29 21:05"}
2023-09-28 11:15:57 查询号码 【1930364】，GSD为【"黑龙江-哈尔滨"】

2023-09-28 11:15:58 开始第 366 次操作

2023-09-28 11:15:58 开始操作号码 【1930365】
2023-09-28 11:16:00 GSD getOne 第 1 次 等待 3 秒
2023-09-28 11:16:03 查询号码 【1930365】，返回信息 {"status":"ok","msg":"黑龙江-绥化","gid":"437197","time_insert":"2021-07-29 21:15"}
2023-09-28 11:16:03 查询号码 【1930365】，GSD为【"黑龙江-绥化"】

2023-09-28 11:16:04 开始第 367 次操作

2023-09-28 11:16:04 开始操作号码 【1930366】
2023-09-28 11:16:06 GSD getOne 第 1 次 等待 3 秒
2023-09-28 11:16:09 查询号码 【1930366】，返回信息 {"status":"ok","msg":"黑龙江-哈尔滨","gid":"437351","time_insert":"2021-07-29 21:29"}
2023-09-28 11:16:09 查询号码 【1930366】，GSD为【"黑龙江-哈尔滨"】

2023-09-28 11:16:10 开始第 368 次操作

2023-09-28 11:16:10 开始操作号码 【1930367】
2023-09-28 11:16:12 GSD getOne 第 1 次 等待 3 秒
2023-09-28 11:16:15 查询号码 【1930367】，返回信息 {"status":"ok","msg":"黑龙江-七台河","gid":"437458","time_insert":"2021-07-29 21:43"}
2023-09-28 11:16:15 查询号码 【1930367】，GSD为【"黑龙江-七台河"】

2023-09-28 11:37:22 开始第 369 次操作

2023-09-28 11:37:22 开始操作号码 【1930368】
2023-09-28 11:37:24 GSD getOne 第 1 次 等待 3 秒
2023-09-28 11:37:27 查询号码 【1930368】，返回信息 {"status":"ok","msg":"黑龙江-佳木斯","gid":"437648","time_insert":"2021-07-29 21:55"}
2023-09-28 11:37:27 查询号码 【1930368】，GSD为【"黑龙江-佳木斯"】

2023-09-28 11:37:28 开始第 370 次操作

2023-09-28 11:37:28 开始操作号码 【1930369】
2023-09-28 11:37:30 GSD getOne 第 1 次 等待 3 秒
2023-09-28 11:37:33 查询号码 【1930369】，返回信息 {"status":"ok","msg":"黑龙江-大庆","gid":"437809","time_insert":"2021-07-29 22:07"}
2023-09-28 11:37:33 查询号码 【1930369】，GSD为【"黑龙江-大庆"】

2023-09-28 11:37:34 开始第 371 次操作

2023-09-28 11:37:34 开始操作号码 【1930370】
2023-09-28 11:37:36 GSD getOne 第 1 次 等待 3 秒
2023-09-28 11:37:39 查询号码 【1930370】，返回信息 {"status":"ok","msg":"河南-商丘","gid":"437841","time_insert":"2021-07-29 22:19"}
2023-09-28 11:37:39 查询号码 【1930370】，GSD为【"河南-商丘"】

2023-09-28 11:37:40 开始第 372 次操作

2023-09-28 11:37:40 开始操作号码 【1930371】
2023-09-28 11:37:44 GSD getOne 第 1 次 等待 3 秒
2023-09-28 11:37:47 查询号码 【1930371】，返回信息 {"status":"ok","msg":"河南-郑州","gid":"437866","time_insert":"2021-07-29 22:34"}
2023-09-28 11:37:47 查询号码 【1930371】，GSD为【"河南-郑州"】

2023-09-28 12:18:46 开始第 373 次操作

2023-09-28 12:18:46 开始操作号码 【1930372】
2023-09-28 12:18:54 GSD getOne 第 1 次 等待 3 秒
2023-09-28 12:18:57 查询号码 【1930372】，返回信息 {"status":"ok","msg":"河南-安阳","gid":"437995","time_insert":"2021-07-29 22:48"}
2023-09-28 12:18:57 查询号码 【1930372】，GSD为【"河南-安阳"】

2023-09-28 12:18:58 开始第 374 次操作

2023-09-28 12:18:58 开始操作号码 【1930373】
2023-09-28 12:19:00 GSD getOne 第 1 次 等待 3 秒
2023-09-28 12:19:03 查询号码 【1930373】，返回信息 {"status":"ok","msg":"河南-新乡","gid":"438146","time_insert":"2021-07-29 22:59"}
2023-09-28 12:19:03 查询号码 【1930373】，GSD为【"河南-新乡"】

2023-09-28 12:19:04 开始第 375 次操作

2023-09-28 12:19:04 开始操作号码 【1930374】
2023-09-28 12:19:05 GSD getOne 第 1 次 等待 3 秒
2023-09-28 12:19:08 查询号码 【1930374】，返回信息 {"status":"ok","msg":"河南-许昌","gid":"438266","time_insert":"2021-07-29 23:12"}
2023-09-28 12:19:08 查询号码 【1930374】，GSD为【"河南-许昌"】

2023-09-28 12:19:09 开始第 376 次操作

2023-09-28 12:19:09 开始操作号码 【1930375】
2023-09-28 12:19:11 GSD getOne 第 1 次 等待 3 秒
2023-09-28 12:19:14 查询号码 【1930375】，返回信息 {"status":"ok","msg":"河南-平顶山","gid":"438306","time_insert":"2021-07-29 23:25"}
2023-09-28 12:19:14 查询号码 【1930375】，GSD为【"河南-平顶山"】

2023-09-28 12:37:36 开始第 377 次操作

2023-09-28 12:37:36 开始操作号码 【1930376】
2023-09-28 12:37:37 GSD getOne 第 1 次 等待 3 秒
2023-09-28 12:37:40 查询号码 【1930376】，返回信息 {"status":"ok","msg":"河南-信阳","gid":"438334","time_insert":"2021-07-29 23:36"}
2023-09-28 12:37:40 查询号码 【1930376】，GSD为【"河南-信阳"】

2023-09-28 12:37:41 开始第 378 次操作

2023-09-28 12:37:41 开始操作号码 【1930377】
2023-09-28 12:37:43 GSD getOne 第 1 次 等待 3 秒
2023-09-28 12:37:46 查询号码 【1930377】，返回信息 {"status":"ok","msg":"河南-南阳","gid":"438403","time_insert":"2021-07-29 23:50"}
2023-09-28 12:37:46 查询号码 【1930377】，GSD为【"河南-南阳"】

2023-09-28 12:37:47 开始第 379 次操作

2023-09-28 12:37:47 开始操作号码 【1930378】
2023-09-28 12:37:48 GSD getOne 第 1 次 等待 3 秒
2023-09-28 12:37:51 查询号码 【1930378】，返回信息 {"status":"ok","msg":"河南-开封","gid":"60019","time_insert":"2021-05-16 17:52","time_update":"2021-06-23 14:03"}
2023-09-28 12:37:51 查询号码 【1930378】，GSD为【"河南-开封"】

2023-09-28 12:37:52 开始第 380 次操作

2023-09-28 12:37:52 开始操作号码 【1930379】
2023-09-28 12:37:54 GSD getOne 第 1 次 等待 3 秒
2023-09-28 12:37:57 查询号码 【1930379】，返回信息 {"status":"ok","msg":"河南-洛阳","gid":"438622","time_insert":"2021-07-30 00:05"}
2023-09-28 12:37:57 查询号码 【1930379】，GSD为【"河南-洛阳"】

2023-09-28 13:14:35 开始第 381 次操作

2023-09-28 13:14:36 开始操作号码 【1930380】
2023-09-28 13:14:39 GSD getOne 第 1 次 等待 3 秒
2023-09-28 13:14:42 查询号码 【1930380】，返回信息 {"status":"ok","msg":"河南-焦作","gid":"438767","time_insert":"2021-07-30 00:17"}
2023-09-28 13:14:42 查询号码 【1930380】，GSD为【"河南-焦作"】

2023-09-28 13:14:43 开始第 382 次操作

2023-09-28 13:14:43 开始操作号码 【1930381】
2023-09-28 13:14:45 GSD getOne 第 1 次 等待 3 秒
2023-09-28 13:14:48 查询号码 【1930381】，返回信息 {"status":"ok","msg":"河南-南阳","gid":"438799","time_insert":"2021-07-30 00:27"}
2023-09-28 13:14:48 查询号码 【1930381】，GSD为【"河南-南阳"】

2023-09-28 13:14:49 开始第 383 次操作

2023-09-28 13:14:49 开始操作号码 【1930382】
2023-09-28 13:14:51 GSD getOne 第 1 次 等待 3 秒
2023-09-28 13:14:54 查询号码 【1930382】，返回信息 {"status":"ok","msg":"河南-驻马店","gid":"438817","time_insert":"2021-07-30 00:39"}
2023-09-28 13:14:54 查询号码 【1930382】，GSD为【"河南-驻马店"】

2023-09-28 13:14:55 开始第 384 次操作

2023-09-28 13:14:55 开始操作号码 【1930383】
2023-09-28 13:15:00 GSD getOne 第 1 次 等待 3 秒
2023-09-28 13:15:03 查询号码 【1930383】，返回信息 {"status":"ok","msg":"河南-南阳","gid":"438830","time_insert":"2021-07-30 00:49"}
2023-09-28 13:15:03 查询号码 【1930383】，GSD为【"河南-南阳"】

