2023-12-25 00:19:18 开始第 4981 次操作

2023-12-25 00:19:18 开始操作号码 【1834900】
2023-12-25 00:19:25 GSD getOne 第 1 次 等待 3 秒
2023-12-25 00:19:28 查询号码 【1834900】，返回信息 {"status":"ok","msg":"四川-宜宾","gid":"322371","time_insert":"2021-07-19 04:07"}
2023-12-25 00:19:29 查询号码 【1834900】，GSD为【"四川-宜宾"】

2023-12-25 00:19:30 开始第 4982 次操作

2023-12-25 00:19:30 开始操作号码 【1834901】
2023-12-25 00:19:35 GSD getOne 第 1 次 等待 3 秒
2023-12-25 00:19:38 查询号码 【1834901】，返回信息 {"status":"ok","msg":"四川-宜宾","gid":"322375","time_insert":"2021-07-19 04:08"}
2023-12-25 00:19:38 查询号码 【1834901】，GSD为【"四川-宜宾"】

2023-12-25 00:19:39 开始第 4983 次操作

2023-12-25 00:19:39 开始操作号码 【1834902】
2023-12-25 00:19:53 GSD getOne 第 1 次 等待 3 秒
2023-12-25 00:19:56 查询号码 【1834902】，返回信息 {"status":"ok","msg":"四川-宜宾","gid":"322379","time_insert":"2021-07-19 04:09"}
2023-12-25 00:19:56 查询号码 【1834902】，GSD为【"四川-宜宾"】

2023-12-25 00:19:57 开始第 4984 次操作

2023-12-25 00:19:57 开始操作号码 【1834903】
2023-12-25 00:22:08 GSD getOne 第 1 次 等待 3 秒
2023-12-25 00:22:15 GSD getOne 第 2 次 等待 3 秒
2023-12-25 00:22:18 查询号码 【1834903】，返回信息 {"status":"ok","msg":"四川-宜宾","gid":"322385","time_insert":"2021-07-19 04:10"}
2023-12-25 00:22:18 查询号码 【1834903】，GSD为【"四川-宜宾"】

2023-12-25 00:38:28 开始第 4985 次操作

2023-12-25 00:38:28 开始操作号码 【1834904】
2023-12-25 00:38:31 GSD getOne 第 1 次 等待 3 秒
2023-12-25 00:38:34 查询号码 【1834904】，返回信息 {"status":"ok","msg":"四川-宜宾","gid":"322392","time_insert":"2021-07-19 04:10"}
2023-12-25 00:38:34 查询号码 【1834904】，GSD为【"四川-宜宾"】

2023-12-25 00:38:35 开始第 4986 次操作

2023-12-25 00:38:35 开始操作号码 【1834905】
2023-12-25 00:38:41 GSD getOne 第 1 次 等待 3 秒
2023-12-25 00:38:44 查询号码 【1834905】，返回信息 {"status":"ok","msg":"四川-宜宾","gid":"322398","time_insert":"2021-07-19 04:11"}
2023-12-25 00:38:44 查询号码 【1834905】，GSD为【"四川-宜宾"】

2023-12-25 00:38:45 开始第 4987 次操作

2023-12-25 00:38:45 开始操作号码 【1834906】
2023-12-25 00:38:50 GSD getOne 第 1 次 等待 3 秒
2023-12-25 00:38:53 查询号码 【1834906】，返回信息 {"status":"ok","msg":"四川-宜宾","gid":"322404","time_insert":"2021-07-19 04:12"}
2023-12-25 00:38:53 查询号码 【1834906】，GSD为【"四川-宜宾"】

2023-12-25 00:38:54 开始第 4988 次操作

2023-12-25 00:38:54 开始操作号码 【1834907】
2023-12-25 00:38:58 GSD getOne 第 1 次 等待 3 秒
2023-12-25 00:39:01 查询号码 【1834907】，返回信息 {"status":"ok","msg":"四川-宜宾","gid":"322409","time_insert":"2021-07-19 04:13","time_update":"2021-08-09 17:41"}
2023-12-25 00:39:01 查询号码 【1834907】，GSD为【"四川-宜宾"】

