2023-12-29 00:20:23 开始第 5701 次操作

2023-12-29 00:20:23 开始操作号码 【1835620】
2023-12-29 00:20:28 GSD getOne 第 1 次 等待 3 秒
2023-12-29 00:20:31 查询号码 【1835620】，返回信息 {"status":"ok","msg":"安徽-芜湖","gid":"329735","time_insert":"2021-07-19 21:08"}
2023-12-29 00:20:31 查询号码 【1835620】，GSD为【"安徽-芜湖"】

2023-12-29 00:20:32 开始第 5702 次操作

2023-12-29 00:20:32 开始操作号码 【1835621】
2023-12-29 00:20:36 GSD getOne 第 1 次 等待 3 秒
2023-12-29 00:20:39 查询号码 【1835621】，返回信息 {"status":"ok","msg":"安徽-芜湖","gid":"329747","time_insert":"2021-07-19 21:09"}
2023-12-29 00:20:39 查询号码 【1835621】，GSD为【"安徽-芜湖"】

2023-12-29 00:20:40 开始第 5703 次操作

2023-12-29 00:20:40 开始操作号码 【1835622】
2023-12-29 00:20:43 GSD getOne 第 1 次 等待 3 秒
2023-12-29 00:20:46 查询号码 【1835622】，返回信息 {"status":"ok","msg":"安徽-芜湖","gid":"329758","time_insert":"2021-07-19 21:10"}
2023-12-29 00:20:47 查询号码 【1835622】，GSD为【"安徽-芜湖"】

2023-12-29 00:20:48 开始第 5704 次操作

2023-12-29 00:20:48 开始操作号码 【1835623】
2023-12-29 00:20:51 GSD getOne 第 1 次 等待 3 秒
2023-12-29 00:20:54 查询号码 【1835623】，返回信息 {"status":"ok","msg":"安徽-芜湖","gid":"329766","time_insert":"2021-07-19 21:11"}
2023-12-29 00:20:54 查询号码 【1835623】，GSD为【"安徽-芜湖"】

