2021-07-31 00:00:25 开始第 3 次操作

2021-07-31 00:00:25 开始操作号码 【1823673】
2021-07-31 00:00:28 GSD getOne 第 1 次 等待 3 秒
2021-07-31 00:00:31 查询号码 【1823673】，返回信息 {"status":"bad","msg":""}
2021-07-31 00:00:31 查询号码 【1823673】，GSD为【""】
2021-07-31 00:00:31 bad
2021-07-31 00:00:33 CHB 1823673?1627660831 第 1 次 等待 3 秒
2021-07-31 00:00:36 CHB 1823673?1627660831 第 1 次 获取到号码【1823673】GSD
2021-07-31 00:00:36 获取到号码【1823673】的GSD为【河南-三门峡】
2021-07-31 00:00:44 GSD insert 第 1 次 等待 3 秒
2021-07-31 00:00:47 {"status":"ok","gid":449846,"msg":"添加成功！"}
2021-07-31 00:00:47 下次操作: 2021-07-31 00:01:09

2021-07-31 00:01:09 开始第 4 次操作

2021-07-31 00:01:09 开始操作号码 【1823672】
2021-07-31 00:01:16 GSD getOne 第 1 次 等待 3 秒
2021-07-31 00:01:19 查询号码 【1823672】，返回信息 {"status":"bad","msg":""}
2021-07-31 00:01:19 查询号码 【1823672】，GSD为【""】
2021-07-31 00:01:19 bad
2021-07-31 00:01:21 CHB 1823672?1627660879 第 1 次 等待 3 秒
2021-07-31 00:01:24 CHB 1823672?1627660879 第 1 次 获取到号码【1823672】GSD
2021-07-31 00:01:24 获取到号码【1823672】的GSD为【河南-三门峡】
2021-07-31 00:01:28 GSD insert 第 1 次 等待 3 秒
2021-07-31 00:01:31 {"status":"ok","gid":449857,"msg":"添加成功！"}
2021-07-31 00:01:31 下次操作: 2021-07-31 00:01:52

2021-07-31 00:01:52 开始第 5 次操作

2021-07-31 00:01:52 开始操作号码 【1823671】
2021-07-31 00:01:58 GSD getOne 第 1 次 等待 3 秒
2021-07-31 00:02:01 查询号码 【1823671】，返回信息 {"status":"bad","msg":""}
2021-07-31 00:02:01 查询号码 【1823671】，GSD为【""】
2021-07-31 00:02:01 bad
2021-07-31 00:02:03 CHB 1823671?1627660921 第 1 次 等待 3 秒
2021-07-31 00:02:06 CHB 1823671?1627660921 第 1 次 获取到号码【1823671】GSD
2021-07-31 00:02:06 获取到号码【1823671】的GSD为【河南-三门峡】
2021-07-31 00:02:10 GSD insert 第 1 次 等待 3 秒
2021-07-31 00:02:13 {"status":"ok","gid":449871,"msg":"添加成功！"}
2021-07-31 00:02:13 下次操作: 2021-07-31 00:02:37

2021-07-31 00:02:37 开始第 6 次操作

2021-07-31 00:02:37 开始操作号码 【1823670】
2021-07-31 00:02:42 GSD getOne 第 1 次 等待 3 秒
2021-07-31 00:02:45 查询号码 【1823670】，返回信息 {"status":"bad","msg":""}
2021-07-31 00:02:45 查询号码 【1823670】，GSD为【""】
2021-07-31 00:02:45 bad
2021-07-31 00:02:47 CHB 1823670?1627660965 第 1 次 等待 3 秒
2021-07-31 00:02:50 CHB 1823670?1627660965 第 1 次 获取到号码【1823670】GSD
2021-07-31 00:02:50 获取到号码【1823670】的GSD为【河南-三门峡】
2021-07-31 00:02:53 GSD insert 第 1 次 等待 3 秒
2021-07-31 00:02:56 {"status":"ok","gid":449885,"msg":"添加成功！"}
2021-07-31 00:02:57 下次操作: 2021-07-31 00:03:14

2021-07-31 00:03:14 开始第 7 次操作

2021-07-31 00:03:14 开始操作号码 【1823669】
2021-07-31 00:03:17 GSD getOne 第 1 次 等待 3 秒
2021-07-31 00:03:20 查询号码 【1823669】，返回信息 {"status":"ok","msg":"河南-平顶山","gid":"55549","time_insert":"2020-03-31 19:40"}
2021-07-31 00:03:20 查询号码 【1823669】，GSD为【"河南-平顶山"】

2021-07-31 00:03:20 开始第 7 次操作

2021-07-31 00:03:20 开始操作号码 【1823668】
2021-07-31 00:03:25 GSD getOne 第 1 次 等待 3 秒
2021-07-31 00:03:28 查询号码 【1823668】，返回信息 {"status":"bad","msg":""}
2021-07-31 00:03:28 查询号码 【1823668】，GSD为【""】
2021-07-31 00:03:28 bad
2021-07-31 00:03:30 CHB 1823668?1627661008 第 1 次 等待 3 秒
2021-07-31 00:03:33 CHB 1823668?1627661008 第 1 次 获取到号码【1823668】GSD
2021-07-31 00:03:33 获取到号码【1823668】的GSD为【河南-平顶山】
2021-07-31 00:03:36 GSD insert 第 1 次 等待 3 秒
2021-07-31 00:03:39 {"status":"ok","gid":449896,"msg":"添加成功！"}
2021-07-31 00:03:39 下次操作: 2021-07-31 00:03:56

2021-07-31 00:03:56 开始第 8 次操作

2021-07-31 00:03:56 开始操作号码 【1823667】
2021-07-31 00:04:01 GSD getOne 第 1 次 等待 3 秒
2021-07-31 00:04:04 查询号码 【1823667】，返回信息 {"status":"bad","msg":""}
2021-07-31 00:04:04 查询号码 【1823667】，GSD为【""】
2021-07-31 00:04:04 bad
2021-07-31 00:04:07 CHB 1823667?1627661044 第 1 次 等待 3 秒
2021-07-31 00:04:10 CHB 1823667?1627661044 第 1 次 获取到号码【1823667】GSD
2021-07-31 00:04:10 获取到号码【1823667】的GSD为【河南-平顶山】
2021-07-31 00:04:14 GSD insert 第 1 次 等待 3 秒
2021-07-31 00:04:17 {"status":"ok","gid":449905,"msg":"添加成功！"}
2021-07-31 00:04:17 下次操作: 2021-07-31 00:04:30

2021-07-31 00:04:30 开始第 9 次操作

2021-07-31 00:04:30 开始操作号码 【1823666】
2021-07-31 00:04:34 GSD getOne 第 1 次 等待 3 秒
2021-07-31 00:04:37 查询号码 【1823666】，返回信息 {"status":"bad","msg":""}
2021-07-31 00:04:37 查询号码 【1823666】，GSD为【""】
2021-07-31 00:04:37 bad
2021-07-31 00:04:38 CHB 1823666?1627661077 第 1 次 等待 3 秒
2021-07-31 00:04:41 CHB 1823666?1627661077 第 1 次 获取到号码【1823666】GSD
2021-07-31 00:04:42 获取到号码【1823666】的GSD为【河南-平顶山】
2021-07-31 00:04:45 GSD insert 第 1 次 等待 3 秒
2021-07-31 00:04:48 {"status":"ok","gid":449913,"msg":"添加成功！"}
2021-07-31 00:04:48 下次操作: 2021-07-31 00:05:00

2021-07-31 00:05:00 开始第 10 次操作

2021-07-31 00:05:00 开始操作号码 【1823665】
2021-07-31 00:05:05 GSD getOne 第 1 次 等待 3 秒
2021-07-31 00:05:08 查询号码 【1823665】，返回信息 {"status":"ok","msg":"河南-平顶山","gid":"55548","time_insert":"2020-03-17 10:01"}
2021-07-31 00:05:08 查询号码 【1823665】，GSD为【"河南-平顶山"】

2021-07-31 00:05:08 开始第 10 次操作

2021-07-31 00:05:08 开始操作号码 【1823664】
2021-07-31 00:05:13 GSD getOne 第 1 次 等待 3 秒
2021-07-31 00:05:16 查询号码 【1823664】，返回信息 {"status":"ok","msg":"河南-平顶山","gid":"55547","time_insert":"2020-03-26 10:17"}
2021-07-31 00:05:16 查询号码 【1823664】，GSD为【"河南-平顶山"】

2021-07-31 00:05:16 开始第 10 次操作

2021-07-31 00:05:16 开始操作号码 【1823663】
2021-07-31 00:05:20 GSD getOne 第 1 次 等待 3 秒
2021-07-31 00:05:23 查询号码 【1823663】，返回信息 {"status":"ok","msg":"河南-平顶山","gid":"35581","time_insert":"2017-09-04 14:52","time_update":"2020-09-14 13:18"}
2021-07-31 00:05:23 查询号码 【1823663】，GSD为【"河南-平顶山"】

2021-07-31 00:05:23 开始第 10 次操作

2021-07-31 00:05:23 开始操作号码 【1823662】
2021-07-31 00:05:29 GSD getOne 第 1 次 等待 3 秒
2021-07-31 00:05:32 查询号码 【1823662】，返回信息 {"status":"ok","msg":"河南-平顶山","gid":"67584","time_insert":"2021-05-25 10:22","time_update":"2021-06-15 13:33"}
2021-07-31 00:05:32 查询号码 【1823662】，GSD为【"河南-平顶山"】

2021-07-31 00:05:32 开始第 10 次操作

2021-07-31 00:05:32 开始操作号码 【1823661】
2021-07-31 00:05:39 GSD getOne 第 1 次 等待 3 秒
2021-07-31 00:05:42 查询号码 【1823661】，返回信息 {"status":"bad","msg":""}
2021-07-31 00:05:42 查询号码 【1823661】，GSD为【""】
2021-07-31 00:05:42 bad
2021-07-31 00:05:43 CHB 1823661?1627661142 第 1 次 等待 3 秒
2021-07-31 00:05:46 CHB 1823661?1627661142 第 1 次 获取到号码【1823661】GSD
2021-07-31 00:05:46 获取到号码【1823661】的GSD为【河南-平顶山】
2021-07-31 00:05:50 GSD insert 第 1 次 等待 3 秒
2021-07-31 00:05:53 {"status":"ok","gid":449929,"msg":"添加成功！"}
2021-07-31 00:05:53 下次操作: 2021-07-31 00:06:07

2021-07-31 00:06:07 开始第 11 次操作

2021-07-31 00:06:07 开始操作号码 【1823660】
2021-07-31 00:06:11 GSD getOne 第 1 次 等待 3 秒
2021-07-31 00:06:14 查询号码 【1823660】，返回信息 {"status":"ok","msg":"河南-平顶山","gid":"35580","time_insert":"2018-09-30 08:00","time_update":"2020-09-14 13:22"}
2021-07-31 00:06:14 查询号码 【1823660】，GSD为【"河南-平顶山"】

2021-07-31 00:06:14 开始第 11 次操作

2021-07-31 00:06:14 开始操作号码 【1823659】
2021-07-31 00:06:17 GSD getOne 第 1 次 等待 3 秒
2021-07-31 00:06:20 查询号码 【1823659】，返回信息 {"status":"bad","msg":""}
2021-07-31 00:06:21 查询号码 【1823659】，GSD为【""】
2021-07-31 00:06:21 bad
2021-07-31 00:06:22 CHB 1823659?1627661181 第 1 次 等待 3 秒
2021-07-31 00:06:25 CHB 1823659?1627661181 第 1 次 获取到号码【1823659】GSD
2021-07-31 00:06:25 获取到号码【1823659】的GSD为【河南-开封】
2021-07-31 00:06:32 GSD insert 第 1 次 等待 3 秒
2021-07-31 00:06:35 {"status":"ok","gid":449943,"msg":"添加成功！"}
2021-07-31 00:06:35 下次操作: 2021-07-31 00:06:57

2021-07-31 00:06:57 开始第 12 次操作

2021-07-31 00:06:57 开始操作号码 【1823658】
2021-07-31 00:07:03 GSD getOne 第 1 次 等待 3 秒
2021-07-31 00:07:06 查询号码 【1823658】，返回信息 {"status":"ok","msg":"河南-开封","gid":"55546","time_insert":"2021-03-03 14:52"}
2021-07-31 00:07:06 查询号码 【1823658】，GSD为【"河南-开封"】

2021-07-31 00:07:06 开始第 12 次操作

2021-07-31 00:07:06 开始操作号码 【1823657】
2021-07-31 00:07:10 GSD getOne 第 1 次 等待 3 秒
2021-07-31 00:07:13 查询号码 【1823657】，返回信息 {"status":"bad","msg":""}
2021-07-31 00:07:13 查询号码 【1823657】，GSD为【""】
2021-07-31 00:07:13 bad
2021-07-31 00:07:14 CHB 1823657?1627661233 第 1 次 等待 3 秒
2021-07-31 00:07:17 CHB 1823657?1627661233 第 1 次 获取到号码【1823657】GSD
2021-07-31 00:07:17 获取到号码【1823657】的GSD为【河南-开封】
2021-07-31 00:07:21 GSD insert 第 1 次 等待 3 秒
2021-07-31 00:07:24 {"status":"ok","gid":449953,"msg":"添加成功！"}
2021-07-31 00:07:24 下次操作: 2021-07-31 00:07:43

2021-07-31 00:07:43 开始第 13 次操作

2021-07-31 00:07:43 开始操作号码 【1823656】
2021-07-31 00:07:54 GSD getOne 第 1 次 等待 3 秒
2021-07-31 00:07:57 查询号码 【1823656】，返回信息 {"status":"bad","msg":""}
2021-07-31 00:07:57 查询号码 【1823656】，GSD为【""】
2021-07-31 00:07:57 bad
2021-07-31 00:07:58 CHB 1823656?1627661277 第 1 次 等待 3 秒
2021-07-31 00:08:01 CHB 1823656?1627661277 第 1 次 获取到号码【1823656】GSD
2021-07-31 00:08:01 获取到号码【1823656】的GSD为【河南-开封】
2021-07-31 00:08:05 GSD insert 第 1 次 等待 3 秒
2021-07-31 00:08:08 {"status":"ok","gid":449965,"msg":"添加成功！"}
2021-07-31 00:08:08 下次操作: 2021-07-31 00:08:28

2021-07-31 00:08:28 开始第 14 次操作

2021-07-31 00:08:28 开始操作号码 【1823655】
2021-07-31 00:08:36 GSD getOne 第 1 次 等待 3 秒
2021-07-31 00:08:39 查询号码 【1823655】，返回信息 {"status":"bad","msg":""}
2021-07-31 00:08:39 查询号码 【1823655】，GSD为【""】
2021-07-31 00:08:39 bad
2021-07-31 00:08:41 CHB 1823655?1627661319 第 1 次 等待 3 秒
2021-07-31 00:08:44 CHB 1823655?1627661319 第 1 次 获取到号码【1823655】GSD
2021-07-31 00:08:44 获取到号码【1823655】的GSD为【河南-开封】
2021-07-31 00:08:48 GSD insert 第 1 次 等待 3 秒
2021-07-31 00:08:51 {"status":"ok","gid":449976,"msg":"添加成功！"}
2021-07-31 00:08:51 下次操作: 2021-07-31 00:09:13

2021-07-31 00:09:13 开始第 15 次操作

2021-07-31 00:09:13 开始操作号码 【1823654】
2021-07-31 00:09:19 GSD getOne 第 1 次 等待 3 秒
2021-07-31 00:09:22 查询号码 【1823654】，返回信息 {"status":"ok","msg":"河南-开封","gid":"52518","time_insert":"2021-04-26 10:30"}
2021-07-31 00:09:22 查询号码 【1823654】，GSD为【"河南-开封"】

2021-07-31 00:09:22 开始第 15 次操作

2021-07-31 00:09:22 开始操作号码 【1823653】
2021-07-31 00:09:25 GSD getOne 第 1 次 等待 3 秒
2021-07-31 00:09:28 查询号码 【1823653】，返回信息 {"status":"bad","msg":""}
2021-07-31 00:09:29 查询号码 【1823653】，GSD为【""】
2021-07-31 00:09:29 bad
2021-07-31 00:09:30 CHB 1823653?1627661369 第 1 次 等待 3 秒
2021-07-31 00:09:33 CHB 1823653?1627661369 第 1 次 获取到号码【1823653】GSD
2021-07-31 00:09:33 获取到号码【1823653】的GSD为【河南-开封】
2021-07-31 00:09:42 GSD insert 第 1 次 等待 3 秒
2021-07-31 00:09:45 {"status":"ok","gid":449990,"msg":"添加成功！"}
2021-07-31 00:09:45 下次操作: 2021-07-31 00:10:07

2021-07-31 00:10:07 开始第 16 次操作

2021-07-31 00:10:07 开始操作号码 【1823652】
2021-07-31 00:10:10 GSD getOne 第 1 次 等待 3 秒
2021-07-31 00:10:13 查询号码 【1823652】，返回信息 {"status":"bad","msg":""}
2021-07-31 00:10:13 查询号码 【1823652】，GSD为【""】
2021-07-31 00:10:13 bad
2021-07-31 00:10:19 CHB 1823652?1627661413 第 1 次 等待 3 秒
2021-07-31 00:10:22 CHB 1823652?1627661413 第 1 次 获取到号码【1823652】GSD
2021-07-31 00:10:22 获取到号码【1823652】的GSD为【河南-开封】
2021-07-31 00:10:32 GSD insert 第 1 次 等待 3 秒
2021-07-31 00:10:35 {"status":"ok","gid":449999,"msg":"添加成功！"}
2021-07-31 00:10:35 下次操作: 2021-07-31 00:10:47

2021-07-31 00:10:47 开始第 17 次操作

2021-07-31 00:10:47 开始操作号码 【1823651】
2021-07-31 00:10:52 GSD getOne 第 1 次 等待 3 秒
2021-07-31 00:10:55 查询号码 【1823651】，返回信息 {"status":"ok","msg":"河南-开封","gid":"35579","time_insert":"2016-06-03 08:09","time_update":"2020-09-14 14:03"}
2021-07-31 00:10:55 查询号码 【1823651】，GSD为【"河南-开封"】

2021-07-31 00:10:55 开始第 17 次操作

2021-07-31 00:10:55 开始操作号码 【1823650】
2021-07-31 00:11:17 GSD getOne 第 1 次 等待 3 秒
2021-07-31 00:11:20 查询号码 【1823650】，返回信息 {"status":"bad","msg":""}
2021-07-31 00:11:20 查询号码 【1823650】，GSD为【""】
2021-07-31 00:11:20 bad
2021-07-31 00:11:22 CHB 1823650?1627661480 第 1 次 等待 3 秒
2021-07-31 00:11:25 CHB 1823650?1627661480 第 1 次 获取到号码【1823650】GSD
2021-07-31 00:11:25 获取到号码【1823650】的GSD为【河南-开封】
2021-07-31 00:11:45 GSD insert 第 1 次 等待 3 秒
2021-07-31 00:11:48 {"status":"ok","gid":450022,"msg":"添加成功！"}
2021-07-31 00:11:49 下次操作: 2021-07-31 00:12:12

2021-07-31 00:12:12 开始第 18 次操作

2021-07-31 00:12:12 开始操作号码 【1823649】
2021-07-31 00:12:17 GSD getOne 第 1 次 等待 3 秒
2021-07-31 00:12:20 查询号码 【1823649】，返回信息 {"status":"ok","msg":"河南-驻马店","gid":"55545","time_insert":"2020-04-12 07:39"}
2021-07-31 00:12:20 查询号码 【1823649】，GSD为【"河南-驻马店"】

2021-07-31 00:12:20 开始第 18 次操作

2021-07-31 00:12:20 开始操作号码 【1823648】
2021-07-31 00:12:39 GSD getOne 第 1 次 等待 3 秒
2021-07-31 00:12:42 查询号码 【1823648】，返回信息 {"status":"bad","msg":""}
2021-07-31 00:12:42 查询号码 【1823648】，GSD为【""】
2021-07-31 00:12:42 bad
2021-07-31 00:12:44 CHB 1823648?1627661562 第 1 次 等待 3 秒
2021-07-31 00:12:47 CHB 1823648?1627661562 第 1 次 获取到号码【1823648】GSD
2021-07-31 00:12:47 获取到号码【1823648】的GSD为【河南-驻马店】
2021-07-31 00:13:07 GSD insert 第 1 次 等待 3 秒
2021-07-31 00:13:10 {"status":"ok","gid":450040,"msg":"添加成功！"}
2021-07-31 00:13:10 下次操作: 2021-07-31 00:13:29

2021-07-31 00:13:29 开始第 19 次操作

2021-07-31 00:13:29 开始操作号码 【1823647】
2021-07-31 00:13:33 GSD getOne 第 1 次 等待 3 秒
2021-07-31 00:13:36 查询号码 【1823647】，返回信息 {"status":"bad","msg":""}
2021-07-31 00:13:36 查询号码 【1823647】，GSD为【""】
2021-07-31 00:13:36 bad
2021-07-31 00:13:38 CHB 1823647?1627661616 第 1 次 等待 3 秒
2021-07-31 00:13:41 CHB 1823647?1627661616 第 1 次 获取到号码【1823647】GSD
2021-07-31 00:13:41 获取到号码【1823647】的GSD为【河南-驻马店】
2021-07-31 00:14:00 GSD insert 第 1 次 等待 3 秒
2021-07-31 00:14:03 {"status":"ok","gid":450055,"msg":"添加成功！"}
2021-07-31 00:14:03 下次操作: 2021-07-31 00:14:24

2021-07-31 00:14:24 开始第 20 次操作

2021-07-31 00:14:24 开始操作号码 【1823646】
2021-07-31 00:14:32 GSD getOne 第 1 次 等待 3 秒
2021-07-31 00:14:35 查询号码 【1823646】，返回信息 {"status":"bad","msg":""}
2021-07-31 00:14:35 查询号码 【1823646】，GSD为【""】
2021-07-31 00:14:35 bad
2021-07-31 00:14:36 CHB 1823646?1627661675 第 1 次 等待 3 秒
2021-07-31 00:14:39 CHB 1823646?1627661675 第 1 次 获取到号码【1823646】GSD
2021-07-31 00:14:39 获取到号码【1823646】的GSD为【河南-驻马店】
2021-07-31 00:14:59 GSD insert 第 1 次 等待 3 秒
2021-07-31 00:15:02 {"status":"ok","gid":450066,"msg":"添加成功！"}
2021-07-31 00:15:02 下次操作: 2021-07-31 00:15:22

2021-07-31 00:15:22 开始第 21 次操作

2021-07-31 00:15:22 开始操作号码 【1823645】
2021-07-31 00:15:25 GSD getOne 第 1 次 等待 3 秒
2021-07-31 00:15:28 查询号码 【1823645】，返回信息 {"status":"ok","msg":"河南-驻马店","gid":"35578","time_insert":"2017-04-19 11:23","time_update":"2020-09-14 14:06"}
2021-07-31 00:15:28 查询号码 【1823645】，GSD为【"河南-驻马店"】

2021-07-31 00:15:28 开始第 21 次操作

2021-07-31 00:15:28 开始操作号码 【1823644】
2021-07-31 00:15:53 GSD getOne 第 1 次 等待 3 秒
2021-07-31 00:15:56 查询号码 【1823644】，返回信息 {"status":"bad","msg":""}
2021-07-31 00:15:56 查询号码 【1823644】，GSD为【""】
2021-07-31 00:15:56 bad
2021-07-31 00:15:57 CHB 1823644?1627661756 第 1 次 等待 3 秒
2021-07-31 00:16:00 CHB 1823644?1627661756 第 1 次 获取到号码【1823644】GSD
2021-07-31 00:16:00 获取到号码【1823644】的GSD为【河南-郑州】
2021-07-31 00:16:21 GSD insert 第 1 次 等待 3 秒
2021-07-31 00:16:24 {"status":"ok","gid":450083,"msg":"添加成功！"}
2021-07-31 00:16:24 下次操作: 2021-07-31 00:16:43

2021-07-31 00:16:43 开始第 22 次操作

2021-07-31 00:16:43 开始操作号码 【1823643】
2021-07-31 00:16:49 GSD getOne 第 1 次 等待 3 秒
2021-07-31 00:16:52 查询号码 【1823643】，返回信息 {"status":"bad","msg":""}
2021-07-31 00:16:52 查询号码 【1823643】，GSD为【""】
2021-07-31 00:16:52 bad
2021-07-31 00:16:54 CHB 1823643?1627661812 第 1 次 等待 3 秒
2021-07-31 00:16:57 CHB 1823643?1627661812 第 1 次 获取到号码【1823643】GSD
2021-07-31 00:16:57 获取到号码【1823643】的GSD为【河南-郑州】
2021-07-31 00:17:22 GSD insert 第 1 次 等待 3 秒
2021-07-31 00:17:25 {"status":"ok","gid":450093,"msg":"添加成功！"}
2021-07-31 00:17:25 下次操作: 2021-07-31 00:17:43

2021-07-31 00:17:43 开始第 23 次操作

2021-07-31 00:17:43 开始操作号码 【1823642】
2021-07-31 00:17:46 GSD getOne 第 1 次 等待 3 秒
2021-07-31 00:17:49 查询号码 【1823642】，返回信息 {"status":"ok","msg":"河南-郑州","gid":"35577","time_insert":"2019-02-16 15:12","time_update":"2020-09-14 14:11"}
2021-07-31 00:17:49 查询号码 【1823642】，GSD为【"河南-郑州"】

2021-07-31 00:17:49 开始第 23 次操作

2021-07-31 00:17:49 开始操作号码 【1823641】
2021-07-31 00:18:10 GSD getOne 第 1 次 等待 3 秒
2021-07-31 00:18:13 查询号码 【1823641】，返回信息 {"status":"bad","msg":""}
2021-07-31 00:18:13 查询号码 【1823641】，GSD为【""】
2021-07-31 00:18:13 bad
2021-07-31 00:18:14 CHB 1823641?1627661893 第 1 次 等待 3 秒
2021-07-31 00:18:17 CHB 1823641?1627661893 第 1 次 获取到号码【1823641】GSD
2021-07-31 00:18:17 获取到号码【1823641】的GSD为【河南-郑州】
2021-07-31 00:18:36 GSD insert 第 1 次 等待 3 秒
2021-07-31 00:18:39 {"status":"ok","gid":450100,"msg":"添加成功！"}
2021-07-31 00:18:39 下次操作: 2021-07-31 00:19:01

2021-07-31 00:19:01 开始第 24 次操作

2021-07-31 00:19:01 开始操作号码 【1823640】
2021-07-31 00:19:04 GSD getOne 第 1 次 等待 3 秒
2021-07-31 00:19:07 查询号码 【1823640】，返回信息 {"status":"bad","msg":""}
2021-07-31 00:19:08 查询号码 【1823640】，GSD为【""】
2021-07-31 00:19:08 bad
2021-07-31 00:19:13 CHB 1823640?1627661948 第 1 次 等待 3 秒
2021-07-31 00:19:16 CHB 1823640?1627661948 第 1 次 获取到号码【1823640】GSD
2021-07-31 00:19:16 获取到号码【1823640】的GSD为【河南-郑州】
2021-07-31 00:19:27 GSD insert 第 1 次 等待 3 秒
2021-07-31 00:19:30 {"status":"ok","gid":450106,"msg":"添加成功！"}
2021-07-31 00:19:30 下次操作: 2021-07-31 00:19:50

2021-07-31 00:19:50 开始第 25 次操作

2021-07-31 00:19:50 开始操作号码 【1823639】
2021-07-31 00:19:53 GSD getOne 第 1 次 等待 3 秒
2021-07-31 00:19:56 查询号码 【1823639】，返回信息 {"status":"bad","msg":""}
2021-07-31 00:19:56 查询号码 【1823639】，GSD为【""】
2021-07-31 00:19:56 bad
2021-07-31 00:19:58 CHB 1823639?1627661996 第 1 次 等待 3 秒
2021-07-31 00:20:01 CHB 1823639?1627661996 第 1 次 获取到号码【1823639】GSD
2021-07-31 00:20:01 获取到号码【1823639】的GSD为【河南-商丘】
2021-07-31 00:20:22 GSD insert 第 1 次 等待 3 秒
2021-07-31 00:20:25 {"status":"ok","gid":450113,"msg":"添加成功！"}
2021-07-31 00:20:25 下次操作: 2021-07-31 00:20:39

2021-07-31 00:20:39 开始第 26 次操作

2021-07-31 00:20:39 开始操作号码 【1823638】
2021-07-31 00:20:47 GSD getOne 第 1 次 等待 3 秒
2021-07-31 00:20:50 查询号码 【1823638】，返回信息 {"status":"bad","msg":""}
2021-07-31 00:20:50 查询号码 【1823638】，GSD为【""】
2021-07-31 00:20:50 bad
2021-07-31 00:20:51 CHB 1823638?1627662050 第 1 次 等待 3 秒
2021-07-31 00:20:54 CHB 1823638?1627662050 第 1 次 获取到号码【1823638】GSD
2021-07-31 00:20:54 获取到号码【1823638】的GSD为【河南-商丘】
2021-07-31 00:21:13 GSD insert 第 1 次 等待 3 秒
2021-07-31 00:21:16 {"status":"ok","gid":450118,"msg":"添加成功！"}
2021-07-31 00:21:16 下次操作: 2021-07-31 00:21:28

2021-07-31 00:21:28 开始第 27 次操作

2021-07-31 00:21:28 开始操作号码 【1823637】
2021-07-31 00:21:37 GSD getOne 第 1 次 等待 3 秒
2021-07-31 00:21:40 查询号码 【1823637】，返回信息 {"status":"bad","msg":""}
2021-07-31 00:21:40 查询号码 【1823637】，GSD为【""】
2021-07-31 00:21:40 bad
2021-07-31 00:21:42 CHB 1823637?1627662100 第 1 次 等待 3 秒
2021-07-31 00:21:45 CHB 1823637?1627662100 第 1 次 获取到号码【1823637】GSD
2021-07-31 00:21:45 获取到号码【1823637】的GSD为【河南-商丘】
2021-07-31 00:22:04 GSD insert 第 1 次 等待 3 秒
2021-07-31 00:22:07 {"status":"ok","gid":450121,"msg":"添加成功！"}
2021-07-31 00:22:07 下次操作: 2021-07-31 00:22:26

2021-07-31 00:22:26 开始第 28 次操作

2021-07-31 00:22:26 开始操作号码 【1823636】
2021-07-31 00:22:30 GSD getOne 第 1 次 等待 3 秒
2021-07-31 00:22:33 查询号码 【1823636】，返回信息 {"status":"ok","msg":"河南-商丘","gid":"55544","time_insert":"2021-01-19 20:09"}
2021-07-31 00:22:33 查询号码 【1823636】，GSD为【"河南-商丘"】

2021-07-31 00:22:33 开始第 28 次操作

2021-07-31 00:22:33 开始操作号码 【1823635】
2021-07-31 00:22:52 GSD getOne 第 1 次 等待 3 秒
2021-07-31 00:22:55 查询号码 【1823635】，返回信息 {"status":"bad","msg":""}
2021-07-31 00:22:56 查询号码 【1823635】，GSD为【""】
2021-07-31 00:22:56 bad
2021-07-31 00:22:57 CHB 1823635?1627662176 第 1 次 等待 3 秒
2021-07-31 00:23:00 CHB 1823635?1627662176 第 1 次 获取到号码【1823635】GSD
2021-07-31 00:23:00 获取到号码【1823635】的GSD为【河南-商丘】
2021-07-31 00:23:20 GSD insert 第 1 次 等待 3 秒
2021-07-31 00:23:23 {"status":"ok","gid":450130,"msg":"添加成功！"}
2021-07-31 00:23:23 下次操作: 2021-07-31 00:23:45

2021-07-31 00:23:45 开始第 29 次操作

2021-07-31 00:23:45 开始操作号码 【1823634】
2021-07-31 00:23:48 GSD getOne 第 1 次 等待 3 秒
2021-07-31 00:23:51 查询号码 【1823634】，返回信息 {"status":"bad","msg":""}
2021-07-31 00:23:51 查询号码 【1823634】，GSD为【""】
2021-07-31 00:23:51 bad
2021-07-31 00:23:52 CHB 1823634?1627662231 第 1 次 等待 3 秒
2021-07-31 00:23:55 CHB 1823634?1627662231 第 1 次 获取到号码【1823634】GSD
2021-07-31 00:23:55 获取到号码【1823634】的GSD为【河南-周口】
2021-07-31 00:24:14 GSD insert 第 1 次 等待 3 秒
2021-07-31 00:24:17 {"status":"ok","gid":450137,"msg":"添加成功！"}
2021-07-31 00:24:17 下次操作: 2021-07-31 00:24:34

2021-07-31 00:24:34 开始第 30 次操作

2021-07-31 00:24:34 开始操作号码 【1823633】
2021-07-31 00:24:40 GSD getOne 第 1 次 等待 3 秒
2021-07-31 00:24:43 查询号码 【1823633】，返回信息 {"status":"bad","msg":""}
2021-07-31 00:24:44 查询号码 【1823633】，GSD为【""】
2021-07-31 00:24:44 bad
2021-07-31 00:24:45 CHB 1823633?1627662284 第 1 次 等待 3 秒
2021-07-31 00:24:48 CHB 1823633?1627662284 第 1 次 获取到号码【1823633】GSD
2021-07-31 00:24:48 获取到号码【1823633】的GSD为【河南-周口】
2021-07-31 00:25:07 GSD insert 第 1 次 等待 3 秒
2021-07-31 00:25:10 {"status":"ok","gid":450139,"msg":"添加成功！"}
2021-07-31 00:25:10 下次操作: 2021-07-31 00:25:34

2021-07-31 00:25:34 开始第 31 次操作

2021-07-31 00:25:34 开始操作号码 【1823632】
2021-07-31 00:25:39 GSD getOne 第 1 次 等待 3 秒
2021-07-31 00:25:42 查询号码 【1823632】，返回信息 {"status":"ok","msg":"河南-周口","gid":"55543","time_insert":"2020-09-08 13:15"}
2021-07-31 00:25:42 查询号码 【1823632】，GSD为【"河南-周口"】

2021-07-31 00:25:42 开始第 31 次操作

2021-07-31 00:25:42 开始操作号码 【1823631】
2021-07-31 00:26:00 GSD getOne 第 1 次 等待 3 秒
2021-07-31 00:26:03 查询号码 【1823631】，返回信息 {"status":"ok","msg":"河南-周口","gid":"35576","time_insert":"2017-10-30 21:18","time_update":"2020-09-14 14:15"}
2021-07-31 00:26:03 查询号码 【1823631】，GSD为【"河南-周口"】

2021-07-31 00:26:03 开始第 31 次操作

2021-07-31 00:26:03 开始操作号码 【1823630】
2021-07-31 00:26:22 GSD getOne 第 1 次 等待 3 秒
2021-07-31 00:26:25 查询号码 【1823630】，返回信息 {"status":"bad","msg":""}
2021-07-31 00:26:25 查询号码 【1823630】，GSD为【""】
2021-07-31 00:26:25 bad
2021-07-31 00:26:27 CHB 1823630?1627662385 第 1 次 等待 3 秒
2021-07-31 00:26:30 CHB 1823630?1627662385 第 1 次 获取到号码【1823630】GSD
2021-07-31 00:26:30 获取到号码【1823630】的GSD为【河南-周口】
2021-07-31 00:26:48 GSD insert 第 1 次 等待 3 秒
2021-07-31 00:26:51 {"status":"ok","gid":450149,"msg":"添加成功！"}
2021-07-31 00:26:51 下次操作: 2021-07-31 00:27:14

2021-07-31 00:27:14 开始第 32 次操作

2021-07-31 00:27:14 开始操作号码 【1823629】
2021-07-31 00:27:35 GSD getOne 第 1 次 等待 3 秒
2021-07-31 00:27:38 查询号码 【1823629】，返回信息 {"status":"ok","msg":"河南-信阳","gid":"35575","time_insert":"2019-06-30 12:28","time_update":"2020-09-14 14:20"}
2021-07-31 00:27:38 查询号码 【1823629】，GSD为【"河南-信阳"】

2021-07-31 00:27:38 开始第 32 次操作

2021-07-31 00:27:38 开始操作号码 【1823628】
2021-07-31 00:28:10 GSD getOne 第 1 次 等待 3 秒
2021-07-31 00:28:13 查询号码 【1823628】，返回信息 {"status":"bad","msg":""}
2021-07-31 00:28:13 查询号码 【1823628】，GSD为【""】
2021-07-31 00:28:13 bad
2021-07-31 00:28:14 CHB 1823628?1627662493 第 1 次 等待 3 秒
2021-07-31 00:28:17 CHB 1823628?1627662493 第 1 次 获取到号码【1823628】GSD
2021-07-31 00:28:17 获取到号码【1823628】的GSD为【河南-信阳】
2021-07-31 00:28:38 GSD insert 第 1 次 等待 3 秒
2021-07-31 00:28:41 {"status":"ok","gid":450159,"msg":"添加成功！"}
2021-07-31 00:28:41 下次操作: 2021-07-31 00:28:54

2021-07-31 00:28:54 开始第 33 次操作

2021-07-31 00:28:54 开始操作号码 【1823627】
2021-07-31 00:28:57 GSD getOne 第 1 次 等待 3 秒
2021-07-31 00:29:00 查询号码 【1823627】，返回信息 {"status":"bad","msg":""}
2021-07-31 00:29:01 查询号码 【1823627】，GSD为【""】
2021-07-31 00:29:01 bad
2021-07-31 00:29:02 CHB 1823627?1627662541 第 1 次 等待 3 秒
2021-07-31 00:29:05 CHB 1823627?1627662541 第 1 次 获取到号码【1823627】GSD
2021-07-31 00:29:05 获取到号码【1823627】的GSD为【河南-信阳】
2021-07-31 00:29:25 GSD insert 第 1 次 等待 3 秒
2021-07-31 00:29:28 {"status":"ok","gid":450162,"msg":"添加成功！"}
2021-07-31 00:29:28 下次操作: 2021-07-31 00:29:41

2021-07-31 00:29:41 开始第 34 次操作

2021-07-31 00:29:41 开始操作号码 【1823626】
2021-07-31 00:30:01 GSD getOne 第 1 次 等待 3 秒
2021-07-31 00:30:04 查询号码 【1823626】，返回信息 {"status":"bad","msg":""}
2021-07-31 00:30:04 查询号码 【1823626】，GSD为【""】
2021-07-31 00:30:04 bad
2021-07-31 00:30:06 CHB 1823626?1627662604 第 1 次 等待 3 秒
2021-07-31 00:30:09 CHB 1823626?1627662604 第 1 次 获取到号码【1823626】GSD
2021-07-31 00:30:09 获取到号码【1823626】的GSD为【河南-信阳】
2021-07-31 00:30:28 GSD insert 第 1 次 等待 3 秒
2021-07-31 00:30:31 {"status":"ok","gid":450170,"msg":"添加成功！"}
2021-07-31 00:30:31 下次操作: 2021-07-31 00:30:55

2021-07-31 00:30:55 开始第 35 次操作

2021-07-31 00:30:55 开始操作号码 【1823625】
2021-07-31 00:30:58 GSD getOne 第 1 次 等待 3 秒
2021-07-31 00:31:01 查询号码 【1823625】，返回信息 {"status":"bad","msg":""}
2021-07-31 00:31:01 查询号码 【1823625】，GSD为【""】
2021-07-31 00:31:01 bad
2021-07-31 00:31:02 CHB 1823625?1627662661 第 1 次 等待 3 秒
2021-07-31 00:31:05 CHB 1823625?1627662661 第 1 次 获取到号码【1823625】GSD
2021-07-31 00:31:05 未获取到号码【1823625】GSD，查号吧 400 错误
2021-07-31 00:31:05 获取到号码【1823625】的GSD为【-】
2021-07-31 00:31:34 GSD insert 第 1 次 等待 3 秒
2021-07-31 00:31:37 {"status":"ok","gid":450174,"msg":"添加成功！"}
2021-07-31 00:31:37 下次操作: 2021-07-31 00:31:54

2021-07-31 00:31:54 开始第 36 次操作

2021-07-31 00:31:54 开始操作号码 【1823624】
2021-07-31 00:31:57 GSD getOne 第 1 次 等待 3 秒
2021-07-31 00:32:00 查询号码 【1823624】，返回信息 {"status":"bad","msg":""}
2021-07-31 00:32:00 查询号码 【1823624】，GSD为【""】
2021-07-31 00:32:00 bad
2021-07-31 00:32:02 CHB 1823624?1627662720 第 1 次 等待 3 秒
2021-07-31 00:32:05 CHB 1823624?1627662720 第 1 次 获取到号码【1823624】GSD
2021-07-31 00:32:05 获取到号码【1823624】的GSD为【河南-漯河】
2021-07-31 00:32:28 GSD insert 第 1 次 等待 3 秒
2021-07-31 00:32:31 {"status":"ok","gid":450178,"msg":"添加成功！"}
2021-07-31 00:32:31 下次操作: 2021-07-31 00:32:47

2021-07-31 00:32:47 开始第 37 次操作

2021-07-31 00:32:47 开始操作号码 【1823623】
2021-07-31 00:32:51 GSD getOne 第 1 次 等待 3 秒
2021-07-31 00:32:54 查询号码 【1823623】，返回信息 {"status":"bad","msg":""}
2021-07-31 00:32:54 查询号码 【1823623】，GSD为【""】
2021-07-31 00:32:54 bad
2021-07-31 00:32:55 CHB 1823623?1627662774 第 1 次 等待 3 秒
2021-07-31 00:32:58 CHB 1823623?1627662774 第 1 次 获取到号码【1823623】GSD
2021-07-31 00:32:58 未获取到号码【1823623】GSD，查号吧 400 错误
2021-07-31 00:32:58 获取到号码【1823623】的GSD为【-】
2021-07-31 00:33:20 GSD insert 第 1 次 等待 3 秒
2021-07-31 00:33:23 {"status":"ok","gid":450179,"msg":"添加成功！"}
2021-07-31 00:33:23 下次操作: 2021-07-31 00:33:42

2021-07-31 00:33:42 开始第 38 次操作

2021-07-31 00:33:42 开始操作号码 【1823622】
2021-07-31 00:33:45 GSD getOne 第 1 次 等待 3 秒
2021-07-31 00:33:48 查询号码 【1823622】，返回信息 {"status":"bad","msg":""}
2021-07-31 00:33:48 查询号码 【1823622】，GSD为【""】
2021-07-31 00:33:48 bad
2021-07-31 00:33:50 CHB 1823622?1627662828 第 1 次 等待 3 秒
2021-07-31 00:33:53 CHB 1823622?1627662828 第 1 次 获取到号码【1823622】GSD
2021-07-31 00:33:53 获取到号码【1823622】的GSD为【河南-漯河】
2021-07-31 00:34:12 GSD insert 第 1 次 等待 3 秒
2021-07-31 00:34:15 {"status":"ok","gid":450184,"msg":"添加成功！"}
2021-07-31 00:34:15 下次操作: 2021-07-31 00:34:30

2021-07-31 00:34:30 开始第 39 次操作

2021-07-31 00:34:30 开始操作号码 【1823621】
2021-07-31 00:34:34 GSD getOne 第 1 次 等待 3 秒
2021-07-31 00:34:37 查询号码 【1823621】，返回信息 {"status":"ok","msg":"河南-漯河","gid":"35574","time_insert":"2017-06-20 11:07","time_update":"2020-09-14 14:23"}
2021-07-31 00:34:37 查询号码 【1823621】，GSD为【"河南-漯河"】

2021-07-31 00:34:37 开始第 39 次操作

2021-07-31 00:34:37 开始操作号码 【1823620】
2021-07-31 00:35:03 GSD getOne 第 1 次 等待 3 秒
2021-07-31 00:35:06 查询号码 【1823620】，返回信息 {"status":"bad","msg":""}
2021-07-31 00:35:06 查询号码 【1823620】，GSD为【""】
2021-07-31 00:35:06 bad
2021-07-31 00:35:08 CHB 1823620?1627662906 第 1 次 等待 3 秒
2021-07-31 00:35:11 CHB 1823620?1627662906 第 1 次 获取到号码【1823620】GSD
2021-07-31 00:35:11 获取到号码【1823620】的GSD为【河南-漯河】
2021-07-31 00:35:30 GSD insert 第 1 次 等待 3 秒
2021-07-31 00:35:33 {"status":"ok","gid":450186,"msg":"添加成功！"}
2021-07-31 00:35:33 下次操作: 2021-07-31 00:35:46

2021-07-31 00:35:46 开始第 40 次操作

2021-07-31 00:35:46 开始操作号码 【1823619】
2021-07-31 00:35:51 GSD getOne 第 1 次 等待 3 秒
2021-07-31 00:35:54 查询号码 【1823619】，返回信息 {"status":"bad","msg":""}
2021-07-31 00:35:54 查询号码 【1823619】，GSD为【""】
2021-07-31 00:35:54 bad
2021-07-31 00:35:56 CHB 1823619?1627662954 第 1 次 等待 3 秒
2021-07-31 00:35:59 CHB 1823619?1627662954 第 1 次 获取到号码【1823619】GSD
2021-07-31 00:35:59 获取到号码【1823619】的GSD为【河南-新乡】
2021-07-31 00:36:18 GSD insert 第 1 次 等待 3 秒
2021-07-31 00:36:21 {"status":"ok","gid":450188,"msg":"添加成功！"}

