2023-12-20 00:18:42 开始第 4085 次操作

2023-12-20 00:18:42 开始操作号码 【1834004】
2023-12-20 00:18:46 GSD getOne 第 1 次 等待 3 秒
2023-12-20 00:18:49 查询号码 【1834004】，返回信息 {"status":"ok","msg":"山东-济南","gid":"311496","time_insert":"2021-07-18 05:58"}
2023-12-20 00:18:49 查询号码 【1834004】，GSD为【"山东-济南"】

2023-12-20 00:18:50 开始第 4086 次操作

2023-12-20 00:18:50 开始操作号码 【1834005】
2023-12-20 00:18:55 GSD getOne 第 1 次 等待 3 秒
2023-12-20 00:18:58 查询号码 【1834005】，返回信息 {"status":"ok","msg":"山东-济南","gid":"311507","time_insert":"2021-07-18 05:58"}
2023-12-20 00:18:58 查询号码 【1834005】，GSD为【"山东-济南"】

2023-12-20 00:18:59 开始第 4087 次操作

2023-12-20 00:18:59 开始操作号码 【1834006】
2023-12-20 00:19:14 GSD getOne 第 1 次 等待 3 秒
2023-12-20 00:19:17 查询号码 【1834006】，返回信息 {"status":"ok","msg":"山东-济南","gid":"311514","time_insert":"2021-07-18 05:59"}
2023-12-20 00:19:17 查询号码 【1834006】，GSD为【"山东-济南"】

2023-12-20 00:19:18 开始第 4088 次操作

2023-12-20 00:19:18 开始操作号码 【1834007】
2023-12-20 00:19:22 GSD getOne 第 1 次 等待 3 秒
2023-12-20 00:19:25 查询号码 【1834007】，返回信息 {"status":"ok","msg":"山东-济南","gid":"311524","time_insert":"2021-07-18 06:00"}
2023-12-20 00:19:25 查询号码 【1834007】，GSD为【"山东-济南"】

