2024-05-06 00:20:48 开始第 7293 次操作

2024-05-06 00:20:48 开始操作号码 【1617210】
2024-05-06 00:20:56 GSD getOne 第 1 次 等待 3 秒
2024-05-06 00:20:59 查询号码 【1617210】，返回信息 {"status":"ok","msg":"-","gid":"674343","time_insert":"2023-04-24 12:39"}
2024-05-06 00:20:59 查询号码 【1617210】，GSD为【"-"】
2024-05-06 00:20:59 ok && -
2024-05-06 00:21:01 CHB 1617210?1714926059 第 1 次 等待 3 秒
2024-05-06 00:21:04 CHB 1617210?1714926059 第 1 次 获取到号码【1617210】GSD
2024-05-06 00:21:04 未获取到号码【1617210】GSD，可能号码格式错误
2024-05-06 00:21:04 获取到号码【1617210】的GSD为【-】
2024-05-06 00:21:11 GSD insert 第 1 次 等待 3 秒
2024-05-06 00:21:14 {"status":"bad","gid":"674343","msg":"添加失败！号码【1617210(-|-)】已存在！"}
2024-05-06 00:21:14 随机等待 168 秒，约 2 分钟
2024-05-06 00:21:14 下次操作: 2024-05-06 00:24:02

2024-05-06 00:24:02 开始第 7294 次操作

2024-05-06 00:24:02 开始操作号码 【1617211】
2024-05-06 00:24:08 GSD getOne 第 1 次 等待 3 秒
2024-05-06 00:24:11 查询号码 【1617211】，返回信息 {"status":"ok","msg":"-","gid":"674360","time_insert":"2023-04-24 12:49"}
2024-05-06 00:24:11 查询号码 【1617211】，GSD为【"-"】
2024-05-06 00:24:11 ok && -
2024-05-06 00:24:14 CHB 1617211?1714926251 第 1 次 等待 3 秒
2024-05-06 00:24:17 CHB 1617211?1714926251 第 1 次 获取到号码【1617211】GSD
2024-05-06 00:24:17 未获取到号码【1617211】GSD，可能号码格式错误
2024-05-06 00:24:17 获取到号码【1617211】的GSD为【-】
2024-05-06 00:24:22 GSD insert 第 1 次 等待 3 秒
2024-05-06 00:24:25 {"status":"bad","gid":"674360","msg":"添加失败！号码【1617211(-|-)】已存在！"}
2024-05-06 00:24:25 随机等待 167 秒，约 2 分钟
2024-05-06 00:24:25 下次操作: 2024-05-06 00:27:12

2024-05-06 00:27:12 开始第 7295 次操作

2024-05-06 00:27:12 开始操作号码 【1617212】
2024-05-06 00:27:18 GSD getOne 第 1 次 等待 3 秒
2024-05-06 00:27:21 查询号码 【1617212】，返回信息 {"status":"ok","msg":"-","gid":"674380","time_insert":"2023-04-24 13:02"}
2024-05-06 00:27:21 查询号码 【1617212】，GSD为【"-"】
2024-05-06 00:27:21 ok && -
2024-05-06 00:27:23 CHB 1617212?1714926441 第 1 次 等待 3 秒
2024-05-06 00:27:26 CHB 1617212?1714926441 第 1 次 获取到号码【1617212】GSD
2024-05-06 00:27:26 未获取到号码【1617212】GSD，可能号码格式错误
2024-05-06 00:27:26 获取到号码【1617212】的GSD为【-】
2024-05-06 00:27:31 GSD insert 第 1 次 等待 3 秒
2024-05-06 00:27:34 {"status":"bad","gid":"674380","msg":"添加失败！号码【1617212(-|-)】已存在！"}
2024-05-06 00:27:34 随机等待 83 秒，约 1 分钟
2024-05-06 00:27:34 下次操作: 2024-05-06 00:28:57

2024-05-06 00:28:57 开始第 7296 次操作

2024-05-06 00:28:57 开始操作号码 【1617213】
2024-05-06 00:29:03 GSD getOne 第 1 次 等待 3 秒
2024-05-06 00:29:06 查询号码 【1617213】，返回信息 {"status":"ok","msg":"-","gid":"674395","time_insert":"2023-04-24 13:12"}
2024-05-06 00:29:06 查询号码 【1617213】，GSD为【"-"】
2024-05-06 00:29:06 ok && -
2024-05-06 00:29:08 CHB 1617213?1714926546 第 1 次 等待 3 秒
2024-05-06 00:29:11 CHB 1617213?1714926546 第 1 次 获取到号码【1617213】GSD
2024-05-06 00:29:11 未获取到号码【1617213】GSD，可能号码格式错误
2024-05-06 00:29:11 获取到号码【1617213】的GSD为【-】
2024-05-06 00:29:16 GSD insert 第 1 次 等待 3 秒
2024-05-06 00:29:19 {"status":"bad","gid":"674395","msg":"添加失败！号码【1617213(-|-)】已存在！"}

2024-05-06 00:38:15 开始第 7297 次操作

2024-05-06 00:38:15 开始操作号码 【1617214】
2024-05-06 00:38:27 GSD getOne 第 1 次 等待 3 秒
2024-05-06 00:38:30 查询号码 【1617214】，返回信息 {"status":"ok","msg":"-","gid":"674413","time_insert":"2023-04-24 13:26"}
2024-05-06 00:38:30 查询号码 【1617214】，GSD为【"-"】
2024-05-06 00:38:30 ok && -
2024-05-06 00:38:33 CHB 1617214?1714927110 第 1 次 等待 3 秒
2024-05-06 00:38:36 CHB 1617214?1714927110 第 1 次 获取到号码【1617214】GSD
2024-05-06 00:38:36 未获取到号码【1617214】GSD，可能号码格式错误
2024-05-06 00:38:36 获取到号码【1617214】的GSD为【-】
2024-05-06 00:38:46 GSD insert 第 1 次 等待 3 秒
2024-05-06 00:38:49 {"status":"bad","gid":"674413","msg":"添加失败！号码【1617214(-|-)】已存在！"}
2024-05-06 00:38:49 随机等待 123 秒，约 2 分钟
2024-05-06 00:38:49 下次操作: 2024-05-06 00:40:52

2024-05-06 00:40:52 开始第 7298 次操作

2024-05-06 00:40:52 开始操作号码 【1617215】
2024-05-06 00:41:05 GSD getOne 第 1 次 等待 3 秒
2024-05-06 00:41:08 查询号码 【1617215】，返回信息 {"status":"ok","msg":"-","gid":"674434","time_insert":"2023-04-24 13:36"}
2024-05-06 00:41:08 查询号码 【1617215】，GSD为【"-"】
2024-05-06 00:41:08 ok && -
2024-05-06 00:41:10 CHB 1617215?1714927268 第 1 次 等待 3 秒
2024-05-06 00:41:13 CHB 1617215?1714927268 第 1 次 获取到号码【1617215】GSD
2024-05-06 00:41:13 未获取到号码【1617215】GSD，可能号码格式错误
2024-05-06 00:41:13 获取到号码【1617215】的GSD为【-】
2024-05-06 00:41:21 GSD insert 第 1 次 等待 3 秒
2024-05-06 00:41:24 {"status":"bad","gid":"674434","msg":"添加失败！号码【1617215(-|-)】已存在！"}
2024-05-06 00:41:24 随机等待 112 秒，约 1 分钟
2024-05-06 00:41:24 下次操作: 2024-05-06 00:43:16

2024-05-06 00:43:16 开始第 7299 次操作

2024-05-06 00:43:16 开始操作号码 【1617216】
2024-05-06 00:43:24 GSD getOne 第 1 次 等待 3 秒
2024-05-06 00:43:27 查询号码 【1617216】，返回信息 {"status":"ok","msg":"-","gid":"674459","time_insert":"2023-04-24 13:51"}
2024-05-06 00:43:27 查询号码 【1617216】，GSD为【"-"】
2024-05-06 00:43:27 ok && -
2024-05-06 00:43:29 CHB 1617216?1714927407 第 1 次 等待 3 秒
2024-05-06 00:43:32 CHB 1617216?1714927407 第 1 次 获取到号码【1617216】GSD
2024-05-06 00:43:32 未获取到号码【1617216】GSD，可能号码格式错误
2024-05-06 00:43:32 获取到号码【1617216】的GSD为【-】
2024-05-06 00:43:37 GSD insert 第 1 次 等待 3 秒
2024-05-06 00:43:40 {"status":"bad","gid":"674459","msg":"添加失败！号码【1617216(-|-)】已存在！"}
2024-05-06 00:43:40 随机等待 188 秒，约 3 分钟
2024-05-06 00:43:40 下次操作: 2024-05-06 00:46:48

2024-05-06 00:46:48 开始第 7300 次操作

2024-05-06 00:46:48 开始操作号码 【1617217】
2024-05-06 00:46:53 GSD getOne 第 1 次 等待 3 秒
2024-05-06 00:46:56 查询号码 【1617217】，返回信息 {"status":"ok","msg":"-","gid":"674496","time_insert":"2023-04-24 14:15"}
2024-05-06 00:46:56 查询号码 【1617217】，GSD为【"-"】
2024-05-06 00:46:56 ok && -
2024-05-06 00:46:58 CHB 1617217?1714927616 第 1 次 等待 3 秒
2024-05-06 00:47:01 CHB 1617217?1714927616 第 1 次 获取到号码【1617217】GSD
2024-05-06 00:47:01 未获取到号码【1617217】GSD，可能号码格式错误
2024-05-06 00:47:01 获取到号码【1617217】的GSD为【-】
2024-05-06 00:47:09 GSD insert 第 1 次 等待 3 秒
2024-05-06 00:47:12 {"status":"bad","gid":"674496","msg":"添加失败！号码【1617217(-|-)】已存在！"}

2024-05-06 01:14:04 开始第 7301 次操作

2024-05-06 01:14:04 开始操作号码 【1617218】
2024-05-06 01:14:10 GSD getOne 第 1 次 等待 3 秒
2024-05-06 01:14:13 查询号码 【1617218】，返回信息 {"status":"ok","msg":"-","gid":"674515","time_insert":"2023-04-24 14:30"}
2024-05-06 01:14:13 查询号码 【1617218】，GSD为【"-"】
2024-05-06 01:14:13 ok && -
2024-05-06 01:14:15 CHB 1617218?1714929253 第 1 次 等待 3 秒
2024-05-06 01:14:18 CHB 1617218?1714929253 第 1 次 获取到号码【1617218】GSD
2024-05-06 01:14:18 未获取到号码【1617218】GSD，可能号码格式错误
2024-05-06 01:14:18 获取到号码【1617218】的GSD为【-】
2024-05-06 01:14:24 GSD insert 第 1 次 等待 3 秒
2024-05-06 01:14:27 {"status":"bad","gid":"674515","msg":"添加失败！号码【1617218(-|-)】已存在！"}
2024-05-06 01:14:27 随机等待 200 秒，约 3 分钟
2024-05-06 01:14:27 下次操作: 2024-05-06 01:17:47

2024-05-06 01:17:47 开始第 7302 次操作

2024-05-06 01:17:47 开始操作号码 【1617219】
2024-05-06 01:17:54 GSD getOne 第 1 次 等待 3 秒
2024-05-06 01:17:57 查询号码 【1617219】，返回信息 {"status":"ok","msg":"-","gid":"682719","time_insert":"2023-04-28 15:33"}
2024-05-06 01:17:57 查询号码 【1617219】，GSD为【"-"】
2024-05-06 01:17:57 ok && -
2024-05-06 01:18:00 CHB 1617219?1714929477 第 1 次 等待 3 秒
2024-05-06 01:18:03 CHB 1617219?1714929477 第 1 次 获取到号码【1617219】GSD
2024-05-06 01:18:03 未获取到号码【1617219】GSD，可能号码格式错误
2024-05-06 01:18:03 获取到号码【1617219】的GSD为【-】
2024-05-06 01:18:15 GSD insert 第 1 次 等待 3 秒
2024-05-06 01:18:18 {"status":"bad","gid":"682719","msg":"添加失败！号码【1617219(-|-)】已存在！"}
2024-05-06 01:18:18 随机等待 155 秒，约 2 分钟
2024-05-06 01:18:18 下次操作: 2024-05-06 01:20:53

2024-05-06 01:20:53 开始第 7303 次操作

2024-05-06 01:20:53 开始操作号码 【1617220】
2024-05-06 01:21:03 GSD getOne 第 1 次 等待 3 秒
2024-05-06 01:21:06 查询号码 【1617220】，返回信息 {"status":"ok","msg":"-","gid":"683672","time_insert":"2023-04-29 02:17"}
2024-05-06 01:21:06 查询号码 【1617220】，GSD为【"-"】
2024-05-06 01:21:06 ok && -
2024-05-06 01:21:09 CHB 1617220?1714929666 第 1 次 等待 3 秒
2024-05-06 01:21:12 CHB 1617220?1714929666 第 1 次 获取到号码【1617220】GSD
2024-05-06 01:21:12 未获取到号码【1617220】GSD，可能号码格式错误
2024-05-06 01:21:12 获取到号码【1617220】的GSD为【-】
2024-05-06 01:21:19 GSD insert 第 1 次 等待 3 秒
2024-05-06 01:21:22 {"status":"bad","gid":"683672","msg":"添加失败！号码【1617220(-|-)】已存在！"}
2024-05-06 01:21:22 随机等待 223 秒，约 3 分钟
2024-05-06 01:21:22 下次操作: 2024-05-06 01:25:05

2024-05-06 01:25:05 开始第 7304 次操作

2024-05-06 01:25:05 开始操作号码 【1617221】
2024-05-06 01:25:11 GSD getOne 第 1 次 等待 3 秒
2024-05-06 01:25:14 查询号码 【1617221】，返回信息 {"status":"ok","msg":"-","gid":"683707","time_insert":"2023-04-29 02:41"}
2024-05-06 01:25:14 查询号码 【1617221】，GSD为【"-"】
2024-05-06 01:25:14 ok && -
2024-05-06 01:25:16 CHB 1617221?1714929914 第 1 次 等待 3 秒
2024-05-06 01:25:19 CHB 1617221?1714929914 第 1 次 获取到号码【1617221】GSD
2024-05-06 01:25:19 未获取到号码【1617221】GSD，可能号码格式错误
2024-05-06 01:25:19 获取到号码【1617221】的GSD为【-】
2024-05-06 01:25:24 GSD insert 第 1 次 等待 3 秒
2024-05-06 01:25:27 {"status":"bad","gid":"683707","msg":"添加失败！号码【1617221(-|-)】已存在！"}

2024-05-06 01:37:13 开始第 7305 次操作

2024-05-06 01:37:13 开始操作号码 【1617222】
2024-05-06 01:37:19 GSD getOne 第 1 次 等待 3 秒
2024-05-06 01:37:22 查询号码 【1617222】，返回信息 {"status":"ok","msg":"-","gid":"683745","time_insert":"2023-04-29 03:00"}
2024-05-06 01:37:22 查询号码 【1617222】，GSD为【"-"】
2024-05-06 01:37:22 ok && -
2024-05-06 01:37:25 CHB 1617222?1714930642 第 1 次 等待 3 秒
2024-05-06 01:37:28 CHB 1617222?1714930642 第 1 次 获取到号码【1617222】GSD
2024-05-06 01:37:28 未获取到号码【1617222】GSD，可能号码格式错误
2024-05-06 01:37:28 获取到号码【1617222】的GSD为【-】
2024-05-06 01:37:34 GSD insert 第 1 次 等待 3 秒
2024-05-06 01:37:37 {"status":"bad","gid":"683745","msg":"添加失败！号码【1617222(-|-)】已存在！"}
2024-05-06 01:37:37 随机等待 216 秒，约 3 分钟
2024-05-06 01:37:37 下次操作: 2024-05-06 01:41:13

2024-05-06 01:41:13 开始第 7306 次操作

2024-05-06 01:41:13 开始操作号码 【1617223】
2024-05-06 01:41:18 GSD getOne 第 1 次 等待 3 秒
2024-05-06 01:41:21 查询号码 【1617223】，返回信息 {"status":"ok","msg":"-","gid":"683759","time_insert":"2023-04-29 03:11"}
2024-05-06 01:41:21 查询号码 【1617223】，GSD为【"-"】
2024-05-06 01:41:21 ok && -
2024-05-06 01:41:23 CHB 1617223?1714930881 第 1 次 等待 3 秒
2024-05-06 01:41:26 CHB 1617223?1714930881 第 1 次 获取到号码【1617223】GSD
2024-05-06 01:41:26 未获取到号码【1617223】GSD，可能号码格式错误
2024-05-06 01:41:26 获取到号码【1617223】的GSD为【-】
2024-05-06 01:41:32 GSD insert 第 1 次 等待 3 秒
2024-05-06 01:41:35 {"status":"bad","gid":"683759","msg":"添加失败！号码【1617223(-|-)】已存在！"}
2024-05-06 01:41:35 随机等待 76 秒，约 1 分钟
2024-05-06 01:41:35 下次操作: 2024-05-06 01:42:51

2024-05-06 01:42:51 开始第 7307 次操作

2024-05-06 01:42:51 开始操作号码 【1617224】
2024-05-06 01:42:57 GSD getOne 第 1 次 等待 3 秒
2024-05-06 01:43:00 查询号码 【1617224】，返回信息 {"status":"ok","msg":"-","gid":"683790","time_insert":"2023-04-29 03:30"}
2024-05-06 01:43:00 查询号码 【1617224】，GSD为【"-"】
2024-05-06 01:43:00 ok && -
2024-05-06 01:43:02 CHB 1617224?1714930980 第 1 次 等待 3 秒
2024-05-06 01:43:05 CHB 1617224?1714930980 第 1 次 获取到号码【1617224】GSD
2024-05-06 01:43:06 未获取到号码【1617224】GSD，可能号码格式错误
2024-05-06 01:43:06 获取到号码【1617224】的GSD为【-】
2024-05-06 01:43:10 GSD insert 第 1 次 等待 3 秒
2024-05-06 01:43:13 {"status":"bad","gid":"683790","msg":"添加失败！号码【1617224(-|-)】已存在！"}
2024-05-06 01:43:13 随机等待 136 秒，约 2 分钟
2024-05-06 01:43:13 下次操作: 2024-05-06 01:45:29

2024-05-06 01:45:29 开始第 7308 次操作

2024-05-06 01:45:29 开始操作号码 【1617225】
2024-05-06 01:45:35 GSD getOne 第 1 次 等待 3 秒
2024-05-06 01:45:38 查询号码 【1617225】，返回信息 {"status":"ok","msg":"-","gid":"683819","time_insert":"2023-04-29 03:48"}
2024-05-06 01:45:38 查询号码 【1617225】，GSD为【"-"】
2024-05-06 01:45:38 ok && -
2024-05-06 01:45:40 CHB 1617225?1714931138 第 1 次 等待 3 秒
2024-05-06 01:45:43 CHB 1617225?1714931138 第 1 次 获取到号码【1617225】GSD
2024-05-06 01:45:43 未获取到号码【1617225】GSD，可能号码格式错误
2024-05-06 01:45:43 获取到号码【1617225】的GSD为【-】
2024-05-06 01:45:49 GSD insert 第 1 次 等待 3 秒
2024-05-06 01:45:52 {"status":"bad","gid":"683819","msg":"添加失败！号码【1617225(-|-)】已存在！"}

2024-05-06 02:19:50 开始第 7309 次操作

2024-05-06 02:19:50 开始操作号码 【1617226】
2024-05-06 02:19:54 GSD getOne 第 1 次 等待 3 秒
2024-05-06 02:19:57 查询号码 【1617226】，返回信息 {"status":"ok","msg":"-","gid":"683843","time_insert":"2023-04-29 04:03"}
2024-05-06 02:19:57 查询号码 【1617226】，GSD为【"-"】
2024-05-06 02:19:57 ok && -
2024-05-06 02:20:00 CHB 1617226?1714933197 第 1 次 等待 3 秒
2024-05-06 02:20:03 CHB 1617226?1714933197 第 1 次 获取到号码【1617226】GSD
2024-05-06 02:20:03 未获取到号码【1617226】GSD，可能号码格式错误
2024-05-06 02:20:03 获取到号码【1617226】的GSD为【-】
2024-05-06 02:20:12 GSD insert 第 1 次 等待 3 秒
2024-05-06 02:20:15 {"status":"bad","gid":"683843","msg":"添加失败！号码【1617226(-|-)】已存在！"}
2024-05-06 02:20:15 随机等待 144 秒，约 2 分钟
2024-05-06 02:20:15 下次操作: 2024-05-06 02:22:39

2024-05-06 02:22:39 开始第 7310 次操作

2024-05-06 02:22:39 开始操作号码 【1617227】
2024-05-06 02:22:48 GSD getOne 第 1 次 等待 3 秒
2024-05-06 02:22:51 查询号码 【1617227】，返回信息 {"status":"ok","msg":"-","gid":"683869","time_insert":"2023-04-29 04:21"}
2024-05-06 02:22:51 查询号码 【1617227】，GSD为【"-"】
2024-05-06 02:22:51 ok && -
2024-05-06 02:22:54 CHB 1617227?1714933371 第 1 次 等待 3 秒
2024-05-06 02:22:57 CHB 1617227?1714933371 第 1 次 获取到号码【1617227】GSD
2024-05-06 02:22:57 未获取到号码【1617227】GSD，可能号码格式错误
2024-05-06 02:22:57 获取到号码【1617227】的GSD为【-】
2024-05-06 02:23:06 GSD insert 第 1 次 等待 3 秒
2024-05-06 02:23:09 {"status":"bad","gid":"683869","msg":"添加失败！号码【1617227(-|-)】已存在！"}
2024-05-06 02:23:09 随机等待 106 秒，约 1 分钟
2024-05-06 02:23:09 下次操作: 2024-05-06 02:24:55

2024-05-06 02:24:55 开始第 7311 次操作

2024-05-06 02:24:55 开始操作号码 【1617228】
2024-05-06 02:25:00 GSD getOne 第 1 次 等待 3 秒
2024-05-06 02:25:03 查询号码 【1617228】，返回信息 {"status":"ok","msg":"-","gid":"683890","time_insert":"2023-04-29 04:35"}
2024-05-06 02:25:03 查询号码 【1617228】，GSD为【"-"】
2024-05-06 02:25:03 ok && -
2024-05-06 02:25:05 CHB 1617228?1714933503 第 1 次 等待 3 秒
2024-05-06 02:25:08 CHB 1617228?1714933503 第 1 次 获取到号码【1617228】GSD
2024-05-06 02:25:08 未获取到号码【1617228】GSD，可能号码格式错误
2024-05-06 02:25:08 获取到号码【1617228】的GSD为【-】
2024-05-06 02:25:14 GSD insert 第 1 次 等待 3 秒
2024-05-06 02:25:17 {"status":"bad","gid":"683890","msg":"添加失败！号码【1617228(-|-)】已存在！"}
2024-05-06 02:25:17 随机等待 121 秒，约 2 分钟
2024-05-06 02:25:17 下次操作: 2024-05-06 02:27:18

2024-05-06 02:27:18 开始第 7312 次操作

2024-05-06 02:27:18 开始操作号码 【1617229】
2024-05-06 02:27:23 GSD getOne 第 1 次 等待 3 秒
2024-05-06 02:27:26 查询号码 【1617229】，返回信息 {"status":"ok","msg":"-","gid":"683905","time_insert":"2023-04-29 04:43"}
2024-05-06 02:27:26 查询号码 【1617229】，GSD为【"-"】
2024-05-06 02:27:26 ok && -
2024-05-06 02:27:28 CHB 1617229?1714933646 第 1 次 等待 3 秒
2024-05-06 02:27:31 CHB 1617229?1714933646 第 1 次 获取到号码【1617229】GSD
2024-05-06 02:27:31 未获取到号码【1617229】GSD，可能号码格式错误
2024-05-06 02:27:31 获取到号码【1617229】的GSD为【-】
2024-05-06 02:27:36 GSD insert 第 1 次 等待 3 秒
2024-05-06 02:27:39 {"status":"bad","gid":"683905","msg":"添加失败！号码【1617229(-|-)】已存在！"}

