2024-11-15 00:08:48 开始第 5041 次操作

2024-11-15 00:08:48 开始操作号码 【1315040】
2024-11-15 00:08:51 GSD getOne 第 1 次 等待 3 秒
2024-11-15 00:08:54 查询号码 【1315040】，返回信息 {"status":"ok","msg":"新疆-石河子","gid":"233973","time_insert":"2021-07-09 21:30"}
2024-11-15 00:08:54 查询号码 【1315040】，GSD为【"新疆-石河子"】

2024-11-15 00:08:55 开始第 5042 次操作

2024-11-15 00:08:55 开始操作号码 【1315041】
2024-11-15 00:08:56 GSD getOne 第 1 次 等待 3 秒
2024-11-15 00:08:59 查询号码 【1315041】，返回信息 {"status":"ok","msg":"新疆-喀什","gid":"234134","time_insert":"2021-07-09 21:44"}
2024-11-15 00:08:59 查询号码 【1315041】，GSD为【"新疆-喀什"】

2024-11-15 00:09:00 开始第 5043 次操作

2024-11-15 00:09:00 开始操作号码 【1315042】
2024-11-15 00:09:01 GSD getOne 第 1 次 等待 3 秒
2024-11-15 00:09:04 查询号码 【1315042】，返回信息 {"status":"ok","msg":"新疆-阿克苏","gid":"234305","time_insert":"2021-07-09 21:59"}
2024-11-15 00:09:04 查询号码 【1315042】，GSD为【"新疆-阿克苏"】

2024-11-15 00:09:05 开始第 5044 次操作

2024-11-15 00:09:05 开始操作号码 【1315043】
2024-11-15 00:09:06 GSD getOne 第 1 次 等待 3 秒
2024-11-15 00:09:09 查询号码 【1315043】，返回信息 {"status":"ok","msg":"新疆-和田","gid":"234357","time_insert":"2021-07-09 22:09"}
2024-11-15 00:09:09 查询号码 【1315043】，GSD为【"新疆-和田"】

2024-11-15 00:41:59 开始第 5045 次操作

2024-11-15 00:41:59 开始操作号码 【1315044】
2024-11-15 00:42:00 GSD getOne 第 1 次 等待 3 秒
2024-11-15 00:42:03 查询号码 【1315044】，返回信息 {"status":"ok","msg":"新疆-喀什","gid":"234397","time_insert":"2021-07-09 22:20"}
2024-11-15 00:42:03 查询号码 【1315044】，GSD为【"新疆-喀什"】

2024-11-15 00:42:04 开始第 5046 次操作

2024-11-15 00:42:04 开始操作号码 【1315045】
2024-11-15 00:42:05 GSD getOne 第 1 次 等待 3 秒
2024-11-15 00:42:08 查询号码 【1315045】，返回信息 {"status":"ok","msg":"新疆-乌鲁木齐","gid":"234422","time_insert":"2021-07-09 22:31"}
2024-11-15 00:42:08 查询号码 【1315045】，GSD为【"新疆-乌鲁木齐"】

2024-11-15 00:42:09 开始第 5047 次操作

2024-11-15 00:42:09 开始操作号码 【1315046】
2024-11-15 00:42:11 GSD getOne 第 1 次 等待 3 秒
2024-11-15 00:42:14 查询号码 【1315046】，返回信息 {"status":"ok","msg":"新疆-乌鲁木齐","gid":"234530","time_insert":"2021-07-09 22:45"}
2024-11-15 00:42:14 查询号码 【1315046】，GSD为【"新疆-乌鲁木齐"】

2024-11-15 00:42:15 开始第 5048 次操作

2024-11-15 00:42:15 开始操作号码 【1315047】
2024-11-15 00:42:16 GSD getOne 第 1 次 等待 3 秒
2024-11-15 00:42:19 查询号码 【1315047】，返回信息 {"status":"ok","msg":"新疆-乌鲁木齐","gid":"234650","time_insert":"2021-07-09 22:55"}
2024-11-15 00:42:19 查询号码 【1315047】，GSD为【"新疆-乌鲁木齐"】

2024-11-15 01:01:34 开始第 5049 次操作

2024-11-15 01:01:34 开始操作号码 【1315048】
2024-11-15 01:01:35 GSD getOne 第 1 次 等待 3 秒
2024-11-15 01:01:38 查询号码 【1315048】，返回信息 {"status":"ok","msg":"新疆-阿克苏","gid":"234723","time_insert":"2021-07-09 23:06"}
2024-11-15 01:01:38 查询号码 【1315048】，GSD为【"新疆-阿克苏"】

2024-11-15 01:01:39 开始第 5050 次操作

2024-11-15 01:01:39 开始操作号码 【1315049】
2024-11-15 01:01:40 GSD getOne 第 1 次 等待 3 秒
2024-11-15 01:01:43 查询号码 【1315049】，返回信息 {"status":"ok","msg":"新疆-乌鲁木齐","gid":"234774","time_insert":"2021-07-09 23:19"}
2024-11-15 01:01:44 查询号码 【1315049】，GSD为【"新疆-乌鲁木齐"】

2024-11-15 01:01:45 开始第 5051 次操作

2024-11-15 01:01:45 开始操作号码 【1315050】
2024-11-15 01:01:46 GSD getOne 第 1 次 等待 3 秒
2024-11-15 01:01:49 查询号码 【1315050】，返回信息 {"status":"ok","msg":"云南-玉溪","gid":"234795","time_insert":"2021-07-09 23:30"}
2024-11-15 01:01:49 查询号码 【1315050】，GSD为【"云南-玉溪"】

2024-11-15 01:01:50 开始第 5052 次操作

2024-11-15 01:01:50 开始操作号码 【1315051】
2024-11-15 01:01:51 GSD getOne 第 1 次 等待 3 秒
2024-11-15 01:01:54 查询号码 【1315051】，返回信息 {"status":"ok","msg":"云南-玉溪","gid":"234812","time_insert":"2021-07-09 23:41"}
2024-11-15 01:01:54 查询号码 【1315051】，GSD为【"云南-玉溪"】

2024-11-15 01:36:07 开始第 5053 次操作

2024-11-15 01:36:07 开始操作号码 【1315052】
2024-11-15 01:36:09 GSD getOne 第 1 次 等待 3 秒
2024-11-15 01:36:12 查询号码 【1315052】，返回信息 {"status":"ok","msg":"云南-玉溪","gid":"234882","time_insert":"2021-07-09 23:52"}
2024-11-15 01:36:12 查询号码 【1315052】，GSD为【"云南-玉溪"】

2024-11-15 01:36:13 开始第 5054 次操作

2024-11-15 01:36:13 开始操作号码 【1315053】
2024-11-15 01:36:14 GSD getOne 第 1 次 等待 3 秒
2024-11-15 01:36:17 查询号码 【1315053】，返回信息 {"status":"ok","msg":"云南-曲靖","gid":"49821","time_insert":"2021-04-21 14:19"}
2024-11-15 01:36:17 查询号码 【1315053】，GSD为【"云南-曲靖"】

2024-11-15 01:36:18 开始第 5055 次操作

2024-11-15 01:36:18 开始操作号码 【1315054】
2024-11-15 01:36:19 GSD getOne 第 1 次 等待 3 秒
2024-11-15 01:36:22 查询号码 【1315054】，返回信息 {"status":"ok","msg":"云南-曲靖","gid":"235062","time_insert":"2021-07-10 00:06"}
2024-11-15 01:36:22 查询号码 【1315054】，GSD为【"云南-曲靖"】

2024-11-15 01:36:23 开始第 5056 次操作

2024-11-15 01:36:23 开始操作号码 【1315055】
2024-11-15 01:36:24 GSD getOne 第 1 次 等待 3 秒
2024-11-15 01:36:27 查询号码 【1315055】，返回信息 {"status":"ok","msg":"云南-曲靖","gid":"1375","time_insert":"2019-11-15 11:24","time_update":"2020-11-24 21:29"}
2024-11-15 01:36:27 查询号码 【1315055】，GSD为【"云南-曲靖"】

