2024-10-31 00:08:34 开始第 2361 次操作

2024-10-31 00:08:34 开始操作号码 【1312360】
2024-10-31 00:08:36 GSD getOne 第 1 次 等待 3 秒
2024-10-31 00:08:39 查询号码 【1312360】，返回信息 {"status":"ok","msg":"贵州-贵阳","gid":"85149","time_insert":"2021-06-07 22:41"}
2024-10-31 00:08:39 查询号码 【1312360】，GSD为【"贵州-贵阳"】

2024-10-31 00:08:40 开始第 2362 次操作

2024-10-31 00:08:40 开始操作号码 【1312361】
2024-10-31 00:08:42 GSD getOne 第 1 次 等待 3 秒
2024-10-31 00:08:45 查询号码 【1312361】，返回信息 {"status":"ok","msg":"贵州-贵阳","gid":"85176","time_insert":"2021-06-07 23:04"}
2024-10-31 00:08:45 查询号码 【1312361】，GSD为【"贵州-贵阳"】

2024-10-31 00:08:46 开始第 2363 次操作

2024-10-31 00:08:46 开始操作号码 【1312362】
2024-10-31 00:08:48 GSD getOne 第 1 次 等待 3 秒
2024-10-31 00:08:51 查询号码 【1312362】，返回信息 {"status":"ok","msg":"贵州-遵义","gid":"1264","time_insert":"2019-05-20 18:57","time_update":"2020-11-17 11:46"}
2024-10-31 00:08:51 查询号码 【1312362】，GSD为【"贵州-遵义"】

2024-10-31 00:08:52 开始第 2364 次操作

2024-10-31 00:08:52 开始操作号码 【1312363】
2024-10-31 00:08:53 GSD getOne 第 1 次 等待 3 秒
2024-10-31 00:08:56 查询号码 【1312363】，返回信息 {"status":"ok","msg":"贵州-安顺","gid":"85207","time_insert":"2021-06-07 23:33"}
2024-10-31 00:08:56 查询号码 【1312363】，GSD为【"贵州-安顺"】

