2024-07-06 00:22:00 开始第 4417 次操作

2024-07-06 00:22:00 开始操作号码 【1504326】
2024-07-06 00:22:09 GSD getOne 第 1 次 等待 3 秒
2024-07-06 00:22:12 查询号码 【1504326】，返回信息 {"status":"ok","msg":"吉林-吉林","gid":"255440","time_insert":"2021-07-12 09:57"}
2024-07-06 00:22:12 查询号码 【1504326】，GSD为【"吉林-吉林"】

2024-07-06 00:22:13 开始第 4418 次操作

2024-07-06 00:22:13 开始操作号码 【1504327】
2024-07-06 00:22:23 GSD getOne 第 1 次 等待 3 秒
2024-07-06 00:22:26 查询号码 【1504327】，返回信息 {"status":"ok","msg":"吉林-吉林","gid":"255482","time_insert":"2021-07-12 10:11"}
2024-07-06 00:22:26 查询号码 【1504327】，GSD为【"吉林-吉林"】

2024-07-06 00:22:27 开始第 4419 次操作

2024-07-06 00:22:27 开始操作号码 【1504328】
2024-07-06 00:22:43 GSD getOne 第 1 次 等待 3 秒
2024-07-06 00:22:46 查询号码 【1504328】，返回信息 {"status":"ok","msg":"吉林-吉林","gid":"255504","time_insert":"2021-07-12 10:21"}
2024-07-06 00:22:46 查询号码 【1504328】，GSD为【"吉林-吉林"】

2024-07-06 00:22:47 开始第 4420 次操作

2024-07-06 00:22:47 开始操作号码 【1504329】
2024-07-06 00:22:58 GSD getOne 第 1 次 等待 3 秒
2024-07-06 00:23:01 查询号码 【1504329】，返回信息 {"status":"ok","msg":"吉林-吉林","gid":"15607","time_insert":"2018-03-15 11:55","time_update":"2020-08-21 13:41"}
2024-07-06 00:23:01 查询号码 【1504329】，GSD为【"吉林-吉林"】

2024-07-06 00:40:24 开始第 4421 次操作

2024-07-06 00:40:24 开始操作号码 【1504330】
2024-07-06 00:40:35 GSD getOne 第 1 次 等待 3 秒
2024-07-06 00:40:38 查询号码 【1504330】，返回信息 {"status":"ok","msg":"吉林-延边","gid":"255526","time_insert":"2021-07-12 10:35"}
2024-07-06 00:40:38 查询号码 【1504330】，GSD为【"吉林-延边"】

2024-07-06 00:40:39 开始第 4422 次操作

2024-07-06 00:40:39 开始操作号码 【1504331】
2024-07-06 00:40:47 GSD getOne 第 1 次 等待 3 秒
2024-07-06 00:40:50 查询号码 【1504331】，返回信息 {"status":"ok","msg":"吉林-延边","gid":"255603","time_insert":"2021-07-12 10:48"}
2024-07-06 00:40:50 查询号码 【1504331】，GSD为【"吉林-延边"】

2024-07-06 00:40:51 开始第 4423 次操作

2024-07-06 00:40:51 开始操作号码 【1504332】
2024-07-06 00:40:59 GSD getOne 第 1 次 等待 3 秒
2024-07-06 00:41:02 查询号码 【1504332】，返回信息 {"status":"ok","msg":"吉林-延边","gid":"255758","time_insert":"2021-07-12 10:58"}
2024-07-06 00:41:02 查询号码 【1504332】，GSD为【"吉林-延边"】

2024-07-06 00:41:03 开始第 4424 次操作

2024-07-06 00:41:03 开始操作号码 【1504333】
2024-07-06 00:41:12 GSD getOne 第 1 次 等待 3 秒
2024-07-06 00:41:15 查询号码 【1504333】，返回信息 {"status":"ok","msg":"吉林-延边","gid":"255855","time_insert":"2021-07-12 11:09"}
2024-07-06 00:41:15 查询号码 【1504333】，GSD为【"吉林-延边"】

