2023-11-21 00:22:05 开始第 9625 次操作

2023-11-21 00:22:05 开始操作号码 【1939543】
2023-11-21 00:22:10 GSD getOne 第 1 次 等待 3 秒
2023-11-21 00:22:13 查询号码 【1939543】，返回信息 {"status":"ok","msg":"甘肃-武威","gid":"436630","time_insert":"2021-07-29 19:43"}
2023-11-21 00:22:13 查询号码 【1939543】，GSD为【"甘肃-武威"】

2023-11-21 00:22:14 开始第 9626 次操作

2023-11-21 00:22:14 开始操作号码 【1939544】
2023-11-21 00:22:17 GSD getOne 第 1 次 等待 3 秒
2023-11-21 00:22:20 查询号码 【1939544】，返回信息 {"status":"ok","msg":"甘肃-天水","gid":"436617","time_insert":"2021-07-29 19:42"}
2023-11-21 00:22:20 查询号码 【1939544】，GSD为【"甘肃-天水"】

2023-11-21 00:22:21 开始第 9627 次操作

2023-11-21 00:22:21 开始操作号码 【1939545】
2023-11-21 00:22:25 GSD getOne 第 1 次 等待 3 秒
2023-11-21 00:22:28 查询号码 【1939545】，返回信息 {"status":"ok","msg":"甘肃-天水","gid":"436605","time_insert":"2021-07-29 19:41"}
2023-11-21 00:22:28 查询号码 【1939545】，GSD为【"甘肃-天水"】

2023-11-21 00:22:29 开始第 9628 次操作

2023-11-21 00:22:29 开始操作号码 【1939546】
2023-11-21 00:22:35 GSD getOne 第 1 次 等待 3 秒
2023-11-21 00:22:38 查询号码 【1939546】，返回信息 {"status":"ok","msg":"甘肃-天水","gid":"436589","time_insert":"2021-07-29 19:40"}
2023-11-21 00:22:38 查询号码 【1939546】，GSD为【"甘肃-天水"】

