2021-07-27 00:00:05 开始第 2 次操作

2021-07-27 00:00:05 开始操作号码 【1827548】
2021-07-27 00:00:08 GSD getOne 第 1 次 等待 3 秒
2021-07-27 00:00:11 查询号码 【1827548】，返回信息 {"status":"ok","msg":"贵州-遵义","gid":"35944","time_insert":"2018-05-18 23:04","time_update":"2020-11-22 07:55"}
2021-07-27 00:00:11 查询号码 【1827548】，GSD为【"贵州-遵义"】

2021-07-27 00:00:11 开始第 2 次操作

2021-07-27 00:00:11 开始操作号码 【1827547】
2021-07-27 00:00:29 GSD getOne 第 1 次 等待 3 秒
2021-07-27 00:00:32 查询号码 【1827547】，返回信息 {"status":"ok","msg":"贵州-遵义","gid":"35943","time_insert":"2018-08-10 08:26","time_update":"2020-11-22 07:50"}
2021-07-27 00:00:33 查询号码 【1827547】，GSD为【"贵州-遵义"】

2021-07-27 00:00:33 开始第 2 次操作

2021-07-27 00:00:33 开始操作号码 【1827546】
2021-07-27 00:00:51 GSD getOne 第 1 次 等待 3 秒
2021-07-27 00:00:54 查询号码 【1827546】，返回信息 {"status":"ok","msg":"贵州-遵义","gid":"35942","time_insert":"2017-05-30 10:52","time_update":"2020-11-22 07:47"}
2021-07-27 00:00:54 查询号码 【1827546】，GSD为【"贵州-遵义"】

2021-07-27 00:00:54 开始第 2 次操作

2021-07-27 00:00:54 开始操作号码 【1827545】
2021-07-27 00:01:16 GSD getOne 第 1 次 等待 3 秒
2021-07-27 00:01:19 查询号码 【1827545】，返回信息 {"status":"ok","msg":"贵州-遵义","gid":"35941","time_insert":"2016-04-12 16:44","time_update":"2020-11-22 07:44"}
2021-07-27 00:01:19 查询号码 【1827545】，GSD为【"贵州-遵义"】

2021-07-27 00:01:19 开始第 2 次操作

2021-07-27 00:01:19 开始操作号码 【1827544】
2021-07-27 00:01:37 GSD getOne 第 1 次 等待 3 秒
2021-07-27 00:01:40 查询号码 【1827544】，返回信息 {"status":"ok","msg":"贵州-遵义","gid":"35940","time_insert":"2017-04-06 20:14","time_update":"2020-11-22 07:40"}
2021-07-27 00:01:40 查询号码 【1827544】，GSD为【"贵州-遵义"】

2021-07-27 00:01:40 开始第 2 次操作

2021-07-27 00:01:40 开始操作号码 【1827543】
2021-07-27 00:02:00 GSD getOne 第 1 次 等待 3 秒
2021-07-27 00:02:03 查询号码 【1827543】，返回信息 {"status":"ok","msg":"贵州-遵义","gid":"35939","time_insert":"2017-05-10 16:05","time_update":"2020-11-22 07:35"}
2021-07-27 00:02:04 查询号码 【1827543】，GSD为【"贵州-遵义"】

2021-07-27 00:02:04 开始第 2 次操作

2021-07-27 00:02:04 开始操作号码 【1827542】
2021-07-27 00:02:21 GSD getOne 第 1 次 等待 3 秒
2021-07-27 00:02:25 查询号码 【1827542】，返回信息 {"status":"bad","msg":""}
2021-07-27 00:02:25 查询号码 【1827542】，GSD为【""】
2021-07-27 00:02:25 bad
2021-07-27 00:02:30 CHB 1827542?1627315345 第 1 次 等待 3 秒
2021-07-27 00:02:33 CHB 1827542?1627315345 第 1 次 获取到号码【1827542】GSD
2021-07-27 00:02:33 获取到号码【1827542】的GSD为【贵州-遵义】
2021-07-27 00:02:47 GSD insert 第 1 次 等待 3 秒
2021-07-27 00:02:50 {"status":"ok","gid":407087,"msg":"添加成功！"}
2021-07-27 00:02:50 下次操作: 2021-07-27 00:03:13

2021-07-27 00:03:13 开始第 3 次操作

2021-07-27 00:03:13 开始操作号码 【1827541】
2021-07-27 00:03:16 GSD getOne 第 1 次 等待 3 秒
2021-07-27 00:03:19 查询号码 【1827541】，返回信息 {"status":"bad","msg":""}
2021-07-27 00:03:19 查询号码 【1827541】，GSD为【""】
2021-07-27 00:03:19 bad
2021-07-27 00:03:20 CHB 1827541?1627315399 第 1 次 等待 3 秒
2021-07-27 00:03:23 CHB 1827541?1627315399 第 1 次 获取到号码【1827541】GSD
2021-07-27 00:03:23 获取到号码【1827541】的GSD为【贵州-遵义】
2021-07-27 00:03:41 GSD insert 第 1 次 等待 3 秒
2021-07-27 00:03:44 {"status":"ok","gid":407105,"msg":"添加成功！"}
2021-07-27 00:03:44 下次操作: 2021-07-27 00:04:04

2021-07-27 00:04:05 开始第 4 次操作

2021-07-27 00:04:05 开始操作号码 【1827540】
2021-07-27 00:04:07 GSD getOne 第 1 次 等待 3 秒
2021-07-27 00:04:10 查询号码 【1827540】，返回信息 {"status":"ok","msg":"贵州-遵义","gid":"35938","time_insert":"2020-04-14 13:29","time_update":"2021-01-21 19:03"}
2021-07-27 00:04:10 查询号码 【1827540】，GSD为【"贵州-遵义"】

2021-07-27 00:04:10 开始第 4 次操作

2021-07-27 00:04:10 开始操作号码 【1827539】
2021-07-27 00:04:29 GSD getOne 第 1 次 等待 3 秒
2021-07-27 00:04:32 查询号码 【1827539】，返回信息 {"status":"bad","msg":""}
2021-07-27 00:04:32 查询号码 【1827539】，GSD为【""】
2021-07-27 00:04:32 bad
2021-07-27 00:04:34 CHB 1827539?1627315472 第 1 次 等待 3 秒
2021-07-27 00:04:37 CHB 1827539?1627315472 第 1 次 获取到号码【1827539】GSD
2021-07-27 00:04:37 获取到号码【1827539】的GSD为【贵州-贵阳】
2021-07-27 00:04:55 GSD insert 第 1 次 等待 3 秒
2021-07-27 00:04:58 {"status":"ok","gid":407127,"msg":"添加成功！"}
2021-07-27 00:04:58 下次操作: 2021-07-27 00:05:15

2021-07-27 00:05:15 开始第 5 次操作

2021-07-27 00:05:15 开始操作号码 【1827538】
2021-07-27 00:05:18 GSD getOne 第 1 次 等待 3 秒
2021-07-27 00:05:21 查询号码 【1827538】，返回信息 {"status":"ok","msg":"贵州-贵阳","gid":"35937","time_insert":"2017-04-20 09:02","time_update":"2020-11-22 07:32"}
2021-07-27 00:05:21 查询号码 【1827538】，GSD为【"贵州-贵阳"】

2021-07-27 00:05:21 开始第 5 次操作

2021-07-27 00:05:21 开始操作号码 【1827537】
2021-07-27 00:05:39 GSD getOne 第 1 次 等待 3 秒
2021-07-27 00:05:42 查询号码 【1827537】，返回信息 {"status":"bad","msg":""}
2021-07-27 00:05:42 查询号码 【1827537】，GSD为【""】
2021-07-27 00:05:42 bad
2021-07-27 00:05:43 CHB 1827537?1627315542 第 1 次 等待 3 秒
2021-07-27 00:05:46 CHB 1827537?1627315542 第 1 次 获取到号码【1827537】GSD
2021-07-27 00:05:47 获取到号码【1827537】的GSD为【贵州-贵阳】
2021-07-27 00:06:04 GSD insert 第 1 次 等待 3 秒
2021-07-27 00:06:07 {"status":"ok","gid":407146,"msg":"添加成功！"}
2021-07-27 00:06:07 下次操作: 2021-07-27 00:06:31

2021-07-27 00:06:32 开始第 6 次操作

2021-07-27 00:06:32 开始操作号码 【1827536】
2021-07-27 00:06:35 GSD getOne 第 1 次 等待 3 秒
2021-07-27 00:06:38 查询号码 【1827536】，返回信息 {"status":"ok","msg":"贵州-贵阳","gid":"35936","time_insert":"2018-06-03 17:02","time_update":"2020-11-22 07:28"}
2021-07-27 00:06:38 查询号码 【1827536】，GSD为【"贵州-贵阳"】

2021-07-27 00:06:38 开始第 6 次操作

2021-07-27 00:06:38 开始操作号码 【1827535】
2021-07-27 00:06:57 GSD getOne 第 1 次 等待 3 秒
2021-07-27 00:07:00 查询号码 【1827535】，返回信息 {"status":"ok","msg":"贵州-贵阳","gid":"35935","time_insert":"2018-11-12 20:37","time_update":"2020-11-22 07:24"}
2021-07-27 00:07:00 查询号码 【1827535】，GSD为【"贵州-贵阳"】

2021-07-27 00:07:00 开始第 6 次操作

2021-07-27 00:07:00 开始操作号码 【1827534】
2021-07-27 00:07:18 GSD getOne 第 1 次 等待 3 秒
2021-07-27 00:07:21 查询号码 【1827534】，返回信息 {"status":"ok","msg":"贵州-贵阳","gid":"35934","time_insert":"2014-08-06 10:52","time_update":"2020-11-22 07:19"}
2021-07-27 00:07:21 查询号码 【1827534】，GSD为【"贵州-贵阳"】

2021-07-27 00:07:21 开始第 6 次操作

2021-07-27 00:07:21 开始操作号码 【1827533】
2021-07-27 00:07:39 GSD getOne 第 1 次 等待 3 秒
2021-07-27 00:07:42 查询号码 【1827533】，返回信息 {"status":"bad","msg":""}
2021-07-27 00:07:42 查询号码 【1827533】，GSD为【""】
2021-07-27 00:07:42 bad
2021-07-27 00:07:44 CHB 1827533?1627315662 第 1 次 等待 3 秒
2021-07-27 00:07:47 CHB 1827533?1627315662 第 1 次 获取到号码【1827533】GSD
2021-07-27 00:07:47 获取到号码【1827533】的GSD为【贵州-贵阳】
2021-07-27 00:08:06 GSD insert 第 1 次 等待 3 秒
2021-07-27 00:08:09 {"status":"ok","gid":407179,"msg":"添加成功！"}
2021-07-27 00:08:09 下次操作: 2021-07-27 00:08:29

2021-07-27 00:08:29 开始第 7 次操作

2021-07-27 00:08:29 开始操作号码 【1827532】
2021-07-27 00:08:31 GSD getOne 第 1 次 等待 3 秒
2021-07-27 00:08:34 查询号码 【1827532】，返回信息 {"status":"bad","msg":""}
2021-07-27 00:08:35 查询号码 【1827532】，GSD为【""】
2021-07-27 00:08:35 bad
2021-07-27 00:08:36 CHB 1827532?1627315715 第 1 次 等待 3 秒
2021-07-27 00:08:39 CHB 1827532?1627315715 第 1 次 获取到号码【1827532】GSD
2021-07-27 00:08:39 获取到号码【1827532】的GSD为【贵州-贵阳】
2021-07-27 00:08:58 GSD insert 第 1 次 等待 3 秒
2021-07-27 00:09:01 {"status":"ok","gid":407191,"msg":"添加成功！"}
2021-07-27 00:09:01 下次操作: 2021-07-27 00:09:13

2021-07-27 00:09:13 开始第 8 次操作

2021-07-27 00:09:13 开始操作号码 【1827531】
2021-07-27 00:09:16 GSD getOne 第 1 次 等待 3 秒
2021-07-27 00:09:19 查询号码 【1827531】，返回信息 {"status":"bad","msg":""}
2021-07-27 00:09:20 查询号码 【1827531】，GSD为【""】
2021-07-27 00:09:20 bad
2021-07-27 00:09:21 CHB 1827531?1627315760 第 1 次 等待 3 秒
2021-07-27 00:09:24 CHB 1827531?1627315760 第 1 次 获取到号码【1827531】GSD
2021-07-27 00:09:24 获取到号码【1827531】的GSD为【贵州-贵阳】
2021-07-27 00:09:42 GSD insert 第 1 次 等待 3 秒
2021-07-27 00:09:45 {"status":"ok","gid":407203,"msg":"添加成功！"}
2021-07-27 00:09:45 下次操作: 2021-07-27 00:10:01

2021-07-27 00:10:01 开始第 9 次操作

2021-07-27 00:10:01 开始操作号码 【1827530】
2021-07-27 00:10:04 GSD getOne 第 1 次 等待 3 秒
2021-07-27 00:10:07 查询号码 【1827530】，返回信息 {"status":"ok","msg":"贵州-贵阳","gid":"35933","time_insert":"2019-01-26 23:55","time_update":"2020-11-22 07:15"}
2021-07-27 00:10:07 查询号码 【1827530】，GSD为【"贵州-贵阳"】

2021-07-27 00:10:07 开始第 9 次操作

2021-07-27 00:10:07 开始操作号码 【1827529】
2021-07-27 00:10:26 GSD getOne 第 1 次 等待 3 秒
2021-07-27 00:10:29 查询号码 【1827529】，返回信息 {"status":"ok","msg":"贵州-贵阳","gid":"35932","time_insert":"2017-08-12 03:50","time_update":"2020-11-22 07:11"}
2021-07-27 00:10:29 查询号码 【1827529】，GSD为【"贵州-贵阳"】

2021-07-27 00:10:29 开始第 9 次操作

2021-07-27 00:10:29 开始操作号码 【1827528】
2021-07-27 00:10:47 GSD getOne 第 1 次 等待 3 秒
2021-07-27 00:10:50 查询号码 【1827528】，返回信息 {"status":"ok","msg":"贵州-贵阳","gid":"35931","time_insert":"2018-09-19 10:06","time_update":"2020-11-22 07:11"}
2021-07-27 00:10:50 查询号码 【1827528】，GSD为【"贵州-贵阳"】

2021-07-27 00:10:50 开始第 9 次操作

2021-07-27 00:10:50 开始操作号码 【1827527】
2021-07-27 00:11:08 GSD getOne 第 1 次 等待 3 秒
2021-07-27 00:11:11 查询号码 【1827527】，返回信息 {"status":"ok","msg":"贵州-贵阳","gid":"35930","time_insert":"2014-06-02 14:00","time_update":"2020-11-22 07:06"}
2021-07-27 00:11:11 查询号码 【1827527】，GSD为【"贵州-贵阳"】

2021-07-27 00:11:11 开始第 9 次操作

2021-07-27 00:11:11 开始操作号码 【1827526】
2021-07-27 00:11:45 GSD getOne 第 1 次 等待 3 秒
2021-07-27 00:11:48 查询号码 【1827526】，返回信息 {"status":"ok","msg":"贵州-贵阳","gid":"35929","time_insert":"2017-11-14 01:06","time_update":"2020-11-22 07:02"}
2021-07-27 00:11:48 查询号码 【1827526】，GSD为【"贵州-贵阳"】

2021-07-27 00:11:48 开始第 9 次操作

2021-07-27 00:11:48 开始操作号码 【1827525】
2021-07-27 00:12:07 GSD getOne 第 1 次 等待 3 秒
2021-07-27 00:12:10 查询号码 【1827525】，返回信息 {"status":"bad","msg":""}
2021-07-27 00:12:11 查询号码 【1827525】，GSD为【""】
2021-07-27 00:12:11 bad
2021-07-27 00:12:12 CHB 1827525?1627315931 第 1 次 等待 3 秒
2021-07-27 00:12:15 CHB 1827525?1627315931 第 1 次 获取到号码【1827525】GSD
2021-07-27 00:12:15 获取到号码【1827525】的GSD为【贵州-贵阳】
2021-07-27 00:12:37 GSD insert 第 1 次 等待 3 秒
2021-07-27 00:12:40 {"status":"ok","gid":407242,"msg":"添加成功！"}
2021-07-27 00:12:40 下次操作: 2021-07-27 00:12:59

2021-07-27 00:12:59 开始第 10 次操作

2021-07-27 00:12:59 开始操作号码 【1827524】
2021-07-27 00:13:02 GSD getOne 第 1 次 等待 3 秒
2021-07-27 00:13:05 查询号码 【1827524】，返回信息 {"status":"ok","msg":"贵州-贵阳","gid":"35928","time_insert":"2018-10-06 20:46","time_update":"2020-11-22 06:57"}
2021-07-27 00:13:05 查询号码 【1827524】，GSD为【"贵州-贵阳"】

2021-07-27 00:13:05 开始第 10 次操作

2021-07-27 00:13:05 开始操作号码 【1827523】
2021-07-27 00:13:29 GSD getOne 第 1 次 等待 3 秒
2021-07-27 00:13:32 查询号码 【1827523】，返回信息 {"status":"ok","msg":"贵州-贵阳","gid":"35927","time_insert":"2017-07-30 18:06","time_update":"2020-11-22 06:54"}
2021-07-27 00:13:32 查询号码 【1827523】，GSD为【"贵州-贵阳"】

2021-07-27 00:13:32 开始第 10 次操作

2021-07-27 00:13:32 开始操作号码 【1827522】
2021-07-27 00:13:51 GSD getOne 第 1 次 等待 3 秒
2021-07-27 00:13:54 查询号码 【1827522】，返回信息 {"status":"ok","msg":"贵州-贵阳","gid":"35926","time_insert":"2020-08-05 10:31","time_update":"2020-11-22 06:50"}
2021-07-27 00:13:54 查询号码 【1827522】，GSD为【"贵州-贵阳"】

2021-07-27 00:13:54 开始第 10 次操作

2021-07-27 00:13:54 开始操作号码 【1827521】
2021-07-27 00:14:16 GSD getOne 第 1 次 等待 3 秒
2021-07-27 00:14:19 查询号码 【1827521】，返回信息 {"status":"ok","msg":"贵州-贵阳","gid":"35925","time_insert":"2019-11-07 13:57","time_update":"2020-11-22 06:47"}
2021-07-27 00:14:19 查询号码 【1827521】，GSD为【"贵州-贵阳"】

2021-07-27 00:14:19 开始第 10 次操作

2021-07-27 00:14:19 开始操作号码 【1827520】
2021-07-27 00:14:40 GSD getOne 第 1 次 等待 3 秒
2021-07-27 00:14:43 查询号码 【1827520】，返回信息 {"status":"ok","msg":"贵州-贵阳","gid":"35924","time_insert":"2019-02-15 10:04","time_update":"2020-11-22 06:43"}
2021-07-27 00:14:43 查询号码 【1827520】，GSD为【"贵州-贵阳"】

2021-07-27 00:14:43 开始第 10 次操作

2021-07-27 00:14:43 开始操作号码 【1827519】
2021-07-27 00:15:01 GSD getOne 第 1 次 等待 3 秒
2021-07-27 00:15:04 查询号码 【1827519】，返回信息 {"status":"bad","msg":""}
2021-07-27 00:15:04 查询号码 【1827519】，GSD为【""】
2021-07-27 00:15:04 bad
2021-07-27 00:15:10 CHB 1827519?1627316104 第 1 次 等待 3 秒
2021-07-27 00:15:13 CHB 1827519?1627316104 第 1 次 获取到号码【1827519】GSD
2021-07-27 00:15:14 获取到号码【1827519】的GSD为【贵州-贵阳】
2021-07-27 00:15:25 GSD insert 第 1 次 等待 3 秒
2021-07-27 00:15:28 {"status":"ok","gid":407262,"msg":"添加成功！"}
2021-07-27 00:15:28 下次操作: 2021-07-27 00:15:42

2021-07-27 00:15:42 开始第 11 次操作

2021-07-27 00:15:43 开始操作号码 【1827518】
2021-07-27 00:15:46 GSD getOne 第 1 次 等待 3 秒
2021-07-27 00:15:49 查询号码 【1827518】，返回信息 {"status":"bad","msg":""}
2021-07-27 00:15:49 查询号码 【1827518】，GSD为【""】
2021-07-27 00:15:49 bad
2021-07-27 00:15:51 CHB 1827518?1627316149 第 1 次 等待 3 秒
2021-07-27 00:15:54 CHB 1827518?1627316149 第 1 次 获取到号码【1827518】GSD
2021-07-27 00:15:54 获取到号码【1827518】的GSD为【贵州-贵阳】
2021-07-27 00:16:12 GSD insert 第 1 次 等待 3 秒
2021-07-27 00:16:15 {"status":"ok","gid":407267,"msg":"添加成功！"}
2021-07-27 00:16:15 下次操作: 2021-07-27 00:16:38

2021-07-27 00:16:38 开始第 12 次操作

2021-07-27 00:16:38 开始操作号码 【1827517】
2021-07-27 00:16:40 GSD getOne 第 1 次 等待 3 秒
2021-07-27 00:16:43 查询号码 【1827517】，返回信息 {"status":"bad","msg":""}
2021-07-27 00:16:44 查询号码 【1827517】，GSD为【""】
2021-07-27 00:16:44 bad
2021-07-27 00:16:45 CHB 1827517?1627316204 第 1 次 等待 3 秒
2021-07-27 00:16:48 CHB 1827517?1627316204 第 1 次 获取到号码【1827517】GSD
2021-07-27 00:16:48 获取到号码【1827517】的GSD为【贵州-贵阳】
2021-07-27 00:17:11 GSD insert 第 1 次 等待 3 秒
2021-07-27 00:17:14 {"status":"ok","gid":407273,"msg":"添加成功！"}
2021-07-27 00:17:14 下次操作: 2021-07-27 00:17:38

2021-07-27 00:17:38 开始第 13 次操作

2021-07-27 00:17:38 开始操作号码 【1827516】
2021-07-27 00:17:40 GSD getOne 第 1 次 等待 3 秒
2021-07-27 00:17:43 查询号码 【1827516】，返回信息 {"status":"bad","msg":""}
2021-07-27 00:17:44 查询号码 【1827516】，GSD为【""】
2021-07-27 00:17:44 bad
2021-07-27 00:17:45 CHB 1827516?1627316264 第 1 次 等待 3 秒
2021-07-27 00:17:48 CHB 1827516?1627316264 第 1 次 获取到号码【1827516】GSD
2021-07-27 00:17:48 获取到号码【1827516】的GSD为【贵州-贵阳】
2021-07-27 00:18:08 GSD insert 第 1 次 等待 3 秒
2021-07-27 00:18:11 {"status":"ok","gid":407278,"msg":"添加成功！"}
2021-07-27 00:18:11 下次操作: 2021-07-27 00:18:25

2021-07-27 00:18:25 开始第 14 次操作

2021-07-27 00:18:25 开始操作号码 【1827515】
2021-07-27 00:18:28 GSD getOne 第 1 次 等待 3 秒
2021-07-27 00:18:31 查询号码 【1827515】，返回信息 {"status":"ok","msg":"贵州-贵阳","gid":"35923","time_insert":"2018-07-18 08:49","time_update":"2020-11-22 06:39"}
2021-07-27 00:18:31 查询号码 【1827515】，GSD为【"贵州-贵阳"】

2021-07-27 00:18:31 开始第 14 次操作

2021-07-27 00:18:31 开始操作号码 【1827514】
2021-07-27 00:18:49 GSD getOne 第 1 次 等待 3 秒
2021-07-27 00:18:52 查询号码 【1827514】，返回信息 {"status":"ok","msg":"贵州-贵阳","gid":"35922","time_insert":"2018-07-23 17:15","time_update":"2020-11-22 06:35"}
2021-07-27 00:18:52 查询号码 【1827514】，GSD为【"贵州-贵阳"】

2021-07-27 00:18:52 开始第 14 次操作

2021-07-27 00:18:52 开始操作号码 【1827513】
2021-07-27 00:19:14 GSD getOne 第 1 次 等待 3 秒
2021-07-27 00:19:17 查询号码 【1827513】，返回信息 {"status":"bad","msg":""}
2021-07-27 00:19:17 查询号码 【1827513】，GSD为【""】
2021-07-27 00:19:17 bad
2021-07-27 00:19:19 CHB 1827513?1627316357 第 1 次 等待 3 秒
2021-07-27 00:19:22 CHB 1827513?1627316357 第 1 次 获取到号码【1827513】GSD
2021-07-27 00:19:22 获取到号码【1827513】的GSD为【贵州-贵阳】
2021-07-27 00:19:40 GSD insert 第 1 次 等待 3 秒
2021-07-27 00:19:43 {"status":"ok","gid":407285,"msg":"添加成功！"}
2021-07-27 00:19:43 下次操作: 2021-07-27 00:20:05

2021-07-27 00:20:05 开始第 15 次操作

2021-07-27 00:20:05 开始操作号码 【1827512】
2021-07-27 00:20:09 GSD getOne 第 1 次 等待 3 秒
2021-07-27 00:20:12 查询号码 【1827512】，返回信息 {"status":"ok","msg":"贵州-贵阳","gid":"35921","time_insert":"2020-04-13 15:55","time_update":"2020-11-22 06:31"}
2021-07-27 00:20:12 查询号码 【1827512】，GSD为【"贵州-贵阳"】

2021-07-27 00:20:12 开始第 15 次操作

2021-07-27 00:20:12 开始操作号码 【1827511】
2021-07-27 00:20:38 GSD getOne 第 1 次 等待 3 秒
2021-07-27 00:20:41 查询号码 【1827511】，返回信息 {"status":"ok","msg":"贵州-贵阳","gid":"35920","time_insert":"2017-07-20 14:54","time_update":"2020-11-22 06:27"}
2021-07-27 00:20:41 查询号码 【1827511】，GSD为【"贵州-贵阳"】

2021-07-27 00:20:41 开始第 15 次操作

2021-07-27 00:20:41 开始操作号码 【1827510】
2021-07-27 00:21:00 GSD getOne 第 1 次 等待 3 秒
2021-07-27 00:21:03 查询号码 【1827510】，返回信息 {"status":"ok","msg":"贵州-贵阳","gid":"35919","time_insert":"2018-01-19 09:15","time_update":"2020-11-22 06:23"}
2021-07-27 00:21:03 查询号码 【1827510】，GSD为【"贵州-贵阳"】

2021-07-27 00:21:03 开始第 15 次操作

2021-07-27 00:21:03 开始操作号码 【1827509】
2021-07-27 00:21:21 GSD getOne 第 1 次 等待 3 秒
2021-07-27 00:21:24 查询号码 【1827509】，返回信息 {"status":"bad","msg":""}
2021-07-27 00:21:24 查询号码 【1827509】，GSD为【""】
2021-07-27 00:21:24 bad
2021-07-27 00:21:25 CHB 1827509?1627316484 第 1 次 等待 3 秒
2021-07-27 00:21:28 CHB 1827509?1627316484 第 1 次 获取到号码【1827509】GSD
2021-07-27 00:21:28 获取到号码【1827509】的GSD为【贵州-贵阳】
2021-07-27 00:21:47 GSD insert 第 1 次 等待 3 秒
2021-07-27 00:21:50 {"status":"ok","gid":407293,"msg":"添加成功！"}
2021-07-27 00:21:50 下次操作: 2021-07-27 00:22:11

2021-07-27 00:22:11 开始第 16 次操作

2021-07-27 00:22:11 开始操作号码 【1827508】
2021-07-27 00:22:14 GSD getOne 第 1 次 等待 3 秒
2021-07-27 00:22:17 查询号码 【1827508】，返回信息 {"status":"bad","msg":""}
2021-07-27 00:22:17 查询号码 【1827508】，GSD为【""】
2021-07-27 00:22:17 bad
2021-07-27 00:22:18 CHB 1827508?1627316537 第 1 次 等待 3 秒
2021-07-27 00:22:21 CHB 1827508?1627316537 第 1 次 获取到号码【1827508】GSD
2021-07-27 00:22:21 获取到号码【1827508】的GSD为【贵州-贵阳】
2021-07-27 00:22:41 GSD insert 第 1 次 等待 3 秒
2021-07-27 00:22:44 {"status":"ok","gid":407295,"msg":"添加成功！"}
2021-07-27 00:22:44 下次操作: 2021-07-27 00:23:04

2021-07-27 00:23:04 开始第 17 次操作

2021-07-27 00:23:04 开始操作号码 【1827507】
2021-07-27 00:23:08 GSD getOne 第 1 次 等待 3 秒
2021-07-27 00:23:11 查询号码 【1827507】，返回信息 {"status":"ok","msg":"贵州-贵阳","gid":"35918","time_insert":"2017-11-12 23:48","time_update":"2020-11-22 06:19"}
2021-07-27 00:23:11 查询号码 【1827507】，GSD为【"贵州-贵阳"】

2021-07-27 00:23:11 开始第 17 次操作

2021-07-27 00:23:11 开始操作号码 【1827506】
2021-07-27 00:23:29 GSD getOne 第 1 次 等待 3 秒
2021-07-27 00:23:32 查询号码 【1827506】，返回信息 {"status":"ok","msg":"贵州-贵阳","gid":"35917","time_insert":"2018-01-22 15:29","time_update":"2020-11-22 06:16"}
2021-07-27 00:23:32 查询号码 【1827506】，GSD为【"贵州-贵阳"】

2021-07-27 00:23:32 开始第 17 次操作

2021-07-27 00:23:32 开始操作号码 【1827505】
2021-07-27 00:23:52 GSD getOne 第 1 次 等待 3 秒
2021-07-27 00:23:55 查询号码 【1827505】，返回信息 {"status":"ok","msg":"贵州-贵阳","gid":"35916","time_insert":"2017-05-24 19:44","time_update":"2020-11-22 06:00"}
2021-07-27 00:23:55 查询号码 【1827505】，GSD为【"贵州-贵阳"】

2021-07-27 00:23:55 开始第 17 次操作

2021-07-27 00:23:55 开始操作号码 【1827504】
2021-07-27 00:24:26 GSD getOne 第 1 次 等待 3 秒
2021-07-27 00:24:29 查询号码 【1827504】，返回信息 {"status":"ok","msg":"贵州-贵阳","gid":"35915","time_insert":"2017-11-08 13:25","time_update":"2020-11-22 05:56"}
2021-07-27 00:24:29 查询号码 【1827504】，GSD为【"贵州-贵阳"】

2021-07-27 00:24:29 开始第 17 次操作

2021-07-27 00:24:29 开始操作号码 【1827503】
2021-07-27 00:24:47 GSD getOne 第 1 次 等待 3 秒
2021-07-27 00:24:50 查询号码 【1827503】，返回信息 {"status":"bad","msg":""}
2021-07-27 00:24:50 查询号码 【1827503】，GSD为【""】
2021-07-27 00:24:50 bad
2021-07-27 00:24:52 CHB 1827503?1627316690 第 1 次 等待 3 秒
2021-07-27 00:24:55 CHB 1827503?1627316690 第 1 次 获取到号码【1827503】GSD
2021-07-27 00:24:55 获取到号码【1827503】的GSD为【贵州-贵阳】
2021-07-27 00:25:13 GSD insert 第 1 次 等待 3 秒
2021-07-27 00:25:16 {"status":"ok","gid":407307,"msg":"添加成功！"}
2021-07-27 00:25:16 下次操作: 2021-07-27 00:25:32

2021-07-27 00:25:32 开始第 18 次操作

2021-07-27 00:25:32 开始操作号码 【1827502】
2021-07-27 00:25:35 GSD getOne 第 1 次 等待 3 秒
2021-07-27 00:25:38 查询号码 【1827502】，返回信息 {"status":"bad","msg":""}
2021-07-27 00:25:38 查询号码 【1827502】，GSD为【""】
2021-07-27 00:25:38 bad
2021-07-27 00:25:40 CHB 1827502?1627316738 第 1 次 等待 3 秒
2021-07-27 00:25:43 CHB 1827502?1627316738 第 1 次 获取到号码【1827502】GSD
2021-07-27 00:25:43 获取到号码【1827502】的GSD为【贵州-贵阳】
2021-07-27 00:26:01 GSD insert 第 1 次 等待 3 秒
2021-07-27 00:26:04 {"status":"ok","gid":407309,"msg":"添加成功！"}
2021-07-27 00:26:04 下次操作: 2021-07-27 00:26:28

2021-07-27 00:26:28 开始第 19 次操作

2021-07-27 00:26:28 开始操作号码 【1827501】
2021-07-27 00:26:31 GSD getOne 第 1 次 等待 3 秒
2021-07-27 00:26:34 查询号码 【1827501】，返回信息 {"status":"ok","msg":"贵州-贵阳","gid":"35914","time_insert":"2014-07-25 21:29","time_update":"2020-11-22 05:51"}
2021-07-27 00:26:34 查询号码 【1827501】，GSD为【"贵州-贵阳"】

2021-07-27 00:26:34 开始第 19 次操作

2021-07-27 00:26:34 开始操作号码 【1827500】
2021-07-27 00:26:52 GSD getOne 第 1 次 等待 3 秒
2021-07-27 00:26:55 查询号码 【1827500】，返回信息 {"status":"bad","msg":""}
2021-07-27 00:26:55 查询号码 【1827500】，GSD为【""】
2021-07-27 00:26:55 bad
2021-07-27 00:27:01 CHB 1827500?1627316815 第 1 次 等待 3 秒
2021-07-27 00:27:04 CHB 1827500?1627316815 第 1 次 获取到号码【1827500】GSD
2021-07-27 00:27:05 获取到号码【1827500】的GSD为【贵州-贵阳】
2021-07-27 00:27:10 GSD insert 第 1 次 等待 3 秒
2021-07-27 00:27:13 {"status":"ok","gid":407313,"msg":"添加成功！"}
2021-07-27 00:27:13 下次操作: 2021-07-27 00:27:28

2021-07-27 00:27:28 开始第 20 次操作

2021-07-27 00:27:28 开始操作号码 【1827499】
2021-07-27 00:27:31 GSD getOne 第 1 次 等待 3 秒
2021-07-27 00:27:34 查询号码 【1827499】，返回信息 {"status":"bad","msg":""}
2021-07-27 00:27:34 查询号码 【1827499】，GSD为【""】
2021-07-27 00:27:34 bad
2021-07-27 00:27:36 CHB 1827499?1627316854 第 1 次 等待 3 秒
2021-07-27 00:27:39 CHB 1827499?1627316854 第 1 次 获取到号码【1827499】GSD
2021-07-27 00:27:39 获取到号码【1827499】的GSD为【湖南-长沙】
2021-07-27 00:27:57 GSD insert 第 1 次 等待 3 秒
2021-07-27 00:28:00 {"status":"ok","gid":407316,"msg":"添加成功！"}
2021-07-27 00:28:00 下次操作: 2021-07-27 00:28:14

2021-07-27 00:28:14 开始第 21 次操作

2021-07-27 00:28:14 开始操作号码 【1827498】
2021-07-27 00:28:17 GSD getOne 第 1 次 等待 3 秒
2021-07-27 00:28:20 查询号码 【1827498】，返回信息 {"status":"ok","msg":"湖南-长沙","gid":"35913","time_insert":"2017-05-18 18:00","time_update":"2020-09-23 16:40"}
2021-07-27 00:28:20 查询号码 【1827498】，GSD为【"湖南-长沙"】

2021-07-27 00:28:20 开始第 21 次操作

2021-07-27 00:28:20 开始操作号码 【1827497】
2021-07-27 00:28:43 GSD getOne 第 1 次 等待 3 秒
2021-07-27 00:28:46 查询号码 【1827497】，返回信息 {"status":"bad","msg":""}
2021-07-27 00:28:46 查询号码 【1827497】，GSD为【""】
2021-07-27 00:28:46 bad
2021-07-27 00:28:48 CHB 1827497?1627316926 第 1 次 等待 3 秒
2021-07-27 00:28:51 CHB 1827497?1627316926 第 1 次 获取到号码【1827497】GSD
2021-07-27 00:28:51 获取到号码【1827497】的GSD为【湖南-长沙】
2021-07-27 00:29:09 GSD insert 第 1 次 等待 3 秒
2021-07-27 00:29:12 {"status":"ok","gid":407317,"msg":"添加成功！"}
2021-07-27 00:29:12 下次操作: 2021-07-27 00:29:35

2021-07-27 00:29:35 开始第 22 次操作

2021-07-27 00:29:35 开始操作号码 【1827496】
2021-07-27 00:29:41 GSD getOne 第 1 次 等待 3 秒
2021-07-27 00:29:44 查询号码 【1827496】，返回信息 {"status":"bad","msg":""}
2021-07-27 00:29:44 查询号码 【1827496】，GSD为【""】
2021-07-27 00:29:44 bad
2021-07-27 00:29:46 CHB 1827496?1627316984 第 1 次 等待 3 秒
2021-07-27 00:29:49 CHB 1827496?1627316984 第 1 次 获取到号码【1827496】GSD
2021-07-27 00:29:49 获取到号码【1827496】的GSD为【湖南-长沙】
2021-07-27 00:30:06 GSD insert 第 1 次 等待 3 秒
2021-07-27 00:30:09 {"status":"ok","gid":407320,"msg":"添加成功！"}
2021-07-27 00:30:09 下次操作: 2021-07-27 00:30:30

2021-07-27 00:30:30 开始第 23 次操作

2021-07-27 00:30:30 开始操作号码 【1827495】
2021-07-27 00:30:33 GSD getOne 第 1 次 等待 3 秒
2021-07-27 00:30:36 查询号码 【1827495】，返回信息 {"status":"bad","msg":""}
2021-07-27 00:30:37 查询号码 【1827495】，GSD为【""】
2021-07-27 00:30:37 bad
2021-07-27 00:30:38 CHB 1827495?1627317037 第 1 次 等待 3 秒
2021-07-27 00:30:41 CHB 1827495?1627317037 第 1 次 获取到号码【1827495】GSD
2021-07-27 00:30:41 获取到号码【1827495】的GSD为【湖南-长沙】
2021-07-27 00:30:59 GSD insert 第 1 次 等待 3 秒
2021-07-27 00:31:02 {"status":"ok","gid":407322,"msg":"添加成功！"}
2021-07-27 00:31:02 下次操作: 2021-07-27 00:31:16

2021-07-27 00:31:16 开始第 24 次操作

2021-07-27 00:31:16 开始操作号码 【1827494】
2021-07-27 00:31:21 GSD getOne 第 1 次 等待 3 秒
2021-07-27 00:31:24 查询号码 【1827494】，返回信息 {"status":"bad","msg":""}
2021-07-27 00:31:24 查询号码 【1827494】，GSD为【""】
2021-07-27 00:31:24 bad
2021-07-27 00:31:25 CHB 1827494?1627317084 第 1 次 等待 3 秒
2021-07-27 00:31:28 CHB 1827494?1627317084 第 1 次 获取到号码【1827494】GSD
2021-07-27 00:31:29 获取到号码【1827494】的GSD为【湖南-长沙】
2021-07-27 00:31:47 GSD insert 第 1 次 等待 3 秒
2021-07-27 00:31:50 {"status":"ok","gid":407325,"msg":"添加成功！"}
2021-07-27 00:31:50 下次操作: 2021-07-27 00:32:12

2021-07-27 00:32:12 开始第 25 次操作

2021-07-27 00:32:12 开始操作号码 【1827493】
2021-07-27 00:32:14 GSD getOne 第 1 次 等待 3 秒
2021-07-27 00:32:17 查询号码 【1827493】，返回信息 {"status":"bad","msg":""}
2021-07-27 00:32:17 查询号码 【1827493】，GSD为【""】
2021-07-27 00:32:17 bad
2021-07-27 00:32:19 CHB 1827493?1627317137 第 1 次 等待 3 秒
2021-07-27 00:32:22 CHB 1827493?1627317137 第 1 次 获取到号码【1827493】GSD
2021-07-27 00:32:22 获取到号码【1827493】的GSD为【湖南-永州】
2021-07-27 00:32:40 GSD insert 第 1 次 等待 3 秒
2021-07-27 00:32:43 {"status":"ok","gid":407327,"msg":"添加成功！"}
2021-07-27 00:32:43 下次操作: 2021-07-27 00:32:56

2021-07-27 00:32:56 开始第 26 次操作

2021-07-27 00:32:56 开始操作号码 【1827492】
2021-07-27 00:33:02 GSD getOne 第 1 次 等待 3 秒
2021-07-27 00:33:05 查询号码 【1827492】，返回信息 {"status":"bad","msg":""}
2021-07-27 00:33:05 查询号码 【1827492】，GSD为【""】
2021-07-27 00:33:05 bad
2021-07-27 00:33:07 CHB 1827492?1627317185 第 1 次 等待 3 秒
2021-07-27 00:33:10 CHB 1827492?1627317185 第 1 次 获取到号码【1827492】GSD
2021-07-27 00:33:10 获取到号码【1827492】的GSD为【湖南-永州】
2021-07-27 00:33:28 GSD insert 第 1 次 等待 3 秒
2021-07-27 00:33:31 {"status":"ok","gid":407328,"msg":"添加成功！"}
2021-07-27 00:33:31 下次操作: 2021-07-27 00:33:55

2021-07-27 00:33:55 开始第 27 次操作

2021-07-27 00:33:55 开始操作号码 【1827491】
2021-07-27 00:33:57 GSD getOne 第 1 次 等待 3 秒
2021-07-27 00:34:00 查询号码 【1827491】，返回信息 {"status":"bad","msg":""}
2021-07-27 00:34:00 查询号码 【1827491】，GSD为【""】
2021-07-27 00:34:00 bad
2021-07-27 00:34:02 CHB 1827491?1627317240 第 1 次 等待 3 秒
2021-07-27 00:34:05 CHB 1827491?1627317240 第 1 次 获取到号码【1827491】GSD
2021-07-27 00:34:05 获取到号码【1827491】的GSD为【湖南-永州】
2021-07-27 00:34:23 GSD insert 第 1 次 等待 3 秒
2021-07-27 00:34:26 {"status":"ok","gid":407333,"msg":"添加成功！"}
2021-07-27 00:34:26 下次操作: 2021-07-27 00:34:43

2021-07-27 00:34:43 开始第 28 次操作

2021-07-27 00:34:43 开始操作号码 【1827490】
2021-07-27 00:34:51 GSD getOne 第 1 次 等待 3 秒
2021-07-27 00:34:54 查询号码 【1827490】，返回信息 {"status":"bad","msg":""}
2021-07-27 00:34:54 查询号码 【1827490】，GSD为【""】
2021-07-27 00:34:54 bad
2021-07-27 00:34:56 CHB 1827490?1627317294 第 1 次 等待 3 秒
2021-07-27 00:34:59 CHB 1827490?1627317294 第 1 次 获取到号码【1827490】GSD
2021-07-27 00:34:59 获取到号码【1827490】的GSD为【湖南-永州】
2021-07-27 00:35:17 GSD insert 第 1 次 等待 3 秒
2021-07-27 00:35:20 {"status":"ok","gid":407336,"msg":"添加成功！"}
2021-07-27 00:35:20 下次操作: 2021-07-27 00:35:37

2021-07-27 00:35:37 开始第 29 次操作

2021-07-27 00:35:37 开始操作号码 【1827489】
2021-07-27 00:35:40 GSD getOne 第 1 次 等待 3 秒
2021-07-27 00:35:43 查询号码 【1827489】，返回信息 {"status":"bad","msg":""}
2021-07-27 00:35:43 查询号码 【1827489】，GSD为【""】
2021-07-27 00:35:43 bad
2021-07-27 00:35:44 CHB 1827489?1627317343 第 1 次 等待 3 秒
2021-07-27 00:35:47 CHB 1827489?1627317343 第 1 次 获取到号码【1827489】GSD
2021-07-27 00:35:47 获取到号码【1827489】的GSD为【湖南-长沙】
2021-07-27 00:36:06 GSD insert 第 1 次 等待 3 秒
2021-07-27 00:36:09 {"status":"ok","gid":407339,"msg":"添加成功！"}
2021-07-27 00:36:09 下次操作: 2021-07-27 00:36:24

2021-07-27 00:36:24 开始第 30 次操作

2021-07-27 00:36:24 开始操作号码 【1827488】
2021-07-27 00:36:27 GSD getOne 第 1 次 等待 3 秒
2021-07-27 00:36:30 查询号码 【1827488】，返回信息 {"status":"bad","msg":""}
2021-07-27 00:36:30 查询号码 【1827488】，GSD为【""】
2021-07-27 00:36:30 bad
2021-07-27 00:36:32 CHB 1827488?1627317390 第 1 次 等待 3 秒
2021-07-27 00:36:35 CHB 1827488?1627317390 第 1 次 获取到号码【1827488】GSD
2021-07-27 00:36:35 获取到号码【1827488】的GSD为【湖南-长沙】
2021-07-27 00:36:53 GSD insert 第 1 次 等待 3 秒
2021-07-27 00:36:56 {"status":"ok","gid":407341,"msg":"添加成功！"}
2021-07-27 00:36:56 下次操作: 2021-07-27 00:37:18

2021-07-27 00:37:18 开始第 31 次操作

2021-07-27 00:37:18 开始操作号码 【1827487】
2021-07-27 00:37:20 GSD getOne 第 1 次 等待 3 秒
2021-07-27 00:37:23 查询号码 【1827487】，返回信息 {"status":"bad","msg":""}
2021-07-27 00:37:23 查询号码 【1827487】，GSD为【""】
2021-07-27 00:37:23 bad
2021-07-27 00:37:25 CHB 1827487?1627317443 第 1 次 等待 3 秒
2021-07-27 00:37:28 CHB 1827487?1627317443 第 1 次 获取到号码【1827487】GSD
2021-07-27 00:37:28 获取到号码【1827487】的GSD为【湖南-长沙】
2021-07-27 00:37:46 GSD insert 第 1 次 等待 3 秒
2021-07-27 00:37:49 {"status":"ok","gid":407342,"msg":"添加成功！"}
2021-07-27 00:37:49 下次操作: 2021-07-27 00:38:04

2021-07-27 00:38:04 开始第 32 次操作

2021-07-27 00:38:04 开始操作号码 【1827486】
2021-07-27 00:38:10 GSD getOne 第 1 次 等待 3 秒
2021-07-27 00:38:13 查询号码 【1827486】，返回信息 {"status":"bad","msg":""}
2021-07-27 00:38:13 查询号码 【1827486】，GSD为【""】
2021-07-27 00:38:13 bad
2021-07-27 00:38:14 CHB 1827486?1627317493 第 1 次 等待 3 秒
2021-07-27 00:38:17 CHB 1827486?1627317493 第 1 次 获取到号码【1827486】GSD
2021-07-27 00:38:17 获取到号码【1827486】的GSD为【湖南-长沙】
2021-07-27 00:38:37 GSD insert 第 1 次 等待 3 秒
2021-07-27 00:38:40 {"status":"ok","gid":407344,"msg":"添加成功！"}
2021-07-27 00:38:40 下次操作: 2021-07-27 00:39:01

2021-07-27 00:39:01 开始第 33 次操作

2021-07-27 00:39:01 开始操作号码 【1827485】
2021-07-27 00:39:04 GSD getOne 第 1 次 等待 3 秒
2021-07-27 00:39:07 查询号码 【1827485】，返回信息 {"status":"bad","msg":""}
2021-07-27 00:39:07 查询号码 【1827485】，GSD为【""】
2021-07-27 00:39:07 bad
2021-07-27 00:39:09 CHB 1827485?1627317547 第 1 次 等待 3 秒
2021-07-27 00:39:12 CHB 1827485?1627317547 第 1 次 获取到号码【1827485】GSD
2021-07-27 00:39:12 获取到号码【1827485】的GSD为【湖南-长沙】
2021-07-27 00:39:31 GSD insert 第 1 次 等待 3 秒
2021-07-27 00:39:34 {"status":"ok","gid":407345,"msg":"添加成功！"}
2021-07-27 00:39:34 下次操作: 2021-07-27 00:39:51

2021-07-27 00:39:51 开始第 34 次操作

2021-07-27 00:39:51 开始操作号码 【1827484】
2021-07-27 00:39:58 GSD getOne 第 1 次 等待 3 秒
2021-07-27 00:40:01 查询号码 【1827484】，返回信息 {"status":"bad","msg":""}
2021-07-27 00:40:01 查询号码 【1827484】，GSD为【""】
2021-07-27 00:40:01 bad
2021-07-27 00:40:03 CHB 1827484?1627317601 第 1 次 等待 3 秒
2021-07-27 00:40:06 CHB 1827484?1627317601 第 1 次 获取到号码【1827484】GSD
2021-07-27 00:40:06 获取到号码【1827484】的GSD为【湖南-长沙】
2021-07-27 00:40:24 GSD insert 第 1 次 等待 3 秒
2021-07-27 00:40:27 {"status":"ok","gid":407348,"msg":"添加成功！"}
2021-07-27 00:40:27 下次操作: 2021-07-27 00:40:40

2021-07-27 00:40:40 开始第 35 次操作

2021-07-27 00:40:40 开始操作号码 【1827483】
2021-07-27 00:40:44 GSD getOne 第 1 次 等待 3 秒
2021-07-27 00:40:47 查询号码 【1827483】，返回信息 {"status":"bad","msg":""}
2021-07-27 00:40:48 查询号码 【1827483】，GSD为【""】
2021-07-27 00:40:48 bad
2021-07-27 00:40:49 CHB 1827483?1627317648 第 1 次 等待 3 秒
2021-07-27 00:40:52 CHB 1827483?1627317648 第 1 次 获取到号码【1827483】GSD
2021-07-27 00:40:52 获取到号码【1827483】的GSD为【湖南-长沙】
2021-07-27 00:41:10 GSD insert 第 1 次 等待 3 秒
2021-07-27 00:41:13 {"status":"ok","gid":407349,"msg":"添加成功！"}
2021-07-27 00:41:13 下次操作: 2021-07-27 00:41:28

2021-07-27 00:41:28 开始第 36 次操作

2021-07-27 00:41:28 开始操作号码 【1827482】
2021-07-27 00:41:31 GSD getOne 第 1 次 等待 3 秒
2021-07-27 00:41:34 查询号码 【1827482】，返回信息 {"status":"bad","msg":""}
2021-07-27 00:41:34 查询号码 【1827482】，GSD为【""】
2021-07-27 00:41:34 bad
2021-07-27 00:41:36 CHB 1827482?1627317694 第 1 次 等待 3 秒
2021-07-27 00:41:39 CHB 1827482?1627317694 第 1 次 获取到号码【1827482】GSD
2021-07-27 00:41:39 获取到号码【1827482】的GSD为【湖南-长沙】
2021-07-27 00:41:57 GSD insert 第 1 次 等待 3 秒
2021-07-27 00:42:00 {"status":"ok","gid":407352,"msg":"添加成功！"}
2021-07-27 00:42:00 下次操作: 2021-07-27 00:42:13

2021-07-27 00:42:13 开始第 37 次操作

2021-07-27 00:42:13 开始操作号码 【1827481】
2021-07-27 00:42:18 GSD getOne 第 1 次 等待 3 秒
2021-07-27 00:42:21 查询号码 【1827481】，返回信息 {"status":"bad","msg":""}
2021-07-27 00:42:22 查询号码 【1827481】，GSD为【""】
2021-07-27 00:42:22 bad
2021-07-27 00:42:23 CHB 1827481?1627317742 第 1 次 等待 3 秒
2021-07-27 00:42:26 CHB 1827481?1627317742 第 1 次 获取到号码【1827481】GSD
2021-07-27 00:42:26 获取到号码【1827481】的GSD为【湖南-长沙】
2021-07-27 00:42:44 GSD insert 第 1 次 等待 3 秒
2021-07-27 00:42:47 {"status":"ok","gid":407354,"msg":"添加成功！"}
2021-07-27 00:42:47 下次操作: 2021-07-27 00:43:04

2021-07-27 00:43:04 开始第 38 次操作

2021-07-27 00:43:04 开始操作号码 【1827480】
2021-07-27 00:43:07 GSD getOne 第 1 次 等待 3 秒
2021-07-27 00:43:10 查询号码 【1827480】，返回信息 {"status":"bad","msg":""}
2021-07-27 00:43:10 查询号码 【1827480】，GSD为【""】
2021-07-27 00:43:10 bad
2021-07-27 00:43:12 CHB 1827480?1627317790 第 1 次 等待 3 秒
2021-07-27 00:43:15 CHB 1827480?1627317790 第 1 次 获取到号码【1827480】GSD
2021-07-27 00:43:15 获取到号码【1827480】的GSD为【湖南-长沙】
2021-07-27 00:43:44 GSD insert 第 1 次 等待 3 秒
2021-07-27 00:43:47 {"status":"ok","gid":407357,"msg":"添加成功！"}
2021-07-27 00:43:47 下次操作: 2021-07-27 00:44:00

2021-07-27 00:44:01 开始第 39 次操作

2021-07-27 00:44:01 开始操作号码 【1827479】
2021-07-27 00:44:03 GSD getOne 第 1 次 等待 3 秒
2021-07-27 00:44:06 查询号码 【1827479】，返回信息 {"status":"bad","msg":""}
2021-07-27 00:44:07 查询号码 【1827479】，GSD为【""】
2021-07-27 00:44:07 bad
2021-07-27 00:44:08 CHB 1827479?1627317847 第 1 次 等待 3 秒
2021-07-27 00:44:11 CHB 1827479?1627317847 第 1 次 获取到号码【1827479】GSD
2021-07-27 00:44:11 获取到号码【1827479】的GSD为【湖南-衡阳】
2021-07-27 00:44:29 GSD insert 第 1 次 等待 3 秒
2021-07-27 00:44:32 {"status":"ok","gid":407359,"msg":"添加成功！"}
2021-07-27 00:44:32 下次操作: 2021-07-27 00:44:54

2021-07-27 00:44:54 开始第 40 次操作

2021-07-27 00:44:54 开始操作号码 【1827478】
2021-07-27 00:44:59 GSD getOne 第 1 次 等待 3 秒
2021-07-27 00:45:02 查询号码 【1827478】，返回信息 {"status":"bad","msg":""}
2021-07-27 00:45:02 查询号码 【1827478】，GSD为【""】
2021-07-27 00:45:02 bad
2021-07-27 00:45:04 CHB 1827478?1627317902 第 1 次 等待 3 秒
2021-07-27 00:45:07 CHB 1827478?1627317902 第 1 次 获取到号码【1827478】GSD
2021-07-27 00:45:07 获取到号码【1827478】的GSD为【湖南-衡阳】
2021-07-27 00:45:29 GSD insert 第 1 次 等待 3 秒
2021-07-27 00:45:33 {"status":"ok","gid":407363,"msg":"添加成功！"}

2021-07-27 01:34:25 开始第 1 次操作

2021-07-27 01:34:25 开始操作号码 【1827477】
2021-07-27 01:34:28 GSD getOne 第 1 次 等待 3 秒
2021-07-27 01:34:31 查询号码 【1827477】，返回信息 {"status":"bad","msg":""}
2021-07-27 01:34:31 查询号码 【1827477】，GSD为【""】
2021-07-27 01:34:31 bad
2021-07-27 01:34:32 CHB 1827477?1627320871 第 1 次 等待 3 秒
2021-07-27 01:34:35 CHB 1827477?1627320871 第 1 次 获取到号码【1827477】GSD
2021-07-27 01:34:35 获取到号码【1827477】的GSD为【湖南-衡阳】
2021-07-27 01:34:53 GSD insert 第 1 次 等待 3 秒
2021-07-27 01:34:56 {"status":"ok","gid":407780,"msg":"添加成功！"}
2021-07-27 01:34:56 下次操作: 2021-07-27 01:35:20

2021-07-27 01:35:20 开始第 2 次操作

2021-07-27 01:35:20 开始操作号码 【1827476】
2021-07-27 01:35:23 GSD getOne 第 1 次 等待 3 秒
2021-07-27 01:35:26 查询号码 【1827476】，返回信息 {"status":"bad","msg":""}
2021-07-27 01:35:26 查询号码 【1827476】，GSD为【""】
2021-07-27 01:35:26 bad
2021-07-27 01:35:28 CHB 1827476?1627320926 第 1 次 等待 3 秒
2021-07-27 01:35:31 CHB 1827476?1627320926 第 1 次 获取到号码【1827476】GSD
2021-07-27 01:35:31 获取到号码【1827476】的GSD为【湖南-衡阳】
2021-07-27 01:35:49 GSD insert 第 1 次 等待 3 秒
2021-07-27 01:35:52 {"status":"ok","gid":407785,"msg":"添加成功！"}
2021-07-27 01:35:52 下次操作: 2021-07-27 01:36:16

2021-07-27 01:36:16 开始第 3 次操作

2021-07-27 01:36:16 开始操作号码 【1827475】
2021-07-27 01:36:19 GSD getOne 第 1 次 等待 3 秒
2021-07-27 01:36:22 查询号码 【1827475】，返回信息 {"status":"bad","msg":""}
2021-07-27 01:36:22 查询号码 【1827475】，GSD为【""】
2021-07-27 01:36:22 bad
2021-07-27 01:36:23 CHB 1827475?1627320982 第 1 次 等待 3 秒
2021-07-27 01:36:26 CHB 1827475?1627320982 第 1 次 获取到号码【1827475】GSD
2021-07-27 01:36:27 获取到号码【1827475】的GSD为【湖南-衡阳】
2021-07-27 01:36:44 GSD insert 第 1 次 等待 3 秒
2021-07-27 01:36:47 {"status":"ok","gid":407790,"msg":"添加成功！"}
2021-07-27 01:36:47 下次操作: 2021-07-27 01:37:08

2021-07-27 01:37:08 开始第 4 次操作

2021-07-27 01:37:08 开始操作号码 【1827474】
2021-07-27 01:37:11 GSD getOne 第 1 次 等待 3 秒
2021-07-27 01:37:14 查询号码 【1827474】，返回信息 {"status":"bad","msg":""}
2021-07-27 01:37:14 查询号码 【1827474】，GSD为【""】
2021-07-27 01:37:14 bad
2021-07-27 01:37:16 CHB 1827474?1627321034 第 1 次 等待 3 秒
2021-07-27 01:37:19 CHB 1827474?1627321034 第 1 次 获取到号码【1827474】GSD
2021-07-27 01:37:19 获取到号码【1827474】的GSD为【湖南-衡阳】
2021-07-27 01:37:37 GSD insert 第 1 次 等待 3 秒
2021-07-27 01:37:40 {"status":"ok","gid":407794,"msg":"添加成功！"}
2021-07-27 01:37:40 下次操作: 2021-07-27 01:38:01

2021-07-27 01:38:01 开始第 5 次操作

2021-07-27 01:38:01 开始操作号码 【1827473】
2021-07-27 01:38:04 GSD getOne 第 1 次 等待 3 秒
2021-07-27 01:38:07 查询号码 【1827473】，返回信息 {"status":"ok","msg":"湖南-衡阳","gid":"35912","time_insert":"2019-01-15 10:10","time_update":"2020-09-23 16:35"}
2021-07-27 01:38:07 查询号码 【1827473】，GSD为【"湖南-衡阳"】

2021-07-27 01:38:07 开始第 5 次操作

2021-07-27 01:38:07 开始操作号码 【1827472】
2021-07-27 01:38:25 GSD getOne 第 1 次 等待 3 秒
2021-07-27 01:38:28 查询号码 【1827472】，返回信息 {"status":"bad","msg":""}
2021-07-27 01:38:28 查询号码 【1827472】，GSD为【""】
2021-07-27 01:38:28 bad
2021-07-27 01:38:30 CHB 1827472?1627321108 第 1 次 等待 3 秒
2021-07-27 01:38:33 CHB 1827472?1627321108 第 1 次 获取到号码【1827472】GSD
2021-07-27 01:38:33 获取到号码【1827472】的GSD为【湖南-衡阳】
2021-07-27 01:38:51 GSD insert 第 1 次 等待 3 秒
2021-07-27 01:38:54 {"status":"ok","gid":407803,"msg":"添加成功！"}
2021-07-27 01:38:54 下次操作: 2021-07-27 01:39:14

2021-07-27 01:39:14 开始第 6 次操作

2021-07-27 01:39:14 开始操作号码 【1827471】
2021-07-27 01:39:17 GSD getOne 第 1 次 等待 3 秒
2021-07-27 01:39:20 查询号码 【1827471】，返回信息 {"status":"bad","msg":""}
2021-07-27 01:39:20 查询号码 【1827471】，GSD为【""】
2021-07-27 01:39:20 bad
2021-07-27 01:39:22 CHB 1827471?1627321160 第 1 次 等待 3 秒
2021-07-27 01:39:25 CHB 1827471?1627321160 第 1 次 获取到号码【1827471】GSD
2021-07-27 01:39:25 获取到号码【1827471】的GSD为【湖南-衡阳】
2021-07-27 01:39:43 GSD insert 第 1 次 等待 3 秒
2021-07-27 01:39:46 {"status":"ok","gid":407811,"msg":"添加成功！"}
2021-07-27 01:39:46 下次操作: 2021-07-27 01:40:08

2021-07-27 01:40:08 开始第 7 次操作

2021-07-27 01:40:08 开始操作号码 【1827470】
2021-07-27 01:40:10 GSD getOne 第 1 次 等待 3 秒
2021-07-27 01:40:13 查询号码 【1827470】，返回信息 {"status":"bad","msg":""}
2021-07-27 01:40:13 查询号码 【1827470】，GSD为【""】
2021-07-27 01:40:13 bad
2021-07-27 01:40:15 CHB 1827470?1627321213 第 1 次 等待 3 秒
2021-07-27 01:40:18 CHB 1827470?1627321213 第 1 次 获取到号码【1827470】GSD
2021-07-27 01:40:18 获取到号码【1827470】的GSD为【湖南-衡阳】
2021-07-27 01:40:36 GSD insert 第 1 次 等待 3 秒
2021-07-27 01:40:39 {"status":"ok","gid":407823,"msg":"添加成功！"}
2021-07-27 01:40:39 下次操作: 2021-07-27 01:40:55

2021-07-27 01:40:55 开始第 8 次操作

2021-07-27 01:40:55 开始操作号码 【1827469】
2021-07-27 01:40:58 GSD getOne 第 1 次 等待 3 秒
2021-07-27 01:41:01 查询号码 【1827469】，返回信息 {"status":"bad","msg":""}
2021-07-27 01:41:01 查询号码 【1827469】，GSD为【""】
2021-07-27 01:41:01 bad
2021-07-27 01:41:02 CHB 1827469?1627321261 第 1 次 等待 3 秒
2021-07-27 01:41:05 CHB 1827469?1627321261 第 1 次 获取到号码【1827469】GSD
2021-07-27 01:41:05 获取到号码【1827469】的GSD为【湖南-永州】
2021-07-27 01:41:23 GSD insert 第 1 次 等待 3 秒
2021-07-27 01:41:26 {"status":"ok","gid":407831,"msg":"添加成功！"}
2021-07-27 01:41:26 下次操作: 2021-07-27 01:41:49

2021-07-27 01:41:49 开始第 9 次操作

2021-07-27 01:41:49 开始操作号码 【1827468】
2021-07-27 01:41:52 GSD getOne 第 1 次 等待 3 秒
2021-07-27 01:41:55 查询号码 【1827468】，返回信息 {"status":"bad","msg":""}
2021-07-27 01:41:55 查询号码 【1827468】，GSD为【""】
2021-07-27 01:41:55 bad
2021-07-27 01:41:57 CHB 1827468?1627321315 第 1 次 等待 3 秒
2021-07-27 01:42:00 CHB 1827468?1627321315 第 1 次 获取到号码【1827468】GSD
2021-07-27 01:42:00 获取到号码【1827468】的GSD为【湖南-永州】
2021-07-27 01:42:20 GSD insert 第 1 次 等待 3 秒
2021-07-27 01:42:23 {"status":"ok","gid":407842,"msg":"添加成功！"}
2021-07-27 01:42:23 下次操作: 2021-07-27 01:42:40

2021-07-27 01:42:40 开始第 10 次操作

2021-07-27 01:42:40 开始操作号码 【1827467】
2021-07-27 01:42:45 GSD getOne 第 1 次 等待 3 秒
2021-07-27 01:42:48 查询号码 【1827467】，返回信息 {"status":"bad","msg":""}
2021-07-27 01:42:48 查询号码 【1827467】，GSD为【""】
2021-07-27 01:42:48 bad
2021-07-27 01:42:49 CHB 1827467?1627321368 第 1 次 等待 3 秒
2021-07-27 01:42:52 CHB 1827467?1627321368 第 1 次 获取到号码【1827467】GSD
2021-07-27 01:42:52 获取到号码【1827467】的GSD为【湖南-永州】
2021-07-27 01:43:10 GSD insert 第 1 次 等待 3 秒
2021-07-27 01:43:13 {"status":"ok","gid":407855,"msg":"添加成功！"}
2021-07-27 01:43:13 下次操作: 2021-07-27 01:43:30

2021-07-27 01:43:30 开始第 11 次操作

2021-07-27 01:43:30 开始操作号码 【1827466】
2021-07-27 01:43:33 GSD getOne 第 1 次 等待 3 秒
2021-07-27 01:43:36 查询号码 【1827466】，返回信息 {"status":"bad","msg":""}
2021-07-27 01:43:36 查询号码 【1827466】，GSD为【""】
2021-07-27 01:43:36 bad
2021-07-27 01:43:38 CHB 1827466?1627321416 第 1 次 等待 3 秒
2021-07-27 01:43:41 CHB 1827466?1627321416 第 1 次 获取到号码【1827466】GSD
2021-07-27 01:43:41 获取到号码【1827466】的GSD为【湖南-永州】
2021-07-27 01:43:59 GSD insert 第 1 次 等待 3 秒
2021-07-27 01:44:02 {"status":"ok","gid":407870,"msg":"添加成功！"}
2021-07-27 01:44:02 下次操作: 2021-07-27 01:44:18

2021-07-27 01:44:18 开始第 12 次操作

2021-07-27 01:44:18 开始操作号码 【1827465】
2021-07-27 01:44:20 GSD getOne 第 1 次 等待 3 秒
2021-07-27 01:44:23 查询号码 【1827465】，返回信息 {"status":"bad","msg":""}
2021-07-27 01:44:23 查询号码 【1827465】，GSD为【""】
2021-07-27 01:44:23 bad
2021-07-27 01:44:25 CHB 1827465?1627321463 第 1 次 等待 3 秒
2021-07-27 01:44:28 CHB 1827465?1627321463 第 1 次 获取到号码【1827465】GSD
2021-07-27 01:44:28 获取到号码【1827465】的GSD为【湖南-永州】
2021-07-27 01:44:46 GSD insert 第 1 次 等待 3 秒
2021-07-27 01:44:49 {"status":"ok","gid":407882,"msg":"添加成功！"}
2021-07-27 01:44:49 下次操作: 2021-07-27 01:45:02

2021-07-27 01:45:02 开始第 13 次操作

2021-07-27 01:45:02 开始操作号码 【1827464】
2021-07-27 01:45:05 GSD getOne 第 1 次 等待 3 秒
2021-07-27 01:45:08 查询号码 【1827464】，返回信息 {"status":"bad","msg":""}
2021-07-27 01:45:08 查询号码 【1827464】，GSD为【""】
2021-07-27 01:45:08 bad
2021-07-27 01:45:09 CHB 1827464?1627321508 第 1 次 等待 3 秒
2021-07-27 01:45:12 CHB 1827464?1627321508 第 1 次 获取到号码【1827464】GSD
2021-07-27 01:45:12 获取到号码【1827464】的GSD为【湖南-永州】
2021-07-27 01:45:33 GSD insert 第 1 次 等待 3 秒
2021-07-27 01:45:36 {"status":"ok","gid":407895,"msg":"添加成功！"}
2021-07-27 01:45:36 下次操作: 2021-07-27 01:45:52

2021-07-27 01:45:52 开始第 14 次操作

2021-07-27 01:45:52 开始操作号码 【1827463】
2021-07-27 01:45:55 GSD getOne 第 1 次 等待 3 秒
2021-07-27 01:45:58 查询号码 【1827463】，返回信息 {"status":"bad","msg":""}
2021-07-27 01:45:58 查询号码 【1827463】，GSD为【""】
2021-07-27 01:45:58 bad
2021-07-27 01:46:00 CHB 1827463?1627321558 第 1 次 等待 3 秒
2021-07-27 01:46:03 CHB 1827463?1627321558 第 1 次 获取到号码【1827463】GSD
2021-07-27 01:46:03 未获取到号码【1827463】GSD，查号吧 400 错误
2021-07-27 01:46:03 获取到号码【1827463】的GSD为【-】
2021-07-27 01:46:21 GSD insert 第 1 次 等待 3 秒
2021-07-27 01:46:24 {"status":"ok","gid":407906,"msg":"添加成功！"}
2021-07-27 01:46:24 下次操作: 2021-07-27 01:46:43

2021-07-27 01:46:43 开始第 15 次操作

2021-07-27 01:46:43 开始操作号码 【1827462】
2021-07-27 01:46:45 GSD getOne 第 1 次 等待 3 秒
2021-07-27 01:46:48 查询号码 【1827462】，返回信息 {"status":"ok","msg":"湖南-永州","gid":"35911","time_insert":"2018-03-01 15:12","time_update":"2020-09-23 16:30"}
2021-07-27 01:46:49 查询号码 【1827462】，GSD为【"湖南-永州"】

2021-07-27 01:46:49 开始第 15 次操作

2021-07-27 01:46:49 开始操作号码 【1827461】
2021-07-27 01:47:06 GSD getOne 第 1 次 等待 3 秒
2021-07-27 01:47:10 查询号码 【1827461】，返回信息 {"status":"bad","msg":""}
2021-07-27 01:47:10 查询号码 【1827461】，GSD为【""】
2021-07-27 01:47:10 bad
2021-07-27 01:47:11 CHB 1827461?1627321630 第 1 次 等待 3 秒
2021-07-27 01:47:14 CHB 1827461?1627321630 第 1 次 获取到号码【1827461】GSD
2021-07-27 01:47:14 获取到号码【1827461】的GSD为【湖南-永州】
2021-07-27 01:47:32 GSD insert 第 1 次 等待 3 秒
2021-07-27 01:47:35 {"status":"ok","gid":407924,"msg":"添加成功！"}
2021-07-27 01:47:35 下次操作: 2021-07-27 01:47:52

2021-07-27 01:47:52 开始第 16 次操作

2021-07-27 01:47:52 开始操作号码 【1827460】
2021-07-27 01:47:55 GSD getOne 第 1 次 等待 3 秒
2021-07-27 01:47:58 查询号码 【1827460】，返回信息 {"status":"bad","msg":""}
2021-07-27 01:47:58 查询号码 【1827460】，GSD为【""】
2021-07-27 01:47:58 bad
2021-07-27 01:48:00 CHB 1827460?1627321678 第 1 次 等待 3 秒
2021-07-27 01:48:03 CHB 1827460?1627321678 第 1 次 获取到号码【1827460】GSD
2021-07-27 01:48:03 获取到号码【1827460】的GSD为【湖南-永州】
2021-07-27 01:48:23 GSD insert 第 1 次 等待 3 秒
2021-07-27 01:48:26 {"status":"ok","gid":407934,"msg":"添加成功！"}
2021-07-27 01:48:26 下次操作: 2021-07-27 01:48:48

2021-07-27 01:48:48 开始第 17 次操作

2021-07-27 01:48:48 开始操作号码 【1827459】
2021-07-27 01:48:53 GSD getOne 第 1 次 等待 3 秒
2021-07-27 01:48:56 查询号码 【1827459】，返回信息 {"status":"bad","msg":""}
2021-07-27 01:48:57 查询号码 【1827459】，GSD为【""】
2021-07-27 01:48:57 bad
2021-07-27 01:48:58 CHB 1827459?1627321737 第 1 次 等待 3 秒
2021-07-27 01:49:01 CHB 1827459?1627321737 第 1 次 获取到号码【1827459】GSD
2021-07-27 01:49:01 获取到号码【1827459】的GSD为【湖南-怀化】
2021-07-27 01:49:19 GSD insert 第 1 次 等待 3 秒
2021-07-27 01:49:22 {"status":"ok","gid":407953,"msg":"添加成功！"}
2021-07-27 01:49:22 下次操作: 2021-07-27 01:49:34

2021-07-27 01:49:34 开始第 18 次操作

2021-07-27 01:49:34 开始操作号码 【1827458】
2021-07-27 01:49:38 GSD getOne 第 1 次 等待 3 秒
2021-07-27 01:49:41 查询号码 【1827458】，返回信息 {"status":"bad","msg":""}
2021-07-27 01:49:41 查询号码 【1827458】，GSD为【""】
2021-07-27 01:49:41 bad
2021-07-27 01:49:42 CHB 1827458?1627321781 第 1 次 等待 3 秒
2021-07-27 01:49:45 CHB 1827458?1627321781 第 1 次 获取到号码【1827458】GSD
2021-07-27 01:49:46 获取到号码【1827458】的GSD为【湖南-怀化】
2021-07-27 01:50:03 GSD insert 第 1 次 等待 3 秒
2021-07-27 01:50:06 {"status":"ok","gid":407963,"msg":"添加成功！"}
2021-07-27 01:50:06 下次操作: 2021-07-27 01:50:30

2021-07-27 01:50:30 开始第 19 次操作

2021-07-27 01:50:30 开始操作号码 【1827457】
2021-07-27 01:50:34 GSD getOne 第 1 次 等待 3 秒
2021-07-27 01:50:37 查询号码 【1827457】，返回信息 {"status":"bad","msg":""}
2021-07-27 01:50:38 查询号码 【1827457】，GSD为【""】
2021-07-27 01:50:38 bad
2021-07-27 01:50:39 CHB 1827457?1627321838 第 1 次 等待 3 秒
2021-07-27 01:50:42 CHB 1827457?1627321838 第 1 次 获取到号码【1827457】GSD
2021-07-27 01:50:42 获取到号码【1827457】的GSD为【湖南-怀化】
2021-07-27 01:51:00 GSD insert 第 1 次 等待 3 秒
2021-07-27 01:51:03 {"status":"ok","gid":407974,"msg":"添加成功！"}
2021-07-27 01:51:03 下次操作: 2021-07-27 01:51:23

2021-07-27 01:51:23 开始第 20 次操作

2021-07-27 01:51:23 开始操作号码 【1827456】
2021-07-27 01:51:29 GSD getOne 第 1 次 等待 3 秒
2021-07-27 01:51:32 查询号码 【1827456】，返回信息 {"status":"bad","msg":""}
2021-07-27 01:51:32 查询号码 【1827456】，GSD为【""】
2021-07-27 01:51:32 bad
2021-07-27 01:51:33 CHB 1827456?1627321892 第 1 次 等待 3 秒
2021-07-27 01:51:36 CHB 1827456?1627321892 第 1 次 获取到号码【1827456】GSD
2021-07-27 01:51:36 获取到号码【1827456】的GSD为【湖南-怀化】
2021-07-27 01:51:59 GSD insert 第 1 次 等待 3 秒
2021-07-27 01:52:02 {"status":"ok","gid":407990,"msg":"添加成功！"}
2021-07-27 01:52:02 下次操作: 2021-07-27 01:52:19

2021-07-27 01:52:19 开始第 21 次操作

2021-07-27 01:52:19 开始操作号码 【1827455】
2021-07-27 01:52:22 GSD getOne 第 1 次 等待 3 秒
2021-07-27 01:52:25 查询号码 【1827455】，返回信息 {"status":"bad","msg":""}
2021-07-27 01:52:25 查询号码 【1827455】，GSD为【""】
2021-07-27 01:52:25 bad
2021-07-27 01:52:27 CHB 1827455?1627321945 第 1 次 等待 3 秒
2021-07-27 01:52:30 CHB 1827455?1627321945 第 1 次 获取到号码【1827455】GSD
2021-07-27 01:52:30 获取到号码【1827455】的GSD为【湖南-怀化】
2021-07-27 01:52:48 GSD insert 第 1 次 等待 3 秒
2021-07-27 01:52:51 {"status":"ok","gid":408001,"msg":"添加成功！"}
2021-07-27 01:52:51 下次操作: 2021-07-27 01:53:05

2021-07-27 01:53:05 开始第 22 次操作

2021-07-27 01:53:05 开始操作号码 【1827454】
2021-07-27 01:53:08 GSD getOne 第 1 次 等待 3 秒
2021-07-27 01:53:11 查询号码 【1827454】，返回信息 {"status":"bad","msg":""}
2021-07-27 01:53:12 查询号码 【1827454】，GSD为【""】
2021-07-27 01:53:12 bad
2021-07-27 01:53:13 CHB 1827454?1627321992 第 1 次 等待 3 秒
2021-07-27 01:53:16 CHB 1827454?1627321992 第 1 次 获取到号码【1827454】GSD
2021-07-27 01:53:16 获取到号码【1827454】的GSD为【湖南-怀化】
2021-07-27 01:53:34 GSD insert 第 1 次 等待 3 秒
2021-07-27 01:53:37 {"status":"ok","gid":408014,"msg":"添加成功！"}
2021-07-27 01:53:37 下次操作: 2021-07-27 01:53:58

2021-07-27 01:53:58 开始第 23 次操作

2021-07-27 01:53:58 开始操作号码 【1827453】
2021-07-27 01:54:02 GSD getOne 第 1 次 等待 3 秒
2021-07-27 01:54:05 查询号码 【1827453】，返回信息 {"status":"bad","msg":""}
2021-07-27 01:54:05 查询号码 【1827453】，GSD为【""】
2021-07-27 01:54:05 bad
2021-07-27 01:54:07 CHB 1827453?1627322045 第 1 次 等待 3 秒
2021-07-27 01:54:10 CHB 1827453?1627322045 第 1 次 获取到号码【1827453】GSD
2021-07-27 01:54:10 获取到号码【1827453】的GSD为【湖南-怀化】
2021-07-27 01:54:28 GSD insert 第 1 次 等待 3 秒
2021-07-27 01:54:31 {"status":"ok","gid":408025,"msg":"添加成功！"}
2021-07-27 01:54:31 下次操作: 2021-07-27 01:54:43

2021-07-27 01:54:43 开始第 24 次操作

2021-07-27 01:54:43 开始操作号码 【1827452】
2021-07-27 01:54:49 GSD getOne 第 1 次 等待 3 秒
2021-07-27 01:54:52 查询号码 【1827452】，返回信息 {"status":"bad","msg":""}
2021-07-27 01:54:52 查询号码 【1827452】，GSD为【""】
2021-07-27 01:54:52 bad
2021-07-27 01:54:54 CHB 1827452?1627322092 第 1 次 等待 3 秒
2021-07-27 01:54:57 CHB 1827452?1627322092 第 1 次 获取到号码【1827452】GSD
2021-07-27 01:54:57 获取到号码【1827452】的GSD为【湖南-怀化】
2021-07-27 01:55:17 GSD insert 第 1 次 等待 3 秒
2021-07-27 01:55:20 {"status":"ok","gid":408038,"msg":"添加成功！"}
2021-07-27 01:55:20 下次操作: 2021-07-27 01:55:40

2021-07-27 01:55:40 开始第 25 次操作

2021-07-27 01:55:40 开始操作号码 【1827451】
2021-07-27 01:55:42 GSD getOne 第 1 次 等待 3 秒
2021-07-27 01:55:45 查询号码 【1827451】，返回信息 {"status":"bad","msg":""}
2021-07-27 01:55:45 查询号码 【1827451】，GSD为【""】
2021-07-27 01:55:45 bad
2021-07-27 01:55:47 CHB 1827451?1627322145 第 1 次 等待 3 秒
2021-07-27 01:55:50 CHB 1827451?1627322145 第 1 次 获取到号码【1827451】GSD
2021-07-27 01:55:50 获取到号码【1827451】的GSD为【湖南-怀化】
2021-07-27 01:56:08 GSD insert 第 1 次 等待 3 秒
2021-07-27 01:56:11 {"status":"ok","gid":408051,"msg":"添加成功！"}
2021-07-27 01:56:11 下次操作: 2021-07-27 01:56:28

2021-07-27 01:56:28 开始第 26 次操作

2021-07-27 01:56:28 开始操作号码 【1827450】
2021-07-27 01:56:32 GSD getOne 第 1 次 等待 3 秒
2021-07-27 01:56:35 查询号码 【1827450】，返回信息 {"status":"bad","msg":""}
2021-07-27 01:56:35 查询号码 【1827450】，GSD为【""】
2021-07-27 01:56:35 bad
2021-07-27 01:56:36 CHB 1827450?1627322195 第 1 次 等待 3 秒
2021-07-27 01:56:39 CHB 1827450?1627322195 第 1 次 获取到号码【1827450】GSD
2021-07-27 01:56:39 获取到号码【1827450】的GSD为【湖南-怀化】
2021-07-27 01:56:58 GSD insert 第 1 次 等待 3 秒
2021-07-27 01:57:01 {"status":"ok","gid":408061,"msg":"添加成功！"}
2021-07-27 01:57:01 下次操作: 2021-07-27 01:57:14

2021-07-27 01:57:14 开始第 27 次操作

2021-07-27 01:57:14 开始操作号码 【1827449】
2021-07-27 01:57:16 GSD getOne 第 1 次 等待 3 秒
2021-07-27 01:57:19 查询号码 【1827449】，返回信息 {"status":"bad","msg":""}
2021-07-27 01:57:19 查询号码 【1827449】，GSD为【""】
2021-07-27 01:57:19 bad
2021-07-27 01:57:21 CHB 1827449?1627322239 第 1 次 等待 3 秒
2021-07-27 01:57:24 CHB 1827449?1627322239 第 1 次 获取到号码【1827449】GSD
2021-07-27 01:57:24 获取到号码【1827449】的GSD为【湖南-邵阳】
2021-07-27 01:57:44 GSD insert 第 1 次 等待 3 秒
2021-07-27 01:57:47 {"status":"ok","gid":408075,"msg":"添加成功！"}
2021-07-27 01:57:47 下次操作: 2021-07-27 01:58:02

2021-07-27 01:58:02 开始第 28 次操作

2021-07-27 01:58:02 开始操作号码 【1827448】
2021-07-27 01:58:04 GSD getOne 第 1 次 等待 3 秒
2021-07-27 01:58:07 查询号码 【1827448】，返回信息 {"status":"bad","msg":""}
2021-07-27 01:58:08 查询号码 【1827448】，GSD为【""】
2021-07-27 01:58:08 bad
2021-07-27 01:58:09 CHB 1827448?1627322288 第 1 次 等待 3 秒
2021-07-27 01:58:12 CHB 1827448?1627322288 第 1 次 获取到号码【1827448】GSD
2021-07-27 01:58:12 获取到号码【1827448】的GSD为【湖南-邵阳】
2021-07-27 01:58:30 GSD insert 第 1 次 等待 3 秒
2021-07-27 01:58:33 {"status":"ok","gid":408085,"msg":"添加成功！"}
2021-07-27 01:58:33 下次操作: 2021-07-27 01:58:47

2021-07-27 01:58:47 开始第 29 次操作

2021-07-27 01:58:47 开始操作号码 【1827447】
2021-07-27 01:58:50 GSD getOne 第 1 次 等待 3 秒
2021-07-27 01:58:53 查询号码 【1827447】，返回信息 {"status":"bad","msg":""}
2021-07-27 01:58:53 查询号码 【1827447】，GSD为【""】
2021-07-27 01:58:53 bad
2021-07-27 01:58:55 CHB 1827447?1627322333 第 1 次 等待 3 秒
2021-07-27 01:58:58 CHB 1827447?1627322333 第 1 次 获取到号码【1827447】GSD
2021-07-27 01:58:58 获取到号码【1827447】的GSD为【湖南-邵阳】
2021-07-27 01:59:16 GSD insert 第 1 次 等待 3 秒
2021-07-27 01:59:19 {"status":"ok","gid":408098,"msg":"添加成功！"}
2021-07-27 01:59:19 下次操作: 2021-07-27 01:59:43

2021-07-27 01:59:43 开始第 30 次操作

2021-07-27 01:59:43 开始操作号码 【1827446】
2021-07-27 01:59:45 GSD getOne 第 1 次 等待 3 秒
2021-07-27 01:59:48 查询号码 【1827446】，返回信息 {"status":"bad","msg":""}
2021-07-27 01:59:48 查询号码 【1827446】，GSD为【""】
2021-07-27 01:59:48 bad
2021-07-27 02:00:16 CHB 1827446?1627322388 第 1 次 等待 3 秒
2021-07-27 02:00:19 CHB 1827446?1627322388 第 1 次 获取到号码【1827446】GSD
2021-07-27 02:00:19 获取到号码【1827446】的GSD为【湖南-邵阳】
2021-07-27 02:00:22 GSD insert 第 1 次 等待 3 秒
2021-07-27 02:00:25 {"status":"ok","gid":408112,"msg":"添加成功！"}
2021-07-27 02:00:25 下次操作: 2021-07-27 02:00:45

2021-07-27 02:00:45 开始第 31 次操作

2021-07-27 02:00:45 开始操作号码 【1827445】
2021-07-27 02:00:48 GSD getOne 第 1 次 等待 3 秒
2021-07-27 02:00:51 查询号码 【1827445】，返回信息 {"status":"bad","msg":""}
2021-07-27 02:00:51 查询号码 【1827445】，GSD为【""】
2021-07-27 02:00:51 bad
2021-07-27 02:00:52 CHB 1827445?1627322451 第 1 次 等待 3 秒
2021-07-27 02:00:55 CHB 1827445?1627322451 第 1 次 获取到号码【1827445】GSD
2021-07-27 02:00:55 获取到号码【1827445】的GSD为【湖南-邵阳】
2021-07-27 02:01:14 GSD insert 第 1 次 等待 3 秒
2021-07-27 02:01:17 {"status":"ok","gid":408126,"msg":"添加成功！"}
2021-07-27 02:01:17 下次操作: 2021-07-27 02:01:29

2021-07-27 02:01:29 开始第 32 次操作

2021-07-27 02:01:29 开始操作号码 【1827444】
2021-07-27 02:01:33 GSD getOne 第 1 次 等待 3 秒
2021-07-27 02:01:36 查询号码 【1827444】，返回信息 {"status":"bad","msg":""}
2021-07-27 02:01:36 查询号码 【1827444】，GSD为【""】
2021-07-27 02:01:36 bad
2021-07-27 02:01:37 CHB 1827444?1627322496 第 1 次 等待 3 秒
2021-07-27 02:01:40 CHB 1827444?1627322496 第 1 次 获取到号码【1827444】GSD
2021-07-27 02:01:40 获取到号码【1827444】的GSD为【湖南-邵阳】
2021-07-27 02:01:59 GSD insert 第 1 次 等待 3 秒
2021-07-27 02:02:02 {"status":"ok","gid":408135,"msg":"添加成功！"}
2021-07-27 02:02:02 下次操作: 2021-07-27 02:02:24

2021-07-27 02:02:24 开始第 33 次操作

2021-07-27 02:02:24 开始操作号码 【1827443】
2021-07-27 02:02:26 GSD getOne 第 1 次 等待 3 秒
2021-07-27 02:02:29 查询号码 【1827443】，返回信息 {"status":"bad","msg":""}
2021-07-27 02:02:29 查询号码 【1827443】，GSD为【""】
2021-07-27 02:02:29 bad
2021-07-27 02:02:31 CHB 1827443?1627322549 第 1 次 等待 3 秒
2021-07-27 02:02:34 CHB 1827443?1627322549 第 1 次 获取到号码【1827443】GSD
2021-07-27 02:02:34 获取到号码【1827443】的GSD为【湖南-邵阳】
2021-07-27 02:02:52 GSD insert 第 1 次 等待 3 秒
2021-07-27 02:02:55 {"status":"ok","gid":408147,"msg":"添加成功！"}
2021-07-27 02:02:55 下次操作: 2021-07-27 02:03:16

2021-07-27 02:03:16 开始第 34 次操作

2021-07-27 02:03:16 开始操作号码 【1827442】
2021-07-27 02:03:19 GSD getOne 第 1 次 等待 3 秒
2021-07-27 02:03:22 查询号码 【1827442】，返回信息 {"status":"ok","msg":"湖南-邵阳","gid":"35910","time_insert":"2019-01-14 15:31","time_update":"2020-09-23 16:26"}
2021-07-27 02:03:22 查询号码 【1827442】，GSD为【"湖南-邵阳"】

2021-07-27 02:03:22 开始第 34 次操作

2021-07-27 02:03:22 开始操作号码 【1827441】
2021-07-27 02:03:40 GSD getOne 第 1 次 等待 3 秒
2021-07-27 02:03:43 查询号码 【1827441】，返回信息 {"status":"bad","msg":""}
2021-07-27 02:03:43 查询号码 【1827441】，GSD为【""】
2021-07-27 02:03:43 bad
2021-07-27 02:03:44 CHB 1827441?1627322623 第 1 次 等待 3 秒
2021-07-27 02:03:47 CHB 1827441?1627322623 第 1 次 获取到号码【1827441】GSD
2021-07-27 02:03:47 获取到号码【1827441】的GSD为【湖南-邵阳】
2021-07-27 02:04:05 GSD insert 第 1 次 等待 3 秒
2021-07-27 02:04:08 {"status":"ok","gid":408159,"msg":"添加成功！"}
2021-07-27 02:04:08 下次操作: 2021-07-27 02:04:27

2021-07-27 02:04:27 开始第 35 次操作

2021-07-27 02:04:27 开始操作号码 【1827440】
2021-07-27 02:04:30 GSD getOne 第 1 次 等待 3 秒
2021-07-27 02:04:33 查询号码 【1827440】，返回信息 {"status":"bad","msg":""}
2021-07-27 02:04:33 查询号码 【1827440】，GSD为【""】
2021-07-27 02:04:33 bad
2021-07-27 02:04:35 CHB 1827440?1627322673 第 1 次 等待 3 秒
2021-07-27 02:04:38 CHB 1827440?1627322673 第 1 次 获取到号码【1827440】GSD
2021-07-27 02:04:38 获取到号码【1827440】的GSD为【湖南-邵阳】
2021-07-27 02:04:56 GSD insert 第 1 次 等待 3 秒
2021-07-27 02:04:59 {"status":"ok","gid":408166,"msg":"添加成功！"}
2021-07-27 02:04:59 下次操作: 2021-07-27 02:05:23

2021-07-27 02:05:23 开始第 36 次操作

2021-07-27 02:05:23 开始操作号码 【1827439】
2021-07-27 02:05:25 GSD getOne 第 1 次 等待 3 秒
2021-07-27 02:05:28 查询号码 【1827439】，返回信息 {"status":"ok","msg":"湖南-邵阳","gid":"35909","time_insert":"2017-06-11 21:48","time_update":"2021-06-15 15:34"}
2021-07-27 02:05:28 查询号码 【1827439】，GSD为【"湖南-邵阳"】

2021-07-27 02:05:28 开始第 36 次操作

2021-07-27 02:05:28 开始操作号码 【1827438】
2021-07-27 02:05:48 GSD getOne 第 1 次 等待 3 秒
2021-07-27 02:05:51 查询号码 【1827438】，返回信息 {"status":"bad","msg":""}
2021-07-27 02:05:51 查询号码 【1827438】，GSD为【""】
2021-07-27 02:05:51 bad
2021-07-27 02:05:53 CHB 1827438?1627322751 第 1 次 等待 3 秒
2021-07-27 02:05:56 CHB 1827438?1627322751 第 1 次 获取到号码【1827438】GSD
2021-07-27 02:05:56 获取到号码【1827438】的GSD为【湖南-邵阳】
2021-07-27 02:06:14 GSD insert 第 1 次 等待 3 秒
2021-07-27 02:06:17 {"status":"ok","gid":408176,"msg":"添加成功！"}
2021-07-27 02:06:17 下次操作: 2021-07-27 02:06:33

2021-07-27 02:06:33 开始第 37 次操作

2021-07-27 02:06:33 开始操作号码 【1827437】
2021-07-27 02:06:36 GSD getOne 第 1 次 等待 3 秒
2021-07-27 02:06:39 查询号码 【1827437】，返回信息 {"status":"bad","msg":""}
2021-07-27 02:06:39 查询号码 【1827437】，GSD为【""】
2021-07-27 02:06:39 bad
2021-07-27 02:06:40 CHB 1827437?1627322799 第 1 次 等待 3 秒
2021-07-27 02:06:43 CHB 1827437?1627322799 第 1 次 获取到号码【1827437】GSD
2021-07-27 02:06:43 获取到号码【1827437】的GSD为【湖南-邵阳】
2021-07-27 02:07:01 GSD insert 第 1 次 等待 3 秒
2021-07-27 02:07:04 {"status":"ok","gid":408182,"msg":"添加成功！"}
2021-07-27 02:07:04 下次操作: 2021-07-27 02:07:21

2021-07-27 02:07:21 开始第 38 次操作

2021-07-27 02:07:21 开始操作号码 【1827436】
2021-07-27 02:07:24 GSD getOne 第 1 次 等待 3 秒
2021-07-27 02:07:27 查询号码 【1827436】，返回信息 {"status":"bad","msg":""}
2021-07-27 02:07:27 查询号码 【1827436】，GSD为【""】
2021-07-27 02:07:27 bad
2021-07-27 02:07:29 CHB 1827436?1627322847 第 1 次 等待 3 秒
2021-07-27 02:07:32 CHB 1827436?1627322847 第 1 次 获取到号码【1827436】GSD
2021-07-27 02:07:32 获取到号码【1827436】的GSD为【湖南-邵阳】
2021-07-27 02:07:50 GSD insert 第 1 次 等待 3 秒
2021-07-27 02:07:53 {"status":"ok","gid":408189,"msg":"添加成功！"}
2021-07-27 02:07:53 下次操作: 2021-07-27 02:08:14

2021-07-27 02:08:14 开始第 39 次操作

2021-07-27 02:08:14 开始操作号码 【1827435】
2021-07-27 02:08:16 GSD getOne 第 1 次 等待 3 秒
2021-07-27 02:08:19 查询号码 【1827435】，返回信息 {"status":"bad","msg":""}
2021-07-27 02:08:20 查询号码 【1827435】，GSD为【""】
2021-07-27 02:08:20 bad
2021-07-27 02:08:21 CHB 1827435?1627322900 第 1 次 等待 3 秒
2021-07-27 02:08:24 CHB 1827435?1627322900 第 1 次 获取到号码【1827435】GSD
2021-07-27 02:08:24 获取到号码【1827435】的GSD为【湖南-邵阳】
2021-07-27 02:08:27 GSD insert 第 1 次 等待 3 秒
2021-07-27 02:08:30 {"status":"ok","gid":408192,"msg":"添加成功！"}
2021-07-27 02:08:30 下次操作: 2021-07-27 02:08:54

2021-07-27 02:08:54 开始第 40 次操作

2021-07-27 02:08:54 开始操作号码 【1827434】
2021-07-27 02:08:57 GSD getOne 第 1 次 等待 3 秒
2021-07-27 02:09:00 查询号码 【1827434】，返回信息 {"status":"bad","msg":""}
2021-07-27 02:09:00 查询号码 【1827434】，GSD为【""】
2021-07-27 02:09:00 bad
2021-07-27 02:09:01 CHB 1827434?1627322940 第 1 次 等待 3 秒
2021-07-27 02:09:04 CHB 1827434?1627322940 第 1 次 获取到号码【1827434】GSD
2021-07-27 02:09:04 获取到号码【1827434】的GSD为【湖南-邵阳】
2021-07-27 02:09:07 GSD insert 第 1 次 等待 3 秒
2021-07-27 02:09:10 {"status":"ok","gid":408196,"msg":"添加成功！"}

