2024-09-12 00:26:03 开始第 4073 次操作

2024-09-12 00:26:03 开始操作号码 【1394072】
2024-09-12 00:26:13 GSD getOne 第 1 次 等待 3 秒
2024-09-12 00:26:16 查询号码 【1394072】，返回信息 {"status":"ok","msg":"辽宁-营口","gid":"201377","time_insert":"2021-07-05 22:46","time_update":"2021-07-08 15:24"}
2024-09-12 00:26:16 查询号码 【1394072】，GSD为【"辽宁-营口"】

2024-09-12 00:26:17 开始第 4074 次操作

2024-09-12 00:26:17 开始操作号码 【1394073】
2024-09-12 00:26:25 GSD getOne 第 1 次 等待 3 秒
2024-09-12 00:26:28 查询号码 【1394073】，返回信息 {"status":"ok","msg":"辽宁-营口","gid":"201476","time_insert":"2021-07-05 22:58"}
2024-09-12 00:26:28 查询号码 【1394073】，GSD为【"辽宁-营口"】

2024-09-12 00:26:29 开始第 4075 次操作

2024-09-12 00:26:29 开始操作号码 【1394074】
2024-09-12 00:26:37 GSD getOne 第 1 次 等待 3 秒
2024-09-12 00:26:40 查询号码 【1394074】，返回信息 {"status":"ok","msg":"辽宁-营口","gid":"201569","time_insert":"2021-07-05 23:12"}
2024-09-12 00:26:40 查询号码 【1394074】，GSD为【"辽宁-营口"】

2024-09-12 00:26:41 开始第 4076 次操作

2024-09-12 00:26:41 开始操作号码 【1394075】
2024-09-12 00:26:49 GSD getOne 第 1 次 等待 3 秒
2024-09-12 00:26:52 查询号码 【1394075】，返回信息 {"status":"ok","msg":"辽宁-营口","gid":"201618","time_insert":"2021-07-05 23:22"}
2024-09-12 00:26:52 查询号码 【1394075】，GSD为【"辽宁-营口"】

