2024-10-22 00:08:28 开始第 785 次操作

2024-10-22 00:08:28 开始操作号码 【1310784】
2024-10-22 00:08:30 GSD getOne 第 1 次 等待 3 秒
2024-10-22 00:08:33 查询号码 【1310784】，返回信息 {"status":"ok","msg":"福建-泉州","gid":"60293","time_insert":"2021-05-17 03:23"}
2024-10-22 00:08:33 查询号码 【1310784】，GSD为【"福建-泉州"】

2024-10-22 00:08:34 开始第 786 次操作

2024-10-22 00:08:34 开始操作号码 【1310785】
2024-10-22 00:08:35 GSD getOne 第 1 次 等待 3 秒
2024-10-22 00:08:38 查询号码 【1310785】，返回信息 {"status":"ok","msg":"福建-泉州","gid":"60299","time_insert":"2021-05-17 03:38"}
2024-10-22 00:08:38 查询号码 【1310785】，GSD为【"福建-泉州"】

2024-10-22 00:08:39 开始第 787 次操作

2024-10-22 00:08:39 开始操作号码 【1310786】
2024-10-22 00:08:40 GSD getOne 第 1 次 等待 3 秒
2024-10-22 00:08:44 查询号码 【1310786】，返回信息 {"status":"ok","msg":"福建-泉州","gid":"60309","time_insert":"2021-05-17 04:00"}
2024-10-22 00:08:44 查询号码 【1310786】，GSD为【"福建-泉州"】

2024-10-22 00:08:45 开始第 788 次操作

2024-10-22 00:08:45 开始操作号码 【1310787】
2024-10-22 00:08:46 GSD getOne 第 1 次 等待 3 秒
2024-10-22 00:08:49 查询号码 【1310787】，返回信息 {"status":"ok","msg":"福建-泉州","gid":"60321","time_insert":"2021-05-17 04:28"}
2024-10-22 00:08:49 查询号码 【1310787】，GSD为【"福建-泉州"】

2024-10-22 00:42:33 开始第 789 次操作

2024-10-22 00:42:33 开始操作号码 【1310788】
2024-10-22 00:42:34 GSD getOne 第 1 次 等待 3 秒
2024-10-22 00:42:37 查询号码 【1310788】，返回信息 {"status":"ok","msg":"福建-泉州","gid":"1035","time_insert":"2018-06-06 23:00","time_update":"2020-09-06 20:21"}
2024-10-22 00:42:37 查询号码 【1310788】，GSD为【"福建-泉州"】

2024-10-22 00:42:38 开始第 790 次操作

2024-10-22 00:42:38 开始操作号码 【1310789】
2024-10-22 00:42:40 GSD getOne 第 1 次 等待 3 秒
2024-10-22 00:42:43 查询号码 【1310789】，返回信息 {"status":"ok","msg":"福建-泉州","gid":"1036","time_insert":"2020-05-06 17:30","time_update":"2020-09-06 20:16"}
2024-10-22 00:42:43 查询号码 【1310789】，GSD为【"福建-泉州"】

2024-10-22 00:42:44 开始第 791 次操作

2024-10-22 00:42:44 开始操作号码 【1310790】
2024-10-22 00:42:45 GSD getOne 第 1 次 等待 3 秒
2024-10-22 00:42:48 查询号码 【1310790】，返回信息 {"status":"ok","msg":"福建-三明","gid":"60331","time_insert":"2021-05-17 04:52"}
2024-10-22 00:42:48 查询号码 【1310790】，GSD为【"福建-三明"】

2024-10-22 00:42:49 开始第 792 次操作

2024-10-22 00:42:49 开始操作号码 【1310791】
2024-10-22 00:42:50 GSD getOne 第 1 次 等待 3 秒
2024-10-22 00:42:53 查询号码 【1310791】，返回信息 {"status":"ok","msg":"福建-三明","gid":"60341","time_insert":"2021-05-17 05:11"}
2024-10-22 00:42:53 查询号码 【1310791】，GSD为【"福建-三明"】

2024-10-22 01:06:04 开始第 793 次操作

2024-10-22 01:06:04 开始操作号码 【1310792】
2024-10-22 01:06:06 GSD getOne 第 1 次 等待 3 秒
2024-10-22 01:06:09 查询号码 【1310792】，返回信息 {"status":"ok","msg":"福建-福州","gid":"60354","time_insert":"2021-05-17 05:35"}
2024-10-22 01:06:09 查询号码 【1310792】，GSD为【"福建-福州"】

2024-10-22 01:06:10 开始第 794 次操作

2024-10-22 01:06:10 开始操作号码 【1310793】
2024-10-22 01:06:11 GSD getOne 第 1 次 等待 3 秒
2024-10-22 01:06:14 查询号码 【1310793】，返回信息 {"status":"ok","msg":"福建-福州","gid":"60369","time_insert":"2021-05-17 06:04"}
2024-10-22 01:06:14 查询号码 【1310793】，GSD为【"福建-福州"】

2024-10-22 01:06:15 开始第 795 次操作

2024-10-22 01:06:15 开始操作号码 【1310794】
2024-10-22 01:06:16 GSD getOne 第 1 次 等待 3 秒
2024-10-22 01:06:19 查询号码 【1310794】，返回信息 {"status":"ok","msg":"福建-福州","gid":"1037","time_insert":"2015-02-28 11:52","time_update":"2020-09-06 20:00"}
2024-10-22 01:06:19 查询号码 【1310794】，GSD为【"福建-福州"】

2024-10-22 01:06:20 开始第 796 次操作

2024-10-22 01:06:20 开始操作号码 【1310795】
2024-10-22 01:06:21 GSD getOne 第 1 次 等待 3 秒
2024-10-22 01:06:24 查询号码 【1310795】，返回信息 {"status":"ok","msg":"福建-莆田","gid":"60386","time_insert":"2021-05-17 06:33"}
2024-10-22 01:06:24 查询号码 【1310795】，GSD为【"福建-莆田"】

