2023-12-06 00:22:54 开始第 1605 次操作

2023-12-06 00:22:54 开始操作号码 【1831524】
2023-12-06 00:22:57 GSD getOne 第 1 次 等待 3 秒
2023-12-06 00:23:00 查询号码 【1831524】，返回信息 {"status":"ok","msg":"重庆-黔江","gid":"289597","time_insert":"2021-07-16 03:08"}
2023-12-06 00:23:00 查询号码 【1831524】，GSD为【"重庆-黔江"】

2023-12-06 00:23:01 开始第 1606 次操作

2023-12-06 00:23:01 开始操作号码 【1831525】
2023-12-06 00:23:05 GSD getOne 第 1 次 等待 3 秒
2023-12-06 00:23:08 查询号码 【1831525】，返回信息 {"status":"ok","msg":"重庆-黔江","gid":"50387","time_insert":"2021-04-21 16:32"}
2023-12-06 00:23:08 查询号码 【1831525】，GSD为【"重庆-黔江"】

2023-12-06 00:23:09 开始第 1607 次操作

2023-12-06 00:23:09 开始操作号码 【1831526】
2023-12-06 00:23:12 GSD getOne 第 1 次 等待 3 秒
2023-12-06 00:23:15 查询号码 【1831526】，返回信息 {"status":"ok","msg":"重庆-黔江","gid":"37322","time_insert":"2016-10-04 11:18","time_update":"2021-01-16 19:07"}
2023-12-06 00:23:15 查询号码 【1831526】，GSD为【"重庆-黔江"】

2023-12-06 00:23:16 开始第 1608 次操作

2023-12-06 00:23:16 开始操作号码 【1831527】
2023-12-06 00:23:20 GSD getOne 第 1 次 等待 3 秒
2023-12-06 00:23:23 查询号码 【1831527】，返回信息 {"status":"ok","msg":"重庆-黔江","gid":"289612","time_insert":"2021-07-16 03:09"}
2023-12-06 00:23:23 查询号码 【1831527】，GSD为【"重庆-黔江"】

2023-12-06 00:41:38 开始第 1609 次操作

2023-12-06 00:41:38 开始操作号码 【1831528】
2023-12-06 00:41:42 GSD getOne 第 1 次 等待 3 秒
2023-12-06 00:41:45 查询号码 【1831528】，返回信息 {"status":"ok","msg":"重庆-黔江","gid":"37323","time_insert":"2014-02-12 16:41","time_update":"2021-01-16 19:11"}
2023-12-06 00:41:45 查询号码 【1831528】，GSD为【"重庆-黔江"】

2023-12-06 00:41:46 开始第 1610 次操作

2023-12-06 00:41:46 开始操作号码 【1831529】
2023-12-06 00:41:49 GSD getOne 第 1 次 等待 3 秒
2023-12-06 00:41:52 查询号码 【1831529】，返回信息 {"status":"ok","msg":"重庆-黔江","gid":"37324","time_insert":"2017-10-26 21:48","time_update":"2021-01-16 19:18"}
2023-12-06 00:41:52 查询号码 【1831529】，GSD为【"重庆-黔江"】

2023-12-06 00:41:53 开始第 1611 次操作

2023-12-06 00:41:53 开始操作号码 【1831530】
2023-12-06 00:41:57 GSD getOne 第 1 次 等待 3 秒
2023-12-06 00:42:00 查询号码 【1831530】，返回信息 {"status":"ok","msg":"安徽-芜湖","gid":"289620","time_insert":"2021-07-16 03:11"}
2023-12-06 00:42:00 查询号码 【1831530】，GSD为【"安徽-芜湖"】

2023-12-06 00:42:01 开始第 1612 次操作

2023-12-06 00:42:01 开始操作号码 【1831531】
2023-12-06 00:42:04 GSD getOne 第 1 次 等待 3 秒
2023-12-06 00:42:07 查询号码 【1831531】，返回信息 {"status":"ok","msg":"安徽-芜湖","gid":"289630","time_insert":"2021-07-16 03:12"}
2023-12-06 00:42:07 查询号码 【1831531】，GSD为【"安徽-芜湖"】

