2024-10-09 00:27:39 开始第 8629 次操作

2024-10-09 00:27:39 开始操作号码 【1398628】
2024-10-09 00:27:41 GSD getOne 第 1 次 等待 3 秒
2024-10-09 00:27:44 查询号码 【1398628】，返回信息 {"status":"ok","msg":"湖北-武汉","gid":"348563","time_insert":"2021-07-21 19:39"}
2024-10-09 00:27:44 查询号码 【1398628】，GSD为【"湖北-武汉"】

2024-10-09 00:27:45 开始第 8630 次操作

2024-10-09 00:27:45 开始操作号码 【1398629】
2024-10-09 00:27:48 GSD getOne 第 1 次 等待 3 秒
2024-10-09 00:27:51 查询号码 【1398629】，返回信息 {"status":"ok","msg":"湖北-武汉","gid":"348555","time_insert":"2021-07-21 19:38"}
2024-10-09 00:27:51 查询号码 【1398629】，GSD为【"湖北-武汉"】

2024-10-09 00:27:52 开始第 8631 次操作

2024-10-09 00:27:52 开始操作号码 【1398630】
2024-10-09 00:27:54 GSD getOne 第 1 次 等待 3 秒
2024-10-09 00:27:57 查询号码 【1398630】，返回信息 {"status":"ok","msg":"湖北-襄阳","gid":"348552","time_insert":"2021-07-21 19:37"}
2024-10-09 00:27:57 查询号码 【1398630】，GSD为【"湖北-襄阳"】

2024-10-09 00:27:58 开始第 8632 次操作

2024-10-09 00:27:58 开始操作号码 【1398631】
2024-10-09 00:28:00 GSD getOne 第 1 次 等待 3 秒
2024-10-09 00:28:03 查询号码 【1398631】，返回信息 {"status":"ok","msg":"湖北-襄阳","gid":"348548","time_insert":"2021-07-21 19:37"}
2024-10-09 00:28:03 查询号码 【1398631】，GSD为【"湖北-襄阳"】

