2024-09-17 00:26:39 开始第 4929 次操作

2024-09-17 00:26:39 开始操作号码 【1394928】
2024-09-17 00:26:47 GSD getOne 第 1 次 等待 3 秒
2024-09-17 00:26:50 查询号码 【1394928】，返回信息 {"status":"ok","msg":"河南-洛阳","gid":"53907","time_insert":"2020-10-28 13:49"}
2024-09-17 00:26:50 查询号码 【1394928】，GSD为【"河南-洛阳"】

2024-09-17 00:26:51 开始第 4930 次操作

2024-09-17 00:26:51 开始操作号码 【1394929】
2024-09-17 00:26:59 GSD getOne 第 1 次 等待 3 秒
2024-09-17 00:27:02 查询号码 【1394929】，返回信息 {"status":"ok","msg":"河南-洛阳","gid":"261515","time_insert":"2021-07-13 02:30"}
2024-09-17 00:27:02 查询号码 【1394929】，GSD为【"河南-洛阳"】

2024-09-17 00:27:03 开始第 4931 次操作

2024-09-17 00:27:03 开始操作号码 【1394930】
2024-09-17 00:27:12 GSD getOne 第 1 次 等待 3 秒
2024-09-17 00:27:15 查询号码 【1394930】，返回信息 {"status":"ok","msg":"河南-南阳","gid":"261536","time_insert":"2021-07-13 02:41"}
2024-09-17 00:27:15 查询号码 【1394930】，GSD为【"河南-南阳"】

2024-09-17 00:27:16 开始第 4932 次操作

2024-09-17 00:27:16 开始操作号码 【1394931】
2024-09-17 00:27:24 GSD getOne 第 1 次 等待 3 秒
2024-09-17 00:27:27 查询号码 【1394931】，返回信息 {"status":"ok","msg":"河南-南阳","gid":"261744","time_insert":"2021-07-13 02:56"}
2024-09-17 00:27:27 查询号码 【1394931】，GSD为【"河南-南阳"】

2024-09-17 00:46:40 开始第 4933 次操作

2024-09-17 00:46:40 开始操作号码 【1394932】
2024-09-17 00:46:51 GSD getOne 第 1 次 等待 3 秒
2024-09-17 00:46:54 查询号码 【1394932】，返回信息 {"status":"ok","msg":"河南-南阳","gid":"53908","time_insert":"2020-01-10 06:49"}
2024-09-17 00:46:54 查询号码 【1394932】，GSD为【"河南-南阳"】

2024-09-17 00:46:55 开始第 4934 次操作

2024-09-17 00:46:55 开始操作号码 【1394933】
2024-09-17 00:47:04 GSD getOne 第 1 次 等待 3 秒
2024-09-17 00:47:07 查询号码 【1394933】，返回信息 {"status":"ok","msg":"河南-南阳","gid":"53909","time_insert":"2021-02-16 18:26"}
2024-09-17 00:47:07 查询号码 【1394933】，GSD为【"河南-南阳"】

2024-09-17 00:47:08 开始第 4935 次操作

2024-09-17 00:47:08 开始操作号码 【1394934】
2024-09-17 00:47:16 GSD getOne 第 1 次 等待 3 秒
2024-09-17 00:47:19 查询号码 【1394934】，返回信息 {"status":"ok","msg":"河南-南阳","gid":"53910","time_insert":"2020-10-05 07:34"}
2024-09-17 00:47:19 查询号码 【1394934】，GSD为【"河南-南阳"】

2024-09-17 00:47:20 开始第 4936 次操作

2024-09-17 00:47:20 开始操作号码 【1394935】
2024-09-17 00:47:28 GSD getOne 第 1 次 等待 3 秒
2024-09-17 00:47:31 查询号码 【1394935】，返回信息 {"status":"ok","msg":"河南-南阳","gid":"53911","time_insert":"2021-01-17 08:40"}
2024-09-17 00:47:31 查询号码 【1394935】，GSD为【"河南-南阳"】

2024-09-17 01:19:39 开始第 4937 次操作

2024-09-17 01:19:39 开始操作号码 【1394936】
2024-09-17 01:19:47 GSD getOne 第 1 次 等待 3 秒
2024-09-17 01:19:50 查询号码 【1394936】，返回信息 {"status":"ok","msg":"河南-南阳","gid":"261863","time_insert":"2021-07-13 03:12"}
2024-09-17 01:19:50 查询号码 【1394936】，GSD为【"河南-南阳"】

2024-09-17 01:19:51 开始第 4938 次操作

2024-09-17 01:19:51 开始操作号码 【1394937】
2024-09-17 01:19:59 GSD getOne 第 1 次 等待 3 秒
2024-09-17 01:20:02 查询号码 【1394937】，返回信息 {"status":"ok","msg":"河南-南阳","gid":"53912","time_insert":"2020-08-06 13:44"}
2024-09-17 01:20:02 查询号码 【1394937】，GSD为【"河南-南阳"】

2024-09-17 01:20:03 开始第 4939 次操作

2024-09-17 01:20:03 开始操作号码 【1394938】
2024-09-17 01:20:12 GSD getOne 第 1 次 等待 3 秒
2024-09-17 01:20:15 查询号码 【1394938】，返回信息 {"status":"ok","msg":"河南-南阳","gid":"53913","time_insert":"2021-03-31 08:12"}
2024-09-17 01:20:15 查询号码 【1394938】，GSD为【"河南-南阳"】

2024-09-17 01:20:16 开始第 4940 次操作

2024-09-17 01:20:16 开始操作号码 【1394939】
2024-09-17 01:20:23 GSD getOne 第 1 次 等待 3 秒
2024-09-17 01:20:26 查询号码 【1394939】，返回信息 {"status":"ok","msg":"河南-南阳","gid":"261887","time_insert":"2021-07-13 03:25"}
2024-09-17 01:20:26 查询号码 【1394939】，GSD为【"河南-南阳"】

