2024-02-03 00:18:17 开始第 1577 次操作

2024-02-03 00:18:17 开始操作号码 【1721496】
2024-02-03 00:18:21 GSD getOne 第 1 次 等待 3 秒
2024-02-03 00:18:24 查询号码 【1721496】，返回信息 {"status":"ok","msg":"-","gid":"252820","time_insert":"2021-07-12 02:46"}
2024-02-03 00:18:24 查询号码 【1721496】，GSD为【"-"】
2024-02-03 00:18:24 ok && -
2024-02-03 00:18:27 CHB 1721496?1706890704 第 1 次 等待 3 秒
2024-02-03 00:18:30 CHB 1721496?1706890704 第 1 次 获取到号码【1721496】GSD
2024-02-03 00:18:30 未获取到号码【1721496】GSD，可能号码格式错误
2024-02-03 00:18:30 获取到号码【1721496】的GSD为【-】
2024-02-03 00:18:34 GSD insert 第 1 次 等待 3 秒
2024-02-03 00:18:37 {"status":"bad","gid":"252820","msg":"添加失败！号码【1721496(-|-)】已存在！"}
2024-02-03 00:18:37 随机等待 112 秒，约 1 分钟
2024-02-03 00:18:37 下次操作: 2024-02-03 00:20:29

2024-02-03 00:20:29 开始第 1578 次操作

2024-02-03 00:20:29 开始操作号码 【1721497】
2024-02-03 00:20:33 GSD getOne 第 1 次 等待 3 秒
2024-02-03 00:20:36 查询号码 【1721497】，返回信息 {"status":"ok","msg":"-","gid":"252827","time_insert":"2021-07-12 02:46"}
2024-02-03 00:20:36 查询号码 【1721497】，GSD为【"-"】
2024-02-03 00:20:36 ok && -
2024-02-03 00:20:39 CHB 1721497?1706890836 第 1 次 等待 3 秒
2024-02-03 00:20:42 CHB 1721497?1706890836 第 1 次 获取到号码【1721497】GSD
2024-02-03 00:20:42 未获取到号码【1721497】GSD，可能号码格式错误
2024-02-03 00:20:42 获取到号码【1721497】的GSD为【-】
2024-02-03 00:20:48 GSD insert 第 1 次 等待 3 秒
2024-02-03 00:20:51 {"status":"bad","gid":"252827","msg":"添加失败！号码【1721497(-|-)】已存在！"}
2024-02-03 00:20:51 随机等待 196 秒，约 3 分钟
2024-02-03 00:20:51 下次操作: 2024-02-03 00:24:07

2024-02-03 00:24:07 开始第 1579 次操作

2024-02-03 00:24:07 开始操作号码 【1721498】
2024-02-03 00:24:13 GSD getOne 第 1 次 等待 3 秒
2024-02-03 00:24:16 查询号码 【1721498】，返回信息 {"status":"ok","msg":"-","gid":"252836","time_insert":"2021-07-12 02:47"}
2024-02-03 00:24:16 查询号码 【1721498】，GSD为【"-"】
2024-02-03 00:24:16 ok && -
2024-02-03 00:24:18 CHB 1721498?1706891056 第 1 次 等待 3 秒
2024-02-03 00:24:21 CHB 1721498?1706891056 第 1 次 获取到号码【1721498】GSD
2024-02-03 00:24:21 未获取到号码【1721498】GSD，可能号码格式错误
2024-02-03 00:24:21 获取到号码【1721498】的GSD为【-】
2024-02-03 00:24:26 GSD insert 第 1 次 等待 3 秒
2024-02-03 00:24:29 {"status":"bad","gid":"252836","msg":"添加失败！号码【1721498(-|-)】已存在！"}
2024-02-03 00:24:29 随机等待 189 秒，约 3 分钟
2024-02-03 00:24:29 下次操作: 2024-02-03 00:27:38

2024-02-03 00:27:38 开始第 1580 次操作

2024-02-03 00:27:38 开始操作号码 【1721499】
2024-02-03 00:27:42 GSD getOne 第 1 次 等待 3 秒
2024-02-03 00:27:45 查询号码 【1721499】，返回信息 {"status":"ok","msg":"-","gid":"252845","time_insert":"2021-07-12 02:48"}
2024-02-03 00:27:45 查询号码 【1721499】，GSD为【"-"】
2024-02-03 00:27:45 ok && -
2024-02-03 00:27:47 CHB 1721499?1706891265 第 1 次 等待 3 秒
2024-02-03 00:27:50 CHB 1721499?1706891265 第 1 次 获取到号码【1721499】GSD
2024-02-03 00:27:50 未获取到号码【1721499】GSD，可能号码格式错误
2024-02-03 00:27:50 获取到号码【1721499】的GSD为【-】
2024-02-03 00:27:56 GSD insert 第 1 次 等待 3 秒
2024-02-03 00:27:59 {"status":"bad","gid":"252845","msg":"添加失败！号码【1721499(-|-)】已存在！"}

2024-02-03 00:37:13 开始第 1581 次操作

2024-02-03 00:37:13 开始操作号码 【1721500】
2024-02-03 00:37:17 GSD getOne 第 1 次 等待 3 秒
2024-02-03 00:37:20 查询号码 【1721500】，返回信息 {"status":"ok","msg":"重庆-重庆","gid":"252899","time_insert":"2021-07-12 02:52"}
2024-02-03 00:37:20 查询号码 【1721500】，GSD为【"重庆-重庆"】

2024-02-03 00:37:21 开始第 1582 次操作

2024-02-03 00:37:21 开始操作号码 【1721501】
2024-02-03 00:37:28 GSD getOne 第 1 次 等待 3 秒
2024-02-03 00:37:31 查询号码 【1721501】，返回信息 {"status":"ok","msg":"重庆-重庆","gid":"252908","time_insert":"2021-07-12 02:52"}
2024-02-03 00:37:31 查询号码 【1721501】，GSD为【"重庆-重庆"】

2024-02-03 00:37:32 开始第 1583 次操作

2024-02-03 00:37:32 开始操作号码 【1721502】
2024-02-03 00:37:37 GSD getOne 第 1 次 等待 3 秒
2024-02-03 00:37:40 查询号码 【1721502】，返回信息 {"status":"ok","msg":"重庆-重庆","gid":"252920","time_insert":"2021-07-12 02:53"}
2024-02-03 00:37:40 查询号码 【1721502】，GSD为【"重庆-重庆"】

2024-02-03 00:37:41 开始第 1584 次操作

2024-02-03 00:37:41 开始操作号码 【1721503】
2024-02-03 00:37:46 GSD getOne 第 1 次 等待 3 秒
2024-02-03 00:37:49 查询号码 【1721503】，返回信息 {"status":"ok","msg":"重庆-重庆","gid":"252932","time_insert":"2021-07-12 02:54"}
2024-02-03 00:37:49 查询号码 【1721503】，GSD为【"重庆-重庆"】

2024-02-03 01:15:56 开始第 1585 次操作

2024-02-03 01:15:56 开始操作号码 【1721504】
2024-02-03 01:16:01 GSD getOne 第 1 次 等待 3 秒
2024-02-03 01:16:04 查询号码 【1721504】，返回信息 {"status":"ok","msg":"重庆-重庆","gid":"252942","time_insert":"2021-07-12 02:55"}
2024-02-03 01:16:04 查询号码 【1721504】，GSD为【"重庆-重庆"】

2024-02-03 01:16:05 开始第 1586 次操作

2024-02-03 01:16:05 开始操作号码 【1721505】
2024-02-03 01:16:10 GSD getOne 第 1 次 等待 3 秒
2024-02-03 01:16:13 查询号码 【1721505】，返回信息 {"status":"ok","msg":"重庆-重庆","gid":"252954","time_insert":"2021-07-12 02:55"}
2024-02-03 01:16:13 查询号码 【1721505】，GSD为【"重庆-重庆"】

2024-02-03 01:16:14 开始第 1587 次操作

2024-02-03 01:16:14 开始操作号码 【1721506】
2024-02-03 01:16:19 GSD getOne 第 1 次 等待 3 秒
2024-02-03 01:16:22 查询号码 【1721506】，返回信息 {"status":"ok","msg":"重庆-重庆","gid":"252962","time_insert":"2021-07-12 02:56"}
2024-02-03 01:16:22 查询号码 【1721506】，GSD为【"重庆-重庆"】

2024-02-03 01:16:23 开始第 1588 次操作

2024-02-03 01:16:23 开始操作号码 【1721507】
2024-02-03 01:16:29 GSD getOne 第 1 次 等待 3 秒
2024-02-03 01:16:32 查询号码 【1721507】，返回信息 {"status":"ok","msg":"重庆-重庆","gid":"252976","time_insert":"2021-07-12 02:57"}
2024-02-03 01:16:32 查询号码 【1721507】，GSD为【"重庆-重庆"】

2024-02-03 01:37:15 开始第 1589 次操作

2024-02-03 01:37:15 开始操作号码 【1721508】
2024-02-03 01:37:20 GSD getOne 第 1 次 等待 3 秒
2024-02-03 01:37:23 查询号码 【1721508】，返回信息 {"status":"ok","msg":"重庆-重庆","gid":"252983","time_insert":"2021-07-12 02:58"}
2024-02-03 01:37:23 查询号码 【1721508】，GSD为【"重庆-重庆"】

2024-02-03 01:37:24 开始第 1590 次操作

2024-02-03 01:37:24 开始操作号码 【1721509】
2024-02-03 01:37:29 GSD getOne 第 1 次 等待 3 秒
2024-02-03 01:37:32 查询号码 【1721509】，返回信息 {"status":"ok","msg":"重庆-重庆","gid":"252993","time_insert":"2021-07-12 02:59"}
2024-02-03 01:37:32 查询号码 【1721509】，GSD为【"重庆-重庆"】

2024-02-03 01:37:33 开始第 1591 次操作

2024-02-03 01:37:33 开始操作号码 【1721510】
2024-02-03 01:37:37 GSD getOne 第 1 次 等待 3 秒
2024-02-03 01:37:40 查询号码 【1721510】，返回信息 {"status":"ok","msg":"重庆-重庆","gid":"253003","time_insert":"2021-07-12 02:59"}
2024-02-03 01:37:40 查询号码 【1721510】，GSD为【"重庆-重庆"】

2024-02-03 01:37:41 开始第 1592 次操作

2024-02-03 01:37:41 开始操作号码 【1721511】
2024-02-03 01:37:46 GSD getOne 第 1 次 等待 3 秒
2024-02-03 01:37:49 查询号码 【1721511】，返回信息 {"status":"ok","msg":"重庆-重庆","gid":"253012","time_insert":"2021-07-12 03:00"}
2024-02-03 01:37:49 查询号码 【1721511】，GSD为【"重庆-重庆"】

2024-02-03 02:20:09 开始第 1593 次操作

2024-02-03 02:20:09 开始操作号码 【1721512】
2024-02-03 02:20:13 GSD getOne 第 1 次 等待 3 秒
2024-02-03 02:20:16 查询号码 【1721512】，返回信息 {"status":"ok","msg":"重庆-重庆","gid":"253018","time_insert":"2021-07-12 03:01"}
2024-02-03 02:20:16 查询号码 【1721512】，GSD为【"重庆-重庆"】

2024-02-03 02:20:17 开始第 1594 次操作

2024-02-03 02:20:17 开始操作号码 【1721513】
2024-02-03 02:20:21 GSD getOne 第 1 次 等待 3 秒
2024-02-03 02:20:24 查询号码 【1721513】，返回信息 {"status":"ok","msg":"重庆-重庆","gid":"253025","time_insert":"2021-07-12 03:02"}
2024-02-03 02:20:24 查询号码 【1721513】，GSD为【"重庆-重庆"】

2024-02-03 02:20:25 开始第 1595 次操作

2024-02-03 02:20:25 开始操作号码 【1721514】
2024-02-03 02:20:29 GSD getOne 第 1 次 等待 3 秒
2024-02-03 02:20:32 查询号码 【1721514】，返回信息 {"status":"ok","msg":"重庆-重庆","gid":"253030","time_insert":"2021-07-12 03:02"}
2024-02-03 02:20:32 查询号码 【1721514】，GSD为【"重庆-重庆"】

2024-02-03 02:20:33 开始第 1596 次操作

2024-02-03 02:20:33 开始操作号码 【1721515】
2024-02-03 02:20:38 GSD getOne 第 1 次 等待 3 秒
2024-02-03 02:20:41 查询号码 【1721515】，返回信息 {"status":"ok","msg":"重庆-重庆","gid":"253034","time_insert":"2021-07-12 03:03"}
2024-02-03 02:20:42 查询号码 【1721515】，GSD为【"重庆-重庆"】

2024-02-03 02:38:00 开始第 1597 次操作

2024-02-03 02:38:00 开始操作号码 【1721516】
2024-02-03 02:38:04 GSD getOne 第 1 次 等待 3 秒
2024-02-03 02:38:07 查询号码 【1721516】，返回信息 {"status":"ok","msg":"重庆-重庆","gid":"253041","time_insert":"2021-07-12 03:04"}
2024-02-03 02:38:07 查询号码 【1721516】，GSD为【"重庆-重庆"】

2024-02-03 02:38:08 开始第 1598 次操作

2024-02-03 02:38:08 开始操作号码 【1721517】
2024-02-03 02:38:12 GSD getOne 第 1 次 等待 3 秒
2024-02-03 02:38:15 查询号码 【1721517】，返回信息 {"status":"ok","msg":"重庆-重庆","gid":"253047","time_insert":"2021-07-12 03:05"}
2024-02-03 02:38:15 查询号码 【1721517】，GSD为【"重庆-重庆"】

2024-02-03 02:38:16 开始第 1599 次操作

2024-02-03 02:38:16 开始操作号码 【1721518】
2024-02-03 02:38:20 GSD getOne 第 1 次 等待 3 秒
2024-02-03 02:38:23 查询号码 【1721518】，返回信息 {"status":"ok","msg":"重庆-重庆","gid":"253054","time_insert":"2021-07-12 03:06"}
2024-02-03 02:38:23 查询号码 【1721518】，GSD为【"重庆-重庆"】

2024-02-03 02:38:24 开始第 1600 次操作

2024-02-03 02:38:24 开始操作号码 【1721519】
2024-02-03 02:38:28 GSD getOne 第 1 次 等待 3 秒
2024-02-03 02:38:31 查询号码 【1721519】，返回信息 {"status":"ok","msg":"重庆-重庆","gid":"253060","time_insert":"2021-07-12 03:06"}
2024-02-03 02:38:31 查询号码 【1721519】，GSD为【"重庆-重庆"】

2024-02-03 03:13:55 开始第 1601 次操作

2024-02-03 03:13:55 开始操作号码 【1721520】
2024-02-03 03:13:59 GSD getOne 第 1 次 等待 3 秒
2024-02-03 03:14:02 查询号码 【1721520】，返回信息 {"status":"ok","msg":"重庆-重庆","gid":"253067","time_insert":"2021-07-12 03:07"}
2024-02-03 03:14:02 查询号码 【1721520】，GSD为【"重庆-重庆"】

2024-02-03 03:14:03 开始第 1602 次操作

2024-02-03 03:14:03 开始操作号码 【1721521】
2024-02-03 03:14:08 GSD getOne 第 1 次 等待 3 秒
2024-02-03 03:14:11 查询号码 【1721521】，返回信息 {"status":"ok","msg":"重庆-重庆","gid":"253070","time_insert":"2021-07-12 03:08"}
2024-02-03 03:14:11 查询号码 【1721521】，GSD为【"重庆-重庆"】

2024-02-03 03:14:12 开始第 1603 次操作

2024-02-03 03:14:12 开始操作号码 【1721522】
2024-02-03 03:14:16 GSD getOne 第 1 次 等待 3 秒
2024-02-03 03:14:19 查询号码 【1721522】，返回信息 {"status":"ok","msg":"重庆-重庆","gid":"253074","time_insert":"2021-07-12 03:09"}
2024-02-03 03:14:19 查询号码 【1721522】，GSD为【"重庆-重庆"】

2024-02-03 03:14:20 开始第 1604 次操作

2024-02-03 03:14:20 开始操作号码 【1721523】
2024-02-03 03:14:26 GSD getOne 第 1 次 等待 3 秒
2024-02-03 03:14:29 查询号码 【1721523】，返回信息 {"status":"ok","msg":"重庆-重庆","gid":"253079","time_insert":"2021-07-12 03:09"}
2024-02-03 03:14:30 查询号码 【1721523】，GSD为【"重庆-重庆"】

2024-02-03 03:37:12 开始第 1605 次操作

2024-02-03 03:37:12 开始操作号码 【1721524】
2024-02-03 03:37:16 GSD getOne 第 1 次 等待 3 秒
2024-02-03 03:37:19 查询号码 【1721524】，返回信息 {"status":"ok","msg":"重庆-重庆","gid":"253085","time_insert":"2021-07-12 03:10"}
2024-02-03 03:37:19 查询号码 【1721524】，GSD为【"重庆-重庆"】

2024-02-03 03:37:20 开始第 1606 次操作

2024-02-03 03:37:20 开始操作号码 【1721525】
2024-02-03 03:37:24 GSD getOne 第 1 次 等待 3 秒
2024-02-03 03:37:27 查询号码 【1721525】，返回信息 {"status":"ok","msg":"重庆-重庆","gid":"253089","time_insert":"2021-07-12 03:11"}
2024-02-03 03:37:27 查询号码 【1721525】，GSD为【"重庆-重庆"】

2024-02-03 03:37:28 开始第 1607 次操作

2024-02-03 03:37:28 开始操作号码 【1721526】
2024-02-03 03:37:33 GSD getOne 第 1 次 等待 3 秒
2024-02-03 03:37:36 查询号码 【1721526】，返回信息 {"status":"ok","msg":"重庆-重庆","gid":"253146","time_insert":"2021-07-12 03:35"}
2024-02-03 03:37:36 查询号码 【1721526】，GSD为【"重庆-重庆"】

2024-02-03 03:37:37 开始第 1608 次操作

2024-02-03 03:37:37 开始操作号码 【1721527】
2024-02-03 03:37:41 GSD getOne 第 1 次 等待 3 秒
2024-02-03 03:37:44 查询号码 【1721527】，返回信息 {"status":"ok","msg":"重庆-重庆","gid":"253149","time_insert":"2021-07-12 03:35"}
2024-02-03 03:37:44 查询号码 【1721527】，GSD为【"重庆-重庆"】

2024-02-03 04:15:34 开始第 1609 次操作

2024-02-03 04:15:34 开始操作号码 【1721528】
2024-02-03 04:15:38 GSD getOne 第 1 次 等待 3 秒
2024-02-03 04:15:41 查询号码 【1721528】，返回信息 {"status":"ok","msg":"重庆-重庆","gid":"253154","time_insert":"2021-07-12 03:36"}
2024-02-03 04:15:41 查询号码 【1721528】，GSD为【"重庆-重庆"】

2024-02-03 04:15:42 开始第 1610 次操作

2024-02-03 04:15:42 开始操作号码 【1721529】
2024-02-03 04:15:48 GSD getOne 第 1 次 等待 3 秒
2024-02-03 04:15:51 查询号码 【1721529】，返回信息 {"status":"ok","msg":"重庆-重庆","gid":"253162","time_insert":"2021-07-12 03:36"}
2024-02-03 04:15:51 查询号码 【1721529】，GSD为【"重庆-重庆"】

2024-02-03 04:15:52 开始第 1611 次操作

2024-02-03 04:15:52 开始操作号码 【1721530】
2024-02-03 04:15:56 GSD getOne 第 1 次 等待 3 秒
2024-02-03 04:15:59 查询号码 【1721530】，返回信息 {"status":"ok","msg":"重庆-重庆","gid":"253168","time_insert":"2021-07-12 03:37"}
2024-02-03 04:15:59 查询号码 【1721530】，GSD为【"重庆-重庆"】

2024-02-03 04:16:00 开始第 1612 次操作

2024-02-03 04:16:00 开始操作号码 【1721531】
2024-02-03 04:16:04 GSD getOne 第 1 次 等待 3 秒
2024-02-03 04:16:07 查询号码 【1721531】，返回信息 {"status":"ok","msg":"重庆-重庆","gid":"253176","time_insert":"2021-07-12 03:37"}
2024-02-03 04:16:07 查询号码 【1721531】，GSD为【"重庆-重庆"】

2024-02-03 04:37:39 开始第 1613 次操作

2024-02-03 04:37:39 开始操作号码 【1721532】
2024-02-03 04:37:44 GSD getOne 第 1 次 等待 3 秒
2024-02-03 04:37:47 查询号码 【1721532】，返回信息 {"status":"ok","msg":"重庆-重庆","gid":"253185","time_insert":"2021-07-12 03:38"}
2024-02-03 04:37:47 查询号码 【1721532】，GSD为【"重庆-重庆"】

2024-02-03 04:37:48 开始第 1614 次操作

2024-02-03 04:37:48 开始操作号码 【1721533】
2024-02-03 04:37:53 GSD getOne 第 1 次 等待 3 秒
2024-02-03 04:37:56 查询号码 【1721533】，返回信息 {"status":"ok","msg":"重庆-重庆","gid":"253195","time_insert":"2021-07-12 03:38"}
2024-02-03 04:37:56 查询号码 【1721533】，GSD为【"重庆-重庆"】

2024-02-03 04:37:57 开始第 1615 次操作

2024-02-03 04:37:57 开始操作号码 【1721534】
2024-02-03 04:38:02 GSD getOne 第 1 次 等待 3 秒
2024-02-03 04:38:05 查询号码 【1721534】，返回信息 {"status":"ok","msg":"重庆-重庆","gid":"253203","time_insert":"2021-07-12 03:38"}
2024-02-03 04:38:05 查询号码 【1721534】，GSD为【"重庆-重庆"】

2024-02-03 04:38:06 开始第 1616 次操作

2024-02-03 04:38:06 开始操作号码 【1721535】
2024-02-03 04:38:17 GSD getOne 第 1 次 等待 3 秒
2024-02-03 04:38:20 查询号码 【1721535】，返回信息 {"status":"ok","msg":"重庆-重庆","gid":"253215","time_insert":"2021-07-12 03:39"}
2024-02-03 04:38:20 查询号码 【1721535】，GSD为【"重庆-重庆"】

2024-02-03 05:13:29 开始第 1617 次操作

2024-02-03 05:13:29 开始操作号码 【1721536】
2024-02-03 05:13:33 GSD getOne 第 1 次 等待 3 秒
2024-02-03 05:13:36 查询号码 【1721536】，返回信息 {"status":"ok","msg":"重庆-重庆","gid":"253222","time_insert":"2021-07-12 03:39"}
2024-02-03 05:13:36 查询号码 【1721536】，GSD为【"重庆-重庆"】

2024-02-03 05:13:37 开始第 1618 次操作

2024-02-03 05:13:37 开始操作号码 【1721537】
2024-02-03 05:13:41 GSD getOne 第 1 次 等待 3 秒
2024-02-03 05:13:44 查询号码 【1721537】，返回信息 {"status":"ok","msg":"重庆-重庆","gid":"253228","time_insert":"2021-07-12 03:40"}
2024-02-03 05:13:44 查询号码 【1721537】，GSD为【"重庆-重庆"】

2024-02-03 05:13:45 开始第 1619 次操作

2024-02-03 05:13:45 开始操作号码 【1721538】
2024-02-03 05:13:49 GSD getOne 第 1 次 等待 3 秒
2024-02-03 05:13:52 查询号码 【1721538】，返回信息 {"status":"ok","msg":"重庆-重庆","gid":"253234","time_insert":"2021-07-12 03:40"}
2024-02-03 05:13:53 查询号码 【1721538】，GSD为【"重庆-重庆"】

2024-02-03 05:13:54 开始第 1620 次操作

2024-02-03 05:13:54 开始操作号码 【1721539】
2024-02-03 05:13:58 GSD getOne 第 1 次 等待 3 秒
2024-02-03 05:14:01 查询号码 【1721539】，返回信息 {"status":"ok","msg":"重庆-重庆","gid":"253242","time_insert":"2021-07-12 03:41"}
2024-02-03 05:14:01 查询号码 【1721539】，GSD为【"重庆-重庆"】

2024-02-03 05:37:30 开始第 1621 次操作

2024-02-03 05:37:30 开始操作号码 【1721540】
2024-02-03 05:37:36 GSD getOne 第 1 次 等待 3 秒
2024-02-03 05:37:39 查询号码 【1721540】，返回信息 {"status":"ok","msg":"重庆-重庆","gid":"253248","time_insert":"2021-07-12 03:41"}
2024-02-03 05:37:39 查询号码 【1721540】，GSD为【"重庆-重庆"】

2024-02-03 05:37:40 开始第 1622 次操作

2024-02-03 05:37:40 开始操作号码 【1721541】
2024-02-03 05:37:44 GSD getOne 第 1 次 等待 3 秒
2024-02-03 05:37:47 查询号码 【1721541】，返回信息 {"status":"ok","msg":"重庆-重庆","gid":"253256","time_insert":"2021-07-12 03:41"}
2024-02-03 05:37:47 查询号码 【1721541】，GSD为【"重庆-重庆"】

2024-02-03 05:37:48 开始第 1623 次操作

2024-02-03 05:37:48 开始操作号码 【1721542】
2024-02-03 05:37:52 GSD getOne 第 1 次 等待 3 秒
2024-02-03 05:37:55 查询号码 【1721542】，返回信息 {"status":"ok","msg":"重庆-重庆","gid":"253262","time_insert":"2021-07-12 03:42"}
2024-02-03 05:37:56 查询号码 【1721542】，GSD为【"重庆-重庆"】

2024-02-03 05:37:57 开始第 1624 次操作

2024-02-03 05:37:57 开始操作号码 【1721543】
2024-02-03 05:38:01 GSD getOne 第 1 次 等待 3 秒
2024-02-03 05:38:04 查询号码 【1721543】，返回信息 {"status":"ok","msg":"重庆-重庆","gid":"253271","time_insert":"2021-07-12 03:42"}
2024-02-03 05:38:04 查询号码 【1721543】，GSD为【"重庆-重庆"】

2024-02-03 06:14:24 开始第 1625 次操作

2024-02-03 06:14:24 开始操作号码 【1721544】
2024-02-03 06:14:29 GSD getOne 第 1 次 等待 3 秒
2024-02-03 06:14:32 查询号码 【1721544】，返回信息 {"status":"ok","msg":"重庆-重庆","gid":"253280","time_insert":"2021-07-12 03:43"}
2024-02-03 06:14:32 查询号码 【1721544】，GSD为【"重庆-重庆"】

2024-02-03 06:14:33 开始第 1626 次操作

2024-02-03 06:14:33 开始操作号码 【1721545】
2024-02-03 06:14:39 GSD getOne 第 1 次 等待 3 秒
2024-02-03 06:14:42 查询号码 【1721545】，返回信息 {"status":"ok","msg":"重庆-重庆","gid":"253289","time_insert":"2021-07-12 03:43"}
2024-02-03 06:14:42 查询号码 【1721545】，GSD为【"重庆-重庆"】

2024-02-03 06:14:43 开始第 1627 次操作

2024-02-03 06:14:43 开始操作号码 【1721546】
2024-02-03 06:14:47 GSD getOne 第 1 次 等待 3 秒
2024-02-03 06:14:50 查询号码 【1721546】，返回信息 {"status":"ok","msg":"重庆-重庆","gid":"253297","time_insert":"2021-07-12 03:44"}
2024-02-03 06:14:50 查询号码 【1721546】，GSD为【"重庆-重庆"】

2024-02-03 06:14:51 开始第 1628 次操作

2024-02-03 06:14:51 开始操作号码 【1721547】
2024-02-03 06:14:56 GSD getOne 第 1 次 等待 3 秒
2024-02-03 06:14:59 查询号码 【1721547】，返回信息 {"status":"ok","msg":"重庆-重庆","gid":"253306","time_insert":"2021-07-12 03:44"}
2024-02-03 06:14:59 查询号码 【1721547】，GSD为【"重庆-重庆"】

2024-02-03 06:37:13 开始第 1629 次操作

2024-02-03 06:37:13 开始操作号码 【1721548】
2024-02-03 06:37:17 GSD getOne 第 1 次 等待 3 秒
2024-02-03 06:37:20 查询号码 【1721548】，返回信息 {"status":"ok","msg":"重庆-重庆","gid":"253313","time_insert":"2021-07-12 03:45"}
2024-02-03 06:37:20 查询号码 【1721548】，GSD为【"重庆-重庆"】

2024-02-03 06:37:21 开始第 1630 次操作

2024-02-03 06:37:21 开始操作号码 【1721549】
2024-02-03 06:37:26 GSD getOne 第 1 次 等待 3 秒
2024-02-03 06:37:29 查询号码 【1721549】，返回信息 {"status":"ok","msg":"重庆-重庆","gid":"253318","time_insert":"2021-07-12 03:45"}
2024-02-03 06:37:29 查询号码 【1721549】，GSD为【"重庆-重庆"】

2024-02-03 06:37:30 开始第 1631 次操作

2024-02-03 06:37:30 开始操作号码 【1721550】
2024-02-03 06:37:35 GSD getOne 第 1 次 等待 3 秒
2024-02-03 06:37:38 查询号码 【1721550】，返回信息 {"status":"ok","msg":"重庆-重庆","gid":"253326","time_insert":"2021-07-12 03:45"}
2024-02-03 06:37:38 查询号码 【1721550】，GSD为【"重庆-重庆"】

2024-02-03 06:37:39 开始第 1632 次操作

2024-02-03 06:37:39 开始操作号码 【1721551】
2024-02-03 06:37:45 GSD getOne 第 1 次 等待 3 秒
2024-02-03 06:37:48 查询号码 【1721551】，返回信息 {"status":"ok","msg":"重庆-重庆","gid":"253331","time_insert":"2021-07-12 03:46"}
2024-02-03 06:37:48 查询号码 【1721551】，GSD为【"重庆-重庆"】

2024-02-03 07:14:58 开始第 1633 次操作

2024-02-03 07:14:58 开始操作号码 【1721552】
2024-02-03 07:15:02 GSD getOne 第 1 次 等待 3 秒
2024-02-03 07:15:05 查询号码 【1721552】，返回信息 {"status":"ok","msg":"重庆-重庆","gid":"253337","time_insert":"2021-07-12 03:46"}
2024-02-03 07:15:05 查询号码 【1721552】，GSD为【"重庆-重庆"】

2024-02-03 07:15:06 开始第 1634 次操作

2024-02-03 07:15:06 开始操作号码 【1721553】
2024-02-03 07:15:09 GSD getOne 第 1 次 等待 3 秒
2024-02-03 07:15:12 查询号码 【1721553】，返回信息 {"status":"ok","msg":"重庆-重庆","gid":"253342","time_insert":"2021-07-12 03:47"}
2024-02-03 07:15:12 查询号码 【1721553】，GSD为【"重庆-重庆"】

2024-02-03 07:15:13 开始第 1635 次操作

2024-02-03 07:15:13 开始操作号码 【1721554】
2024-02-03 07:15:17 GSD getOne 第 1 次 等待 3 秒
2024-02-03 07:15:20 查询号码 【1721554】，返回信息 {"status":"ok","msg":"重庆-重庆","gid":"253349","time_insert":"2021-07-12 03:47"}
2024-02-03 07:15:20 查询号码 【1721554】，GSD为【"重庆-重庆"】

2024-02-03 07:15:21 开始第 1636 次操作

2024-02-03 07:15:21 开始操作号码 【1721555】
2024-02-03 07:15:25 GSD getOne 第 1 次 等待 3 秒
2024-02-03 07:15:28 查询号码 【1721555】，返回信息 {"status":"ok","msg":"重庆-重庆","gid":"253355","time_insert":"2021-07-12 03:47"}
2024-02-03 07:15:28 查询号码 【1721555】，GSD为【"重庆-重庆"】

2024-02-03 07:37:02 开始第 1637 次操作

2024-02-03 07:37:02 开始操作号码 【1721556】
2024-02-03 07:37:07 GSD getOne 第 1 次 等待 3 秒
2024-02-03 07:37:10 查询号码 【1721556】，返回信息 {"status":"ok","msg":"重庆-重庆","gid":"253484","time_insert":"2021-07-12 04:36"}
2024-02-03 07:37:10 查询号码 【1721556】，GSD为【"重庆-重庆"】

2024-02-03 07:37:11 开始第 1638 次操作

2024-02-03 07:37:11 开始操作号码 【1721557】
2024-02-03 07:37:15 GSD getOne 第 1 次 等待 3 秒
2024-02-03 07:37:18 查询号码 【1721557】，返回信息 {"status":"ok","msg":"重庆-重庆","gid":"253486","time_insert":"2021-07-12 04:36"}
2024-02-03 07:37:18 查询号码 【1721557】，GSD为【"重庆-重庆"】

2024-02-03 07:37:19 开始第 1639 次操作

2024-02-03 07:37:19 开始操作号码 【1721558】
2024-02-03 07:37:25 GSD getOne 第 1 次 等待 3 秒
2024-02-03 07:37:28 查询号码 【1721558】，返回信息 {"status":"ok","msg":"重庆-重庆","gid":"253489","time_insert":"2021-07-12 04:36"}
2024-02-03 07:37:28 查询号码 【1721558】，GSD为【"重庆-重庆"】

2024-02-03 07:37:29 开始第 1640 次操作

2024-02-03 07:37:29 开始操作号码 【1721559】
2024-02-03 07:37:34 GSD getOne 第 1 次 等待 3 秒
2024-02-03 07:37:37 查询号码 【1721559】，返回信息 {"status":"ok","msg":"重庆-重庆","gid":"253496","time_insert":"2021-07-12 04:37"}
2024-02-03 07:37:37 查询号码 【1721559】，GSD为【"重庆-重庆"】

2024-02-03 09:07:53 开始第 1641 次操作

2024-02-03 09:07:53 开始操作号码 【1721560】
2024-02-03 09:07:57 GSD getOne 第 1 次 等待 3 秒
2024-02-03 09:08:00 查询号码 【1721560】，返回信息 {"status":"ok","msg":"重庆-重庆","gid":"253500","time_insert":"2021-07-12 04:37"}
2024-02-03 09:08:00 查询号码 【1721560】，GSD为【"重庆-重庆"】

2024-02-03 09:08:01 开始第 1642 次操作

2024-02-03 09:08:01 开始操作号码 【1721561】
2024-02-03 09:08:05 GSD getOne 第 1 次 等待 3 秒
2024-02-03 09:08:08 查询号码 【1721561】，返回信息 {"status":"ok","msg":"重庆-重庆","gid":"253507","time_insert":"2021-07-12 04:38"}
2024-02-03 09:08:08 查询号码 【1721561】，GSD为【"重庆-重庆"】

2024-02-03 09:08:09 开始第 1643 次操作

2024-02-03 09:08:09 开始操作号码 【1721562】
2024-02-03 09:08:13 GSD getOne 第 1 次 等待 3 秒
2024-02-03 09:08:16 查询号码 【1721562】，返回信息 {"status":"ok","msg":"重庆-重庆","gid":"253517","time_insert":"2021-07-12 04:38"}
2024-02-03 09:08:16 查询号码 【1721562】，GSD为【"重庆-重庆"】

2024-02-03 09:08:17 开始第 1644 次操作

2024-02-03 09:08:17 开始操作号码 【1721563】
2024-02-03 09:08:21 GSD getOne 第 1 次 等待 3 秒
2024-02-03 09:08:24 查询号码 【1721563】，返回信息 {"status":"ok","msg":"重庆-重庆","gid":"253525","time_insert":"2021-07-12 04:38"}
2024-02-03 09:08:24 查询号码 【1721563】，GSD为【"重庆-重庆"】

2024-02-03 10:00:23 开始第 1645 次操作

2024-02-03 10:00:23 开始操作号码 【1721564】
2024-02-03 10:00:29 GSD getOne 第 1 次 等待 3 秒
2024-02-03 10:00:32 查询号码 【1721564】，返回信息 {"status":"ok","msg":"重庆-重庆","gid":"253531","time_insert":"2021-07-12 04:39"}
2024-02-03 10:00:32 查询号码 【1721564】，GSD为【"重庆-重庆"】

2024-02-03 10:00:33 开始第 1646 次操作

2024-02-03 10:00:33 开始操作号码 【1721565】
2024-02-03 10:00:39 GSD getOne 第 1 次 等待 3 秒
2024-02-03 10:00:42 查询号码 【1721565】，返回信息 {"status":"ok","msg":"重庆-重庆","gid":"253541","time_insert":"2021-07-12 04:39"}
2024-02-03 10:00:42 查询号码 【1721565】，GSD为【"重庆-重庆"】

2024-02-03 10:00:43 开始第 1647 次操作

2024-02-03 10:00:43 开始操作号码 【1721566】
2024-02-03 10:00:50 GSD getOne 第 1 次 等待 3 秒
2024-02-03 10:00:53 查询号码 【1721566】，返回信息 {"status":"ok","msg":"重庆-重庆","gid":"253550","time_insert":"2021-07-12 04:40"}
2024-02-03 10:00:53 查询号码 【1721566】，GSD为【"重庆-重庆"】

2024-02-03 10:00:54 开始第 1648 次操作

2024-02-03 10:00:54 开始操作号码 【1721567】
2024-02-03 10:01:04 GSD getOne 第 1 次 等待 3 秒
2024-02-03 10:01:07 查询号码 【1721567】，返回信息 {"status":"ok","msg":"重庆-重庆","gid":"253558","time_insert":"2021-07-12 04:40"}
2024-02-03 10:01:07 查询号码 【1721567】，GSD为【"重庆-重庆"】

2024-02-03 10:37:12 开始第 1649 次操作

2024-02-03 10:37:12 开始操作号码 【1721568】
2024-02-03 10:37:16 GSD getOne 第 1 次 等待 3 秒
2024-02-03 10:37:19 查询号码 【1721568】，返回信息 {"status":"ok","msg":"重庆-重庆","gid":"253567","time_insert":"2021-07-12 04:41"}
2024-02-03 10:37:19 查询号码 【1721568】，GSD为【"重庆-重庆"】

2024-02-03 10:37:20 开始第 1650 次操作

2024-02-03 10:37:20 开始操作号码 【1721569】
2024-02-03 10:37:26 GSD getOne 第 1 次 等待 3 秒
2024-02-03 10:37:29 查询号码 【1721569】，返回信息 {"status":"ok","msg":"重庆-重庆","gid":"253577","time_insert":"2021-07-12 04:41"}
2024-02-03 10:37:29 查询号码 【1721569】，GSD为【"重庆-重庆"】

2024-02-03 10:37:30 开始第 1651 次操作

2024-02-03 10:37:30 开始操作号码 【1721570】
2024-02-03 10:37:34 GSD getOne 第 1 次 等待 3 秒
2024-02-03 10:37:37 查询号码 【1721570】，返回信息 {"status":"ok","msg":"重庆-重庆","gid":"253586","time_insert":"2021-07-12 04:42"}
2024-02-03 10:37:37 查询号码 【1721570】，GSD为【"重庆-重庆"】

2024-02-03 10:37:38 开始第 1652 次操作

2024-02-03 10:37:38 开始操作号码 【1721571】
2024-02-03 10:37:43 GSD getOne 第 1 次 等待 3 秒
2024-02-03 10:37:46 查询号码 【1721571】，返回信息 {"status":"ok","msg":"重庆-重庆","gid":"253594","time_insert":"2021-07-12 04:42"}
2024-02-03 10:37:46 查询号码 【1721571】，GSD为【"重庆-重庆"】

2024-02-03 11:18:45 开始第 1653 次操作

2024-02-03 11:18:45 开始操作号码 【1721572】
2024-02-03 11:18:50 GSD getOne 第 1 次 等待 3 秒
2024-02-03 11:18:53 查询号码 【1721572】，返回信息 {"status":"ok","msg":"重庆-重庆","gid":"253604","time_insert":"2021-07-12 04:43"}
2024-02-03 11:18:53 查询号码 【1721572】，GSD为【"重庆-重庆"】

2024-02-03 11:18:54 开始第 1654 次操作

2024-02-03 11:18:54 开始操作号码 【1721573】
2024-02-03 11:18:59 GSD getOne 第 1 次 等待 3 秒
2024-02-03 11:19:02 查询号码 【1721573】，返回信息 {"status":"ok","msg":"重庆-重庆","gid":"253612","time_insert":"2021-07-12 04:43"}
2024-02-03 11:19:02 查询号码 【1721573】，GSD为【"重庆-重庆"】

2024-02-03 11:19:03 开始第 1655 次操作

2024-02-03 11:19:03 开始操作号码 【1721574】
2024-02-03 11:19:09 GSD getOne 第 1 次 等待 3 秒
2024-02-03 11:19:12 查询号码 【1721574】，返回信息 {"status":"ok","msg":"重庆-重庆","gid":"253616","time_insert":"2021-07-12 04:44"}
2024-02-03 11:19:12 查询号码 【1721574】，GSD为【"重庆-重庆"】

2024-02-03 11:19:13 开始第 1656 次操作

2024-02-03 11:19:13 开始操作号码 【1721575】
2024-02-03 11:19:18 GSD getOne 第 1 次 等待 3 秒
2024-02-03 11:19:21 查询号码 【1721575】，返回信息 {"status":"ok","msg":"重庆-重庆","gid":"253626","time_insert":"2021-07-12 04:44"}
2024-02-03 11:19:21 查询号码 【1721575】，GSD为【"重庆-重庆"】

2024-02-03 11:37:24 开始第 1657 次操作

2024-02-03 11:37:24 开始操作号码 【1721576】
2024-02-03 11:37:28 GSD getOne 第 1 次 等待 3 秒
2024-02-03 11:37:31 查询号码 【1721576】，返回信息 {"status":"ok","msg":"重庆-重庆","gid":"253633","time_insert":"2021-07-12 04:44"}
2024-02-03 11:37:31 查询号码 【1721576】，GSD为【"重庆-重庆"】

2024-02-03 11:37:32 开始第 1658 次操作

2024-02-03 11:37:32 开始操作号码 【1721577】
2024-02-03 11:37:37 GSD getOne 第 1 次 等待 3 秒
2024-02-03 11:37:40 查询号码 【1721577】，返回信息 {"status":"ok","msg":"重庆-重庆","gid":"253639","time_insert":"2021-07-12 04:45"}
2024-02-03 11:37:40 查询号码 【1721577】，GSD为【"重庆-重庆"】

2024-02-03 11:37:41 开始第 1659 次操作

2024-02-03 11:37:41 开始操作号码 【1721578】
2024-02-03 11:37:46 GSD getOne 第 1 次 等待 3 秒
2024-02-03 11:37:49 查询号码 【1721578】，返回信息 {"status":"ok","msg":"重庆-重庆","gid":"253648","time_insert":"2021-07-12 04:45"}
2024-02-03 11:37:49 查询号码 【1721578】，GSD为【"重庆-重庆"】

2024-02-03 11:37:50 开始第 1660 次操作

2024-02-03 11:37:51 开始操作号码 【1721579】
2024-02-03 11:37:56 GSD getOne 第 1 次 等待 3 秒
2024-02-03 11:37:59 查询号码 【1721579】，返回信息 {"status":"ok","msg":"重庆-重庆","gid":"253652","time_insert":"2021-07-12 04:45"}
2024-02-03 11:37:59 查询号码 【1721579】，GSD为【"重庆-重庆"】

2024-02-03 12:17:40 开始第 1661 次操作

2024-02-03 12:17:40 开始操作号码 【1721580】
2024-02-03 12:17:45 GSD getOne 第 1 次 等待 3 秒
2024-02-03 12:17:48 查询号码 【1721580】，返回信息 {"status":"ok","msg":"重庆-重庆","gid":"253659","time_insert":"2021-07-12 04:46"}
2024-02-03 12:17:48 查询号码 【1721580】，GSD为【"重庆-重庆"】

2024-02-03 12:17:49 开始第 1662 次操作

2024-02-03 12:17:49 开始操作号码 【1721581】
2024-02-03 12:17:53 GSD getOne 第 1 次 等待 3 秒
2024-02-03 12:17:56 查询号码 【1721581】，返回信息 {"status":"ok","msg":"重庆-重庆","gid":"253667","time_insert":"2021-07-12 04:46"}
2024-02-03 12:17:56 查询号码 【1721581】，GSD为【"重庆-重庆"】

2024-02-03 12:17:57 开始第 1663 次操作

2024-02-03 12:17:57 开始操作号码 【1721582】
2024-02-03 12:18:01 GSD getOne 第 1 次 等待 3 秒
2024-02-03 12:18:04 查询号码 【1721582】，返回信息 {"status":"ok","msg":"重庆-重庆","gid":"253678","time_insert":"2021-07-12 04:47"}
2024-02-03 12:18:04 查询号码 【1721582】，GSD为【"重庆-重庆"】

2024-02-03 12:18:05 开始第 1664 次操作

2024-02-03 12:18:05 开始操作号码 【1721583】
2024-02-03 12:18:10 GSD getOne 第 1 次 等待 3 秒
2024-02-03 12:18:13 查询号码 【1721583】，返回信息 {"status":"ok","msg":"重庆-重庆","gid":"253686","time_insert":"2021-07-12 04:47"}
2024-02-03 12:18:13 查询号码 【1721583】，GSD为【"重庆-重庆"】

2024-02-03 12:37:27 开始第 1665 次操作

2024-02-03 12:37:27 开始操作号码 【1721584】
2024-02-03 12:37:31 GSD getOne 第 1 次 等待 3 秒
2024-02-03 12:37:34 查询号码 【1721584】，返回信息 {"status":"ok","msg":"重庆-重庆","gid":"253694","time_insert":"2021-07-12 04:48"}
2024-02-03 12:37:34 查询号码 【1721584】，GSD为【"重庆-重庆"】

2024-02-03 12:37:35 开始第 1666 次操作

2024-02-03 12:37:35 开始操作号码 【1721585】
2024-02-03 12:37:39 GSD getOne 第 1 次 等待 3 秒
2024-02-03 12:37:42 查询号码 【1721585】，返回信息 {"status":"ok","msg":"重庆-重庆","gid":"253705","time_insert":"2021-07-12 04:48"}
2024-02-03 12:37:42 查询号码 【1721585】，GSD为【"重庆-重庆"】

2024-02-03 12:37:43 开始第 1667 次操作

2024-02-03 12:37:43 开始操作号码 【1721586】
2024-02-03 12:37:48 GSD getOne 第 1 次 等待 3 秒
2024-02-03 12:37:51 查询号码 【1721586】，返回信息 {"status":"ok","msg":"重庆-重庆","gid":"253871","time_insert":"2021-07-12 05:38"}
2024-02-03 12:37:51 查询号码 【1721586】，GSD为【"重庆-重庆"】

2024-02-03 12:37:52 开始第 1668 次操作

2024-02-03 12:37:52 开始操作号码 【1721587】
2024-02-03 12:37:56 GSD getOne 第 1 次 等待 3 秒
2024-02-03 12:37:59 查询号码 【1721587】，返回信息 {"status":"ok","msg":"重庆-重庆","gid":"253877","time_insert":"2021-07-12 05:39"}
2024-02-03 12:37:59 查询号码 【1721587】，GSD为【"重庆-重庆"】

2024-02-03 13:14:06 开始第 1669 次操作

2024-02-03 13:14:06 开始操作号码 【1721588】
2024-02-03 13:14:12 GSD getOne 第 1 次 等待 3 秒
2024-02-03 13:14:15 查询号码 【1721588】，返回信息 {"status":"ok","msg":"重庆-重庆","gid":"253887","time_insert":"2021-07-12 05:40"}
2024-02-03 13:14:15 查询号码 【1721588】，GSD为【"重庆-重庆"】

2024-02-03 13:14:16 开始第 1670 次操作

2024-02-03 13:14:16 开始操作号码 【1721589】
2024-02-03 13:14:21 GSD getOne 第 1 次 等待 3 秒
2024-02-03 13:14:24 查询号码 【1721589】，返回信息 {"status":"ok","msg":"重庆-重庆","gid":"253897","time_insert":"2021-07-12 05:41"}
2024-02-03 13:14:24 查询号码 【1721589】，GSD为【"重庆-重庆"】

2024-02-03 13:14:25 开始第 1671 次操作

2024-02-03 13:14:25 开始操作号码 【1721590】
2024-02-03 13:14:30 GSD getOne 第 1 次 等待 3 秒
2024-02-03 13:14:33 查询号码 【1721590】，返回信息 {"status":"ok","msg":"重庆-重庆","gid":"253909","time_insert":"2021-07-12 05:41"}
2024-02-03 13:14:33 查询号码 【1721590】，GSD为【"重庆-重庆"】

2024-02-03 13:14:34 开始第 1672 次操作

2024-02-03 13:14:34 开始操作号码 【1721591】
2024-02-03 13:14:39 GSD getOne 第 1 次 等待 3 秒
2024-02-03 13:14:42 查询号码 【1721591】，返回信息 {"status":"ok","msg":"重庆-重庆","gid":"253922","time_insert":"2021-07-12 05:42","time_update":"2021-08-23 10:52"}
2024-02-03 13:14:42 查询号码 【1721591】，GSD为【"重庆-重庆"】

2024-02-03 13:37:22 开始第 1673 次操作

2024-02-03 13:37:22 开始操作号码 【1721592】
2024-02-03 13:37:28 GSD getOne 第 1 次 等待 3 秒
2024-02-03 13:37:31 查询号码 【1721592】，返回信息 {"status":"ok","msg":"重庆-重庆","gid":"253935","time_insert":"2021-07-12 05:43"}
2024-02-03 13:37:31 查询号码 【1721592】，GSD为【"重庆-重庆"】

2024-02-03 13:37:32 开始第 1674 次操作

2024-02-03 13:37:32 开始操作号码 【1721593】
2024-02-03 13:37:37 GSD getOne 第 1 次 等待 3 秒
2024-02-03 13:37:40 查询号码 【1721593】，返回信息 {"status":"ok","msg":"重庆-重庆","gid":"253950","time_insert":"2021-07-12 05:44"}
2024-02-03 13:37:40 查询号码 【1721593】，GSD为【"重庆-重庆"】

2024-02-03 13:37:41 开始第 1675 次操作

2024-02-03 13:37:41 开始操作号码 【1721594】
2024-02-03 13:37:46 GSD getOne 第 1 次 等待 3 秒
2024-02-03 13:37:49 查询号码 【1721594】，返回信息 {"status":"ok","msg":"重庆-重庆","gid":"253965","time_insert":"2021-07-12 05:44"}
2024-02-03 13:37:49 查询号码 【1721594】，GSD为【"重庆-重庆"】

2024-02-03 13:37:50 开始第 1676 次操作

2024-02-03 13:37:50 开始操作号码 【1721595】
2024-02-03 13:37:54 GSD getOne 第 1 次 等待 3 秒
2024-02-03 13:37:57 查询号码 【1721595】，返回信息 {"status":"ok","msg":"重庆-重庆","gid":"253990","time_insert":"2021-07-12 05:46"}
2024-02-03 13:37:57 查询号码 【1721595】，GSD为【"重庆-重庆"】

2024-02-03 14:18:35 开始第 1677 次操作

2024-02-03 14:18:35 开始操作号码 【1721596】
2024-02-03 14:18:39 GSD getOne 第 1 次 等待 3 秒
2024-02-03 14:18:42 查询号码 【1721596】，返回信息 {"status":"ok","msg":"重庆-重庆","gid":"254003","time_insert":"2021-07-12 05:46"}
2024-02-03 14:18:43 查询号码 【1721596】，GSD为【"重庆-重庆"】

2024-02-03 14:18:44 开始第 1678 次操作

2024-02-03 14:18:44 开始操作号码 【1721597】
2024-02-03 14:18:51 GSD getOne 第 1 次 等待 3 秒
2024-02-03 14:18:54 查询号码 【1721597】，返回信息 {"status":"ok","msg":"重庆-重庆","gid":"254013","time_insert":"2021-07-12 05:47"}
2024-02-03 14:18:55 查询号码 【1721597】，GSD为【"重庆-重庆"】

2024-02-03 14:18:56 开始第 1679 次操作

2024-02-03 14:18:56 开始操作号码 【1721598】
2024-02-03 14:19:00 GSD getOne 第 1 次 等待 3 秒
2024-02-03 14:19:03 查询号码 【1721598】，返回信息 {"status":"ok","msg":"重庆-重庆","gid":"254025","time_insert":"2021-07-12 05:48"}
2024-02-03 14:19:03 查询号码 【1721598】，GSD为【"重庆-重庆"】

2024-02-03 14:19:04 开始第 1680 次操作

2024-02-03 14:19:04 开始操作号码 【1721599】
2024-02-03 14:19:08 GSD getOne 第 1 次 等待 3 秒
2024-02-03 14:19:11 查询号码 【1721599】，返回信息 {"status":"ok","msg":"重庆-重庆","gid":"254034","time_insert":"2021-07-12 05:48"}
2024-02-03 14:19:11 查询号码 【1721599】，GSD为【"重庆-重庆"】

2024-02-03 14:37:43 开始第 1681 次操作

2024-02-03 14:37:43 开始操作号码 【1721600】
2024-02-03 14:37:47 GSD getOne 第 1 次 等待 3 秒
2024-02-03 14:37:50 查询号码 【1721600】，返回信息 {"status":"ok","msg":"重庆-重庆","gid":"254042","time_insert":"2021-07-12 05:49"}
2024-02-03 14:37:50 查询号码 【1721600】，GSD为【"重庆-重庆"】

2024-02-03 14:37:51 开始第 1682 次操作

2024-02-03 14:37:51 开始操作号码 【1721601】
2024-02-03 14:37:55 GSD getOne 第 1 次 等待 3 秒
2024-02-03 14:37:58 查询号码 【1721601】，返回信息 {"status":"ok","msg":"重庆-重庆","gid":"254054","time_insert":"2021-07-12 05:49"}
2024-02-03 14:37:58 查询号码 【1721601】，GSD为【"重庆-重庆"】

2024-02-03 14:37:59 开始第 1683 次操作

2024-02-03 14:37:59 开始操作号码 【1721602】
2024-02-03 14:38:05 GSD getOne 第 1 次 等待 3 秒
2024-02-03 14:38:08 查询号码 【1721602】，返回信息 {"status":"ok","msg":"重庆-重庆","gid":"254059","time_insert":"2021-07-12 05:50"}
2024-02-03 14:38:08 查询号码 【1721602】，GSD为【"重庆-重庆"】

2024-02-03 14:38:09 开始第 1684 次操作

2024-02-03 14:38:09 开始操作号码 【1721603】
2024-02-03 14:38:13 GSD getOne 第 1 次 等待 3 秒
2024-02-03 14:38:16 查询号码 【1721603】，返回信息 {"status":"ok","msg":"重庆-重庆","gid":"254066","time_insert":"2021-07-12 05:50"}
2024-02-03 14:38:16 查询号码 【1721603】，GSD为【"重庆-重庆"】

2024-02-03 15:13:43 开始第 1685 次操作

2024-02-03 15:13:43 开始操作号码 【1721604】
2024-02-03 15:13:50 GSD getOne 第 1 次 等待 3 秒
2024-02-03 15:13:53 查询号码 【1721604】，返回信息 {"status":"ok","msg":"重庆-重庆","gid":"254077","time_insert":"2021-07-12 05:51"}
2024-02-03 15:13:53 查询号码 【1721604】，GSD为【"重庆-重庆"】

2024-02-03 15:13:54 开始第 1686 次操作

2024-02-03 15:13:54 开始操作号码 【1721605】
2024-02-03 15:13:59 GSD getOne 第 1 次 等待 3 秒
2024-02-03 15:14:02 查询号码 【1721605】，返回信息 {"status":"ok","msg":"重庆-重庆","gid":"254089","time_insert":"2021-07-12 05:52"}
2024-02-03 15:14:02 查询号码 【1721605】，GSD为【"重庆-重庆"】

2024-02-03 15:14:03 开始第 1687 次操作

2024-02-03 15:14:03 开始操作号码 【1721606】
2024-02-03 15:14:07 GSD getOne 第 1 次 等待 3 秒
2024-02-03 15:14:10 查询号码 【1721606】，返回信息 {"status":"ok","msg":"重庆-重庆","gid":"254097","time_insert":"2021-07-12 05:52"}
2024-02-03 15:14:10 查询号码 【1721606】，GSD为【"重庆-重庆"】

2024-02-03 15:14:11 开始第 1688 次操作

2024-02-03 15:14:11 开始操作号码 【1721607】
2024-02-03 15:14:19 GSD getOne 第 1 次 等待 3 秒
2024-02-03 15:14:22 查询号码 【1721607】，返回信息 {"status":"ok","msg":"重庆-重庆","gid":"254105","time_insert":"2021-07-12 05:53"}
2024-02-03 15:14:22 查询号码 【1721607】，GSD为【"重庆-重庆"】

2024-02-03 15:37:15 开始第 1689 次操作

2024-02-03 15:37:15 开始操作号码 【1721608】
2024-02-03 15:37:21 GSD getOne 第 1 次 等待 3 秒
2024-02-03 15:37:24 查询号码 【1721608】，返回信息 {"status":"ok","msg":"重庆-重庆","gid":"254116","time_insert":"2021-07-12 05:54"}
2024-02-03 15:37:24 查询号码 【1721608】，GSD为【"重庆-重庆"】

2024-02-03 15:37:25 开始第 1690 次操作

2024-02-03 15:37:25 开始操作号码 【1721609】
2024-02-03 15:37:29 GSD getOne 第 1 次 等待 3 秒
2024-02-03 15:37:32 查询号码 【1721609】，返回信息 {"status":"ok","msg":"重庆-重庆","gid":"254120","time_insert":"2021-07-12 05:54"}
2024-02-03 15:37:32 查询号码 【1721609】，GSD为【"重庆-重庆"】

2024-02-03 15:37:33 开始第 1691 次操作

2024-02-03 15:37:33 开始操作号码 【1721610】
2024-02-03 15:37:40 GSD getOne 第 1 次 等待 3 秒
2024-02-03 15:37:43 查询号码 【1721610】，返回信息 {"status":"ok","msg":"重庆-重庆","gid":"254125","time_insert":"2021-07-12 05:55"}
2024-02-03 15:37:43 查询号码 【1721610】，GSD为【"重庆-重庆"】

2024-02-03 15:37:44 开始第 1692 次操作

2024-02-03 15:37:44 开始操作号码 【1721611】
2024-02-03 15:37:50 GSD getOne 第 1 次 等待 3 秒
2024-02-03 15:37:53 查询号码 【1721611】，返回信息 {"status":"ok","msg":"重庆-重庆","gid":"254127","time_insert":"2021-07-12 05:55"}
2024-02-03 15:37:53 查询号码 【1721611】，GSD为【"重庆-重庆"】

2024-02-03 16:18:46 开始第 1693 次操作

2024-02-03 16:18:46 开始操作号码 【1721612】
2024-02-03 16:18:57 GSD getOne 第 1 次 等待 3 秒
2024-02-03 16:19:00 查询号码 【1721612】，返回信息 {"status":"ok","msg":"重庆-重庆","gid":"254131","time_insert":"2021-07-12 05:56"}
2024-02-03 16:19:00 查询号码 【1721612】，GSD为【"重庆-重庆"】

2024-02-03 16:19:01 开始第 1694 次操作

2024-02-03 16:19:01 开始操作号码 【1721613】
2024-02-03 16:19:05 GSD getOne 第 1 次 等待 3 秒
2024-02-03 16:19:08 查询号码 【1721613】，返回信息 {"status":"ok","msg":"重庆-重庆","gid":"254134","time_insert":"2021-07-12 05:56"}
2024-02-03 16:19:08 查询号码 【1721613】，GSD为【"重庆-重庆"】

2024-02-03 16:19:09 开始第 1695 次操作

2024-02-03 16:19:09 开始操作号码 【1721614】
2024-02-03 16:19:14 GSD getOne 第 1 次 等待 3 秒
2024-02-03 16:19:17 查询号码 【1721614】，返回信息 {"status":"ok","msg":"重庆-重庆","gid":"254138","time_insert":"2021-07-12 05:57"}
2024-02-03 16:19:17 查询号码 【1721614】，GSD为【"重庆-重庆"】

2024-02-03 16:19:18 开始第 1696 次操作

2024-02-03 16:19:18 开始操作号码 【1721615】
2024-02-03 16:19:22 GSD getOne 第 1 次 等待 3 秒
2024-02-03 16:19:25 查询号码 【1721615】，返回信息 {"status":"ok","msg":"重庆-重庆","gid":"254141","time_insert":"2021-07-12 05:58"}
2024-02-03 16:19:25 查询号码 【1721615】，GSD为【"重庆-重庆"】

2024-02-03 16:37:48 开始第 1697 次操作

2024-02-03 16:37:48 开始操作号码 【1721616】
2024-02-03 16:37:53 GSD getOne 第 1 次 等待 3 秒
2024-02-03 16:37:56 查询号码 【1721616】，返回信息 {"status":"ok","msg":"重庆-重庆","gid":"254251","time_insert":"2021-07-12 06:38"}
2024-02-03 16:37:56 查询号码 【1721616】，GSD为【"重庆-重庆"】

2024-02-03 16:37:57 开始第 1698 次操作

2024-02-03 16:37:57 开始操作号码 【1721617】
2024-02-03 16:38:01 GSD getOne 第 1 次 等待 3 秒
2024-02-03 16:38:04 查询号码 【1721617】，返回信息 {"status":"ok","msg":"重庆-重庆","gid":"254257","time_insert":"2021-07-12 06:39"}
2024-02-03 16:38:04 查询号码 【1721617】，GSD为【"重庆-重庆"】

2024-02-03 16:38:05 开始第 1699 次操作

2024-02-03 16:38:05 开始操作号码 【1721618】
2024-02-03 16:38:11 GSD getOne 第 1 次 等待 3 秒
2024-02-03 16:38:14 查询号码 【1721618】，返回信息 {"status":"ok","msg":"重庆-重庆","gid":"254272","time_insert":"2021-07-12 06:39"}
2024-02-03 16:38:14 查询号码 【1721618】，GSD为【"重庆-重庆"】

2024-02-03 16:38:15 开始第 1700 次操作

2024-02-03 16:38:15 开始操作号码 【1721619】
2024-02-03 16:38:19 GSD getOne 第 1 次 等待 3 秒
2024-02-03 16:38:22 查询号码 【1721619】，返回信息 {"status":"ok","msg":"重庆-重庆","gid":"254284","time_insert":"2021-07-12 06:40"}
2024-02-03 16:38:22 查询号码 【1721619】，GSD为【"重庆-重庆"】

2024-02-03 17:15:25 开始第 1701 次操作

2024-02-03 17:15:25 开始操作号码 【1721620】
2024-02-03 17:15:30 GSD getOne 第 1 次 等待 3 秒
2024-02-03 17:15:33 查询号码 【1721620】，返回信息 {"status":"ok","msg":"重庆-重庆","gid":"254300","time_insert":"2021-07-12 06:41"}
2024-02-03 17:15:33 查询号码 【1721620】，GSD为【"重庆-重庆"】

2024-02-03 17:15:34 开始第 1702 次操作

2024-02-03 17:15:34 开始操作号码 【1721621】
2024-02-03 17:15:38 GSD getOne 第 1 次 等待 3 秒
2024-02-03 17:15:41 查询号码 【1721621】，返回信息 {"status":"ok","msg":"重庆-重庆","gid":"254315","time_insert":"2021-07-12 06:42"}
2024-02-03 17:15:41 查询号码 【1721621】，GSD为【"重庆-重庆"】

2024-02-03 17:15:42 开始第 1703 次操作

2024-02-03 17:15:42 开始操作号码 【1721622】
2024-02-03 17:15:47 GSD getOne 第 1 次 等待 3 秒
2024-02-03 17:15:50 查询号码 【1721622】，返回信息 {"status":"ok","msg":"重庆-重庆","gid":"254329","time_insert":"2021-07-12 06:42"}
2024-02-03 17:15:50 查询号码 【1721622】，GSD为【"重庆-重庆"】

2024-02-03 17:15:51 开始第 1704 次操作

2024-02-03 17:15:51 开始操作号码 【1721623】
2024-02-03 17:15:56 GSD getOne 第 1 次 等待 3 秒
2024-02-03 17:15:59 查询号码 【1721623】，返回信息 {"status":"ok","msg":"重庆-重庆","gid":"254348","time_insert":"2021-07-12 06:43"}
2024-02-03 17:15:59 查询号码 【1721623】，GSD为【"重庆-重庆"】

2024-02-03 17:37:21 开始第 1705 次操作

2024-02-03 17:37:21 开始操作号码 【1721624】
2024-02-03 17:37:25 GSD getOne 第 1 次 等待 3 秒
2024-02-03 17:37:28 查询号码 【1721624】，返回信息 {"status":"ok","msg":"重庆-重庆","gid":"254363","time_insert":"2021-07-12 06:44"}
2024-02-03 17:37:28 查询号码 【1721624】，GSD为【"重庆-重庆"】

2024-02-03 17:37:29 开始第 1706 次操作

2024-02-03 17:37:29 开始操作号码 【1721625】
2024-02-03 17:37:34 GSD getOne 第 1 次 等待 3 秒
2024-02-03 17:37:37 查询号码 【1721625】，返回信息 {"status":"ok","msg":"重庆-重庆","gid":"254378","time_insert":"2021-07-12 06:45"}
2024-02-03 17:37:37 查询号码 【1721625】，GSD为【"重庆-重庆"】

2024-02-03 17:37:38 开始第 1707 次操作

2024-02-03 17:37:38 开始操作号码 【1721626】
2024-02-03 17:37:43 GSD getOne 第 1 次 等待 3 秒
2024-02-03 17:37:46 查询号码 【1721626】，返回信息 {"status":"ok","msg":"重庆-重庆","gid":"254392","time_insert":"2021-07-12 06:45"}
2024-02-03 17:37:46 查询号码 【1721626】，GSD为【"重庆-重庆"】

2024-02-03 17:37:47 开始第 1708 次操作

2024-02-03 17:37:47 开始操作号码 【1721627】
2024-02-03 17:37:51 GSD getOne 第 1 次 等待 3 秒
2024-02-03 17:37:54 查询号码 【1721627】，返回信息 {"status":"ok","msg":"重庆-重庆","gid":"254410","time_insert":"2021-07-12 06:46"}
2024-02-03 17:37:54 查询号码 【1721627】，GSD为【"重庆-重庆"】

2024-02-03 18:14:37 开始第 1709 次操作

2024-02-03 18:14:37 开始操作号码 【1721628】
2024-02-03 18:14:42 GSD getOne 第 1 次 等待 3 秒
2024-02-03 18:14:45 查询号码 【1721628】，返回信息 {"status":"ok","msg":"重庆-重庆","gid":"254426","time_insert":"2021-07-12 06:47"}
2024-02-03 18:14:45 查询号码 【1721628】，GSD为【"重庆-重庆"】

2024-02-03 18:14:46 开始第 1710 次操作

2024-02-03 18:14:46 开始操作号码 【1721629】
2024-02-03 18:14:50 GSD getOne 第 1 次 等待 3 秒
2024-02-03 18:14:53 查询号码 【1721629】，返回信息 {"status":"ok","msg":"重庆-重庆","gid":"254442","time_insert":"2021-07-12 06:48"}
2024-02-03 18:14:53 查询号码 【1721629】，GSD为【"重庆-重庆"】

2024-02-03 18:14:54 开始第 1711 次操作

2024-02-03 18:14:54 开始操作号码 【1721630】
2024-02-03 18:14:58 GSD getOne 第 1 次 等待 3 秒
2024-02-03 18:15:01 查询号码 【1721630】，返回信息 {"status":"ok","msg":"重庆-重庆","gid":"254456","time_insert":"2021-07-12 06:48"}
2024-02-03 18:15:01 查询号码 【1721630】，GSD为【"重庆-重庆"】

2024-02-03 18:15:02 开始第 1712 次操作

2024-02-03 18:15:02 开始操作号码 【1721631】
2024-02-03 18:15:06 GSD getOne 第 1 次 等待 3 秒
2024-02-03 18:15:09 查询号码 【1721631】，返回信息 {"status":"ok","msg":"重庆-重庆","gid":"254468","time_insert":"2021-07-12 06:49"}
2024-02-03 18:15:09 查询号码 【1721631】，GSD为【"重庆-重庆"】

2024-02-03 18:37:07 开始第 1713 次操作

2024-02-03 18:37:07 开始操作号码 【1721632】
2024-02-03 18:37:11 GSD getOne 第 1 次 等待 3 秒
2024-02-03 18:37:14 查询号码 【1721632】，返回信息 {"status":"ok","msg":"重庆-重庆","gid":"254483","time_insert":"2021-07-12 06:50"}
2024-02-03 18:37:14 查询号码 【1721632】，GSD为【"重庆-重庆"】

2024-02-03 18:37:15 开始第 1714 次操作

2024-02-03 18:37:15 开始操作号码 【1721633】
2024-02-03 18:37:19 GSD getOne 第 1 次 等待 3 秒
2024-02-03 18:37:22 查询号码 【1721633】，返回信息 {"status":"ok","msg":"重庆-重庆","gid":"254496","time_insert":"2021-07-12 06:51"}
2024-02-03 18:37:22 查询号码 【1721633】，GSD为【"重庆-重庆"】

2024-02-03 18:37:23 开始第 1715 次操作

2024-02-03 18:37:23 开始操作号码 【1721634】
2024-02-03 18:37:28 GSD getOne 第 1 次 等待 3 秒
2024-02-03 18:37:31 查询号码 【1721634】，返回信息 {"status":"ok","msg":"重庆-重庆","gid":"254505","time_insert":"2021-07-12 06:51"}
2024-02-03 18:37:31 查询号码 【1721634】，GSD为【"重庆-重庆"】

2024-02-03 18:37:32 开始第 1716 次操作

2024-02-03 18:37:32 开始操作号码 【1721635】
2024-02-03 18:37:36 GSD getOne 第 1 次 等待 3 秒
2024-02-03 18:37:39 查询号码 【1721635】，返回信息 {"status":"ok","msg":"重庆-重庆","gid":"254510","time_insert":"2021-07-12 06:52"}
2024-02-03 18:37:39 查询号码 【1721635】，GSD为【"重庆-重庆"】

2024-02-03 19:12:21 开始第 1717 次操作

2024-02-03 19:12:21 开始操作号码 【1721636】
2024-02-03 19:12:26 GSD getOne 第 1 次 等待 3 秒
2024-02-03 19:12:29 查询号码 【1721636】，返回信息 {"status":"ok","msg":"重庆-重庆","gid":"254514","time_insert":"2021-07-12 06:53"}
2024-02-03 19:12:29 查询号码 【1721636】，GSD为【"重庆-重庆"】

2024-02-03 19:12:30 开始第 1718 次操作

2024-02-03 19:12:30 开始操作号码 【1721637】
2024-02-03 19:12:34 GSD getOne 第 1 次 等待 3 秒
2024-02-03 19:12:37 查询号码 【1721637】，返回信息 {"status":"ok","msg":"重庆-重庆","gid":"254519","time_insert":"2021-07-12 06:53"}
2024-02-03 19:12:37 查询号码 【1721637】，GSD为【"重庆-重庆"】

2024-02-03 19:12:38 开始第 1719 次操作

2024-02-03 19:12:38 开始操作号码 【1721638】
2024-02-03 19:12:42 GSD getOne 第 1 次 等待 3 秒
2024-02-03 19:12:45 查询号码 【1721638】，返回信息 {"status":"ok","msg":"重庆-重庆","gid":"254521","time_insert":"2021-07-12 06:54"}
2024-02-03 19:12:45 查询号码 【1721638】，GSD为【"重庆-重庆"】

2024-02-03 19:12:46 开始第 1720 次操作

2024-02-03 19:12:46 开始操作号码 【1721639】
2024-02-03 19:12:50 GSD getOne 第 1 次 等待 3 秒
2024-02-03 19:12:53 查询号码 【1721639】，返回信息 {"status":"ok","msg":"重庆-重庆","gid":"254524","time_insert":"2021-07-12 06:55"}
2024-02-03 19:12:53 查询号码 【1721639】，GSD为【"重庆-重庆"】

2024-02-03 19:37:03 开始第 1721 次操作

2024-02-03 19:37:03 开始操作号码 【1721640】
2024-02-03 19:37:07 GSD getOne 第 1 次 等待 3 秒
2024-02-03 19:37:10 查询号码 【1721640】，返回信息 {"status":"ok","msg":"重庆-重庆","gid":"254526","time_insert":"2021-07-12 06:56"}
2024-02-03 19:37:10 查询号码 【1721640】，GSD为【"重庆-重庆"】

2024-02-03 19:37:11 开始第 1722 次操作

2024-02-03 19:37:11 开始操作号码 【1721641】
2024-02-03 19:37:16 GSD getOne 第 1 次 等待 3 秒
2024-02-03 19:37:19 查询号码 【1721641】，返回信息 {"status":"ok","msg":"重庆-重庆","gid":"254529","time_insert":"2021-07-12 06:56"}
2024-02-03 19:37:19 查询号码 【1721641】，GSD为【"重庆-重庆"】

2024-02-03 19:37:20 开始第 1723 次操作

2024-02-03 19:37:20 开始操作号码 【1721642】
2024-02-03 19:37:24 GSD getOne 第 1 次 等待 3 秒
2024-02-03 19:37:27 查询号码 【1721642】，返回信息 {"status":"ok","msg":"重庆-重庆","gid":"254531","time_insert":"2021-07-12 06:57"}
2024-02-03 19:37:27 查询号码 【1721642】，GSD为【"重庆-重庆"】

2024-02-03 19:37:28 开始第 1724 次操作

2024-02-03 19:37:28 开始操作号码 【1721643】
2024-02-03 19:37:33 GSD getOne 第 1 次 等待 3 秒
2024-02-03 19:37:36 查询号码 【1721643】，返回信息 {"status":"ok","msg":"重庆-重庆","gid":"254533","time_insert":"2021-07-12 06:58"}
2024-02-03 19:37:36 查询号码 【1721643】，GSD为【"重庆-重庆"】

2024-02-03 20:27:03 开始第 1725 次操作

2024-02-03 20:27:03 开始操作号码 【1721644】
2024-02-03 20:27:07 GSD getOne 第 1 次 等待 3 秒
2024-02-03 20:27:10 查询号码 【1721644】，返回信息 {"status":"ok","msg":"重庆-重庆","gid":"254538","time_insert":"2021-07-12 06:59"}
2024-02-03 20:27:10 查询号码 【1721644】，GSD为【"重庆-重庆"】

2024-02-03 20:27:11 开始第 1726 次操作

2024-02-03 20:27:11 开始操作号码 【1721645】
2024-02-03 20:27:15 GSD getOne 第 1 次 等待 3 秒
2024-02-03 20:27:18 查询号码 【1721645】，返回信息 {"status":"ok","msg":"重庆-重庆","gid":"254542","time_insert":"2021-07-12 06:59"}
2024-02-03 20:27:19 查询号码 【1721645】，GSD为【"重庆-重庆"】

2024-02-03 20:27:20 开始第 1727 次操作

2024-02-03 20:27:20 开始操作号码 【1721646】
2024-02-03 20:27:26 GSD getOne 第 1 次 等待 3 秒
2024-02-03 20:27:29 查询号码 【1721646】，返回信息 {"status":"ok","msg":"重庆-重庆","gid":"254616","time_insert":"2021-07-12 07:37"}
2024-02-03 20:27:29 查询号码 【1721646】，GSD为【"重庆-重庆"】

2024-02-03 20:27:30 开始第 1728 次操作

2024-02-03 20:27:30 开始操作号码 【1721647】
2024-02-03 20:27:34 GSD getOne 第 1 次 等待 3 秒
2024-02-03 20:27:37 查询号码 【1721647】，返回信息 {"status":"ok","msg":"重庆-重庆","gid":"254621","time_insert":"2021-07-12 07:38"}
2024-02-03 20:27:37 查询号码 【1721647】，GSD为【"重庆-重庆"】

2024-02-03 20:46:14 开始第 1729 次操作

2024-02-03 20:46:14 开始操作号码 【1721648】
2024-02-03 20:46:20 GSD getOne 第 1 次 等待 3 秒
2024-02-03 20:46:23 查询号码 【1721648】，返回信息 {"status":"ok","msg":"重庆-重庆","gid":"254627","time_insert":"2021-07-12 07:38"}
2024-02-03 20:46:23 查询号码 【1721648】，GSD为【"重庆-重庆"】

2024-02-03 20:46:24 开始第 1730 次操作

2024-02-03 20:46:24 开始操作号码 【1721649】
2024-02-03 20:46:28 GSD getOne 第 1 次 等待 3 秒
2024-02-03 20:46:31 查询号码 【1721649】，返回信息 {"status":"ok","msg":"重庆-重庆","gid":"254634","time_insert":"2021-07-12 07:39"}
2024-02-03 20:46:31 查询号码 【1721649】，GSD为【"重庆-重庆"】

2024-02-03 20:46:32 开始第 1731 次操作

2024-02-03 20:46:32 开始操作号码 【1721650】
2024-02-03 20:46:36 GSD getOne 第 1 次 等待 3 秒
2024-02-03 20:46:39 查询号码 【1721650】，返回信息 {"status":"ok","msg":"重庆-重庆","gid":"254642","time_insert":"2021-07-12 07:39"}
2024-02-03 20:46:39 查询号码 【1721650】，GSD为【"重庆-重庆"】

2024-02-03 20:46:40 开始第 1732 次操作

2024-02-03 20:46:40 开始操作号码 【1721651】
2024-02-03 20:46:45 GSD getOne 第 1 次 等待 3 秒
2024-02-03 20:46:48 查询号码 【1721651】，返回信息 {"status":"ok","msg":"重庆-重庆","gid":"254653","time_insert":"2021-07-12 07:40"}
2024-02-03 20:46:48 查询号码 【1721651】，GSD为【"重庆-重庆"】

2024-02-03 21:15:40 开始第 1733 次操作

2024-02-03 21:15:40 开始操作号码 【1721652】
2024-02-03 21:15:45 GSD getOne 第 1 次 等待 3 秒
2024-02-03 21:15:48 查询号码 【1721652】，返回信息 {"status":"ok","msg":"重庆-重庆","gid":"254662","time_insert":"2021-07-12 07:40"}
2024-02-03 21:15:48 查询号码 【1721652】，GSD为【"重庆-重庆"】

2024-02-03 21:15:49 开始第 1734 次操作

2024-02-03 21:15:49 开始操作号码 【1721653】
2024-02-03 21:15:53 GSD getOne 第 1 次 等待 3 秒
2024-02-03 21:15:56 查询号码 【1721653】，返回信息 {"status":"ok","msg":"重庆-重庆","gid":"254669","time_insert":"2021-07-12 07:41"}
2024-02-03 21:15:57 查询号码 【1721653】，GSD为【"重庆-重庆"】

2024-02-03 21:15:58 开始第 1735 次操作

2024-02-03 21:15:58 开始操作号码 【1721654】
2024-02-03 21:16:02 GSD getOne 第 1 次 等待 3 秒
2024-02-03 21:16:05 查询号码 【1721654】，返回信息 {"status":"ok","msg":"重庆-重庆","gid":"254677","time_insert":"2021-07-12 07:41"}
2024-02-03 21:16:05 查询号码 【1721654】，GSD为【"重庆-重庆"】

2024-02-03 21:16:06 开始第 1736 次操作

2024-02-03 21:16:06 开始操作号码 【1721655】
2024-02-03 21:16:10 GSD getOne 第 1 次 等待 3 秒
2024-02-03 21:16:13 查询号码 【1721655】，返回信息 {"status":"ok","msg":"重庆-重庆","gid":"254688","time_insert":"2021-07-12 07:42"}
2024-02-03 21:16:13 查询号码 【1721655】，GSD为【"重庆-重庆"】

2024-02-03 21:37:00 开始第 1737 次操作

2024-02-03 21:37:00 开始操作号码 【1721656】
2024-02-03 21:37:04 GSD getOne 第 1 次 等待 3 秒
2024-02-03 21:37:07 查询号码 【1721656】，返回信息 {"status":"ok","msg":"重庆-重庆","gid":"254695","time_insert":"2021-07-12 07:42"}
2024-02-03 21:37:07 查询号码 【1721656】，GSD为【"重庆-重庆"】

2024-02-03 21:37:08 开始第 1738 次操作

2024-02-03 21:37:08 开始操作号码 【1721657】
2024-02-03 21:37:12 GSD getOne 第 1 次 等待 3 秒
2024-02-03 21:37:15 查询号码 【1721657】，返回信息 {"status":"ok","msg":"重庆-重庆","gid":"254705","time_insert":"2021-07-12 07:43"}
2024-02-03 21:37:15 查询号码 【1721657】，GSD为【"重庆-重庆"】

2024-02-03 21:37:16 开始第 1739 次操作

2024-02-03 21:37:16 开始操作号码 【1721658】
2024-02-03 21:37:20 GSD getOne 第 1 次 等待 3 秒
2024-02-03 21:37:23 查询号码 【1721658】，返回信息 {"status":"ok","msg":"重庆-重庆","gid":"254712","time_insert":"2021-07-12 07:43"}
2024-02-03 21:37:23 查询号码 【1721658】，GSD为【"重庆-重庆"】

2024-02-03 21:37:24 开始第 1740 次操作

2024-02-03 21:37:24 开始操作号码 【1721659】
2024-02-03 21:37:28 GSD getOne 第 1 次 等待 3 秒
2024-02-03 21:37:31 查询号码 【1721659】，返回信息 {"status":"ok","msg":"重庆-重庆","gid":"254722","time_insert":"2021-07-12 07:43"}
2024-02-03 21:37:31 查询号码 【1721659】，GSD为【"重庆-重庆"】

2024-02-03 22:12:35 开始第 1741 次操作

2024-02-03 22:12:35 开始操作号码 【1721660】
2024-02-03 22:12:40 GSD getOne 第 1 次 等待 3 秒
2024-02-03 22:12:43 查询号码 【1721660】，返回信息 {"status":"ok","msg":"重庆-重庆","gid":"254727","time_insert":"2021-07-12 07:44"}
2024-02-03 22:12:43 查询号码 【1721660】，GSD为【"重庆-重庆"】

2024-02-03 22:12:44 开始第 1742 次操作

2024-02-03 22:12:44 开始操作号码 【1721661】
2024-02-03 22:12:48 GSD getOne 第 1 次 等待 3 秒
2024-02-03 22:12:51 查询号码 【1721661】，返回信息 {"status":"ok","msg":"重庆-重庆","gid":"254734","time_insert":"2021-07-12 07:44"}
2024-02-03 22:12:51 查询号码 【1721661】，GSD为【"重庆-重庆"】

2024-02-03 22:12:52 开始第 1743 次操作

2024-02-03 22:12:52 开始操作号码 【1721662】
2024-02-03 22:12:57 GSD getOne 第 1 次 等待 3 秒
2024-02-03 22:13:00 查询号码 【1721662】，返回信息 {"status":"ok","msg":"重庆-重庆","gid":"254739","time_insert":"2021-07-12 07:44"}
2024-02-03 22:13:00 查询号码 【1721662】，GSD为【"重庆-重庆"】

2024-02-03 22:13:01 开始第 1744 次操作

2024-02-03 22:13:01 开始操作号码 【1721663】
2024-02-03 22:13:05 GSD getOne 第 1 次 等待 3 秒
2024-02-03 22:13:08 查询号码 【1721663】，返回信息 {"status":"ok","msg":"重庆-重庆","gid":"254748","time_insert":"2021-07-12 07:45"}
2024-02-03 22:13:08 查询号码 【1721663】，GSD为【"重庆-重庆"】

2024-02-03 22:38:11 开始第 1745 次操作

2024-02-03 22:38:11 开始操作号码 【1721664】
2024-02-03 22:38:15 GSD getOne 第 1 次 等待 3 秒
2024-02-03 22:38:18 查询号码 【1721664】，返回信息 {"status":"ok","msg":"重庆-重庆","gid":"254752","time_insert":"2021-07-12 07:45"}
2024-02-03 22:38:18 查询号码 【1721664】，GSD为【"重庆-重庆"】

2024-02-03 22:38:19 开始第 1746 次操作

2024-02-03 22:38:19 开始操作号码 【1721665】
2024-02-03 22:38:24 GSD getOne 第 1 次 等待 3 秒
2024-02-03 22:38:27 查询号码 【1721665】，返回信息 {"status":"ok","msg":"重庆-重庆","gid":"254762","time_insert":"2021-07-12 07:46"}
2024-02-03 22:38:27 查询号码 【1721665】，GSD为【"重庆-重庆"】

2024-02-03 22:38:28 开始第 1747 次操作

2024-02-03 22:38:28 开始操作号码 【1721666】
2024-02-03 22:38:32 GSD getOne 第 1 次 等待 3 秒
2024-02-03 22:38:35 查询号码 【1721666】，返回信息 {"status":"ok","msg":"重庆-重庆","gid":"254771","time_insert":"2021-07-12 07:46"}
2024-02-03 22:38:35 查询号码 【1721666】，GSD为【"重庆-重庆"】

2024-02-03 22:38:36 开始第 1748 次操作

2024-02-03 22:38:36 开始操作号码 【1721667】
2024-02-03 22:38:40 GSD getOne 第 1 次 等待 3 秒
2024-02-03 22:38:43 查询号码 【1721667】，返回信息 {"status":"ok","msg":"重庆-重庆","gid":"254779","time_insert":"2021-07-12 07:47"}
2024-02-03 22:38:43 查询号码 【1721667】，GSD为【"重庆-重庆"】

2024-02-03 23:14:33 开始第 1749 次操作

2024-02-03 23:14:33 开始操作号码 【1721668】
2024-02-03 23:14:38 GSD getOne 第 1 次 等待 3 秒
2024-02-03 23:14:41 查询号码 【1721668】，返回信息 {"status":"ok","msg":"重庆-重庆","gid":"254787","time_insert":"2021-07-12 07:47"}
2024-02-03 23:14:42 查询号码 【1721668】，GSD为【"重庆-重庆"】

2024-02-03 23:14:43 开始第 1750 次操作

2024-02-03 23:14:43 开始操作号码 【1721669】
2024-02-03 23:14:48 GSD getOne 第 1 次 等待 3 秒
2024-02-03 23:14:51 查询号码 【1721669】，返回信息 {"status":"ok","msg":"重庆-重庆","gid":"254794","time_insert":"2021-07-12 07:47"}
2024-02-03 23:14:51 查询号码 【1721669】，GSD为【"重庆-重庆"】

2024-02-03 23:14:52 开始第 1751 次操作

2024-02-03 23:14:52 开始操作号码 【1721670】
2024-02-03 23:15:00 GSD getOne 第 1 次 等待 3 秒
2024-02-03 23:15:03 查询号码 【1721670】，返回信息 {"status":"ok","msg":"重庆-重庆","gid":"254802","time_insert":"2021-07-12 07:48"}
2024-02-03 23:15:03 查询号码 【1721670】，GSD为【"重庆-重庆"】

2024-02-03 23:15:04 开始第 1752 次操作

2024-02-03 23:15:04 开始操作号码 【1721671】
2024-02-03 23:15:09 GSD getOne 第 1 次 等待 3 秒
2024-02-03 23:15:12 查询号码 【1721671】，返回信息 {"status":"ok","msg":"重庆-重庆","gid":"254804","time_insert":"2021-07-12 07:48"}
2024-02-03 23:15:12 查询号码 【1721671】，GSD为【"重庆-重庆"】

