2024-11-24 00:07:36 开始第 6605 次操作

2024-11-24 00:07:36 开始操作号码 【1316604】
2024-11-24 00:07:37 GSD getOne 第 1 次 等待 3 秒
2024-11-24 00:07:40 查询号码 【1316604】，返回信息 {"status":"ok","msg":"上海-上海","gid":"234294","time_insert":"2021-07-09 21:56"}
2024-11-24 00:07:40 查询号码 【1316604】，GSD为【"上海-上海"】

2024-11-24 00:07:41 开始第 6606 次操作

2024-11-24 00:07:41 开始操作号码 【1316605】
2024-11-24 00:07:44 GSD getOne 第 1 次 等待 3 秒
2024-11-24 00:07:47 查询号码 【1316605】，返回信息 {"status":"ok","msg":"上海-上海","gid":"234288","time_insert":"2021-07-09 21:56"}
2024-11-24 00:07:47 查询号码 【1316605】，GSD为【"上海-上海"】

2024-11-24 00:07:48 开始第 6607 次操作

2024-11-24 00:07:48 开始操作号码 【1316606】
2024-11-24 00:07:48 GSD getOne 第 1 次 等待 3 秒
2024-11-24 00:07:51 查询号码 【1316606】，返回信息 {"status":"ok","msg":"上海-上海","gid":"234283","time_insert":"2021-07-09 21:55"}
2024-11-24 00:07:52 查询号码 【1316606】，GSD为【"上海-上海"】

2024-11-24 00:07:53 开始第 6608 次操作

2024-11-24 00:07:53 开始操作号码 【1316607】
2024-11-24 00:07:54 GSD getOne 第 1 次 等待 3 秒
2024-11-24 00:07:57 查询号码 【1316607】，返回信息 {"status":"ok","msg":"上海-上海","gid":"234277","time_insert":"2021-07-09 21:55"}
2024-11-24 00:07:57 查询号码 【1316607】，GSD为【"上海-上海"】

