2024-05-20 00:20:36 开始第 9757 次操作

2024-05-20 00:20:36 开始操作号码 【1619667】
2024-05-20 00:20:44 GSD getOne 第 1 次 等待 3 秒
2024-05-20 00:20:47 查询号码 【1619667】，返回信息 {"status":"ok","msg":"-","gid":"696109","time_insert":"2023-05-07 12:45"}
2024-05-20 00:20:47 查询号码 【1619667】，GSD为【"-"】
2024-05-20 00:20:47 ok && -
2024-05-20 00:20:50 CHB 1619667?1716135647 第 1 次 等待 3 秒
2024-05-20 00:20:53 CHB 1619667?1716135647 第 1 次 获取到号码【1619667】GSD
2024-05-20 00:20:53 未获取到号码【1619667】GSD，可能号码格式错误
2024-05-20 00:20:53 获取到号码【1619667】的GSD为【-】
2024-05-20 00:21:01 GSD insert 第 1 次 等待 3 秒
2024-05-20 00:21:04 {"status":"bad","gid":"696109","msg":"添加失败！号码【1619667(-|-)】已存在！"}
2024-05-20 00:21:04 随机等待 116 秒，约 1 分钟
2024-05-20 00:21:04 下次操作: 2024-05-20 00:23:00

2024-05-20 00:23:00 开始第 9758 次操作

2024-05-20 00:23:00 开始操作号码 【1619668】
2024-05-20 00:23:07 GSD getOne 第 1 次 等待 3 秒
2024-05-20 00:23:10 查询号码 【1619668】，返回信息 {"status":"ok","msg":"-","gid":"696131","time_insert":"2023-05-07 13:05"}
2024-05-20 00:23:10 查询号码 【1619668】，GSD为【"-"】
2024-05-20 00:23:10 ok && -
2024-05-20 00:23:13 CHB 1619668?1716135790 第 1 次 等待 3 秒
2024-05-20 00:23:16 CHB 1619668?1716135790 第 1 次 获取到号码【1619668】GSD
2024-05-20 00:23:16 未获取到号码【1619668】GSD，可能号码格式错误
2024-05-20 00:23:16 获取到号码【1619668】的GSD为【-】
2024-05-20 00:23:22 GSD insert 第 1 次 等待 3 秒
2024-05-20 00:23:25 {"status":"bad","gid":"696131","msg":"添加失败！号码【1619668(-|-)】已存在！"}
2024-05-20 00:23:25 随机等待 93 秒，约 1 分钟
2024-05-20 00:23:25 下次操作: 2024-05-20 00:24:58

2024-05-20 00:24:58 开始第 9759 次操作

2024-05-20 00:24:58 开始操作号码 【1619669】
2024-05-20 00:25:03 GSD getOne 第 1 次 等待 3 秒
2024-05-20 00:25:06 查询号码 【1619669】，返回信息 {"status":"ok","msg":"-","gid":"696148","time_insert":"2023-05-07 13:22"}
2024-05-20 00:25:06 查询号码 【1619669】，GSD为【"-"】
2024-05-20 00:25:06 ok && -
2024-05-20 00:25:08 CHB 1619669?1716135906 第 1 次 等待 3 秒
2024-05-20 00:25:11 CHB 1619669?1716135906 第 1 次 获取到号码【1619669】GSD
2024-05-20 00:25:11 未获取到号码【1619669】GSD，可能号码格式错误
2024-05-20 00:25:11 获取到号码【1619669】的GSD为【-】
2024-05-20 00:25:17 GSD insert 第 1 次 等待 3 秒
2024-05-20 00:25:20 {"status":"bad","gid":"696148","msg":"添加失败！号码【1619669(-|-)】已存在！"}
2024-05-20 00:25:20 随机等待 71 秒，约 1 分钟
2024-05-20 00:25:20 下次操作: 2024-05-20 00:26:31

2024-05-20 00:26:31 开始第 9760 次操作

2024-05-20 00:26:31 开始操作号码 【1619670】
2024-05-20 00:26:36 GSD getOne 第 1 次 等待 3 秒
2024-05-20 00:26:39 查询号码 【1619670】，返回信息 {"status":"ok","msg":"-","gid":"696165","time_insert":"2023-05-07 13:41"}
2024-05-20 00:26:39 查询号码 【1619670】，GSD为【"-"】
2024-05-20 00:26:39 ok && -
2024-05-20 00:26:41 CHB 1619670?1716135999 第 1 次 等待 3 秒
2024-05-20 00:26:44 CHB 1619670?1716135999 第 1 次 获取到号码【1619670】GSD
2024-05-20 00:26:44 未获取到号码【1619670】GSD，可能号码格式错误
2024-05-20 00:26:44 获取到号码【1619670】的GSD为【-】
2024-05-20 00:26:54 GSD insert 第 1 次 等待 3 秒
2024-05-20 00:26:57 {"status":"bad","gid":"696165","msg":"添加失败！号码【1619670(-|-)】已存在！"}

