2023-12-09 00:21:41 开始第 2133 次操作

2023-12-09 00:21:41 开始操作号码 【1832052】
2023-12-09 00:21:46 GSD getOne 第 1 次 等待 3 秒
2023-12-09 00:21:49 查询号码 【1832052】，返回信息 {"status":"ok","msg":"广东-揭阳","gid":"293994","time_insert":"2021-07-16 15:05"}
2023-12-09 00:21:49 查询号码 【1832052】，GSD为【"广东-揭阳"】

2023-12-09 00:21:50 开始第 2134 次操作

2023-12-09 00:21:50 开始操作号码 【1832053】
2023-12-09 00:21:59 GSD getOne 第 1 次 等待 3 秒
2023-12-09 00:22:02 查询号码 【1832053】，返回信息 {"status":"ok","msg":"广东-揭阳","gid":"294006","time_insert":"2021-07-16 15:06"}
2023-12-09 00:22:02 查询号码 【1832053】，GSD为【"广东-揭阳"】

2023-12-09 00:22:03 开始第 2135 次操作

2023-12-09 00:22:03 开始操作号码 【1832054】
2023-12-09 00:22:06 GSD getOne 第 1 次 等待 3 秒
2023-12-09 00:22:09 查询号码 【1832054】，返回信息 {"status":"ok","msg":"广东-揭阳","gid":"294015","time_insert":"2021-07-16 15:07"}
2023-12-09 00:22:09 查询号码 【1832054】，GSD为【"广东-揭阳"】

2023-12-09 00:22:10 开始第 2136 次操作

2023-12-09 00:22:10 开始操作号码 【1832055】
2023-12-09 00:22:14 GSD getOne 第 1 次 等待 3 秒
2023-12-09 00:22:17 查询号码 【1832055】，返回信息 {"status":"ok","msg":"广东-揭阳","gid":"294025","time_insert":"2021-07-16 15:07"}
2023-12-09 00:22:17 查询号码 【1832055】，GSD为【"广东-揭阳"】

2023-12-09 00:41:16 开始第 2137 次操作

2023-12-09 00:41:16 开始操作号码 【1832056】
2023-12-09 00:41:23 GSD getOne 第 1 次 等待 3 秒
2023-12-09 00:41:26 查询号码 【1832056】，返回信息 {"status":"ok","msg":"广东-揭阳","gid":"294033","time_insert":"2021-07-16 15:08"}
2023-12-09 00:41:26 查询号码 【1832056】，GSD为【"广东-揭阳"】

2023-12-09 00:41:27 开始第 2138 次操作

2023-12-09 00:41:27 开始操作号码 【1832057】
2023-12-09 00:41:32 GSD getOne 第 1 次 等待 3 秒
2023-12-09 00:41:35 查询号码 【1832057】，返回信息 {"status":"ok","msg":"广东-揭阳","gid":"294048","time_insert":"2021-07-16 15:10"}
2023-12-09 00:41:35 查询号码 【1832057】，GSD为【"广东-揭阳"】

2023-12-09 00:41:36 开始第 2139 次操作

2023-12-09 00:41:36 开始操作号码 【1832058】
2023-12-09 00:41:41 GSD getOne 第 1 次 等待 3 秒
2023-12-09 00:41:44 查询号码 【1832058】，返回信息 {"status":"ok","msg":"广东-揭阳","gid":"294057","time_insert":"2021-07-16 15:11"}
2023-12-09 00:41:44 查询号码 【1832058】，GSD为【"广东-揭阳"】

2023-12-09 00:41:45 开始第 2140 次操作

2023-12-09 00:41:45 开始操作号码 【1832059】
2023-12-09 00:41:54 GSD getOne 第 1 次 等待 3 秒
2023-12-09 00:41:57 查询号码 【1832059】，返回信息 {"status":"ok","msg":"广东-揭阳","gid":"294068","time_insert":"2021-07-16 15:12"}
2023-12-09 00:41:57 查询号码 【1832059】，GSD为【"广东-揭阳"】

