2023-10-15 00:18:26 开始第 3113 次操作

2023-10-15 00:18:26 开始操作号码 【1933079】
2023-10-15 00:18:29 GSD getOne 第 1 次 等待 3 秒
2023-10-15 00:18:32 查询号码 【1933079】，返回信息 {"status":"ok","msg":"湖南-益阳","gid":"508848","time_insert":"2021-08-14 01:23"}
2023-10-15 00:18:32 查询号码 【1933079】，GSD为【"湖南-益阳"】

2023-10-15 00:18:33 开始第 3114 次操作

2023-10-15 00:18:33 开始操作号码 【1933080】
2023-10-15 00:18:39 GSD getOne 第 1 次 等待 3 秒
2023-10-15 00:18:42 查询号码 【1933080】，返回信息 {"status":"ok","msg":"湖南-岳阳","gid":"508865","time_insert":"2021-08-14 01:35"}
2023-10-15 00:18:42 查询号码 【1933080】，GSD为【"湖南-岳阳"】

2023-10-15 00:18:43 开始第 3115 次操作

2023-10-15 00:18:43 开始操作号码 【1933081】
2023-10-15 00:18:47 GSD getOne 第 1 次 等待 3 秒
2023-10-15 00:18:50 查询号码 【1933081】，返回信息 {"status":"ok","msg":"湖南-岳阳","gid":"508868","time_insert":"2021-08-14 01:38"}
2023-10-15 00:18:50 查询号码 【1933081】，GSD为【"湖南-岳阳"】

2023-10-15 00:18:51 开始第 3116 次操作

2023-10-15 00:18:51 开始操作号码 【1933082】
2023-10-15 00:19:04 GSD getOne 第 1 次 等待 3 秒
2023-10-15 00:19:07 查询号码 【1933082】，返回信息 {"status":"ok","msg":"湖南-株洲","gid":"508884","time_insert":"2021-08-14 01:52"}
2023-10-15 00:19:07 查询号码 【1933082】，GSD为【"湖南-株洲"】

