2024-06-26 00:22:49 开始第 2657 次操作

2024-06-26 00:22:49 开始操作号码 【1502567】
2024-06-26 00:23:17 GSD getOne 第 1 次 等待 3 秒
2024-06-26 00:23:20 查询号码 【1502567】，返回信息 {"status":"ok","msg":"重庆-涪陵","gid":"15479","time_insert":"2017-05-30 10:52","time_update":"2021-01-08 16:32"}
2024-06-26 00:23:20 查询号码 【1502567】，GSD为【"重庆-涪陵"】

2024-06-26 00:23:21 开始第 2658 次操作

2024-06-26 00:23:21 开始操作号码 【1502568】
2024-06-26 00:23:45 GSD getOne 第 1 次 等待 3 秒
2024-06-26 00:23:48 查询号码 【1502568】，返回信息 {"status":"ok","msg":"重庆-涪陵","gid":"15480","time_insert":"2017-07-18 11:48","time_update":"2021-01-08 16:33"}
2024-06-26 00:23:48 查询号码 【1502568】，GSD为【"重庆-涪陵"】

2024-06-26 00:23:49 开始第 2659 次操作

2024-06-26 00:23:49 开始操作号码 【1502569】
2024-06-26 00:24:06 GSD getOne 第 1 次 等待 3 秒
2024-06-26 00:24:09 查询号码 【1502569】，返回信息 {"status":"ok","msg":"重庆-涪陵","gid":"15481","time_insert":"2016-02-21 00:00","time_update":"2021-05-24 21:42"}
2024-06-26 00:24:09 查询号码 【1502569】，GSD为【"重庆-涪陵"】

2024-06-26 00:24:10 开始第 2660 次操作

2024-06-26 00:24:10 开始操作号码 【1502570】
2024-06-26 00:24:27 GSD getOne 第 1 次 等待 3 秒
2024-06-26 00:24:30 查询号码 【1502570】，返回信息 {"status":"ok","msg":"重庆-黔江","gid":"128321","time_insert":"2021-06-25 18:00"}
2024-06-26 00:24:31 查询号码 【1502570】，GSD为【"重庆-黔江"】

2024-06-26 00:41:21 开始第 2661 次操作

2024-06-26 00:41:21 开始操作号码 【1502571】
2024-06-26 00:41:43 GSD getOne 第 1 次 等待 3 秒
2024-06-26 00:41:46 查询号码 【1502571】，返回信息 {"status":"ok","msg":"重庆-黔江","gid":"15482","time_insert":"2014-06-14 21:33","time_update":"2021-01-08 16:47"}
2024-06-26 00:41:46 查询号码 【1502571】，GSD为【"重庆-黔江"】

2024-06-26 00:41:47 开始第 2662 次操作

2024-06-26 00:41:47 开始操作号码 【1502572】
2024-06-26 00:42:08 GSD getOne 第 1 次 等待 3 秒
2024-06-26 00:42:11 查询号码 【1502572】，返回信息 {"status":"ok","msg":"重庆-黔江","gid":"15483","time_insert":"2020-03-30 17:42","time_update":"2021-01-08 16:49"}
2024-06-26 00:42:11 查询号码 【1502572】，GSD为【"重庆-黔江"】

2024-06-26 00:42:12 开始第 2663 次操作

2024-06-26 00:42:12 开始操作号码 【1502573】
2024-06-26 00:42:42 GSD getOne 第 1 次 等待 3 秒
2024-06-26 00:42:45 查询号码 【1502573】，返回信息 {"status":"ok","msg":"重庆-黔江","gid":"15484","time_insert":"2019-11-16 09:48","time_update":"2021-01-08 16:54"}
2024-06-26 00:42:45 查询号码 【1502573】，GSD为【"重庆-黔江"】

2024-06-26 00:42:46 开始第 2664 次操作

2024-06-26 00:42:46 开始操作号码 【1502574】
2024-06-26 00:43:21 GSD getOne 第 1 次 等待 3 秒
2024-06-26 00:43:24 查询号码 【1502574】，返回信息 {"status":"ok","msg":"重庆-黔江","gid":"15485","time_insert":"2017-04-16 10:51","time_update":"2021-01-08 17:02"}
2024-06-26 00:43:24 查询号码 【1502574】，GSD为【"重庆-黔江"】

