2024-08-07 00:22:55 开始第 17 次操作

2024-08-07 00:22:55 开始操作号码 【1509926】
2024-08-07 00:23:08 GSD getOne 第 1 次 等待 3 秒
2024-08-07 00:23:11 查询号码 【1509926】，返回信息 {"status":"ok","msg":"新疆-库尔勒","gid":"357014","time_insert":"2021-07-22 17:09","time_update":"2021-07-27 13:31"}
2024-08-07 00:23:11 查询号码 【1509926】，GSD为【"新疆-库尔勒"】

2024-08-07 00:23:12 开始第 18 次操作

2024-08-07 00:23:12 开始操作号码 【1509927】
2024-08-07 00:23:22 GSD getOne 第 1 次 等待 3 秒
2024-08-07 00:23:25 查询号码 【1509927】，返回信息 {"status":"ok","msg":"新疆-阿克苏","gid":"357003","time_insert":"2021-07-22 17:08","time_update":"2021-07-27 14:03"}
2024-08-07 00:23:25 查询号码 【1509927】，GSD为【"新疆-阿克苏"】

2024-08-07 00:23:26 开始第 19 次操作

2024-08-07 00:23:26 开始操作号码 【1509928】
2024-08-07 00:23:34 GSD getOne 第 1 次 等待 3 秒
2024-08-07 00:23:37 查询号码 【1509928】，返回信息 {"status":"ok","msg":"新疆-阿克苏","gid":"16537","time_insert":"2019-01-26 22:55","time_update":"2020-12-23 13:45"}
2024-08-07 00:23:37 查询号码 【1509928】，GSD为【"新疆-阿克苏"】

2024-08-07 00:23:38 开始第 20 次操作

2024-08-07 00:23:38 开始操作号码 【1509929】
2024-08-07 00:23:47 GSD getOne 第 1 次 等待 3 秒
2024-08-07 00:23:50 查询号码 【1509929】，返回信息 {"status":"ok","msg":"新疆-阿克苏","gid":"356995","time_insert":"2021-07-22 17:06","time_update":"2021-07-27 14:39"}
2024-08-07 00:23:50 查询号码 【1509929】，GSD为【"新疆-阿克苏"】

