2024-04-29 00:18:54 开始第 6049 次操作

2024-04-29 00:18:54 开始操作号码 【1615966】
2024-04-29 00:19:06 GSD getOne 第 1 次 等待 3 秒
2024-04-29 00:19:09 查询号码 【1615966】，返回信息 {"status":"ok","msg":"-","gid":"644428","time_insert":"2023-04-10 06:26"}
2024-04-29 00:19:09 查询号码 【1615966】，GSD为【"-"】
2024-04-29 00:19:09 ok && -
2024-04-29 00:19:16 CHB 1615966?1714321149 第 1 次 等待 3 秒
2024-04-29 00:19:19 CHB 1615966?1714321149 第 1 次 获取到号码【1615966】GSD
2024-04-29 00:19:19 未获取到号码【1615966】GSD，可能号码格式错误
2024-04-29 00:19:19 获取到号码【1615966】的GSD为【-】
2024-04-29 00:19:24 GSD insert 第 1 次 等待 3 秒
2024-04-29 00:19:27 {"status":"bad","gid":"644428","msg":"添加失败！号码【1615966(-|-)】已存在！"}
2024-04-29 00:19:27 随机等待 123 秒，约 2 分钟
2024-04-29 00:19:27 下次操作: 2024-04-29 00:21:30

2024-04-29 00:21:30 开始第 6050 次操作

2024-04-29 00:21:30 开始操作号码 【1615967】
2024-04-29 00:21:37 GSD getOne 第 1 次 等待 3 秒
2024-04-29 00:21:40 查询号码 【1615967】，返回信息 {"status":"ok","msg":"-","gid":"644443","time_insert":"2023-04-10 06:36"}
2024-04-29 00:21:40 查询号码 【1615967】，GSD为【"-"】
2024-04-29 00:21:40 ok && -
2024-04-29 00:21:42 CHB 1615967?1714321300 第 1 次 等待 3 秒
2024-04-29 00:21:45 CHB 1615967?1714321300 第 1 次 获取到号码【1615967】GSD
2024-04-29 00:21:45 未获取到号码【1615967】GSD，可能号码格式错误
2024-04-29 00:21:45 获取到号码【1615967】的GSD为【-】
2024-04-29 00:22:00 GSD insert 第 1 次 等待 3 秒
2024-04-29 00:22:03 {"status":"bad","gid":"644443","msg":"添加失败！号码【1615967(-|-)】已存在！"}
2024-04-29 00:22:03 随机等待 186 秒，约 3 分钟
2024-04-29 00:22:03 下次操作: 2024-04-29 00:25:09

2024-04-29 00:25:09 开始第 6051 次操作

2024-04-29 00:25:09 开始操作号码 【1615968】
2024-04-29 00:25:14 GSD getOne 第 1 次 等待 3 秒
2024-04-29 00:25:17 查询号码 【1615968】，返回信息 {"status":"ok","msg":"-","gid":"644475","time_insert":"2023-04-10 06:57"}
2024-04-29 00:25:17 查询号码 【1615968】，GSD为【"-"】
2024-04-29 00:25:17 ok && -
2024-04-29 00:25:20 CHB 1615968?1714321517 第 1 次 等待 3 秒
2024-04-29 00:25:23 CHB 1615968?1714321517 第 1 次 获取到号码【1615968】GSD
2024-04-29 00:25:23 未获取到号码【1615968】GSD，可能号码格式错误
2024-04-29 00:25:23 获取到号码【1615968】的GSD为【-】
2024-04-29 00:25:27 GSD insert 第 1 次 等待 3 秒
2024-04-29 00:25:30 {"status":"bad","gid":"644475","msg":"添加失败！号码【1615968(-|-)】已存在！"}
2024-04-29 00:25:31 随机等待 123 秒，约 2 分钟
2024-04-29 00:25:31 下次操作: 2024-04-29 00:27:34

2024-04-29 00:27:34 开始第 6052 次操作

2024-04-29 00:27:34 开始操作号码 【1615969】
2024-04-29 00:27:39 GSD getOne 第 1 次 等待 3 秒
2024-04-29 00:27:42 查询号码 【1615969】，返回信息 {"status":"ok","msg":"-","gid":"644501","time_insert":"2023-04-10 07:15"}
2024-04-29 00:27:42 查询号码 【1615969】，GSD为【"-"】
2024-04-29 00:27:42 ok && -
2024-04-29 00:27:44 CHB 1615969?1714321662 第 1 次 等待 3 秒
2024-04-29 00:27:47 CHB 1615969?1714321662 第 1 次 获取到号码【1615969】GSD
2024-04-29 00:27:47 未获取到号码【1615969】GSD，可能号码格式错误
2024-04-29 00:27:47 获取到号码【1615969】的GSD为【-】
2024-04-29 00:27:55 GSD insert 第 1 次 等待 3 秒
2024-04-29 00:27:58 {"status":"bad","gid":"644501","msg":"添加失败！号码【1615969(-|-)】已存在！"}

