2024-03-03 00:18:35 开始第 6793 次操作

2024-03-03 00:18:35 开始操作号码 【1726712】
2024-03-03 00:18:41 GSD getOne 第 1 次 等待 3 秒
2024-03-03 00:18:44 查询号码 【1726712】，返回信息 {"status":"ok","msg":"湖南-永州","gid":"317189","time_insert":"2021-07-18 17:48"}
2024-03-03 00:18:44 查询号码 【1726712】，GSD为【"湖南-永州"】

2024-03-03 00:18:45 开始第 6794 次操作

2024-03-03 00:18:45 开始操作号码 【1726713】
2024-03-03 00:18:50 GSD getOne 第 1 次 等待 3 秒
2024-03-03 00:18:53 查询号码 【1726713】，返回信息 {"status":"ok","msg":"湖南-永州","gid":"317204","time_insert":"2021-07-18 17:49"}
2024-03-03 00:18:53 查询号码 【1726713】，GSD为【"湖南-永州"】

2024-03-03 00:18:54 开始第 6795 次操作

2024-03-03 00:18:54 开始操作号码 【1726714】
2024-03-03 00:19:00 GSD getOne 第 1 次 等待 3 秒
2024-03-03 00:19:03 查询号码 【1726714】，返回信息 {"status":"ok","msg":"湖南-永州","gid":"317219","time_insert":"2021-07-18 17:50"}
2024-03-03 00:19:03 查询号码 【1726714】，GSD为【"湖南-永州"】

2024-03-03 00:19:04 开始第 6796 次操作

2024-03-03 00:19:04 开始操作号码 【1726715】
2024-03-03 00:19:08 GSD getOne 第 1 次 等待 3 秒
2024-03-03 00:19:11 查询号码 【1726715】，返回信息 {"status":"ok","msg":"湖南-永州","gid":"317230","time_insert":"2021-07-18 17:51"}
2024-03-03 00:19:12 查询号码 【1726715】，GSD为【"湖南-永州"】

2024-03-03 00:37:15 开始第 6797 次操作

2024-03-03 00:37:15 开始操作号码 【1726716】
2024-03-03 00:37:20 GSD getOne 第 1 次 等待 3 秒
2024-03-03 00:37:23 查询号码 【1726716】，返回信息 {"status":"ok","msg":"湖南-张家界","gid":"317245","time_insert":"2021-07-18 17:52"}
2024-03-03 00:37:23 查询号码 【1726716】，GSD为【"湖南-张家界"】

2024-03-03 00:37:24 开始第 6798 次操作

2024-03-03 00:37:24 开始操作号码 【1726717】
2024-03-03 00:37:31 GSD getOne 第 1 次 等待 3 秒
2024-03-03 00:37:34 查询号码 【1726717】，返回信息 {"status":"ok","msg":"湖南-张家界","gid":"317257","time_insert":"2021-07-18 17:52"}
2024-03-03 00:37:34 查询号码 【1726717】，GSD为【"湖南-张家界"】

2024-03-03 00:37:35 开始第 6799 次操作

2024-03-03 00:37:35 开始操作号码 【1726718】
2024-03-03 00:37:42 GSD getOne 第 1 次 等待 3 秒
2024-03-03 00:37:45 查询号码 【1726718】，返回信息 {"status":"ok","msg":"湖南-湘西","gid":"317273","time_insert":"2021-07-18 17:53"}
2024-03-03 00:37:45 查询号码 【1726718】，GSD为【"湖南-湘西"】

2024-03-03 00:37:46 开始第 6800 次操作

2024-03-03 00:37:46 开始操作号码 【1726719】
2024-03-03 00:37:55 GSD getOne 第 1 次 等待 3 秒
2024-03-03 00:37:58 查询号码 【1726719】，返回信息 {"status":"ok","msg":"湖南-湘西","gid":"317286","time_insert":"2021-07-18 17:54"}
2024-03-03 00:37:58 查询号码 【1726719】，GSD为【"湖南-湘西"】

