2024-01-12 00:22:15 开始第 8181 次操作

2024-01-12 00:22:15 开始操作号码 【1838100】
2024-01-12 00:22:18 GSD getOne 第 1 次 等待 3 秒
2024-01-12 00:22:21 查询号码 【1838100】，返回信息 {"status":"ok","msg":"四川-成都","gid":"38269","time_insert":"2020-04-16 11:23","time_update":"2020-11-08 21:51"}
2024-01-12 00:22:21 查询号码 【1838100】，GSD为【"四川-成都"】

2024-01-12 00:22:22 开始第 8182 次操作

2024-01-12 00:22:22 开始操作号码 【1838101】
2024-01-12 00:22:25 GSD getOne 第 1 次 等待 3 秒
2024-01-12 00:22:28 查询号码 【1838101】，返回信息 {"status":"ok","msg":"四川-成都","gid":"38270","time_insert":"2015-09-29 21:05","time_update":"2020-11-08 21:54"}
2024-01-12 00:22:28 查询号码 【1838101】，GSD为【"四川-成都"】

2024-01-12 00:22:29 开始第 8183 次操作

2024-01-12 00:22:29 开始操作号码 【1838102】
2024-01-12 00:22:34 GSD getOne 第 1 次 等待 3 秒
2024-01-12 00:22:37 查询号码 【1838102】，返回信息 {"status":"ok","msg":"四川-成都","gid":"38271","time_insert":"2016-09-01 15:03","time_update":"2020-11-08 21:58"}
2024-01-12 00:22:37 查询号码 【1838102】，GSD为【"四川-成都"】

2024-01-12 00:22:38 开始第 8184 次操作

2024-01-12 00:22:38 开始操作号码 【1838103】
2024-01-12 00:22:42 GSD getOne 第 1 次 等待 3 秒
2024-01-12 00:22:45 查询号码 【1838103】，返回信息 {"status":"ok","msg":"四川-成都","gid":"38272","time_insert":"2017-06-26 09:28","time_update":"2020-11-08 22:01"}
2024-01-12 00:22:45 查询号码 【1838103】，GSD为【"四川-成都"】

