2024-02-22 00:20:19 开始第 4997 次操作

2024-02-22 00:20:19 开始操作号码 【1724916】
2024-02-22 00:20:24 GSD getOne 第 1 次 等待 3 秒
2024-02-22 00:20:27 查询号码 【1724916】，返回信息 {"status":"ok","msg":"江西-南昌","gid":"295783","time_insert":"2021-07-16 18:54"}
2024-02-22 00:20:27 查询号码 【1724916】，GSD为【"江西-南昌"】

2024-02-22 00:20:28 开始第 4998 次操作

2024-02-22 00:20:28 开始操作号码 【1724917】
2024-02-22 00:20:35 GSD getOne 第 1 次 等待 3 秒
2024-02-22 00:20:38 查询号码 【1724917】，返回信息 {"status":"ok","msg":"江西-南昌","gid":"295793","time_insert":"2021-07-16 18:54"}
2024-02-22 00:20:38 查询号码 【1724917】，GSD为【"江西-南昌"】

2024-02-22 00:20:39 开始第 4999 次操作

2024-02-22 00:20:39 开始操作号码 【1724918】
2024-02-22 00:20:43 GSD getOne 第 1 次 等待 3 秒
2024-02-22 00:20:46 查询号码 【1724918】，返回信息 {"status":"ok","msg":"江西-南昌","gid":"295801","time_insert":"2021-07-16 18:55","time_update":"2021-08-29 21:01"}
2024-02-22 00:20:46 查询号码 【1724918】，GSD为【"江西-南昌"】

2024-02-22 00:20:47 开始第 5000 次操作

2024-02-22 00:20:47 开始操作号码 【1724919】
2024-02-22 00:20:54 GSD getOne 第 1 次 等待 3 秒
2024-02-22 00:20:57 查询号码 【1724919】，返回信息 {"status":"ok","msg":"江西-南昌","gid":"295808","time_insert":"2021-07-16 18:55"}
2024-02-22 00:20:57 查询号码 【1724919】，GSD为【"江西-南昌"】

2024-02-22 00:38:47 开始第 5001 次操作

2024-02-22 00:38:47 开始操作号码 【1724920】
2024-02-22 00:38:51 GSD getOne 第 1 次 等待 3 秒
2024-02-22 00:38:54 查询号码 【1724920】，返回信息 {"status":"ok","msg":"江西-南昌","gid":"295814","time_insert":"2021-07-16 18:56"}
2024-02-22 00:38:55 查询号码 【1724920】，GSD为【"江西-南昌"】

2024-02-22 00:38:56 开始第 5002 次操作

2024-02-22 00:38:56 开始操作号码 【1724921】
2024-02-22 00:39:00 GSD getOne 第 1 次 等待 3 秒
2024-02-22 00:39:03 查询号码 【1724921】，返回信息 {"status":"ok","msg":"江西-南昌","gid":"295821","time_insert":"2021-07-16 18:57"}
2024-02-22 00:39:03 查询号码 【1724921】，GSD为【"江西-南昌"】

2024-02-22 00:39:04 开始第 5003 次操作

2024-02-22 00:39:04 开始操作号码 【1724922】
2024-02-22 00:39:09 GSD getOne 第 1 次 等待 3 秒
2024-02-22 00:39:12 查询号码 【1724922】，返回信息 {"status":"ok","msg":"江西-南昌","gid":"295826","time_insert":"2021-07-16 18:57"}
2024-02-22 00:39:12 查询号码 【1724922】，GSD为【"江西-南昌"】

2024-02-22 00:39:13 开始第 5004 次操作

2024-02-22 00:39:13 开始操作号码 【1724923】
2024-02-22 00:39:20 GSD getOne 第 1 次 等待 3 秒
2024-02-22 00:39:23 查询号码 【1724923】，返回信息 {"status":"ok","msg":"江西-南昌","gid":"295836","time_insert":"2021-07-16 18:58"}
2024-02-22 00:39:23 查询号码 【1724923】，GSD为【"江西-南昌"】

2024-02-22 01:37:22 开始第 5005 次操作

2024-02-22 01:37:22 开始操作号码 【1724924】
2024-02-22 01:37:27 GSD getOne 第 1 次 等待 3 秒
2024-02-22 01:37:30 查询号码 【1724924】，返回信息 {"status":"ok","msg":"江西-南昌","gid":"295840","time_insert":"2021-07-16 18:59"}
2024-02-22 01:37:30 查询号码 【1724924】，GSD为【"江西-南昌"】

2024-02-22 01:37:31 开始第 5006 次操作

2024-02-22 01:37:31 开始操作号码 【1724925】
2024-02-22 01:37:36 GSD getOne 第 1 次 等待 3 秒
2024-02-22 01:37:39 查询号码 【1724925】，返回信息 {"status":"ok","msg":"江西-南昌","gid":"295848","time_insert":"2021-07-16 18:59"}
2024-02-22 01:37:39 查询号码 【1724925】，GSD为【"江西-南昌"】

2024-02-22 01:37:40 开始第 5007 次操作

2024-02-22 01:37:40 开始操作号码 【1724926】
2024-02-22 01:37:45 GSD getOne 第 1 次 等待 3 秒
2024-02-22 01:37:48 查询号码 【1724926】，返回信息 {"status":"ok","msg":"江西-南昌","gid":"295857","time_insert":"2021-07-16 19:00"}
2024-02-22 01:37:48 查询号码 【1724926】，GSD为【"江西-南昌"】

2024-02-22 01:37:49 开始第 5008 次操作

2024-02-22 01:37:49 开始操作号码 【1724927】
2024-02-22 01:37:54 GSD getOne 第 1 次 等待 3 秒
2024-02-22 01:37:57 查询号码 【1724927】，返回信息 {"status":"ok","msg":"江西-南昌","gid":"295861","time_insert":"2021-07-16 19:01"}
2024-02-22 01:37:57 查询号码 【1724927】，GSD为【"江西-南昌"】

2024-02-22 02:20:14 开始第 5009 次操作

2024-02-22 02:20:14 开始操作号码 【1724928】
2024-02-22 02:20:19 GSD getOne 第 1 次 等待 3 秒
2024-02-22 02:20:22 查询号码 【1724928】，返回信息 {"status":"ok","msg":"江西-南昌","gid":"295870","time_insert":"2021-07-16 19:01"}
2024-02-22 02:20:22 查询号码 【1724928】，GSD为【"江西-南昌"】

2024-02-22 02:20:23 开始第 5010 次操作

2024-02-22 02:20:23 开始操作号码 【1724929】
2024-02-22 02:20:28 GSD getOne 第 1 次 等待 3 秒
2024-02-22 02:20:31 查询号码 【1724929】，返回信息 {"status":"ok","msg":"江西-南昌","gid":"295877","time_insert":"2021-07-16 19:02"}
2024-02-22 02:20:31 查询号码 【1724929】，GSD为【"江西-南昌"】

2024-02-22 02:20:32 开始第 5011 次操作

2024-02-22 02:20:32 开始操作号码 【1724930】
2024-02-22 02:20:37 GSD getOne 第 1 次 等待 3 秒
2024-02-22 02:20:40 查询号码 【1724930】，返回信息 {"status":"ok","msg":"江西-南昌","gid":"295881","time_insert":"2021-07-16 19:03"}
2024-02-22 02:20:40 查询号码 【1724930】，GSD为【"江西-南昌"】

2024-02-22 02:20:41 开始第 5012 次操作

2024-02-22 02:20:41 开始操作号码 【1724931】
2024-02-22 02:20:46 GSD getOne 第 1 次 等待 3 秒
2024-02-22 02:20:49 查询号码 【1724931】，返回信息 {"status":"ok","msg":"江西-南昌","gid":"295893","time_insert":"2021-07-16 19:04"}
2024-02-22 02:20:49 查询号码 【1724931】，GSD为【"江西-南昌"】

