2024-01-10 00:21:59 开始第 7829 次操作

2024-01-10 00:21:59 开始操作号码 【1837748】
2024-01-10 00:22:17 GSD getOne 第 1 次 等待 3 秒
2024-01-10 00:22:20 查询号码 【1837748】，返回信息 {"status":"ok","msg":"广西-梧州","gid":"352155","time_insert":"2021-07-22 04:47"}
2024-01-10 00:22:20 查询号码 【1837748】，GSD为【"广西-梧州"】

2024-01-10 00:22:21 开始第 7830 次操作

2024-01-10 00:22:21 开始操作号码 【1837749】
2024-01-10 00:22:24 GSD getOne 第 1 次 等待 3 秒
2024-01-10 00:22:27 查询号码 【1837749】，返回信息 {"status":"ok","msg":"广西-梧州","gid":"352165","time_insert":"2021-07-22 04:48"}
2024-01-10 00:22:27 查询号码 【1837749】，GSD为【"广西-梧州"】

2024-01-10 00:22:28 开始第 7831 次操作

2024-01-10 00:22:28 开始操作号码 【1837750】
2024-01-10 00:22:32 GSD getOne 第 1 次 等待 3 秒
2024-01-10 00:22:35 查询号码 【1837750】，返回信息 {"status":"ok","msg":"广西-玉林","gid":"352175","time_insert":"2021-07-22 04:49"}
2024-01-10 00:22:36 查询号码 【1837750】，GSD为【"广西-玉林"】

2024-01-10 00:22:37 开始第 7832 次操作

2024-01-10 00:22:37 开始操作号码 【1837751】
2024-01-10 00:22:41 GSD getOne 第 1 次 等待 3 秒
2024-01-10 00:22:44 查询号码 【1837751】，返回信息 {"status":"ok","msg":"广西-贵港","gid":"352184","time_insert":"2021-07-22 04:50"}
2024-01-10 00:22:44 查询号码 【1837751】，GSD为【"广西-贵港"】

