2024-06-11 00:22:54 开始第 90 次操作
2024-06-11 00:22:54 号码【161（0000 ---> 9999）】处理完毕
2024-06-11 00:41:17 开始第 90 次操作
2024-06-11 00:41:17 号码【161（0000 ---> 9999）】处理完毕
2024-06-11 01:16:09 开始第 90 次操作
2024-06-11 01:16:09 号码【161（0000 ---> 9999）】处理完毕
2024-06-11 01:37:11 开始第 90 次操作
2024-06-11 01:37:11 号码【161（0000 ---> 9999）】处理完毕
2024-06-11 02:23:36 开始第 90 次操作
2024-06-11 02:23:36 号码【161（0000 ---> 9999）】处理完毕
2024-06-11 02:39:51 开始第 90 次操作
2024-06-11 02:39:51 号码【161（0000 ---> 9999）】处理完毕
2024-06-11 03:14:35 开始第 90 次操作
2024-06-11 03:14:35 号码【161（0000 ---> 9999）】处理完毕
2024-06-11 03:37:13 开始第 90 次操作
2024-06-11 03:37:13 号码【161（0000 ---> 9999）】处理完毕
2024-06-11 04:18:22 开始第 90 次操作
2024-06-11 04:18:22 号码【161（0000 ---> 9999）】处理完毕
2024-06-11 04:37:21 开始第 90 次操作
2024-06-11 04:37:21 号码【161（0000 ---> 9999）】处理完毕
2024-06-11 05:17:24 开始第 90 次操作
2024-06-11 05:17:24 号码【161（0000 ---> 9999）】处理完毕
2024-06-11 05:38:12 开始第 90 次操作
2024-06-11 05:38:12 号码【161（0000 ---> 9999）】处理完毕
2024-06-11 06:17:55 开始第 90 次操作
2024-06-11 06:17:55 号码【161（0000 ---> 9999）】处理完毕
2024-06-11 06:38:12 开始第 90 次操作
2024-06-11 06:38:12 号码【161（0000 ---> 9999）】处理完毕
2024-06-11 07:17:40 开始第 90 次操作
2024-06-11 07:17:40 号码【161（0000 ---> 9999）】处理完毕
2024-06-11 07:37:38 开始第 90 次操作
2024-06-11 07:37:38 号码【161（0000 ---> 9999）】处理完毕
2024-06-11 08:50:13 开始第 90 次操作

2024-06-11 08:50:13 开始操作号码 【1500001】
2024-06-11 08:50:20 GSD getOne 第 1 次 等待 3 秒
2024-06-11 08:50:23 查询号码 【1500001】，返回信息 {"status":"ok","msg":"上海-上海","gid":"66585","time_insert":"2021-05-24 11:49"}
2024-06-11 08:50:23 查询号码 【1500001】，GSD为【"上海-上海"】

2024-06-11 08:50:24 开始第 91 次操作

2024-06-11 08:50:24 开始操作号码 【1500002】
2024-06-11 08:50:28 GSD getOne 第 1 次 等待 3 秒
2024-06-11 08:50:31 查询号码 【1500002】，返回信息 {"status":"ok","msg":"上海-上海","gid":"66605","time_insert":"2021-05-24 12:14"}
2024-06-11 08:50:31 查询号码 【1500002】，GSD为【"上海-上海"】

2024-06-11 08:50:32 开始第 92 次操作

2024-06-11 08:50:32 开始操作号码 【1500003】
2024-06-11 08:50:38 GSD getOne 第 1 次 等待 3 秒
2024-06-11 08:50:41 查询号码 【1500003】，返回信息 {"status":"ok","msg":"上海-上海","gid":"14982","time_insert":"2017-07-22 12:43","time_update":"2020-12-30 05:06"}
2024-06-11 08:50:41 查询号码 【1500003】，GSD为【"上海-上海"】

2024-06-11 09:18:12 开始第 93 次操作

2024-06-11 09:18:12 开始操作号码 【1500004】
2024-06-11 09:18:27 GSD getOne 第 1 次 等待 3 秒
2024-06-11 09:18:30 查询号码 【1500004】，返回信息 {"status":"ok","msg":"上海-上海","gid":"66637","time_insert":"2021-05-24 12:57"}
2024-06-11 09:18:30 查询号码 【1500004】，GSD为【"上海-上海"】

2024-06-11 09:18:31 开始第 94 次操作

2024-06-11 09:18:31 开始操作号码 【1500005】
2024-06-11 09:18:40 GSD getOne 第 1 次 等待 3 秒
2024-06-11 09:18:43 查询号码 【1500005】，返回信息 {"status":"ok","msg":"上海-上海","gid":"66660","time_insert":"2021-05-24 13:28"}
2024-06-11 09:18:43 查询号码 【1500005】，GSD为【"上海-上海"】

2024-06-11 09:18:44 开始第 95 次操作

2024-06-11 09:18:44 开始操作号码 【1500006】
2024-06-11 09:18:54 GSD getOne 第 1 次 等待 3 秒
2024-06-11 09:18:57 查询号码 【1500006】，返回信息 {"status":"ok","msg":"上海-上海","gid":"66692","time_insert":"2021-05-24 14:09"}
2024-06-11 09:18:57 查询号码 【1500006】，GSD为【"上海-上海"】

2024-06-11 09:18:58 开始第 96 次操作

2024-06-11 09:18:58 开始操作号码 【1500007】
2024-06-11 09:19:07 GSD getOne 第 1 次 等待 3 秒
2024-06-11 09:19:10 查询号码 【1500007】，返回信息 {"status":"ok","msg":"上海-上海","gid":"66717","time_insert":"2021-05-24 14:43"}
2024-06-11 09:19:10 查询号码 【1500007】，GSD为【"上海-上海"】

