2023-10-11 00:23:19 开始第 2590 次操作

2023-10-11 00:23:19 开始操作号码 【1932588】
2023-10-11 00:25:29 GSD getOne 第 1 次 等待 3 秒
2023-10-11 00:27:42 GSD getOne 第 2 次 等待 3 秒
2023-10-11 00:29:55 GSD getOne 第 3 次 等待 3 秒
2023-10-11 00:32:08 GSD getOne 第 4 次 等待 3 秒
2023-10-11 00:34:21 GSD getOne 第 5 次 等待 3 秒
2023-10-11 00:36:34 GSD getOne 第 6 次 等待 3 秒
2023-10-11 00:38:47 GSD getOne 第 7 次 等待 3 秒
2023-10-11 00:41:01 GSD getOne 第 8 次 等待 3 秒
2023-10-11 00:43:14 GSD getOne 第 9 次 等待 3 秒
2023-10-11 00:45:27 GSD getOne 第 10 次 等待 3 秒
2023-10-11 00:45:30 查询号码 【1932588】，返回信息 
2023-10-11 00:45:30 查询失败，3 秒后重新查询
2023-10-11 00:47:44 GSD getOne 第 1 次 等待 3 秒
2023-10-11 00:49:57 GSD getOne 第 2 次 等待 3 秒
2023-10-11 00:52:10 GSD getOne 第 3 次 等待 3 秒
2023-10-11 00:54:23 GSD getOne 第 4 次 等待 3 秒
2023-10-11 00:56:36 GSD getOne 第 5 次 等待 3 秒
2023-10-11 00:58:50 GSD getOne 第 6 次 等待 3 秒
2023-10-11 01:01:03 GSD getOne 第 7 次 等待 3 秒
2023-10-11 01:03:16 GSD getOne 第 8 次 等待 3 秒
2023-10-11 01:05:29 GSD getOne 第 9 次 等待 3 秒
2023-10-11 01:07:42 GSD getOne 第 10 次 等待 3 秒
2023-10-11 01:07:45 查询号码 【1932588】，返回信息 
2023-10-11 01:07:45 查询失败，结束本次操作，期待下次成功~
2023-10-11 01:07:45 随机等待 78 秒，约 1 分钟
2023-10-11 01:07:45 下次操作: 2023-10-11 01:09:03

2023-10-11 01:09:03 开始第 2591 次操作

2023-10-11 01:09:03 开始操作号码 【1932588】
2023-10-11 01:11:13 GSD getOne 第 1 次 等待 3 秒
2023-10-11 01:13:26 GSD getOne 第 2 次 等待 3 秒
2023-10-11 01:15:39 GSD getOne 第 3 次 等待 3 秒
2023-10-11 01:17:52 GSD getOne 第 4 次 等待 3 秒
2023-10-11 01:20:06 GSD getOne 第 5 次 等待 3 秒
2023-10-11 01:22:19 GSD getOne 第 6 次 等待 3 秒
2023-10-11 01:24:32 GSD getOne 第 7 次 等待 3 秒
2023-10-11 01:26:45 GSD getOne 第 8 次 等待 3 秒
2023-10-11 01:28:58 GSD getOne 第 9 次 等待 3 秒
2023-10-11 01:31:11 GSD getOne 第 10 次 等待 3 秒
2023-10-11 01:31:14 查询号码 【1932588】，返回信息 
2023-10-11 01:31:14 查询失败，3 秒后重新查询
2023-10-11 01:33:28 GSD getOne 第 1 次 等待 3 秒
2023-10-11 01:35:41 GSD getOne 第 2 次 等待 3 秒
2023-10-11 01:37:55 GSD getOne 第 3 次 等待 3 秒
2023-10-11 01:40:08 GSD getOne 第 4 次 等待 3 秒
2023-10-11 01:42:21 GSD getOne 第 5 次 等待 3 秒
2023-10-11 01:44:34 GSD getOne 第 6 次 等待 3 秒
2023-10-11 01:46:47 GSD getOne 第 7 次 等待 3 秒
2023-10-11 01:49:00 GSD getOne 第 8 次 等待 3 秒
2023-10-11 01:51:13 GSD getOne 第 9 次 等待 3 秒
2023-10-11 01:53:26 GSD getOne 第 10 次 等待 3 秒
2023-10-11 01:53:29 查询号码 【1932588】，返回信息 
2023-10-11 01:53:29 查询失败，结束本次操作，期待下次成功~
2023-10-11 01:53:29 随机等待 104 秒，约 1 分钟
2023-10-11 01:53:29 下次操作: 2023-10-11 01:55:13

2023-10-11 01:55:13 开始第 2592 次操作

2023-10-11 01:55:13 开始操作号码 【1932588】
2023-10-11 01:57:24 GSD getOne 第 1 次 等待 3 秒
2023-10-11 01:59:37 GSD getOne 第 2 次 等待 3 秒
2023-10-11 02:01:50 GSD getOne 第 3 次 等待 3 秒
2023-10-11 02:04:03 GSD getOne 第 4 次 等待 3 秒
2023-10-11 02:06:16 GSD getOne 第 5 次 等待 3 秒
2023-10-11 02:08:30 GSD getOne 第 6 次 等待 3 秒
2023-10-11 02:10:43 GSD getOne 第 7 次 等待 3 秒
2023-10-11 02:12:56 GSD getOne 第 8 次 等待 3 秒
2023-10-11 02:15:09 GSD getOne 第 9 次 等待 3 秒
2023-10-11 02:17:22 GSD getOne 第 10 次 等待 3 秒
2023-10-11 02:17:25 查询号码 【1932588】，返回信息 
2023-10-11 02:17:25 查询失败，3 秒后重新查询
2023-10-11 02:19:39 GSD getOne 第 1 次 等待 3 秒
2023-10-11 02:21:52 GSD getOne 第 2 次 等待 3 秒
2023-10-11 02:24:06 GSD getOne 第 3 次 等待 3 秒
2023-10-11 02:26:19 GSD getOne 第 4 次 等待 3 秒
2023-10-11 02:28:32 GSD getOne 第 5 次 等待 3 秒
2023-10-11 02:30:45 GSD getOne 第 6 次 等待 3 秒
2023-10-11 02:32:58 GSD getOne 第 7 次 等待 3 秒
2023-10-11 02:35:11 GSD getOne 第 8 次 等待 3 秒
2023-10-11 02:37:24 GSD getOne 第 9 次 等待 3 秒
2023-10-11 02:39:37 GSD getOne 第 10 次 等待 3 秒
2023-10-11 02:39:40 查询号码 【1932588】，返回信息 
2023-10-11 02:39:40 查询失败，结束本次操作，期待下次成功~

