2024-02-13 00:20:41 开始第 3377 次操作

2024-02-13 00:20:41 开始操作号码 【1723296】
2024-02-13 00:20:46 GSD getOne 第 1 次 等待 3 秒
2024-02-13 00:20:49 查询号码 【1723296】，返回信息 {"status":"ok","msg":"广东-广州","gid":"275396","time_insert":"2021-07-14 16:23"}
2024-02-13 00:20:49 查询号码 【1723296】，GSD为【"广东-广州"】

2024-02-13 00:20:50 开始第 3378 次操作

2024-02-13 00:20:50 开始操作号码 【1723297】
2024-02-13 00:20:54 GSD getOne 第 1 次 等待 3 秒
2024-02-13 00:20:57 查询号码 【1723297】，返回信息 {"status":"ok","msg":"广东-广州","gid":"275401","time_insert":"2021-07-14 16:23"}
2024-02-13 00:20:57 查询号码 【1723297】，GSD为【"广东-广州"】

2024-02-13 00:20:58 开始第 3379 次操作

2024-02-13 00:20:58 开始操作号码 【1723298】
2024-02-13 00:21:03 GSD getOne 第 1 次 等待 3 秒
2024-02-13 00:21:06 查询号码 【1723298】，返回信息 {"status":"ok","msg":"广东-广州","gid":"275408","time_insert":"2021-07-14 16:23"}
2024-02-13 00:21:06 查询号码 【1723298】，GSD为【"广东-广州"】

2024-02-13 00:21:07 开始第 3380 次操作

2024-02-13 00:21:07 开始操作号码 【1723299】
2024-02-13 00:21:11 GSD getOne 第 1 次 等待 3 秒
2024-02-13 00:21:14 查询号码 【1723299】，返回信息 {"status":"ok","msg":"广东-广州","gid":"275414","time_insert":"2021-07-14 16:24"}
2024-02-13 00:21:14 查询号码 【1723299】，GSD为【"广东-广州"】

