2024-08-28 00:24:45 开始第 1497 次操作

2024-08-28 00:24:45 开始操作号码 【1391496】
2024-08-28 00:24:53 GSD getOne 第 1 次 等待 3 秒
2024-08-28 00:24:56 查询号码 【1391496】，返回信息 {"status":"ok","msg":"江苏-苏州","gid":"78665","time_insert":"2021-06-03 18:12"}
2024-08-28 00:24:56 查询号码 【1391496】，GSD为【"江苏-苏州"】

2024-08-28 00:24:57 开始第 1498 次操作

2024-08-28 00:24:57 开始操作号码 【1391497】
2024-08-28 00:25:05 GSD getOne 第 1 次 等待 3 秒
2024-08-28 00:25:08 查询号码 【1391497】，返回信息 {"status":"ok","msg":"江苏-苏州","gid":"78685","time_insert":"2021-06-03 18:35"}
2024-08-28 00:25:08 查询号码 【1391497】，GSD为【"江苏-苏州"】

2024-08-28 00:25:10 开始第 1499 次操作

2024-08-28 00:25:10 开始操作号码 【1391498】
2024-08-28 00:25:17 GSD getOne 第 1 次 等待 3 秒
2024-08-28 00:25:20 查询号码 【1391498】，返回信息 {"status":"ok","msg":"江苏-苏州","gid":"78702","time_insert":"2021-06-03 18:53"}
2024-08-28 00:25:21 查询号码 【1391498】，GSD为【"江苏-苏州"】

2024-08-28 00:25:22 开始第 1500 次操作

2024-08-28 00:25:22 开始操作号码 【1391499】
2024-08-28 00:25:30 GSD getOne 第 1 次 等待 3 秒
2024-08-28 00:25:33 查询号码 【1391499】，返回信息 {"status":"ok","msg":"江苏-苏州","gid":"78721","time_insert":"2021-06-03 19:18"}
2024-08-28 00:25:33 查询号码 【1391499】，GSD为【"江苏-苏州"】

2024-08-28 00:42:42 开始第 1501 次操作

2024-08-28 00:42:42 开始操作号码 【1391500】
2024-08-28 00:42:53 GSD getOne 第 1 次 等待 3 秒
2024-08-28 00:42:56 查询号码 【1391500】，返回信息 {"status":"ok","msg":"江苏-常州","gid":"78738","time_insert":"2021-06-03 19:38"}
2024-08-28 00:42:56 查询号码 【1391500】，GSD为【"江苏-常州"】

2024-08-28 00:42:57 开始第 1502 次操作

2024-08-28 00:42:57 开始操作号码 【1391501】
2024-08-28 00:43:07 GSD getOne 第 1 次 等待 3 秒
2024-08-28 00:43:10 查询号码 【1391501】，返回信息 {"status":"ok","msg":"江苏-常州","gid":"78758","time_insert":"2021-06-03 19:58"}
2024-08-28 00:43:10 查询号码 【1391501】，GSD为【"江苏-常州"】

2024-08-28 00:43:11 开始第 1503 次操作

2024-08-28 00:43:11 开始操作号码 【1391502】
2024-08-28 00:43:19 GSD getOne 第 1 次 等待 3 秒
2024-08-28 00:43:22 查询号码 【1391502】，返回信息 {"status":"ok","msg":"江苏-常州","gid":"78777","time_insert":"2021-06-03 20:18"}
2024-08-28 00:43:22 查询号码 【1391502】，GSD为【"江苏-常州"】

2024-08-28 00:43:23 开始第 1504 次操作

2024-08-28 00:43:23 开始操作号码 【1391503】
2024-08-28 00:43:34 GSD getOne 第 1 次 等待 3 秒
2024-08-28 00:43:37 查询号码 【1391503】，返回信息 {"status":"ok","msg":"江苏-常州","gid":"78803","time_insert":"2021-06-03 20:48"}
2024-08-28 00:43:37 查询号码 【1391503】，GSD为【"江苏-常州"】

2024-08-28 01:17:24 开始第 1505 次操作

2024-08-28 01:17:24 开始操作号码 【1391504】
2024-08-28 01:17:32 GSD getOne 第 1 次 等待 3 秒
2024-08-28 01:17:35 查询号码 【1391504】，返回信息 {"status":"ok","msg":"江苏-常州","gid":"78824","time_insert":"2021-06-03 21:07"}
2024-08-28 01:17:35 查询号码 【1391504】，GSD为【"江苏-常州"】

2024-08-28 01:17:36 开始第 1506 次操作

2024-08-28 01:17:36 开始操作号码 【1391505】
2024-08-28 01:17:44 GSD getOne 第 1 次 等待 3 秒
2024-08-28 01:17:47 查询号码 【1391505】，返回信息 {"status":"ok","msg":"江苏-常州","gid":"78846","time_insert":"2021-06-03 21:33"}
2024-08-28 01:17:47 查询号码 【1391505】，GSD为【"江苏-常州"】

2024-08-28 01:17:48 开始第 1507 次操作

2024-08-28 01:17:48 开始操作号码 【1391506】
2024-08-28 01:17:56 GSD getOne 第 1 次 等待 3 秒
2024-08-28 01:17:59 查询号码 【1391506】，返回信息 {"status":"ok","msg":"江苏-常州","gid":"78865","time_insert":"2021-06-03 21:52"}
2024-08-28 01:17:59 查询号码 【1391506】，GSD为【"江苏-常州"】

2024-08-28 01:18:00 开始第 1508 次操作

2024-08-28 01:18:00 开始操作号码 【1391507】
2024-08-28 01:18:08 GSD getOne 第 1 次 等待 3 秒
2024-08-28 01:18:11 查询号码 【1391507】，返回信息 {"status":"ok","msg":"江苏-常州","gid":"78889","time_insert":"2021-06-03 22:22"}
2024-08-28 01:18:11 查询号码 【1391507】，GSD为【"江苏-常州"】

2024-08-28 01:37:50 开始第 1509 次操作

2024-08-28 01:37:50 开始操作号码 【1391508】
2024-08-28 01:38:03 GSD getOne 第 1 次 等待 3 秒
2024-08-28 01:38:06 查询号码 【1391508】，返回信息 {"status":"ok","msg":"江苏-常州","gid":"78913","time_insert":"2021-06-03 22:50"}
2024-08-28 01:38:06 查询号码 【1391508】，GSD为【"江苏-常州"】

2024-08-28 01:38:07 开始第 1510 次操作

2024-08-28 01:38:07 开始操作号码 【1391509】
2024-08-28 01:38:16 GSD getOne 第 1 次 等待 3 秒
2024-08-28 01:38:19 查询号码 【1391509】，返回信息 {"status":"ok","msg":"江苏-常州","gid":"78929","time_insert":"2021-06-03 23:07"}
2024-08-28 01:38:19 查询号码 【1391509】，GSD为【"江苏-常州"】

2024-08-28 01:38:20 开始第 1511 次操作

2024-08-28 01:38:20 开始操作号码 【1391510】
2024-08-28 01:38:28 GSD getOne 第 1 次 等待 3 秒
2024-08-28 01:38:31 查询号码 【1391510】，返回信息 {"status":"ok","msg":"江苏-淮安","gid":"78954","time_insert":"2021-06-03 23:37"}
2024-08-28 01:38:31 查询号码 【1391510】，GSD为【"江苏-淮安"】

2024-08-28 01:38:32 开始第 1512 次操作

2024-08-28 01:38:32 开始操作号码 【1391511】
2024-08-28 01:38:40 GSD getOne 第 1 次 等待 3 秒
2024-08-28 01:38:43 查询号码 【1391511】，返回信息 {"status":"ok","msg":"江苏-淮安","gid":"12902","time_insert":"2018-03-12 09:50","time_update":"2020-08-24 17:34"}
2024-08-28 01:38:43 查询号码 【1391511】，GSD为【"江苏-淮安"】

2024-08-28 02:26:37 开始第 1513 次操作

2024-08-28 02:26:37 开始操作号码 【1391512】
2024-08-28 02:26:45 GSD getOne 第 1 次 等待 3 秒
2024-08-28 02:26:48 查询号码 【1391512】，返回信息 {"status":"ok","msg":"江苏-淮安","gid":"78974","time_insert":"2021-06-04 00:00"}
2024-08-28 02:26:48 查询号码 【1391512】，GSD为【"江苏-淮安"】

2024-08-28 02:26:49 开始第 1514 次操作

2024-08-28 02:26:49 开始操作号码 【1391513】
2024-08-28 02:26:57 GSD getOne 第 1 次 等待 3 秒
2024-08-28 02:27:00 查询号码 【1391513】，返回信息 {"status":"ok","msg":"江苏-淮安","gid":"78999","time_insert":"2021-06-04 00:27"}
2024-08-28 02:27:00 查询号码 【1391513】，GSD为【"江苏-淮安"】

2024-08-28 02:27:01 开始第 1515 次操作

2024-08-28 02:27:01 开始操作号码 【1391514】
2024-08-28 02:27:10 GSD getOne 第 1 次 等待 3 秒
2024-08-28 02:27:13 查询号码 【1391514】，返回信息 {"status":"ok","msg":"江苏-淮安","gid":"79020","time_insert":"2021-06-04 00:49"}
2024-08-28 02:27:13 查询号码 【1391514】，GSD为【"江苏-淮安"】

2024-08-28 02:27:14 开始第 1516 次操作

2024-08-28 02:27:14 开始操作号码 【1391515】
2024-08-28 02:27:23 GSD getOne 第 1 次 等待 3 秒
2024-08-28 02:27:26 查询号码 【1391515】，返回信息 {"status":"ok","msg":"江苏-淮安","gid":"79043","time_insert":"2021-06-04 01:19"}
2024-08-28 02:27:26 查询号码 【1391515】，GSD为【"江苏-淮安"】

2024-08-28 02:43:36 开始第 1517 次操作

2024-08-28 02:43:36 开始操作号码 【1391516】
2024-08-28 02:43:44 GSD getOne 第 1 次 等待 3 秒
2024-08-28 02:43:47 查询号码 【1391516】，返回信息 {"status":"ok","msg":"江苏-淮安","gid":"79070","time_insert":"2021-06-04 01:49"}
2024-08-28 02:43:47 查询号码 【1391516】，GSD为【"江苏-淮安"】

2024-08-28 02:43:48 开始第 1518 次操作

2024-08-28 02:43:48 开始操作号码 【1391517】
2024-08-28 02:43:57 GSD getOne 第 1 次 等待 3 秒
2024-08-28 02:44:00 查询号码 【1391517】，返回信息 {"status":"ok","msg":"江苏-淮安","gid":"79088","time_insert":"2021-06-04 02:09"}
2024-08-28 02:44:00 查询号码 【1391517】，GSD为【"江苏-淮安"】

2024-08-28 02:44:01 开始第 1519 次操作

2024-08-28 02:44:01 开始操作号码 【1391518】
2024-08-28 02:44:14 GSD getOne 第 1 次 等待 3 秒
2024-08-28 02:44:17 查询号码 【1391518】，返回信息 {"status":"ok","msg":"江苏-淮安","gid":"79106","time_insert":"2021-06-04 02:29"}
2024-08-28 02:44:17 查询号码 【1391518】，GSD为【"江苏-淮安"】

2024-08-28 02:44:18 开始第 1520 次操作

2024-08-28 02:44:18 开始操作号码 【1391519】
2024-08-28 02:44:26 GSD getOne 第 1 次 等待 3 秒
2024-08-28 02:44:29 查询号码 【1391519】，返回信息 {"status":"ok","msg":"江苏-淮安","gid":"79130","time_insert":"2021-06-04 02:57"}
2024-08-28 02:44:29 查询号码 【1391519】，GSD为【"江苏-淮安"】

2024-08-28 03:15:27 开始第 1521 次操作

2024-08-28 03:15:27 开始操作号码 【1391520】
2024-08-28 03:15:35 GSD getOne 第 1 次 等待 3 秒
2024-08-28 03:15:38 查询号码 【1391520】，返回信息 {"status":"ok","msg":"江苏-无锡","gid":"79144","time_insert":"2021-06-04 03:15"}
2024-08-28 03:15:38 查询号码 【1391520】，GSD为【"江苏-无锡"】

2024-08-28 03:15:39 开始第 1522 次操作

2024-08-28 03:15:39 开始操作号码 【1391521】
2024-08-28 03:15:47 GSD getOne 第 1 次 等待 3 秒
2024-08-28 03:15:50 查询号码 【1391521】，返回信息 {"status":"ok","msg":"江苏-无锡","gid":"79167","time_insert":"2021-06-04 03:37"}
2024-08-28 03:15:50 查询号码 【1391521】，GSD为【"江苏-无锡"】

2024-08-28 03:15:51 开始第 1523 次操作

2024-08-28 03:15:51 开始操作号码 【1391522】
2024-08-28 03:15:59 GSD getOne 第 1 次 等待 3 秒
2024-08-28 03:16:02 查询号码 【1391522】，返回信息 {"status":"ok","msg":"江苏-无锡","gid":"79181","time_insert":"2021-06-04 03:53"}
2024-08-28 03:16:02 查询号码 【1391522】，GSD为【"江苏-无锡"】

2024-08-28 03:16:03 开始第 1524 次操作

2024-08-28 03:16:03 开始操作号码 【1391523】
2024-08-28 03:16:11 GSD getOne 第 1 次 等待 3 秒
2024-08-28 03:16:14 查询号码 【1391523】，返回信息 {"status":"ok","msg":"江苏-无锡","gid":"79198","time_insert":"2021-06-04 04:08"}
2024-08-28 03:16:14 查询号码 【1391523】，GSD为【"江苏-无锡"】

