2021-07-30 00:00:00 开始第 9 次操作

2021-07-30 00:00:00 开始操作号码 【1824664】
2021-07-30 00:00:07 GSD getOne 第 1 次 等待 3 秒
2021-07-30 00:00:10 查询号码 【1824664】，返回信息 {"status":"bad","msg":""}
2021-07-30 00:00:10 查询号码 【1824664】，GSD为【""】
2021-07-30 00:00:10 bad
2021-07-30 00:00:12 CHB 1824664?1627574410 第 1 次 等待 3 秒
2021-07-30 00:00:15 CHB 1824664?1627574410 第 1 次 获取到号码【1824664】GSD
2021-07-30 00:00:15 获取到号码【1824664】的GSD为【黑龙江-哈尔滨】
2021-07-30 00:00:21 GSD insert 第 1 次 等待 3 秒
2021-07-30 00:00:24 {"status":"ok","gid":438550,"msg":"添加成功！"}
2021-07-30 00:00:24 下次操作: 2021-07-30 00:00:43

2021-07-30 00:00:43 开始第 10 次操作

2021-07-30 00:00:43 开始操作号码 【1824663】
2021-07-30 00:00:47 GSD getOne 第 1 次 等待 3 秒
2021-07-30 00:00:50 查询号码 【1824663】，返回信息 {"status":"bad","msg":""}
2021-07-30 00:00:50 查询号码 【1824663】，GSD为【""】
2021-07-30 00:00:50 bad
2021-07-30 00:00:52 CHB 1824663?1627574450 第 1 次 等待 3 秒
2021-07-30 00:00:55 CHB 1824663?1627574450 第 1 次 获取到号码【1824663】GSD
2021-07-30 00:00:55 获取到号码【1824663】的GSD为【黑龙江-哈尔滨】
2021-07-30 00:01:07 GSD insert 第 1 次 等待 3 秒
2021-07-30 00:01:10 {"status":"ok","gid":438562,"msg":"添加成功！"}
2021-07-30 00:01:10 下次操作: 2021-07-30 00:01:30

2021-07-30 00:01:30 开始第 11 次操作

2021-07-30 00:01:30 开始操作号码 【1824662】
2021-07-30 00:01:37 GSD getOne 第 1 次 等待 3 秒
2021-07-30 00:01:40 查询号码 【1824662】，返回信息 {"status":"bad","msg":""}
2021-07-30 00:01:40 查询号码 【1824662】，GSD为【""】
2021-07-30 00:01:40 bad
2021-07-30 00:01:42 CHB 1824662?1627574500 第 1 次 等待 3 秒
2021-07-30 00:01:45 CHB 1824662?1627574500 第 1 次 获取到号码【1824662】GSD
2021-07-30 00:01:46 获取到号码【1824662】的GSD为【黑龙江-哈尔滨】
2021-07-30 00:01:54 GSD insert 第 1 次 等待 3 秒
2021-07-30 00:01:57 {"status":"ok","gid":438573,"msg":"添加成功！"}
2021-07-30 00:01:57 下次操作: 2021-07-30 00:02:16

2021-07-30 00:02:16 开始第 12 次操作

2021-07-30 00:02:16 开始操作号码 【1824661】
2021-07-30 00:02:20 GSD getOne 第 1 次 等待 3 秒
2021-07-30 00:02:23 查询号码 【1824661】，返回信息 {"status":"bad","msg":""}
2021-07-30 00:02:23 查询号码 【1824661】，GSD为【""】
2021-07-30 00:02:23 bad
2021-07-30 00:02:24 CHB 1824661?1627574543 第 1 次 等待 3 秒
2021-07-30 00:02:27 CHB 1824661?1627574543 第 1 次 获取到号码【1824661】GSD
2021-07-30 00:02:27 获取到号码【1824661】的GSD为【黑龙江-哈尔滨】
2021-07-30 00:02:32 GSD insert 第 1 次 等待 3 秒
2021-07-30 00:02:35 {"status":"ok","gid":438585,"msg":"添加成功！"}
2021-07-30 00:02:35 下次操作: 2021-07-30 00:02:56

2021-07-30 00:02:56 开始第 13 次操作

2021-07-30 00:02:56 开始操作号码 【1824660】
2021-07-30 00:03:01 GSD getOne 第 1 次 等待 3 秒
2021-07-30 00:03:04 查询号码 【1824660】，返回信息 {"status":"bad","msg":""}
2021-07-30 00:03:04 查询号码 【1824660】，GSD为【""】
2021-07-30 00:03:04 bad
2021-07-30 00:03:11 CHB 1824660?1627574584 第 1 次 等待 3 秒
2021-07-30 00:03:14 CHB 1824660?1627574584 第 1 次 获取到号码【1824660】GSD
2021-07-30 00:03:14 获取到号码【1824660】的GSD为【黑龙江-哈尔滨】
2021-07-30 00:03:18 GSD insert 第 1 次 等待 3 秒
2021-07-30 00:03:21 {"status":"ok","gid":438594,"msg":"添加成功！"}
2021-07-30 00:03:21 下次操作: 2021-07-30 00:03:42

2021-07-30 00:03:42 开始第 14 次操作

2021-07-30 00:03:42 开始操作号码 【1824659】
2021-07-30 00:03:45 GSD getOne 第 1 次 等待 3 秒
2021-07-30 00:03:48 查询号码 【1824659】，返回信息 {"status":"bad","msg":""}
2021-07-30 00:03:48 查询号码 【1824659】，GSD为【""】
2021-07-30 00:03:48 bad
2021-07-30 00:03:50 CHB 1824659?1627574628 第 1 次 等待 3 秒
2021-07-30 00:03:53 CHB 1824659?1627574628 第 1 次 获取到号码【1824659】GSD
2021-07-30 00:03:53 获取到号码【1824659】的GSD为【黑龙江-哈尔滨】
2021-07-30 00:04:14 GSD insert 第 1 次 等待 3 秒
2021-07-30 00:04:17 {"status":"ok","gid":438609,"msg":"添加成功！"}
2021-07-30 00:04:17 下次操作: 2021-07-30 00:04:41

2021-07-30 00:04:41 开始第 15 次操作

2021-07-30 00:04:41 开始操作号码 【1824658】
2021-07-30 00:04:44 GSD getOne 第 1 次 等待 3 秒
2021-07-30 00:04:47 查询号码 【1824658】，返回信息 {"status":"bad","msg":""}
2021-07-30 00:04:47 查询号码 【1824658】，GSD为【""】
2021-07-30 00:04:47 bad
2021-07-30 00:04:49 CHB 1824658?1627574687 第 1 次 等待 3 秒
2021-07-30 00:04:52 CHB 1824658?1627574687 第 1 次 获取到号码【1824658】GSD
2021-07-30 00:04:52 获取到号码【1824658】的GSD为【黑龙江-哈尔滨】
2021-07-30 00:04:59 GSD insert 第 1 次 等待 3 秒
2021-07-30 00:05:02 {"status":"ok","gid":438616,"msg":"添加成功！"}
2021-07-30 00:05:02 下次操作: 2021-07-30 00:05:26

2021-07-30 00:05:26 开始第 16 次操作

2021-07-30 00:05:26 开始操作号码 【1824657】
2021-07-30 00:05:30 GSD getOne 第 1 次 等待 3 秒
2021-07-30 00:05:33 查询号码 【1824657】，返回信息 {"status":"bad","msg":""}
2021-07-30 00:05:33 查询号码 【1824657】，GSD为【""】
2021-07-30 00:05:33 bad
2021-07-30 00:05:35 CHB 1824657?1627574733 第 1 次 等待 3 秒
2021-07-30 00:05:38 CHB 1824657?1627574733 第 1 次 获取到号码【1824657】GSD
2021-07-30 00:05:38 获取到号码【1824657】的GSD为【黑龙江-哈尔滨】
2021-07-30 00:05:42 GSD insert 第 1 次 等待 3 秒
2021-07-30 00:05:45 {"status":"ok","gid":438627,"msg":"添加成功！"}
2021-07-30 00:05:45 下次操作: 2021-07-30 00:06:04

2021-07-30 00:06:04 开始第 17 次操作

2021-07-30 00:06:04 开始操作号码 【1824656】
2021-07-30 00:06:08 GSD getOne 第 1 次 等待 3 秒
2021-07-30 00:06:11 查询号码 【1824656】，返回信息 {"status":"bad","msg":""}
2021-07-30 00:06:11 查询号码 【1824656】，GSD为【""】
2021-07-30 00:06:11 bad
2021-07-30 00:06:13 CHB 1824656?1627574771 第 1 次 等待 3 秒
2021-07-30 00:06:16 CHB 1824656?1627574771 第 1 次 获取到号码【1824656】GSD
2021-07-30 00:06:16 获取到号码【1824656】的GSD为【黑龙江-哈尔滨】
2021-07-30 00:06:20 GSD insert 第 1 次 等待 3 秒
2021-07-30 00:06:23 {"status":"ok","gid":438638,"msg":"添加成功！"}
2021-07-30 00:06:23 下次操作: 2021-07-30 00:06:35

2021-07-30 00:06:35 开始第 18 次操作

2021-07-30 00:06:35 开始操作号码 【1824655】
2021-07-30 00:06:39 GSD getOne 第 1 次 等待 3 秒
2021-07-30 00:06:42 查询号码 【1824655】，返回信息 {"status":"bad","msg":""}
2021-07-30 00:06:42 查询号码 【1824655】，GSD为【""】
2021-07-30 00:06:42 bad
2021-07-30 00:06:47 CHB 1824655?1627574802 第 1 次 等待 3 秒
2021-07-30 00:06:50 CHB 1824655?1627574802 第 1 次 获取到号码【1824655】GSD
2021-07-30 00:06:50 获取到号码【1824655】的GSD为【黑龙江-哈尔滨】
2021-07-30 00:06:54 GSD insert 第 1 次 等待 3 秒
2021-07-30 00:06:57 {"status":"ok","gid":438646,"msg":"添加成功！"}
2021-07-30 00:06:57 下次操作: 2021-07-30 00:07:18

2021-07-30 00:07:18 开始第 19 次操作

2021-07-30 00:07:18 开始操作号码 【1824654】
2021-07-30 00:07:26 GSD getOne 第 1 次 等待 3 秒
2021-07-30 00:07:29 查询号码 【1824654】，返回信息 {"status":"bad","msg":""}
2021-07-30 00:07:29 查询号码 【1824654】，GSD为【""】
2021-07-30 00:07:29 bad
2021-07-30 00:07:32 CHB 1824654?1627574849 第 1 次 等待 3 秒
2021-07-30 00:07:35 CHB 1824654?1627574849 第 1 次 获取到号码【1824654】GSD
2021-07-30 00:07:35 获取到号码【1824654】的GSD为【黑龙江-哈尔滨】
2021-07-30 00:07:38 GSD insert 第 1 次 等待 3 秒
2021-07-30 00:07:41 {"status":"ok","gid":438658,"msg":"添加成功！"}
2021-07-30 00:07:41 下次操作: 2021-07-30 00:08:05

2021-07-30 00:08:05 开始第 20 次操作

2021-07-30 00:08:05 开始操作号码 【1824653】
2021-07-30 00:08:12 GSD getOne 第 1 次 等待 3 秒
2021-07-30 00:08:15 查询号码 【1824653】，返回信息 {"status":"bad","msg":""}
2021-07-30 00:08:15 查询号码 【1824653】，GSD为【""】
2021-07-30 00:08:15 bad
2021-07-30 00:08:16 CHB 1824653?1627574895 第 1 次 等待 3 秒
2021-07-30 00:08:19 CHB 1824653?1627574895 第 1 次 获取到号码【1824653】GSD
2021-07-30 00:08:20 获取到号码【1824653】的GSD为【黑龙江-哈尔滨】
2021-07-30 00:08:23 GSD insert 第 1 次 等待 3 秒
2021-07-30 00:08:26 {"status":"ok","gid":438671,"msg":"添加成功！"}
2021-07-30 00:08:26 下次操作: 2021-07-30 00:08:38

2021-07-30 00:08:38 开始第 21 次操作

2021-07-30 00:08:38 开始操作号码 【1824652】
2021-07-30 00:08:44 GSD getOne 第 1 次 等待 3 秒
2021-07-30 00:08:47 查询号码 【1824652】，返回信息 {"status":"bad","msg":""}
2021-07-30 00:08:48 查询号码 【1824652】，GSD为【""】
2021-07-30 00:08:48 bad
2021-07-30 00:08:49 CHB 1824652?1627574928 第 1 次 等待 3 秒
2021-07-30 00:08:52 CHB 1824652?1627574928 第 1 次 获取到号码【1824652】GSD
2021-07-30 00:08:52 获取到号码【1824652】的GSD为【黑龙江-哈尔滨】
2021-07-30 00:08:59 GSD insert 第 1 次 等待 3 秒
2021-07-30 00:09:02 {"status":"ok","gid":438679,"msg":"添加成功！"}
2021-07-30 00:09:02 下次操作: 2021-07-30 00:09:23

2021-07-30 00:09:23 开始第 22 次操作

2021-07-30 00:09:23 开始操作号码 【1824651】
2021-07-30 00:09:26 GSD getOne 第 1 次 等待 3 秒
2021-07-30 00:09:29 查询号码 【1824651】，返回信息 {"status":"bad","msg":""}
2021-07-30 00:09:29 查询号码 【1824651】，GSD为【""】
2021-07-30 00:09:29 bad
2021-07-30 00:09:31 CHB 1824651?1627574969 第 1 次 等待 3 秒
2021-07-30 00:09:34 CHB 1824651?1627574969 第 1 次 获取到号码【1824651】GSD
2021-07-30 00:09:34 获取到号码【1824651】的GSD为【黑龙江-哈尔滨】
2021-07-30 00:09:38 GSD insert 第 1 次 等待 3 秒
2021-07-30 00:09:41 {"status":"ok","gid":438688,"msg":"添加成功！"}
2021-07-30 00:09:41 下次操作: 2021-07-30 00:10:05

2021-07-30 00:10:05 开始第 23 次操作

2021-07-30 00:10:05 开始操作号码 【1824650】
2021-07-30 00:10:13 GSD getOne 第 1 次 等待 3 秒
2021-07-30 00:10:16 查询号码 【1824650】，返回信息 {"status":"bad","msg":""}
2021-07-30 00:10:16 查询号码 【1824650】，GSD为【""】
2021-07-30 00:10:16 bad
2021-07-30 00:10:18 CHB 1824650?1627575016 第 1 次 等待 3 秒
2021-07-30 00:10:21 CHB 1824650?1627575016 第 1 次 获取到号码【1824650】GSD
2021-07-30 00:10:21 获取到号码【1824650】的GSD为【黑龙江-哈尔滨】
2021-07-30 00:10:27 GSD insert 第 1 次 等待 3 秒
2021-07-30 00:10:30 {"status":"ok","gid":438701,"msg":"添加成功！"}
2021-07-30 00:10:30 下次操作: 2021-07-30 00:10:44

2021-07-30 00:10:44 开始第 24 次操作

2021-07-30 00:10:44 开始操作号码 【1824649】
2021-07-30 00:11:23 GSD getOne 第 1 次 等待 3 秒
2021-07-30 00:11:26 查询号码 【1824649】，返回信息 {"status":"bad","msg":""}
2021-07-30 00:11:26 查询号码 【1824649】，GSD为【""】
2021-07-30 00:11:26 bad
2021-07-30 00:11:27 CHB 1824649?1627575086 第 1 次 等待 3 秒
2021-07-30 00:11:30 CHB 1824649?1627575086 第 1 次 获取到号码【1824649】GSD
2021-07-30 00:11:30 获取到号码【1824649】的GSD为【黑龙江-七台河】
2021-07-30 00:11:37 GSD insert 第 1 次 等待 3 秒
2021-07-30 00:11:40 {"status":"ok","gid":438715,"msg":"添加成功！"}
2021-07-30 00:11:40 下次操作: 2021-07-30 00:12:02

2021-07-30 00:12:02 开始第 25 次操作

2021-07-30 00:12:02 开始操作号码 【1824648】
2021-07-30 00:12:07 GSD getOne 第 1 次 等待 3 秒
2021-07-30 00:12:10 查询号码 【1824648】，返回信息 {"status":"bad","msg":""}
2021-07-30 00:12:10 查询号码 【1824648】，GSD为【""】
2021-07-30 00:12:10 bad
2021-07-30 00:12:12 CHB 1824648?1627575130 第 1 次 等待 3 秒
2021-07-30 00:12:15 CHB 1824648?1627575130 第 1 次 获取到号码【1824648】GSD
2021-07-30 00:12:15 获取到号码【1824648】的GSD为【黑龙江-哈尔滨】
2021-07-30 00:12:18 GSD insert 第 1 次 等待 3 秒
2021-07-30 00:12:21 {"status":"ok","gid":438726,"msg":"添加成功！"}
2021-07-30 00:12:21 下次操作: 2021-07-30 00:12:41

2021-07-30 00:12:41 开始第 26 次操作

2021-07-30 00:12:41 开始操作号码 【1824647】
2021-07-30 00:12:46 GSD getOne 第 1 次 等待 3 秒
2021-07-30 00:12:49 查询号码 【1824647】，返回信息 {"status":"bad","msg":""}
2021-07-30 00:12:49 查询号码 【1824647】，GSD为【""】
2021-07-30 00:12:49 bad
2021-07-30 00:12:51 CHB 1824647?1627575169 第 1 次 等待 3 秒
2021-07-30 00:12:54 CHB 1824647?1627575169 第 1 次 获取到号码【1824647】GSD
2021-07-30 00:12:54 获取到号码【1824647】的GSD为【黑龙江-哈尔滨】
2021-07-30 00:12:57 GSD insert 第 1 次 等待 3 秒
2021-07-30 00:13:00 {"status":"ok","gid":438735,"msg":"添加成功！"}
2021-07-30 00:13:00 下次操作: 2021-07-30 00:13:13

2021-07-30 00:13:13 开始第 27 次操作

2021-07-30 00:13:13 开始操作号码 【1824646】
2021-07-30 00:13:17 GSD getOne 第 1 次 等待 3 秒
2021-07-30 00:13:20 查询号码 【1824646】，返回信息 {"status":"bad","msg":""}
2021-07-30 00:13:20 查询号码 【1824646】，GSD为【""】
2021-07-30 00:13:20 bad
2021-07-30 00:13:22 CHB 1824646?1627575200 第 1 次 等待 3 秒
2021-07-30 00:13:25 CHB 1824646?1627575200 第 1 次 获取到号码【1824646】GSD
2021-07-30 00:13:25 获取到号码【1824646】的GSD为【黑龙江-七台河】
2021-07-30 00:13:34 GSD insert 第 1 次 等待 3 秒
2021-07-30 00:13:37 {"status":"ok","gid":438741,"msg":"添加成功！"}
2021-07-30 00:13:37 下次操作: 2021-07-30 00:13:53

2021-07-30 00:13:53 开始第 28 次操作

2021-07-30 00:13:53 开始操作号码 【1824645】
2021-07-30 00:13:56 GSD getOne 第 1 次 等待 3 秒
2021-07-30 00:13:59 查询号码 【1824645】，返回信息 {"status":"bad","msg":""}
2021-07-30 00:13:59 查询号码 【1824645】，GSD为【""】
2021-07-30 00:13:59 bad
2021-07-30 00:14:01 CHB 1824645?1627575239 第 1 次 等待 3 秒
2021-07-30 00:14:04 CHB 1824645?1627575239 第 1 次 获取到号码【1824645】GSD
2021-07-30 00:14:04 获取到号码【1824645】的GSD为【黑龙江-哈尔滨】
2021-07-30 00:14:07 GSD insert 第 1 次 等待 3 秒
2021-07-30 00:14:10 {"status":"ok","gid":438746,"msg":"添加成功！"}
2021-07-30 00:14:10 下次操作: 2021-07-30 00:14:33

2021-07-30 00:14:33 开始第 29 次操作

2021-07-30 00:14:33 开始操作号码 【1824644】
2021-07-30 00:14:37 GSD getOne 第 1 次 等待 3 秒
2021-07-30 00:14:40 查询号码 【1824644】，返回信息 {"status":"bad","msg":""}
2021-07-30 00:14:40 查询号码 【1824644】，GSD为【""】
2021-07-30 00:14:40 bad
2021-07-30 00:14:42 CHB 1824644?1627575280 第 1 次 等待 3 秒
2021-07-30 00:14:45 CHB 1824644?1627575280 第 1 次 获取到号码【1824644】GSD
2021-07-30 00:14:45 获取到号码【1824644】的GSD为【黑龙江-哈尔滨】
2021-07-30 00:14:49 GSD insert 第 1 次 等待 3 秒
2021-07-30 00:14:52 {"status":"ok","gid":438752,"msg":"添加成功！"}
2021-07-30 00:14:52 下次操作: 2021-07-30 00:15:09

2021-07-30 00:15:09 开始第 30 次操作

2021-07-30 00:15:09 开始操作号码 【1824643】
2021-07-30 00:15:13 GSD getOne 第 1 次 等待 3 秒
2021-07-30 00:15:16 查询号码 【1824643】，返回信息 {"status":"bad","msg":""}
2021-07-30 00:15:16 查询号码 【1824643】，GSD为【""】
2021-07-30 00:15:16 bad
2021-07-30 00:15:18 CHB 1824643?1627575316 第 1 次 等待 3 秒
2021-07-30 00:15:21 CHB 1824643?1627575316 第 1 次 获取到号码【1824643】GSD
2021-07-30 00:15:22 获取到号码【1824643】的GSD为【黑龙江-哈尔滨】
2021-07-30 00:15:26 GSD insert 第 1 次 等待 3 秒
2021-07-30 00:15:29 {"status":"ok","gid":438755,"msg":"添加成功！"}
2021-07-30 00:15:29 下次操作: 2021-07-30 00:15:41

2021-07-30 00:15:41 开始第 31 次操作

2021-07-30 00:15:41 开始操作号码 【1824642】
2021-07-30 00:15:45 GSD getOne 第 1 次 等待 3 秒
2021-07-30 00:15:48 查询号码 【1824642】，返回信息 {"status":"bad","msg":""}
2021-07-30 00:15:48 查询号码 【1824642】，GSD为【""】
2021-07-30 00:15:48 bad
2021-07-30 00:15:50 CHB 1824642?1627575348 第 1 次 等待 3 秒
2021-07-30 00:15:53 CHB 1824642?1627575348 第 1 次 获取到号码【1824642】GSD
2021-07-30 00:15:53 获取到号码【1824642】的GSD为【黑龙江-哈尔滨】
2021-07-30 00:16:01 GSD insert 第 1 次 等待 3 秒
2021-07-30 00:16:04 {"status":"ok","gid":438757,"msg":"添加成功！"}
2021-07-30 00:16:04 下次操作: 2021-07-30 00:16:21

2021-07-30 00:16:21 开始第 32 次操作

2021-07-30 00:16:21 开始操作号码 【1824641】
2021-07-30 00:16:26 GSD getOne 第 1 次 等待 3 秒
2021-07-30 00:16:29 查询号码 【1824641】，返回信息 {"status":"bad","msg":""}
2021-07-30 00:16:29 查询号码 【1824641】，GSD为【""】
2021-07-30 00:16:29 bad
2021-07-30 00:16:31 CHB 1824641?1627575389 第 1 次 等待 3 秒
2021-07-30 00:16:34 CHB 1824641?1627575389 第 1 次 获取到号码【1824641】GSD
2021-07-30 00:16:34 获取到号码【1824641】的GSD为【黑龙江-哈尔滨】
2021-07-30 00:16:47 GSD insert 第 1 次 等待 3 秒
2021-07-30 00:16:50 {"status":"ok","gid":438762,"msg":"添加成功！"}
2021-07-30 00:16:50 下次操作: 2021-07-30 00:17:12

2021-07-30 00:17:12 开始第 33 次操作

2021-07-30 00:17:12 开始操作号码 【1824640】
2021-07-30 00:17:19 GSD getOne 第 1 次 等待 3 秒
2021-07-30 00:17:22 查询号码 【1824640】，返回信息 {"status":"bad","msg":""}
2021-07-30 00:17:23 查询号码 【1824640】，GSD为【""】
2021-07-30 00:17:23 bad
2021-07-30 00:17:28 CHB 1824640?1627575443 第 1 次 等待 3 秒
2021-07-30 00:17:31 CHB 1824640?1627575443 第 1 次 获取到号码【1824640】GSD
2021-07-30 00:17:31 获取到号码【1824640】的GSD为【黑龙江-哈尔滨】
2021-07-30 00:17:38 GSD insert 第 1 次 等待 3 秒
2021-07-30 00:17:41 {"status":"ok","gid":438768,"msg":"添加成功！"}
2021-07-30 00:17:41 下次操作: 2021-07-30 00:17:57

2021-07-30 00:17:57 开始第 34 次操作

2021-07-30 00:17:57 开始操作号码 【1824639】
2021-07-30 00:18:02 GSD getOne 第 1 次 等待 3 秒
2021-07-30 00:18:05 查询号码 【1824639】，返回信息 {"status":"bad","msg":""}
2021-07-30 00:18:05 查询号码 【1824639】，GSD为【""】
2021-07-30 00:18:05 bad
2021-07-30 00:18:07 CHB 1824639?1627575485 第 1 次 等待 3 秒
2021-07-30 00:18:10 CHB 1824639?1627575485 第 1 次 获取到号码【1824639】GSD
2021-07-30 00:18:10 获取到号码【1824639】的GSD为【黑龙江-佳木斯】
2021-07-30 00:18:13 GSD insert 第 1 次 等待 3 秒
2021-07-30 00:18:16 {"status":"ok","gid":438771,"msg":"添加成功！"}
2021-07-30 00:18:16 下次操作: 2021-07-30 00:18:31

2021-07-30 00:18:31 开始第 35 次操作

2021-07-30 00:18:31 开始操作号码 【1824638】
2021-07-30 00:18:39 GSD getOne 第 1 次 等待 3 秒
2021-07-30 00:18:42 查询号码 【1824638】，返回信息 {"status":"bad","msg":""}
2021-07-30 00:18:42 查询号码 【1824638】，GSD为【""】
2021-07-30 00:18:42 bad
2021-07-30 00:18:44 CHB 1824638?1627575522 第 1 次 等待 3 秒
2021-07-30 00:18:47 CHB 1824638?1627575522 第 1 次 获取到号码【1824638】GSD
2021-07-30 00:18:47 获取到号码【1824638】的GSD为【黑龙江-佳木斯】
2021-07-30 00:18:53 GSD insert 第 1 次 等待 3 秒
2021-07-30 00:18:56 {"status":"ok","gid":438773,"msg":"添加成功！"}
2021-07-30 00:18:56 下次操作: 2021-07-30 00:19:08

2021-07-30 00:19:08 开始第 36 次操作

2021-07-30 00:19:08 开始操作号码 【1824637】
2021-07-30 00:19:15 GSD getOne 第 1 次 等待 3 秒
2021-07-30 00:19:18 查询号码 【1824637】，返回信息 {"status":"bad","msg":""}
2021-07-30 00:19:18 查询号码 【1824637】，GSD为【""】
2021-07-30 00:19:18 bad
2021-07-30 00:19:21 CHB 1824637?1627575558 第 1 次 等待 3 秒
2021-07-30 00:19:24 CHB 1824637?1627575558 第 1 次 获取到号码【1824637】GSD
2021-07-30 00:19:24 获取到号码【1824637】的GSD为【黑龙江-佳木斯】
2021-07-30 00:19:29 GSD insert 第 1 次 等待 3 秒
2021-07-30 00:19:32 {"status":"ok","gid":438776,"msg":"添加成功！"}
2021-07-30 00:19:32 下次操作: 2021-07-30 00:19:47

2021-07-30 00:19:47 开始第 37 次操作

2021-07-30 00:19:47 开始操作号码 【1824636】
2021-07-30 00:20:01 GSD getOne 第 1 次 等待 3 秒
2021-07-30 00:20:04 查询号码 【1824636】，返回信息 {"status":"bad","msg":""}
2021-07-30 00:20:04 查询号码 【1824636】，GSD为【""】
2021-07-30 00:20:04 bad
2021-07-30 00:20:10 CHB 1824636?1627575604 第 1 次 等待 3 秒
2021-07-30 00:20:13 CHB 1824636?1627575604 第 1 次 获取到号码【1824636】GSD
2021-07-30 00:20:13 获取到号码【1824636】的GSD为【黑龙江-佳木斯】
2021-07-30 00:20:17 GSD insert 第 1 次 等待 3 秒
2021-07-30 00:20:20 {"status":"ok","gid":438777,"msg":"添加成功！"}
2021-07-30 00:20:20 下次操作: 2021-07-30 00:20:44

2021-07-30 00:20:44 开始第 38 次操作

2021-07-30 00:20:44 开始操作号码 【1824635】
2021-07-30 00:20:47 GSD getOne 第 1 次 等待 3 秒
2021-07-30 00:20:50 查询号码 【1824635】，返回信息 {"status":"bad","msg":""}
2021-07-30 00:20:50 查询号码 【1824635】，GSD为【""】
2021-07-30 00:20:50 bad
2021-07-30 00:20:53 CHB 1824635?1627575650 第 1 次 等待 3 秒
2021-07-30 00:20:56 CHB 1824635?1627575650 第 1 次 获取到号码【1824635】GSD
2021-07-30 00:20:56 获取到号码【1824635】的GSD为【黑龙江-牡丹江】
2021-07-30 00:21:00 GSD insert 第 1 次 等待 3 秒
2021-07-30 00:21:03 {"status":"ok","gid":438780,"msg":"添加成功！"}
2021-07-30 00:21:03 下次操作: 2021-07-30 00:21:17

2021-07-30 00:21:17 开始第 39 次操作

2021-07-30 00:21:17 开始操作号码 【1824634】
2021-07-30 00:21:22 GSD getOne 第 1 次 等待 3 秒
2021-07-30 00:21:25 查询号码 【1824634】，返回信息 {"status":"bad","msg":""}
2021-07-30 00:21:25 查询号码 【1824634】，GSD为【""】
2021-07-30 00:21:25 bad
2021-07-30 00:21:27 CHB 1824634?1627575685 第 1 次 等待 3 秒
2021-07-30 00:21:30 CHB 1824634?1627575685 第 1 次 获取到号码【1824634】GSD
2021-07-30 00:21:30 获取到号码【1824634】的GSD为【黑龙江-牡丹江】
2021-07-30 00:21:37 GSD insert 第 1 次 等待 3 秒
2021-07-30 00:21:40 {"status":"ok","gid":438782,"msg":"添加成功！"}
2021-07-30 00:21:40 下次操作: 2021-07-30 00:22:04

2021-07-30 00:22:04 开始第 40 次操作

2021-07-30 00:22:04 开始操作号码 【1824633】
2021-07-30 00:22:16 GSD getOne 第 1 次 等待 3 秒
2021-07-30 00:22:19 查询号码 【1824633】，返回信息 {"status":"bad","msg":""}
2021-07-30 00:22:19 查询号码 【1824633】，GSD为【""】
2021-07-30 00:22:19 bad
2021-07-30 00:22:21 CHB 1824633?1627575739 第 1 次 等待 3 秒
2021-07-30 00:22:24 CHB 1824633?1627575739 第 1 次 获取到号码【1824633】GSD
2021-07-30 00:22:24 获取到号码【1824633】的GSD为【黑龙江-牡丹江】
2021-07-30 00:22:32 GSD insert 第 1 次 等待 3 秒
2021-07-30 00:22:35 {"status":"ok","gid":438785,"msg":"添加成功！"}

2021-07-30 01:38:22 开始第 1 次操作

2021-07-30 01:38:22 开始操作号码 【1824632】
2021-07-30 01:38:25 GSD getOne 第 1 次 等待 3 秒
2021-07-30 01:38:28 查询号码 【1824632】，返回信息 {"status":"bad","msg":""}
2021-07-30 01:38:28 查询号码 【1824632】，GSD为【""】
2021-07-30 01:38:28 bad
2021-07-30 01:38:29 CHB 1824632?1627580308 第 1 次 等待 3 秒
2021-07-30 01:38:32 CHB 1824632?1627580308 第 1 次 获取到号码【1824632】GSD
2021-07-30 01:38:32 获取到号码【1824632】的GSD为【黑龙江-牡丹江】
2021-07-30 01:38:51 GSD insert 第 1 次 等待 3 秒
2021-07-30 01:38:54 {"status":"ok","gid":439179,"msg":"添加成功！"}
2021-07-30 01:38:54 下次操作: 2021-07-30 01:39:18

2021-07-30 01:39:18 开始第 2 次操作

2021-07-30 01:39:18 开始操作号码 【1824631】
2021-07-30 01:39:21 GSD getOne 第 1 次 等待 3 秒
2021-07-30 01:39:24 查询号码 【1824631】，返回信息 {"status":"bad","msg":""}
2021-07-30 01:39:24 查询号码 【1824631】，GSD为【""】
2021-07-30 01:39:24 bad
2021-07-30 01:39:26 CHB 1824631?1627580364 第 1 次 等待 3 秒
2021-07-30 01:39:29 CHB 1824631?1627580364 第 1 次 获取到号码【1824631】GSD
2021-07-30 01:39:29 获取到号码【1824631】的GSD为【黑龙江-牡丹江】
2021-07-30 01:39:47 GSD insert 第 1 次 等待 3 秒
2021-07-30 01:39:50 {"status":"ok","gid":439187,"msg":"添加成功！"}
2021-07-30 01:39:50 下次操作: 2021-07-30 01:40:10

2021-07-30 01:40:10 开始第 3 次操作

2021-07-30 01:40:10 开始操作号码 【1824630】
2021-07-30 01:40:13 GSD getOne 第 1 次 等待 3 秒
2021-07-30 01:40:16 查询号码 【1824630】，返回信息 {"status":"bad","msg":""}
2021-07-30 01:40:16 查询号码 【1824630】，GSD为【""】
2021-07-30 01:40:16 bad
2021-07-30 01:40:18 CHB 1824630?1627580416 第 1 次 等待 3 秒
2021-07-30 01:40:21 CHB 1824630?1627580416 第 1 次 获取到号码【1824630】GSD
2021-07-30 01:40:21 获取到号码【1824630】的GSD为【黑龙江-牡丹江】
2021-07-30 01:40:24 GSD insert 第 1 次 等待 3 秒
2021-07-30 01:40:27 {"status":"ok","gid":439191,"msg":"添加成功！"}
2021-07-30 01:40:27 下次操作: 2021-07-30 01:40:39

2021-07-30 01:40:39 开始第 4 次操作

2021-07-30 01:40:39 开始操作号码 【1824629】
2021-07-30 01:40:45 GSD getOne 第 1 次 等待 3 秒
2021-07-30 01:40:48 查询号码 【1824629】，返回信息 {"status":"bad","msg":""}
2021-07-30 01:40:48 查询号码 【1824629】，GSD为【""】
2021-07-30 01:40:48 bad
2021-07-30 01:40:50 CHB 1824629?1627580448 第 1 次 等待 3 秒
2021-07-30 01:40:53 CHB 1824629?1627580448 第 1 次 获取到号码【1824629】GSD
2021-07-30 01:40:53 获取到号码【1824629】的GSD为【黑龙江-齐齐哈尔】
2021-07-30 01:40:56 GSD insert 第 1 次 等待 3 秒
2021-07-30 01:40:59 {"status":"ok","gid":439195,"msg":"添加成功！"}
2021-07-30 01:40:59 下次操作: 2021-07-30 01:41:13

2021-07-30 01:41:13 开始第 5 次操作

2021-07-30 01:41:13 开始操作号码 【1824628】
2021-07-30 01:41:16 GSD getOne 第 1 次 等待 3 秒
2021-07-30 01:41:19 查询号码 【1824628】，返回信息 {"status":"bad","msg":""}
2021-07-30 01:41:19 查询号码 【1824628】，GSD为【""】
2021-07-30 01:41:19 bad
2021-07-30 01:41:21 CHB 1824628?1627580479 第 1 次 等待 3 秒
2021-07-30 01:41:24 CHB 1824628?1627580479 第 1 次 获取到号码【1824628】GSD
2021-07-30 01:41:24 获取到号码【1824628】的GSD为【黑龙江-齐齐哈尔】
2021-07-30 01:41:27 GSD insert 第 1 次 等待 3 秒
2021-07-30 01:41:30 {"status":"ok","gid":439199,"msg":"添加成功！"}
2021-07-30 01:41:30 下次操作: 2021-07-30 01:41:47

2021-07-30 01:41:47 开始第 6 次操作

2021-07-30 01:41:47 开始操作号码 【1824627】
2021-07-30 01:41:50 GSD getOne 第 1 次 等待 3 秒
2021-07-30 01:41:53 查询号码 【1824627】，返回信息 {"status":"bad","msg":""}
2021-07-30 01:41:53 查询号码 【1824627】，GSD为【""】
2021-07-30 01:41:53 bad
2021-07-30 01:41:54 CHB 1824627?1627580513 第 1 次 等待 3 秒
2021-07-30 01:41:57 CHB 1824627?1627580513 第 1 次 获取到号码【1824627】GSD
2021-07-30 01:41:57 获取到号码【1824627】的GSD为【黑龙江-齐齐哈尔】
2021-07-30 01:42:00 GSD insert 第 1 次 等待 3 秒
2021-07-30 01:42:03 {"status":"ok","gid":439203,"msg":"添加成功！"}
2021-07-30 01:42:03 下次操作: 2021-07-30 01:42:25

2021-07-30 01:42:25 开始第 7 次操作

2021-07-30 01:42:25 开始操作号码 【1824626】
2021-07-30 01:42:29 GSD getOne 第 1 次 等待 3 秒
2021-07-30 01:42:32 查询号码 【1824626】，返回信息 {"status":"bad","msg":""}
2021-07-30 01:42:32 查询号码 【1824626】，GSD为【""】
2021-07-30 01:42:32 bad
2021-07-30 01:42:33 CHB 1824626?1627580552 第 1 次 等待 3 秒
2021-07-30 01:42:36 CHB 1824626?1627580552 第 1 次 获取到号码【1824626】GSD
2021-07-30 01:42:36 获取到号码【1824626】的GSD为【黑龙江-齐齐哈尔】
2021-07-30 01:42:39 GSD insert 第 1 次 等待 3 秒
2021-07-30 01:42:42 {"status":"ok","gid":439208,"msg":"添加成功！"}
2021-07-30 01:42:42 下次操作: 2021-07-30 01:42:58

2021-07-30 01:42:58 开始第 8 次操作

2021-07-30 01:42:58 开始操作号码 【1824625】
2021-07-30 01:43:03 GSD getOne 第 1 次 等待 3 秒
2021-07-30 01:43:06 查询号码 【1824625】，返回信息 {"status":"bad","msg":""}
2021-07-30 01:43:06 查询号码 【1824625】，GSD为【""】
2021-07-30 01:43:06 bad
2021-07-30 01:43:07 CHB 1824625?1627580586 第 1 次 等待 3 秒
2021-07-30 01:43:10 CHB 1824625?1627580586 第 1 次 获取到号码【1824625】GSD
2021-07-30 01:43:10 获取到号码【1824625】的GSD为【黑龙江-齐齐哈尔】
2021-07-30 01:43:13 GSD insert 第 1 次 等待 3 秒
2021-07-30 01:43:16 {"status":"ok","gid":439213,"msg":"添加成功！"}
2021-07-30 01:43:16 下次操作: 2021-07-30 01:43:31

2021-07-30 01:43:31 开始第 9 次操作

2021-07-30 01:43:32 开始操作号码 【1824624】
2021-07-30 01:43:36 GSD getOne 第 1 次 等待 3 秒
2021-07-30 01:43:39 查询号码 【1824624】，返回信息 {"status":"bad","msg":""}
2021-07-30 01:43:39 查询号码 【1824624】，GSD为【""】
2021-07-30 01:43:39 bad
2021-07-30 01:43:41 CHB 1824624?1627580619 第 1 次 等待 3 秒
2021-07-30 01:43:44 CHB 1824624?1627580619 第 1 次 获取到号码【1824624】GSD
2021-07-30 01:43:44 获取到号码【1824624】的GSD为【黑龙江-齐齐哈尔】
2021-07-30 01:43:48 GSD insert 第 1 次 等待 3 秒
2021-07-30 01:43:51 {"status":"ok","gid":439218,"msg":"添加成功！"}
2021-07-30 01:43:51 下次操作: 2021-07-30 01:44:12

2021-07-30 01:44:12 开始第 10 次操作

2021-07-30 01:44:12 开始操作号码 【1824623】
2021-07-30 01:44:15 GSD getOne 第 1 次 等待 3 秒
2021-07-30 01:44:18 查询号码 【1824623】，返回信息 {"status":"bad","msg":""}
2021-07-30 01:44:18 查询号码 【1824623】，GSD为【""】
2021-07-30 01:44:18 bad
2021-07-30 01:44:20 CHB 1824623?1627580658 第 1 次 等待 3 秒
2021-07-30 01:44:23 CHB 1824623?1627580658 第 1 次 获取到号码【1824623】GSD
2021-07-30 01:44:23 获取到号码【1824623】的GSD为【黑龙江-齐齐哈尔】
2021-07-30 01:44:26 GSD insert 第 1 次 等待 3 秒
2021-07-30 01:44:29 {"status":"ok","gid":439226,"msg":"添加成功！"}
2021-07-30 01:44:29 下次操作: 2021-07-30 01:44:43

2021-07-30 01:44:44 开始第 11 次操作

2021-07-30 01:44:44 开始操作号码 【1824622】
2021-07-30 01:44:46 GSD getOne 第 1 次 等待 3 秒
2021-07-30 01:44:49 查询号码 【1824622】，返回信息 {"status":"bad","msg":""}
2021-07-30 01:44:50 查询号码 【1824622】，GSD为【""】
2021-07-30 01:44:50 bad
2021-07-30 01:44:51 CHB 1824622?1627580690 第 1 次 等待 3 秒
2021-07-30 01:44:54 CHB 1824622?1627580690 第 1 次 获取到号码【1824622】GSD
2021-07-30 01:44:54 获取到号码【1824622】的GSD为【黑龙江-齐齐哈尔】
2021-07-30 01:44:57 GSD insert 第 1 次 等待 3 秒
2021-07-30 01:45:00 {"status":"ok","gid":439236,"msg":"添加成功！"}
2021-07-30 01:45:00 下次操作: 2021-07-30 01:45:21

2021-07-30 01:45:21 开始第 12 次操作

2021-07-30 01:45:21 开始操作号码 【1824621】
2021-07-30 01:45:25 GSD getOne 第 1 次 等待 3 秒
2021-07-30 01:45:28 查询号码 【1824621】，返回信息 {"status":"bad","msg":""}
2021-07-30 01:45:28 查询号码 【1824621】，GSD为【""】
2021-07-30 01:45:28 bad
2021-07-30 01:45:30 CHB 1824621?1627580728 第 1 次 等待 3 秒
2021-07-30 01:45:33 CHB 1824621?1627580728 第 1 次 获取到号码【1824621】GSD
2021-07-30 01:45:33 获取到号码【1824621】的GSD为【黑龙江-齐齐哈尔】
2021-07-30 01:45:36 GSD insert 第 1 次 等待 3 秒
2021-07-30 01:45:39 {"status":"ok","gid":439243,"msg":"添加成功！"}
2021-07-30 01:45:39 下次操作: 2021-07-30 01:46:02

2021-07-30 01:46:02 开始第 13 次操作

2021-07-30 01:46:02 开始操作号码 【1824620】
2021-07-30 01:46:05 GSD getOne 第 1 次 等待 3 秒
2021-07-30 01:46:08 查询号码 【1824620】，返回信息 {"status":"ok","msg":"黑龙江-齐齐哈尔","gid":"35651","time_insert":"2018-09-12 01:39","time_update":"2020-08-22 17:07"}
2021-07-30 01:46:08 查询号码 【1824620】，GSD为【"黑龙江-齐齐哈尔"】

2021-07-30 01:46:08 开始第 13 次操作

2021-07-30 01:46:08 开始操作号码 【1824619】
2021-07-30 01:46:11 GSD getOne 第 1 次 等待 3 秒
2021-07-30 01:46:14 查询号码 【1824619】，返回信息 {"status":"bad","msg":""}
2021-07-30 01:46:14 查询号码 【1824619】，GSD为【""】
2021-07-30 01:46:14 bad
2021-07-30 01:46:15 CHB 1824619?1627580774 第 1 次 等待 3 秒
2021-07-30 01:46:18 CHB 1824619?1627580774 第 1 次 获取到号码【1824619】GSD
2021-07-30 01:46:18 获取到号码【1824619】的GSD为【黑龙江-哈尔滨】
2021-07-30 01:46:22 GSD insert 第 1 次 等待 3 秒
2021-07-30 01:46:25 {"status":"ok","gid":439254,"msg":"添加成功！"}
2021-07-30 01:46:25 下次操作: 2021-07-30 01:46:44

2021-07-30 01:46:44 开始第 14 次操作

2021-07-30 01:46:44 开始操作号码 【1824618】
2021-07-30 01:46:47 GSD getOne 第 1 次 等待 3 秒
2021-07-30 01:46:50 查询号码 【1824618】，返回信息 {"status":"bad","msg":""}
2021-07-30 01:46:50 查询号码 【1824618】，GSD为【""】
2021-07-30 01:46:50 bad
2021-07-30 01:46:51 CHB 1824618?1627580810 第 1 次 等待 3 秒
2021-07-30 01:46:54 CHB 1824618?1627580810 第 1 次 获取到号码【1824618】GSD
2021-07-30 01:46:54 获取到号码【1824618】的GSD为【黑龙江-哈尔滨】
2021-07-30 01:46:58 GSD insert 第 1 次 等待 3 秒
2021-07-30 01:47:01 {"status":"ok","gid":439261,"msg":"添加成功！"}
2021-07-30 01:47:01 下次操作: 2021-07-30 01:47:14

2021-07-30 01:47:14 开始第 15 次操作

2021-07-30 01:47:14 开始操作号码 【1824617】
2021-07-30 01:47:18 GSD getOne 第 1 次 等待 3 秒
2021-07-30 01:47:21 查询号码 【1824617】，返回信息 {"status":"bad","msg":""}
2021-07-30 01:47:21 查询号码 【1824617】，GSD为【""】
2021-07-30 01:47:21 bad
2021-07-30 01:47:22 CHB 1824617?1627580841 第 1 次 等待 3 秒
2021-07-30 01:47:25 CHB 1824617?1627580841 第 1 次 获取到号码【1824617】GSD
2021-07-30 01:47:25 获取到号码【1824617】的GSD为【黑龙江-哈尔滨】
2021-07-30 01:47:28 GSD insert 第 1 次 等待 3 秒
2021-07-30 01:47:31 {"status":"ok","gid":439267,"msg":"添加成功！"}
2021-07-30 01:47:31 下次操作: 2021-07-30 01:47:54

2021-07-30 01:47:54 开始第 16 次操作

2021-07-30 01:47:54 开始操作号码 【1824616】
2021-07-30 01:47:58 GSD getOne 第 1 次 等待 3 秒
2021-07-30 01:48:01 查询号码 【1824616】，返回信息 {"status":"bad","msg":""}
2021-07-30 01:48:01 查询号码 【1824616】，GSD为【""】
2021-07-30 01:48:01 bad
2021-07-30 01:48:02 CHB 1824616?1627580881 第 1 次 等待 3 秒
2021-07-30 01:48:05 CHB 1824616?1627580881 第 1 次 获取到号码【1824616】GSD
2021-07-30 01:48:06 获取到号码【1824616】的GSD为【黑龙江-哈尔滨】
2021-07-30 01:48:09 GSD insert 第 1 次 等待 3 秒
2021-07-30 01:48:12 {"status":"ok","gid":439276,"msg":"添加成功！"}
2021-07-30 01:48:12 下次操作: 2021-07-30 01:48:32

2021-07-30 01:48:32 开始第 17 次操作

2021-07-30 01:48:32 开始操作号码 【1824615】
2021-07-30 01:48:35 GSD getOne 第 1 次 等待 3 秒
2021-07-30 01:48:38 查询号码 【1824615】，返回信息 {"status":"bad","msg":""}
2021-07-30 01:48:38 查询号码 【1824615】，GSD为【""】
2021-07-30 01:48:38 bad
2021-07-30 01:48:39 CHB 1824615?1627580918 第 1 次 等待 3 秒
2021-07-30 01:48:42 CHB 1824615?1627580918 第 1 次 获取到号码【1824615】GSD
2021-07-30 01:48:42 获取到号码【1824615】的GSD为【黑龙江-哈尔滨】
2021-07-30 01:48:45 GSD insert 第 1 次 等待 3 秒
2021-07-30 01:48:48 {"status":"ok","gid":439283,"msg":"添加成功！"}
2021-07-30 01:48:49 下次操作: 2021-07-30 01:49:10

2021-07-30 01:49:10 开始第 18 次操作

2021-07-30 01:49:10 开始操作号码 【1824614】
2021-07-30 01:49:13 GSD getOne 第 1 次 等待 3 秒
2021-07-30 01:49:16 查询号码 【1824614】，返回信息 {"status":"bad","msg":""}
2021-07-30 01:49:16 查询号码 【1824614】，GSD为【""】
2021-07-30 01:49:16 bad
2021-07-30 01:49:17 CHB 1824614?1627580956 第 1 次 等待 3 秒
2021-07-30 01:49:20 CHB 1824614?1627580956 第 1 次 获取到号码【1824614】GSD
2021-07-30 01:49:20 未获取到号码【1824614】GSD，查号吧 400 错误
2021-07-30 01:49:20 获取到号码【1824614】的GSD为【-】
2021-07-30 01:49:23 GSD insert 第 1 次 等待 3 秒
2021-07-30 01:49:26 {"status":"ok","gid":439294,"msg":"添加成功！"}
2021-07-30 01:49:26 下次操作: 2021-07-30 01:49:38

2021-07-30 01:49:38 开始第 19 次操作

2021-07-30 01:49:38 开始操作号码 【1824613】
2021-07-30 01:49:41 GSD getOne 第 1 次 等待 3 秒
2021-07-30 01:49:44 查询号码 【1824613】，返回信息 {"status":"bad","msg":""}
2021-07-30 01:49:44 查询号码 【1824613】，GSD为【""】
2021-07-30 01:49:44 bad
2021-07-30 01:49:45 CHB 1824613?1627580984 第 1 次 等待 3 秒
2021-07-30 01:49:48 CHB 1824613?1627580984 第 1 次 获取到号码【1824613】GSD
2021-07-30 01:49:48 获取到号码【1824613】的GSD为【黑龙江-哈尔滨】
2021-07-30 01:49:52 GSD insert 第 1 次 等待 3 秒
2021-07-30 01:49:55 {"status":"ok","gid":439299,"msg":"添加成功！"}
2021-07-30 01:49:55 下次操作: 2021-07-30 01:50:12

2021-07-30 01:50:12 开始第 20 次操作

2021-07-30 01:50:12 开始操作号码 【1824612】
2021-07-30 01:50:15 GSD getOne 第 1 次 等待 3 秒
2021-07-30 01:50:18 查询号码 【1824612】，返回信息 {"status":"bad","msg":""}
2021-07-30 01:50:18 查询号码 【1824612】，GSD为【""】
2021-07-30 01:50:18 bad
2021-07-30 01:50:19 CHB 1824612?1627581018 第 1 次 等待 3 秒
2021-07-30 01:50:22 CHB 1824612?1627581018 第 1 次 获取到号码【1824612】GSD
2021-07-30 01:50:22 获取到号码【1824612】的GSD为【黑龙江-哈尔滨】
2021-07-30 01:50:26 GSD insert 第 1 次 等待 3 秒
2021-07-30 01:50:29 {"status":"ok","gid":439306,"msg":"添加成功！"}
2021-07-30 01:50:29 下次操作: 2021-07-30 01:50:45

2021-07-30 01:50:45 开始第 21 次操作

2021-07-30 01:50:45 开始操作号码 【1824611】
2021-07-30 01:50:48 GSD getOne 第 1 次 等待 3 秒
2021-07-30 01:50:51 查询号码 【1824611】，返回信息 {"status":"bad","msg":""}
2021-07-30 01:50:51 查询号码 【1824611】，GSD为【""】
2021-07-30 01:50:51 bad
2021-07-30 01:50:52 CHB 1824611?1627581051 第 1 次 等待 3 秒
2021-07-30 01:50:55 CHB 1824611?1627581051 第 1 次 获取到号码【1824611】GSD
2021-07-30 01:50:55 获取到号码【1824611】的GSD为【黑龙江-哈尔滨】
2021-07-30 01:50:59 GSD insert 第 1 次 等待 3 秒
2021-07-30 01:51:02 {"status":"ok","gid":439315,"msg":"添加成功！"}
2021-07-30 01:51:02 下次操作: 2021-07-30 01:51:23

2021-07-30 01:51:23 开始第 22 次操作

2021-07-30 01:51:23 开始操作号码 【1824610】
2021-07-30 01:51:26 GSD getOne 第 1 次 等待 3 秒
2021-07-30 01:51:29 查询号码 【1824610】，返回信息 {"status":"bad","msg":""}
2021-07-30 01:51:29 查询号码 【1824610】，GSD为【""】
2021-07-30 01:51:29 bad
2021-07-30 01:51:30 CHB 1824610?1627581089 第 1 次 等待 3 秒
2021-07-30 01:51:33 CHB 1824610?1627581089 第 1 次 获取到号码【1824610】GSD
2021-07-30 01:51:34 获取到号码【1824610】的GSD为【黑龙江-哈尔滨】
2021-07-30 01:51:37 GSD insert 第 1 次 等待 3 秒
2021-07-30 01:51:40 {"status":"ok","gid":439322,"msg":"添加成功！"}
2021-07-30 01:51:40 下次操作: 2021-07-30 01:52:02

2021-07-30 01:52:02 开始第 23 次操作

2021-07-30 01:52:02 开始操作号码 【1824609】
2021-07-30 01:52:05 GSD getOne 第 1 次 等待 3 秒
2021-07-30 01:52:08 查询号码 【1824609】，返回信息 {"status":"bad","msg":""}
2021-07-30 01:52:08 查询号码 【1824609】，GSD为【""】
2021-07-30 01:52:08 bad
2021-07-30 01:52:09 CHB 1824609?1627581128 第 1 次 等待 3 秒
2021-07-30 01:52:12 CHB 1824609?1627581128 第 1 次 获取到号码【1824609】GSD
2021-07-30 01:52:12 获取到号码【1824609】的GSD为【黑龙江-哈尔滨】
2021-07-30 01:52:16 GSD insert 第 1 次 等待 3 秒
2021-07-30 01:52:19 {"status":"ok","gid":439331,"msg":"添加成功！"}
2021-07-30 01:52:19 下次操作: 2021-07-30 01:52:41

2021-07-30 01:52:41 开始第 24 次操作

2021-07-30 01:52:41 开始操作号码 【1824608】
2021-07-30 01:52:44 GSD getOne 第 1 次 等待 3 秒
2021-07-30 01:52:47 查询号码 【1824608】，返回信息 {"status":"bad","msg":""}
2021-07-30 01:52:47 查询号码 【1824608】，GSD为【""】
2021-07-30 01:52:47 bad
2021-07-30 01:52:49 CHB 1824608?1627581167 第 1 次 等待 3 秒
2021-07-30 01:52:52 CHB 1824608?1627581167 第 1 次 获取到号码【1824608】GSD
2021-07-30 01:52:52 获取到号码【1824608】的GSD为【黑龙江-哈尔滨】
2021-07-30 01:52:55 GSD insert 第 1 次 等待 3 秒
2021-07-30 01:52:58 {"status":"ok","gid":439339,"msg":"添加成功！"}
2021-07-30 01:52:58 下次操作: 2021-07-30 01:53:15

2021-07-30 01:53:15 开始第 25 次操作

2021-07-30 01:53:15 开始操作号码 【1824607】
2021-07-30 01:53:19 GSD getOne 第 1 次 等待 3 秒
2021-07-30 01:53:22 查询号码 【1824607】，返回信息 {"status":"bad","msg":""}
2021-07-30 01:53:22 查询号码 【1824607】，GSD为【""】
2021-07-30 01:53:22 bad
2021-07-30 01:53:23 CHB 1824607?1627581202 第 1 次 等待 3 秒
2021-07-30 01:53:26 CHB 1824607?1627581202 第 1 次 获取到号码【1824607】GSD
2021-07-30 01:53:26 获取到号码【1824607】的GSD为【黑龙江-哈尔滨】
2021-07-30 01:53:29 GSD insert 第 1 次 等待 3 秒
2021-07-30 01:53:32 {"status":"ok","gid":439345,"msg":"添加成功！"}
2021-07-30 01:53:32 下次操作: 2021-07-30 01:53:54

2021-07-30 01:53:54 开始第 26 次操作

2021-07-30 01:53:54 开始操作号码 【1824606】
2021-07-30 01:53:58 GSD getOne 第 1 次 等待 3 秒
2021-07-30 01:54:01 查询号码 【1824606】，返回信息 {"status":"bad","msg":""}
2021-07-30 01:54:01 查询号码 【1824606】，GSD为【""】
2021-07-30 01:54:01 bad
2021-07-30 01:54:02 CHB 1824606?1627581241 第 1 次 等待 3 秒
2021-07-30 01:54:05 CHB 1824606?1627581241 第 1 次 获取到号码【1824606】GSD
2021-07-30 01:54:05 获取到号码【1824606】的GSD为【黑龙江-哈尔滨】
2021-07-30 01:54:10 GSD insert 第 1 次 等待 3 秒
2021-07-30 01:54:13 {"status":"ok","gid":439354,"msg":"添加成功！"}
2021-07-30 01:54:13 下次操作: 2021-07-30 01:54:31

2021-07-30 01:54:31 开始第 27 次操作

2021-07-30 01:54:31 开始操作号码 【1824605】
2021-07-30 01:54:34 GSD getOne 第 1 次 等待 3 秒
2021-07-30 01:54:37 查询号码 【1824605】，返回信息 {"status":"bad","msg":""}
2021-07-30 01:54:37 查询号码 【1824605】，GSD为【""】
2021-07-30 01:54:37 bad
2021-07-30 01:54:39 CHB 1824605?1627581277 第 1 次 等待 3 秒
2021-07-30 01:54:42 CHB 1824605?1627581277 第 1 次 获取到号码【1824605】GSD
2021-07-30 01:54:42 获取到号码【1824605】的GSD为【黑龙江-哈尔滨】
2021-07-30 01:54:45 GSD insert 第 1 次 等待 3 秒
2021-07-30 01:54:48 {"status":"ok","gid":439363,"msg":"添加成功！"}
2021-07-30 01:54:48 下次操作: 2021-07-30 01:55:11

2021-07-30 01:55:11 开始第 28 次操作

2021-07-30 01:55:11 开始操作号码 【1824604】
2021-07-30 01:55:15 GSD getOne 第 1 次 等待 3 秒
2021-07-30 01:55:18 查询号码 【1824604】，返回信息 {"status":"bad","msg":""}
2021-07-30 01:55:18 查询号码 【1824604】，GSD为【""】
2021-07-30 01:55:18 bad
2021-07-30 01:55:19 CHB 1824604?1627581318 第 1 次 等待 3 秒
2021-07-30 01:55:22 CHB 1824604?1627581318 第 1 次 获取到号码【1824604】GSD
2021-07-30 01:55:22 获取到号码【1824604】的GSD为【黑龙江-哈尔滨】
2021-07-30 01:55:25 GSD insert 第 1 次 等待 3 秒
2021-07-30 01:55:28 {"status":"ok","gid":439373,"msg":"添加成功！"}
2021-07-30 01:55:28 下次操作: 2021-07-30 01:55:51

2021-07-30 01:55:51 开始第 29 次操作

2021-07-30 01:55:51 开始操作号码 【1824603】
2021-07-30 01:55:55 GSD getOne 第 1 次 等待 3 秒
2021-07-30 01:55:58 查询号码 【1824603】，返回信息 {"status":"bad","msg":""}
2021-07-30 01:55:58 查询号码 【1824603】，GSD为【""】
2021-07-30 01:55:58 bad
2021-07-30 01:55:59 CHB 1824603?1627581358 第 1 次 等待 3 秒
2021-07-30 01:56:02 CHB 1824603?1627581358 第 1 次 获取到号码【1824603】GSD
2021-07-30 01:56:02 获取到号码【1824603】的GSD为【黑龙江-哈尔滨】
2021-07-30 01:56:06 GSD insert 第 1 次 等待 3 秒
2021-07-30 01:56:09 {"status":"ok","gid":439381,"msg":"添加成功！"}
2021-07-30 01:56:09 下次操作: 2021-07-30 01:56:32

2021-07-30 01:56:32 开始第 30 次操作

2021-07-30 01:56:32 开始操作号码 【1824602】
2021-07-30 01:56:35 GSD getOne 第 1 次 等待 3 秒
2021-07-30 01:56:38 查询号码 【1824602】，返回信息 {"status":"bad","msg":""}
2021-07-30 01:56:38 查询号码 【1824602】，GSD为【""】
2021-07-30 01:56:38 bad
2021-07-30 01:56:39 CHB 1824602?1627581398 第 1 次 等待 3 秒
2021-07-30 01:56:42 CHB 1824602?1627581398 第 1 次 获取到号码【1824602】GSD
2021-07-30 01:56:42 获取到号码【1824602】的GSD为【黑龙江-哈尔滨】
2021-07-30 01:56:46 GSD insert 第 1 次 等待 3 秒
2021-07-30 01:56:49 {"status":"ok","gid":439388,"msg":"添加成功！"}
2021-07-30 01:56:49 下次操作: 2021-07-30 01:57:13

2021-07-30 01:57:13 开始第 31 次操作

2021-07-30 01:57:13 开始操作号码 【1824601】
2021-07-30 01:57:20 GSD getOne 第 1 次 等待 3 秒
2021-07-30 01:57:23 查询号码 【1824601】，返回信息 {"status":"bad","msg":""}
2021-07-30 01:57:23 查询号码 【1824601】，GSD为【""】
2021-07-30 01:57:23 bad
2021-07-30 01:57:24 CHB 1824601?1627581443 第 1 次 等待 3 秒
2021-07-30 01:57:27 CHB 1824601?1627581443 第 1 次 获取到号码【1824601】GSD
2021-07-30 01:57:27 获取到号码【1824601】的GSD为【黑龙江-哈尔滨】
2021-07-30 01:57:31 GSD insert 第 1 次 等待 3 秒
2021-07-30 01:57:34 {"status":"ok","gid":439397,"msg":"添加成功！"}
2021-07-30 01:57:34 下次操作: 2021-07-30 01:57:46

2021-07-30 01:57:46 开始第 32 次操作

2021-07-30 01:57:46 开始操作号码 【1824600】
2021-07-30 01:57:49 GSD getOne 第 1 次 等待 3 秒
2021-07-30 01:57:52 查询号码 【1824600】，返回信息 {"status":"bad","msg":""}
2021-07-30 01:57:52 查询号码 【1824600】，GSD为【""】
2021-07-30 01:57:52 bad
2021-07-30 01:57:53 CHB 1824600?1627581472 第 1 次 等待 3 秒
2021-07-30 01:57:56 CHB 1824600?1627581472 第 1 次 获取到号码【1824600】GSD
2021-07-30 01:57:56 获取到号码【1824600】的GSD为【黑龙江-哈尔滨】
2021-07-30 01:57:59 GSD insert 第 1 次 等待 3 秒
2021-07-30 01:58:02 {"status":"ok","gid":439405,"msg":"添加成功！"}
2021-07-30 01:58:02 下次操作: 2021-07-30 01:58:16

2021-07-30 01:58:16 开始第 33 次操作

2021-07-30 01:58:16 开始操作号码 【1824599】
2021-07-30 01:58:20 GSD getOne 第 1 次 等待 3 秒
2021-07-30 01:58:23 查询号码 【1824599】，返回信息 {"status":"bad","msg":""}
2021-07-30 01:58:23 查询号码 【1824599】，GSD为【""】
2021-07-30 01:58:23 bad
2021-07-30 01:58:24 CHB 1824599?1627581503 第 1 次 等待 3 秒
2021-07-30 01:58:27 CHB 1824599?1627581503 第 1 次 获取到号码【1824599】GSD
2021-07-30 01:58:27 获取到号码【1824599】的GSD为【黑龙江-大庆】
2021-07-30 01:58:31 GSD insert 第 1 次 等待 3 秒
2021-07-30 01:58:34 {"status":"ok","gid":439414,"msg":"添加成功！"}
2021-07-30 01:58:34 下次操作: 2021-07-30 01:58:58

2021-07-30 01:58:58 开始第 34 次操作

2021-07-30 01:58:58 开始操作号码 【1824598】
2021-07-30 01:59:01 GSD getOne 第 1 次 等待 3 秒
2021-07-30 01:59:04 查询号码 【1824598】，返回信息 {"status":"bad","msg":""}
2021-07-30 01:59:04 查询号码 【1824598】，GSD为【""】
2021-07-30 01:59:04 bad
2021-07-30 01:59:05 CHB 1824598?1627581544 第 1 次 等待 3 秒
2021-07-30 01:59:08 CHB 1824598?1627581544 第 1 次 获取到号码【1824598】GSD
2021-07-30 01:59:08 获取到号码【1824598】的GSD为【黑龙江-大庆】
2021-07-30 01:59:12 GSD insert 第 1 次 等待 3 秒
2021-07-30 01:59:15 {"status":"ok","gid":439422,"msg":"添加成功！"}
2021-07-30 01:59:15 下次操作: 2021-07-30 01:59:36

2021-07-30 01:59:36 开始第 35 次操作

2021-07-30 01:59:36 开始操作号码 【1824597】
2021-07-30 01:59:39 GSD getOne 第 1 次 等待 3 秒
2021-07-30 01:59:42 查询号码 【1824597】，返回信息 {"status":"bad","msg":""}
2021-07-30 01:59:42 查询号码 【1824597】，GSD为【""】
2021-07-30 01:59:42 bad
2021-07-30 01:59:43 CHB 1824597?1627581582 第 1 次 等待 3 秒
2021-07-30 01:59:46 CHB 1824597?1627581582 第 1 次 获取到号码【1824597】GSD
2021-07-30 01:59:46 获取到号码【1824597】的GSD为【黑龙江-大庆】
2021-07-30 01:59:50 GSD insert 第 1 次 等待 3 秒
2021-07-30 01:59:53 {"status":"ok","gid":439431,"msg":"添加成功！"}
2021-07-30 01:59:53 下次操作: 2021-07-30 02:00:13

2021-07-30 02:00:13 开始第 36 次操作

2021-07-30 02:00:13 开始操作号码 【1824596】
2021-07-30 02:00:16 GSD getOne 第 1 次 等待 3 秒
2021-07-30 02:00:19 查询号码 【1824596】，返回信息 {"status":"bad","msg":""}
2021-07-30 02:00:19 查询号码 【1824596】，GSD为【""】
2021-07-30 02:00:19 bad
2021-07-30 02:00:20 CHB 1824596?1627581619 第 1 次 等待 3 秒
2021-07-30 02:00:23 CHB 1824596?1627581619 第 1 次 获取到号码【1824596】GSD
2021-07-30 02:00:24 获取到号码【1824596】的GSD为【黑龙江-大庆】
2021-07-30 02:00:27 GSD insert 第 1 次 等待 3 秒
2021-07-30 02:00:30 {"status":"ok","gid":439442,"msg":"添加成功！"}
2021-07-30 02:00:30 下次操作: 2021-07-30 02:00:51

2021-07-30 02:00:51 开始第 37 次操作

2021-07-30 02:00:51 开始操作号码 【1824595】
2021-07-30 02:00:55 GSD getOne 第 1 次 等待 3 秒
2021-07-30 02:00:58 查询号码 【1824595】，返回信息 {"status":"bad","msg":""}
2021-07-30 02:00:58 查询号码 【1824595】，GSD为【""】
2021-07-30 02:00:58 bad
2021-07-30 02:01:00 CHB 1824595?1627581658 第 1 次 等待 3 秒
2021-07-30 02:01:03 CHB 1824595?1627581658 第 1 次 获取到号码【1824595】GSD
2021-07-30 02:01:03 获取到号码【1824595】的GSD为【黑龙江-大庆】
2021-07-30 02:01:06 GSD insert 第 1 次 等待 3 秒
2021-07-30 02:01:09 {"status":"ok","gid":439448,"msg":"添加成功！"}
2021-07-30 02:01:09 下次操作: 2021-07-30 02:01:24

2021-07-30 02:01:24 开始第 38 次操作

2021-07-30 02:01:24 开始操作号码 【1824594】
2021-07-30 02:01:27 GSD getOne 第 1 次 等待 3 秒
2021-07-30 02:01:30 查询号码 【1824594】，返回信息 {"status":"ok","msg":"黑龙江-大庆","gid":"35650","time_insert":"2018-05-02 16:51","time_update":"2020-08-23 03:18"}
2021-07-30 02:01:30 查询号码 【1824594】，GSD为【"黑龙江-大庆"】

2021-07-30 02:01:30 开始第 38 次操作

2021-07-30 02:01:30 开始操作号码 【1824593】
2021-07-30 02:01:34 GSD getOne 第 1 次 等待 3 秒
2021-07-30 02:01:37 查询号码 【1824593】，返回信息 {"status":"bad","msg":""}
2021-07-30 02:01:37 查询号码 【1824593】，GSD为【""】
2021-07-30 02:01:37 bad
2021-07-30 02:01:38 CHB 1824593?1627581697 第 1 次 等待 3 秒
2021-07-30 02:01:41 CHB 1824593?1627581697 第 1 次 获取到号码【1824593】GSD
2021-07-30 02:01:41 获取到号码【1824593】的GSD为【黑龙江-大庆】
2021-07-30 02:01:45 GSD insert 第 1 次 等待 3 秒
2021-07-30 02:01:48 {"status":"ok","gid":439459,"msg":"添加成功！"}
2021-07-30 02:01:48 下次操作: 2021-07-30 02:02:09

2021-07-30 02:02:09 开始第 39 次操作

2021-07-30 02:02:09 开始操作号码 【1824592】
2021-07-30 02:02:12 GSD getOne 第 1 次 等待 3 秒
2021-07-30 02:02:15 查询号码 【1824592】，返回信息 {"status":"bad","msg":""}
2021-07-30 02:02:15 查询号码 【1824592】，GSD为【""】
2021-07-30 02:02:15 bad
2021-07-30 02:02:17 CHB 1824592?1627581735 第 1 次 等待 3 秒
2021-07-30 02:02:20 CHB 1824592?1627581735 第 1 次 获取到号码【1824592】GSD
2021-07-30 02:02:20 获取到号码【1824592】的GSD为【黑龙江-大庆】
2021-07-30 02:02:24 GSD insert 第 1 次 等待 3 秒
2021-07-30 02:02:27 {"status":"ok","gid":439468,"msg":"添加成功！"}
2021-07-30 02:02:27 下次操作: 2021-07-30 02:02:43

2021-07-30 02:02:43 开始第 40 次操作

2021-07-30 02:02:43 开始操作号码 【1824591】
2021-07-30 02:02:46 GSD getOne 第 1 次 等待 3 秒
2021-07-30 02:02:49 查询号码 【1824591】，返回信息 {"status":"bad","msg":""}
2021-07-30 02:02:49 查询号码 【1824591】，GSD为【""】
2021-07-30 02:02:49 bad
2021-07-30 02:02:51 CHB 1824591?1627581769 第 1 次 等待 3 秒
2021-07-30 02:02:54 CHB 1824591?1627581769 第 1 次 获取到号码【1824591】GSD
2021-07-30 02:02:54 获取到号码【1824591】的GSD为【黑龙江-大庆】
2021-07-30 02:02:57 GSD insert 第 1 次 等待 3 秒
2021-07-30 02:03:00 {"status":"ok","gid":439475,"msg":"添加成功！"}

