2024-11-09 00:08:11 开始第 3965 次操作

2024-11-09 00:08:11 开始操作号码 【1313964】
2024-11-09 00:08:12 GSD getOne 第 1 次 等待 3 秒
2024-11-09 00:08:15 查询号码 【1313964】，返回信息 {"status":"ok","msg":"新疆-乌鲁木齐","gid":"157190","time_insert":"2021-06-30 01:00","time_update":"2021-06-30 01:13"}
2024-11-09 00:08:15 查询号码 【1313964】，GSD为【"新疆-乌鲁木齐"】

2024-11-09 00:08:16 开始第 3966 次操作

2024-11-09 00:08:16 开始操作号码 【1313965】
2024-11-09 00:08:17 GSD getOne 第 1 次 等待 3 秒
2024-11-09 00:08:20 查询号码 【1313965】，返回信息 {"status":"ok","msg":"新疆-乌鲁木齐","gid":"157216","time_insert":"2021-06-30 01:20"}
2024-11-09 00:08:20 查询号码 【1313965】，GSD为【"新疆-乌鲁木齐"】

2024-11-09 00:08:21 开始第 3967 次操作

2024-11-09 00:08:21 开始操作号码 【1313966】
2024-11-09 00:08:22 GSD getOne 第 1 次 等待 3 秒
2024-11-09 00:08:25 查询号码 【1313966】，返回信息 {"status":"ok","msg":"新疆-乌鲁木齐","gid":"157267","time_insert":"2021-06-30 01:40"}
2024-11-09 00:08:25 查询号码 【1313966】，GSD为【"新疆-乌鲁木齐"】

2024-11-09 00:08:26 开始第 3968 次操作

2024-11-09 00:08:26 开始操作号码 【1313967】
2024-11-09 00:08:28 GSD getOne 第 1 次 等待 3 秒
2024-11-09 00:08:31 查询号码 【1313967】，返回信息 {"status":"ok","msg":"新疆-乌鲁木齐","gid":"157412","time_insert":"2021-06-30 01:55"}
2024-11-09 00:08:32 查询号码 【1313967】，GSD为【"新疆-乌鲁木齐"】

