2024-12-08 00:07:41 开始第 9061 次操作

2024-12-08 00:07:41 开始操作号码 【1319060】
2024-12-08 00:07:42 GSD getOne 第 1 次 等待 3 秒
2024-12-08 00:07:45 查询号码 【1319060】，返回信息 {"status":"ok","msg":"内蒙古-呼和浩特","gid":"207371","time_insert":"2021-07-06 16:51"}
2024-12-08 00:07:45 查询号码 【1319060】，GSD为【"内蒙古-呼和浩特"】

2024-12-08 00:07:46 开始第 9062 次操作

2024-12-08 00:07:46 开始操作号码 【1319061】
2024-12-08 00:07:48 GSD getOne 第 1 次 等待 3 秒
2024-12-08 00:07:51 查询号码 【1319061】，返回信息 {"status":"ok","msg":"内蒙古-阿拉善","gid":"207359","time_insert":"2021-07-06 16:50"}
2024-12-08 00:07:51 查询号码 【1319061】，GSD为【"内蒙古-阿拉善"】

2024-12-08 00:07:52 开始第 9063 次操作

2024-12-08 00:07:52 开始操作号码 【1319062】
2024-12-08 00:07:53 GSD getOne 第 1 次 等待 3 秒
2024-12-08 00:07:56 查询号码 【1319062】，返回信息 {"status":"ok","msg":"内蒙古-乌兰察布","gid":"207349","time_insert":"2021-07-06 16:49"}
2024-12-08 00:07:56 查询号码 【1319062】，GSD为【"内蒙古-乌兰察布"】

2024-12-08 00:07:57 开始第 9064 次操作

2024-12-08 00:07:57 开始操作号码 【1319063】
2024-12-08 00:07:59 GSD getOne 第 1 次 等待 3 秒
2024-12-08 00:08:02 查询号码 【1319063】，返回信息 {"status":"ok","msg":"内蒙古-乌兰察布","gid":"207336","time_insert":"2021-07-06 16:48"}
2024-12-08 00:08:02 查询号码 【1319063】，GSD为【"内蒙古-乌兰察布"】

2024-12-08 00:41:05 开始第 9065 次操作

2024-12-08 00:41:05 开始操作号码 【1319064】
2024-12-08 00:41:07 GSD getOne 第 1 次 等待 3 秒
2024-12-08 00:41:10 查询号码 【1319064】，返回信息 {"status":"ok","msg":"内蒙古-乌兰察布","gid":"207324","time_insert":"2021-07-06 16:48"}
2024-12-08 00:41:10 查询号码 【1319064】，GSD为【"内蒙古-乌兰察布"】

2024-12-08 00:41:11 开始第 9066 次操作

2024-12-08 00:41:11 开始操作号码 【1319065】
2024-12-08 00:41:12 GSD getOne 第 1 次 等待 3 秒
2024-12-08 00:41:15 查询号码 【1319065】，返回信息 {"status":"ok","msg":"内蒙古-乌兰察布","gid":"207312","time_insert":"2021-07-06 16:47"}
2024-12-08 00:41:15 查询号码 【1319065】，GSD为【"内蒙古-乌兰察布"】

2024-12-08 00:41:16 开始第 9067 次操作

2024-12-08 00:41:16 开始操作号码 【1319066】
2024-12-08 00:41:17 GSD getOne 第 1 次 等待 3 秒
2024-12-08 00:41:20 查询号码 【1319066】，返回信息 {"status":"ok","msg":"内蒙古-锡林郭勒","gid":"207302","time_insert":"2021-07-06 16:46"}
2024-12-08 00:41:20 查询号码 【1319066】，GSD为【"内蒙古-锡林郭勒"】

2024-12-08 00:41:21 开始第 9068 次操作

2024-12-08 00:41:21 开始操作号码 【1319067】
2024-12-08 00:41:22 GSD getOne 第 1 次 等待 3 秒
2024-12-08 00:41:25 查询号码 【1319067】，返回信息 {"status":"ok","msg":"内蒙古-锡林郭勒","gid":"207290","time_insert":"2021-07-06 16:45"}
2024-12-08 00:41:25 查询号码 【1319067】，GSD为【"内蒙古-锡林郭勒"】

