2024-05-14 00:23:15 开始第 8705 次操作

2024-05-14 00:23:15 开始操作号码 【1618617】
2024-05-14 00:23:23 GSD getOne 第 1 次 等待 3 秒
2024-05-14 00:23:26 查询号码 【1618617】，返回信息 {"status":"ok","msg":"-","gid":"672863","time_insert":"2023-04-23 13:51"}
2024-05-14 00:23:26 查询号码 【1618617】，GSD为【"-"】
2024-05-14 00:23:26 ok && -
2024-05-14 00:23:28 CHB 1618617?1715617406 第 1 次 等待 3 秒
2024-05-14 00:23:31 CHB 1618617?1715617406 第 1 次 获取到号码【1618617】GSD
2024-05-14 00:23:31 未获取到号码【1618617】GSD，可能号码格式错误
2024-05-14 00:23:31 获取到号码【1618617】的GSD为【-】
2024-05-14 00:23:36 GSD insert 第 1 次 等待 3 秒
2024-05-14 00:23:39 {"status":"bad","gid":"672863","msg":"添加失败！号码【1618617(-|-)】已存在！"}
2024-05-14 00:23:39 随机等待 221 秒，约 3 分钟
2024-05-14 00:23:39 下次操作: 2024-05-14 00:27:20

2024-05-14 00:27:20 开始第 8706 次操作

2024-05-14 00:27:20 开始操作号码 【1618618】
2024-05-14 00:27:25 GSD getOne 第 1 次 等待 3 秒
2024-05-14 00:27:28 查询号码 【1618618】，返回信息 {"status":"ok","msg":"-","gid":"672888","time_insert":"2023-04-23 14:11"}
2024-05-14 00:27:28 查询号码 【1618618】，GSD为【"-"】
2024-05-14 00:27:28 ok && -
2024-05-14 00:27:30 CHB 1618618?1715617648 第 1 次 等待 3 秒
2024-05-14 00:27:33 CHB 1618618?1715617648 第 1 次 获取到号码【1618618】GSD
2024-05-14 00:27:33 未获取到号码【1618618】GSD，可能号码格式错误
2024-05-14 00:27:33 获取到号码【1618618】的GSD为【-】
2024-05-14 00:27:42 GSD insert 第 1 次 等待 3 秒
2024-05-14 00:27:45 {"status":"bad","gid":"672888","msg":"添加失败！号码【1618618(-|-)】已存在！"}
2024-05-14 00:27:45 随机等待 229 秒，约 3 分钟
2024-05-14 00:27:45 下次操作: 2024-05-14 00:31:34

2024-05-14 00:31:34 开始第 8707 次操作

2024-05-14 00:31:34 开始操作号码 【1618619】
2024-05-14 00:31:39 GSD getOne 第 1 次 等待 3 秒
2024-05-14 00:31:42 查询号码 【1618619】，返回信息 {"status":"ok","msg":"-","gid":"672911","time_insert":"2023-04-23 14:27"}
2024-05-14 00:31:42 查询号码 【1618619】，GSD为【"-"】
2024-05-14 00:31:42 ok && -
2024-05-14 00:31:44 CHB 1618619?1715617902 第 1 次 等待 3 秒
2024-05-14 00:31:47 CHB 1618619?1715617902 第 1 次 获取到号码【1618619】GSD
2024-05-14 00:31:47 未获取到号码【1618619】GSD，可能号码格式错误
2024-05-14 00:31:47 获取到号码【1618619】的GSD为【-】
2024-05-14 00:31:53 GSD insert 第 1 次 等待 3 秒
2024-05-14 00:31:56 {"status":"bad","gid":"672911","msg":"添加失败！号码【1618619(-|-)】已存在！"}
2024-05-14 00:31:56 随机等待 201 秒，约 3 分钟
2024-05-14 00:31:56 下次操作: 2024-05-14 00:35:17

2024-05-14 00:35:17 开始第 8708 次操作

2024-05-14 00:35:17 开始操作号码 【1618620】
2024-05-14 00:35:29 GSD getOne 第 1 次 等待 3 秒
2024-05-14 00:35:32 查询号码 【1618620】，返回信息 {"status":"ok","msg":"-","gid":"672941","time_insert":"2023-04-23 14:44"}
2024-05-14 00:35:32 查询号码 【1618620】，GSD为【"-"】
2024-05-14 00:35:32 ok && -
2024-05-14 00:35:34 CHB 1618620?1715618132 第 1 次 等待 3 秒
2024-05-14 00:35:37 CHB 1618620?1715618132 第 1 次 获取到号码【1618620】GSD
2024-05-14 00:35:37 未获取到号码【1618620】GSD，可能号码格式错误
2024-05-14 00:35:37 获取到号码【1618620】的GSD为【-】
2024-05-14 00:35:46 GSD insert 第 1 次 等待 3 秒
2024-05-14 00:35:49 {"status":"bad","gid":"672941","msg":"添加失败！号码【1618620(-|-)】已存在！"}

2024-05-14 00:40:34 开始第 8709 次操作

2024-05-14 00:40:34 开始操作号码 【1618621】
2024-05-14 00:40:45 GSD getOne 第 1 次 等待 3 秒
2024-05-14 00:40:48 查询号码 【1618621】，返回信息 {"status":"ok","msg":"-","gid":"672967","time_insert":"2023-04-23 15:01"}
2024-05-14 00:40:48 查询号码 【1618621】，GSD为【"-"】
2024-05-14 00:40:48 ok && -
2024-05-14 00:40:50 CHB 1618621?1715618448 第 1 次 等待 3 秒
2024-05-14 00:40:53 CHB 1618621?1715618448 第 1 次 获取到号码【1618621】GSD
2024-05-14 00:40:54 未获取到号码【1618621】GSD，可能号码格式错误
2024-05-14 00:40:54 获取到号码【1618621】的GSD为【-】
2024-05-14 00:41:20 GSD insert 第 1 次 等待 3 秒
2024-05-14 00:41:23 {"status":"bad","gid":"672967","msg":"添加失败！号码【1618621(-|-)】已存在！"}
2024-05-14 00:41:23 随机等待 166 秒，约 2 分钟
2024-05-14 00:41:23 下次操作: 2024-05-14 00:44:09

2024-05-14 00:44:09 开始第 8710 次操作

2024-05-14 00:44:09 开始操作号码 【1618622】
2024-05-14 00:44:15 GSD getOne 第 1 次 等待 3 秒
2024-05-14 00:44:18 查询号码 【1618622】，返回信息 {"status":"ok","msg":"-","gid":"672992","time_insert":"2023-04-23 15:19"}
2024-05-14 00:44:18 查询号码 【1618622】，GSD为【"-"】
2024-05-14 00:44:18 ok && -
2024-05-14 00:44:20 CHB 1618622?1715618658 第 1 次 等待 3 秒
2024-05-14 00:44:23 CHB 1618622?1715618658 第 1 次 获取到号码【1618622】GSD
2024-05-14 00:44:24 未获取到号码【1618622】GSD，可能号码格式错误
2024-05-14 00:44:24 获取到号码【1618622】的GSD为【-】
2024-05-14 00:44:32 GSD insert 第 1 次 等待 3 秒
2024-05-14 00:44:35 {"status":"bad","gid":"672992","msg":"添加失败！号码【1618622(-|-)】已存在！"}
2024-05-14 00:44:35 随机等待 164 秒，约 2 分钟
2024-05-14 00:44:35 下次操作: 2024-05-14 00:47:19

2024-05-14 00:47:19 开始第 8711 次操作

2024-05-14 00:47:19 开始操作号码 【1618623】
2024-05-14 00:47:24 GSD getOne 第 1 次 等待 3 秒
2024-05-14 00:47:27 查询号码 【1618623】，返回信息 {"status":"ok","msg":"-","gid":"673024","time_insert":"2023-04-23 15:35"}
2024-05-14 00:47:27 查询号码 【1618623】，GSD为【"-"】
2024-05-14 00:47:27 ok && -
2024-05-14 00:47:29 CHB 1618623?1715618847 第 1 次 等待 3 秒
2024-05-14 00:47:32 CHB 1618623?1715618847 第 1 次 获取到号码【1618623】GSD
2024-05-14 00:47:32 未获取到号码【1618623】GSD，可能号码格式错误
2024-05-14 00:47:32 获取到号码【1618623】的GSD为【-】
2024-05-14 00:47:40 GSD insert 第 1 次 等待 3 秒
2024-05-14 00:47:43 {"status":"bad","gid":"673024","msg":"添加失败！号码【1618623(-|-)】已存在！"}
2024-05-14 00:47:43 随机等待 191 秒，约 3 分钟
2024-05-14 00:47:43 下次操作: 2024-05-14 00:50:54

2024-05-14 00:50:54 开始第 8712 次操作

2024-05-14 00:50:54 开始操作号码 【1618624】
2024-05-14 00:50:59 GSD getOne 第 1 次 等待 3 秒
2024-05-14 00:51:02 查询号码 【1618624】，返回信息 {"status":"ok","msg":"-","gid":"673057","time_insert":"2023-04-23 15:53"}
2024-05-14 00:51:02 查询号码 【1618624】，GSD为【"-"】
2024-05-14 00:51:02 ok && -
2024-05-14 00:51:04 CHB 1618624?1715619062 第 1 次 等待 3 秒
2024-05-14 00:51:07 CHB 1618624?1715619062 第 1 次 获取到号码【1618624】GSD
2024-05-14 00:51:07 未获取到号码【1618624】GSD，可能号码格式错误
2024-05-14 00:51:07 获取到号码【1618624】的GSD为【-】
2024-05-14 00:51:19 GSD insert 第 1 次 等待 3 秒
2024-05-14 00:51:22 {"status":"bad","gid":"673057","msg":"添加失败！号码【1618624(-|-)】已存在！"}

