2024-05-01 00:21:17 开始第 6401 次操作

2024-05-01 00:21:17 开始操作号码 【1616318】
2024-05-01 00:21:24 GSD getOne 第 1 次 等待 3 秒
2024-05-01 00:21:27 查询号码 【1616318】，返回信息 {"status":"ok","msg":"-","gid":"653346","time_insert":"2023-04-14 07:50"}
2024-05-01 00:21:27 查询号码 【1616318】，GSD为【"-"】
2024-05-01 00:21:27 ok && -
2024-05-01 00:21:29 CHB 1616318?1714494087 第 1 次 等待 3 秒
2024-05-01 00:21:32 CHB 1616318?1714494087 第 1 次 获取到号码【1616318】GSD
2024-05-01 00:21:32 未获取到号码【1616318】GSD，可能号码格式错误
2024-05-01 00:21:32 获取到号码【1616318】的GSD为【-】
2024-05-01 00:21:41 GSD insert 第 1 次 等待 3 秒
2024-05-01 00:21:44 {"status":"bad","gid":"653346","msg":"添加失败！号码【1616318(-|-)】已存在！"}
2024-05-01 00:21:44 随机等待 140 秒，约 2 分钟
2024-05-01 00:21:44 下次操作: 2024-05-01 00:24:04

2024-05-01 00:24:04 开始第 6402 次操作

2024-05-01 00:24:04 开始操作号码 【1616319】
2024-05-01 00:24:17 GSD getOne 第 1 次 等待 3 秒
2024-05-01 00:24:20 查询号码 【1616319】，返回信息 {"status":"ok","msg":"-","gid":"653370","time_insert":"2023-04-14 08:06"}
2024-05-01 00:24:20 查询号码 【1616319】，GSD为【"-"】
2024-05-01 00:24:20 ok && -
2024-05-01 00:24:22 CHB 1616319?1714494260 第 1 次 等待 3 秒
2024-05-01 00:24:25 CHB 1616319?1714494260 第 1 次 获取到号码【1616319】GSD
2024-05-01 00:24:25 未获取到号码【1616319】GSD，可能号码格式错误
2024-05-01 00:24:25 获取到号码【1616319】的GSD为【-】
2024-05-01 00:24:30 GSD insert 第 1 次 等待 3 秒
2024-05-01 00:24:33 {"status":"bad","gid":"653370","msg":"添加失败！号码【1616319(-|-)】已存在！"}
2024-05-01 00:24:33 随机等待 179 秒，约 2 分钟
2024-05-01 00:24:33 下次操作: 2024-05-01 00:27:32

2024-05-01 00:27:32 开始第 6403 次操作

2024-05-01 00:27:32 开始操作号码 【1616320】
2024-05-01 00:27:44 GSD getOne 第 1 次 等待 3 秒
2024-05-01 00:27:47 查询号码 【1616320】，返回信息 {"status":"ok","msg":"-","gid":"653392","time_insert":"2023-04-14 08:30"}
2024-05-01 00:27:48 查询号码 【1616320】，GSD为【"-"】
2024-05-01 00:27:48 ok && -
2024-05-01 00:27:51 CHB 1616320?1714494468 第 1 次 等待 3 秒
2024-05-01 00:27:54 CHB 1616320?1714494468 第 1 次 获取到号码【1616320】GSD
2024-05-01 00:27:54 未获取到号码【1616320】GSD，可能号码格式错误
2024-05-01 00:27:54 获取到号码【1616320】的GSD为【-】
2024-05-01 00:27:59 GSD insert 第 1 次 等待 3 秒
2024-05-01 00:28:02 {"status":"bad","gid":"653392","msg":"添加失败！号码【1616320(-|-)】已存在！"}
2024-05-01 00:28:02 随机等待 188 秒，约 3 分钟
2024-05-01 00:28:02 下次操作: 2024-05-01 00:31:10

2024-05-01 00:31:10 开始第 6404 次操作

2024-05-01 00:31:10 开始操作号码 【1616321】
2024-05-01 00:31:15 GSD getOne 第 1 次 等待 3 秒
2024-05-01 00:31:18 查询号码 【1616321】，返回信息 {"status":"ok","msg":"-","gid":"653405","time_insert":"2023-04-14 08:42"}
2024-05-01 00:31:18 查询号码 【1616321】，GSD为【"-"】
2024-05-01 00:31:18 ok && -
2024-05-01 00:31:20 CHB 1616321?1714494678 第 1 次 等待 3 秒
2024-05-01 00:31:23 CHB 1616321?1714494678 第 1 次 获取到号码【1616321】GSD
2024-05-01 00:31:23 未获取到号码【1616321】GSD，可能号码格式错误
2024-05-01 00:31:23 获取到号码【1616321】的GSD为【-】
2024-05-01 00:31:31 GSD insert 第 1 次 等待 3 秒
2024-05-01 00:31:34 {"status":"bad","gid":"653405","msg":"添加失败！号码【1616321(-|-)】已存在！"}

2024-05-01 00:39:47 开始第 6405 次操作

2024-05-01 00:39:47 开始操作号码 【1616322】
2024-05-01 00:39:55 GSD getOne 第 1 次 等待 3 秒
2024-05-01 00:39:58 查询号码 【1616322】，返回信息 {"status":"ok","msg":"-","gid":"653426","time_insert":"2023-04-14 08:59"}
2024-05-01 00:39:58 查询号码 【1616322】，GSD为【"-"】
2024-05-01 00:39:58 ok && -
2024-05-01 00:40:00 CHB 1616322?1714495198 第 1 次 等待 3 秒
2024-05-01 00:40:03 CHB 1616322?1714495198 第 1 次 获取到号码【1616322】GSD
2024-05-01 00:40:03 未获取到号码【1616322】GSD，可能号码格式错误
2024-05-01 00:40:03 获取到号码【1616322】的GSD为【-】
2024-05-01 00:40:09 GSD insert 第 1 次 等待 3 秒
2024-05-01 00:40:12 {"status":"bad","gid":"653426","msg":"添加失败！号码【1616322(-|-)】已存在！"}
2024-05-01 00:40:12 随机等待 122 秒，约 2 分钟
2024-05-01 00:40:12 下次操作: 2024-05-01 00:42:14

2024-05-01 00:42:14 开始第 6406 次操作

2024-05-01 00:42:14 开始操作号码 【1616323】
2024-05-01 00:42:31 GSD getOne 第 1 次 等待 3 秒
2024-05-01 00:42:34 查询号码 【1616323】，返回信息 {"status":"ok","msg":"-","gid":"653443","time_insert":"2023-04-14 09:15"}
2024-05-01 00:42:34 查询号码 【1616323】，GSD为【"-"】
2024-05-01 00:42:34 ok && -
2024-05-01 00:42:36 CHB 1616323?1714495354 第 1 次 等待 3 秒
2024-05-01 00:42:39 CHB 1616323?1714495354 第 1 次 获取到号码【1616323】GSD
2024-05-01 00:42:39 未获取到号码【1616323】GSD，可能号码格式错误
2024-05-01 00:42:39 获取到号码【1616323】的GSD为【-】
2024-05-01 00:42:49 GSD insert 第 1 次 等待 3 秒
2024-05-01 00:42:52 {"status":"bad","gid":"653443","msg":"添加失败！号码【1616323(-|-)】已存在！"}
2024-05-01 00:42:52 随机等待 81 秒，约 1 分钟
2024-05-01 00:42:52 下次操作: 2024-05-01 00:44:13

2024-05-01 00:44:13 开始第 6407 次操作

2024-05-01 00:44:13 开始操作号码 【1616324】
2024-05-01 00:44:22 GSD getOne 第 1 次 等待 3 秒
2024-05-01 00:44:25 查询号码 【1616324】，返回信息 {"status":"ok","msg":"-","gid":"653465","time_insert":"2023-04-14 09:32"}
2024-05-01 00:44:26 查询号码 【1616324】，GSD为【"-"】
2024-05-01 00:44:26 ok && -
2024-05-01 00:44:27 CHB 1616324?1714495466 第 1 次 等待 3 秒
2024-05-01 00:44:30 CHB 1616324?1714495466 第 1 次 获取到号码【1616324】GSD
2024-05-01 00:44:31 未获取到号码【1616324】GSD，可能号码格式错误
2024-05-01 00:44:31 获取到号码【1616324】的GSD为【-】
2024-05-01 00:44:42 GSD insert 第 1 次 等待 3 秒
2024-05-01 00:44:45 {"status":"bad","gid":"653465","msg":"添加失败！号码【1616324(-|-)】已存在！"}
2024-05-01 00:44:45 随机等待 114 秒，约 1 分钟
2024-05-01 00:44:45 下次操作: 2024-05-01 00:46:39

2024-05-01 00:46:39 开始第 6408 次操作

2024-05-01 00:46:39 开始操作号码 【1616325】
2024-05-01 00:46:44 GSD getOne 第 1 次 等待 3 秒
2024-05-01 00:46:47 查询号码 【1616325】，返回信息 {"status":"ok","msg":"-","gid":"653481","time_insert":"2023-04-14 09:47"}
2024-05-01 00:46:47 查询号码 【1616325】，GSD为【"-"】
2024-05-01 00:46:47 ok && -
2024-05-01 00:46:49 CHB 1616325?1714495607 第 1 次 等待 3 秒
2024-05-01 00:46:52 CHB 1616325?1714495607 第 1 次 获取到号码【1616325】GSD
2024-05-01 00:46:52 未获取到号码【1616325】GSD，可能号码格式错误
2024-05-01 00:46:52 获取到号码【1616325】的GSD为【-】
2024-05-01 00:46:57 GSD insert 第 1 次 等待 3 秒
2024-05-01 00:47:00 {"status":"bad","gid":"653481","msg":"添加失败！号码【1616325(-|-)】已存在！"}

