2024-01-01 00:19:52 开始第 6241 次操作

2024-01-01 00:19:52 开始操作号码 【1836160】
2024-01-01 00:19:56 GSD getOne 第 1 次 等待 3 秒
2024-01-01 00:19:59 查询号码 【1836160】，返回信息 {"status":"ok","msg":"江苏-盐城","gid":"334925","time_insert":"2021-07-20 08:10"}
2024-01-01 00:19:59 查询号码 【1836160】，GSD为【"江苏-盐城"】

2024-01-01 00:20:00 开始第 6242 次操作

2024-01-01 00:20:00 开始操作号码 【1836161】
2024-01-01 00:20:04 GSD getOne 第 1 次 等待 3 秒
2024-01-01 00:20:07 查询号码 【1836161】，返回信息 {"status":"ok","msg":"江苏-盐城","gid":"334930","time_insert":"2021-07-20 08:10"}
2024-01-01 00:20:07 查询号码 【1836161】，GSD为【"江苏-盐城"】

2024-01-01 00:20:08 开始第 6243 次操作

2024-01-01 00:20:08 开始操作号码 【1836162】
2024-01-01 00:20:11 GSD getOne 第 1 次 等待 3 秒
2024-01-01 00:20:14 查询号码 【1836162】，返回信息 {"status":"ok","msg":"江苏-盐城","gid":"334932","time_insert":"2021-07-20 08:11"}
2024-01-01 00:20:14 查询号码 【1836162】，GSD为【"江苏-盐城"】

2024-01-01 00:20:15 开始第 6244 次操作

2024-01-01 00:20:15 开始操作号码 【1836163】
2024-01-01 00:20:18 GSD getOne 第 1 次 等待 3 秒
2024-01-01 00:20:21 查询号码 【1836163】，返回信息 {"status":"ok","msg":"江苏-盐城","gid":"334936","time_insert":"2021-07-20 08:12"}
2024-01-01 00:20:21 查询号码 【1836163】，GSD为【"江苏-盐城"】

2024-01-01 00:38:43 开始第 6245 次操作

2024-01-01 00:38:43 开始操作号码 【1836164】
2024-01-01 00:38:47 GSD getOne 第 1 次 等待 3 秒
2024-01-01 00:38:50 查询号码 【1836164】，返回信息 {"status":"ok","msg":"江苏-盐城","gid":"334938","time_insert":"2021-07-20 08:13"}
2024-01-01 00:38:50 查询号码 【1836164】，GSD为【"江苏-盐城"】

2024-01-01 00:38:51 开始第 6246 次操作

2024-01-01 00:38:51 开始操作号码 【1836165】
2024-01-01 00:38:55 GSD getOne 第 1 次 等待 3 秒
2024-01-01 00:38:58 查询号码 【1836165】，返回信息 {"status":"ok","msg":"江苏-盐城","gid":"335133","time_insert":"2021-07-20 09:45"}
2024-01-01 00:38:58 查询号码 【1836165】，GSD为【"江苏-盐城"】

2024-01-01 00:38:59 开始第 6247 次操作

2024-01-01 00:38:59 开始操作号码 【1836166】
2024-01-01 00:39:02 GSD getOne 第 1 次 等待 3 秒
2024-01-01 00:39:05 查询号码 【1836166】，返回信息 {"status":"ok","msg":"江苏-盐城","gid":"37973","time_insert":"2015-08-14 10:36","time_update":"2020-08-26 12:05"}
2024-01-01 00:39:05 查询号码 【1836166】，GSD为【"江苏-盐城"】

2024-01-01 00:39:06 开始第 6248 次操作

2024-01-01 00:39:06 开始操作号码 【1836167】
2024-01-01 00:39:09 GSD getOne 第 1 次 等待 3 秒
2024-01-01 00:39:12 查询号码 【1836167】，返回信息 {"status":"ok","msg":"江苏-盐城","gid":"335143","time_insert":"2021-07-20 09:46"}
2024-01-01 00:39:12 查询号码 【1836167】，GSD为【"江苏-盐城"】

2024-01-01 01:13:42 开始第 6249 次操作

2024-01-01 01:13:42 开始操作号码 【1836168】
2024-01-01 01:13:48 GSD getOne 第 1 次 等待 3 秒
2024-01-01 01:13:51 查询号码 【1836168】，返回信息 {"status":"ok","msg":"江苏-盐城","gid":"335154","time_insert":"2021-07-20 09:47"}
2024-01-01 01:13:51 查询号码 【1836168】，GSD为【"江苏-盐城"】

2024-01-01 01:13:52 开始第 6250 次操作

2024-01-01 01:13:52 开始操作号码 【1836169】
2024-01-01 01:13:55 GSD getOne 第 1 次 等待 3 秒
2024-01-01 01:13:58 查询号码 【1836169】，返回信息 {"status":"ok","msg":"江苏-盐城","gid":"335166","time_insert":"2021-07-20 09:47"}
2024-01-01 01:13:59 查询号码 【1836169】，GSD为【"江苏-盐城"】

2024-01-01 01:14:00 开始第 6251 次操作

2024-01-01 01:14:00 开始操作号码 【1836170】
2024-01-01 01:14:02 GSD getOne 第 1 次 等待 3 秒
2024-01-01 01:14:05 查询号码 【1836170】，返回信息 {"status":"ok","msg":"江苏-徐州","gid":"335174","time_insert":"2021-07-20 09:48"}
2024-01-01 01:14:05 查询号码 【1836170】，GSD为【"江苏-徐州"】

2024-01-01 01:14:06 开始第 6252 次操作

2024-01-01 01:14:06 开始操作号码 【1836171】
2024-01-01 01:14:09 GSD getOne 第 1 次 等待 3 秒
2024-01-01 01:14:12 查询号码 【1836171】，返回信息 {"status":"ok","msg":"江苏-徐州","gid":"335183","time_insert":"2021-07-20 09:49"}
2024-01-01 01:14:12 查询号码 【1836171】，GSD为【"江苏-徐州"】

2024-01-01 01:37:07 开始第 6253 次操作

2024-01-01 01:37:07 开始操作号码 【1836172】
2024-01-01 01:37:10 GSD getOne 第 1 次 等待 3 秒
2024-01-01 01:37:13 查询号码 【1836172】，返回信息 {"status":"ok","msg":"江苏-徐州","gid":"335193","time_insert":"2021-07-20 09:49"}
2024-01-01 01:37:13 查询号码 【1836172】，GSD为【"江苏-徐州"】

2024-01-01 01:37:14 开始第 6254 次操作

2024-01-01 01:37:14 开始操作号码 【1836173】
2024-01-01 01:37:17 GSD getOne 第 1 次 等待 3 秒
2024-01-01 01:37:20 查询号码 【1836173】，返回信息 {"status":"ok","msg":"江苏-徐州","gid":"335201","time_insert":"2021-07-20 09:50"}
2024-01-01 01:37:20 查询号码 【1836173】，GSD为【"江苏-徐州"】

2024-01-01 01:37:21 开始第 6255 次操作

2024-01-01 01:37:21 开始操作号码 【1836174】
2024-01-01 01:37:24 GSD getOne 第 1 次 等待 3 秒
2024-01-01 01:37:27 查询号码 【1836174】，返回信息 {"status":"ok","msg":"江苏-徐州","gid":"335211","time_insert":"2021-07-20 09:50"}
2024-01-01 01:37:27 查询号码 【1836174】，GSD为【"江苏-徐州"】

2024-01-01 01:37:28 开始第 6256 次操作

2024-01-01 01:37:28 开始操作号码 【1836175】
2024-01-01 01:37:33 GSD getOne 第 1 次 等待 3 秒
2024-01-01 01:37:36 查询号码 【1836175】，返回信息 {"status":"ok","msg":"江苏-徐州","gid":"335222","time_insert":"2021-07-20 09:51"}
2024-01-01 01:37:36 查询号码 【1836175】，GSD为【"江苏-徐州"】

2024-01-01 02:18:55 开始第 6257 次操作

2024-01-01 02:18:55 开始操作号码 【1836176】
2024-01-01 02:18:58 GSD getOne 第 1 次 等待 3 秒
2024-01-01 02:19:01 查询号码 【1836176】，返回信息 {"status":"ok","msg":"江苏-徐州","gid":"335227","time_insert":"2021-07-20 09:51"}
2024-01-01 02:19:01 查询号码 【1836176】，GSD为【"江苏-徐州"】

2024-01-01 02:19:02 开始第 6258 次操作

2024-01-01 02:19:02 开始操作号码 【1836177】
2024-01-01 02:19:05 GSD getOne 第 1 次 等待 3 秒
2024-01-01 02:19:08 查询号码 【1836177】，返回信息 {"status":"ok","msg":"江苏-徐州","gid":"335238","time_insert":"2021-07-20 09:52"}
2024-01-01 02:19:08 查询号码 【1836177】，GSD为【"江苏-徐州"】

2024-01-01 02:19:09 开始第 6259 次操作

2024-01-01 02:19:09 开始操作号码 【1836178】
2024-01-01 02:19:12 GSD getOne 第 1 次 等待 3 秒
2024-01-01 02:19:15 查询号码 【1836178】，返回信息 {"status":"ok","msg":"江苏-徐州","gid":"335246","time_insert":"2021-07-20 09:53"}
2024-01-01 02:19:15 查询号码 【1836178】，GSD为【"江苏-徐州"】

2024-01-01 02:19:16 开始第 6260 次操作

2024-01-01 02:19:16 开始操作号码 【1836179】
2024-01-01 02:19:20 GSD getOne 第 1 次 等待 3 秒
2024-01-01 02:19:23 查询号码 【1836179】，返回信息 {"status":"ok","msg":"江苏-徐州","gid":"335260","time_insert":"2021-07-20 09:53"}
2024-01-01 02:19:23 查询号码 【1836179】，GSD为【"江苏-徐州"】

2024-01-01 02:37:19 开始第 6261 次操作

2024-01-01 02:37:19 开始操作号码 【1836180】
2024-01-01 02:37:23 GSD getOne 第 1 次 等待 3 秒
2024-01-01 02:37:26 查询号码 【1836180】，返回信息 {"status":"ok","msg":"江苏-南通","gid":"335271","time_insert":"2021-07-20 09:54"}
2024-01-01 02:37:26 查询号码 【1836180】，GSD为【"江苏-南通"】

2024-01-01 02:37:27 开始第 6262 次操作

2024-01-01 02:37:27 开始操作号码 【1836181】
2024-01-01 02:37:31 GSD getOne 第 1 次 等待 3 秒
2024-01-01 02:37:34 查询号码 【1836181】，返回信息 {"status":"ok","msg":"江苏-镇江","gid":"335280","time_insert":"2021-07-20 09:55"}
2024-01-01 02:37:34 查询号码 【1836181】，GSD为【"江苏-镇江"】

2024-01-01 02:37:35 开始第 6263 次操作

2024-01-01 02:37:35 开始操作号码 【1836182】
2024-01-01 02:37:39 GSD getOne 第 1 次 等待 3 秒
2024-01-01 02:37:42 查询号码 【1836182】，返回信息 {"status":"ok","msg":"江苏-扬州","gid":"335288","time_insert":"2021-07-20 09:55"}
2024-01-01 02:37:42 查询号码 【1836182】，GSD为【"江苏-扬州"】

2024-01-01 02:37:43 开始第 6264 次操作

2024-01-01 02:37:43 开始操作号码 【1836183】
2024-01-01 02:37:46 GSD getOne 第 1 次 等待 3 秒
2024-01-01 02:37:49 查询号码 【1836183】，返回信息 {"status":"ok","msg":"江苏-泰州","gid":"37974","time_insert":"2017-03-16 05:45","time_update":"2020-08-26 12:10"}
2024-01-01 02:37:49 查询号码 【1836183】，GSD为【"江苏-泰州"】

2024-01-01 03:12:06 开始第 6265 次操作

2024-01-01 03:12:06 开始操作号码 【1836184】
2024-01-01 03:12:10 GSD getOne 第 1 次 等待 3 秒
2024-01-01 03:12:13 查询号码 【1836184】，返回信息 {"status":"ok","msg":"江苏-连云港","gid":"335298","time_insert":"2021-07-20 09:56"}
2024-01-01 03:12:13 查询号码 【1836184】，GSD为【"江苏-连云港"】

2024-01-01 03:12:14 开始第 6266 次操作

2024-01-01 03:12:14 开始操作号码 【1836185】
2024-01-01 03:12:17 GSD getOne 第 1 次 等待 3 秒
2024-01-01 03:12:20 查询号码 【1836185】，返回信息 {"status":"ok","msg":"江苏-盐城","gid":"335310","time_insert":"2021-07-20 09:56"}
2024-01-01 03:12:20 查询号码 【1836185】，GSD为【"江苏-盐城"】

2024-01-01 03:12:21 开始第 6267 次操作

2024-01-01 03:12:21 开始操作号码 【1836186】
2024-01-01 03:12:24 GSD getOne 第 1 次 等待 3 秒
2024-01-01 03:12:27 查询号码 【1836186】，返回信息 {"status":"ok","msg":"江苏-盐城","gid":"335320","time_insert":"2021-07-20 09:57"}
2024-01-01 03:12:27 查询号码 【1836186】，GSD为【"江苏-盐城"】

2024-01-01 03:12:28 开始第 6268 次操作

2024-01-01 03:12:28 开始操作号码 【1836187】
2024-01-01 03:12:32 GSD getOne 第 1 次 等待 3 秒
2024-01-01 03:12:35 查询号码 【1836187】，返回信息 {"status":"ok","msg":"江苏-淮安","gid":"335329","time_insert":"2021-07-20 09:58"}
2024-01-01 03:12:35 查询号码 【1836187】，GSD为【"江苏-淮安"】

2024-01-01 03:37:06 开始第 6269 次操作

2024-01-01 03:37:06 开始操作号码 【1836188】
2024-01-01 03:37:09 GSD getOne 第 1 次 等待 3 秒
2024-01-01 03:37:12 查询号码 【1836188】，返回信息 {"status":"ok","msg":"江苏-连云港","gid":"335340","time_insert":"2021-07-20 09:58"}
2024-01-01 03:37:12 查询号码 【1836188】，GSD为【"江苏-连云港"】

2024-01-01 03:37:13 开始第 6270 次操作

2024-01-01 03:37:13 开始操作号码 【1836189】
2024-01-01 03:37:15 GSD getOne 第 1 次 等待 3 秒
2024-01-01 03:37:18 查询号码 【1836189】，返回信息 {"status":"ok","msg":"江苏-宿迁","gid":"335350","time_insert":"2021-07-20 09:59"}
2024-01-01 03:37:19 查询号码 【1836189】，GSD为【"江苏-宿迁"】

2024-01-01 03:37:20 开始第 6271 次操作

2024-01-01 03:37:20 开始操作号码 【1836190】
2024-01-01 03:37:23 GSD getOne 第 1 次 等待 3 秒
2024-01-01 03:37:26 查询号码 【1836190】，返回信息 {"status":"ok","msg":"江苏-苏州","gid":"335359","time_insert":"2021-07-20 09:59"}
2024-01-01 03:37:26 查询号码 【1836190】，GSD为【"江苏-苏州"】

2024-01-01 03:37:27 开始第 6272 次操作

2024-01-01 03:37:27 开始操作号码 【1836191】
2024-01-01 03:37:30 GSD getOne 第 1 次 等待 3 秒
2024-01-01 03:37:33 查询号码 【1836191】，返回信息 {"status":"ok","msg":"江苏-苏州","gid":"335369","time_insert":"2021-07-20 10:00"}
2024-01-01 03:37:33 查询号码 【1836191】，GSD为【"江苏-苏州"】

