2024-08-06 00:22:38 开始第 9845 次操作

2024-08-06 00:22:38 开始操作号码 【1509754】
2024-08-06 00:22:46 GSD getOne 第 1 次 等待 3 秒
2024-08-06 00:22:49 查询号码 【1509754】，返回信息 {"status":"ok","msg":"河北-唐山","gid":"358770","time_insert":"2021-07-22 21:11"}
2024-08-06 00:22:49 查询号码 【1509754】，GSD为【"河北-唐山"】

2024-08-06 00:22:50 开始第 9846 次操作

2024-08-06 00:22:50 开始操作号码 【1509755】
2024-08-06 00:22:58 GSD getOne 第 1 次 等待 3 秒
2024-08-06 00:23:01 查询号码 【1509755】，返回信息 {"status":"ok","msg":"河北-唐山","gid":"358761","time_insert":"2021-07-22 21:11"}
2024-08-06 00:23:01 查询号码 【1509755】，GSD为【"河北-唐山"】

2024-08-06 00:23:02 开始第 9847 次操作

2024-08-06 00:23:02 开始操作号码 【1509756】
2024-08-06 00:23:11 GSD getOne 第 1 次 等待 3 秒
2024-08-06 00:23:14 查询号码 【1509756】，返回信息 {"status":"ok","msg":"河北-唐山","gid":"358752","time_insert":"2021-07-22 21:10"}
2024-08-06 00:23:14 查询号码 【1509756】，GSD为【"河北-唐山"】

2024-08-06 00:23:15 开始第 9848 次操作

2024-08-06 00:23:15 开始操作号码 【1509757】
2024-08-06 00:23:23 GSD getOne 第 1 次 等待 3 秒
2024-08-06 00:23:26 查询号码 【1509757】，返回信息 {"status":"ok","msg":"河北-唐山","gid":"52522","time_insert":"2021-04-26 10:43"}
2024-08-06 00:23:26 查询号码 【1509757】，GSD为【"河北-唐山"】

2024-08-06 00:41:35 开始第 9849 次操作

2024-08-06 00:41:35 开始操作号码 【1509758】
2024-08-06 00:41:48 GSD getOne 第 1 次 等待 3 秒
2024-08-06 00:41:51 查询号码 【1509758】，返回信息 {"status":"ok","msg":"河北-唐山","gid":"358740","time_insert":"2021-07-22 21:09"}
2024-08-06 00:41:51 查询号码 【1509758】，GSD为【"河北-唐山"】

2024-08-06 00:41:52 开始第 9850 次操作

2024-08-06 00:41:52 开始操作号码 【1509759】
2024-08-06 00:42:00 GSD getOne 第 1 次 等待 3 秒
2024-08-06 00:42:03 查询号码 【1509759】，返回信息 {"status":"ok","msg":"河北-唐山","gid":"358733","time_insert":"2021-07-22 21:08"}
2024-08-06 00:42:03 查询号码 【1509759】，GSD为【"河北-唐山"】

2024-08-06 00:42:04 开始第 9851 次操作

2024-08-06 00:42:04 开始操作号码 【1509760】
2024-08-06 00:42:17 GSD getOne 第 1 次 等待 3 秒
2024-08-06 00:42:20 查询号码 【1509760】，返回信息 {"status":"ok","msg":"河北-廊坊","gid":"358724","time_insert":"2021-07-22 21:08"}
2024-08-06 00:42:21 查询号码 【1509760】，GSD为【"河北-廊坊"】

2024-08-06 00:42:22 开始第 9852 次操作

2024-08-06 00:42:22 开始操作号码 【1509761】
2024-08-06 00:42:38 GSD getOne 第 1 次 等待 3 秒
2024-08-06 00:42:42 查询号码 【1509761】，返回信息 {"status":"ok","msg":"河北-廊坊","gid":"358719","time_insert":"2021-07-22 21:07"}
2024-08-06 00:42:42 查询号码 【1509761】，GSD为【"河北-廊坊"】

2024-08-06 01:18:09 开始第 9853 次操作

2024-08-06 01:18:09 开始操作号码 【1509762】
2024-08-06 01:18:18 GSD getOne 第 1 次 等待 3 秒
2024-08-06 01:18:21 查询号码 【1509762】，返回信息 {"status":"ok","msg":"河北-廊坊","gid":"358707","time_insert":"2021-07-22 21:06"}
2024-08-06 01:18:21 查询号码 【1509762】，GSD为【"河北-廊坊"】

2024-08-06 01:18:22 开始第 9854 次操作

2024-08-06 01:18:22 开始操作号码 【1509763】
2024-08-06 01:18:30 GSD getOne 第 1 次 等待 3 秒
2024-08-06 01:18:33 查询号码 【1509763】，返回信息 {"status":"ok","msg":"河北-廊坊","gid":"358701","time_insert":"2021-07-22 21:06"}
2024-08-06 01:18:33 查询号码 【1509763】，GSD为【"河北-廊坊"】

2024-08-06 01:18:34 开始第 9855 次操作

2024-08-06 01:18:34 开始操作号码 【1509764】
2024-08-06 01:18:42 GSD getOne 第 1 次 等待 3 秒
2024-08-06 01:18:45 查询号码 【1509764】，返回信息 {"status":"ok","msg":"河北-廊坊","gid":"358693","time_insert":"2021-07-22 21:05"}
2024-08-06 01:18:45 查询号码 【1509764】，GSD为【"河北-廊坊"】

2024-08-06 01:18:46 开始第 9856 次操作

2024-08-06 01:18:46 开始操作号码 【1509765】
2024-08-06 01:18:54 GSD getOne 第 1 次 等待 3 秒
2024-08-06 01:18:57 查询号码 【1509765】，返回信息 {"status":"ok","msg":"河北-邯郸","gid":"358684","time_insert":"2021-07-22 21:05"}
2024-08-06 01:18:57 查询号码 【1509765】，GSD为【"河北-邯郸"】

