2024-09-16 00:25:15 开始第 4757 次操作

2024-09-16 00:25:15 开始操作号码 【1394756】
2024-09-16 00:25:24 GSD getOne 第 1 次 等待 3 秒
2024-09-16 00:25:27 查询号码 【1394756】，返回信息 {"status":"ok","msg":"内蒙古-通辽","gid":"249978","time_insert":"2021-07-11 18:02"}
2024-09-16 00:25:27 查询号码 【1394756】，GSD为【"内蒙古-通辽"】

2024-09-16 00:25:28 开始第 4758 次操作

2024-09-16 00:25:28 开始操作号码 【1394757】
2024-09-16 00:25:36 GSD getOne 第 1 次 等待 3 秒
2024-09-16 00:25:39 查询号码 【1394757】，返回信息 {"status":"ok","msg":"内蒙古-通辽","gid":"250000","time_insert":"2021-07-11 18:13"}
2024-09-16 00:25:39 查询号码 【1394757】，GSD为【"内蒙古-通辽"】

2024-09-16 00:25:40 开始第 4759 次操作

2024-09-16 00:25:40 开始操作号码 【1394758】
2024-09-16 00:25:49 GSD getOne 第 1 次 等待 3 秒
2024-09-16 00:25:52 查询号码 【1394758】，返回信息 {"status":"ok","msg":"内蒙古-通辽","gid":"250024","time_insert":"2021-07-11 18:27"}
2024-09-16 00:25:52 查询号码 【1394758】，GSD为【"内蒙古-通辽"】

2024-09-16 00:25:53 开始第 4760 次操作

2024-09-16 00:25:53 开始操作号码 【1394759】
2024-09-16 00:26:00 GSD getOne 第 1 次 等待 3 秒
2024-09-16 00:26:03 查询号码 【1394759】，返回信息 {"status":"ok","msg":"内蒙古-通辽","gid":"250052","time_insert":"2021-07-11 18:38"}
2024-09-16 00:26:03 查询号码 【1394759】，GSD为【"内蒙古-通辽"】

