2024-01-22 00:20:15 开始第 9953 次操作

2024-01-22 00:20:15 开始操作号码 【1839872】
2024-01-22 00:20:19 GSD getOne 第 1 次 等待 3 秒
2024-01-22 00:20:22 查询号码 【1839872】，返回信息 {"status":"ok","msg":"四川-自贡","gid":"39100","time_insert":"2018-11-17 08:46","time_update":"2020-11-10 01:03"}
2024-01-22 00:20:22 查询号码 【1839872】，GSD为【"四川-自贡"】

2024-01-22 00:20:23 开始第 9954 次操作

2024-01-22 00:20:23 开始操作号码 【1839873】
2024-01-22 00:20:27 GSD getOne 第 1 次 等待 3 秒
2024-01-22 00:20:30 查询号码 【1839873】，返回信息 {"status":"ok","msg":"四川-自贡","gid":"39101","time_insert":"2018-09-10 23:33","time_update":"2020-11-10 01:08"}
2024-01-22 00:20:30 查询号码 【1839873】，GSD为【"四川-自贡"】

2024-01-22 00:20:31 开始第 9955 次操作

2024-01-22 00:20:31 开始操作号码 【1839874】
2024-01-22 00:20:35 GSD getOne 第 1 次 等待 3 秒
2024-01-22 00:20:38 查询号码 【1839874】，返回信息 {"status":"ok","msg":"四川-自贡","gid":"39102","time_insert":"2015-03-27 20:34","time_update":"2020-11-10 01:11"}
2024-01-22 00:20:38 查询号码 【1839874】，GSD为【"四川-自贡"】

2024-01-22 00:20:39 开始第 9956 次操作

2024-01-22 00:20:39 开始操作号码 【1839875】
2024-01-22 00:20:43 GSD getOne 第 1 次 等待 3 秒
2024-01-22 00:20:46 查询号码 【1839875】，返回信息 {"status":"ok","msg":"四川-广元","gid":"39103","time_insert":"2020-04-16 11:23","time_update":"2020-11-10 01:15"}
2024-01-22 00:20:46 查询号码 【1839875】，GSD为【"四川-广元"】

