2023-11-06 00:19:02 开始第 6985 次操作

2023-11-06 00:19:02 开始操作号码 【1936903】
2023-11-06 00:19:06 GSD getOne 第 1 次 等待 3 秒
2023-11-06 00:19:09 查询号码 【1936903】，返回信息 {"status":"ok","msg":"-","gid":"472353","time_insert":"2021-08-01 22:40"}
2023-11-06 00:19:09 查询号码 【1936903】，GSD为【"-"】
2023-11-06 00:19:09 ok && -
2023-11-06 00:19:11 CHB 1936903?1699201149 第 1 次 等待 3 秒
2023-11-06 00:19:14 CHB 1936903?1699201149 第 1 次 获取到号码【1936903】GSD
2023-11-06 00:19:14 未获取到号码【1936903】GSD，可能号码格式错误
2023-11-06 00:19:14 获取到号码【1936903】的GSD为【-】
2023-11-06 00:19:18 GSD insert 第 1 次 等待 3 秒
2023-11-06 00:19:21 {"status":"bad","gid":"472353","msg":"添加失败！号码【1936903(-|-)】已存在！"}
2023-11-06 00:19:21 随机等待 169 秒，约 2 分钟
2023-11-06 00:19:21 下次操作: 2023-11-06 00:22:10

2023-11-06 00:22:10 开始第 6986 次操作

2023-11-06 00:22:10 开始操作号码 【1936904】
2023-11-06 00:22:16 GSD getOne 第 1 次 等待 3 秒
2023-11-06 00:22:19 查询号码 【1936904】，返回信息 {"status":"ok","msg":"-","gid":"472341","time_insert":"2021-08-01 22:39"}
2023-11-06 00:22:19 查询号码 【1936904】，GSD为【"-"】
2023-11-06 00:22:19 ok && -
2023-11-06 00:22:23 CHB 1936904?1699201339 第 1 次 等待 3 秒
2023-11-06 00:22:26 CHB 1936904?1699201339 第 1 次 获取到号码【1936904】GSD
2023-11-06 00:22:26 未获取到号码【1936904】GSD，可能号码格式错误
2023-11-06 00:22:26 获取到号码【1936904】的GSD为【-】
2023-11-06 00:22:30 GSD insert 第 1 次 等待 3 秒
2023-11-06 00:22:33 {"status":"bad","gid":"472341","msg":"添加失败！号码【1936904(-|-)】已存在！"}
2023-11-06 00:22:33 随机等待 179 秒，约 2 分钟
2023-11-06 00:22:33 下次操作: 2023-11-06 00:25:32

2023-11-06 00:25:32 开始第 6987 次操作

2023-11-06 00:25:32 开始操作号码 【1936905】
2023-11-06 00:25:36 GSD getOne 第 1 次 等待 3 秒
2023-11-06 00:25:39 查询号码 【1936905】，返回信息 {"status":"ok","msg":"-","gid":"472063","time_insert":"2021-08-01 21:52"}
2023-11-06 00:25:39 查询号码 【1936905】，GSD为【"-"】
2023-11-06 00:25:39 ok && -
2023-11-06 00:25:41 CHB 1936905?1699201539 第 1 次 等待 3 秒
2023-11-06 00:25:44 CHB 1936905?1699201539 第 1 次 获取到号码【1936905】GSD
2023-11-06 00:25:44 未获取到号码【1936905】GSD，可能号码格式错误
2023-11-06 00:25:44 获取到号码【1936905】的GSD为【-】
2023-11-06 00:25:54 GSD insert 第 1 次 等待 3 秒
2023-11-06 00:25:57 {"status":"bad","gid":"472063","msg":"添加失败！号码【1936905(-|-)】已存在！"}
2023-11-06 00:25:57 随机等待 148 秒，约 2 分钟
2023-11-06 00:25:57 下次操作: 2023-11-06 00:28:25

2023-11-06 00:28:25 开始第 6988 次操作

2023-11-06 00:28:25 开始操作号码 【1936906】
2023-11-06 00:28:31 GSD getOne 第 1 次 等待 3 秒
2023-11-06 00:28:34 查询号码 【1936906】，返回信息 {"status":"ok","msg":"-","gid":"472055","time_insert":"2021-08-01 21:51"}
2023-11-06 00:28:34 查询号码 【1936906】，GSD为【"-"】
2023-11-06 00:28:34 ok && -
2023-11-06 00:28:36 CHB 1936906?1699201714 第 1 次 等待 3 秒
2023-11-06 00:28:39 CHB 1936906?1699201714 第 1 次 获取到号码【1936906】GSD
2023-11-06 00:28:39 未获取到号码【1936906】GSD，可能号码格式错误
2023-11-06 00:28:39 获取到号码【1936906】的GSD为【-】
2023-11-06 00:28:42 GSD insert 第 1 次 等待 3 秒
2023-11-06 00:28:45 {"status":"bad","gid":"472055","msg":"添加失败！号码【1936906(-|-)】已存在！"}

