2024-02-08 00:21:05 开始第 2477 次操作

2024-02-08 00:21:05 开始操作号码 【1722396】
2024-02-08 00:21:10 GSD getOne 第 1 次 等待 3 秒
2024-02-08 00:21:13 查询号码 【1722396】，返回信息 {"status":"ok","msg":"广东-广州","gid":"264228","time_insert":"2021-07-13 09:59"}
2024-02-08 00:21:13 查询号码 【1722396】，GSD为【"广东-广州"】

2024-02-08 00:21:14 开始第 2478 次操作

2024-02-08 00:21:14 开始操作号码 【1722397】
2024-02-08 00:21:19 GSD getOne 第 1 次 等待 3 秒
2024-02-08 00:21:22 查询号码 【1722397】，返回信息 {"status":"ok","msg":"广东-广州","gid":"264232","time_insert":"2021-07-13 09:59"}
2024-02-08 00:21:22 查询号码 【1722397】，GSD为【"广东-广州"】

2024-02-08 00:21:23 开始第 2479 次操作

2024-02-08 00:21:23 开始操作号码 【1722398】
2024-02-08 00:21:28 GSD getOne 第 1 次 等待 3 秒
2024-02-08 00:21:31 查询号码 【1722398】，返回信息 {"status":"ok","msg":"广东-广州","gid":"264235","time_insert":"2021-07-13 10:00"}
2024-02-08 00:21:31 查询号码 【1722398】，GSD为【"广东-广州"】

2024-02-08 00:21:32 开始第 2480 次操作

2024-02-08 00:21:32 开始操作号码 【1722399】
2024-02-08 00:21:36 GSD getOne 第 1 次 等待 3 秒
2024-02-08 00:21:39 查询号码 【1722399】，返回信息 {"status":"ok","msg":"广东-广州","gid":"264333","time_insert":"2021-07-13 10:45"}
2024-02-08 00:21:40 查询号码 【1722399】，GSD为【"广东-广州"】

