2024-07-29 00:22:40 开始第 8437 次操作

2024-07-29 00:22:40 开始操作号码 【1508346】
2024-07-29 00:22:51 GSD getOne 第 1 次 等待 3 秒
2024-07-29 00:22:54 查询号码 【1508346】，返回信息 {"status":"ok","msg":"河南-信阳","gid":"369408","time_insert":"2021-07-23 19:52"}
2024-07-29 00:22:54 查询号码 【1508346】，GSD为【"河南-信阳"】

2024-07-29 00:22:55 开始第 8438 次操作

2024-07-29 00:22:55 开始操作号码 【1508347】
2024-07-29 00:23:03 GSD getOne 第 1 次 等待 3 秒
2024-07-29 00:23:06 查询号码 【1508347】，返回信息 {"status":"ok","msg":"河南-信阳","gid":"16081","time_insert":"2017-07-31 20:24","time_update":"2020-09-12 21:28"}
2024-07-29 00:23:06 查询号码 【1508347】，GSD为【"河南-信阳"】

2024-07-29 00:23:07 开始第 8439 次操作

2024-07-29 00:23:07 开始操作号码 【1508348】
2024-07-29 00:23:15 GSD getOne 第 1 次 等待 3 秒
2024-07-29 00:23:18 查询号码 【1508348】，返回信息 {"status":"ok","msg":"河南-信阳","gid":"369388","time_insert":"2021-07-23 19:51"}
2024-07-29 00:23:18 查询号码 【1508348】，GSD为【"河南-信阳"】

2024-07-29 00:23:19 开始第 8440 次操作

2024-07-29 00:23:19 开始操作号码 【1508349】
2024-07-29 00:23:29 GSD getOne 第 1 次 等待 3 秒
2024-07-29 00:23:32 查询号码 【1508349】，返回信息 {"status":"ok","msg":"河南-信阳","gid":"369376","time_insert":"2021-07-23 19:50"}
2024-07-29 00:23:32 查询号码 【1508349】，GSD为【"河南-信阳"】

2024-07-29 00:41:07 开始第 8441 次操作

2024-07-29 00:41:07 开始操作号码 【1508350】
2024-07-29 00:41:16 GSD getOne 第 1 次 等待 3 秒
2024-07-29 00:41:19 查询号码 【1508350】，返回信息 {"status":"ok","msg":"江西-南昌","gid":"16082","time_insert":"2019-03-22 09:34","time_update":"2020-09-07 22:47"}
2024-07-29 00:41:19 查询号码 【1508350】，GSD为【"江西-南昌"】

2024-07-29 00:41:20 开始第 8442 次操作

2024-07-29 00:41:20 开始操作号码 【1508351】
2024-07-29 00:41:28 GSD getOne 第 1 次 等待 3 秒
2024-07-29 00:41:31 查询号码 【1508351】，返回信息 {"status":"ok","msg":"江西-南昌","gid":"369358","time_insert":"2021-07-23 19:49"}
2024-07-29 00:41:31 查询号码 【1508351】，GSD为【"江西-南昌"】

2024-07-29 00:41:32 开始第 8443 次操作

2024-07-29 00:41:32 开始操作号码 【1508352】
2024-07-29 00:41:41 GSD getOne 第 1 次 等待 3 秒
2024-07-29 00:41:44 查询号码 【1508352】，返回信息 {"status":"ok","msg":"江西-南昌","gid":"369346","time_insert":"2021-07-23 19:48"}
2024-07-29 00:41:44 查询号码 【1508352】，GSD为【"江西-南昌"】

2024-07-29 00:41:45 开始第 8444 次操作

2024-07-29 00:41:45 开始操作号码 【1508353】
2024-07-29 00:41:55 GSD getOne 第 1 次 等待 3 秒
2024-07-29 00:41:58 查询号码 【1508353】，返回信息 {"status":"ok","msg":"江西-南昌","gid":"369333","time_insert":"2021-07-23 19:47"}
2024-07-29 00:41:58 查询号码 【1508353】，GSD为【"江西-南昌"】

2024-07-29 01:15:15 开始第 8445 次操作

2024-07-29 01:15:15 开始操作号码 【1508354】
2024-07-29 01:15:23 GSD getOne 第 1 次 等待 3 秒
2024-07-29 01:15:26 查询号码 【1508354】，返回信息 {"status":"ok","msg":"江西-南昌","gid":"369318","time_insert":"2021-07-23 19:46"}
2024-07-29 01:15:26 查询号码 【1508354】，GSD为【"江西-南昌"】

2024-07-29 01:15:27 开始第 8446 次操作

2024-07-29 01:15:27 开始操作号码 【1508355】
2024-07-29 01:15:35 GSD getOne 第 1 次 等待 3 秒
2024-07-29 01:15:38 查询号码 【1508355】，返回信息 {"status":"ok","msg":"江西-南昌","gid":"369307","time_insert":"2021-07-23 19:45"}
2024-07-29 01:15:38 查询号码 【1508355】，GSD为【"江西-南昌"】

2024-07-29 01:15:39 开始第 8447 次操作

2024-07-29 01:15:39 开始操作号码 【1508356】
2024-07-29 01:15:48 GSD getOne 第 1 次 等待 3 秒
2024-07-29 01:15:51 查询号码 【1508356】，返回信息 {"status":"ok","msg":"江西-赣州","gid":"369296","time_insert":"2021-07-23 19:44"}
2024-07-29 01:15:51 查询号码 【1508356】，GSD为【"江西-赣州"】

2024-07-29 01:15:52 开始第 8448 次操作

2024-07-29 01:15:52 开始操作号码 【1508357】
2024-07-29 01:16:00 GSD getOne 第 1 次 等待 3 秒
2024-07-29 01:16:03 查询号码 【1508357】，返回信息 {"status":"ok","msg":"江西-赣州","gid":"369283","time_insert":"2021-07-23 19:43"}
2024-07-29 01:16:03 查询号码 【1508357】，GSD为【"江西-赣州"】

2024-07-29 01:37:23 开始第 8449 次操作

2024-07-29 01:37:23 开始操作号码 【1508358】
2024-07-29 01:37:31 GSD getOne 第 1 次 等待 3 秒
2024-07-29 01:37:34 查询号码 【1508358】，返回信息 {"status":"ok","msg":"江西-赣州","gid":"369268","time_insert":"2021-07-23 19:42"}
2024-07-29 01:37:34 查询号码 【1508358】，GSD为【"江西-赣州"】

2024-07-29 01:37:35 开始第 8450 次操作

2024-07-29 01:37:35 开始操作号码 【1508359】
2024-07-29 01:37:43 GSD getOne 第 1 次 等待 3 秒
2024-07-29 01:37:46 查询号码 【1508359】，返回信息 {"status":"ok","msg":"江西-赣州","gid":"369248","time_insert":"2021-07-23 19:41"}
2024-07-29 01:37:46 查询号码 【1508359】，GSD为【"江西-赣州"】

2024-07-29 01:37:47 开始第 8451 次操作

2024-07-29 01:37:47 开始操作号码 【1508360】
2024-07-29 01:37:55 GSD getOne 第 1 次 等待 3 秒
2024-07-29 01:37:58 查询号码 【1508360】，返回信息 {"status":"ok","msg":"江西-新余","gid":"369233","time_insert":"2021-07-23 19:40"}
2024-07-29 01:37:58 查询号码 【1508360】，GSD为【"江西-新余"】

2024-07-29 01:37:59 开始第 8452 次操作

2024-07-29 01:37:59 开始操作号码 【1508361】
2024-07-29 01:38:07 GSD getOne 第 1 次 等待 3 秒
2024-07-29 01:38:10 查询号码 【1508361】，返回信息 {"status":"ok","msg":"江西-新余","gid":"369222","time_insert":"2021-07-23 19:39"}
2024-07-29 01:38:10 查询号码 【1508361】，GSD为【"江西-新余"】

2024-07-29 02:24:12 开始第 8453 次操作

2024-07-29 02:24:12 开始操作号码 【1508362】
2024-07-29 02:24:20 GSD getOne 第 1 次 等待 3 秒
2024-07-29 02:24:23 查询号码 【1508362】，返回信息 {"status":"ok","msg":"江西-新余","gid":"369213","time_insert":"2021-07-23 19:38"}
2024-07-29 02:24:23 查询号码 【1508362】，GSD为【"江西-新余"】

2024-07-29 02:24:24 开始第 8454 次操作

2024-07-29 02:24:24 开始操作号码 【1508363】
2024-07-29 02:24:31 GSD getOne 第 1 次 等待 3 秒
2024-07-29 02:24:34 查询号码 【1508363】，返回信息 {"status":"ok","msg":"江西-新余","gid":"369201","time_insert":"2021-07-23 19:37"}
2024-07-29 02:24:34 查询号码 【1508363】，GSD为【"江西-新余"】

2024-07-29 02:24:35 开始第 8455 次操作

2024-07-29 02:24:35 开始操作号码 【1508364】
2024-07-29 02:24:44 GSD getOne 第 1 次 等待 3 秒
2024-07-29 02:24:47 查询号码 【1508364】，返回信息 {"status":"ok","msg":"江西-新余","gid":"369192","time_insert":"2021-07-23 19:36"}
2024-07-29 02:24:47 查询号码 【1508364】，GSD为【"江西-新余"】

2024-07-29 02:24:48 开始第 8456 次操作

2024-07-29 02:24:48 开始操作号码 【1508365】
2024-07-29 02:24:56 GSD getOne 第 1 次 等待 3 秒
2024-07-29 02:24:59 查询号码 【1508365】，返回信息 {"status":"ok","msg":"江西-鹰潭","gid":"369186","time_insert":"2021-07-23 19:35"}
2024-07-29 02:24:59 查询号码 【1508365】，GSD为【"江西-鹰潭"】

