2024-11-06 00:09:01 开始第 3425 次操作

2024-11-06 00:09:01 开始操作号码 【1313424】
2024-11-06 00:09:02 GSD getOne 第 1 次 等待 3 秒
2024-11-06 00:09:05 查询号码 【1313424】，返回信息 {"status":"ok","msg":"辽宁-沈阳","gid":"117115","time_insert":"2021-06-23 08:11"}
2024-11-06 00:09:05 查询号码 【1313424】，GSD为【"辽宁-沈阳"】

2024-11-06 00:09:06 开始第 3426 次操作

2024-11-06 00:09:06 开始操作号码 【1313425】
2024-11-06 00:09:08 GSD getOne 第 1 次 等待 3 秒
2024-11-06 00:09:11 查询号码 【1313425】，返回信息 {"status":"ok","msg":"辽宁-鞍山","gid":"117160","time_insert":"2021-06-23 08:27"}
2024-11-06 00:09:11 查询号码 【1313425】，GSD为【"辽宁-鞍山"】

2024-11-06 00:09:12 开始第 3427 次操作

2024-11-06 00:09:12 开始操作号码 【1313426】
2024-11-06 00:09:13 GSD getOne 第 1 次 等待 3 秒
2024-11-06 00:09:16 查询号码 【1313426】，返回信息 {"status":"ok","msg":"辽宁-大连","gid":"117190","time_insert":"2021-06-23 08:48"}
2024-11-06 00:09:16 查询号码 【1313426】，GSD为【"辽宁-大连"】

2024-11-06 00:09:17 开始第 3428 次操作

2024-11-06 00:09:17 开始操作号码 【1313427】
2024-11-06 00:09:18 GSD getOne 第 1 次 等待 3 秒
2024-11-06 00:09:21 查询号码 【1313427】，返回信息 {"status":"ok","msg":"辽宁-盘锦","gid":"117223","time_insert":"2021-06-23 09:10"}
2024-11-06 00:09:21 查询号码 【1313427】，GSD为【"辽宁-盘锦"】

2024-11-06 00:40:07 开始第 3429 次操作

2024-11-06 00:40:07 开始操作号码 【1313428】
2024-11-06 00:40:08 GSD getOne 第 1 次 等待 3 秒
2024-11-06 00:40:11 查询号码 【1313428】，返回信息 {"status":"ok","msg":"辽宁-大连","gid":"117249","time_insert":"2021-06-23 09:28"}
2024-11-06 00:40:11 查询号码 【1313428】，GSD为【"辽宁-大连"】

2024-11-06 00:40:12 开始第 3430 次操作

2024-11-06 00:40:12 开始操作号码 【1313429】
2024-11-06 00:40:13 GSD getOne 第 1 次 等待 3 秒
2024-11-06 00:40:16 查询号码 【1313429】，返回信息 {"status":"ok","msg":"辽宁-葫芦岛","gid":"117277","time_insert":"2021-06-23 09:47"}
2024-11-06 00:40:16 查询号码 【1313429】，GSD为【"辽宁-葫芦岛"】

2024-11-06 00:40:17 开始第 3431 次操作

2024-11-06 00:40:17 开始操作号码 【1313430】
2024-11-06 00:40:18 GSD getOne 第 1 次 等待 3 秒
2024-11-06 00:40:21 查询号码 【1313430】，返回信息 {"status":"ok","msg":"吉林-长春","gid":"117300","time_insert":"2021-06-23 10:07"}
2024-11-06 00:40:21 查询号码 【1313430】，GSD为【"吉林-长春"】

2024-11-06 00:40:22 开始第 3432 次操作

2024-11-06 00:40:22 开始操作号码 【1313431】
2024-11-06 00:40:23 GSD getOne 第 1 次 等待 3 秒
2024-11-06 00:40:26 查询号码 【1313431】，返回信息 {"status":"ok","msg":"吉林-长春","gid":"117352","time_insert":"2021-06-23 10:23"}
2024-11-06 00:40:26 查询号码 【1313431】，GSD为【"吉林-长春"】

2024-11-06 01:02:32 开始第 3433 次操作

2024-11-06 01:02:32 开始操作号码 【1313432】
2024-11-06 01:02:34 GSD getOne 第 1 次 等待 3 秒
2024-11-06 01:02:37 查询号码 【1313432】，返回信息 {"status":"ok","msg":"吉林-吉林","gid":"117447","time_insert":"2021-06-23 10:40"}
2024-11-06 01:02:37 查询号码 【1313432】，GSD为【"吉林-吉林"】

2024-11-06 01:02:38 开始第 3434 次操作

2024-11-06 01:02:38 开始操作号码 【1313433】
2024-11-06 01:02:39 GSD getOne 第 1 次 等待 3 秒
2024-11-06 01:02:42 查询号码 【1313433】，返回信息 {"status":"ok","msg":"吉林-延边","gid":"117550","time_insert":"2021-06-23 11:03"}
2024-11-06 01:02:42 查询号码 【1313433】，GSD为【"吉林-延边"】

2024-11-06 01:02:43 开始第 3435 次操作

2024-11-06 01:02:43 开始操作号码 【1313434】
2024-11-06 01:02:44 GSD getOne 第 1 次 等待 3 秒
2024-11-06 01:02:47 查询号码 【1313434】，返回信息 {"status":"ok","msg":"吉林-四平","gid":"117625","time_insert":"2021-06-23 11:24"}
2024-11-06 01:02:47 查询号码 【1313434】，GSD为【"吉林-四平"】

2024-11-06 01:02:48 开始第 3436 次操作

2024-11-06 01:02:48 开始操作号码 【1313435】
2024-11-06 01:02:49 GSD getOne 第 1 次 等待 3 秒
2024-11-06 01:02:52 查询号码 【1313435】，返回信息 {"status":"ok","msg":"吉林-通化","gid":"117648","time_insert":"2021-06-23 11:39","time_update":"2021-06-23 11:49"}
2024-11-06 01:02:52 查询号码 【1313435】，GSD为【"吉林-通化"】

2024-11-06 01:35:16 开始第 3437 次操作

2024-11-06 01:35:16 开始操作号码 【1313436】
2024-11-06 01:35:17 GSD getOne 第 1 次 等待 3 秒
2024-11-06 01:35:20 查询号码 【1313436】，返回信息 {"status":"ok","msg":"吉林-白城","gid":"117717","time_insert":"2021-06-23 12:01"}
2024-11-06 01:35:20 查询号码 【1313436】，GSD为【"吉林-白城"】

2024-11-06 01:35:21 开始第 3438 次操作

2024-11-06 01:35:21 开始操作号码 【1313437】
2024-11-06 01:35:22 GSD getOne 第 1 次 等待 3 秒
2024-11-06 01:35:25 查询号码 【1313437】，返回信息 {"status":"ok","msg":"吉林-辽源","gid":"117817","time_insert":"2021-06-23 12:20"}
2024-11-06 01:35:25 查询号码 【1313437】，GSD为【"吉林-辽源"】

2024-11-06 01:35:26 开始第 3439 次操作

2024-11-06 01:35:26 开始操作号码 【1313438】
2024-11-06 01:35:27 GSD getOne 第 1 次 等待 3 秒
2024-11-06 01:35:30 查询号码 【1313438】，返回信息 {"status":"ok","msg":"吉林-松原","gid":"117849","time_insert":"2021-06-23 12:43"}
2024-11-06 01:35:30 查询号码 【1313438】，GSD为【"吉林-松原"】

2024-11-06 01:35:31 开始第 3440 次操作

2024-11-06 01:35:31 开始操作号码 【1313439】
2024-11-06 01:35:32 GSD getOne 第 1 次 等待 3 秒
2024-11-06 01:35:35 查询号码 【1313439】，返回信息 {"status":"ok","msg":"吉林-白山","gid":"117933","time_insert":"2021-06-23 13:07"}
2024-11-06 01:35:35 查询号码 【1313439】，GSD为【"吉林-白山"】

2024-11-06 02:09:21 开始第 3441 次操作

2024-11-06 02:09:21 开始操作号码 【1313440】
2024-11-06 02:09:22 GSD getOne 第 1 次 等待 3 秒
2024-11-06 02:09:25 查询号码 【1313440】，返回信息 {"status":"ok","msg":"吉林-吉林","gid":"118035","time_insert":"2021-06-23 13:30"}
2024-11-06 02:09:25 查询号码 【1313440】，GSD为【"吉林-吉林"】

2024-11-06 02:09:26 开始第 3442 次操作

2024-11-06 02:09:26 开始操作号码 【1313441】
2024-11-06 02:09:27 GSD getOne 第 1 次 等待 3 秒
2024-11-06 02:09:30 查询号码 【1313441】，返回信息 {"status":"ok","msg":"吉林-吉林","gid":"118141","time_insert":"2021-06-23 13:51"}
2024-11-06 02:09:30 查询号码 【1313441】，GSD为【"吉林-吉林"】

2024-11-06 02:09:31 开始第 3443 次操作

2024-11-06 02:09:31 开始操作号码 【1313442】
2024-11-06 02:09:32 GSD getOne 第 1 次 等待 3 秒
2024-11-06 02:09:35 查询号码 【1313442】，返回信息 {"status":"ok","msg":"吉林-吉林","gid":"118212","time_insert":"2021-06-23 14:13"}
2024-11-06 02:09:35 查询号码 【1313442】，GSD为【"吉林-吉林"】

2024-11-06 02:09:36 开始第 3444 次操作

2024-11-06 02:09:36 开始操作号码 【1313443】
2024-11-06 02:09:37 GSD getOne 第 1 次 等待 3 秒
2024-11-06 02:09:40 查询号码 【1313443】，返回信息 {"status":"ok","msg":"吉林-长春","gid":"118240","time_insert":"2021-06-23 14:34"}
2024-11-06 02:09:40 查询号码 【1313443】，GSD为【"吉林-长春"】

2024-11-06 02:39:57 开始第 3445 次操作

2024-11-06 02:39:57 开始操作号码 【1313444】
2024-11-06 02:39:59 GSD getOne 第 1 次 等待 3 秒
2024-11-06 02:40:02 查询号码 【1313444】，返回信息 {"status":"ok","msg":"吉林-吉林","gid":"118268","time_insert":"2021-06-23 14:56"}
2024-11-06 02:40:02 查询号码 【1313444】，GSD为【"吉林-吉林"】

2024-11-06 02:40:03 开始第 3446 次操作

2024-11-06 02:40:03 开始操作号码 【1313445】
2024-11-06 02:40:04 GSD getOne 第 1 次 等待 3 秒
2024-11-06 02:40:07 查询号码 【1313445】，返回信息 {"status":"ok","msg":"吉林-长春","gid":"118303","time_insert":"2021-06-23 15:16"}
2024-11-06 02:40:07 查询号码 【1313445】，GSD为【"吉林-长春"】

2024-11-06 02:40:08 开始第 3447 次操作

2024-11-06 02:40:08 开始操作号码 【1313446】
2024-11-06 02:40:09 GSD getOne 第 1 次 等待 3 秒
2024-11-06 02:40:12 查询号码 【1313446】，返回信息 {"status":"ok","msg":"吉林-长春","gid":"118438","time_insert":"2021-06-23 15:37"}
2024-11-06 02:40:12 查询号码 【1313446】，GSD为【"吉林-长春"】

2024-11-06 02:40:13 开始第 3448 次操作

2024-11-06 02:40:13 开始操作号码 【1313447】
2024-11-06 02:40:14 GSD getOne 第 1 次 等待 3 秒
2024-11-06 02:40:17 查询号码 【1313447】，返回信息 {"status":"ok","msg":"吉林-长春","gid":"118557","time_insert":"2021-06-23 15:56"}
2024-11-06 02:40:17 查询号码 【1313447】，GSD为【"吉林-长春"】

2024-11-06 03:00:43 开始第 3449 次操作

2024-11-06 03:00:43 开始操作号码 【1313448】
2024-11-06 03:00:44 GSD getOne 第 1 次 等待 3 秒
2024-11-06 03:00:47 查询号码 【1313448】，返回信息 {"status":"ok","msg":"吉林-长春","gid":"118607","time_insert":"2021-06-23 16:13"}
2024-11-06 03:00:47 查询号码 【1313448】，GSD为【"吉林-长春"】

2024-11-06 03:00:48 开始第 3450 次操作

2024-11-06 03:00:48 开始操作号码 【1313449】
2024-11-06 03:00:49 GSD getOne 第 1 次 等待 3 秒
2024-11-06 03:00:52 查询号码 【1313449】，返回信息 {"status":"ok","msg":"吉林-长春","gid":"118643","time_insert":"2021-06-23 16:30"}
2024-11-06 03:00:52 查询号码 【1313449】，GSD为【"吉林-长春"】

2024-11-06 03:00:53 开始第 3451 次操作

2024-11-06 03:00:53 开始操作号码 【1313450】
2024-11-06 03:00:54 GSD getOne 第 1 次 等待 3 秒
2024-11-06 03:00:57 查询号码 【1313450】，返回信息 {"status":"ok","msg":"黑龙江-哈尔滨","gid":"118664","time_insert":"2021-06-23 16:45"}
2024-11-06 03:00:57 查询号码 【1313450】，GSD为【"黑龙江-哈尔滨"】

2024-11-06 03:00:58 开始第 3452 次操作

2024-11-06 03:00:58 开始操作号码 【1313451】
2024-11-06 03:00:59 GSD getOne 第 1 次 等待 3 秒
2024-11-06 03:01:02 查询号码 【1313451】，返回信息 {"status":"ok","msg":"黑龙江-哈尔滨","gid":"118810","time_insert":"2021-06-23 17:05"}
2024-11-06 03:01:02 查询号码 【1313451】，GSD为【"黑龙江-哈尔滨"】

2024-11-06 03:30:57 开始第 3453 次操作

2024-11-06 03:30:57 开始操作号码 【1313452】
2024-11-06 03:30:58 GSD getOne 第 1 次 等待 3 秒
2024-11-06 03:31:01 查询号码 【1313452】，返回信息 {"status":"ok","msg":"黑龙江-齐齐哈尔","gid":"118831","time_insert":"2021-06-23 17:21"}
2024-11-06 03:31:01 查询号码 【1313452】，GSD为【"黑龙江-齐齐哈尔"】

2024-11-06 03:31:02 开始第 3454 次操作

2024-11-06 03:31:02 开始操作号码 【1313453】
2024-11-06 03:31:03 GSD getOne 第 1 次 等待 3 秒
2024-11-06 03:31:06 查询号码 【1313453】，返回信息 {"status":"ok","msg":"黑龙江-牡丹江","gid":"118855","time_insert":"2021-06-23 17:41"}
2024-11-06 03:31:06 查询号码 【1313453】，GSD为【"黑龙江-牡丹江"】

2024-11-06 03:31:07 开始第 3455 次操作

2024-11-06 03:31:07 开始操作号码 【1313454】
2024-11-06 03:31:08 GSD getOne 第 1 次 等待 3 秒
2024-11-06 03:31:11 查询号码 【1313454】，返回信息 {"status":"ok","msg":"黑龙江-佳木斯","gid":"118918","time_insert":"2021-06-23 18:00"}
2024-11-06 03:31:11 查询号码 【1313454】，GSD为【"黑龙江-佳木斯"】

2024-11-06 03:31:12 开始第 3456 次操作

2024-11-06 03:31:12 开始操作号码 【1313455】
2024-11-06 03:31:13 GSD getOne 第 1 次 等待 3 秒
2024-11-06 03:31:16 查询号码 【1313455】，返回信息 {"status":"ok","msg":"黑龙江-绥化","gid":"119018","time_insert":"2021-06-23 18:18"}
2024-11-06 03:31:16 查询号码 【1313455】，GSD为【"黑龙江-绥化"】

2024-11-06 04:07:51 开始第 3457 次操作

2024-11-06 04:07:51 开始操作号码 【1313456】
2024-11-06 04:07:52 GSD getOne 第 1 次 等待 3 秒
2024-11-06 04:07:55 查询号码 【1313456】，返回信息 {"status":"ok","msg":"黑龙江-黑河","gid":"119050","time_insert":"2021-06-23 18:41"}
2024-11-06 04:07:55 查询号码 【1313456】，GSD为【"黑龙江-黑河"】

2024-11-06 04:07:56 开始第 3458 次操作

2024-11-06 04:07:56 开始操作号码 【1313457】
2024-11-06 04:07:57 GSD getOne 第 1 次 等待 3 秒
2024-11-06 04:08:00 查询号码 【1313457】，返回信息 {"status":"ok","msg":"黑龙江-大兴安岭","gid":"119094","time_insert":"2021-06-23 18:58"}
2024-11-06 04:08:00 查询号码 【1313457】，GSD为【"黑龙江-大兴安岭"】

2024-11-06 04:08:01 开始第 3459 次操作

2024-11-06 04:08:01 开始操作号码 【1313458】
2024-11-06 04:08:02 GSD getOne 第 1 次 等待 3 秒
2024-11-06 04:08:05 查询号码 【1313458】，返回信息 {"status":"ok","msg":"黑龙江-伊春","gid":"119213","time_insert":"2021-06-23 19:19"}
2024-11-06 04:08:05 查询号码 【1313458】，GSD为【"黑龙江-伊春"】

2024-11-06 04:08:06 开始第 3460 次操作

2024-11-06 04:08:06 开始操作号码 【1313459】
2024-11-06 04:08:07 GSD getOne 第 1 次 等待 3 秒
2024-11-06 04:08:10 查询号码 【1313459】，返回信息 {"status":"ok","msg":"黑龙江-大庆","gid":"119236","time_insert":"2021-06-23 19:35"}
2024-11-06 04:08:10 查询号码 【1313459】，GSD为【"黑龙江-大庆"】

2024-11-06 04:33:16 开始第 3461 次操作

2024-11-06 04:33:16 开始操作号码 【1313460】
2024-11-06 04:33:17 GSD getOne 第 1 次 等待 3 秒
2024-11-06 04:33:20 查询号码 【1313460】，返回信息 {"status":"ok","msg":"山西-忻州","gid":"119317","time_insert":"2021-06-23 19:51"}
2024-11-06 04:33:20 查询号码 【1313460】，GSD为【"山西-忻州"】

2024-11-06 04:33:21 开始第 3462 次操作

2024-11-06 04:33:21 开始操作号码 【1313461】
2024-11-06 04:33:22 GSD getOne 第 1 次 等待 3 秒
2024-11-06 04:33:25 查询号码 【1313461】，返回信息 {"status":"ok","msg":"山西-朔州","gid":"119404","time_insert":"2021-06-23 20:14"}
2024-11-06 04:33:25 查询号码 【1313461】，GSD为【"山西-朔州"】

2024-11-06 04:33:26 开始第 3463 次操作

2024-11-06 04:33:26 开始操作号码 【1313462】
2024-11-06 04:33:27 GSD getOne 第 1 次 等待 3 秒
2024-11-06 04:33:30 查询号码 【1313462】，返回信息 {"status":"ok","msg":"山西-大同","gid":"119427","time_insert":"2021-06-23 20:31"}
2024-11-06 04:33:30 查询号码 【1313462】，GSD为【"山西-大同"】

2024-11-06 04:33:31 开始第 3464 次操作

2024-11-06 04:33:31 开始操作号码 【1313463】
2024-11-06 04:33:32 GSD getOne 第 1 次 等待 3 秒
2024-11-06 04:33:35 查询号码 【1313463】，返回信息 {"status":"ok","msg":"山西-阳泉","gid":"119449","time_insert":"2021-06-23 20:50"}
2024-11-06 04:33:36 查询号码 【1313463】，GSD为【"山西-阳泉"】

