2024-01-29 00:18:01 开始第 677 次操作

2024-01-29 00:18:01 开始操作号码 【1720596】
2024-01-29 00:18:06 GSD getOne 第 1 次 等待 3 秒
2024-01-29 00:18:09 查询号码 【1720596】，返回信息 {"status":"ok","msg":"广东-深圳","gid":"241823","time_insert":"2021-07-10 18:53"}
2024-01-29 00:18:09 查询号码 【1720596】，GSD为【"广东-深圳"】

2024-01-29 00:18:10 开始第 678 次操作

2024-01-29 00:18:10 开始操作号码 【1720597】
2024-01-29 00:18:14 GSD getOne 第 1 次 等待 3 秒
2024-01-29 00:18:17 查询号码 【1720597】，返回信息 {"status":"ok","msg":"广东-深圳","gid":"241830","time_insert":"2021-07-10 18:54"}
2024-01-29 00:18:17 查询号码 【1720597】，GSD为【"广东-深圳"】

2024-01-29 00:18:18 开始第 679 次操作

2024-01-29 00:18:18 开始操作号码 【1720598】
2024-01-29 00:18:22 GSD getOne 第 1 次 等待 3 秒
2024-01-29 00:18:25 查询号码 【1720598】，返回信息 {"status":"ok","msg":"广东-深圳","gid":"241835","time_insert":"2021-07-10 18:54"}
2024-01-29 00:18:25 查询号码 【1720598】，GSD为【"广东-深圳"】

2024-01-29 00:18:26 开始第 680 次操作

2024-01-29 00:18:26 开始操作号码 【1720599】
2024-01-29 00:18:30 GSD getOne 第 1 次 等待 3 秒
2024-01-29 00:18:33 查询号码 【1720599】，返回信息 {"status":"ok","msg":"广东-深圳","gid":"241841","time_insert":"2021-07-10 18:55"}
2024-01-29 00:18:33 查询号码 【1720599】，GSD为【"广东-深圳"】

