2023-12-11 00:19:35 开始第 2493 次操作

2023-12-11 00:19:35 开始操作号码 【1832412】
2023-12-11 00:19:39 GSD getOne 第 1 次 等待 3 秒
2023-12-11 00:19:42 查询号码 【1832412】，返回信息 {"status":"ok","msg":"重庆-重庆","gid":"37491","time_insert":"2017-04-11 10:35","time_update":"2021-01-17 02:46"}
2023-12-11 00:19:42 查询号码 【1832412】，GSD为【"重庆-重庆"】

2023-12-11 00:19:43 开始第 2494 次操作

2023-12-11 00:19:43 开始操作号码 【1832413】
2023-12-11 00:19:47 GSD getOne 第 1 次 等待 3 秒
2023-12-11 00:19:50 查询号码 【1832413】，返回信息 {"status":"ok","msg":"重庆-重庆","gid":"37492","time_insert":"2015-12-02 13:04","time_update":"2021-01-17 02:52"}
2023-12-11 00:19:50 查询号码 【1832413】，GSD为【"重庆-重庆"】

2023-12-11 00:19:51 开始第 2495 次操作

2023-12-11 00:19:51 开始操作号码 【1832414】
2023-12-11 00:19:55 GSD getOne 第 1 次 等待 3 秒
2023-12-11 00:19:58 查询号码 【1832414】，返回信息 {"status":"ok","msg":"重庆-重庆","gid":"37493","time_insert":"2019-09-22 15:49","time_update":"2021-01-17 02:59"}
2023-12-11 00:19:58 查询号码 【1832414】，GSD为【"重庆-重庆"】

2023-12-11 00:19:59 开始第 2496 次操作

2023-12-11 00:19:59 开始操作号码 【1832415】
2023-12-11 00:20:03 GSD getOne 第 1 次 等待 3 秒
2023-12-11 00:20:06 查询号码 【1832415】，返回信息 {"status":"ok","msg":"重庆-重庆","gid":"37494","time_insert":"2016-10-26 08:25","time_update":"2021-01-17 03:05"}
2023-12-11 00:20:06 查询号码 【1832415】，GSD为【"重庆-重庆"】

2023-12-11 00:38:39 开始第 2497 次操作

2023-12-11 00:38:39 开始操作号码 【1832416】
2023-12-11 00:38:42 GSD getOne 第 1 次 等待 3 秒
2023-12-11 00:38:45 查询号码 【1832416】，返回信息 {"status":"ok","msg":"重庆-重庆","gid":"37495","time_insert":"2018-09-28 20:29","time_update":"2021-01-17 03:10"}
2023-12-11 00:38:45 查询号码 【1832416】，GSD为【"重庆-重庆"】

2023-12-11 00:38:46 开始第 2498 次操作

2023-12-11 00:38:46 开始操作号码 【1832417】
2023-12-11 00:38:51 GSD getOne 第 1 次 等待 3 秒
2023-12-11 00:38:54 查询号码 【1832417】，返回信息 {"status":"ok","msg":"重庆-重庆","gid":"37496","time_insert":"2017-05-30 10:52","time_update":"2021-01-17 03:14"}
2023-12-11 00:38:54 查询号码 【1832417】，GSD为【"重庆-重庆"】

2023-12-11 00:38:55 开始第 2499 次操作

2023-12-11 00:38:55 开始操作号码 【1832418】
2023-12-11 00:38:59 GSD getOne 第 1 次 等待 3 秒
2023-12-11 00:39:02 查询号码 【1832418】，返回信息 {"status":"ok","msg":"重庆-重庆","gid":"37497","time_insert":"2017-03-18 20:12","time_update":"2021-01-17 03:20"}
2023-12-11 00:39:02 查询号码 【1832418】，GSD为【"重庆-重庆"】

2023-12-11 00:39:03 开始第 2500 次操作

2023-12-11 00:39:03 开始操作号码 【1832419】
2023-12-11 00:39:07 GSD getOne 第 1 次 等待 3 秒
2023-12-11 00:39:10 查询号码 【1832419】，返回信息 {"status":"ok","msg":"重庆-重庆","gid":"37498","time_insert":"2017-05-30 10:52","time_update":"2021-01-17 03:27"}
2023-12-11 00:39:10 查询号码 【1832419】，GSD为【"重庆-重庆"】

