2024-07-26 00:23:22 开始第 7909 次操作

2024-07-26 00:23:22 开始操作号码 【1507818】
2024-07-26 00:23:34 GSD getOne 第 1 次 等待 3 秒
2024-07-26 00:23:37 查询号码 【1507818】，返回信息 {"status":"ok","msg":"广西-百色","gid":"373660","time_insert":"2021-07-24 04:48"}
2024-07-26 00:23:37 查询号码 【1507818】，GSD为【"广西-百色"】

2024-07-26 00:23:38 开始第 7910 次操作

2024-07-26 00:23:38 开始操作号码 【1507819】
2024-07-26 00:23:46 GSD getOne 第 1 次 等待 3 秒
2024-07-26 00:23:49 查询号码 【1507819】，返回信息 {"status":"ok","msg":"广西-百色","gid":"373650","time_insert":"2021-07-24 04:47"}
2024-07-26 00:23:49 查询号码 【1507819】，GSD为【"广西-百色"】

2024-07-26 00:23:50 开始第 7911 次操作

2024-07-26 00:23:50 开始操作号码 【1507820】
2024-07-26 00:23:59 GSD getOne 第 1 次 等待 3 秒
2024-07-26 00:24:02 查询号码 【1507820】，返回信息 {"status":"ok","msg":"广西-百色","gid":"373639","time_insert":"2021-07-24 04:47"}
2024-07-26 00:24:02 查询号码 【1507820】，GSD为【"广西-百色"】

2024-07-26 00:24:03 开始第 7912 次操作

2024-07-26 00:24:03 开始操作号码 【1507821】
2024-07-26 00:24:10 GSD getOne 第 1 次 等待 3 秒
2024-07-26 00:24:13 查询号码 【1507821】，返回信息 {"status":"ok","msg":"广西-百色","gid":"50192","time_insert":"2021-04-21 15:34"}
2024-07-26 00:24:14 查询号码 【1507821】，GSD为【"广西-百色"】

