2024-10-02 00:28:34 开始第 7441 次操作

2024-10-02 00:28:34 开始操作号码 【1397440】
2024-10-02 00:28:36 GSD getOne 第 1 次 等待 3 秒
2024-10-02 00:28:39 查询号码 【1397440】，返回信息 {"status":"ok","msg":"湖南-张家界","gid":"356140","time_insert":"2021-07-22 15:05"}
2024-10-02 00:28:39 查询号码 【1397440】，GSD为【"湖南-张家界"】

2024-10-02 00:28:40 开始第 7442 次操作

2024-10-02 00:28:40 开始操作号码 【1397441】
2024-10-02 00:28:42 GSD getOne 第 1 次 等待 3 秒
2024-10-02 00:28:45 查询号码 【1397441】，返回信息 {"status":"ok","msg":"湖南-张家界","gid":"356134","time_insert":"2021-07-22 15:04"}
2024-10-02 00:28:45 查询号码 【1397441】，GSD为【"湖南-张家界"】

2024-10-02 00:28:46 开始第 7443 次操作

2024-10-02 00:28:46 开始操作号码 【1397442】
2024-10-02 00:28:48 GSD getOne 第 1 次 等待 3 秒
2024-10-02 00:28:51 查询号码 【1397442】，返回信息 {"status":"ok","msg":"湖南-张家界","gid":"356129","time_insert":"2021-07-22 15:04"}
2024-10-02 00:28:51 查询号码 【1397442】，GSD为【"湖南-张家界"】

2024-10-02 00:28:52 开始第 7444 次操作

2024-10-02 00:28:52 开始操作号码 【1397443】
2024-10-02 00:28:54 GSD getOne 第 1 次 等待 3 秒
2024-10-02 00:28:57 查询号码 【1397443】，返回信息 {"status":"ok","msg":"湖南-张家界","gid":"356122","time_insert":"2021-07-22 15:03"}
2024-10-02 00:28:57 查询号码 【1397443】，GSD为【"湖南-张家界"】

