2024-06-20 00:21:54 开始第 1601 次操作

2024-06-20 00:21:54 开始操作号码 【1501512】
2024-06-20 00:22:00 GSD getOne 第 1 次 等待 3 秒
2024-06-20 00:22:03 查询号码 【1501512】，返回信息 {"status":"ok","msg":"广东-东莞","gid":"15242","time_insert":"2014-12-26 10:55","time_update":"2020-09-29 06:55"}
2024-06-20 00:22:03 查询号码 【1501512】，GSD为【"广东-东莞"】

2024-06-20 00:22:04 开始第 1602 次操作

2024-06-20 00:22:04 开始操作号码 【1501513】
2024-06-20 00:22:09 GSD getOne 第 1 次 等待 3 秒
2024-06-20 00:22:12 查询号码 【1501513】，返回信息 {"status":"ok","msg":"广东-东莞","gid":"94501","time_insert":"2021-06-13 10:22"}
2024-06-20 00:22:12 查询号码 【1501513】，GSD为【"广东-东莞"】

2024-06-20 00:22:13 开始第 1603 次操作

2024-06-20 00:22:13 开始操作号码 【1501514】
2024-06-20 00:22:20 GSD getOne 第 1 次 等待 3 秒
2024-06-20 00:22:23 查询号码 【1501514】，返回信息 {"status":"ok","msg":"广东-东莞","gid":"94533","time_insert":"2021-06-13 10:51"}
2024-06-20 00:22:23 查询号码 【1501514】，GSD为【"广东-东莞"】

2024-06-20 00:22:24 开始第 1604 次操作

2024-06-20 00:22:24 开始操作号码 【1501515】
2024-06-20 00:22:35 GSD getOne 第 1 次 等待 3 秒
2024-06-20 00:22:38 查询号码 【1501515】，返回信息 {"status":"ok","msg":"广东-东莞","gid":"15243","time_insert":"2018-03-03 17:04","time_update":"2020-09-29 06:58"}
2024-06-20 00:22:38 查询号码 【1501515】，GSD为【"广东-东莞"】

