2023-10-02 00:18:51 开始第 1001 次操作

2023-10-02 00:18:51 开始操作号码 【1931000】
2023-10-02 00:18:55 GSD getOne 第 1 次 等待 3 秒
2023-10-02 00:18:58 查询号码 【1931000】，返回信息 {"status":"ok","msg":"湖南-长沙","gid":"496206","time_insert":"2021-08-05 03:20","time_update":"2023-06-04 12:36"}
2023-10-02 00:18:58 查询号码 【1931000】，GSD为【"湖南-长沙"】

2023-10-02 00:18:59 开始第 1002 次操作

2023-10-02 00:18:59 开始操作号码 【1931001】
2023-10-02 00:19:03 GSD getOne 第 1 次 等待 3 秒
2023-10-02 00:19:06 查询号码 【1931001】，返回信息 {"status":"ok","msg":"湖南-长沙","gid":"496214","time_insert":"2021-08-05 03:31","time_update":"2023-06-04 12:38"}
2023-10-02 00:19:06 查询号码 【1931001】，GSD为【"湖南-长沙"】

2023-10-02 00:19:07 开始第 1003 次操作

2023-10-02 00:19:07 开始操作号码 【1931002】
2023-10-02 00:19:12 GSD getOne 第 1 次 等待 3 秒
2023-10-02 00:19:15 查询号码 【1931002】，返回信息 {"status":"ok","msg":"湖南-长沙","gid":"496222","time_insert":"2021-08-05 03:45","time_update":"2023-06-04 12:40"}
2023-10-02 00:19:15 查询号码 【1931002】，GSD为【"湖南-长沙"】

2023-10-02 00:19:16 开始第 1004 次操作

2023-10-02 00:19:16 开始操作号码 【1931003】
2023-10-02 00:19:22 GSD getOne 第 1 次 等待 3 秒
2023-10-02 00:19:25 查询号码 【1931003】，返回信息 {"status":"ok","msg":"湖南-长沙","gid":"496229","time_insert":"2021-08-05 03:56","time_update":"2023-06-04 12:44"}
2023-10-02 00:19:25 查询号码 【1931003】，GSD为【"湖南-长沙"】

