2024-07-11 00:22:55 开始第 5297 次操作

2024-07-11 00:22:55 开始操作号码 【1505206】
2024-07-11 00:23:08 GSD getOne 第 1 次 等待 3 秒
2024-07-11 00:23:11 查询号码 【1505206】，返回信息 {"status":"ok","msg":"江苏-徐州","gid":"327849","time_insert":"2021-07-19 16:49"}
2024-07-11 00:23:11 查询号码 【1505206】，GSD为【"江苏-徐州"】

2024-07-11 00:23:12 开始第 5298 次操作

2024-07-11 00:23:12 开始操作号码 【1505207】
2024-07-11 00:23:22 GSD getOne 第 1 次 等待 3 秒
2024-07-11 00:23:25 查询号码 【1505207】，返回信息 {"status":"ok","msg":"江苏-徐州","gid":"328029","time_insert":"2021-07-19 17:03"}
2024-07-11 00:23:25 查询号码 【1505207】，GSD为【"江苏-徐州"】

2024-07-11 00:23:26 开始第 5299 次操作

2024-07-11 00:23:26 开始操作号码 【1505208】
2024-07-11 00:23:36 GSD getOne 第 1 次 等待 3 秒
2024-07-11 00:23:39 查询号码 【1505208】，返回信息 {"status":"ok","msg":"江苏-徐州","gid":"328140","time_insert":"2021-07-19 17:15"}
2024-07-11 00:23:39 查询号码 【1505208】，GSD为【"江苏-徐州"】

2024-07-11 00:23:40 开始第 5300 次操作

2024-07-11 00:23:40 开始操作号码 【1505209】
2024-07-11 00:23:52 GSD getOne 第 1 次 等待 3 秒
2024-07-11 00:23:55 查询号码 【1505209】，返回信息 {"status":"ok","msg":"江苏-徐州","gid":"328185","time_insert":"2021-07-19 17:29"}
2024-07-11 00:23:55 查询号码 【1505209】，GSD为【"江苏-徐州"】

