2024-11-11 00:06:48 开始第 4321 次操作

2024-11-11 00:06:48 开始操作号码 【1314320】
2024-11-11 00:06:49 GSD getOne 第 1 次 等待 3 秒
2024-11-11 00:06:52 查询号码 【1314320】，返回信息 {"status":"ok","msg":"广东-东莞","gid":"184920","time_insert":"2021-07-03 21:53"}
2024-11-11 00:06:53 查询号码 【1314320】，GSD为【"广东-东莞"】

2024-11-11 00:06:54 开始第 4322 次操作

2024-11-11 00:06:54 开始操作号码 【1314321】
2024-11-11 00:06:55 GSD getOne 第 1 次 等待 3 秒
2024-11-11 00:06:58 查询号码 【1314321】，返回信息 {"status":"ok","msg":"广东-东莞","gid":"184975","time_insert":"2021-07-03 22:05"}
2024-11-11 00:06:58 查询号码 【1314321】，GSD为【"广东-东莞"】

2024-11-11 00:06:59 开始第 4323 次操作

2024-11-11 00:06:59 开始操作号码 【1314322】
2024-11-11 00:07:00 GSD getOne 第 1 次 等待 3 秒
2024-11-11 00:07:03 查询号码 【1314322】，返回信息 {"status":"ok","msg":"广东-东莞","gid":"185002","time_insert":"2021-07-03 22:19"}
2024-11-11 00:07:04 查询号码 【1314322】，GSD为【"广东-东莞"】

2024-11-11 00:07:05 开始第 4324 次操作

2024-11-11 00:07:05 开始操作号码 【1314323】
2024-11-11 00:07:06 GSD getOne 第 1 次 等待 3 秒
2024-11-11 00:07:09 查询号码 【1314323】，返回信息 {"status":"ok","msg":"广东-东莞","gid":"185027","time_insert":"2021-07-03 22:33"}
2024-11-11 00:07:09 查询号码 【1314323】，GSD为【"广东-东莞"】

2024-11-11 00:37:36 开始第 4325 次操作

2024-11-11 00:37:36 开始操作号码 【1314324】
2024-11-11 00:37:37 GSD getOne 第 1 次 等待 3 秒
2024-11-11 00:37:40 查询号码 【1314324】，返回信息 {"status":"ok","msg":"广东-东莞","gid":"185207","time_insert":"2021-07-03 22:46"}
2024-11-11 00:37:40 查询号码 【1314324】，GSD为【"广东-东莞"】

2024-11-11 00:37:41 开始第 4326 次操作

2024-11-11 00:37:41 开始操作号码 【1314325】
2024-11-11 00:37:42 GSD getOne 第 1 次 等待 3 秒
2024-11-11 00:37:45 查询号码 【1314325】，返回信息 {"status":"ok","msg":"广东-东莞","gid":"185331","time_insert":"2021-07-03 22:58"}
2024-11-11 00:37:45 查询号码 【1314325】，GSD为【"广东-东莞"】

2024-11-11 00:37:46 开始第 4327 次操作

2024-11-11 00:37:46 开始操作号码 【1314326】
2024-11-11 00:37:47 GSD getOne 第 1 次 等待 3 秒
2024-11-11 00:37:50 查询号码 【1314326】，返回信息 {"status":"ok","msg":"广东-东莞","gid":"185366","time_insert":"2021-07-03 23:12"}
2024-11-11 00:37:50 查询号码 【1314326】，GSD为【"广东-东莞"】

2024-11-11 00:37:51 开始第 4328 次操作

2024-11-11 00:37:51 开始操作号码 【1314327】
2024-11-11 00:37:52 GSD getOne 第 1 次 等待 3 秒
2024-11-11 00:37:55 查询号码 【1314327】，返回信息 {"status":"ok","msg":"广东-东莞","gid":"185387","time_insert":"2021-07-03 23:23"}
2024-11-11 00:37:55 查询号码 【1314327】，GSD为【"广东-东莞"】

2024-11-11 01:01:34 开始第 4329 次操作

2024-11-11 01:01:34 开始操作号码 【1314328】
2024-11-11 01:01:36 GSD getOne 第 1 次 等待 3 秒
2024-11-11 01:01:39 查询号码 【1314328】，返回信息 {"status":"ok","msg":"广东-东莞","gid":"185407","time_insert":"2021-07-03 23:34"}
2024-11-11 01:01:39 查询号码 【1314328】，GSD为【"广东-东莞"】

2024-11-11 01:01:40 开始第 4330 次操作

2024-11-11 01:01:40 开始操作号码 【1314329】
2024-11-11 01:01:41 GSD getOne 第 1 次 等待 3 秒
2024-11-11 01:01:44 查询号码 【1314329】，返回信息 {"status":"ok","msg":"广东-东莞","gid":"185433","time_insert":"2021-07-03 23:46"}
2024-11-11 01:01:44 查询号码 【1314329】，GSD为【"广东-东莞"】

2024-11-11 01:01:45 开始第 4331 次操作

2024-11-11 01:01:45 开始操作号码 【1314330】
2024-11-11 01:01:46 GSD getOne 第 1 次 等待 3 秒
2024-11-11 01:01:49 查询号码 【1314330】，返回信息 {"status":"ok","msg":"广东-广州","gid":"185540","time_insert":"2021-07-03 23:59"}
2024-11-11 01:01:49 查询号码 【1314330】，GSD为【"广东-广州"】

2024-11-11 01:01:50 开始第 4332 次操作

2024-11-11 01:01:50 开始操作号码 【1314331】
2024-11-11 01:01:51 GSD getOne 第 1 次 等待 3 秒
2024-11-11 01:01:54 查询号码 【1314331】，返回信息 {"status":"ok","msg":"广东-广州","gid":"185697","time_insert":"2021-07-04 00:12"}
2024-11-11 01:01:54 查询号码 【1314331】，GSD为【"广东-广州"】

2024-11-11 01:30:47 开始第 4333 次操作

2024-11-11 01:30:47 开始操作号码 【1314332】
2024-11-11 01:30:49 GSD getOne 第 1 次 等待 3 秒
2024-11-11 01:30:52 查询号码 【1314332】，返回信息 {"status":"ok","msg":"广东-广州","gid":"185772","time_insert":"2021-07-04 00:26"}
2024-11-11 01:30:52 查询号码 【1314332】，GSD为【"广东-广州"】

2024-11-11 01:30:53 开始第 4334 次操作

2024-11-11 01:30:53 开始操作号码 【1314333】
2024-11-11 01:30:54 GSD getOne 第 1 次 等待 3 秒
2024-11-11 01:30:57 查询号码 【1314333】，返回信息 {"status":"ok","msg":"广东-广州","gid":"185795","time_insert":"2021-07-04 00:36"}
2024-11-11 01:30:57 查询号码 【1314333】，GSD为【"广东-广州"】

2024-11-11 01:30:58 开始第 4335 次操作

2024-11-11 01:30:58 开始操作号码 【1314334】
2024-11-11 01:30:59 GSD getOne 第 1 次 等待 3 秒
2024-11-11 01:31:02 查询号码 【1314334】，返回信息 {"status":"ok","msg":"广东-广州","gid":"185818","time_insert":"2021-07-04 00:51"}
2024-11-11 01:31:02 查询号码 【1314334】，GSD为【"广东-广州"】

2024-11-11 01:31:03 开始第 4336 次操作

2024-11-11 01:31:03 开始操作号码 【1314335】
2024-11-11 01:31:04 GSD getOne 第 1 次 等待 3 秒
2024-11-11 01:31:07 查询号码 【1314335】，返回信息 {"status":"ok","msg":"广东-广州","gid":"185841","time_insert":"2021-07-04 01:02"}
2024-11-11 01:31:07 查询号码 【1314335】，GSD为【"广东-广州"】

2024-11-11 02:08:09 开始第 4337 次操作

2024-11-11 02:08:09 开始操作号码 【1314336】
2024-11-11 02:08:10 GSD getOne 第 1 次 等待 3 秒
2024-11-11 02:08:13 查询号码 【1314336】，返回信息 {"status":"ok","msg":"广东-广州","gid":"185893","time_insert":"2021-07-04 01:14"}
2024-11-11 02:08:13 查询号码 【1314336】，GSD为【"广东-广州"】

2024-11-11 02:08:14 开始第 4338 次操作

2024-11-11 02:08:14 开始操作号码 【1314337】
2024-11-11 02:08:15 GSD getOne 第 1 次 等待 3 秒
2024-11-11 02:08:18 查询号码 【1314337】，返回信息 {"status":"ok","msg":"广东-广州","gid":"185957","time_insert":"2021-07-04 01:26"}
2024-11-11 02:08:18 查询号码 【1314337】，GSD为【"广东-广州"】

2024-11-11 02:08:19 开始第 4339 次操作

2024-11-11 02:08:19 开始操作号码 【1314338】
2024-11-11 02:08:20 GSD getOne 第 1 次 等待 3 秒
2024-11-11 02:08:23 查询号码 【1314338】，返回信息 {"status":"ok","msg":"广东-广州","gid":"186064","time_insert":"2021-07-04 01:38"}
2024-11-11 02:08:23 查询号码 【1314338】，GSD为【"广东-广州"】

2024-11-11 02:08:24 开始第 4340 次操作

2024-11-11 02:08:24 开始操作号码 【1314339】
2024-11-11 02:08:25 GSD getOne 第 1 次 等待 3 秒
2024-11-11 02:08:28 查询号码 【1314339】，返回信息 {"status":"ok","msg":"广东-广州","gid":"186211","time_insert":"2021-07-04 01:49"}
2024-11-11 02:08:28 查询号码 【1314339】，GSD为【"广东-广州"】

2024-11-11 02:37:23 开始第 4341 次操作

2024-11-11 02:37:23 开始操作号码 【1314340】
2024-11-11 02:37:25 GSD getOne 第 1 次 等待 3 秒
2024-11-11 02:37:29 GSD getOne 第 2 次 等待 3 秒
2024-11-11 02:37:32 查询号码 【1314340】，返回信息 {"status":"ok","msg":"广东-深圳","gid":"186299","time_insert":"2021-07-04 02:03","time_update":"2021-07-04 02:56"}
2024-11-11 02:37:32 查询号码 【1314340】，GSD为【"广东-深圳"】

2024-11-11 02:37:33 开始第 4342 次操作

2024-11-11 02:37:33 开始操作号码 【1314341】
2024-11-11 02:37:34 GSD getOne 第 1 次 等待 3 秒
2024-11-11 02:37:37 查询号码 【1314341】，返回信息 {"status":"ok","msg":"广东-深圳","gid":"186335","time_insert":"2021-07-04 02:15"}
2024-11-11 02:37:37 查询号码 【1314341】，GSD为【"广东-深圳"】

2024-11-11 02:37:38 开始第 4343 次操作

2024-11-11 02:37:38 开始操作号码 【1314342】
2024-11-11 02:37:39 GSD getOne 第 1 次 等待 3 秒
2024-11-11 02:37:43 GSD getOne 第 2 次 等待 3 秒
2024-11-11 02:37:46 查询号码 【1314342】，返回信息 {"status":"ok","msg":"广东-深圳","gid":"186358","time_insert":"2021-07-04 02:27"}
2024-11-11 02:37:46 查询号码 【1314342】，GSD为【"广东-深圳"】

2024-11-11 02:37:47 开始第 4344 次操作

2024-11-11 02:37:47 开始操作号码 【1314343】
2024-11-11 02:37:48 GSD getOne 第 1 次 等待 3 秒
2024-11-11 02:37:51 查询号码 【1314343】，返回信息 {"status":"ok","msg":"广东-深圳","gid":"186378","time_insert":"2021-07-04 02:38"}
2024-11-11 02:37:51 查询号码 【1314343】，GSD为【"广东-深圳"】

2024-11-11 03:00:52 开始第 4345 次操作

2024-11-11 03:00:52 开始操作号码 【1314344】
2024-11-11 03:00:53 GSD getOne 第 1 次 等待 3 秒
2024-11-11 03:00:56 查询号码 【1314344】，返回信息 {"status":"ok","msg":"广东-深圳","gid":"186407","time_insert":"2021-07-04 02:49"}
2024-11-11 03:00:56 查询号码 【1314344】，GSD为【"广东-深圳"】

2024-11-11 03:00:57 开始第 4346 次操作

2024-11-11 03:00:57 开始操作号码 【1314345】
2024-11-11 03:00:58 GSD getOne 第 1 次 等待 3 秒
2024-11-11 03:01:01 查询号码 【1314345】，返回信息 {"status":"ok","msg":"广东-深圳","gid":"1356","time_insert":"2016-01-01 20:12","time_update":"2020-09-24 21:21"}
2024-11-11 03:01:01 查询号码 【1314345】，GSD为【"广东-深圳"】

2024-11-11 03:01:02 开始第 4347 次操作

2024-11-11 03:01:02 开始操作号码 【1314346】
2024-11-11 03:01:03 GSD getOne 第 1 次 等待 3 秒
2024-11-11 03:01:06 查询号码 【1314346】，返回信息 {"status":"ok","msg":"广东-深圳","gid":"186585","time_insert":"2021-07-04 03:03"}
2024-11-11 03:01:06 查询号码 【1314346】，GSD为【"广东-深圳"】

2024-11-11 03:01:07 开始第 4348 次操作

2024-11-11 03:01:07 开始操作号码 【1314347】
2024-11-11 03:01:08 GSD getOne 第 1 次 等待 3 秒
2024-11-11 03:01:11 查询号码 【1314347】，返回信息 {"status":"ok","msg":"广东-惠州","gid":"186714","time_insert":"2021-07-04 03:16"}
2024-11-11 03:01:11 查询号码 【1314347】，GSD为【"广东-惠州"】

2024-11-11 03:30:49 开始第 4349 次操作

2024-11-11 03:30:49 开始操作号码 【1314348】
2024-11-11 03:30:50 GSD getOne 第 1 次 等待 3 秒
2024-11-11 03:30:53 查询号码 【1314348】，返回信息 {"status":"ok","msg":"河北-石家庄","gid":"186739","time_insert":"2021-07-04 03:27"}
2024-11-11 03:30:53 查询号码 【1314348】，GSD为【"河北-石家庄"】

2024-11-11 03:30:54 开始第 4350 次操作

2024-11-11 03:30:54 开始操作号码 【1314349】
2024-11-11 03:30:55 GSD getOne 第 1 次 等待 3 秒
2024-11-11 03:30:58 查询号码 【1314349】，返回信息 {"status":"ok","msg":"河北-石家庄","gid":"186814","time_insert":"2021-07-04 03:40"}
2024-11-11 03:30:58 查询号码 【1314349】，GSD为【"河北-石家庄"】

2024-11-11 03:30:59 开始第 4351 次操作

2024-11-11 03:30:59 开始操作号码 【1314350】
2024-11-11 03:31:00 GSD getOne 第 1 次 等待 3 秒
2024-11-11 03:31:03 查询号码 【1314350】，返回信息 {"status":"ok","msg":"广东-广州","gid":"186989","time_insert":"2021-07-04 03:53"}
2024-11-11 03:31:03 查询号码 【1314350】，GSD为【"广东-广州"】

2024-11-11 03:31:04 开始第 4352 次操作

2024-11-11 03:31:04 开始操作号码 【1314351】
2024-11-11 03:31:05 GSD getOne 第 1 次 等待 3 秒
2024-11-11 03:31:08 查询号码 【1314351】，返回信息 {"status":"ok","msg":"广东-广州","gid":"187078","time_insert":"2021-07-04 04:05"}
2024-11-11 03:31:08 查询号码 【1314351】，GSD为【"广东-广州"】

