2024-10-26 00:08:18 开始第 1485 次操作

2024-10-26 00:08:18 开始操作号码 【1311484】
2024-10-26 00:08:19 GSD getOne 第 1 次 等待 3 秒
2024-10-26 00:08:22 查询号码 【1311484】，返回信息 {"status":"ok","msg":"天津-天津","gid":"68777","time_insert":"2021-05-26 09:35"}
2024-10-26 00:08:22 查询号码 【1311484】，GSD为【"天津-天津"】

2024-10-26 00:08:23 开始第 1486 次操作

2024-10-26 00:08:23 开始操作号码 【1311485】
2024-10-26 00:08:24 GSD getOne 第 1 次 等待 3 秒
2024-10-26 00:08:27 查询号码 【1311485】，返回信息 {"status":"ok","msg":"天津-天津","gid":"68803","time_insert":"2021-05-26 10:04"}
2024-10-26 00:08:27 查询号码 【1311485】，GSD为【"天津-天津"】

2024-10-26 00:08:28 开始第 1487 次操作

2024-10-26 00:08:28 开始操作号码 【1311486】
2024-10-26 00:08:30 GSD getOne 第 1 次 等待 3 秒
2024-10-26 00:08:33 查询号码 【1311486】，返回信息 {"status":"ok","msg":"天津-天津","gid":"68826","time_insert":"2021-05-26 10:30"}
2024-10-26 00:08:33 查询号码 【1311486】，GSD为【"天津-天津"】

2024-10-26 00:08:34 开始第 1488 次操作

2024-10-26 00:08:34 开始操作号码 【1311487】
2024-10-26 00:08:36 GSD getOne 第 1 次 等待 3 秒
2024-10-26 00:08:39 查询号码 【1311487】，返回信息 {"status":"ok","msg":"天津-天津","gid":"68837","time_insert":"2021-05-26 10:49"}
2024-10-26 00:08:39 查询号码 【1311487】，GSD为【"天津-天津"】

