2024-04-30 00:20:24 开始第 6225 次操作

2024-04-30 00:20:24 开始操作号码 【1616142】
2024-04-30 00:20:32 GSD getOne 第 1 次 等待 3 秒
2024-04-30 00:20:35 查询号码 【1616142】，返回信息 {"status":"ok","msg":"-","gid":"649009","time_insert":"2023-04-12 08:13"}
2024-04-30 00:20:35 查询号码 【1616142】，GSD为【"-"】
2024-04-30 00:20:35 ok && -
2024-04-30 00:20:38 CHB 1616142?1714407635 第 1 次 等待 3 秒
2024-04-30 00:20:41 CHB 1616142?1714407635 第 1 次 获取到号码【1616142】GSD
2024-04-30 00:20:41 未获取到号码【1616142】GSD，可能号码格式错误
2024-04-30 00:20:41 获取到号码【1616142】的GSD为【-】
2024-04-30 00:20:48 GSD insert 第 1 次 等待 3 秒
2024-04-30 00:20:51 {"status":"bad","gid":"649009","msg":"添加失败！号码【1616142(-|-)】已存在！"}
2024-04-30 00:20:51 随机等待 74 秒，约 1 分钟
2024-04-30 00:20:51 下次操作: 2024-04-30 00:22:05

2024-04-30 00:22:05 开始第 6226 次操作

2024-04-30 00:22:05 开始操作号码 【1616143】
2024-04-30 00:22:11 GSD getOne 第 1 次 等待 3 秒
2024-04-30 00:22:14 查询号码 【1616143】，返回信息 {"status":"ok","msg":"-","gid":"649017","time_insert":"2023-04-12 08:22"}
2024-04-30 00:22:14 查询号码 【1616143】，GSD为【"-"】
2024-04-30 00:22:14 ok && -
2024-04-30 00:22:17 CHB 1616143?1714407734 第 1 次 等待 3 秒
2024-04-30 00:22:20 CHB 1616143?1714407734 第 1 次 获取到号码【1616143】GSD
2024-04-30 00:22:20 未获取到号码【1616143】GSD，可能号码格式错误
2024-04-30 00:22:20 获取到号码【1616143】的GSD为【-】
2024-04-30 00:22:26 GSD insert 第 1 次 等待 3 秒
2024-04-30 00:22:29 {"status":"bad","gid":"649017","msg":"添加失败！号码【1616143(-|-)】已存在！"}
2024-04-30 00:22:29 随机等待 68 秒，约 1 分钟
2024-04-30 00:22:29 下次操作: 2024-04-30 00:23:37

2024-04-30 00:23:37 开始第 6227 次操作

2024-04-30 00:23:37 开始操作号码 【1616144】
2024-04-30 00:23:43 GSD getOne 第 1 次 等待 3 秒
2024-04-30 00:23:46 查询号码 【1616144】，返回信息 {"status":"ok","msg":"-","gid":"649025","time_insert":"2023-04-12 08:32"}
2024-04-30 00:23:46 查询号码 【1616144】，GSD为【"-"】
2024-04-30 00:23:46 ok && -
2024-04-30 00:23:48 CHB 1616144?1714407826 第 1 次 等待 3 秒
2024-04-30 00:23:51 CHB 1616144?1714407826 第 1 次 获取到号码【1616144】GSD
2024-04-30 00:23:51 未获取到号码【1616144】GSD，可能号码格式错误
2024-04-30 00:23:51 获取到号码【1616144】的GSD为【-】
2024-04-30 00:24:00 GSD insert 第 1 次 等待 3 秒
2024-04-30 00:24:03 {"status":"bad","gid":"649025","msg":"添加失败！号码【1616144(-|-)】已存在！"}
2024-04-30 00:24:03 随机等待 93 秒，约 1 分钟
2024-04-30 00:24:03 下次操作: 2024-04-30 00:25:36

2024-04-30 00:25:36 开始第 6228 次操作

2024-04-30 00:25:36 开始操作号码 【1616145】
2024-04-30 00:25:44 GSD getOne 第 1 次 等待 3 秒
2024-04-30 00:25:47 查询号码 【1616145】，返回信息 {"status":"ok","msg":"-","gid":"649056","time_insert":"2023-04-12 08:55"}
2024-04-30 00:25:48 查询号码 【1616145】，GSD为【"-"】
2024-04-30 00:25:48 ok && -
2024-04-30 00:25:50 CHB 1616145?1714407948 第 1 次 等待 3 秒
2024-04-30 00:25:53 CHB 1616145?1714407948 第 1 次 获取到号码【1616145】GSD
2024-04-30 00:25:53 未获取到号码【1616145】GSD，可能号码格式错误
2024-04-30 00:25:53 获取到号码【1616145】的GSD为【-】
2024-04-30 00:26:04 GSD insert 第 1 次 等待 3 秒
2024-04-30 00:26:07 {"status":"bad","gid":"649056","msg":"添加失败！号码【1616145(-|-)】已存在！"}

2024-04-30 00:38:46 开始第 6229 次操作

2024-04-30 00:38:46 开始操作号码 【1616146】
2024-04-30 00:38:51 GSD getOne 第 1 次 等待 3 秒
2024-04-30 00:38:54 查询号码 【1616146】，返回信息 {"status":"ok","msg":"-","gid":"649082","time_insert":"2023-04-12 09:19"}
2024-04-30 00:38:54 查询号码 【1616146】，GSD为【"-"】
2024-04-30 00:38:54 ok && -
2024-04-30 00:38:56 CHB 1616146?1714408734 第 1 次 等待 3 秒
2024-04-30 00:38:59 CHB 1616146?1714408734 第 1 次 获取到号码【1616146】GSD
2024-04-30 00:38:59 未获取到号码【1616146】GSD，可能号码格式错误
2024-04-30 00:38:59 获取到号码【1616146】的GSD为【-】
2024-04-30 00:39:07 GSD insert 第 1 次 等待 3 秒
2024-04-30 00:39:10 {"status":"bad","gid":"649082","msg":"添加失败！号码【1616146(-|-)】已存在！"}
2024-04-30 00:39:10 随机等待 163 秒，约 2 分钟
2024-04-30 00:39:10 下次操作: 2024-04-30 00:41:53

2024-04-30 00:41:53 开始第 6230 次操作

2024-04-30 00:41:53 开始操作号码 【1616147】
2024-04-30 00:42:03 GSD getOne 第 1 次 等待 3 秒
2024-04-30 00:42:06 查询号码 【1616147】，返回信息 {"status":"ok","msg":"-","gid":"649102","time_insert":"2023-04-12 09:38"}
2024-04-30 00:42:06 查询号码 【1616147】，GSD为【"-"】
2024-04-30 00:42:06 ok && -
2024-04-30 00:42:09 CHB 1616147?1714408926 第 1 次 等待 3 秒
2024-04-30 00:42:12 CHB 1616147?1714408926 第 1 次 获取到号码【1616147】GSD
2024-04-30 00:42:12 未获取到号码【1616147】GSD，可能号码格式错误
2024-04-30 00:42:12 获取到号码【1616147】的GSD为【-】
2024-04-30 00:42:19 GSD insert 第 1 次 等待 3 秒
2024-04-30 00:42:22 {"status":"bad","gid":"649102","msg":"添加失败！号码【1616147(-|-)】已存在！"}
2024-04-30 00:42:22 随机等待 187 秒，约 3 分钟
2024-04-30 00:42:22 下次操作: 2024-04-30 00:45:29

2024-04-30 00:45:29 开始第 6231 次操作

2024-04-30 00:45:29 开始操作号码 【1616148】
2024-04-30 00:45:39 GSD getOne 第 1 次 等待 3 秒
2024-04-30 00:45:42 查询号码 【1616148】，返回信息 {"status":"ok","msg":"-","gid":"649123","time_insert":"2023-04-12 09:57"}
2024-04-30 00:45:42 查询号码 【1616148】，GSD为【"-"】
2024-04-30 00:45:42 ok && -
2024-04-30 00:45:45 CHB 1616148?1714409142 第 1 次 等待 3 秒
2024-04-30 00:45:48 CHB 1616148?1714409142 第 1 次 获取到号码【1616148】GSD
2024-04-30 00:45:48 未获取到号码【1616148】GSD，可能号码格式错误
2024-04-30 00:45:48 获取到号码【1616148】的GSD为【-】
2024-04-30 00:45:56 GSD insert 第 1 次 等待 3 秒
2024-04-30 00:45:59 {"status":"bad","gid":"649123","msg":"添加失败！号码【1616148(-|-)】已存在！"}
2024-04-30 00:45:59 随机等待 70 秒，约 1 分钟
2024-04-30 00:45:59 下次操作: 2024-04-30 00:47:09

2024-04-30 00:47:09 开始第 6232 次操作

2024-04-30 00:47:09 开始操作号码 【1616149】
2024-04-30 00:47:15 GSD getOne 第 1 次 等待 3 秒
2024-04-30 00:47:18 查询号码 【1616149】，返回信息 {"status":"ok","msg":"-","gid":"649139","time_insert":"2023-04-12 10:09"}
2024-04-30 00:47:18 查询号码 【1616149】，GSD为【"-"】
2024-04-30 00:47:18 ok && -
2024-04-30 00:47:20 CHB 1616149?1714409238 第 1 次 等待 3 秒
2024-04-30 00:47:23 CHB 1616149?1714409238 第 1 次 获取到号码【1616149】GSD
2024-04-30 00:47:23 未获取到号码【1616149】GSD，可能号码格式错误
2024-04-30 00:47:23 获取到号码【1616149】的GSD为【-】
2024-04-30 00:47:33 GSD insert 第 1 次 等待 3 秒
2024-04-30 00:47:36 {"status":"bad","gid":"649139","msg":"添加失败！号码【1616149(-|-)】已存在！"}

2024-04-30 01:13:58 开始第 6233 次操作

2024-04-30 01:13:58 开始操作号码 【1616150】
2024-04-30 01:14:09 GSD getOne 第 1 次 等待 3 秒
2024-04-30 01:14:12 查询号码 【1616150】，返回信息 {"status":"ok","msg":"-","gid":"649166","time_insert":"2023-04-12 10:32"}
2024-04-30 01:14:12 查询号码 【1616150】，GSD为【"-"】
2024-04-30 01:14:12 ok && -
2024-04-30 01:14:15 CHB 1616150?1714410852 第 1 次 等待 3 秒
2024-04-30 01:14:18 CHB 1616150?1714410852 第 1 次 获取到号码【1616150】GSD
2024-04-30 01:14:18 未获取到号码【1616150】GSD，可能号码格式错误
2024-04-30 01:14:18 获取到号码【1616150】的GSD为【-】
2024-04-30 01:14:29 GSD insert 第 1 次 等待 3 秒
2024-04-30 01:14:32 {"status":"bad","gid":"649166","msg":"添加失败！号码【1616150(-|-)】已存在！"}
2024-04-30 01:14:32 随机等待 144 秒，约 2 分钟
2024-04-30 01:14:32 下次操作: 2024-04-30 01:16:56

2024-04-30 01:16:56 开始第 6234 次操作

2024-04-30 01:16:56 开始操作号码 【1616151】
2024-04-30 01:17:02 GSD getOne 第 1 次 等待 3 秒
2024-04-30 01:17:05 查询号码 【1616151】，返回信息 {"status":"ok","msg":"-","gid":"649182","time_insert":"2023-04-12 10:43"}
2024-04-30 01:17:05 查询号码 【1616151】，GSD为【"-"】
2024-04-30 01:17:05 ok && -
2024-04-30 01:17:07 CHB 1616151?1714411025 第 1 次 等待 3 秒
2024-04-30 01:17:10 CHB 1616151?1714411025 第 1 次 获取到号码【1616151】GSD
2024-04-30 01:17:10 未获取到号码【1616151】GSD，可能号码格式错误
2024-04-30 01:17:10 获取到号码【1616151】的GSD为【-】
2024-04-30 01:17:15 GSD insert 第 1 次 等待 3 秒
2024-04-30 01:17:18 {"status":"bad","gid":"649182","msg":"添加失败！号码【1616151(-|-)】已存在！"}
2024-04-30 01:17:18 随机等待 210 秒，约 3 分钟
2024-04-30 01:17:18 下次操作: 2024-04-30 01:20:48

2024-04-30 01:20:48 开始第 6235 次操作

2024-04-30 01:20:48 开始操作号码 【1616152】
2024-04-30 01:20:54 GSD getOne 第 1 次 等待 3 秒
2024-04-30 01:20:57 查询号码 【1616152】，返回信息 {"status":"ok","msg":"-","gid":"649219","time_insert":"2023-04-12 11:02"}
2024-04-30 01:20:57 查询号码 【1616152】，GSD为【"-"】
2024-04-30 01:20:57 ok && -
2024-04-30 01:20:59 CHB 1616152?1714411257 第 1 次 等待 3 秒
2024-04-30 01:21:02 CHB 1616152?1714411257 第 1 次 获取到号码【1616152】GSD
2024-04-30 01:21:02 未获取到号码【1616152】GSD，可能号码格式错误
2024-04-30 01:21:02 获取到号码【1616152】的GSD为【-】
2024-04-30 01:21:13 GSD insert 第 1 次 等待 3 秒
2024-04-30 01:21:16 {"status":"bad","gid":"649219","msg":"添加失败！号码【1616152(-|-)】已存在！"}
2024-04-30 01:21:16 随机等待 229 秒，约 3 分钟
2024-04-30 01:21:16 下次操作: 2024-04-30 01:25:05

2024-04-30 01:25:05 开始第 6236 次操作

2024-04-30 01:25:05 开始操作号码 【1616153】
2024-04-30 01:25:11 GSD getOne 第 1 次 等待 3 秒
2024-04-30 01:25:14 查询号码 【1616153】，返回信息 {"status":"ok","msg":"-","gid":"649232","time_insert":"2023-04-12 11:13"}
2024-04-30 01:25:14 查询号码 【1616153】，GSD为【"-"】
2024-04-30 01:25:14 ok && -
2024-04-30 01:25:16 CHB 1616153?1714411514 第 1 次 等待 3 秒
2024-04-30 01:25:19 CHB 1616153?1714411514 第 1 次 获取到号码【1616153】GSD
2024-04-30 01:25:19 未获取到号码【1616153】GSD，可能号码格式错误
2024-04-30 01:25:19 获取到号码【1616153】的GSD为【-】
2024-04-30 01:25:24 GSD insert 第 1 次 等待 3 秒
2024-04-30 01:25:27 {"status":"bad","gid":"649232","msg":"添加失败！号码【1616153(-|-)】已存在！"}

