2023-11-28 00:22:11 开始第 193 次操作

2023-11-28 00:22:11 开始操作号码 【1830112】
2023-11-28 00:22:15 GSD getOne 第 1 次 等待 3 秒
2023-11-28 00:22:18 查询号码 【1830112】，返回信息 {"status":"ok","msg":"北京-北京","gid":"275459","time_insert":"2021-07-14 16:26"}
2023-11-28 00:22:18 查询号码 【1830112】，GSD为【"北京-北京"】

2023-11-28 00:22:19 开始第 194 次操作

2023-11-28 00:22:19 开始操作号码 【1830113】
2023-11-28 00:22:24 GSD getOne 第 1 次 等待 3 秒
2023-11-28 00:22:27 查询号码 【1830113】，返回信息 {"status":"ok","msg":"北京-北京","gid":"275462","time_insert":"2021-07-14 16:26"}
2023-11-28 00:22:27 查询号码 【1830113】，GSD为【"北京-北京"】

2023-11-28 00:22:28 开始第 195 次操作

2023-11-28 00:22:28 开始操作号码 【1830114】
2023-11-28 00:22:32 GSD getOne 第 1 次 等待 3 秒
2023-11-28 00:22:35 查询号码 【1830114】，返回信息 {"status":"ok","msg":"北京-北京","gid":"275474","time_insert":"2021-07-14 16:27"}
2023-11-28 00:22:35 查询号码 【1830114】，GSD为【"北京-北京"】

2023-11-28 00:22:36 开始第 196 次操作

2023-11-28 00:22:36 开始操作号码 【1830115】
2023-11-28 00:22:41 GSD getOne 第 1 次 等待 3 秒
2023-11-28 00:22:44 查询号码 【1830115】，返回信息 {"status":"ok","msg":"北京-北京","gid":"275480","time_insert":"2021-07-14 16:27"}
2023-11-28 00:22:44 查询号码 【1830115】，GSD为【"北京-北京"】

