2024-10-25 00:08:38 开始第 1309 次操作

2024-10-25 00:08:38 开始操作号码 【1311308】
2024-10-25 00:08:39 GSD getOne 第 1 次 等待 3 秒
2024-10-25 00:08:42 查询号码 【1311308】，返回信息 {"status":"ok","msg":"广东-东莞","gid":"66060","time_insert":"2021-05-23 23:12"}
2024-10-25 00:08:42 查询号码 【1311308】，GSD为【"广东-东莞"】

2024-10-25 00:08:43 开始第 1310 次操作

2024-10-25 00:08:43 开始操作号码 【1311309】
2024-10-25 00:08:44 GSD getOne 第 1 次 等待 3 秒
2024-10-25 00:08:47 查询号码 【1311309】，返回信息 {"status":"ok","msg":"广东-东莞","gid":"66071","time_insert":"2021-05-23 23:32"}
2024-10-25 00:08:47 查询号码 【1311309】，GSD为【"广东-东莞"】

2024-10-25 00:08:48 开始第 1311 次操作

2024-10-25 00:08:48 开始操作号码 【1311310】
2024-10-25 00:08:49 GSD getOne 第 1 次 等待 3 秒
2024-10-25 00:08:52 查询号码 【1311310】，返回信息 {"status":"ok","msg":"广东-东莞","gid":"66090","time_insert":"2021-05-23 23:56"}
2024-10-25 00:08:52 查询号码 【1311310】，GSD为【"广东-东莞"】

2024-10-25 00:08:53 开始第 1312 次操作

2024-10-25 00:08:53 开始操作号码 【1311311】
2024-10-25 00:08:54 GSD getOne 第 1 次 等待 3 秒
2024-10-25 00:08:57 查询号码 【1311311】，返回信息 {"status":"ok","msg":"广东-东莞","gid":"66101","time_insert":"2021-05-24 00:12"}
2024-10-25 00:08:57 查询号码 【1311311】，GSD为【"广东-东莞"】

