2024-03-02 00:18:24 开始第 6613 次操作

2024-03-02 00:18:24 开始操作号码 【1726532】
2024-03-02 00:18:28 GSD getOne 第 1 次 等待 3 秒
2024-03-02 00:18:31 查询号码 【1726532】，返回信息 {"status":"ok","msg":"重庆-万州","gid":"314700","time_insert":"2021-07-18 13:06"}
2024-03-02 00:18:31 查询号码 【1726532】，GSD为【"重庆-万州"】

2024-03-02 00:18:32 开始第 6614 次操作

2024-03-02 00:18:32 开始操作号码 【1726533】
2024-03-02 00:18:37 GSD getOne 第 1 次 等待 3 秒
2024-03-02 00:18:40 查询号码 【1726533】，返回信息 {"status":"ok","msg":"重庆-万州","gid":"314708","time_insert":"2021-07-18 13:06"}
2024-03-02 00:18:40 查询号码 【1726533】，GSD为【"重庆-万州"】

2024-03-02 00:18:41 开始第 6615 次操作

2024-03-02 00:18:41 开始操作号码 【1726534】
2024-03-02 00:18:47 GSD getOne 第 1 次 等待 3 秒
2024-03-02 00:18:50 查询号码 【1726534】，返回信息 {"status":"ok","msg":"重庆-万州","gid":"314717","time_insert":"2021-07-18 13:07"}
2024-03-02 00:18:50 查询号码 【1726534】，GSD为【"重庆-万州"】

2024-03-02 00:18:51 开始第 6616 次操作

2024-03-02 00:18:51 开始操作号码 【1726535】
2024-03-02 00:18:56 GSD getOne 第 1 次 等待 3 秒
2024-03-02 00:18:59 查询号码 【1726535】，返回信息 {"status":"ok","msg":"重庆-万州","gid":"314726","time_insert":"2021-07-18 13:07"}
2024-03-02 00:18:59 查询号码 【1726535】，GSD为【"重庆-万州"】

2024-03-02 00:37:40 开始第 6617 次操作

2024-03-02 00:37:40 开始操作号码 【1726536】
2024-03-02 00:37:46 GSD getOne 第 1 次 等待 3 秒
2024-03-02 00:37:49 查询号码 【1726536】，返回信息 {"status":"ok","msg":"重庆-万州","gid":"314733","time_insert":"2021-07-18 13:08"}
2024-03-02 00:37:49 查询号码 【1726536】，GSD为【"重庆-万州"】

2024-03-02 00:37:50 开始第 6618 次操作

2024-03-02 00:37:50 开始操作号码 【1726537】
2024-03-02 00:37:55 GSD getOne 第 1 次 等待 3 秒
2024-03-02 00:37:58 查询号码 【1726537】，返回信息 {"status":"ok","msg":"重庆-万州","gid":"314742","time_insert":"2021-07-18 13:09"}
2024-03-02 00:37:58 查询号码 【1726537】，GSD为【"重庆-万州"】

2024-03-02 00:37:59 开始第 6619 次操作

2024-03-02 00:37:59 开始操作号码 【1726538】
2024-03-02 00:38:04 GSD getOne 第 1 次 等待 3 秒
2024-03-02 00:38:07 查询号码 【1726538】，返回信息 {"status":"ok","msg":"重庆-万州","gid":"314749","time_insert":"2021-07-18 13:09"}
2024-03-02 00:38:07 查询号码 【1726538】，GSD为【"重庆-万州"】

2024-03-02 00:38:08 开始第 6620 次操作

2024-03-02 00:38:08 开始操作号码 【1726539】
2024-03-02 00:38:13 GSD getOne 第 1 次 等待 3 秒
2024-03-02 00:38:16 查询号码 【1726539】，返回信息 {"status":"ok","msg":"重庆-万州","gid":"314758","time_insert":"2021-07-18 13:10"}
2024-03-02 00:38:16 查询号码 【1726539】，GSD为【"重庆-万州"】

2024-03-02 01:20:36 开始第 6621 次操作

2024-03-02 01:20:36 开始操作号码 【1726540】
2024-03-02 01:20:40 GSD getOne 第 1 次 等待 3 秒
2024-03-02 01:20:43 查询号码 【1726540】，返回信息 {"status":"ok","msg":"重庆-万州","gid":"314767","time_insert":"2021-07-18 13:11"}
2024-03-02 01:20:44 查询号码 【1726540】，GSD为【"重庆-万州"】

2024-03-02 01:20:45 开始第 6622 次操作

2024-03-02 01:20:45 开始操作号码 【1726541】
2024-03-02 01:20:48 GSD getOne 第 1 次 等待 3 秒
2024-03-02 01:20:51 查询号码 【1726541】，返回信息 {"status":"ok","msg":"重庆-万州","gid":"314775","time_insert":"2021-07-18 13:11"}
2024-03-02 01:20:52 查询号码 【1726541】，GSD为【"重庆-万州"】

2024-03-02 01:20:53 开始第 6623 次操作

2024-03-02 01:20:53 开始操作号码 【1726542】
2024-03-02 01:20:57 GSD getOne 第 1 次 等待 3 秒
2024-03-02 01:21:00 查询号码 【1726542】，返回信息 {"status":"ok","msg":"重庆-万州","gid":"314922","time_insert":"2021-07-18 13:35"}
2024-03-02 01:21:00 查询号码 【1726542】，GSD为【"重庆-万州"】

2024-03-02 01:21:01 开始第 6624 次操作

2024-03-02 01:21:01 开始操作号码 【1726543】
2024-03-02 01:21:05 GSD getOne 第 1 次 等待 3 秒
2024-03-02 01:21:08 查询号码 【1726543】，返回信息 {"status":"ok","msg":"重庆-万州","gid":"314926","time_insert":"2021-07-18 13:35"}
2024-03-02 01:21:08 查询号码 【1726543】，GSD为【"重庆-万州"】

2024-03-02 01:41:14 开始第 6625 次操作

2024-03-02 01:41:14 开始操作号码 【1726544】
2024-03-02 01:41:19 GSD getOne 第 1 次 等待 3 秒
2024-03-02 01:41:22 查询号码 【1726544】，返回信息 {"status":"ok","msg":"重庆-万州","gid":"314930","time_insert":"2021-07-18 13:36"}
2024-03-02 01:41:22 查询号码 【1726544】，GSD为【"重庆-万州"】

2024-03-02 01:41:23 开始第 6626 次操作

2024-03-02 01:41:23 开始操作号码 【1726545】
2024-03-02 01:41:29 GSD getOne 第 1 次 等待 3 秒
2024-03-02 01:41:32 查询号码 【1726545】，返回信息 {"status":"ok","msg":"重庆-万州","gid":"314935","time_insert":"2021-07-18 13:36"}
2024-03-02 01:41:32 查询号码 【1726545】，GSD为【"重庆-万州"】

2024-03-02 01:41:33 开始第 6627 次操作

2024-03-02 01:41:33 开始操作号码 【1726546】
2024-03-02 01:41:39 GSD getOne 第 1 次 等待 3 秒
2024-03-02 01:41:42 查询号码 【1726546】，返回信息 {"status":"ok","msg":"重庆-万州","gid":"314942","time_insert":"2021-07-18 13:37"}
2024-03-02 01:41:42 查询号码 【1726546】，GSD为【"重庆-万州"】

2024-03-02 01:41:43 开始第 6628 次操作

2024-03-02 01:41:43 开始操作号码 【1726547】
2024-03-02 01:41:48 GSD getOne 第 1 次 等待 3 秒
2024-03-02 01:41:51 查询号码 【1726547】，返回信息 {"status":"ok","msg":"重庆-万州","gid":"314950","time_insert":"2021-07-18 13:37"}
2024-03-02 01:41:51 查询号码 【1726547】，GSD为【"重庆-万州"】

2024-03-02 02:21:35 开始第 6629 次操作

2024-03-02 02:21:35 开始操作号码 【1726548】
2024-03-02 02:21:40 GSD getOne 第 1 次 等待 3 秒
2024-03-02 02:21:43 查询号码 【1726548】，返回信息 {"status":"ok","msg":"重庆-万州","gid":"314960","time_insert":"2021-07-18 13:38"}
2024-03-02 02:21:43 查询号码 【1726548】，GSD为【"重庆-万州"】

2024-03-02 02:21:44 开始第 6630 次操作

2024-03-02 02:21:44 开始操作号码 【1726549】
2024-03-02 02:21:49 GSD getOne 第 1 次 等待 3 秒
2024-03-02 02:21:52 查询号码 【1726549】，返回信息 {"status":"ok","msg":"重庆-万州","gid":"314972","time_insert":"2021-07-18 13:39"}
2024-03-02 02:21:52 查询号码 【1726549】，GSD为【"重庆-万州"】

2024-03-02 02:21:53 开始第 6631 次操作

2024-03-02 02:21:53 开始操作号码 【1726550】
2024-03-02 02:21:57 GSD getOne 第 1 次 等待 3 秒
2024-03-02 02:22:00 查询号码 【1726550】，返回信息 {"status":"ok","msg":"重庆-万州","gid":"314980","time_insert":"2021-07-18 13:39"}
2024-03-02 02:22:00 查询号码 【1726550】，GSD为【"重庆-万州"】

2024-03-02 02:22:01 开始第 6632 次操作

2024-03-02 02:22:01 开始操作号码 【1726551】
2024-03-02 02:22:07 GSD getOne 第 1 次 等待 3 秒
2024-03-02 02:22:10 查询号码 【1726551】，返回信息 {"status":"ok","msg":"重庆-万州","gid":"314987","time_insert":"2021-07-18 13:40"}
2024-03-02 02:22:10 查询号码 【1726551】，GSD为【"重庆-万州"】

2024-03-02 02:37:19 开始第 6633 次操作

2024-03-02 02:37:19 开始操作号码 【1726552】
2024-03-02 02:37:24 GSD getOne 第 1 次 等待 3 秒
2024-03-02 02:37:27 查询号码 【1726552】，返回信息 {"status":"ok","msg":"重庆-万州","gid":"314996","time_insert":"2021-07-18 13:41"}
2024-03-02 02:37:27 查询号码 【1726552】，GSD为【"重庆-万州"】

2024-03-02 02:37:28 开始第 6634 次操作

2024-03-02 02:37:28 开始操作号码 【1726553】
2024-03-02 02:37:33 GSD getOne 第 1 次 等待 3 秒
2024-03-02 02:37:36 查询号码 【1726553】，返回信息 {"status":"ok","msg":"重庆-万州","gid":"315005","time_insert":"2021-07-18 13:41"}
2024-03-02 02:37:36 查询号码 【1726553】，GSD为【"重庆-万州"】

2024-03-02 02:37:37 开始第 6635 次操作

2024-03-02 02:37:37 开始操作号码 【1726554】
2024-03-02 02:37:44 GSD getOne 第 1 次 等待 3 秒
2024-03-02 02:37:47 查询号码 【1726554】，返回信息 {"status":"ok","msg":"重庆-万州","gid":"315019","time_insert":"2021-07-18 13:42"}
2024-03-02 02:37:47 查询号码 【1726554】，GSD为【"重庆-万州"】

2024-03-02 02:37:48 开始第 6636 次操作

2024-03-02 02:37:48 开始操作号码 【1726555】
2024-03-02 02:37:52 GSD getOne 第 1 次 等待 3 秒
2024-03-02 02:37:55 查询号码 【1726555】，返回信息 {"status":"ok","msg":"重庆-万州","gid":"315028","time_insert":"2021-07-18 13:42"}
2024-03-02 02:37:55 查询号码 【1726555】，GSD为【"重庆-万州"】

2024-03-02 03:13:05 开始第 6637 次操作

2024-03-02 03:13:05 开始操作号码 【1726556】
2024-03-02 03:13:10 GSD getOne 第 1 次 等待 3 秒
2024-03-02 03:13:13 查询号码 【1726556】，返回信息 {"status":"ok","msg":"重庆-万州","gid":"315039","time_insert":"2021-07-18 13:43"}
2024-03-02 03:13:13 查询号码 【1726556】，GSD为【"重庆-万州"】

2024-03-02 03:13:14 开始第 6638 次操作

2024-03-02 03:13:14 开始操作号码 【1726557】
2024-03-02 03:13:18 GSD getOne 第 1 次 等待 3 秒
2024-03-02 03:13:21 查询号码 【1726557】，返回信息 {"status":"ok","msg":"重庆-万州","gid":"315047","time_insert":"2021-07-18 13:44"}
2024-03-02 03:13:21 查询号码 【1726557】，GSD为【"重庆-万州"】

2024-03-02 03:13:22 开始第 6639 次操作

2024-03-02 03:13:22 开始操作号码 【1726558】
2024-03-02 03:13:29 GSD getOne 第 1 次 等待 3 秒
2024-03-02 03:13:32 查询号码 【1726558】，返回信息 {"status":"ok","msg":"重庆-万州","gid":"315058","time_insert":"2021-07-18 13:44"}
2024-03-02 03:13:32 查询号码 【1726558】，GSD为【"重庆-万州"】

2024-03-02 03:13:33 开始第 6640 次操作

2024-03-02 03:13:33 开始操作号码 【1726559】
2024-03-02 03:13:38 GSD getOne 第 1 次 等待 3 秒
2024-03-02 03:13:41 查询号码 【1726559】，返回信息 {"status":"ok","msg":"重庆-万州","gid":"315064","time_insert":"2021-07-18 13:45"}
2024-03-02 03:13:41 查询号码 【1726559】，GSD为【"重庆-万州"】

2024-03-02 03:37:08 开始第 6641 次操作

2024-03-02 03:37:08 开始操作号码 【1726560】
2024-03-02 03:37:12 GSD getOne 第 1 次 等待 3 秒
2024-03-02 03:37:15 查询号码 【1726560】，返回信息 {"status":"ok","msg":"重庆-涪陵","gid":"315074","time_insert":"2021-07-18 13:45"}
2024-03-02 03:37:15 查询号码 【1726560】，GSD为【"重庆-涪陵"】

2024-03-02 03:37:16 开始第 6642 次操作

2024-03-02 03:37:16 开始操作号码 【1726561】
2024-03-02 03:37:20 GSD getOne 第 1 次 等待 3 秒
2024-03-02 03:37:23 查询号码 【1726561】，返回信息 {"status":"ok","msg":"重庆-涪陵","gid":"315087","time_insert":"2021-07-18 13:46","time_update":"2021-09-01 10:31"}
2024-03-02 03:37:23 查询号码 【1726561】，GSD为【"重庆-涪陵"】

2024-03-02 03:37:24 开始第 6643 次操作

2024-03-02 03:37:24 开始操作号码 【1726562】
2024-03-02 03:37:29 GSD getOne 第 1 次 等待 3 秒
2024-03-02 03:37:32 查询号码 【1726562】，返回信息 {"status":"ok","msg":"重庆-涪陵","gid":"315092","time_insert":"2021-07-18 13:47"}
2024-03-02 03:37:32 查询号码 【1726562】，GSD为【"重庆-涪陵"】

2024-03-02 03:37:33 开始第 6644 次操作

2024-03-02 03:37:33 开始操作号码 【1726563】
2024-03-02 03:37:38 GSD getOne 第 1 次 等待 3 秒
2024-03-02 03:37:41 查询号码 【1726563】，返回信息 {"status":"ok","msg":"重庆-涪陵","gid":"315103","time_insert":"2021-07-18 13:47"}
2024-03-02 03:37:41 查询号码 【1726563】，GSD为【"重庆-涪陵"】

2024-03-02 04:17:02 开始第 6645 次操作

2024-03-02 04:17:02 开始操作号码 【1726564】
2024-03-02 04:17:07 GSD getOne 第 1 次 等待 3 秒
2024-03-02 04:17:10 查询号码 【1726564】，返回信息 {"status":"ok","msg":"重庆-涪陵","gid":"315110","time_insert":"2021-07-18 13:48"}
2024-03-02 04:17:10 查询号码 【1726564】，GSD为【"重庆-涪陵"】

2024-03-02 04:17:11 开始第 6646 次操作

2024-03-02 04:17:11 开始操作号码 【1726565】
2024-03-02 04:17:17 GSD getOne 第 1 次 等待 3 秒
2024-03-02 04:17:20 查询号码 【1726565】，返回信息 {"status":"ok","msg":"重庆-涪陵","gid":"315122","time_insert":"2021-07-18 13:48"}
2024-03-02 04:17:20 查询号码 【1726565】，GSD为【"重庆-涪陵"】

2024-03-02 04:17:21 开始第 6647 次操作

2024-03-02 04:17:21 开始操作号码 【1726566】
2024-03-02 04:17:26 GSD getOne 第 1 次 等待 3 秒
2024-03-02 04:17:29 查询号码 【1726566】，返回信息 {"status":"ok","msg":"重庆-涪陵","gid":"315130","time_insert":"2021-07-18 13:49"}
2024-03-02 04:17:29 查询号码 【1726566】，GSD为【"重庆-涪陵"】

2024-03-02 04:17:30 开始第 6648 次操作

2024-03-02 04:17:30 开始操作号码 【1726567】
2024-03-02 04:17:35 GSD getOne 第 1 次 等待 3 秒
2024-03-02 04:17:38 查询号码 【1726567】，返回信息 {"status":"ok","msg":"重庆-涪陵","gid":"315140","time_insert":"2021-07-18 13:49"}
2024-03-02 04:17:38 查询号码 【1726567】，GSD为【"重庆-涪陵"】

2024-03-02 04:37:41 开始第 6649 次操作

2024-03-02 04:37:41 开始操作号码 【1726568】
2024-03-02 04:37:46 GSD getOne 第 1 次 等待 3 秒
2024-03-02 04:37:49 查询号码 【1726568】，返回信息 {"status":"ok","msg":"重庆-涪陵","gid":"315150","time_insert":"2021-07-18 13:50"}
2024-03-02 04:37:49 查询号码 【1726568】，GSD为【"重庆-涪陵"】

2024-03-02 04:37:50 开始第 6650 次操作

2024-03-02 04:37:50 开始操作号码 【1726569】
2024-03-02 04:37:55 GSD getOne 第 1 次 等待 3 秒
2024-03-02 04:37:58 查询号码 【1726569】，返回信息 {"status":"ok","msg":"重庆-涪陵","gid":"315157","time_insert":"2021-07-18 13:51"}
2024-03-02 04:37:58 查询号码 【1726569】，GSD为【"重庆-涪陵"】

2024-03-02 04:37:59 开始第 6651 次操作

2024-03-02 04:37:59 开始操作号码 【1726570】
2024-03-02 04:38:04 GSD getOne 第 1 次 等待 3 秒
2024-03-02 04:38:07 查询号码 【1726570】，返回信息 {"status":"ok","msg":"重庆-黔江","gid":"315164","time_insert":"2021-07-18 13:51"}
2024-03-02 04:38:07 查询号码 【1726570】，GSD为【"重庆-黔江"】

2024-03-02 04:38:08 开始第 6652 次操作

2024-03-02 04:38:08 开始操作号码 【1726571】
2024-03-02 04:38:13 GSD getOne 第 1 次 等待 3 秒
2024-03-02 04:38:16 查询号码 【1726571】，返回信息 {"status":"ok","msg":"重庆-黔江","gid":"315177","time_insert":"2021-07-18 13:52"}
2024-03-02 04:38:16 查询号码 【1726571】，GSD为【"重庆-黔江"】

2024-03-02 05:15:06 开始第 6653 次操作

2024-03-02 05:15:06 开始操作号码 【1726572】
2024-03-02 05:15:11 GSD getOne 第 1 次 等待 3 秒
2024-03-02 05:15:14 查询号码 【1726572】，返回信息 {"status":"ok","msg":"重庆-黔江","gid":"315186","time_insert":"2021-07-18 13:52"}
2024-03-02 05:15:14 查询号码 【1726572】，GSD为【"重庆-黔江"】

2024-03-02 05:15:15 开始第 6654 次操作

2024-03-02 05:15:15 开始操作号码 【1726573】
2024-03-02 05:15:20 GSD getOne 第 1 次 等待 3 秒
2024-03-02 05:15:23 查询号码 【1726573】，返回信息 {"status":"ok","msg":"重庆-黔江","gid":"315194","time_insert":"2021-07-18 13:53"}
2024-03-02 05:15:23 查询号码 【1726573】，GSD为【"重庆-黔江"】

2024-03-02 05:15:25 开始第 6655 次操作

2024-03-02 05:15:25 开始操作号码 【1726574】
2024-03-02 05:15:30 GSD getOne 第 1 次 等待 3 秒
2024-03-02 05:15:33 查询号码 【1726574】，返回信息 {"status":"ok","msg":"重庆-黔江","gid":"315203","time_insert":"2021-07-18 13:53"}
2024-03-02 05:15:33 查询号码 【1726574】，GSD为【"重庆-黔江"】

2024-03-02 05:15:34 开始第 6656 次操作

2024-03-02 05:15:34 开始操作号码 【1726575】
2024-03-02 05:15:39 GSD getOne 第 1 次 等待 3 秒
2024-03-02 05:15:42 查询号码 【1726575】，返回信息 {"status":"ok","msg":"重庆-黔江","gid":"315210","time_insert":"2021-07-18 13:54"}
2024-03-02 05:15:42 查询号码 【1726575】，GSD为【"重庆-黔江"】

2024-03-02 05:37:20 开始第 6657 次操作

2024-03-02 05:37:20 开始操作号码 【1726576】
2024-03-02 05:37:27 GSD getOne 第 1 次 等待 3 秒
2024-03-02 05:37:30 查询号码 【1726576】，返回信息 {"status":"ok","msg":"重庆-黔江","gid":"315220","time_insert":"2021-07-18 13:55"}
2024-03-02 05:37:30 查询号码 【1726576】，GSD为【"重庆-黔江"】

2024-03-02 05:37:31 开始第 6658 次操作

2024-03-02 05:37:31 开始操作号码 【1726577】
2024-03-02 05:37:36 GSD getOne 第 1 次 等待 3 秒
2024-03-02 05:37:39 查询号码 【1726577】，返回信息 {"status":"ok","msg":"重庆-黔江","gid":"315231","time_insert":"2021-07-18 13:55"}
2024-03-02 05:37:39 查询号码 【1726577】，GSD为【"重庆-黔江"】

2024-03-02 05:37:40 开始第 6659 次操作

2024-03-02 05:37:40 开始操作号码 【1726578】
2024-03-02 05:37:45 GSD getOne 第 1 次 等待 3 秒
2024-03-02 05:37:48 查询号码 【1726578】，返回信息 {"status":"ok","msg":"重庆-黔江","gid":"315238","time_insert":"2021-07-18 13:56"}
2024-03-02 05:37:48 查询号码 【1726578】，GSD为【"重庆-黔江"】

2024-03-02 05:37:49 开始第 6660 次操作

2024-03-02 05:37:49 开始操作号码 【1726579】
2024-03-02 05:37:57 GSD getOne 第 1 次 等待 3 秒
2024-03-02 05:38:00 查询号码 【1726579】，返回信息 {"status":"ok","msg":"重庆-黔江","gid":"315247","time_insert":"2021-07-18 13:56"}
2024-03-02 05:38:00 查询号码 【1726579】，GSD为【"重庆-黔江"】

2024-03-02 06:14:28 开始第 6661 次操作

2024-03-02 06:14:28 开始操作号码 【1726580】
2024-03-02 06:14:32 GSD getOne 第 1 次 等待 3 秒
2024-03-02 06:14:35 查询号码 【1726580】，返回信息 {"status":"ok","msg":"河南-焦作","gid":"315258","time_insert":"2021-07-18 13:57"}
2024-03-02 06:14:35 查询号码 【1726580】，GSD为【"河南-焦作"】

2024-03-02 06:14:36 开始第 6662 次操作

2024-03-02 06:14:36 开始操作号码 【1726581】
2024-03-02 06:14:41 GSD getOne 第 1 次 等待 3 秒
2024-03-02 06:14:44 查询号码 【1726581】，返回信息 {"status":"ok","msg":"河南-濮阳","gid":"315267","time_insert":"2021-07-18 13:57"}
2024-03-02 06:14:45 查询号码 【1726581】，GSD为【"河南-濮阳"】

2024-03-02 06:14:46 开始第 6663 次操作

2024-03-02 06:14:46 开始操作号码 【1726582】
2024-03-02 06:14:50 GSD getOne 第 1 次 等待 3 秒
2024-03-02 06:14:53 查询号码 【1726582】，返回信息 {"status":"ok","msg":"河南-漯河","gid":"315490","time_insert":"2021-07-18 14:48"}
2024-03-02 06:14:53 查询号码 【1726582】，GSD为【"河南-漯河"】

2024-03-02 06:14:54 开始第 6664 次操作

2024-03-02 06:14:54 开始操作号码 【1726583】
2024-03-02 06:14:58 GSD getOne 第 1 次 等待 3 秒
2024-03-02 06:15:01 查询号码 【1726583】，返回信息 {"status":"ok","msg":"河南-三门峡","gid":"315495","time_insert":"2021-07-18 14:48"}
2024-03-02 06:15:01 查询号码 【1726583】，GSD为【"河南-三门峡"】

2024-03-02 06:38:09 开始第 6665 次操作

2024-03-02 06:38:09 开始操作号码 【1726584】
2024-03-02 06:38:15 GSD getOne 第 1 次 等待 3 秒
2024-03-02 06:38:18 查询号码 【1726584】，返回信息 {"status":"ok","msg":"河南-鹤壁","gid":"315499","time_insert":"2021-07-18 14:49"}
2024-03-02 06:38:18 查询号码 【1726584】，GSD为【"河南-鹤壁"】

2024-03-02 06:38:19 开始第 6666 次操作

2024-03-02 06:38:19 开始操作号码 【1726585】
2024-03-02 06:38:24 GSD getOne 第 1 次 等待 3 秒
2024-03-02 06:38:27 查询号码 【1726585】，返回信息 {"status":"ok","msg":"河南-济源","gid":"315508","time_insert":"2021-07-18 14:50"}
2024-03-02 06:38:27 查询号码 【1726585】，GSD为【"河南-济源"】

2024-03-02 06:38:28 开始第 6667 次操作

2024-03-02 06:38:28 开始操作号码 【1726586】
2024-03-02 06:38:32 GSD getOne 第 1 次 等待 3 秒
2024-03-02 06:38:35 查询号码 【1726586】，返回信息 {"status":"ok","msg":"四川-成都","gid":"315516","time_insert":"2021-07-18 14:50"}
2024-03-02 06:38:35 查询号码 【1726586】，GSD为【"四川-成都"】

2024-03-02 06:38:36 开始第 6668 次操作

2024-03-02 06:38:36 开始操作号码 【1726587】
2024-03-02 06:38:42 GSD getOne 第 1 次 等待 3 秒
2024-03-02 06:38:45 查询号码 【1726587】，返回信息 {"status":"ok","msg":"四川-绵阳","gid":"315523","time_insert":"2021-07-18 14:51"}
2024-03-02 06:38:45 查询号码 【1726587】，GSD为【"四川-绵阳"】

2024-03-02 07:15:17 开始第 6669 次操作

2024-03-02 07:15:17 开始操作号码 【1726588】
2024-03-02 07:15:25 GSD getOne 第 1 次 等待 3 秒
2024-03-02 07:15:28 查询号码 【1726588】，返回信息 {"status":"ok","msg":"四川-宜宾","gid":"315535","time_insert":"2021-07-18 14:52"}
2024-03-02 07:15:28 查询号码 【1726588】，GSD为【"四川-宜宾"】

2024-03-02 07:15:29 开始第 6670 次操作

2024-03-02 07:15:29 开始操作号码 【1726589】
2024-03-02 07:15:33 GSD getOne 第 1 次 等待 3 秒
2024-03-02 07:15:36 查询号码 【1726589】，返回信息 {"status":"ok","msg":"四川-达州","gid":"315542","time_insert":"2021-07-18 14:52"}
2024-03-02 07:15:36 查询号码 【1726589】，GSD为【"四川-达州"】

2024-03-02 07:15:37 开始第 6671 次操作

2024-03-02 07:15:37 开始操作号码 【1726590】
2024-03-02 07:15:42 GSD getOne 第 1 次 等待 3 秒
2024-03-02 07:15:45 查询号码 【1726590】，返回信息 {"status":"ok","msg":"四川-凉山","gid":"315554","time_insert":"2021-07-18 14:53"}
2024-03-02 07:15:45 查询号码 【1726590】，GSD为【"四川-凉山"】

2024-03-02 07:15:46 开始第 6672 次操作

2024-03-02 07:15:46 开始操作号码 【1726591】
2024-03-02 07:15:51 GSD getOne 第 1 次 等待 3 秒
2024-03-02 07:15:54 查询号码 【1726591】，返回信息 {"status":"ok","msg":"四川-德阳","gid":"315562","time_insert":"2021-07-18 14:53"}
2024-03-02 07:15:54 查询号码 【1726591】，GSD为【"四川-德阳"】

