2024-03-20 00:20:30 开始第 9805 次操作

2024-03-20 00:20:30 开始操作号码 【1729724】
2024-03-20 00:20:35 GSD getOne 第 1 次 等待 3 秒
2024-03-20 00:20:38 查询号码 【1729724】，返回信息 {"status":"ok","msg":"四川-成都","gid":"354356","time_insert":"2021-07-22 10:49"}
2024-03-20 00:20:38 查询号码 【1729724】，GSD为【"四川-成都"】

2024-03-20 00:20:39 开始第 9806 次操作

2024-03-20 00:20:39 开始操作号码 【1729725】
2024-03-20 00:20:46 GSD getOne 第 1 次 等待 3 秒
2024-03-20 00:20:49 查询号码 【1729725】，返回信息 {"status":"ok","msg":"四川-成都","gid":"354366","time_insert":"2021-07-22 10:50"}
2024-03-20 00:20:49 查询号码 【1729725】，GSD为【"四川-成都"】

2024-03-20 00:20:50 开始第 9807 次操作

2024-03-20 00:20:50 开始操作号码 【1729726】
2024-03-20 00:20:55 GSD getOne 第 1 次 等待 3 秒
2024-03-20 00:20:58 查询号码 【1729726】，返回信息 {"status":"ok","msg":"四川-成都","gid":"354376","time_insert":"2021-07-22 10:51","time_update":"2021-08-21 15:16"}
2024-03-20 00:20:58 查询号码 【1729726】，GSD为【"四川-成都"】

2024-03-20 00:20:59 开始第 9808 次操作

2024-03-20 00:20:59 开始操作号码 【1729727】
2024-03-20 00:21:04 GSD getOne 第 1 次 等待 3 秒
2024-03-20 00:21:07 查询号码 【1729727】，返回信息 {"status":"ok","msg":"四川-成都","gid":"354388","time_insert":"2021-07-22 10:52"}
2024-03-20 00:21:07 查询号码 【1729727】，GSD为【"四川-成都"】

