2024-04-06 00:21:27 开始第 2101 次操作

2024-04-06 00:21:27 开始操作号码 【1612021】
2024-04-06 00:21:33 GSD getOne 第 1 次 等待 3 秒
2024-04-06 00:21:36 查询号码 【1612021】，返回信息 {"status":"ok","msg":"-","gid":"552013","time_insert":"2023-02-24 16:01"}
2024-04-06 00:21:36 查询号码 【1612021】，GSD为【"-"】
2024-04-06 00:21:36 ok && -
2024-04-06 00:21:43 CHB 1612021?1712334096 第 1 次 等待 3 秒
2024-04-06 00:21:46 CHB 1612021?1712334096 第 1 次 获取到号码【1612021】GSD
2024-04-06 00:21:46 未获取到号码【1612021】GSD，可能号码格式错误
2024-04-06 00:21:47 获取到号码【1612021】的GSD为【-】
2024-04-06 00:21:54 GSD insert 第 1 次 等待 3 秒
2024-04-06 00:21:57 {"status":"bad","gid":"552013","msg":"添加失败！号码【1612021(-|-)】已存在！"}
2024-04-06 00:21:57 随机等待 220 秒，约 3 分钟
2024-04-06 00:21:57 下次操作: 2024-04-06 00:25:37

2024-04-06 00:25:37 开始第 2102 次操作

2024-04-06 00:25:37 开始操作号码 【1612022】
2024-04-06 00:25:43 GSD getOne 第 1 次 等待 3 秒
2024-04-06 00:25:46 查询号码 【1612022】，返回信息 {"status":"ok","msg":"-","gid":"552027","time_insert":"2023-02-24 16:10"}
2024-04-06 00:25:46 查询号码 【1612022】，GSD为【"-"】
2024-04-06 00:25:46 ok && -
2024-04-06 00:25:49 CHB 1612022?1712334346 第 1 次 等待 3 秒
2024-04-06 00:25:52 CHB 1612022?1712334346 第 1 次 获取到号码【1612022】GSD
2024-04-06 00:25:52 未获取到号码【1612022】GSD，可能号码格式错误
2024-04-06 00:25:52 获取到号码【1612022】的GSD为【-】
2024-04-06 00:25:59 GSD insert 第 1 次 等待 3 秒
2024-04-06 00:26:02 {"status":"bad","gid":"552027","msg":"添加失败！号码【1612022(-|-)】已存在！"}
2024-04-06 00:26:02 随机等待 108 秒，约 1 分钟
2024-04-06 00:26:02 下次操作: 2024-04-06 00:27:50

2024-04-06 00:27:50 开始第 2103 次操作

2024-04-06 00:27:50 开始操作号码 【1612023】
2024-04-06 00:27:55 GSD getOne 第 1 次 等待 3 秒
2024-04-06 00:27:58 查询号码 【1612023】，返回信息 {"status":"ok","msg":"-","gid":"552043","time_insert":"2023-02-24 16:22"}
2024-04-06 00:27:58 查询号码 【1612023】，GSD为【"-"】
2024-04-06 00:27:58 ok && -
2024-04-06 00:28:01 CHB 1612023?1712334478 第 1 次 等待 3 秒
2024-04-06 00:28:04 CHB 1612023?1712334478 第 1 次 获取到号码【1612023】GSD
2024-04-06 00:28:04 未获取到号码【1612023】GSD，可能号码格式错误
2024-04-06 00:28:04 获取到号码【1612023】的GSD为【-】
2024-04-06 00:28:09 GSD insert 第 1 次 等待 3 秒
2024-04-06 00:28:12 {"status":"bad","gid":"552043","msg":"添加失败！号码【1612023(-|-)】已存在！"}
2024-04-06 00:28:12 随机等待 188 秒，约 3 分钟
2024-04-06 00:28:12 下次操作: 2024-04-06 00:31:20

2024-04-06 00:31:20 开始第 2104 次操作

2024-04-06 00:31:20 开始操作号码 【1612024】
2024-04-06 00:31:24 GSD getOne 第 1 次 等待 3 秒
2024-04-06 00:31:27 查询号码 【1612024】，返回信息 {"status":"ok","msg":"-","gid":"552067","time_insert":"2023-02-24 16:40"}
2024-04-06 00:31:27 查询号码 【1612024】，GSD为【"-"】
2024-04-06 00:31:27 ok && -
2024-04-06 00:31:30 CHB 1612024?1712334687 第 1 次 等待 3 秒
2024-04-06 00:31:33 CHB 1612024?1712334687 第 1 次 获取到号码【1612024】GSD
2024-04-06 00:31:33 未获取到号码【1612024】GSD，可能号码格式错误
2024-04-06 00:31:33 获取到号码【1612024】的GSD为【-】
2024-04-06 00:31:38 GSD insert 第 1 次 等待 3 秒
2024-04-06 00:31:41 {"status":"bad","gid":"552067","msg":"添加失败！号码【1612024(-|-)】已存在！"}

2024-04-06 00:38:51 开始第 2105 次操作

2024-04-06 00:38:51 开始操作号码 【1612025】
2024-04-06 00:39:00 GSD getOne 第 1 次 等待 3 秒
2024-04-06 00:39:03 查询号码 【1612025】，返回信息 {"status":"ok","msg":"-","gid":"552090","time_insert":"2023-02-24 16:56"}
2024-04-06 00:39:03 查询号码 【1612025】，GSD为【"-"】
2024-04-06 00:39:03 ok && -
2024-04-06 00:39:06 CHB 1612025?1712335143 第 1 次 等待 3 秒
2024-04-06 00:39:09 CHB 1612025?1712335143 第 1 次 获取到号码【1612025】GSD
2024-04-06 00:39:09 未获取到号码【1612025】GSD，可能号码格式错误
2024-04-06 00:39:09 获取到号码【1612025】的GSD为【-】
2024-04-06 00:39:14 GSD insert 第 1 次 等待 3 秒
2024-04-06 00:39:17 {"status":"bad","gid":"552090","msg":"添加失败！号码【1612025(-|-)】已存在！"}
2024-04-06 00:39:17 随机等待 167 秒，约 2 分钟
2024-04-06 00:39:17 下次操作: 2024-04-06 00:42:04

2024-04-06 00:42:04 开始第 2106 次操作

2024-04-06 00:42:04 开始操作号码 【1612026】
2024-04-06 00:42:10 GSD getOne 第 1 次 等待 3 秒
2024-04-06 00:42:13 查询号码 【1612026】，返回信息 {"status":"ok","msg":"-","gid":"552113","time_insert":"2023-02-24 17:11"}
2024-04-06 00:42:13 查询号码 【1612026】，GSD为【"-"】
2024-04-06 00:42:13 ok && -
2024-04-06 00:42:15 CHB 1612026?1712335333 第 1 次 等待 3 秒
2024-04-06 00:42:18 CHB 1612026?1712335333 第 1 次 获取到号码【1612026】GSD
2024-04-06 00:42:18 未获取到号码【1612026】GSD，可能号码格式错误
2024-04-06 00:42:18 获取到号码【1612026】的GSD为【-】
2024-04-06 00:42:25 GSD insert 第 1 次 等待 3 秒
2024-04-06 00:42:28 {"status":"bad","gid":"552113","msg":"添加失败！号码【1612026(-|-)】已存在！"}
2024-04-06 00:42:28 随机等待 229 秒，约 3 分钟
2024-04-06 00:42:28 下次操作: 2024-04-06 00:46:17

2024-04-06 00:46:17 开始第 2107 次操作

2024-04-06 00:46:17 开始操作号码 【1612027】
2024-04-06 00:46:23 GSD getOne 第 1 次 等待 3 秒
2024-04-06 00:46:26 查询号码 【1612027】，返回信息 {"status":"ok","msg":"-","gid":"552143","time_insert":"2023-02-24 17:28"}
2024-04-06 00:46:26 查询号码 【1612027】，GSD为【"-"】
2024-04-06 00:46:26 ok && -
2024-04-06 00:46:28 CHB 1612027?1712335586 第 1 次 等待 3 秒
2024-04-06 00:46:31 CHB 1612027?1712335586 第 1 次 获取到号码【1612027】GSD
2024-04-06 00:46:31 未获取到号码【1612027】GSD，可能号码格式错误
2024-04-06 00:46:31 获取到号码【1612027】的GSD为【-】
2024-04-06 00:46:36 GSD insert 第 1 次 等待 3 秒
2024-04-06 00:46:39 {"status":"bad","gid":"552143","msg":"添加失败！号码【1612027(-|-)】已存在！"}
2024-04-06 00:46:39 随机等待 87 秒，约 1 分钟
2024-04-06 00:46:39 下次操作: 2024-04-06 00:48:06

2024-04-06 00:48:06 开始第 2108 次操作

2024-04-06 00:48:06 开始操作号码 【1612028】
2024-04-06 00:48:11 GSD getOne 第 1 次 等待 3 秒
2024-04-06 00:48:14 查询号码 【1612028】，返回信息 {"status":"ok","msg":"-","gid":"552175","time_insert":"2023-02-24 17:42"}
2024-04-06 00:48:14 查询号码 【1612028】，GSD为【"-"】
2024-04-06 00:48:14 ok && -
2024-04-06 00:48:17 CHB 1612028?1712335694 第 1 次 等待 3 秒
2024-04-06 00:48:20 CHB 1612028?1712335694 第 1 次 获取到号码【1612028】GSD
2024-04-06 00:48:20 未获取到号码【1612028】GSD，可能号码格式错误
2024-04-06 00:48:20 获取到号码【1612028】的GSD为【-】
2024-04-06 00:48:24 GSD insert 第 1 次 等待 3 秒
2024-04-06 00:48:27 {"status":"bad","gid":"552175","msg":"添加失败！号码【1612028(-|-)】已存在！"}

