2024-01-25 00:21:52 开始第 81 次操作
2024-01-25 00:21:52 号码【183（0000 ---> 9999）】处理完毕
2024-01-25 00:41:33 开始第 81 次操作
2024-01-25 00:41:33 号码【183（0000 ---> 9999）】处理完毕
2024-01-25 01:15:19 开始第 81 次操作
2024-01-25 01:15:19 号码【183（0000 ---> 9999）】处理完毕
2024-01-25 01:37:15 开始第 81 次操作
2024-01-25 01:37:15 号码【183（0000 ---> 9999）】处理完毕
2024-01-25 02:19:55 开始第 81 次操作
2024-01-25 02:19:55 号码【183（0000 ---> 9999）】处理完毕
2024-01-25 02:38:18 开始第 81 次操作
2024-01-25 02:38:18 号码【183（0000 ---> 9999）】处理完毕
2024-01-25 03:14:11 开始第 81 次操作
2024-01-25 03:14:11 号码【183（0000 ---> 9999）】处理完毕
2024-01-25 03:37:22 开始第 81 次操作
2024-01-25 03:37:22 号码【183（0000 ---> 9999）】处理完毕
2024-01-25 04:18:16 开始第 81 次操作
2024-01-25 04:18:16 号码【183（0000 ---> 9999）】处理完毕
2024-01-25 04:37:23 开始第 81 次操作
2024-01-25 04:37:23 号码【183（0000 ---> 9999）】处理完毕
2024-01-25 05:14:55 开始第 81 次操作
2024-01-25 05:14:55 号码【183（0000 ---> 9999）】处理完毕
2024-01-25 05:37:12 开始第 81 次操作
2024-01-25 05:37:12 号码【183（0000 ---> 9999）】处理完毕
2024-01-25 06:15:46 开始第 81 次操作
2024-01-25 06:15:46 号码【183（0000 ---> 9999）】处理完毕
2024-01-25 06:37:43 开始第 81 次操作
2024-01-25 06:37:43 号码【183（0000 ---> 9999）】处理完毕
2024-01-25 07:16:34 开始第 81 次操作
2024-01-25 07:16:34 号码【183（0000 ---> 9999）】处理完毕
2024-01-25 07:37:27 开始第 81 次操作
2024-01-25 07:37:27 号码【183（0000 ---> 9999）】处理完毕
2024-01-25 09:16:20 开始第 81 次操作
2024-01-25 09:16:20 号码【183（0000 ---> 9999）】处理完毕
2024-01-25 10:18:53 开始第 81 次操作
2024-01-25 10:18:53 号码【183（0000 ---> 9999）】处理完毕
2024-01-25 10:45:23 开始第 81 次操作
2024-01-25 10:45:23 号码【183（0000 ---> 9999）】处理完毕
2024-01-25 11:17:33 开始第 81 次操作
2024-01-25 11:17:33 号码【183（0000 ---> 9999）】处理完毕
2024-01-25 11:37:30 开始第 81 次操作
2024-01-25 11:37:30 号码【183（0000 ---> 9999）】处理完毕
2024-01-25 12:21:02 开始第 81 次操作
2024-01-25 12:21:02 号码【183（0000 ---> 9999）】处理完毕
2024-01-25 12:39:36 开始第 81 次操作
2024-01-25 12:39:36 号码【183（0000 ---> 9999）】处理完毕
2024-01-25 13:16:22 开始第 81 次操作
2024-01-25 13:16:22 号码【183（0000 ---> 9999）】处理完毕
2024-01-25 13:37:17 开始第 81 次操作
2024-01-25 13:37:17 号码【183（0000 ---> 9999）】处理完毕
2024-01-25 14:22:13 开始第 81 次操作
2024-01-25 14:22:13 号码【183（0000 ---> 9999）】处理完毕
2024-01-25 14:39:31 开始第 81 次操作
2024-01-25 14:39:31 号码【183（0000 ---> 9999）】处理完毕
2024-01-25 15:15:45 开始第 81 次操作
2024-01-25 15:15:45 号码【183（0000 ---> 9999）】处理完毕
2024-01-25 15:37:06 开始第 81 次操作
2024-01-25 15:37:06 号码【183（0000 ---> 9999）】处理完毕
2024-01-25 16:21:46 开始第 81 次操作
2024-01-25 16:21:46 号码【183（0000 ---> 9999）】处理完毕
2024-01-25 16:39:19 开始第 81 次操作
2024-01-25 16:39:19 号码【183（0000 ---> 9999）】处理完毕
2024-01-25 16:47:16 开始第 81 次操作

2024-01-25 16:47:16 开始操作号码 【1720000】
2024-01-25 16:47:40 GSD getOne 第 1 次 等待 3 秒
2024-01-25 16:47:43 查询号码 【1720000】，返回信息 {"status":"ok","msg":"北京-北京","gid":"132683","time_insert":"2021-06-26 15:23"}
2024-01-25 16:47:43 查询号码 【1720000】，GSD为【"北京-北京"】

2024-01-25 16:47:44 开始第 82 次操作

2024-01-25 16:47:44 开始操作号码 【1720001】
2024-01-25 16:48:08 GSD getOne 第 1 次 等待 3 秒
2024-01-25 16:48:11 查询号码 【1720001】，返回信息 {"status":"ok","msg":"北京-北京","gid":"132755","time_insert":"2021-06-26 15:40","time_update":"2021-07-01 01:15"}
2024-01-25 16:48:11 查询号码 【1720001】，GSD为【"北京-北京"】

2024-01-25 16:48:12 开始第 83 次操作

2024-01-25 16:48:12 开始操作号码 【1720002】
2024-01-25 16:48:36 GSD getOne 第 1 次 等待 3 秒
2024-01-25 16:48:39 查询号码 【1720002】，返回信息 {"status":"ok","msg":"北京-北京","gid":"132897","time_insert":"2021-06-26 15:59"}
2024-01-25 16:48:39 查询号码 【1720002】，GSD为【"北京-北京"】

2024-01-25 16:48:40 开始第 84 次操作

2024-01-25 16:48:40 开始操作号码 【1720003】
2024-01-25 16:49:03 GSD getOne 第 1 次 等待 3 秒
2024-01-25 16:49:06 查询号码 【1720003】，返回信息 {"status":"ok","msg":"北京-北京","gid":"132941","time_insert":"2021-06-26 16:18"}
2024-01-25 16:49:06 查询号码 【1720003】，GSD为【"北京-北京"】

2024-01-25 17:16:58 开始第 85 次操作

2024-01-25 17:16:58 开始操作号码 【1720004】
2024-01-25 17:17:21 GSD getOne 第 1 次 等待 3 秒
2024-01-25 17:17:24 查询号码 【1720004】，返回信息 {"status":"ok","msg":"北京-北京","gid":"132969","time_insert":"2021-06-26 16:38"}
2024-01-25 17:17:24 查询号码 【1720004】，GSD为【"北京-北京"】

2024-01-25 17:17:26 开始第 86 次操作

2024-01-25 17:17:26 开始操作号码 【1720005】
2024-01-25 17:17:51 GSD getOne 第 1 次 等待 3 秒
2024-01-25 17:17:54 查询号码 【1720005】，返回信息 {"status":"ok","msg":"北京-北京","gid":"133083","time_insert":"2021-06-26 16:55"}
2024-01-25 17:17:54 查询号码 【1720005】，GSD为【"北京-北京"】

2024-01-25 17:17:55 开始第 87 次操作

2024-01-25 17:17:55 开始操作号码 【1720006】
2024-01-25 17:18:19 GSD getOne 第 1 次 等待 3 秒
2024-01-25 17:18:22 查询号码 【1720006】，返回信息 {"status":"ok","msg":"北京-北京","gid":"133165","time_insert":"2021-06-26 17:11"}
2024-01-25 17:18:22 查询号码 【1720006】，GSD为【"北京-北京"】

2024-01-25 17:18:23 开始第 88 次操作

2024-01-25 17:18:23 开始操作号码 【1720007】
2024-01-25 17:18:48 GSD getOne 第 1 次 等待 3 秒
2024-01-25 17:18:51 查询号码 【1720007】，返回信息 {"status":"ok","msg":"北京-北京","gid":"133266","time_insert":"2021-06-26 17:30"}
2024-01-25 17:18:51 查询号码 【1720007】，GSD为【"北京-北京"】

2024-01-25 17:37:33 开始第 89 次操作

2024-01-25 17:37:33 开始操作号码 【1720008】
2024-01-25 17:37:58 GSD getOne 第 1 次 等待 3 秒
2024-01-25 17:38:01 查询号码 【1720008】，返回信息 {"status":"ok","msg":"北京-北京","gid":"133312","time_insert":"2021-06-26 17:46"}
2024-01-25 17:38:01 查询号码 【1720008】，GSD为【"北京-北京"】

2024-01-25 17:38:02 开始第 90 次操作

2024-01-25 17:38:02 开始操作号码 【1720009】
2024-01-25 17:38:26 GSD getOne 第 1 次 等待 3 秒
2024-01-25 17:38:29 查询号码 【1720009】，返回信息 {"status":"ok","msg":"北京-北京","gid":"133537","time_insert":"2021-06-26 18:04"}
2024-01-25 17:38:29 查询号码 【1720009】，GSD为【"北京-北京"】

2024-01-25 17:38:30 开始第 91 次操作

2024-01-25 17:38:30 开始操作号码 【1720010】
2024-01-25 17:38:53 GSD getOne 第 1 次 等待 3 秒
2024-01-25 17:38:56 查询号码 【1720010】，返回信息 {"status":"ok","msg":"北京-北京","gid":"133610","time_insert":"2021-06-26 18:24"}
2024-01-25 17:38:56 查询号码 【1720010】，GSD为【"北京-北京"】

2024-01-25 17:38:57 开始第 92 次操作

2024-01-25 17:38:57 开始操作号码 【1720011】
2024-01-25 17:39:21 GSD getOne 第 1 次 等待 3 秒
2024-01-25 17:39:24 查询号码 【1720011】，返回信息 {"status":"ok","msg":"北京-北京","gid":"133636","time_insert":"2021-06-26 18:40"}
2024-01-25 17:39:24 查询号码 【1720011】，GSD为【"北京-北京"】

2024-01-25 18:18:20 开始第 93 次操作

2024-01-25 18:18:20 开始操作号码 【1720012】
2024-01-25 18:18:45 GSD getOne 第 1 次 等待 3 秒
2024-01-25 18:18:48 查询号码 【1720012】，返回信息 {"status":"ok","msg":"北京-北京","gid":"133835","time_insert":"2021-06-26 18:59"}
2024-01-25 18:18:49 查询号码 【1720012】，GSD为【"北京-北京"】

2024-01-25 18:18:50 开始第 94 次操作

2024-01-25 18:18:50 开始操作号码 【1720013】
2024-01-25 18:19:13 GSD getOne 第 1 次 等待 3 秒
2024-01-25 18:19:16 查询号码 【1720013】，返回信息 {"status":"ok","msg":"北京-北京","gid":"133929","time_insert":"2021-06-26 19:14"}
2024-01-25 18:19:16 查询号码 【1720013】，GSD为【"北京-北京"】

2024-01-25 18:19:17 开始第 95 次操作

2024-01-25 18:19:17 开始操作号码 【1720014】
2024-01-25 18:19:41 GSD getOne 第 1 次 等待 3 秒
2024-01-25 18:19:44 查询号码 【1720014】，返回信息 {"status":"ok","msg":"北京-北京","gid":"133959","time_insert":"2021-06-26 19:31"}
2024-01-25 18:19:44 查询号码 【1720014】，GSD为【"北京-北京"】

2024-01-25 18:19:45 开始第 96 次操作

2024-01-25 18:19:45 开始操作号码 【1720015】
2024-01-25 18:20:09 GSD getOne 第 1 次 等待 3 秒
2024-01-25 18:20:12 查询号码 【1720015】，返回信息 {"status":"ok","msg":"北京-北京","gid":"134175","time_insert":"2021-06-26 19:51"}
2024-01-25 18:20:12 查询号码 【1720015】，GSD为【"北京-北京"】

2024-01-25 18:39:29 开始第 97 次操作

2024-01-25 18:39:29 开始操作号码 【1720016】
2024-01-25 18:39:53 GSD getOne 第 1 次 等待 3 秒
2024-01-25 18:39:56 查询号码 【1720016】，返回信息 {"status":"ok","msg":"北京-北京","gid":"134257","time_insert":"2021-06-26 20:09"}
2024-01-25 18:39:56 查询号码 【1720016】，GSD为【"北京-北京"】

2024-01-25 18:39:57 开始第 98 次操作

2024-01-25 18:39:57 开始操作号码 【1720017】
2024-01-25 18:40:20 GSD getOne 第 1 次 等待 3 秒
2024-01-25 18:40:23 查询号码 【1720017】，返回信息 {"status":"ok","msg":"北京-北京","gid":"134282","time_insert":"2021-06-26 20:27"}
2024-01-25 18:40:23 查询号码 【1720017】，GSD为【"北京-北京"】

2024-01-25 18:40:24 开始第 99 次操作

2024-01-25 18:40:24 开始操作号码 【1720018】
2024-01-25 18:40:48 GSD getOne 第 1 次 等待 3 秒
2024-01-25 18:40:51 查询号码 【1720018】，返回信息 {"status":"ok","msg":"北京-北京","gid":"134303","time_insert":"2021-06-26 20:42"}
2024-01-25 18:40:51 查询号码 【1720018】，GSD为【"北京-北京"】

2024-01-25 18:40:52 开始第 100 次操作

2024-01-25 18:40:52 开始操作号码 【1720019】
2024-01-25 18:41:15 GSD getOne 第 1 次 等待 3 秒
2024-01-25 18:41:18 查询号码 【1720019】，返回信息 {"status":"ok","msg":"北京-北京","gid":"134331","time_insert":"2021-06-26 21:00"}
2024-01-25 18:41:18 查询号码 【1720019】，GSD为【"北京-北京"】

2024-01-25 19:14:14 开始第 101 次操作

2024-01-25 19:14:14 开始操作号码 【1720020】
2024-01-25 19:14:38 GSD getOne 第 1 次 等待 3 秒
2024-01-25 19:14:41 查询号码 【1720020】，返回信息 {"status":"ok","msg":"北京-北京","gid":"134420","time_insert":"2021-06-26 21:18"}
2024-01-25 19:14:41 查询号码 【1720020】，GSD为【"北京-北京"】

2024-01-25 19:14:42 开始第 102 次操作

2024-01-25 19:14:42 开始操作号码 【1720021】
2024-01-25 19:15:06 GSD getOne 第 1 次 等待 3 秒
2024-01-25 19:15:09 查询号码 【1720021】，返回信息 {"status":"ok","msg":"北京-北京","gid":"134574","time_insert":"2021-06-26 21:35"}
2024-01-25 19:15:09 查询号码 【1720021】，GSD为【"北京-北京"】

2024-01-25 19:15:10 开始第 103 次操作

2024-01-25 19:15:10 开始操作号码 【1720022】
2024-01-25 19:15:34 GSD getOne 第 1 次 等待 3 秒
2024-01-25 19:15:37 查询号码 【1720022】，返回信息 {"status":"ok","msg":"北京-北京","gid":"134751","time_insert":"2021-06-26 21:52"}
2024-01-25 19:15:37 查询号码 【1720022】，GSD为【"北京-北京"】

2024-01-25 19:15:38 开始第 104 次操作

2024-01-25 19:15:38 开始操作号码 【1720023】
2024-01-25 19:16:01 GSD getOne 第 1 次 等待 3 秒
2024-01-25 19:16:05 查询号码 【1720023】，返回信息 {"status":"ok","msg":"北京-北京","gid":"134889","time_insert":"2021-06-26 22:09"}
2024-01-25 19:16:05 查询号码 【1720023】，GSD为【"北京-北京"】

2024-01-25 19:36:59 开始第 105 次操作

2024-01-25 19:36:59 开始操作号码 【1720024】
2024-01-25 19:37:23 GSD getOne 第 1 次 等待 3 秒
2024-01-25 19:37:26 查询号码 【1720024】，返回信息 {"status":"ok","msg":"北京-北京","gid":"134944","time_insert":"2021-06-26 22:26"}
2024-01-25 19:37:26 查询号码 【1720024】，GSD为【"北京-北京"】

2024-01-25 19:37:27 开始第 106 次操作

2024-01-25 19:37:27 开始操作号码 【1720025】
2024-01-25 19:37:51 GSD getOne 第 1 次 等待 3 秒
2024-01-25 19:37:54 查询号码 【1720025】，返回信息 {"status":"ok","msg":"北京-北京","gid":"135039","time_insert":"2021-06-26 22:44"}
2024-01-25 19:37:54 查询号码 【1720025】，GSD为【"北京-北京"】

2024-01-25 19:37:55 开始第 107 次操作

2024-01-25 19:37:55 开始操作号码 【1720026】
2024-01-25 19:38:19 GSD getOne 第 1 次 等待 3 秒
2024-01-25 19:38:22 查询号码 【1720026】，返回信息 {"status":"ok","msg":"北京-北京","gid":"135195","time_insert":"2021-06-26 23:01"}
2024-01-25 19:38:22 查询号码 【1720026】，GSD为【"北京-北京"】

2024-01-25 19:38:23 开始第 108 次操作

2024-01-25 19:38:23 开始操作号码 【1720027】
2024-01-25 19:38:47 GSD getOne 第 1 次 等待 3 秒
2024-01-25 19:38:50 查询号码 【1720027】，返回信息 {"status":"ok","msg":"北京-北京","gid":"135269","time_insert":"2021-06-26 23:20"}
2024-01-25 19:38:51 查询号码 【1720027】，GSD为【"北京-北京"】

2024-01-25 20:32:46 开始第 109 次操作

2024-01-25 20:32:46 开始操作号码 【1720028】
2024-01-25 20:33:10 GSD getOne 第 1 次 等待 3 秒
2024-01-25 20:33:13 查询号码 【1720028】，返回信息 {"status":"ok","msg":"北京-北京","gid":"135295","time_insert":"2021-06-26 23:38"}
2024-01-25 20:33:13 查询号码 【1720028】，GSD为【"北京-北京"】

2024-01-25 20:33:14 开始第 110 次操作

2024-01-25 20:33:14 开始操作号码 【1720029】
2024-01-25 20:33:38 GSD getOne 第 1 次 等待 3 秒
2024-01-25 20:33:41 查询号码 【1720029】，返回信息 {"status":"ok","msg":"北京-北京","gid":"135327","time_insert":"2021-06-26 23:54"}
2024-01-25 20:33:41 查询号码 【1720029】，GSD为【"北京-北京"】

2024-01-25 20:33:42 开始第 111 次操作

2024-01-25 20:33:42 开始操作号码 【1720030】
2024-01-25 20:34:07 GSD getOne 第 1 次 等待 3 秒
2024-01-25 20:34:10 查询号码 【1720030】，返回信息 {"status":"ok","msg":"北京-北京","gid":"135522","time_insert":"2021-06-27 00:12"}
2024-01-25 20:34:10 查询号码 【1720030】，GSD为【"北京-北京"】

2024-01-25 20:34:11 开始第 112 次操作

2024-01-25 20:34:11 开始操作号码 【1720031】
2024-01-25 20:34:36 GSD getOne 第 1 次 等待 3 秒
2024-01-25 20:34:39 查询号码 【1720031】，返回信息 {"status":"ok","msg":"北京-北京","gid":"135613","time_insert":"2021-06-27 00:27"}
2024-01-25 20:34:39 查询号码 【1720031】，GSD为【"北京-北京"】

2024-01-25 21:20:22 开始第 113 次操作

2024-01-25 21:20:22 开始操作号码 【1720032】
2024-01-25 21:20:46 GSD getOne 第 1 次 等待 3 秒
2024-01-25 21:20:49 查询号码 【1720032】，返回信息 {"status":"ok","msg":"北京-北京","gid":"135640","time_insert":"2021-06-27 00:45"}
2024-01-25 21:20:49 查询号码 【1720032】，GSD为【"北京-北京"】

2024-01-25 21:20:50 开始第 114 次操作

2024-01-25 21:20:50 开始操作号码 【1720033】
2024-01-25 21:21:14 GSD getOne 第 1 次 等待 3 秒
2024-01-25 21:21:17 查询号码 【1720033】，返回信息 {"status":"ok","msg":"北京-北京","gid":"135669","time_insert":"2021-06-27 01:03"}
2024-01-25 21:21:17 查询号码 【1720033】，GSD为【"北京-北京"】

2024-01-25 21:21:18 开始第 115 次操作

2024-01-25 21:21:18 开始操作号码 【1720034】
2024-01-25 21:21:42 GSD getOne 第 1 次 等待 3 秒
2024-01-25 21:21:45 查询号码 【1720034】，返回信息 {"status":"ok","msg":"北京-北京","gid":"135721","time_insert":"2021-06-27 01:20"}
2024-01-25 21:21:45 查询号码 【1720034】，GSD为【"北京-北京"】

2024-01-25 21:21:46 开始第 116 次操作

2024-01-25 21:21:46 开始操作号码 【1720035】
2024-01-25 21:22:11 GSD getOne 第 1 次 等待 3 秒
2024-01-25 21:22:14 查询号码 【1720035】，返回信息 {"status":"ok","msg":"北京-北京","gid":"135819","time_insert":"2021-06-27 01:38"}
2024-01-25 21:22:14 查询号码 【1720035】，GSD为【"北京-北京"】

2024-01-25 21:37:23 开始第 117 次操作

2024-01-25 21:37:23 开始操作号码 【1720036】
2024-01-25 21:37:48 GSD getOne 第 1 次 等待 3 秒
2024-01-25 21:37:51 查询号码 【1720036】，返回信息 {"status":"ok","msg":"北京-北京","gid":"136012","time_insert":"2021-06-27 01:56"}
2024-01-25 21:37:51 查询号码 【1720036】，GSD为【"北京-北京"】

2024-01-25 21:37:52 开始第 118 次操作

2024-01-25 21:37:52 开始操作号码 【1720037】
2024-01-25 21:38:16 GSD getOne 第 1 次 等待 3 秒
2024-01-25 21:38:19 查询号码 【1720037】，返回信息 {"status":"ok","msg":"北京-北京","gid":"136076","time_insert":"2021-06-27 02:15"}
2024-01-25 21:38:19 查询号码 【1720037】，GSD为【"北京-北京"】

2024-01-25 21:38:20 开始第 119 次操作

2024-01-25 21:38:20 开始操作号码 【1720038】
2024-01-25 21:38:44 GSD getOne 第 1 次 等待 3 秒
2024-01-25 21:38:47 查询号码 【1720038】，返回信息 {"status":"ok","msg":"北京-北京","gid":"136104","time_insert":"2021-06-27 02:31"}
2024-01-25 21:38:47 查询号码 【1720038】，GSD为【"北京-北京"】

2024-01-25 21:38:48 开始第 120 次操作

2024-01-25 21:38:48 开始操作号码 【1720039】
2024-01-25 21:39:12 GSD getOne 第 1 次 等待 3 秒
2024-01-25 21:39:15 查询号码 【1720039】，返回信息 {"status":"ok","msg":"北京-北京","gid":"136129","time_insert":"2021-06-27 02:48"}
2024-01-25 21:39:15 查询号码 【1720039】，GSD为【"北京-北京"】

2024-01-25 22:16:04 开始第 121 次操作

2024-01-25 22:16:04 开始操作号码 【1720040】
2024-01-25 22:16:28 GSD getOne 第 1 次 等待 3 秒
2024-01-25 22:16:31 查询号码 【1720040】，返回信息 {"status":"ok","msg":"北京-北京","gid":"136282","time_insert":"2021-06-27 03:05"}
2024-01-25 22:16:31 查询号码 【1720040】，GSD为【"北京-北京"】

2024-01-25 22:16:32 开始第 122 次操作

2024-01-25 22:16:32 开始操作号码 【1720041】
2024-01-25 22:16:56 GSD getOne 第 1 次 等待 3 秒
2024-01-25 22:16:59 查询号码 【1720041】，返回信息 {"status":"ok","msg":"北京-北京","gid":"136422","time_insert":"2021-06-27 03:22"}
2024-01-25 22:16:59 查询号码 【1720041】，GSD为【"北京-北京"】

2024-01-25 22:17:00 开始第 123 次操作

2024-01-25 22:17:00 开始操作号码 【1720042】
2024-01-25 22:17:41 GSD getOne 第 1 次 等待 3 秒
2024-01-25 22:17:44 查询号码 【1720042】，返回信息 {"status":"ok","msg":"北京-北京","gid":"136483","time_insert":"2021-06-27 03:38"}
2024-01-25 22:17:44 查询号码 【1720042】，GSD为【"北京-北京"】

2024-01-25 22:17:45 开始第 124 次操作

2024-01-25 22:17:45 开始操作号码 【1720043】
2024-01-25 22:18:09 GSD getOne 第 1 次 等待 3 秒
2024-01-25 22:18:12 查询号码 【1720043】，返回信息 {"status":"ok","msg":"北京-北京","gid":"136701","time_insert":"2021-06-27 03:57"}
2024-01-25 22:18:12 查询号码 【1720043】，GSD为【"北京-北京"】

2024-01-25 22:37:51 开始第 125 次操作

2024-01-25 22:37:51 开始操作号码 【1720044】
2024-01-25 22:38:15 GSD getOne 第 1 次 等待 3 秒
2024-01-25 22:38:18 查询号码 【1720044】，返回信息 {"status":"ok","msg":"北京-北京","gid":"136738","time_insert":"2021-06-27 04:13"}
2024-01-25 22:38:18 查询号码 【1720044】，GSD为【"北京-北京"】

2024-01-25 22:38:19 开始第 126 次操作

2024-01-25 22:38:19 开始操作号码 【1720045】
2024-01-25 22:38:42 GSD getOne 第 1 次 等待 3 秒
2024-01-25 22:38:45 查询号码 【1720045】，返回信息 {"status":"ok","msg":"北京-北京","gid":"136765","time_insert":"2021-06-27 04:32"}
2024-01-25 22:38:45 查询号码 【1720045】，GSD为【"北京-北京"】

2024-01-25 22:38:46 开始第 127 次操作

2024-01-25 22:38:46 开始操作号码 【1720046】
2024-01-25 22:39:10 GSD getOne 第 1 次 等待 3 秒
2024-01-25 22:39:13 查询号码 【1720046】，返回信息 {"status":"ok","msg":"北京-北京","gid":"136900","time_insert":"2021-06-27 04:47"}
2024-01-25 22:39:13 查询号码 【1720046】，GSD为【"北京-北京"】

2024-01-25 22:39:14 开始第 128 次操作

2024-01-25 22:39:14 开始操作号码 【1720047】
2024-01-25 22:39:38 GSD getOne 第 1 次 等待 3 秒
2024-01-25 22:39:41 查询号码 【1720047】，返回信息 {"status":"ok","msg":"北京-北京","gid":"137044","time_insert":"2021-06-27 05:06"}
2024-01-25 22:39:41 查询号码 【1720047】，GSD为【"北京-北京"】

2024-01-25 23:18:03 开始第 129 次操作

2024-01-25 23:18:03 开始操作号码 【1720048】
2024-01-25 23:18:27 GSD getOne 第 1 次 等待 3 秒
2024-01-25 23:18:30 查询号码 【1720048】，返回信息 {"status":"ok","msg":"北京-北京","gid":"137070","time_insert":"2021-06-27 05:23"}
2024-01-25 23:18:30 查询号码 【1720048】，GSD为【"北京-北京"】

2024-01-25 23:18:31 开始第 130 次操作

2024-01-25 23:18:31 开始操作号码 【1720049】
2024-01-25 23:18:55 GSD getOne 第 1 次 等待 3 秒
2024-01-25 23:18:58 查询号码 【1720049】，返回信息 {"status":"ok","msg":"北京-北京","gid":"137095","time_insert":"2021-06-27 05:41"}
2024-01-25 23:18:58 查询号码 【1720049】，GSD为【"北京-北京"】

2024-01-25 23:18:59 开始第 131 次操作

2024-01-25 23:18:59 开始操作号码 【1720050】
2024-01-25 23:19:23 GSD getOne 第 1 次 等待 3 秒
2024-01-25 23:19:26 查询号码 【1720050】，返回信息 {"status":"ok","msg":"山西-太原","gid":"137271","time_insert":"2021-06-27 06:01"}
2024-01-25 23:19:26 查询号码 【1720050】，GSD为【"山西-太原"】

2024-01-25 23:19:27 开始第 132 次操作

2024-01-25 23:19:27 开始操作号码 【1720051】
2024-01-25 23:19:50 GSD getOne 第 1 次 等待 3 秒
2024-01-25 23:19:53 查询号码 【1720051】，返回信息 {"status":"ok","msg":"山西-太原","gid":"137329","time_insert":"2021-06-27 06:17"}
2024-01-25 23:19:53 查询号码 【1720051】，GSD为【"山西-太原"】

2024-01-25 23:37:34 开始第 133 次操作

2024-01-25 23:37:34 开始操作号码 【1720052】
2024-01-25 23:37:58 GSD getOne 第 1 次 等待 3 秒
2024-01-25 23:38:01 查询号码 【1720052】，返回信息 {"status":"ok","msg":"山西-太原","gid":"137356","time_insert":"2021-06-27 06:35"}
2024-01-25 23:38:01 查询号码 【1720052】，GSD为【"山西-太原"】

2024-01-25 23:38:02 开始第 134 次操作

2024-01-25 23:38:02 开始操作号码 【1720053】
2024-01-25 23:38:25 GSD getOne 第 1 次 等待 3 秒
2024-01-25 23:38:28 查询号码 【1720053】，返回信息 {"status":"ok","msg":"山西-太原","gid":"137497","time_insert":"2021-06-27 06:54"}
2024-01-25 23:38:28 查询号码 【1720053】，GSD为【"山西-太原"】

2024-01-25 23:38:29 开始第 135 次操作

2024-01-25 23:38:30 开始操作号码 【1720054】
2024-01-25 23:38:53 GSD getOne 第 1 次 等待 3 秒
2024-01-25 23:38:56 查询号码 【1720054】，返回信息 {"status":"ok","msg":"山西-太原","gid":"137588","time_insert":"2021-06-27 07:10"}
2024-01-25 23:38:56 查询号码 【1720054】，GSD为【"山西-太原"】

2024-01-25 23:38:57 开始第 136 次操作

2024-01-25 23:38:57 开始操作号码 【1720055】
2024-01-25 23:39:20 GSD getOne 第 1 次 等待 3 秒
2024-01-25 23:39:23 查询号码 【1720055】，返回信息 {"status":"ok","msg":"山西-太原","gid":"137615","time_insert":"2021-06-27 07:30"}
2024-01-25 23:39:24 查询号码 【1720055】，GSD为【"山西-太原"】

