2024-08-29 00:25:33 开始第 1669 次操作

2024-08-29 00:25:33 开始操作号码 【1391668】
2024-08-29 00:25:41 GSD getOne 第 1 次 等待 3 秒
2024-08-29 00:25:44 查询号码 【1391668】，返回信息 {"status":"ok","msg":"上海-上海","gid":"82378","time_insert":"2021-06-06 07:08"}
2024-08-29 00:25:44 查询号码 【1391668】，GSD为【"上海-上海"】

2024-08-29 00:25:45 开始第 1670 次操作

2024-08-29 00:25:45 开始操作号码 【1391669】
2024-08-29 00:25:53 GSD getOne 第 1 次 等待 3 秒
2024-08-29 00:25:56 查询号码 【1391669】，返回信息 {"status":"ok","msg":"上海-上海","gid":"82405","time_insert":"2021-06-06 07:36"}
2024-08-29 00:25:56 查询号码 【1391669】，GSD为【"上海-上海"】

2024-08-29 00:25:57 开始第 1671 次操作

2024-08-29 00:25:57 开始操作号码 【1391670】
2024-08-29 00:26:06 GSD getOne 第 1 次 等待 3 秒
2024-08-29 00:26:09 查询号码 【1391670】，返回信息 {"status":"ok","msg":"上海-上海","gid":"82426","time_insert":"2021-06-06 07:57"}
2024-08-29 00:26:09 查询号码 【1391670】，GSD为【"上海-上海"】

2024-08-29 00:26:10 开始第 1672 次操作

2024-08-29 00:26:10 开始操作号码 【1391671】
2024-08-29 00:26:19 GSD getOne 第 1 次 等待 3 秒
2024-08-29 00:26:22 查询号码 【1391671】，返回信息 {"status":"ok","msg":"上海-上海","gid":"82440","time_insert":"2021-06-06 08:14"}
2024-08-29 00:26:22 查询号码 【1391671】，GSD为【"上海-上海"】

