2024-09-19 00:26:01 开始第 5273 次操作

2024-09-19 00:26:01 开始操作号码 【1395272】
2024-09-19 00:26:09 GSD getOne 第 1 次 等待 3 秒
2024-09-19 00:26:12 查询号码 【1395272】，返回信息 {"status":"ok","msg":"江苏-扬州","gid":"286708","time_insert":"2021-07-15 19:25"}
2024-09-19 00:26:12 查询号码 【1395272】，GSD为【"江苏-扬州"】

2024-09-19 00:26:13 开始第 5274 次操作

2024-09-19 00:26:13 开始操作号码 【1395273】
2024-09-19 00:26:23 GSD getOne 第 1 次 等待 3 秒
2024-09-19 00:26:26 查询号码 【1395273】，返回信息 {"status":"ok","msg":"江苏-扬州","gid":"286758","time_insert":"2021-07-15 19:38","time_update":"2021-07-16 09:08"}
2024-09-19 00:26:26 查询号码 【1395273】，GSD为【"江苏-扬州"】

2024-09-19 00:26:27 开始第 5275 次操作

2024-09-19 00:26:27 开始操作号码 【1395274】
2024-09-19 00:26:35 GSD getOne 第 1 次 等待 3 秒
2024-09-19 00:26:38 查询号码 【1395274】，返回信息 {"status":"ok","msg":"江苏-扬州","gid":"286906","time_insert":"2021-07-15 19:52"}
2024-09-19 00:26:38 查询号码 【1395274】，GSD为【"江苏-扬州"】

2024-09-19 00:26:39 开始第 5276 次操作

2024-09-19 00:26:39 开始操作号码 【1395275】
2024-09-19 00:26:47 GSD getOne 第 1 次 等待 3 秒
2024-09-19 00:26:50 查询号码 【1395275】，返回信息 {"status":"ok","msg":"江苏-扬州","gid":"286998","time_insert":"2021-07-15 20:03","time_update":"2021-07-16 09:14"}
2024-09-19 00:26:50 查询号码 【1395275】，GSD为【"江苏-扬州"】

