2024-11-27 00:09:36 开始第 7133 次操作

2024-11-27 00:09:36 开始操作号码 【1317132】
2024-11-27 00:09:37 GSD getOne 第 1 次 等待 3 秒
2024-11-27 00:09:40 查询号码 【1317132】，返回信息 {"status":"ok","msg":"内蒙古-巴彦淖尔","gid":"228252","time_insert":"2021-07-09 04:51"}
2024-11-27 00:09:40 查询号码 【1317132】，GSD为【"内蒙古-巴彦淖尔"】

2024-11-27 00:09:41 开始第 7134 次操作

2024-11-27 00:09:41 开始操作号码 【1317133】
2024-11-27 00:09:42 GSD getOne 第 1 次 等待 3 秒
2024-11-27 00:09:45 查询号码 【1317133】，返回信息 {"status":"ok","msg":"内蒙古-巴彦淖尔","gid":"228245","time_insert":"2021-07-09 04:51"}
2024-11-27 00:09:45 查询号码 【1317133】，GSD为【"内蒙古-巴彦淖尔"】

2024-11-27 00:09:46 开始第 7135 次操作

2024-11-27 00:09:46 开始操作号码 【1317134】
2024-11-27 00:09:47 GSD getOne 第 1 次 等待 3 秒
2024-11-27 00:09:50 查询号码 【1317134】，返回信息 {"status":"ok","msg":"内蒙古-巴彦淖尔","gid":"228240","time_insert":"2021-07-09 04:50"}
2024-11-27 00:09:50 查询号码 【1317134】，GSD为【"内蒙古-巴彦淖尔"】

2024-11-27 00:09:51 开始第 7136 次操作

2024-11-27 00:09:51 开始操作号码 【1317135】
2024-11-27 00:09:52 GSD getOne 第 1 次 等待 3 秒
2024-11-27 00:09:55 查询号码 【1317135】，返回信息 {"status":"ok","msg":"内蒙古-赤峰","gid":"228236","time_insert":"2021-07-09 04:50"}
2024-11-27 00:09:55 查询号码 【1317135】，GSD为【"内蒙古-赤峰"】

