2024-05-17 00:21:12 开始第 9229 次操作

2024-05-17 00:21:12 开始操作号码 【1619139】
2024-05-17 00:21:19 GSD getOne 第 1 次 等待 3 秒
2024-05-17 00:21:22 查询号码 【1619139】，返回信息 {"status":"ok","msg":"-","gid":"685602","time_insert":"2023-04-29 23:33"}
2024-05-17 00:21:22 查询号码 【1619139】，GSD为【"-"】
2024-05-17 00:21:22 ok && -
2024-05-17 00:21:24 CHB 1619139?1715876482 第 1 次 等待 3 秒
2024-05-17 00:21:27 CHB 1619139?1715876482 第 1 次 获取到号码【1619139】GSD
2024-05-17 00:21:27 未获取到号码【1619139】GSD，可能号码格式错误
2024-05-17 00:21:27 获取到号码【1619139】的GSD为【-】
2024-05-17 00:21:34 GSD insert 第 1 次 等待 3 秒
2024-05-17 00:21:37 {"status":"bad","gid":"685602","msg":"添加失败！号码【1619139(-|-)】已存在！"}
2024-05-17 00:21:37 随机等待 76 秒，约 1 分钟
2024-05-17 00:21:37 下次操作: 2024-05-17 00:22:53

2024-05-17 00:22:53 开始第 9230 次操作

2024-05-17 00:22:53 开始操作号码 【1619140】
2024-05-17 00:23:01 GSD getOne 第 1 次 等待 3 秒
2024-05-17 00:23:04 查询号码 【1619140】，返回信息 {"status":"ok","msg":"-","gid":"685630","time_insert":"2023-04-29 23:48"}
2024-05-17 00:23:04 查询号码 【1619140】，GSD为【"-"】
2024-05-17 00:23:04 ok && -
2024-05-17 00:23:07 CHB 1619140?1715876584 第 1 次 等待 3 秒
2024-05-17 00:23:10 CHB 1619140?1715876584 第 1 次 获取到号码【1619140】GSD
2024-05-17 00:23:10 未获取到号码【1619140】GSD，可能号码格式错误
2024-05-17 00:23:10 获取到号码【1619140】的GSD为【-】
2024-05-17 00:23:15 GSD insert 第 1 次 等待 3 秒
2024-05-17 00:23:18 {"status":"bad","gid":"685630","msg":"添加失败！号码【1619140(-|-)】已存在！"}
2024-05-17 00:23:18 随机等待 176 秒，约 2 分钟
2024-05-17 00:23:18 下次操作: 2024-05-17 00:26:14

2024-05-17 00:26:14 开始第 9231 次操作

2024-05-17 00:26:14 开始操作号码 【1619141】
2024-05-17 00:26:21 GSD getOne 第 1 次 等待 3 秒
2024-05-17 00:26:24 查询号码 【1619141】，返回信息 {"status":"ok","msg":"-","gid":"685655","time_insert":"2023-04-30 00:05"}
2024-05-17 00:26:24 查询号码 【1619141】，GSD为【"-"】
2024-05-17 00:26:24 ok && -
2024-05-17 00:26:26 CHB 1619141?1715876784 第 1 次 等待 3 秒
2024-05-17 00:26:29 CHB 1619141?1715876784 第 1 次 获取到号码【1619141】GSD
2024-05-17 00:26:29 未获取到号码【1619141】GSD，可能号码格式错误
2024-05-17 00:26:29 获取到号码【1619141】的GSD为【-】
2024-05-17 00:26:37 GSD insert 第 1 次 等待 3 秒
2024-05-17 00:26:40 {"status":"bad","gid":"685655","msg":"添加失败！号码【1619141(-|-)】已存在！"}
2024-05-17 00:26:41 随机等待 188 秒，约 3 分钟
2024-05-17 00:26:41 下次操作: 2024-05-17 00:29:49

2024-05-17 00:29:49 开始第 9232 次操作

2024-05-17 00:29:49 开始操作号码 【1619142】
2024-05-17 00:29:58 GSD getOne 第 1 次 等待 3 秒
2024-05-17 00:30:01 查询号码 【1619142】，返回信息 {"status":"ok","msg":"-","gid":"685679","time_insert":"2023-04-30 00:21"}
2024-05-17 00:30:01 查询号码 【1619142】，GSD为【"-"】
2024-05-17 00:30:01 ok && -
2024-05-17 00:30:04 CHB 1619142?1715877001 第 1 次 等待 3 秒
2024-05-17 00:30:07 CHB 1619142?1715877001 第 1 次 获取到号码【1619142】GSD
2024-05-17 00:30:07 未获取到号码【1619142】GSD，可能号码格式错误
2024-05-17 00:30:07 获取到号码【1619142】的GSD为【-】
2024-05-17 00:30:13 GSD insert 第 1 次 等待 3 秒
2024-05-17 00:30:16 {"status":"bad","gid":"685679","msg":"添加失败！号码【1619142(-|-)】已存在！"}

