2024-09-28 00:26:30 开始第 6781 次操作

2024-09-28 00:26:30 开始操作号码 【1396780】
2024-09-28 00:26:32 GSD getOne 第 1 次 等待 3 秒
2024-09-28 00:26:35 查询号码 【1396780】，返回信息 {"status":"ok","msg":"浙江-宁波","gid":"320791","time_insert":"2021-07-19 00:43"}
2024-09-28 00:26:35 查询号码 【1396780】，GSD为【"浙江-宁波"】

2024-09-28 00:26:36 开始第 6782 次操作

2024-09-28 00:26:36 开始操作号码 【1396781】
2024-09-28 00:26:38 GSD getOne 第 1 次 等待 3 秒
2024-09-28 00:26:41 查询号码 【1396781】，返回信息 {"status":"ok","msg":"浙江-宁波","gid":"320792","time_insert":"2021-07-19 00:44"}
2024-09-28 00:26:42 查询号码 【1396781】，GSD为【"浙江-宁波"】

2024-09-28 00:26:43 开始第 6783 次操作

2024-09-28 00:26:43 开始操作号码 【1396782】
2024-09-28 00:26:45 GSD getOne 第 1 次 等待 3 秒
2024-09-28 00:26:48 查询号码 【1396782】，返回信息 {"status":"ok","msg":"浙江-宁波","gid":"13384","time_insert":"2016-11-23 09:26","time_update":"2020-08-29 23:10"}
2024-09-28 00:26:48 查询号码 【1396782】，GSD为【"浙江-宁波"】

2024-09-28 00:26:49 开始第 6784 次操作

2024-09-28 00:26:49 开始操作号码 【1396783】
2024-09-28 00:26:51 GSD getOne 第 1 次 等待 3 秒
2024-09-28 00:26:54 查询号码 【1396783】，返回信息 {"status":"ok","msg":"浙江-宁波","gid":"320797","time_insert":"2021-07-19 00:46"}
2024-09-28 00:26:54 查询号码 【1396783】，GSD为【"浙江-宁波"】

2024-09-28 01:19:03 开始第 6785 次操作

2024-09-28 01:19:03 开始操作号码 【1396784】
2024-09-28 01:19:05 GSD getOne 第 1 次 等待 3 秒
2024-09-28 01:19:08 查询号码 【1396784】，返回信息 {"status":"ok","msg":"浙江-宁波","gid":"320798","time_insert":"2021-07-19 00:47"}
2024-09-28 01:19:08 查询号码 【1396784】，GSD为【"浙江-宁波"】

2024-09-28 01:19:09 开始第 6786 次操作

2024-09-28 01:19:09 开始操作号码 【1396785】
2024-09-28 01:19:11 GSD getOne 第 1 次 等待 3 秒
2024-09-28 01:19:14 查询号码 【1396785】，返回信息 {"status":"ok","msg":"浙江-宁波","gid":"320801","time_insert":"2021-07-19 00:48"}
2024-09-28 01:19:14 查询号码 【1396785】，GSD为【"浙江-宁波"】

2024-09-28 01:19:15 开始第 6787 次操作

2024-09-28 01:19:15 开始操作号码 【1396786】
2024-09-28 01:19:17 GSD getOne 第 1 次 等待 3 秒
2024-09-28 01:19:20 查询号码 【1396786】，返回信息 {"status":"ok","msg":"浙江-宁波","gid":"320805","time_insert":"2021-07-19 00:49"}
2024-09-28 01:19:20 查询号码 【1396786】，GSD为【"浙江-宁波"】

2024-09-28 01:19:21 开始第 6788 次操作

2024-09-28 01:19:21 开始操作号码 【1396787】
2024-09-28 01:19:24 GSD getOne 第 1 次 等待 3 秒
2024-09-28 01:19:27 查询号码 【1396787】，返回信息 {"status":"ok","msg":"浙江-宁波","gid":"320809","time_insert":"2021-07-19 00:50"}
2024-09-28 01:19:27 查询号码 【1396787】，GSD为【"浙江-宁波"】

2024-09-28 01:39:55 开始第 6789 次操作

2024-09-28 01:39:55 开始操作号码 【1396788】
2024-09-28 01:39:57 GSD getOne 第 1 次 等待 3 秒
2024-09-28 01:40:00 查询号码 【1396788】，返回信息 {"status":"ok","msg":"浙江-宁波","gid":"13385","time_insert":"2018-06-03 09:01","time_update":"2020-08-29 23:14"}
2024-09-28 01:40:00 查询号码 【1396788】，GSD为【"浙江-宁波"】

2024-09-28 01:40:01 开始第 6790 次操作

2024-09-28 01:40:01 开始操作号码 【1396789】
2024-09-28 01:40:03 GSD getOne 第 1 次 等待 3 秒
2024-09-28 01:40:06 查询号码 【1396789】，返回信息 {"status":"ok","msg":"浙江-宁波","gid":"320812","time_insert":"2021-07-19 00:52"}
2024-09-28 01:40:06 查询号码 【1396789】，GSD为【"浙江-宁波"】

2024-09-28 01:40:07 开始第 6791 次操作

2024-09-28 01:40:07 开始操作号码 【1396790】
2024-09-28 01:40:09 GSD getOne 第 1 次 等待 3 秒
2024-09-28 01:40:12 查询号码 【1396790】，返回信息 {"status":"ok","msg":"浙江-金华","gid":"320818","time_insert":"2021-07-19 00:53"}
2024-09-28 01:40:12 查询号码 【1396790】，GSD为【"浙江-金华"】

2024-09-28 01:40:13 开始第 6792 次操作

2024-09-28 01:40:13 开始操作号码 【1396791】
2024-09-28 01:40:15 GSD getOne 第 1 次 等待 3 秒
2024-09-28 01:40:18 查询号码 【1396791】，返回信息 {"status":"ok","msg":"浙江-金华","gid":"320819","time_insert":"2021-07-19 00:55"}
2024-09-28 01:40:18 查询号码 【1396791】，GSD为【"浙江-金华"】

