2024-01-28 00:18:36 开始第 497 次操作

2024-01-28 00:18:36 开始操作号码 【1720416】
2024-01-28 00:18:40 GSD getOne 第 1 次 等待 3 秒
2024-01-28 00:18:43 查询号码 【1720416】，返回信息 {"status":"ok","msg":"辽宁-盘锦","gid":"239599","time_insert":"2021-07-10 13:05"}
2024-01-28 00:18:43 查询号码 【1720416】，GSD为【"辽宁-盘锦"】

2024-01-28 00:18:44 开始第 498 次操作

2024-01-28 00:18:44 开始操作号码 【1720417】
2024-01-28 00:18:50 GSD getOne 第 1 次 等待 3 秒
2024-01-28 00:18:53 查询号码 【1720417】，返回信息 {"status":"ok","msg":"辽宁-葫芦岛","gid":"239605","time_insert":"2021-07-10 13:06"}
2024-01-28 00:18:53 查询号码 【1720417】，GSD为【"辽宁-葫芦岛"】

2024-01-28 00:18:54 开始第 499 次操作

2024-01-28 00:18:54 开始操作号码 【1720418】
2024-01-28 00:18:58 GSD getOne 第 1 次 等待 3 秒
2024-01-28 00:19:01 查询号码 【1720418】，返回信息 {"status":"ok","msg":"辽宁-葫芦岛","gid":"239612","time_insert":"2021-07-10 13:06"}
2024-01-28 00:19:01 查询号码 【1720418】，GSD为【"辽宁-葫芦岛"】

2024-01-28 00:19:02 开始第 500 次操作

2024-01-28 00:19:02 开始操作号码 【1720419】
2024-01-28 00:19:07 GSD getOne 第 1 次 等待 3 秒
2024-01-28 00:19:10 查询号码 【1720419】，返回信息 {"status":"ok","msg":"辽宁-锦州","gid":"239616","time_insert":"2021-07-10 13:07"}
2024-01-28 00:19:11 查询号码 【1720419】，GSD为【"辽宁-锦州"】

