2024-09-15 00:24:20 开始第 4589 次操作

2024-09-15 00:24:20 开始操作号码 【1394588】
2024-09-15 00:24:28 GSD getOne 第 1 次 等待 3 秒
2024-09-15 00:24:31 查询号码 【1394588】，返回信息 {"status":"ok","msg":"黑龙江-伊春","gid":"237874","time_insert":"2021-07-10 08:29"}
2024-09-15 00:24:31 查询号码 【1394588】，GSD为【"黑龙江-伊春"】

2024-09-15 00:24:32 开始第 4590 次操作

2024-09-15 00:24:32 开始操作号码 【1394589】
2024-09-15 00:24:41 GSD getOne 第 1 次 等待 3 秒
2024-09-15 00:24:44 查询号码 【1394589】，返回信息 {"status":"ok","msg":"黑龙江-伊春","gid":"237892","time_insert":"2021-07-10 08:39"}
2024-09-15 00:24:44 查询号码 【1394589】，GSD为【"黑龙江-伊春"】

2024-09-15 00:24:45 开始第 4591 次操作

2024-09-15 00:24:45 开始操作号码 【1394590】
2024-09-15 00:24:53 GSD getOne 第 1 次 等待 3 秒
2024-09-15 00:24:56 查询号码 【1394590】，返回信息 {"status":"ok","msg":"黑龙江-大庆","gid":"237918","time_insert":"2021-07-10 08:54"}
2024-09-15 00:24:56 查询号码 【1394590】，GSD为【"黑龙江-大庆"】

2024-09-15 00:24:57 开始第 4592 次操作

2024-09-15 00:24:57 开始操作号码 【1394591】
2024-09-15 00:25:05 GSD getOne 第 1 次 等待 3 秒
2024-09-15 00:25:08 查询号码 【1394591】，返回信息 {"status":"ok","msg":"黑龙江-大庆","gid":"237941","time_insert":"2021-07-10 09:07"}
2024-09-15 00:25:08 查询号码 【1394591】，GSD为【"黑龙江-大庆"】

2024-09-15 00:42:36 开始第 4593 次操作

2024-09-15 00:42:36 开始操作号码 【1394592】
2024-09-15 00:42:46 GSD getOne 第 1 次 等待 3 秒
2024-09-15 00:42:49 查询号码 【1394592】，返回信息 {"status":"ok","msg":"黑龙江-大庆","gid":"237961","time_insert":"2021-07-10 09:18"}
2024-09-15 00:42:49 查询号码 【1394592】，GSD为【"黑龙江-大庆"】

2024-09-15 00:42:50 开始第 4594 次操作

2024-09-15 00:42:50 开始操作号码 【1394593】
2024-09-15 00:42:58 GSD getOne 第 1 次 等待 3 秒
2024-09-15 00:43:01 查询号码 【1394593】，返回信息 {"status":"ok","msg":"黑龙江-大庆","gid":"238096","time_insert":"2021-07-10 09:30"}
2024-09-15 00:43:01 查询号码 【1394593】，GSD为【"黑龙江-大庆"】

2024-09-15 00:43:02 开始第 4595 次操作

2024-09-15 00:43:02 开始操作号码 【1394594】
2024-09-15 00:43:09 GSD getOne 第 1 次 等待 3 秒
2024-09-15 00:43:12 查询号码 【1394594】，返回信息 {"status":"ok","msg":"黑龙江-大庆","gid":"238288","time_insert":"2021-07-10 09:42"}
2024-09-15 00:43:12 查询号码 【1394594】，GSD为【"黑龙江-大庆"】

2024-09-15 00:43:13 开始第 4596 次操作

2024-09-15 00:43:13 开始操作号码 【1394595】
2024-09-15 00:43:22 GSD getOne 第 1 次 等待 3 秒
2024-09-15 00:43:25 查询号码 【1394595】，返回信息 {"status":"ok","msg":"黑龙江-大庆","gid":"238385","time_insert":"2021-07-10 09:55"}
2024-09-15 00:43:25 查询号码 【1394595】，GSD为【"黑龙江-大庆"】

