2024-06-14 00:23:28 开始第 545 次操作

2024-06-14 00:23:28 开始操作号码 【1500456】
2024-06-14 00:23:35 GSD getOne 第 1 次 等待 3 秒
2024-06-14 00:23:38 查询号码 【1500456】，返回信息 {"status":"ok","msg":"黑龙江-黑河","gid":"73880","time_insert":"2021-05-30 23:02"}
2024-06-14 00:23:39 查询号码 【1500456】，GSD为【"黑龙江-黑河"】

2024-06-14 00:23:40 开始第 546 次操作

2024-06-14 00:23:40 开始操作号码 【1500457】
2024-06-14 00:23:47 GSD getOne 第 1 次 等待 3 秒
2024-06-14 00:23:50 查询号码 【1500457】，返回信息 {"status":"ok","msg":"黑龙江-大庆","gid":"73895","time_insert":"2021-05-30 23:22"}
2024-06-14 00:23:50 查询号码 【1500457】，GSD为【"黑龙江-大庆"】

2024-06-14 00:23:51 开始第 547 次操作

2024-06-14 00:23:51 开始操作号码 【1500458】
2024-06-14 00:23:58 GSD getOne 第 1 次 等待 3 秒
2024-06-14 00:24:01 查询号码 【1500458】，返回信息 {"status":"ok","msg":"黑龙江-大庆","gid":"73911","time_insert":"2021-05-30 23:39"}
2024-06-14 00:24:01 查询号码 【1500458】，GSD为【"黑龙江-大庆"】

2024-06-14 00:24:02 开始第 548 次操作

2024-06-14 00:24:02 开始操作号码 【1500459】
2024-06-14 00:24:09 GSD getOne 第 1 次 等待 3 秒
2024-06-14 00:24:12 查询号码 【1500459】，返回信息 {"status":"ok","msg":"黑龙江-大庆","gid":"73924","time_insert":"2021-05-30 23:55"}
2024-06-14 00:24:12 查询号码 【1500459】，GSD为【"黑龙江-大庆"】

