2024-07-20 00:23:14 开始第 6853 次操作

2024-07-20 00:23:14 开始操作号码 【1506762】
2024-07-20 00:23:22 GSD getOne 第 1 次 等待 3 秒
2024-07-20 00:23:25 查询号码 【1506762】，返回信息 {"status":"ok","msg":"浙江-台州","gid":"385301","time_insert":"2021-07-25 04:44"}
2024-07-20 00:23:25 查询号码 【1506762】，GSD为【"浙江-台州"】

2024-07-20 00:23:26 开始第 6854 次操作

2024-07-20 00:23:26 开始操作号码 【1506763】
2024-07-20 00:23:48 GSD getOne 第 1 次 等待 3 秒
2024-07-20 00:23:51 查询号码 【1506763】，返回信息 {"status":"ok","msg":"浙江-台州","gid":"385290","time_insert":"2021-07-25 04:43"}
2024-07-20 00:23:51 查询号码 【1506763】，GSD为【"浙江-台州"】

2024-07-20 00:23:52 开始第 6855 次操作

2024-07-20 00:23:52 开始操作号码 【1506764】
2024-07-20 00:24:00 GSD getOne 第 1 次 等待 3 秒
2024-07-20 00:24:03 查询号码 【1506764】，返回信息 {"status":"ok","msg":"浙江-台州","gid":"385279","time_insert":"2021-07-25 04:43"}
2024-07-20 00:24:03 查询号码 【1506764】，GSD为【"浙江-台州"】

2024-07-20 00:24:04 开始第 6856 次操作

2024-07-20 00:24:04 开始操作号码 【1506765】
2024-07-20 00:24:12 GSD getOne 第 1 次 等待 3 秒
2024-07-20 00:24:15 查询号码 【1506765】，返回信息 {"status":"ok","msg":"浙江-台州","gid":"385265","time_insert":"2021-07-25 04:42"}
2024-07-20 00:24:15 查询号码 【1506765】，GSD为【"浙江-台州"】

