2024-07-28 00:21:43 开始第 8261 次操作

2024-07-28 00:21:43 开始操作号码 【1508170】
2024-07-28 00:21:50 GSD getOne 第 1 次 等待 3 秒
2024-07-28 00:21:53 查询号码 【1508170】，返回信息 {"status":"ok","msg":"河北-邯郸","gid":"370113","time_insert":"2021-07-23 21:39"}
2024-07-28 00:21:53 查询号码 【1508170】，GSD为【"河北-邯郸"】

2024-07-28 00:21:55 开始第 8262 次操作

2024-07-28 00:21:55 开始操作号码 【1508171】
2024-07-28 00:22:02 GSD getOne 第 1 次 等待 3 秒
2024-07-28 00:22:05 查询号码 【1508171】，返回信息 {"status":"ok","msg":"河北-邯郸","gid":"370104","time_insert":"2021-07-23 21:38"}
2024-07-28 00:22:05 查询号码 【1508171】，GSD为【"河北-邯郸"】

2024-07-28 00:22:06 开始第 8263 次操作

2024-07-28 00:22:06 开始操作号码 【1508172】
2024-07-28 00:22:15 GSD getOne 第 1 次 等待 3 秒
2024-07-28 00:22:18 查询号码 【1508172】，返回信息 {"status":"ok","msg":"河北-邯郸","gid":"370099","time_insert":"2021-07-23 21:38"}
2024-07-28 00:22:18 查询号码 【1508172】，GSD为【"河北-邯郸"】

2024-07-28 00:22:19 开始第 8264 次操作

2024-07-28 00:22:19 开始操作号码 【1508173】
2024-07-28 00:22:26 GSD getOne 第 1 次 等待 3 秒
2024-07-28 00:22:29 查询号码 【1508173】，返回信息 {"status":"ok","msg":"河北-邯郸","gid":"370091","time_insert":"2021-07-23 21:37"}
2024-07-28 00:22:29 查询号码 【1508173】，GSD为【"河北-邯郸"】

