2024-07-15 00:33:56 开始第 5993 次操作

2024-07-15 00:33:56 开始操作号码 【1505902】
2024-07-15 00:34:05 GSD getOne 第 1 次 等待 3 秒
2024-07-15 00:34:08 查询号码 【1505902】，返回信息 {"status":"ok","msg":"福建-三明","gid":"384362","time_insert":"2021-07-25 02:58"}
2024-07-15 00:34:08 查询号码 【1505902】，GSD为【"福建-三明"】

2024-07-15 00:34:09 开始第 5994 次操作

2024-07-15 00:34:09 开始操作号码 【1505903】
2024-07-15 00:34:19 GSD getOne 第 1 次 等待 3 秒
2024-07-15 00:34:22 查询号码 【1505903】，返回信息 {"status":"ok","msg":"福建-三明","gid":"384526","time_insert":"2021-07-25 03:11"}
2024-07-15 00:34:22 查询号码 【1505903】，GSD为【"福建-三明"】

2024-07-15 00:34:23 开始第 5995 次操作

2024-07-15 00:34:23 开始操作号码 【1505904】
2024-07-15 00:34:31 GSD getOne 第 1 次 等待 3 秒
2024-07-15 00:34:34 查询号码 【1505904】，返回信息 {"status":"ok","msg":"福建-三明","gid":"384599","time_insert":"2021-07-25 03:22"}
2024-07-15 00:34:34 查询号码 【1505904】，GSD为【"福建-三明"】

2024-07-15 00:34:35 开始第 5996 次操作

2024-07-15 00:34:35 开始操作号码 【1505905】
2024-07-15 00:34:43 GSD getOne 第 1 次 等待 3 秒
2024-07-15 00:34:46 查询号码 【1505905】，返回信息 {"status":"ok","msg":"福建-龙岩","gid":"384655","time_insert":"2021-07-25 03:36"}
2024-07-15 00:34:46 查询号码 【1505905】，GSD为【"福建-龙岩"】

2024-07-15 01:24:53 开始第 5997 次操作

2024-07-15 01:24:53 开始操作号码 【1505906】
2024-07-15 01:25:02 GSD getOne 第 1 次 等待 3 秒
2024-07-15 01:25:05 查询号码 【1505906】，返回信息 {"status":"ok","msg":"福建-龙岩","gid":"384870","time_insert":"2021-07-25 03:49"}
2024-07-15 01:25:05 查询号码 【1505906】，GSD为【"福建-龙岩"】

2024-07-15 01:25:06 开始第 5998 次操作

2024-07-15 01:25:06 开始操作号码 【1505907】
2024-07-15 01:25:14 GSD getOne 第 1 次 等待 3 秒
2024-07-15 01:25:17 查询号码 【1505907】，返回信息 {"status":"ok","msg":"福建-龙岩","gid":"15735","time_insert":"2019-04-11 08:58","time_update":"2020-09-05 16:08"}
2024-07-15 01:25:17 查询号码 【1505907】，GSD为【"福建-龙岩"】

2024-07-15 01:25:18 开始第 5999 次操作

2024-07-15 01:25:18 开始操作号码 【1505908】
2024-07-15 01:25:26 GSD getOne 第 1 次 等待 3 秒
2024-07-15 01:25:29 查询号码 【1505908】，返回信息 {"status":"ok","msg":"福建-龙岩","gid":"385045","time_insert":"2021-07-25 04:01"}
2024-07-15 01:25:29 查询号码 【1505908】，GSD为【"福建-龙岩"】

2024-07-15 01:25:30 开始第 6000 次操作

2024-07-15 01:25:30 开始操作号码 【1505909】
2024-07-15 01:25:38 GSD getOne 第 1 次 等待 3 秒
2024-07-15 01:25:41 查询号码 【1505909】，返回信息 {"status":"ok","msg":"福建-龙岩","gid":"385119","time_insert":"2021-07-25 04:14"}
2024-07-15 01:25:41 查询号码 【1505909】，GSD为【"福建-龙岩"】

2024-07-15 01:49:05 开始第 6001 次操作

2024-07-15 01:49:05 开始操作号码 【1505910】
2024-07-15 01:49:13 GSD getOne 第 1 次 等待 3 秒
2024-07-15 01:49:16 查询号码 【1505910】，返回信息 {"status":"ok","msg":"福建-福州","gid":"385148","time_insert":"2021-07-25 04:25"}
2024-07-15 01:49:16 查询号码 【1505910】，GSD为【"福建-福州"】

2024-07-15 01:49:17 开始第 6002 次操作

2024-07-15 01:49:17 开始操作号码 【1505911】
2024-07-15 01:49:25 GSD getOne 第 1 次 等待 3 秒
2024-07-15 01:49:28 查询号码 【1505911】，返回信息 {"status":"ok","msg":"福建-福州","gid":"385207","time_insert":"2021-07-25 04:39"}
2024-07-15 01:49:28 查询号码 【1505911】，GSD为【"福建-福州"】

2024-07-15 01:49:29 开始第 6003 次操作

2024-07-15 01:49:29 开始操作号码 【1505912】
2024-07-15 01:49:37 GSD getOne 第 1 次 等待 3 秒
2024-07-15 01:49:40 查询号码 【1505912】，返回信息 {"status":"ok","msg":"福建-福州","gid":"385453","time_insert":"2021-07-25 04:53"}
2024-07-15 01:49:40 查询号码 【1505912】，GSD为【"福建-福州"】

2024-07-15 01:49:41 开始第 6004 次操作

2024-07-15 01:49:41 开始操作号码 【1505913】
2024-07-15 01:49:49 GSD getOne 第 1 次 等待 3 秒
2024-07-15 01:49:52 查询号码 【1505913】，返回信息 {"status":"ok","msg":"福建-福州","gid":"385598","time_insert":"2021-07-25 05:05"}
2024-07-15 01:49:52 查询号码 【1505913】，GSD为【"福建-福州"】

