2024-02-10 00:19:13 开始第 2837 次操作

2024-02-10 00:19:13 开始操作号码 【1722756】
2024-02-10 00:19:17 GSD getOne 第 1 次 等待 3 秒
2024-02-10 00:19:20 查询号码 【1722756】，返回信息 {"status":"ok","msg":"广东-广州","gid":"268599","time_insert":"2021-07-13 21:40"}
2024-02-10 00:19:20 查询号码 【1722756】，GSD为【"广东-广州"】

2024-02-10 00:19:21 开始第 2838 次操作

2024-02-10 00:19:21 开始操作号码 【1722757】
2024-02-10 00:19:25 GSD getOne 第 1 次 等待 3 秒
2024-02-10 00:19:28 查询号码 【1722757】，返回信息 {"status":"ok","msg":"广东-广州","gid":"268602","time_insert":"2021-07-13 21:41"}
2024-02-10 00:19:28 查询号码 【1722757】，GSD为【"广东-广州"】

2024-02-10 00:19:29 开始第 2839 次操作

2024-02-10 00:19:29 开始操作号码 【1722758】
2024-02-10 00:19:35 GSD getOne 第 1 次 等待 3 秒
2024-02-10 00:19:38 查询号码 【1722758】，返回信息 {"status":"ok","msg":"广东-广州","gid":"268607","time_insert":"2021-07-13 21:41"}
2024-02-10 00:19:38 查询号码 【1722758】，GSD为【"广东-广州"】

2024-02-10 00:19:39 开始第 2840 次操作

2024-02-10 00:19:39 开始操作号码 【1722759】
2024-02-10 00:19:43 GSD getOne 第 1 次 等待 3 秒
2024-02-10 00:19:46 查询号码 【1722759】，返回信息 {"status":"ok","msg":"广东-广州","gid":"268611","time_insert":"2021-07-13 21:42"}
2024-02-10 00:19:46 查询号码 【1722759】，GSD为【"广东-广州"】

2024-02-10 00:37:56 开始第 2841 次操作

2024-02-10 00:37:56 开始操作号码 【1722760】
2024-02-10 00:38:02 GSD getOne 第 1 次 等待 3 秒
2024-02-10 00:38:05 查询号码 【1722760】，返回信息 {"status":"ok","msg":"广东-广州","gid":"268613","time_insert":"2021-07-13 21:42"}
2024-02-10 00:38:05 查询号码 【1722760】，GSD为【"广东-广州"】

2024-02-10 00:38:06 开始第 2842 次操作

2024-02-10 00:38:06 开始操作号码 【1722761】
2024-02-10 00:38:11 GSD getOne 第 1 次 等待 3 秒
2024-02-10 00:38:14 查询号码 【1722761】，返回信息 {"status":"ok","msg":"广东-广州","gid":"268622","time_insert":"2021-07-13 21:42"}
2024-02-10 00:38:14 查询号码 【1722761】，GSD为【"广东-广州"】

2024-02-10 00:38:15 开始第 2843 次操作

2024-02-10 00:38:15 开始操作号码 【1722762】
2024-02-10 00:38:19 GSD getOne 第 1 次 等待 3 秒
2024-02-10 00:38:22 查询号码 【1722762】，返回信息 {"status":"ok","msg":"广东-广州","gid":"268629","time_insert":"2021-07-13 21:43"}
2024-02-10 00:38:22 查询号码 【1722762】，GSD为【"广东-广州"】

2024-02-10 00:38:23 开始第 2844 次操作

2024-02-10 00:38:23 开始操作号码 【1722763】
2024-02-10 00:38:27 GSD getOne 第 1 次 等待 3 秒
2024-02-10 00:38:30 查询号码 【1722763】，返回信息 {"status":"ok","msg":"广东-广州","gid":"268636","time_insert":"2021-07-13 21:43"}
2024-02-10 00:38:30 查询号码 【1722763】，GSD为【"广东-广州"】

