2021-07-26 00:01:47 开始第 7 次操作

2021-07-26 00:01:47 开始操作号码 【1829212】
2021-07-26 00:01:54 GSD getOne 第 1 次 等待 3 秒
2021-07-26 00:01:57 查询号码 【1829212】，返回信息 {"status":"bad","msg":""}
2021-07-26 00:01:57 查询号码 【1829212】，GSD为【""】
2021-07-26 00:01:57 bad
2021-07-26 00:01:58 CHB 1829212?1627228917 第 1 次 等待 3 秒
2021-07-26 00:02:01 CHB 1829212?1627228917 第 1 次 获取到号码【1829212】GSD
2021-07-26 00:02:01 获取到号码【1829212】的GSD为【陕西-延安】
2021-07-26 00:02:19 GSD insert 第 1 次 等待 3 秒
2021-07-26 00:02:22 {"status":"ok","gid":395158,"msg":"添加成功！"}
2021-07-26 00:02:22 下次操作: 2021-07-26 00:02:46

2021-07-26 00:02:46 开始第 8 次操作

2021-07-26 00:02:46 开始操作号码 【1829211】
2021-07-26 00:02:53 GSD getOne 第 1 次 等待 3 秒
2021-07-26 00:02:56 查询号码 【1829211】，返回信息 {"status":"bad","msg":""}
2021-07-26 00:02:56 查询号码 【1829211】，GSD为【""】
2021-07-26 00:02:56 bad
2021-07-26 00:02:57 CHB 1829211?1627228976 第 1 次 等待 3 秒
2021-07-26 00:03:00 CHB 1829211?1627228976 第 1 次 获取到号码【1829211】GSD
2021-07-26 00:03:00 未获取到号码【1829211】GSD，查号吧 400 错误
2021-07-26 00:03:00 获取到号码【1829211】的GSD为【-】
2021-07-26 00:03:22 GSD insert 第 1 次 等待 3 秒
2021-07-26 00:03:25 {"status":"ok","gid":395171,"msg":"添加成功！"}
2021-07-26 00:03:25 下次操作: 2021-07-26 00:03:40

2021-07-26 00:03:40 开始第 9 次操作

2021-07-26 00:03:40 开始操作号码 【1829210】
2021-07-26 00:03:47 GSD getOne 第 1 次 等待 3 秒
2021-07-26 00:03:50 查询号码 【1829210】，返回信息 {"status":"bad","msg":""}
2021-07-26 00:03:50 查询号码 【1829210】，GSD为【""】
2021-07-26 00:03:50 bad
2021-07-26 00:03:51 CHB 1829210?1627229030 第 1 次 等待 3 秒
2021-07-26 00:03:54 CHB 1829210?1627229030 第 1 次 获取到号码【1829210】GSD
2021-07-26 00:03:54 获取到号码【1829210】的GSD为【陕西-延安】
2021-07-26 00:04:29 GSD insert 第 1 次 等待 3 秒
2021-07-26 00:04:32 {"status":"ok","gid":395187,"msg":"添加成功！"}
2021-07-26 00:04:32 下次操作: 2021-07-26 00:04:51

2021-07-26 00:04:51 开始第 10 次操作

2021-07-26 00:04:51 开始操作号码 【1829209】
2021-07-26 00:04:55 GSD getOne 第 1 次 等待 3 秒
2021-07-26 00:04:58 查询号码 【1829209】，返回信息 {"status":"bad","msg":""}
2021-07-26 00:04:58 查询号码 【1829209】，GSD为【""】
2021-07-26 00:04:58 bad
2021-07-26 00:05:00 CHB 1829209?1627229098 第 1 次 等待 3 秒
2021-07-26 00:05:03 CHB 1829209?1627229098 第 1 次 获取到号码【1829209】GSD
2021-07-26 00:05:03 获取到号码【1829209】的GSD为【陕西-西安】
2021-07-26 00:05:37 GSD insert 第 1 次 等待 3 秒
2021-07-26 00:05:40 {"status":"ok","gid":395203,"msg":"添加成功！"}
2021-07-26 00:05:40 下次操作: 2021-07-26 00:05:52

2021-07-26 00:05:52 开始第 11 次操作

2021-07-26 00:05:52 开始操作号码 【1829208】
2021-07-26 00:05:56 GSD getOne 第 1 次 等待 3 秒
2021-07-26 00:05:59 查询号码 【1829208】，返回信息 {"status":"bad","msg":""}
2021-07-26 00:06:00 查询号码 【1829208】，GSD为【""】
2021-07-26 00:06:00 bad
2021-07-26 00:06:01 CHB 1829208?1627229160 第 1 次 等待 3 秒
2021-07-26 00:06:04 CHB 1829208?1627229160 第 1 次 获取到号码【1829208】GSD
2021-07-26 00:06:05 获取到号码【1829208】的GSD为【陕西-西安】
2021-07-26 00:06:28 GSD insert 第 1 次 等待 3 秒
2021-07-26 00:06:31 {"status":"ok","gid":395221,"msg":"添加成功！"}
2021-07-26 00:06:31 下次操作: 2021-07-26 00:06:50

2021-07-26 00:06:50 开始第 12 次操作

2021-07-26 00:06:50 开始操作号码 【1829207】
2021-07-26 00:06:54 GSD getOne 第 1 次 等待 3 秒
2021-07-26 00:06:57 查询号码 【1829207】，返回信息 {"status":"ok","msg":"陕西-西安","gid":"36795","time_insert":"2018-04-28 16:03","time_update":"2020-12-10 21:08"}
2021-07-26 00:06:57 查询号码 【1829207】，GSD为【"陕西-西安"】

2021-07-26 00:06:57 开始第 12 次操作

2021-07-26 00:06:57 开始操作号码 【1829206】
2021-07-26 00:07:16 GSD getOne 第 1 次 等待 3 秒
2021-07-26 00:07:19 查询号码 【1829206】，返回信息 {"status":"ok","msg":"陕西-西安","gid":"36794","time_insert":"2017-11-15 16:45","time_update":"2020-12-09 02:51"}
2021-07-26 00:07:19 查询号码 【1829206】，GSD为【"陕西-西安"】

2021-07-26 00:07:19 开始第 12 次操作

2021-07-26 00:07:19 开始操作号码 【1829205】
2021-07-26 00:07:37 GSD getOne 第 1 次 等待 3 秒
2021-07-26 00:07:40 查询号码 【1829205】，返回信息 {"status":"bad","msg":""}
2021-07-26 00:07:40 查询号码 【1829205】，GSD为【""】
2021-07-26 00:07:40 bad
2021-07-26 00:07:42 CHB 1829205?1627229260 第 1 次 等待 3 秒
2021-07-26 00:07:45 CHB 1829205?1627229260 第 1 次 获取到号码【1829205】GSD
2021-07-26 00:07:45 获取到号码【1829205】的GSD为【陕西-西安】
2021-07-26 00:08:05 GSD insert 第 1 次 等待 3 秒
2021-07-26 00:08:08 {"status":"ok","gid":395240,"msg":"添加成功！"}
2021-07-26 00:08:08 下次操作: 2021-07-26 00:08:21

2021-07-26 00:08:21 开始第 13 次操作

2021-07-26 00:08:21 开始操作号码 【1829204】
2021-07-26 00:08:25 GSD getOne 第 1 次 等待 3 秒
2021-07-26 00:08:28 查询号码 【1829204】，返回信息 {"status":"bad","msg":""}
2021-07-26 00:08:28 查询号码 【1829204】，GSD为【""】
2021-07-26 00:08:28 bad
2021-07-26 00:08:30 CHB 1829204?1627229308 第 1 次 等待 3 秒
2021-07-26 00:08:33 CHB 1829204?1627229308 第 1 次 获取到号码【1829204】GSD
2021-07-26 00:08:33 获取到号码【1829204】的GSD为【陕西-西安】
2021-07-26 00:09:07 GSD insert 第 1 次 等待 3 秒
2021-07-26 00:09:10 {"status":"ok","gid":395251,"msg":"添加成功！"}
2021-07-26 00:09:10 下次操作: 2021-07-26 00:09:28

2021-07-26 00:09:28 开始第 14 次操作

2021-07-26 00:09:28 开始操作号码 【1829203】
2021-07-26 00:09:35 GSD getOne 第 1 次 等待 3 秒
2021-07-26 00:09:38 查询号码 【1829203】，返回信息 {"status":"bad","msg":""}
2021-07-26 00:09:38 查询号码 【1829203】，GSD为【""】
2021-07-26 00:09:38 bad
2021-07-26 00:09:39 CHB 1829203?1627229378 第 1 次 等待 3 秒
2021-07-26 00:09:43 CHB 1829203?1627229378 第 1 次 获取到号码【1829203】GSD
2021-07-26 00:09:43 获取到号码【1829203】的GSD为【陕西-西安】
2021-07-26 00:10:01 GSD insert 第 1 次 等待 3 秒
2021-07-26 00:10:04 {"status":"ok","gid":395256,"msg":"添加成功！"}
2021-07-26 00:10:04 下次操作: 2021-07-26 00:10:17

2021-07-26 00:10:17 开始第 15 次操作

2021-07-26 00:10:17 开始操作号码 【1829202】
2021-07-26 00:10:22 GSD getOne 第 1 次 等待 3 秒
2021-07-26 00:10:25 查询号码 【1829202】，返回信息 {"status":"bad","msg":""}
2021-07-26 00:10:26 查询号码 【1829202】，GSD为【""】
2021-07-26 00:10:26 bad
2021-07-26 00:10:27 CHB 1829202?1627229426 第 1 次 等待 3 秒
2021-07-26 00:10:31 CHB 1829202?1627229426 第 1 次 获取到号码【1829202】GSD
2021-07-26 00:10:33 获取到号码【1829202】的GSD为【陕西-西安】
2021-07-26 00:10:45 GSD insert 第 1 次 等待 3 秒
2021-07-26 00:10:49 {"status":"ok","gid":395264,"msg":"添加成功！"}
2021-07-26 00:10:50 下次操作: 2021-07-26 00:11:08

2021-07-26 00:11:09 开始第 16 次操作

2021-07-26 00:11:09 开始操作号码 【1829201】
2021-07-26 00:11:18 GSD getOne 第 1 次 等待 3 秒
2021-07-26 00:11:21 查询号码 【1829201】，返回信息 {"status":"bad","msg":""}
2021-07-26 00:11:21 查询号码 【1829201】，GSD为【""】
2021-07-26 00:11:21 bad
2021-07-26 00:11:23 CHB 1829201?1627229481 第 1 次 等待 3 秒
2021-07-26 00:11:26 CHB 1829201?1627229481 第 1 次 获取到号码【1829201】GSD
2021-07-26 00:11:28 获取到号码【1829201】的GSD为【陕西-西安】
2021-07-26 00:11:41 GSD insert 第 1 次 等待 3 秒
2021-07-26 00:11:44 {"status":"ok","gid":395273,"msg":"添加成功！"}
2021-07-26 00:11:44 下次操作: 2021-07-26 00:11:59

2021-07-26 00:11:59 开始第 17 次操作

2021-07-26 00:11:59 开始操作号码 【1829200】
2021-07-26 00:12:17 GSD getOne 第 1 次 等待 3 秒
2021-07-26 00:12:20 查询号码 【1829200】，返回信息 {"status":"bad","msg":""}
2021-07-26 00:12:20 查询号码 【1829200】，GSD为【""】
2021-07-26 00:12:20 bad
2021-07-26 00:12:22 CHB 1829200?1627229540 第 1 次 等待 3 秒
2021-07-26 00:12:25 CHB 1829200?1627229540 第 1 次 获取到号码【1829200】GSD
2021-07-26 00:12:25 获取到号码【1829200】的GSD为【陕西-西安】
2021-07-26 00:13:00 GSD insert 第 1 次 等待 3 秒
2021-07-26 00:13:03 {"status":"ok","gid":395292,"msg":"添加成功！"}
2021-07-26 00:13:03 下次操作: 2021-07-26 00:13:16

2021-07-26 00:13:16 开始第 18 次操作

2021-07-26 00:13:16 开始操作号码 【1829199】
2021-07-26 00:13:24 GSD getOne 第 1 次 等待 3 秒
2021-07-26 00:13:27 查询号码 【1829199】，返回信息 {"status":"bad","msg":""}
2021-07-26 00:13:27 查询号码 【1829199】，GSD为【""】
2021-07-26 00:13:27 bad
2021-07-26 00:13:29 CHB 1829199?1627229607 第 1 次 等待 3 秒
2021-07-26 00:13:32 CHB 1829199?1627229607 第 1 次 获取到号码【1829199】GSD
2021-07-26 00:13:32 获取到号码【1829199】的GSD为【陕西-西安】
2021-07-26 00:13:50 GSD insert 第 1 次 等待 3 秒
2021-07-26 00:13:53 {"status":"ok","gid":395305,"msg":"添加成功！"}
2021-07-26 00:13:53 下次操作: 2021-07-26 00:14:06

2021-07-26 00:14:06 开始第 19 次操作

2021-07-26 00:14:06 开始操作号码 【1829198】
2021-07-26 00:14:14 GSD getOne 第 1 次 等待 3 秒
2021-07-26 00:14:17 查询号码 【1829198】，返回信息 {"status":"bad","msg":""}
2021-07-26 00:14:17 查询号码 【1829198】，GSD为【""】
2021-07-26 00:14:17 bad
2021-07-26 00:14:19 CHB 1829198?1627229657 第 1 次 等待 3 秒
2021-07-26 00:14:22 CHB 1829198?1627229657 第 1 次 获取到号码【1829198】GSD
2021-07-26 00:14:22 获取到号码【1829198】的GSD为【陕西-西安】
2021-07-26 00:14:40 GSD insert 第 1 次 等待 3 秒
2021-07-26 00:14:43 {"status":"ok","gid":395313,"msg":"添加成功！"}
2021-07-26 00:14:43 下次操作: 2021-07-26 00:14:58

2021-07-26 00:14:58 开始第 20 次操作

2021-07-26 00:14:58 开始操作号码 【1829197】
2021-07-26 00:15:04 GSD getOne 第 1 次 等待 3 秒
2021-07-26 00:15:07 查询号码 【1829197】，返回信息 {"status":"ok","msg":"陕西-西安","gid":"36793","time_insert":"2017-07-15 18:08","time_update":"2020-12-08 21:17"}
2021-07-26 00:15:07 查询号码 【1829197】，GSD为【"陕西-西安"】

2021-07-26 00:15:07 开始第 20 次操作

2021-07-26 00:15:07 开始操作号码 【1829196】
2021-07-26 00:15:28 GSD getOne 第 1 次 等待 3 秒
2021-07-26 00:15:31 查询号码 【1829196】，返回信息 {"status":"bad","msg":""}
2021-07-26 00:15:31 查询号码 【1829196】，GSD为【""】
2021-07-26 00:15:31 bad
2021-07-26 00:15:34 CHB 1829196?1627229731 第 1 次 等待 3 秒
2021-07-26 00:15:37 CHB 1829196?1627229731 第 1 次 获取到号码【1829196】GSD
2021-07-26 00:15:37 获取到号码【1829196】的GSD为【陕西-西安】
2021-07-26 00:15:48 GSD insert 第 1 次 等待 3 秒
2021-07-26 00:15:51 {"status":"ok","gid":395325,"msg":"添加成功！"}
2021-07-26 00:15:51 下次操作: 2021-07-26 00:16:04

2021-07-26 00:16:04 开始第 21 次操作

2021-07-26 00:16:04 开始操作号码 【1829195】
2021-07-26 00:16:07 GSD getOne 第 1 次 等待 3 秒
2021-07-26 00:16:10 查询号码 【1829195】，返回信息 {"status":"bad","msg":""}
2021-07-26 00:16:10 查询号码 【1829195】，GSD为【""】
2021-07-26 00:16:10 bad
2021-07-26 00:16:12 CHB 1829195?1627229770 第 1 次 等待 3 秒
2021-07-26 00:16:15 CHB 1829195?1627229770 第 1 次 获取到号码【1829195】GSD
2021-07-26 00:16:15 获取到号码【1829195】的GSD为【陕西-西安】
2021-07-26 00:16:33 GSD insert 第 1 次 等待 3 秒
2021-07-26 00:16:36 {"status":"ok","gid":395333,"msg":"添加成功！"}
2021-07-26 00:16:36 下次操作: 2021-07-26 00:16:59

2021-07-26 00:16:59 开始第 22 次操作

2021-07-26 00:16:59 开始操作号码 【1829194】
2021-07-26 00:17:01 GSD getOne 第 1 次 等待 3 秒
2021-07-26 00:17:04 查询号码 【1829194】，返回信息 {"status":"bad","msg":""}
2021-07-26 00:17:05 查询号码 【1829194】，GSD为【""】
2021-07-26 00:17:05 bad
2021-07-26 00:17:06 CHB 1829194?1627229825 第 1 次 等待 3 秒
2021-07-26 00:17:09 CHB 1829194?1627229825 第 1 次 获取到号码【1829194】GSD
2021-07-26 00:17:09 获取到号码【1829194】的GSD为【陕西-西安】
2021-07-26 00:17:47 GSD insert 第 1 次 等待 3 秒
2021-07-26 00:17:50 {"status":"ok","gid":395344,"msg":"添加成功！"}
2021-07-26 00:17:50 下次操作: 2021-07-26 00:18:10

2021-07-26 00:18:10 开始第 23 次操作

2021-07-26 00:18:10 开始操作号码 【1829193】
2021-07-26 00:18:14 GSD getOne 第 1 次 等待 3 秒
2021-07-26 00:18:17 查询号码 【1829193】，返回信息 {"status":"bad","msg":""}
2021-07-26 00:18:17 查询号码 【1829193】，GSD为【""】
2021-07-26 00:18:17 bad
2021-07-26 00:18:21 CHB 1829193?1627229897 第 1 次 等待 3 秒
2021-07-26 00:18:24 CHB 1829193?1627229897 第 1 次 获取到号码【1829193】GSD
2021-07-26 00:18:24 获取到号码【1829193】的GSD为【陕西-西安】
2021-07-26 00:18:34 GSD insert 第 1 次 等待 3 秒
2021-07-26 00:18:37 {"status":"ok","gid":395349,"msg":"添加成功！"}
2021-07-26 00:18:37 下次操作: 2021-07-26 00:18:56

2021-07-26 00:18:56 开始第 24 次操作

2021-07-26 00:18:57 开始操作号码 【1829192】
2021-07-26 00:19:58 GSD getOne 第 1 次 等待 3 秒
2021-07-26 00:20:01 查询号码 【1829192】，返回信息 {"status":"bad","msg":""}
2021-07-26 00:20:01 查询号码 【1829192】，GSD为【""】
2021-07-26 00:20:01 bad
2021-07-26 00:20:02 CHB 1829192?1627230001 第 1 次 等待 3 秒
2021-07-26 00:20:05 CHB 1829192?1627230001 第 1 次 获取到号码【1829192】GSD
2021-07-26 00:20:06 获取到号码【1829192】的GSD为【陕西-西安】
2021-07-26 00:20:42 GSD insert 第 1 次 等待 3 秒
2021-07-26 00:20:45 {"status":"ok","gid":395362,"msg":"添加成功！"}
2021-07-26 00:20:45 下次操作: 2021-07-26 00:21:02

2021-07-26 00:21:02 开始第 25 次操作

2021-07-26 00:21:02 开始操作号码 【1829191】
2021-07-26 00:21:06 GSD getOne 第 1 次 等待 3 秒
2021-07-26 00:21:09 查询号码 【1829191】，返回信息 {"status":"ok","msg":"陕西-西安","gid":"36792","time_insert":"2017-04-20 11:16","time_update":"2020-12-08 22:09"}
2021-07-26 00:21:09 查询号码 【1829191】，GSD为【"陕西-西安"】

2021-07-26 00:21:09 开始第 25 次操作

2021-07-26 00:21:09 开始操作号码 【1829190】
2021-07-26 00:21:29 GSD getOne 第 1 次 等待 3 秒
2021-07-26 00:21:32 查询号码 【1829190】，返回信息 {"status":"bad","msg":""}
2021-07-26 00:21:32 查询号码 【1829190】，GSD为【""】
2021-07-26 00:21:32 bad
2021-07-26 00:21:37 CHB 1829190?1627230092 第 1 次 等待 3 秒
2021-07-26 00:21:40 CHB 1829190?1627230092 第 1 次 获取到号码【1829190】GSD
2021-07-26 00:21:40 获取到号码【1829190】的GSD为【陕西-西安】
2021-07-26 00:22:05 GSD insert 第 1 次 等待 3 秒
2021-07-26 00:22:08 {"status":"ok","gid":395368,"msg":"添加成功！"}
2021-07-26 00:22:08 下次操作: 2021-07-26 00:22:29

2021-07-26 00:22:29 开始第 26 次操作

2021-07-26 00:22:29 开始操作号码 【1829189】
2021-07-26 00:22:33 GSD getOne 第 1 次 等待 3 秒
2021-07-26 00:22:36 查询号码 【1829189】，返回信息 {"status":"bad","msg":""}
2021-07-26 00:22:36 查询号码 【1829189】，GSD为【""】
2021-07-26 00:22:36 bad
2021-07-26 00:22:37 CHB 1829189?1627230156 第 1 次 等待 3 秒
2021-07-26 00:22:40 CHB 1829189?1627230156 第 1 次 获取到号码【1829189】GSD
2021-07-26 00:22:40 获取到号码【1829189】的GSD为【陕西-西安】
2021-07-26 00:22:59 GSD insert 第 1 次 等待 3 秒
2021-07-26 00:23:02 {"status":"ok","gid":395373,"msg":"添加成功！"}
2021-07-26 00:23:02 下次操作: 2021-07-26 00:23:14

2021-07-26 00:23:14 开始第 27 次操作

2021-07-26 00:23:14 开始操作号码 【1829188】
2021-07-26 00:23:20 GSD getOne 第 1 次 等待 3 秒
2021-07-26 00:23:23 查询号码 【1829188】，返回信息 {"status":"bad","msg":""}
2021-07-26 00:23:23 查询号码 【1829188】，GSD为【""】
2021-07-26 00:23:23 bad
2021-07-26 00:23:24 CHB 1829188?1627230203 第 1 次 等待 3 秒
2021-07-26 00:23:27 CHB 1829188?1627230203 第 1 次 获取到号码【1829188】GSD
2021-07-26 00:23:28 获取到号码【1829188】的GSD为【陕西-西安】
2021-07-26 00:23:49 GSD insert 第 1 次 等待 3 秒
2021-07-26 00:23:52 {"status":"ok","gid":395377,"msg":"添加成功！"}
2021-07-26 00:23:52 下次操作: 2021-07-26 00:24:11

2021-07-26 00:24:11 开始第 28 次操作

2021-07-26 00:24:11 开始操作号码 【1829187】
2021-07-26 00:24:14 GSD getOne 第 1 次 等待 3 秒
2021-07-26 00:24:17 查询号码 【1829187】，返回信息 {"status":"bad","msg":""}
2021-07-26 00:24:17 查询号码 【1829187】，GSD为【""】
2021-07-26 00:24:17 bad
2021-07-26 00:24:18 CHB 1829187?1627230257 第 1 次 等待 3 秒
2021-07-26 00:24:21 CHB 1829187?1627230257 第 1 次 获取到号码【1829187】GSD
2021-07-26 00:24:21 获取到号码【1829187】的GSD为【陕西-西安】
2021-07-26 00:24:41 GSD insert 第 1 次 等待 3 秒
2021-07-26 00:24:44 {"status":"ok","gid":395383,"msg":"添加成功！"}
2021-07-26 00:24:44 下次操作: 2021-07-26 00:24:57

2021-07-26 00:24:57 开始第 29 次操作

2021-07-26 00:24:57 开始操作号码 【1829186】
2021-07-26 00:25:05 GSD getOne 第 1 次 等待 3 秒
2021-07-26 00:25:08 查询号码 【1829186】，返回信息 {"status":"bad","msg":""}
2021-07-26 00:25:08 查询号码 【1829186】，GSD为【""】
2021-07-26 00:25:08 bad
2021-07-26 00:25:10 CHB 1829186?1627230308 第 1 次 等待 3 秒
2021-07-26 00:25:13 CHB 1829186?1627230308 第 1 次 获取到号码【1829186】GSD
2021-07-26 00:25:13 获取到号码【1829186】的GSD为【陕西-西安】
2021-07-26 00:25:31 GSD insert 第 1 次 等待 3 秒
2021-07-26 00:25:34 {"status":"ok","gid":395386,"msg":"添加成功！"}
2021-07-26 00:25:34 下次操作: 2021-07-26 00:25:53

2021-07-26 00:25:53 开始第 30 次操作

2021-07-26 00:25:53 开始操作号码 【1829185】
2021-07-26 00:26:11 GSD getOne 第 1 次 等待 3 秒
2021-07-26 00:26:14 查询号码 【1829185】，返回信息 {"status":"bad","msg":""}
2021-07-26 00:26:14 查询号码 【1829185】，GSD为【""】
2021-07-26 00:26:14 bad
2021-07-26 00:26:16 CHB 1829185?1627230374 第 1 次 等待 3 秒
2021-07-26 00:26:19 CHB 1829185?1627230374 第 1 次 获取到号码【1829185】GSD
2021-07-26 00:26:19 获取到号码【1829185】的GSD为【陕西-西安】
2021-07-26 00:26:40 GSD insert 第 1 次 等待 3 秒
2021-07-26 00:26:43 {"status":"ok","gid":395388,"msg":"添加成功！"}
2021-07-26 00:26:43 下次操作: 2021-07-26 00:26:55

2021-07-26 00:26:55 开始第 31 次操作

2021-07-26 00:26:55 开始操作号码 【1829184】
2021-07-26 00:26:59 GSD getOne 第 1 次 等待 3 秒
2021-07-26 00:27:02 查询号码 【1829184】，返回信息 {"status":"bad","msg":""}
2021-07-26 00:27:02 查询号码 【1829184】，GSD为【""】
2021-07-26 00:27:02 bad
2021-07-26 00:27:03 CHB 1829184?1627230422 第 1 次 等待 3 秒
2021-07-26 00:27:06 CHB 1829184?1627230422 第 1 次 获取到号码【1829184】GSD
2021-07-26 00:27:07 获取到号码【1829184】的GSD为【陕西-西安】
2021-07-26 00:27:25 GSD insert 第 1 次 等待 3 秒
2021-07-26 00:27:28 {"status":"ok","gid":395391,"msg":"添加成功！"}
2021-07-26 00:27:28 下次操作: 2021-07-26 00:27:45

2021-07-26 00:27:45 开始第 32 次操作

2021-07-26 00:27:45 开始操作号码 【1829183】
2021-07-26 00:27:47 GSD getOne 第 1 次 等待 3 秒
2021-07-26 00:27:50 查询号码 【1829183】，返回信息 {"status":"bad","msg":""}
2021-07-26 00:27:50 查询号码 【1829183】，GSD为【""】
2021-07-26 00:27:50 bad
2021-07-26 00:27:52 CHB 1829183?1627230470 第 1 次 等待 3 秒
2021-07-26 00:27:55 CHB 1829183?1627230470 第 1 次 获取到号码【1829183】GSD
2021-07-26 00:27:55 获取到号码【1829183】的GSD为【陕西-西安】
2021-07-26 00:28:13 GSD insert 第 1 次 等待 3 秒
2021-07-26 00:28:16 {"status":"ok","gid":395393,"msg":"添加成功！"}
2021-07-26 00:28:16 下次操作: 2021-07-26 00:28:35

2021-07-26 00:28:35 开始第 33 次操作

2021-07-26 00:28:35 开始操作号码 【1829182】
2021-07-26 00:28:38 GSD getOne 第 1 次 等待 3 秒
2021-07-26 00:28:41 查询号码 【1829182】，返回信息 {"status":"ok","msg":"陕西-西安","gid":"36791","time_insert":"2018-10-07 12:51","time_update":"2020-12-08 22:13"}
2021-07-26 00:28:41 查询号码 【1829182】，GSD为【"陕西-西安"】

2021-07-26 00:28:41 开始第 33 次操作

2021-07-26 00:28:41 开始操作号码 【1829181】
2021-07-26 00:28:59 GSD getOne 第 1 次 等待 3 秒
2021-07-26 00:29:02 查询号码 【1829181】，返回信息 {"status":"bad","msg":""}
2021-07-26 00:29:02 查询号码 【1829181】，GSD为【""】
2021-07-26 00:29:02 bad
2021-07-26 00:29:03 CHB 1829181?1627230542 第 1 次 等待 3 秒
2021-07-26 00:29:06 CHB 1829181?1627230542 第 1 次 获取到号码【1829181】GSD
2021-07-26 00:29:06 获取到号码【1829181】的GSD为【陕西-西安】
2021-07-26 00:29:24 GSD insert 第 1 次 等待 3 秒
2021-07-26 00:29:27 {"status":"ok","gid":395398,"msg":"添加成功！"}
2021-07-26 00:29:27 下次操作: 2021-07-26 00:29:44

2021-07-26 00:29:44 开始第 34 次操作

2021-07-26 00:29:44 开始操作号码 【1829180】
2021-07-26 00:29:48 GSD getOne 第 1 次 等待 3 秒
2021-07-26 00:29:51 查询号码 【1829180】，返回信息 {"status":"bad","msg":""}
2021-07-26 00:29:51 查询号码 【1829180】，GSD为【""】
2021-07-26 00:29:51 bad
2021-07-26 00:29:53 CHB 1829180?1627230591 第 1 次 等待 3 秒
2021-07-26 00:29:56 CHB 1829180?1627230591 第 1 次 获取到号码【1829180】GSD
2021-07-26 00:29:56 获取到号码【1829180】的GSD为【陕西-西安】
2021-07-26 00:30:17 GSD insert 第 1 次 等待 3 秒
2021-07-26 00:30:20 {"status":"ok","gid":395402,"msg":"添加成功！"}
2021-07-26 00:30:20 下次操作: 2021-07-26 00:30:37

2021-07-26 00:30:37 开始第 35 次操作

2021-07-26 00:30:37 开始操作号码 【1829179】
2021-07-26 00:30:41 GSD getOne 第 1 次 等待 3 秒
2021-07-26 00:30:44 查询号码 【1829179】，返回信息 {"status":"bad","msg":""}
2021-07-26 00:30:44 查询号码 【1829179】，GSD为【""】
2021-07-26 00:30:44 bad
2021-07-26 00:30:46 CHB 1829179?1627230644 第 1 次 等待 3 秒
2021-07-26 00:30:49 CHB 1829179?1627230644 第 1 次 获取到号码【1829179】GSD
2021-07-26 00:30:49 获取到号码【1829179】的GSD为【陕西-宝鸡】
2021-07-26 00:31:07 GSD insert 第 1 次 等待 3 秒
2021-07-26 00:31:10 {"status":"ok","gid":395406,"msg":"添加成功！"}
2021-07-26 00:31:10 下次操作: 2021-07-26 00:31:25

2021-07-26 00:31:25 开始第 36 次操作

2021-07-26 00:31:25 开始操作号码 【1829178】
2021-07-26 00:31:29 GSD getOne 第 1 次 等待 3 秒
2021-07-26 00:31:32 查询号码 【1829178】，返回信息 {"status":"bad","msg":""}
2021-07-26 00:31:32 查询号码 【1829178】，GSD为【""】
2021-07-26 00:31:32 bad
2021-07-26 00:31:33 CHB 1829178?1627230692 第 1 次 等待 3 秒
2021-07-26 00:31:36 CHB 1829178?1627230692 第 1 次 获取到号码【1829178】GSD
2021-07-26 00:31:36 获取到号码【1829178】的GSD为【陕西-宝鸡】
2021-07-26 00:31:55 GSD insert 第 1 次 等待 3 秒
2021-07-26 00:31:58 {"status":"ok","gid":395410,"msg":"添加成功！"}
2021-07-26 00:31:58 下次操作: 2021-07-26 00:32:14

2021-07-26 00:32:14 开始第 37 次操作

2021-07-26 00:32:14 开始操作号码 【1829177】
2021-07-26 00:32:16 GSD getOne 第 1 次 等待 3 秒
2021-07-26 00:32:19 查询号码 【1829177】，返回信息 {"status":"bad","msg":""}
2021-07-26 00:32:19 查询号码 【1829177】，GSD为【""】
2021-07-26 00:32:19 bad
2021-07-26 00:32:21 CHB 1829177?1627230739 第 1 次 等待 3 秒
2021-07-26 00:32:24 CHB 1829177?1627230739 第 1 次 获取到号码【1829177】GSD
2021-07-26 00:32:24 获取到号码【1829177】的GSD为【陕西-宝鸡】
2021-07-26 00:32:43 GSD insert 第 1 次 等待 3 秒
2021-07-26 00:32:46 {"status":"ok","gid":395414,"msg":"添加成功！"}
2021-07-26 00:32:46 下次操作: 2021-07-26 00:33:05

2021-07-26 00:33:05 开始第 38 次操作

2021-07-26 00:33:05 开始操作号码 【1829176】
2021-07-26 00:33:10 GSD getOne 第 1 次 等待 3 秒
2021-07-26 00:33:13 查询号码 【1829176】，返回信息 {"status":"bad","msg":""}
2021-07-26 00:33:14 查询号码 【1829176】，GSD为【""】
2021-07-26 00:33:14 bad
2021-07-26 00:33:15 CHB 1829176?1627230794 第 1 次 等待 3 秒
2021-07-26 00:33:18 CHB 1829176?1627230794 第 1 次 获取到号码【1829176】GSD
2021-07-26 00:33:18 未获取到号码【1829176】GSD，查号吧 400 错误
2021-07-26 00:33:18 获取到号码【1829176】的GSD为【-】
2021-07-26 00:35:28 GSD insert 第 1 次 等待 3 秒
2021-07-26 00:37:43 GSD insert 第 2 次 等待 3 秒
2021-07-26 00:37:52 GSD insert 第 3 次 等待 3 秒
2021-07-26 00:37:55 {"status":"ok","gid":395427,"msg":"添加成功！"}
2021-07-26 00:37:55 下次操作: 2021-07-26 00:38:15

2021-07-26 00:38:15 开始第 39 次操作

2021-07-26 00:38:15 开始操作号码 【1829175】
2021-07-26 00:38:21 GSD getOne 第 1 次 等待 3 秒
2021-07-26 00:38:24 查询号码 【1829175】，返回信息 {"status":"bad","msg":""}
2021-07-26 00:38:24 查询号码 【1829175】，GSD为【""】
2021-07-26 00:38:24 bad
2021-07-26 00:38:26 CHB 1829175?1627231104 第 1 次 等待 3 秒
2021-07-26 00:38:29 CHB 1829175?1627231104 第 1 次 获取到号码【1829175】GSD
2021-07-26 00:38:29 获取到号码【1829175】的GSD为【陕西-宝鸡】
2021-07-26 00:38:48 GSD insert 第 1 次 等待 3 秒
2021-07-26 00:38:51 {"status":"ok","gid":395431,"msg":"添加成功！"}
2021-07-26 00:38:51 下次操作: 2021-07-26 00:39:12

2021-07-26 00:39:12 开始第 40 次操作

2021-07-26 00:39:12 开始操作号码 【1829174】
2021-07-26 00:39:18 GSD getOne 第 1 次 等待 3 秒
2021-07-26 00:39:21 查询号码 【1829174】，返回信息 {"status":"bad","msg":""}
2021-07-26 00:39:21 查询号码 【1829174】，GSD为【""】
2021-07-26 00:39:21 bad
2021-07-26 00:39:23 CHB 1829174?1627231161 第 1 次 等待 3 秒
2021-07-26 00:39:26 CHB 1829174?1627231161 第 1 次 获取到号码【1829174】GSD
2021-07-26 00:39:26 获取到号码【1829174】的GSD为【陕西-宝鸡】
2021-07-26 00:39:36 GSD insert 第 1 次 等待 3 秒
2021-07-26 00:39:39 {"status":"ok","gid":395433,"msg":"添加成功！"}

2021-07-26 01:38:16 开始第 1 次操作

2021-07-26 01:38:16 开始操作号码 【1829173】
2021-07-26 01:38:20 GSD getOne 第 1 次 等待 3 秒
2021-07-26 01:38:23 查询号码 【1829173】，返回信息 {"status":"bad","msg":""}
2021-07-26 01:38:23 查询号码 【1829173】，GSD为【""】
2021-07-26 01:38:23 bad
2021-07-26 01:38:25 CHB 1829173?1627234703 第 1 次 等待 3 秒
2021-07-26 01:38:28 CHB 1829173?1627234703 第 1 次 获取到号码【1829173】GSD
2021-07-26 01:38:28 获取到号码【1829173】的GSD为【陕西-宝鸡】
2021-07-26 01:38:32 GSD insert 第 1 次 等待 3 秒
2021-07-26 01:38:35 {"status":"ok","gid":395854,"msg":"添加成功！"}
2021-07-26 01:38:35 下次操作: 2021-07-26 01:38:48

2021-07-26 01:38:48 开始第 2 次操作

2021-07-26 01:38:48 开始操作号码 【1829172】
2021-07-26 01:38:50 GSD getOne 第 1 次 等待 3 秒
2021-07-26 01:38:53 查询号码 【1829172】，返回信息 {"status":"bad","msg":""}
2021-07-26 01:38:53 查询号码 【1829172】，GSD为【""】
2021-07-26 01:38:53 bad
2021-07-26 01:38:55 CHB 1829172?1627234733 第 1 次 等待 3 秒
2021-07-26 01:38:58 CHB 1829172?1627234733 第 1 次 获取到号码【1829172】GSD
2021-07-26 01:38:58 获取到号码【1829172】的GSD为【陕西-宝鸡】
2021-07-26 01:39:01 GSD insert 第 1 次 等待 3 秒
2021-07-26 01:39:04 {"status":"ok","gid":395856,"msg":"添加成功！"}
2021-07-26 01:39:04 下次操作: 2021-07-26 01:39:27

2021-07-26 01:39:27 开始第 3 次操作

2021-07-26 01:39:27 开始操作号码 【1829171】
2021-07-26 01:39:29 GSD getOne 第 1 次 等待 3 秒
2021-07-26 01:39:32 查询号码 【1829171】，返回信息 {"status":"bad","msg":""}
2021-07-26 01:39:32 查询号码 【1829171】，GSD为【""】
2021-07-26 01:39:32 bad
2021-07-26 01:39:34 CHB 1829171?1627234772 第 1 次 等待 3 秒
2021-07-26 01:39:37 CHB 1829171?1627234772 第 1 次 获取到号码【1829171】GSD
2021-07-26 01:39:37 获取到号码【1829171】的GSD为【陕西-宝鸡】
2021-07-26 01:39:41 GSD insert 第 1 次 等待 3 秒
2021-07-26 01:39:44 {"status":"ok","gid":395861,"msg":"添加成功！"}
2021-07-26 01:39:44 下次操作: 2021-07-26 01:40:00

2021-07-26 01:40:00 开始第 4 次操作

2021-07-26 01:40:00 开始操作号码 【1829170】
2021-07-26 01:40:02 GSD getOne 第 1 次 等待 3 秒
2021-07-26 01:40:05 查询号码 【1829170】，返回信息 {"status":"bad","msg":""}
2021-07-26 01:40:05 查询号码 【1829170】，GSD为【""】
2021-07-26 01:40:05 bad
2021-07-26 01:40:07 CHB 1829170?1627234805 第 1 次 等待 3 秒
2021-07-26 01:40:10 CHB 1829170?1627234805 第 1 次 获取到号码【1829170】GSD
2021-07-26 01:40:10 获取到号码【1829170】的GSD为【陕西-宝鸡】
2021-07-26 01:40:13 GSD insert 第 1 次 等待 3 秒
2021-07-26 01:40:16 {"status":"ok","gid":395867,"msg":"添加成功！"}
2021-07-26 01:40:16 下次操作: 2021-07-26 01:40:28

2021-07-26 01:40:28 开始第 5 次操作

2021-07-26 01:40:28 开始操作号码 【1829169】
2021-07-26 01:40:31 GSD getOne 第 1 次 等待 3 秒
2021-07-26 01:40:34 查询号码 【1829169】，返回信息 {"status":"ok","msg":"陕西-汉中","gid":"36790","time_insert":"2016-12-28 09:01","time_update":"2020-12-09 01:54"}
2021-07-26 01:40:34 查询号码 【1829169】，GSD为【"陕西-汉中"】

2021-07-26 01:40:34 开始第 5 次操作

2021-07-26 01:40:34 开始操作号码 【1829168】
2021-07-26 01:40:39 GSD getOne 第 1 次 等待 3 秒
2021-07-26 01:40:42 查询号码 【1829168】，返回信息 {"status":"ok","msg":"陕西-汉中","gid":"51270","time_insert":"2021-04-22 09:32"}
2021-07-26 01:40:42 查询号码 【1829168】，GSD为【"陕西-汉中"】

2021-07-26 01:40:42 开始第 5 次操作

2021-07-26 01:40:42 开始操作号码 【1829167】
2021-07-26 01:40:45 GSD getOne 第 1 次 等待 3 秒
2021-07-26 01:40:48 查询号码 【1829167】，返回信息 {"status":"ok","msg":"陕西-汉中","gid":"36789","time_insert":"2019-09-21 14:01","time_update":"2020-12-09 01:49"}
2021-07-26 01:40:48 查询号码 【1829167】，GSD为【"陕西-汉中"】

2021-07-26 01:40:48 开始第 5 次操作

2021-07-26 01:40:48 开始操作号码 【1829166】
2021-07-26 01:40:52 GSD getOne 第 1 次 等待 3 秒
2021-07-26 01:40:55 查询号码 【1829166】，返回信息 {"status":"bad","msg":""}
2021-07-26 01:40:55 查询号码 【1829166】，GSD为【""】
2021-07-26 01:40:55 bad
2021-07-26 01:40:56 CHB 1829166?1627234855 第 1 次 等待 3 秒
2021-07-26 01:40:59 CHB 1829166?1627234855 第 1 次 获取到号码【1829166】GSD
2021-07-26 01:40:59 获取到号码【1829166】的GSD为【陕西-汉中】
2021-07-26 01:41:02 GSD insert 第 1 次 等待 3 秒
2021-07-26 01:41:05 {"status":"ok","gid":395872,"msg":"添加成功！"}
2021-07-26 01:41:05 下次操作: 2021-07-26 01:41:19

2021-07-26 01:41:19 开始第 6 次操作

2021-07-26 01:41:19 开始操作号码 【1829165】
2021-07-26 01:41:24 GSD getOne 第 1 次 等待 3 秒
2021-07-26 01:41:27 查询号码 【1829165】，返回信息 {"status":"ok","msg":"陕西-汉中","gid":"50907","time_insert":"2021-04-21 17:43"}
2021-07-26 01:41:27 查询号码 【1829165】，GSD为【"陕西-汉中"】

2021-07-26 01:41:27 开始第 6 次操作

2021-07-26 01:41:27 开始操作号码 【1829164】
2021-07-26 01:41:31 GSD getOne 第 1 次 等待 3 秒
2021-07-26 01:41:34 查询号码 【1829164】，返回信息 {"status":"bad","msg":""}
2021-07-26 01:41:34 查询号码 【1829164】，GSD为【""】
2021-07-26 01:41:34 bad
2021-07-26 01:41:35 CHB 1829164?1627234894 第 1 次 等待 3 秒
2021-07-26 01:41:38 CHB 1829164?1627234894 第 1 次 获取到号码【1829164】GSD
2021-07-26 01:41:39 获取到号码【1829164】的GSD为【陕西-汉中】
2021-07-26 01:41:41 GSD insert 第 1 次 等待 3 秒
2021-07-26 01:41:44 {"status":"ok","gid":395877,"msg":"添加成功！"}
2021-07-26 01:41:44 下次操作: 2021-07-26 01:42:04

2021-07-26 01:42:04 开始第 7 次操作

2021-07-26 01:42:04 开始操作号码 【1829163】
2021-07-26 01:42:07 GSD getOne 第 1 次 等待 3 秒
2021-07-26 01:42:10 查询号码 【1829163】，返回信息 {"status":"bad","msg":""}
2021-07-26 01:42:10 查询号码 【1829163】，GSD为【""】
2021-07-26 01:42:10 bad
2021-07-26 01:42:12 CHB 1829163?1627234930 第 1 次 等待 3 秒
2021-07-26 01:42:15 CHB 1829163?1627234930 第 1 次 获取到号码【1829163】GSD
2021-07-26 01:42:15 获取到号码【1829163】的GSD为【陕西-汉中】
2021-07-26 01:42:17 GSD insert 第 1 次 等待 3 秒
2021-07-26 01:42:20 {"status":"ok","gid":395883,"msg":"添加成功！"}
2021-07-26 01:42:20 下次操作: 2021-07-26 01:42:42

2021-07-26 01:42:42 开始第 8 次操作

2021-07-26 01:42:42 开始操作号码 【1829162】
2021-07-26 01:42:45 GSD getOne 第 1 次 等待 3 秒
2021-07-26 01:42:48 查询号码 【1829162】，返回信息 {"status":"ok","msg":"陕西-汉中","gid":"36788","time_insert":"2020-07-01 19:43","time_update":"2020-12-08 20:21"}
2021-07-26 01:42:48 查询号码 【1829162】，GSD为【"陕西-汉中"】

2021-07-26 01:42:48 开始第 8 次操作

2021-07-26 01:42:48 开始操作号码 【1829161】
2021-07-26 01:42:51 GSD getOne 第 1 次 等待 3 秒
2021-07-26 01:42:54 查询号码 【1829161】，返回信息 {"status":"ok","msg":"陕西-汉中","gid":"36787","time_insert":"2019-09-29 00:44","time_update":"2020-12-08 21:12"}
2021-07-26 01:42:54 查询号码 【1829161】，GSD为【"陕西-汉中"】

2021-07-26 01:42:54 开始第 8 次操作

2021-07-26 01:42:54 开始操作号码 【1829160】
2021-07-26 01:42:57 GSD getOne 第 1 次 等待 3 秒
2021-07-26 01:43:00 查询号码 【1829160】，返回信息 {"status":"bad","msg":""}
2021-07-26 01:43:00 查询号码 【1829160】，GSD为【""】
2021-07-26 01:43:00 bad
2021-07-26 01:43:01 CHB 1829160?1627234980 第 1 次 等待 3 秒
2021-07-26 01:43:04 CHB 1829160?1627234980 第 1 次 获取到号码【1829160】GSD
2021-07-26 01:43:04 获取到号码【1829160】的GSD为【陕西-汉中】
2021-07-26 01:43:07 GSD insert 第 1 次 等待 3 秒
2021-07-26 01:43:10 {"status":"ok","gid":395895,"msg":"添加成功！"}
2021-07-26 01:43:10 下次操作: 2021-07-26 01:43:32

2021-07-26 01:43:32 开始第 9 次操作

2021-07-26 01:43:32 开始操作号码 【1829159】
2021-07-26 01:43:35 GSD getOne 第 1 次 等待 3 秒
2021-07-26 01:43:38 查询号码 【1829159】，返回信息 {"status":"bad","msg":""}
2021-07-26 01:43:38 查询号码 【1829159】，GSD为【""】
2021-07-26 01:43:38 bad
2021-07-26 01:43:40 CHB 1829159?1627235018 第 1 次 等待 3 秒
2021-07-26 01:43:43 CHB 1829159?1627235018 第 1 次 获取到号码【1829159】GSD
2021-07-26 01:43:43 获取到号码【1829159】的GSD为【陕西-铜川】
2021-07-26 01:43:49 GSD insert 第 1 次 等待 3 秒
2021-07-26 01:43:52 {"status":"ok","gid":395905,"msg":"添加成功！"}
2021-07-26 01:43:52 下次操作: 2021-07-26 01:44:10

2021-07-26 01:44:10 开始第 10 次操作

2021-07-26 01:44:10 开始操作号码 【1829158】
2021-07-26 01:44:15 GSD getOne 第 1 次 等待 3 秒
2021-07-26 01:44:18 查询号码 【1829158】，返回信息 {"status":"ok","msg":"陕西-安康","gid":"51737","time_insert":"2021-04-22 10:12"}
2021-07-26 01:44:18 查询号码 【1829158】，GSD为【"陕西-安康"】

2021-07-26 01:44:18 开始第 10 次操作

2021-07-26 01:44:18 开始操作号码 【1829157】
2021-07-26 01:44:20 GSD getOne 第 1 次 等待 3 秒
2021-07-26 01:44:23 查询号码 【1829157】，返回信息 {"status":"bad","msg":""}
2021-07-26 01:44:23 查询号码 【1829157】，GSD为【""】
2021-07-26 01:44:23 bad
2021-07-26 01:44:25 CHB 1829157?1627235063 第 1 次 等待 3 秒
2021-07-26 01:44:28 CHB 1829157?1627235063 第 1 次 获取到号码【1829157】GSD
2021-07-26 01:44:28 获取到号码【1829157】的GSD为【陕西-安康】
2021-07-26 01:44:31 GSD insert 第 1 次 等待 3 秒
2021-07-26 01:44:34 {"status":"ok","gid":395916,"msg":"添加成功！"}
2021-07-26 01:44:34 下次操作: 2021-07-26 01:44:54

2021-07-26 01:44:54 开始第 11 次操作

2021-07-26 01:44:54 开始操作号码 【1829156】
2021-07-26 01:44:57 GSD getOne 第 1 次 等待 3 秒
2021-07-26 01:45:00 查询号码 【1829156】，返回信息 {"status":"ok","msg":"陕西-安康","gid":"36786","time_insert":"2014-02-25 15:06","time_update":"2020-12-08 21:17"}
2021-07-26 01:45:00 查询号码 【1829156】，GSD为【"陕西-安康"】

2021-07-26 01:45:00 开始第 11 次操作

2021-07-26 01:45:00 开始操作号码 【1829155】
2021-07-26 01:45:05 GSD getOne 第 1 次 等待 3 秒
2021-07-26 01:45:08 查询号码 【1829155】，返回信息 {"status":"bad","msg":""}
2021-07-26 01:45:08 查询号码 【1829155】，GSD为【""】
2021-07-26 01:45:08 bad
2021-07-26 01:45:09 CHB 1829155?1627235108 第 1 次 等待 3 秒
2021-07-26 01:45:12 CHB 1829155?1627235108 第 1 次 获取到号码【1829155】GSD
2021-07-26 01:45:12 获取到号码【1829155】的GSD为【陕西-安康】
2021-07-26 01:45:18 GSD insert 第 1 次 等待 3 秒
2021-07-26 01:45:21 {"status":"ok","gid":395931,"msg":"添加成功！"}
2021-07-26 01:45:21 下次操作: 2021-07-26 01:45:40

2021-07-26 01:45:40 开始第 12 次操作

2021-07-26 01:45:40 开始操作号码 【1829154】
2021-07-26 01:45:46 GSD getOne 第 1 次 等待 3 秒
2021-07-26 01:45:49 查询号码 【1829154】，返回信息 {"status":"bad","msg":""}
2021-07-26 01:45:49 查询号码 【1829154】，GSD为【""】
2021-07-26 01:45:49 bad
2021-07-26 01:45:51 CHB 1829154?1627235149 第 1 次 等待 3 秒
2021-07-26 01:45:54 CHB 1829154?1627235149 第 1 次 获取到号码【1829154】GSD
2021-07-26 01:45:54 获取到号码【1829154】的GSD为【陕西-安康】
2021-07-26 01:45:57 GSD insert 第 1 次 等待 3 秒
2021-07-26 01:46:00 {"status":"ok","gid":395942,"msg":"添加成功！"}
2021-07-26 01:46:00 下次操作: 2021-07-26 01:46:13

2021-07-26 01:46:13 开始第 13 次操作

2021-07-26 01:46:13 开始操作号码 【1829153】
2021-07-26 01:46:15 GSD getOne 第 1 次 等待 3 秒
2021-07-26 01:46:18 查询号码 【1829153】，返回信息 {"status":"bad","msg":""}
2021-07-26 01:46:18 查询号码 【1829153】，GSD为【""】
2021-07-26 01:46:18 bad
2021-07-26 01:46:20 CHB 1829153?1627235178 第 1 次 等待 3 秒
2021-07-26 01:46:23 CHB 1829153?1627235178 第 1 次 获取到号码【1829153】GSD
2021-07-26 01:46:23 获取到号码【1829153】的GSD为【陕西-安康】
2021-07-26 01:46:26 GSD insert 第 1 次 等待 3 秒
2021-07-26 01:46:29 {"status":"ok","gid":395951,"msg":"添加成功！"}
2021-07-26 01:46:29 下次操作: 2021-07-26 01:46:41

2021-07-26 01:46:41 开始第 14 次操作

2021-07-26 01:46:41 开始操作号码 【1829152】
2021-07-26 01:46:43 GSD getOne 第 1 次 等待 3 秒
2021-07-26 01:46:46 查询号码 【1829152】，返回信息 {"status":"ok","msg":"陕西-安康","gid":"36785","time_insert":"2019-07-13 17:49","time_update":"2020-12-09 00:56"}
2021-07-26 01:46:46 查询号码 【1829152】，GSD为【"陕西-安康"】

2021-07-26 01:46:46 开始第 14 次操作

2021-07-26 01:46:46 开始操作号码 【1829151】
2021-07-26 01:46:49 GSD getOne 第 1 次 等待 3 秒
2021-07-26 01:46:52 查询号码 【1829151】，返回信息 {"status":"ok","msg":"陕西-安康","gid":"36784","time_insert":"2016-02-25 01:23","time_update":"2020-12-09 00:51"}
2021-07-26 01:46:52 查询号码 【1829151】，GSD为【"陕西-安康"】

2021-07-26 01:46:52 开始第 14 次操作

2021-07-26 01:46:52 开始操作号码 【1829150】
2021-07-26 01:46:55 GSD getOne 第 1 次 等待 3 秒
2021-07-26 01:46:58 查询号码 【1829150】，返回信息 {"status":"bad","msg":""}
2021-07-26 01:46:58 查询号码 【1829150】，GSD为【""】
2021-07-26 01:46:58 bad
2021-07-26 01:47:00 CHB 1829150?1627235218 第 1 次 等待 3 秒
2021-07-26 01:47:03 CHB 1829150?1627235218 第 1 次 获取到号码【1829150】GSD
2021-07-26 01:47:03 获取到号码【1829150】的GSD为【陕西-安康】
2021-07-26 01:47:05 GSD insert 第 1 次 等待 3 秒
2021-07-26 01:47:08 {"status":"ok","gid":395963,"msg":"添加成功！"}
2021-07-26 01:47:08 下次操作: 2021-07-26 01:47:31

2021-07-26 01:47:31 开始第 15 次操作

2021-07-26 01:47:31 开始操作号码 【1829149】
2021-07-26 01:47:35 GSD getOne 第 1 次 等待 3 秒
2021-07-26 01:47:38 查询号码 【1829149】，返回信息 {"status":"bad","msg":""}
2021-07-26 01:47:38 查询号码 【1829149】，GSD为【""】
2021-07-26 01:47:38 bad
2021-07-26 01:47:40 CHB 1829149?1627235258 第 1 次 等待 3 秒
2021-07-26 01:47:43 CHB 1829149?1627235258 第 1 次 获取到号码【1829149】GSD
2021-07-26 01:47:43 获取到号码【1829149】的GSD为【陕西-西安】
2021-07-26 01:47:46 GSD insert 第 1 次 等待 3 秒
2021-07-26 01:47:49 {"status":"ok","gid":395972,"msg":"添加成功！"}
2021-07-26 01:47:49 下次操作: 2021-07-26 01:48:08

2021-07-26 01:48:08 开始第 16 次操作

2021-07-26 01:48:08 开始操作号码 【1829148】
2021-07-26 01:48:11 GSD getOne 第 1 次 等待 3 秒
2021-07-26 01:48:14 查询号码 【1829148】，返回信息 {"status":"ok","msg":"陕西-西安","gid":"36783","time_insert":"2018-07-26 22:12","time_update":"2020-12-08 19:25"}
2021-07-26 01:48:14 查询号码 【1829148】，GSD为【"陕西-西安"】

2021-07-26 01:48:14 开始第 16 次操作

2021-07-26 01:48:14 开始操作号码 【1829147】
2021-07-26 01:48:17 GSD getOne 第 1 次 等待 3 秒
2021-07-26 01:48:20 查询号码 【1829147】，返回信息 {"status":"bad","msg":""}
2021-07-26 01:48:20 查询号码 【1829147】，GSD为【""】
2021-07-26 01:48:20 bad
2021-07-26 01:48:22 CHB 1829147?1627235300 第 1 次 等待 3 秒
2021-07-26 01:48:25 CHB 1829147?1627235300 第 1 次 获取到号码【1829147】GSD
2021-07-26 01:48:25 获取到号码【1829147】的GSD为【陕西-西安】
2021-07-26 01:48:28 GSD insert 第 1 次 等待 3 秒
2021-07-26 01:48:31 {"status":"ok","gid":395983,"msg":"添加成功！"}
2021-07-26 01:48:31 下次操作: 2021-07-26 01:48:50

2021-07-26 01:48:50 开始第 17 次操作

2021-07-26 01:48:50 开始操作号码 【1829146】
2021-07-26 01:48:54 GSD getOne 第 1 次 等待 3 秒
2021-07-26 01:48:57 查询号码 【1829146】，返回信息 {"status":"bad","msg":""}
2021-07-26 01:48:57 查询号码 【1829146】，GSD为【""】
2021-07-26 01:48:57 bad
2021-07-26 01:48:58 CHB 1829146?1627235337 第 1 次 等待 3 秒
2021-07-26 01:49:01 CHB 1829146?1627235337 第 1 次 获取到号码【1829146】GSD
2021-07-26 01:49:02 获取到号码【1829146】的GSD为【陕西-西安】
2021-07-26 01:49:04 GSD insert 第 1 次 等待 3 秒
2021-07-26 01:49:07 {"status":"ok","gid":395995,"msg":"添加成功！"}
2021-07-26 01:49:07 下次操作: 2021-07-26 01:49:21

2021-07-26 01:49:21 开始第 18 次操作

2021-07-26 01:49:21 开始操作号码 【1829145】
2021-07-26 01:49:24 GSD getOne 第 1 次 等待 3 秒
2021-07-26 01:49:27 查询号码 【1829145】，返回信息 {"status":"bad","msg":""}
2021-07-26 01:49:27 查询号码 【1829145】，GSD为【""】
2021-07-26 01:49:27 bad
2021-07-26 01:49:28 CHB 1829145?1627235367 第 1 次 等待 3 秒
2021-07-26 01:49:31 CHB 1829145?1627235367 第 1 次 获取到号码【1829145】GSD
2021-07-26 01:49:32 获取到号码【1829145】的GSD为【陕西-西安】
2021-07-26 01:49:37 GSD insert 第 1 次 等待 3 秒
2021-07-26 01:49:40 {"status":"ok","gid":396002,"msg":"添加成功！"}
2021-07-26 01:49:40 下次操作: 2021-07-26 01:49:58

2021-07-26 01:49:58 开始第 19 次操作

2021-07-26 01:49:58 开始操作号码 【1829144】
2021-07-26 01:50:06 GSD getOne 第 1 次 等待 3 秒
2021-07-26 01:50:09 查询号码 【1829144】，返回信息 {"status":"bad","msg":""}
2021-07-26 01:50:09 查询号码 【1829144】，GSD为【""】
2021-07-26 01:50:09 bad
2021-07-26 01:50:11 CHB 1829144?1627235409 第 1 次 等待 3 秒
2021-07-26 01:50:14 CHB 1829144?1627235409 第 1 次 获取到号码【1829144】GSD
2021-07-26 01:50:14 获取到号码【1829144】的GSD为【陕西-西安】
2021-07-26 01:50:16 GSD insert 第 1 次 等待 3 秒
2021-07-26 01:50:19 {"status":"ok","gid":396014,"msg":"添加成功！"}
2021-07-26 01:50:20 下次操作: 2021-07-26 01:50:35

2021-07-26 01:50:35 开始第 20 次操作

2021-07-26 01:50:35 开始操作号码 【1829143】
2021-07-26 01:50:37 GSD getOne 第 1 次 等待 3 秒
2021-07-26 01:50:40 查询号码 【1829143】，返回信息 {"status":"bad","msg":""}
2021-07-26 01:50:40 查询号码 【1829143】，GSD为【""】
2021-07-26 01:50:40 bad
2021-07-26 01:50:42 CHB 1829143?1627235440 第 1 次 等待 3 秒
2021-07-26 01:50:45 CHB 1829143?1627235440 第 1 次 获取到号码【1829143】GSD
2021-07-26 01:50:45 获取到号码【1829143】的GSD为【陕西-西安】
2021-07-26 01:50:51 GSD insert 第 1 次 等待 3 秒
2021-07-26 01:50:54 {"status":"ok","gid":396024,"msg":"添加成功！"}
2021-07-26 01:50:54 下次操作: 2021-07-26 01:51:15

2021-07-26 01:51:15 开始第 21 次操作

2021-07-26 01:51:15 开始操作号码 【1829142】
2021-07-26 01:51:18 GSD getOne 第 1 次 等待 3 秒
2021-07-26 01:51:21 查询号码 【1829142】，返回信息 {"status":"ok","msg":"陕西-西安","gid":"36782","time_insert":"2018-10-02 14:07","time_update":"2020-12-08 20:20"}
2021-07-26 01:51:21 查询号码 【1829142】，GSD为【"陕西-西安"】

2021-07-26 01:51:21 开始第 21 次操作

2021-07-26 01:51:21 开始操作号码 【1829141】
2021-07-26 01:51:24 GSD getOne 第 1 次 等待 3 秒
2021-07-26 01:51:27 查询号码 【1829141】，返回信息 {"status":"bad","msg":""}
2021-07-26 01:51:27 查询号码 【1829141】，GSD为【""】
2021-07-26 01:51:27 bad
2021-07-26 01:51:28 CHB 1829141?1627235487 第 1 次 等待 3 秒
2021-07-26 01:51:31 CHB 1829141?1627235487 第 1 次 获取到号码【1829141】GSD
2021-07-26 01:51:31 获取到号码【1829141】的GSD为【陕西-西安】
2021-07-26 01:51:36 GSD insert 第 1 次 等待 3 秒
2021-07-26 01:51:39 {"status":"ok","gid":396036,"msg":"添加成功！"}
2021-07-26 01:51:39 下次操作: 2021-07-26 01:51:51

2021-07-26 01:51:51 开始第 22 次操作

2021-07-26 01:51:51 开始操作号码 【1829140】
2021-07-26 01:51:54 GSD getOne 第 1 次 等待 3 秒
2021-07-26 01:51:57 查询号码 【1829140】，返回信息 {"status":"bad","msg":""}
2021-07-26 01:51:58 查询号码 【1829140】，GSD为【""】
2021-07-26 01:51:58 bad
2021-07-26 01:51:59 CHB 1829140?1627235518 第 1 次 等待 3 秒
2021-07-26 01:52:02 CHB 1829140?1627235518 第 1 次 获取到号码【1829140】GSD
2021-07-26 01:52:02 获取到号码【1829140】的GSD为【陕西-西安】
2021-07-26 01:52:05 GSD insert 第 1 次 等待 3 秒
2021-07-26 01:52:08 {"status":"ok","gid":396046,"msg":"添加成功！"}
2021-07-26 01:52:08 下次操作: 2021-07-26 01:52:29

2021-07-26 01:52:29 开始第 23 次操作

2021-07-26 01:52:29 开始操作号码 【1829139】
2021-07-26 01:52:31 GSD getOne 第 1 次 等待 3 秒
2021-07-26 01:52:34 查询号码 【1829139】，返回信息 {"status":"bad","msg":""}
2021-07-26 01:52:35 查询号码 【1829139】，GSD为【""】
2021-07-26 01:52:35 bad
2021-07-26 01:52:36 CHB 1829139?1627235555 第 1 次 等待 3 秒
2021-07-26 01:52:39 CHB 1829139?1627235555 第 1 次 获取到号码【1829139】GSD
2021-07-26 01:52:39 获取到号码【1829139】的GSD为【陕西-渭南】
2021-07-26 01:52:42 GSD insert 第 1 次 等待 3 秒
2021-07-26 01:52:45 {"status":"ok","gid":396056,"msg":"添加成功！"}
2021-07-26 01:52:45 下次操作: 2021-07-26 01:52:59

2021-07-26 01:52:59 开始第 24 次操作

2021-07-26 01:52:59 开始操作号码 【1829138】
2021-07-26 01:53:03 GSD getOne 第 1 次 等待 3 秒
2021-07-26 01:53:06 查询号码 【1829138】，返回信息 {"status":"bad","msg":""}
2021-07-26 01:53:06 查询号码 【1829138】，GSD为【""】
2021-07-26 01:53:06 bad
2021-07-26 01:53:07 CHB 1829138?1627235586 第 1 次 等待 3 秒
2021-07-26 01:53:10 CHB 1829138?1627235586 第 1 次 获取到号码【1829138】GSD
2021-07-26 01:53:10 获取到号码【1829138】的GSD为【陕西-渭南】
2021-07-26 01:53:13 GSD insert 第 1 次 等待 3 秒
2021-07-26 01:53:16 {"status":"ok","gid":396067,"msg":"添加成功！"}
2021-07-26 01:53:16 下次操作: 2021-07-26 01:53:35

2021-07-26 01:53:35 开始第 25 次操作

2021-07-26 01:53:35 开始操作号码 【1829137】
2021-07-26 01:53:39 GSD getOne 第 1 次 等待 3 秒
2021-07-26 01:53:42 查询号码 【1829137】，返回信息 {"status":"bad","msg":""}
2021-07-26 01:53:42 查询号码 【1829137】，GSD为【""】
2021-07-26 01:53:42 bad
2021-07-26 01:53:44 CHB 1829137?1627235622 第 1 次 等待 3 秒
2021-07-26 01:53:47 CHB 1829137?1627235622 第 1 次 获取到号码【1829137】GSD
2021-07-26 01:53:47 获取到号码【1829137】的GSD为【陕西-渭南】
2021-07-26 01:53:50 GSD insert 第 1 次 等待 3 秒
2021-07-26 01:53:53 {"status":"ok","gid":396077,"msg":"添加成功！"}
2021-07-26 01:53:53 下次操作: 2021-07-26 01:54:09

2021-07-26 01:54:09 开始第 26 次操作

2021-07-26 01:54:09 开始操作号码 【1829136】
2021-07-26 01:54:11 GSD getOne 第 1 次 等待 3 秒
2021-07-26 01:54:14 查询号码 【1829136】，返回信息 {"status":"bad","msg":""}
2021-07-26 01:54:15 查询号码 【1829136】，GSD为【""】
2021-07-26 01:54:15 bad
2021-07-26 01:54:16 CHB 1829136?1627235655 第 1 次 等待 3 秒
2021-07-26 01:54:19 CHB 1829136?1627235655 第 1 次 获取到号码【1829136】GSD
2021-07-26 01:54:19 获取到号码【1829136】的GSD为【陕西-渭南】
2021-07-26 01:54:25 GSD insert 第 1 次 等待 3 秒
2021-07-26 01:54:28 {"status":"ok","gid":396086,"msg":"添加成功！"}
2021-07-26 01:54:28 下次操作: 2021-07-26 01:54:50

2021-07-26 01:54:50 开始第 27 次操作

2021-07-26 01:54:50 开始操作号码 【1829135】
2021-07-26 01:54:55 GSD getOne 第 1 次 等待 3 秒
2021-07-26 01:54:58 查询号码 【1829135】，返回信息 {"status":"ok","msg":"陕西-渭南","gid":"36781","time_insert":"2017-01-09 09:09","time_update":"2020-12-09 00:01"}
2021-07-26 01:54:58 查询号码 【1829135】，GSD为【"陕西-渭南"】

2021-07-26 01:54:58 开始第 27 次操作

2021-07-26 01:54:58 开始操作号码 【1829134】
2021-07-26 01:55:00 GSD getOne 第 1 次 等待 3 秒
2021-07-26 01:55:03 查询号码 【1829134】，返回信息 {"status":"bad","msg":""}
2021-07-26 01:55:03 查询号码 【1829134】，GSD为【""】
2021-07-26 01:55:03 bad
2021-07-26 01:55:05 CHB 1829134?1627235703 第 1 次 等待 3 秒
2021-07-26 01:55:08 CHB 1829134?1627235703 第 1 次 获取到号码【1829134】GSD
2021-07-26 01:55:08 获取到号码【1829134】的GSD为【陕西-渭南】
2021-07-26 01:55:11 GSD insert 第 1 次 等待 3 秒
2021-07-26 01:55:14 {"status":"ok","gid":396098,"msg":"添加成功！"}
2021-07-26 01:55:14 下次操作: 2021-07-26 01:55:34

2021-07-26 01:55:34 开始第 28 次操作

2021-07-26 01:55:34 开始操作号码 【1829133】
2021-07-26 01:55:37 GSD getOne 第 1 次 等待 3 秒
2021-07-26 01:55:40 查询号码 【1829133】，返回信息 {"status":"bad","msg":""}
2021-07-26 01:55:40 查询号码 【1829133】，GSD为【""】
2021-07-26 01:55:40 bad
2021-07-26 01:55:42 CHB 1829133?1627235740 第 1 次 等待 3 秒
2021-07-26 01:55:45 CHB 1829133?1627235740 第 1 次 获取到号码【1829133】GSD
2021-07-26 01:55:45 获取到号码【1829133】的GSD为【陕西-渭南】
2021-07-26 01:55:48 GSD insert 第 1 次 等待 3 秒
2021-07-26 01:55:51 {"status":"ok","gid":396109,"msg":"添加成功！"}
2021-07-26 01:55:51 下次操作: 2021-07-26 01:56:10

2021-07-26 01:56:10 开始第 29 次操作

2021-07-26 01:56:10 开始操作号码 【1829132】
2021-07-26 01:56:13 GSD getOne 第 1 次 等待 3 秒
2021-07-26 01:56:16 查询号码 【1829132】，返回信息 {"status":"bad","msg":""}
2021-07-26 01:56:16 查询号码 【1829132】，GSD为【""】
2021-07-26 01:56:16 bad
2021-07-26 01:56:18 CHB 1829132?1627235776 第 1 次 等待 3 秒
2021-07-26 01:56:21 CHB 1829132?1627235776 第 1 次 获取到号码【1829132】GSD
2021-07-26 01:56:21 获取到号码【1829132】的GSD为【陕西-渭南】
2021-07-26 01:56:24 GSD insert 第 1 次 等待 3 秒
2021-07-26 01:56:27 {"status":"ok","gid":396120,"msg":"添加成功！"}
2021-07-26 01:56:27 下次操作: 2021-07-26 01:56:44

2021-07-26 01:56:44 开始第 30 次操作

2021-07-26 01:56:44 开始操作号码 【1829131】
2021-07-26 01:56:47 GSD getOne 第 1 次 等待 3 秒
2021-07-26 01:56:50 查询号码 【1829131】，返回信息 {"status":"bad","msg":""}
2021-07-26 01:56:50 查询号码 【1829131】，GSD为【""】
2021-07-26 01:56:50 bad
2021-07-26 01:56:52 CHB 1829131?1627235810 第 1 次 等待 3 秒
2021-07-26 01:56:55 CHB 1829131?1627235810 第 1 次 获取到号码【1829131】GSD
2021-07-26 01:56:55 获取到号码【1829131】的GSD为【陕西-渭南】
2021-07-26 01:56:58 GSD insert 第 1 次 等待 3 秒
2021-07-26 01:57:01 {"status":"ok","gid":396128,"msg":"添加成功！"}
2021-07-26 01:57:01 下次操作: 2021-07-26 01:57:15

2021-07-26 01:57:15 开始第 31 次操作

2021-07-26 01:57:15 开始操作号码 【1829130】
2021-07-26 01:57:18 GSD getOne 第 1 次 等待 3 秒
2021-07-26 01:57:21 查询号码 【1829130】，返回信息 {"status":"bad","msg":""}
2021-07-26 01:57:21 查询号码 【1829130】，GSD为【""】
2021-07-26 01:57:21 bad
2021-07-26 01:57:23 CHB 1829130?1627235841 第 1 次 等待 3 秒
2021-07-26 01:57:26 CHB 1829130?1627235841 第 1 次 获取到号码【1829130】GSD
2021-07-26 01:57:26 获取到号码【1829130】的GSD为【陕西-渭南】
2021-07-26 01:57:29 GSD insert 第 1 次 等待 3 秒
2021-07-26 01:57:32 {"status":"ok","gid":396137,"msg":"添加成功！"}
2021-07-26 01:57:32 下次操作: 2021-07-26 01:57:53

2021-07-26 01:57:53 开始第 32 次操作

2021-07-26 01:57:53 开始操作号码 【1829129】
2021-07-26 01:57:57 GSD getOne 第 1 次 等待 3 秒
2021-07-26 01:58:00 查询号码 【1829129】，返回信息 {"status":"bad","msg":""}
2021-07-26 01:58:00 查询号码 【1829129】，GSD为【""】
2021-07-26 01:58:00 bad
2021-07-26 01:58:01 CHB 1829129?1627235880 第 1 次 等待 3 秒
2021-07-26 01:58:04 CHB 1829129?1627235880 第 1 次 获取到号码【1829129】GSD
2021-07-26 01:58:04 获取到号码【1829129】的GSD为【陕西-榆林】
2021-07-26 01:58:07 GSD insert 第 1 次 等待 3 秒
2021-07-26 01:58:10 {"status":"ok","gid":396149,"msg":"添加成功！"}
2021-07-26 01:58:10 下次操作: 2021-07-26 01:58:26

2021-07-26 01:58:26 开始第 33 次操作

2021-07-26 01:58:26 开始操作号码 【1829128】
2021-07-26 01:58:29 GSD getOne 第 1 次 等待 3 秒
2021-07-26 01:58:32 查询号码 【1829128】，返回信息 {"status":"bad","msg":""}
2021-07-26 01:58:32 查询号码 【1829128】，GSD为【""】
2021-07-26 01:58:32 bad
2021-07-26 01:58:33 CHB 1829128?1627235912 第 1 次 等待 3 秒
2021-07-26 01:58:36 CHB 1829128?1627235912 第 1 次 获取到号码【1829128】GSD
2021-07-26 01:58:36 未获取到号码【1829128】GSD，查号吧 400 错误
2021-07-26 01:58:36 获取到号码【1829128】的GSD为【-】
2021-07-26 01:58:38 GSD insert 第 1 次 等待 3 秒
2021-07-26 01:58:41 {"status":"ok","gid":396160,"msg":"添加成功！"}
2021-07-26 01:58:41 下次操作: 2021-07-26 01:59:04

2021-07-26 01:59:04 开始第 34 次操作

2021-07-26 01:59:04 开始操作号码 【1829127】
2021-07-26 01:59:08 GSD getOne 第 1 次 等待 3 秒
2021-07-26 01:59:11 查询号码 【1829127】，返回信息 {"status":"bad","msg":""}
2021-07-26 01:59:11 查询号码 【1829127】，GSD为【""】
2021-07-26 01:59:11 bad
2021-07-26 01:59:12 CHB 1829127?1627235951 第 1 次 等待 3 秒
2021-07-26 01:59:15 CHB 1829127?1627235951 第 1 次 获取到号码【1829127】GSD
2021-07-26 01:59:15 获取到号码【1829127】的GSD为【陕西-榆林】
2021-07-26 01:59:18 GSD insert 第 1 次 等待 3 秒
2021-07-26 01:59:21 {"status":"ok","gid":396172,"msg":"添加成功！"}
2021-07-26 01:59:21 下次操作: 2021-07-26 01:59:37

2021-07-26 01:59:37 开始第 35 次操作

2021-07-26 01:59:37 开始操作号码 【1829126】
2021-07-26 01:59:40 GSD getOne 第 1 次 等待 3 秒
2021-07-26 01:59:43 查询号码 【1829126】，返回信息 {"status":"bad","msg":""}
2021-07-26 01:59:44 查询号码 【1829126】，GSD为【""】
2021-07-26 01:59:44 bad
2021-07-26 01:59:45 CHB 1829126?1627235984 第 1 次 等待 3 秒
2021-07-26 01:59:48 CHB 1829126?1627235984 第 1 次 获取到号码【1829126】GSD
2021-07-26 01:59:48 获取到号码【1829126】的GSD为【陕西-榆林】
2021-07-26 01:59:51 GSD insert 第 1 次 等待 3 秒
2021-07-26 01:59:54 {"status":"ok","gid":396180,"msg":"添加成功！"}
2021-07-26 01:59:54 下次操作: 2021-07-26 02:00:10

2021-07-26 02:00:10 开始第 36 次操作

2021-07-26 02:00:10 开始操作号码 【1829125】
2021-07-26 02:00:13 GSD getOne 第 1 次 等待 3 秒
2021-07-26 02:00:16 查询号码 【1829125】，返回信息 {"status":"bad","msg":""}
2021-07-26 02:00:17 查询号码 【1829125】，GSD为【""】
2021-07-26 02:00:17 bad
2021-07-26 02:00:18 CHB 1829125?1627236017 第 1 次 等待 3 秒
2021-07-26 02:00:21 CHB 1829125?1627236017 第 1 次 获取到号码【1829125】GSD
2021-07-26 02:00:21 获取到号码【1829125】的GSD为【陕西-榆林】
2021-07-26 02:00:24 GSD insert 第 1 次 等待 3 秒
2021-07-26 02:00:27 {"status":"ok","gid":396192,"msg":"添加成功！"}
2021-07-26 02:00:27 下次操作: 2021-07-26 02:00:39

2021-07-26 02:00:39 开始第 37 次操作

2021-07-26 02:00:39 开始操作号码 【1829124】
2021-07-26 02:00:43 GSD getOne 第 1 次 等待 3 秒
2021-07-26 02:00:46 查询号码 【1829124】，返回信息 {"status":"bad","msg":""}
2021-07-26 02:00:46 查询号码 【1829124】，GSD为【""】
2021-07-26 02:00:46 bad
2021-07-26 02:00:48 CHB 1829124?1627236046 第 1 次 等待 3 秒
2021-07-26 02:00:51 CHB 1829124?1627236046 第 1 次 获取到号码【1829124】GSD
2021-07-26 02:00:51 获取到号码【1829124】的GSD为【陕西-榆林】
2021-07-26 02:00:53 GSD insert 第 1 次 等待 3 秒
2021-07-26 02:00:56 {"status":"ok","gid":396200,"msg":"添加成功！"}
2021-07-26 02:00:56 下次操作: 2021-07-26 02:01:14

2021-07-26 02:01:14 开始第 38 次操作

2021-07-26 02:01:14 开始操作号码 【1829123】
2021-07-26 02:01:17 GSD getOne 第 1 次 等待 3 秒
2021-07-26 02:01:20 查询号码 【1829123】，返回信息 {"status":"bad","msg":""}
2021-07-26 02:01:20 查询号码 【1829123】，GSD为【""】
2021-07-26 02:01:20 bad
2021-07-26 02:01:22 CHB 1829123?1627236080 第 1 次 等待 3 秒
2021-07-26 02:01:25 CHB 1829123?1627236080 第 1 次 获取到号码【1829123】GSD
2021-07-26 02:01:25 获取到号码【1829123】的GSD为【陕西-榆林】
2021-07-26 02:01:27 GSD insert 第 1 次 等待 3 秒
2021-07-26 02:01:30 {"status":"ok","gid":396208,"msg":"添加成功！"}
2021-07-26 02:01:30 下次操作: 2021-07-26 02:01:51

2021-07-26 02:01:51 开始第 39 次操作

2021-07-26 02:01:51 开始操作号码 【1829122】
2021-07-26 02:01:55 GSD getOne 第 1 次 等待 3 秒
2021-07-26 02:01:58 查询号码 【1829122】，返回信息 {"status":"bad","msg":""}
2021-07-26 02:01:58 查询号码 【1829122】，GSD为【""】
2021-07-26 02:01:58 bad
2021-07-26 02:01:59 CHB 1829122?1627236118 第 1 次 等待 3 秒
2021-07-26 02:02:02 CHB 1829122?1627236118 第 1 次 获取到号码【1829122】GSD
2021-07-26 02:02:02 获取到号码【1829122】的GSD为【陕西-榆林】
2021-07-26 02:02:05 GSD insert 第 1 次 等待 3 秒
2021-07-26 02:02:08 {"status":"ok","gid":396217,"msg":"添加成功！"}
2021-07-26 02:02:08 下次操作: 2021-07-26 02:02:25

2021-07-26 02:02:25 开始第 40 次操作

2021-07-26 02:02:25 开始操作号码 【1829121】
2021-07-26 02:02:28 GSD getOne 第 1 次 等待 3 秒
2021-07-26 02:02:31 查询号码 【1829121】，返回信息 {"status":"bad","msg":""}
2021-07-26 02:02:31 查询号码 【1829121】，GSD为【""】
2021-07-26 02:02:31 bad
2021-07-26 02:02:32 CHB 1829121?1627236151 第 1 次 等待 3 秒
2021-07-26 02:02:35 CHB 1829121?1627236151 第 1 次 获取到号码【1829121】GSD
2021-07-26 02:02:36 获取到号码【1829121】的GSD为【陕西-榆林】
2021-07-26 02:02:38 GSD insert 第 1 次 等待 3 秒
2021-07-26 02:02:41 {"status":"ok","gid":396224,"msg":"添加成功！"}

