2024-08-05 00:20:30 开始第 9669 次操作

2024-08-05 00:20:30 开始操作号码 【1509578】
2024-08-05 00:20:38 GSD getOne 第 1 次 等待 3 秒
2024-08-05 00:20:41 查询号码 【1509578】，返回信息 {"status":"ok","msg":"甘肃-白银","gid":"359812","time_insert":"2021-07-22 22:58"}
2024-08-05 00:20:41 查询号码 【1509578】，GSD为【"甘肃-白银"】

2024-08-05 00:20:42 开始第 9670 次操作

2024-08-05 00:20:42 开始操作号码 【1509579】
2024-08-05 00:20:49 GSD getOne 第 1 次 等待 3 秒
2024-08-05 00:20:52 查询号码 【1509579】，返回信息 {"status":"ok","msg":"甘肃-白银","gid":"16446","time_insert":"2019-11-14 14:32","time_update":"2021-05-25 16:42"}
2024-08-05 00:20:52 查询号码 【1509579】，GSD为【"甘肃-白银"】

2024-08-05 00:20:53 开始第 9671 次操作

2024-08-05 00:20:53 开始操作号码 【1509580】
2024-08-05 00:21:01 GSD getOne 第 1 次 等待 3 秒
2024-08-05 00:21:04 查询号码 【1509580】，返回信息 {"status":"ok","msg":"重庆-涪陵","gid":"16447","time_insert":"2018-08-24 14:04","time_update":"2021-05-25 16:43"}
2024-08-05 00:21:04 查询号码 【1509580】，GSD为【"重庆-涪陵"】

2024-08-05 00:21:05 开始第 9672 次操作

2024-08-05 00:21:05 开始操作号码 【1509581】
2024-08-05 00:21:13 GSD getOne 第 1 次 等待 3 秒
2024-08-05 00:21:16 查询号码 【1509581】，返回信息 {"status":"ok","msg":"重庆-涪陵","gid":"16448","time_insert":"2015-10-18 12:01","time_update":"2021-05-25 16:45"}
2024-08-05 00:21:16 查询号码 【1509581】，GSD为【"重庆-涪陵"】

2024-08-05 00:39:19 开始第 9673 次操作

2024-08-05 00:39:19 开始操作号码 【1509582】
2024-08-05 00:40:13 GSD getOne 第 1 次 等待 3 秒
2024-08-05 00:40:16 查询号码 【1509582】，返回信息 {"status":"ok","msg":"重庆-涪陵","gid":"16449","time_insert":"2017-05-30 10:52","time_update":"2021-05-25 16:46"}
2024-08-05 00:40:16 查询号码 【1509582】，GSD为【"重庆-涪陵"】

2024-08-05 00:40:17 开始第 9674 次操作

2024-08-05 00:40:17 开始操作号码 【1509583】
2024-08-05 00:40:25 GSD getOne 第 1 次 等待 3 秒
2024-08-05 00:40:28 查询号码 【1509583】，返回信息 {"status":"ok","msg":"重庆-涪陵","gid":"359800","time_insert":"2021-07-22 22:57"}
2024-08-05 00:40:28 查询号码 【1509583】，GSD为【"重庆-涪陵"】

2024-08-05 00:40:29 开始第 9675 次操作

2024-08-05 00:40:29 开始操作号码 【1509584】
2024-08-05 00:40:37 GSD getOne 第 1 次 等待 3 秒
2024-08-05 00:40:40 查询号码 【1509584】，返回信息 {"status":"ok","msg":"重庆-涪陵","gid":"16450","time_insert":"2017-05-12 16:32","time_update":"2021-05-25 17:23"}
2024-08-05 00:40:40 查询号码 【1509584】，GSD为【"重庆-涪陵"】

2024-08-05 00:40:41 开始第 9676 次操作

2024-08-05 00:40:41 开始操作号码 【1509585】
2024-08-05 00:40:49 GSD getOne 第 1 次 等待 3 秒
2024-08-05 00:40:52 查询号码 【1509585】，返回信息 {"status":"ok","msg":"重庆-涪陵","gid":"16451","time_insert":"2018-03-18 18:38","time_update":"2021-05-25 17:27"}
2024-08-05 00:40:52 查询号码 【1509585】，GSD为【"重庆-涪陵"】

