2024-02-04 00:19:19 开始第 1757 次操作

2024-02-04 00:19:19 开始操作号码 【1721676】
2024-02-04 00:19:24 GSD getOne 第 1 次 等待 3 秒
2024-02-04 00:19:27 查询号码 【1721676】，返回信息 {"status":"ok","msg":"重庆-重庆","gid":"255157","time_insert":"2021-07-12 09:36"}
2024-02-04 00:19:27 查询号码 【1721676】，GSD为【"重庆-重庆"】

2024-02-04 00:19:28 开始第 1758 次操作

2024-02-04 00:19:28 开始操作号码 【1721677】
2024-02-04 00:19:35 GSD getOne 第 1 次 等待 3 秒
2024-02-04 00:19:38 查询号码 【1721677】，返回信息 {"status":"ok","msg":"重庆-重庆","gid":"255163","time_insert":"2021-07-12 09:37"}
2024-02-04 00:19:38 查询号码 【1721677】，GSD为【"重庆-重庆"】

2024-02-04 00:19:39 开始第 1759 次操作

2024-02-04 00:19:39 开始操作号码 【1721678】
2024-02-04 00:19:43 GSD getOne 第 1 次 等待 3 秒
2024-02-04 00:19:46 查询号码 【1721678】，返回信息 {"status":"ok","msg":"重庆-重庆","gid":"255171","time_insert":"2021-07-12 09:38"}
2024-02-04 00:19:46 查询号码 【1721678】，GSD为【"重庆-重庆"】

2024-02-04 00:19:47 开始第 1760 次操作

2024-02-04 00:19:47 开始操作号码 【1721679】
2024-02-04 00:19:53 GSD getOne 第 1 次 等待 3 秒
2024-02-04 00:19:56 查询号码 【1721679】，返回信息 {"status":"ok","msg":"重庆-重庆","gid":"255182","time_insert":"2021-07-12 09:39"}
2024-02-04 00:19:56 查询号码 【1721679】，GSD为【"重庆-重庆"】

2024-02-04 00:37:21 开始第 1761 次操作

2024-02-04 00:37:21 开始操作号码 【1721680】
2024-02-04 00:37:25 GSD getOne 第 1 次 等待 3 秒
2024-02-04 00:37:28 查询号码 【1721680】，返回信息 {"status":"ok","msg":"重庆-重庆","gid":"255196","time_insert":"2021-07-12 09:39"}
2024-02-04 00:37:28 查询号码 【1721680】，GSD为【"重庆-重庆"】

2024-02-04 00:37:29 开始第 1762 次操作

2024-02-04 00:37:29 开始操作号码 【1721681】
2024-02-04 00:37:34 GSD getOne 第 1 次 等待 3 秒
2024-02-04 00:37:37 查询号码 【1721681】，返回信息 {"status":"ok","msg":"重庆-重庆","gid":"255214","time_insert":"2021-07-12 09:40"}
2024-02-04 00:37:37 查询号码 【1721681】，GSD为【"重庆-重庆"】

2024-02-04 00:37:38 开始第 1763 次操作

2024-02-04 00:37:38 开始操作号码 【1721682】
2024-02-04 00:37:44 GSD getOne 第 1 次 等待 3 秒
2024-02-04 00:37:47 查询号码 【1721682】，返回信息 {"status":"ok","msg":"重庆-重庆","gid":"255232","time_insert":"2021-07-12 09:41"}
2024-02-04 00:37:47 查询号码 【1721682】，GSD为【"重庆-重庆"】

2024-02-04 00:37:48 开始第 1764 次操作

2024-02-04 00:37:48 开始操作号码 【1721683】
2024-02-04 00:37:52 GSD getOne 第 1 次 等待 3 秒
2024-02-04 00:37:55 查询号码 【1721683】，返回信息 {"status":"ok","msg":"重庆-重庆","gid":"255251","time_insert":"2021-07-12 09:42"}
2024-02-04 00:37:55 查询号码 【1721683】，GSD为【"重庆-重庆"】

2024-02-04 01:13:44 开始第 1765 次操作

2024-02-04 01:13:44 开始操作号码 【1721684】
2024-02-04 01:13:48 GSD getOne 第 1 次 等待 3 秒
2024-02-04 01:13:51 查询号码 【1721684】，返回信息 {"status":"ok","msg":"重庆-重庆","gid":"255264","time_insert":"2021-07-12 09:43"}
2024-02-04 01:13:51 查询号码 【1721684】，GSD为【"重庆-重庆"】

2024-02-04 01:13:52 开始第 1766 次操作

2024-02-04 01:13:52 开始操作号码 【1721685】
2024-02-04 01:13:57 GSD getOne 第 1 次 等待 3 秒
2024-02-04 01:14:00 查询号码 【1721685】，返回信息 {"status":"ok","msg":"重庆-重庆","gid":"255280","time_insert":"2021-07-12 09:43"}
2024-02-04 01:14:00 查询号码 【1721685】，GSD为【"重庆-重庆"】

2024-02-04 01:14:01 开始第 1767 次操作

2024-02-04 01:14:01 开始操作号码 【1721686】
2024-02-04 01:14:05 GSD getOne 第 1 次 等待 3 秒
2024-02-04 01:14:08 查询号码 【1721686】，返回信息 {"status":"ok","msg":"重庆-重庆","gid":"255296","time_insert":"2021-07-12 09:44"}
2024-02-04 01:14:08 查询号码 【1721686】，GSD为【"重庆-重庆"】

2024-02-04 01:14:09 开始第 1768 次操作

2024-02-04 01:14:09 开始操作号码 【1721687】
2024-02-04 01:14:14 GSD getOne 第 1 次 等待 3 秒
2024-02-04 01:14:17 查询号码 【1721687】，返回信息 {"status":"ok","msg":"重庆-重庆","gid":"255313","time_insert":"2021-07-12 09:45"}
2024-02-04 01:14:17 查询号码 【1721687】，GSD为【"重庆-重庆"】

