2024-09-22 00:25:56 开始第 5781 次操作

2024-09-22 00:25:56 开始操作号码 【1395780】
2024-09-22 00:25:59 GSD getOne 第 1 次 等待 3 秒
2024-09-22 00:26:02 查询号码 【1395780】，返回信息 {"status":"ok","msg":"浙江-宁波","gid":"312724","time_insert":"2021-07-18 09:09"}
2024-09-22 00:26:02 查询号码 【1395780】，GSD为【"浙江-宁波"】

2024-09-22 00:26:03 开始第 5782 次操作

2024-09-22 00:26:03 开始操作号码 【1395781】
2024-09-22 00:26:05 GSD getOne 第 1 次 等待 3 秒
2024-09-22 00:26:08 查询号码 【1395781】，返回信息 {"status":"ok","msg":"浙江-宁波","gid":"312725","time_insert":"2021-07-18 09:10"}
2024-09-22 00:26:08 查询号码 【1395781】，GSD为【"浙江-宁波"】

2024-09-22 00:26:09 开始第 5783 次操作

2024-09-22 00:26:09 开始操作号码 【1395782】
2024-09-22 00:26:12 GSD getOne 第 1 次 等待 3 秒
2024-09-22 00:26:15 查询号码 【1395782】，返回信息 {"status":"ok","msg":"浙江-宁波","gid":"312732","time_insert":"2021-07-18 09:11"}
2024-09-22 00:26:15 查询号码 【1395782】，GSD为【"浙江-宁波"】

2024-09-22 00:26:16 开始第 5784 次操作

2024-09-22 00:26:16 开始操作号码 【1395783】
2024-09-22 00:26:18 GSD getOne 第 1 次 等待 3 秒
2024-09-22 00:26:21 查询号码 【1395783】，返回信息 {"status":"ok","msg":"浙江-宁波","gid":"312735","time_insert":"2021-07-18 09:12"}
2024-09-22 00:26:21 查询号码 【1395783】，GSD为【"浙江-宁波"】

