2024-04-12 00:19:16 开始第 3173 次操作

2024-04-12 00:19:16 开始操作号码 【1613092】
2024-04-12 00:19:25 GSD getOne 第 1 次 等待 3 秒
2024-04-12 00:19:28 查询号码 【1613092】，返回信息 {"status":"ok","msg":"-","gid":"576013","time_insert":"2023-03-07 17:10"}
2024-04-12 00:19:28 查询号码 【1613092】，GSD为【"-"】
2024-04-12 00:19:28 ok && -
2024-04-12 00:19:30 CHB 1613092?1712852368 第 1 次 等待 3 秒
2024-04-12 00:19:33 CHB 1613092?1712852368 第 1 次 获取到号码【1613092】GSD
2024-04-12 00:19:33 未获取到号码【1613092】GSD，可能号码格式错误
2024-04-12 00:19:33 获取到号码【1613092】的GSD为【-】
2024-04-12 00:19:40 GSD insert 第 1 次 等待 3 秒
2024-04-12 00:19:43 {"status":"bad","gid":"576013","msg":"添加失败！号码【1613092(-|-)】已存在！"}
2024-04-12 00:19:43 随机等待 157 秒，约 2 分钟
2024-04-12 00:19:43 下次操作: 2024-04-12 00:22:20

2024-04-12 00:22:20 开始第 3174 次操作

2024-04-12 00:22:20 开始操作号码 【1613093】
2024-04-12 00:22:25 GSD getOne 第 1 次 等待 3 秒
2024-04-12 00:22:28 查询号码 【1613093】，返回信息 {"status":"ok","msg":"-","gid":"576032","time_insert":"2023-03-07 17:21"}
2024-04-12 00:22:28 查询号码 【1613093】，GSD为【"-"】
2024-04-12 00:22:28 ok && -
2024-04-12 00:22:30 CHB 1613093?1712852548 第 1 次 等待 3 秒
2024-04-12 00:22:33 CHB 1613093?1712852548 第 1 次 获取到号码【1613093】GSD
2024-04-12 00:22:33 未获取到号码【1613093】GSD，可能号码格式错误
2024-04-12 00:22:33 获取到号码【1613093】的GSD为【-】
2024-04-12 00:22:38 GSD insert 第 1 次 等待 3 秒
2024-04-12 00:22:41 {"status":"bad","gid":"576032","msg":"添加失败！号码【1613093(-|-)】已存在！"}
2024-04-12 00:22:41 随机等待 208 秒，约 3 分钟
2024-04-12 00:22:41 下次操作: 2024-04-12 00:26:09

2024-04-12 00:26:09 开始第 3175 次操作

2024-04-12 00:26:09 开始操作号码 【1613094】
2024-04-12 00:26:15 GSD getOne 第 1 次 等待 3 秒
2024-04-12 00:26:18 查询号码 【1613094】，返回信息 {"status":"ok","msg":"-","gid":"576058","time_insert":"2023-03-07 17:36"}
2024-04-12 00:26:18 查询号码 【1613094】，GSD为【"-"】
2024-04-12 00:26:18 ok && -
2024-04-12 00:26:20 CHB 1613094?1712852778 第 1 次 等待 3 秒
2024-04-12 00:26:23 CHB 1613094?1712852778 第 1 次 获取到号码【1613094】GSD
2024-04-12 00:26:23 未获取到号码【1613094】GSD，可能号码格式错误
2024-04-12 00:26:23 获取到号码【1613094】的GSD为【-】
2024-04-12 00:26:28 GSD insert 第 1 次 等待 3 秒
2024-04-12 00:26:31 {"status":"bad","gid":"576058","msg":"添加失败！号码【1613094(-|-)】已存在！"}
2024-04-12 00:26:31 随机等待 125 秒，约 2 分钟
2024-04-12 00:26:31 下次操作: 2024-04-12 00:28:36

2024-04-12 00:28:36 开始第 3176 次操作

2024-04-12 00:28:36 开始操作号码 【1613095】
2024-04-12 00:28:42 GSD getOne 第 1 次 等待 3 秒
2024-04-12 00:28:45 查询号码 【1613095】，返回信息 {"status":"ok","msg":"-","gid":"576078","time_insert":"2023-03-07 17:52"}
2024-04-12 00:28:45 查询号码 【1613095】，GSD为【"-"】
2024-04-12 00:28:45 ok && -
2024-04-12 00:28:47 CHB 1613095?1712852925 第 1 次 等待 3 秒
2024-04-12 00:28:50 CHB 1613095?1712852925 第 1 次 获取到号码【1613095】GSD
2024-04-12 00:28:50 未获取到号码【1613095】GSD，可能号码格式错误
2024-04-12 00:28:50 获取到号码【1613095】的GSD为【-】
2024-04-12 00:28:56 GSD insert 第 1 次 等待 3 秒
2024-04-12 00:28:59 {"status":"bad","gid":"576078","msg":"添加失败！号码【1613095(-|-)】已存在！"}

2024-04-12 00:37:13 开始第 3177 次操作

2024-04-12 00:37:13 开始操作号码 【1613096】
2024-04-12 00:37:19 GSD getOne 第 1 次 等待 3 秒
2024-04-12 00:37:22 查询号码 【1613096】，返回信息 {"status":"ok","msg":"-","gid":"576095","time_insert":"2023-03-07 18:05"}
2024-04-12 00:37:22 查询号码 【1613096】，GSD为【"-"】
2024-04-12 00:37:22 ok && -
2024-04-12 00:37:24 CHB 1613096?1712853442 第 1 次 等待 3 秒
2024-04-12 00:37:27 CHB 1613096?1712853442 第 1 次 获取到号码【1613096】GSD
2024-04-12 00:37:27 未获取到号码【1613096】GSD，可能号码格式错误
2024-04-12 00:37:27 获取到号码【1613096】的GSD为【-】
2024-04-12 00:37:34 GSD insert 第 1 次 等待 3 秒
2024-04-12 00:37:37 {"status":"bad","gid":"576095","msg":"添加失败！号码【1613096(-|-)】已存在！"}
2024-04-12 00:37:37 随机等待 192 秒，约 3 分钟
2024-04-12 00:37:37 下次操作: 2024-04-12 00:40:49

2024-04-12 00:40:49 开始第 3178 次操作

2024-04-12 00:40:49 开始操作号码 【1613097】
2024-04-12 00:40:53 GSD getOne 第 1 次 等待 3 秒
2024-04-12 00:40:56 查询号码 【1613097】，返回信息 {"status":"ok","msg":"-","gid":"576122","time_insert":"2023-03-07 18:26"}
2024-04-12 00:40:56 查询号码 【1613097】，GSD为【"-"】
2024-04-12 00:40:56 ok && -
2024-04-12 00:40:58 CHB 1613097?1712853656 第 1 次 等待 3 秒
2024-04-12 00:41:01 CHB 1613097?1712853656 第 1 次 获取到号码【1613097】GSD
2024-04-12 00:41:01 未获取到号码【1613097】GSD，可能号码格式错误
2024-04-12 00:41:01 获取到号码【1613097】的GSD为【-】
2024-04-12 00:41:06 GSD insert 第 1 次 等待 3 秒
2024-04-12 00:41:09 {"status":"bad","gid":"576122","msg":"添加失败！号码【1613097(-|-)】已存在！"}
2024-04-12 00:41:09 随机等待 179 秒，约 2 分钟
2024-04-12 00:41:09 下次操作: 2024-04-12 00:44:08

2024-04-12 00:44:08 开始第 3179 次操作

2024-04-12 00:44:08 开始操作号码 【1613098】
2024-04-12 00:44:12 GSD getOne 第 1 次 等待 3 秒
2024-04-12 00:44:15 查询号码 【1613098】，返回信息 {"status":"ok","msg":"-","gid":"576156","time_insert":"2023-03-07 18:50"}
2024-04-12 00:44:15 查询号码 【1613098】，GSD为【"-"】
2024-04-12 00:44:15 ok && -
2024-04-12 00:44:17 CHB 1613098?1712853855 第 1 次 等待 3 秒
2024-04-12 00:44:20 CHB 1613098?1712853855 第 1 次 获取到号码【1613098】GSD
2024-04-12 00:44:20 未获取到号码【1613098】GSD，可能号码格式错误
2024-04-12 00:44:20 获取到号码【1613098】的GSD为【-】
2024-04-12 00:44:25 GSD insert 第 1 次 等待 3 秒
2024-04-12 00:44:28 {"status":"bad","gid":"576156","msg":"添加失败！号码【1613098(-|-)】已存在！"}
2024-04-12 00:44:28 随机等待 187 秒，约 3 分钟
2024-04-12 00:44:28 下次操作: 2024-04-12 00:47:35

2024-04-12 00:47:35 开始第 3180 次操作

2024-04-12 00:47:35 开始操作号码 【1613099】
2024-04-12 00:47:40 GSD getOne 第 1 次 等待 3 秒
2024-04-12 00:47:43 查询号码 【1613099】，返回信息 {"status":"ok","msg":"-","gid":"576171","time_insert":"2023-03-07 19:02"}
2024-04-12 00:47:43 查询号码 【1613099】，GSD为【"-"】
2024-04-12 00:47:43 ok && -
2024-04-12 00:47:45 CHB 1613099?1712854063 第 1 次 等待 3 秒
2024-04-12 00:47:48 CHB 1613099?1712854063 第 1 次 获取到号码【1613099】GSD
2024-04-12 00:47:48 未获取到号码【1613099】GSD，可能号码格式错误
2024-04-12 00:47:48 获取到号码【1613099】的GSD为【-】
2024-04-12 00:47:53 GSD insert 第 1 次 等待 3 秒
2024-04-12 00:47:56 {"status":"bad","gid":"576171","msg":"添加失败！号码【1613099(-|-)】已存在！"}

