2024-10-30 00:08:43 开始第 2193 次操作

2024-10-30 00:08:43 开始操作号码 【1312192】
2024-10-30 00:08:44 GSD getOne 第 1 次 等待 3 秒
2024-10-30 00:08:47 查询号码 【1312192】，返回信息 {"status":"ok","msg":"北京-北京","gid":"81134","time_insert":"2021-06-05 11:10"}
2024-10-30 00:08:47 查询号码 【1312192】，GSD为【"北京-北京"】

2024-10-30 00:08:48 开始第 2194 次操作

2024-10-30 00:08:48 开始操作号码 【1312193】
2024-10-30 00:08:49 GSD getOne 第 1 次 等待 3 秒
2024-10-30 00:08:52 查询号码 【1312193】，返回信息 {"status":"ok","msg":"北京-北京","gid":"81151","time_insert":"2021-06-05 11:31"}
2024-10-30 00:08:52 查询号码 【1312193】，GSD为【"北京-北京"】

2024-10-30 00:08:53 开始第 2195 次操作

2024-10-30 00:08:53 开始操作号码 【1312194】
2024-10-30 00:08:57 GSD getOne 第 1 次 等待 3 秒
2024-10-30 00:09:00 查询号码 【1312194】，返回信息 {"status":"ok","msg":"北京-北京","gid":"81165","time_insert":"2021-06-05 11:46"}
2024-10-30 00:09:00 查询号码 【1312194】，GSD为【"北京-北京"】

2024-10-30 00:09:01 开始第 2196 次操作

2024-10-30 00:09:01 开始操作号码 【1312195】
2024-10-30 00:09:02 GSD getOne 第 1 次 等待 3 秒
2024-10-30 00:09:05 查询号码 【1312195】，返回信息 {"status":"ok","msg":"北京-北京","gid":"81184","time_insert":"2021-06-05 12:13"}
2024-10-30 00:09:05 查询号码 【1312195】，GSD为【"北京-北京"】

