2024-07-19 00:22:23 开始第 6689 次操作

2024-07-19 00:22:23 开始操作号码 【1506598】
2024-07-19 00:22:31 GSD getOne 第 1 次 等待 3 秒
2024-07-19 00:22:34 查询号码 【1506598】，返回信息 {"status":"ok","msg":"山东-临沂","gid":"387043","time_insert":"2021-07-25 07:59"}
2024-07-19 00:22:34 查询号码 【1506598】，GSD为【"山东-临沂"】

2024-07-19 00:22:35 开始第 6690 次操作

2024-07-19 00:22:35 开始操作号码 【1506599】
2024-07-19 00:22:43 GSD getOne 第 1 次 等待 3 秒
2024-07-19 00:22:46 查询号码 【1506599】，返回信息 {"status":"ok","msg":"山东-临沂","gid":"387035","time_insert":"2021-07-25 07:58"}
2024-07-19 00:22:46 查询号码 【1506599】，GSD为【"山东-临沂"】

2024-07-19 00:22:47 开始第 6691 次操作

2024-07-19 00:22:47 开始操作号码 【1506600】
2024-07-19 00:22:55 GSD getOne 第 1 次 等待 3 秒
2024-07-19 00:22:58 查询号码 【1506600】，返回信息 {"status":"ok","msg":"山东-东营","gid":"387026","time_insert":"2021-07-25 07:58"}
2024-07-19 00:22:58 查询号码 【1506600】，GSD为【"山东-东营"】

2024-07-19 00:22:59 开始第 6692 次操作

2024-07-19 00:22:59 开始操作号码 【1506601】
2024-07-19 00:23:08 GSD getOne 第 1 次 等待 3 秒
2024-07-19 00:23:11 查询号码 【1506601】，返回信息 {"status":"ok","msg":"山东-东营","gid":"15793","time_insert":"2018-02-14 21:05","time_update":"2020-09-10 05:58"}
2024-07-19 00:23:11 查询号码 【1506601】，GSD为【"山东-东营"】

2024-07-19 00:40:51 开始第 6693 次操作

2024-07-19 00:40:51 开始操作号码 【1506602】
2024-07-19 00:40:59 GSD getOne 第 1 次 等待 3 秒
2024-07-19 00:41:02 查询号码 【1506602】，返回信息 {"status":"ok","msg":"山东-东营","gid":"387015","time_insert":"2021-07-25 07:57"}
2024-07-19 00:41:02 查询号码 【1506602】，GSD为【"山东-东营"】

2024-07-19 00:41:03 开始第 6694 次操作

2024-07-19 00:41:03 开始操作号码 【1506603】
2024-07-19 00:41:11 GSD getOne 第 1 次 等待 3 秒
2024-07-19 00:41:14 查询号码 【1506603】，返回信息 {"status":"ok","msg":"山东-东营","gid":"387009","time_insert":"2021-07-25 07:57"}
2024-07-19 00:41:14 查询号码 【1506603】，GSD为【"山东-东营"】

2024-07-19 00:41:15 开始第 6695 次操作

2024-07-19 00:41:15 开始操作号码 【1506604】
2024-07-19 00:41:23 GSD getOne 第 1 次 等待 3 秒
2024-07-19 00:41:26 查询号码 【1506604】，返回信息 {"status":"ok","msg":"山东-东营","gid":"386996","time_insert":"2021-07-25 07:56"}
2024-07-19 00:41:26 查询号码 【1506604】，GSD为【"山东-东营"】

2024-07-19 00:41:27 开始第 6696 次操作

2024-07-19 00:41:27 开始操作号码 【1506605】
2024-07-19 00:41:35 GSD getOne 第 1 次 等待 3 秒
2024-07-19 00:41:38 查询号码 【1506605】，返回信息 {"status":"ok","msg":"山东-东营","gid":"386987","time_insert":"2021-07-25 07:55"}
2024-07-19 00:41:38 查询号码 【1506605】，GSD为【"山东-东营"】

2024-07-19 01:16:50 开始第 6697 次操作

2024-07-19 01:16:50 开始操作号码 【1506606】
2024-07-19 01:16:58 GSD getOne 第 1 次 等待 3 秒
2024-07-19 01:17:01 查询号码 【1506606】，返回信息 {"status":"ok","msg":"山东-东营","gid":"386984","time_insert":"2021-07-25 07:55"}
2024-07-19 01:17:01 查询号码 【1506606】，GSD为【"山东-东营"】

2024-07-19 01:17:02 开始第 6698 次操作

2024-07-19 01:17:02 开始操作号码 【1506607】
2024-07-19 01:17:11 GSD getOne 第 1 次 等待 3 秒
2024-07-19 01:17:14 查询号码 【1506607】，返回信息 {"status":"ok","msg":"山东-东营","gid":"386974","time_insert":"2021-07-25 07:54"}
2024-07-19 01:17:14 查询号码 【1506607】，GSD为【"山东-东营"】

2024-07-19 01:17:15 开始第 6699 次操作

2024-07-19 01:17:15 开始操作号码 【1506608】
2024-07-19 01:17:23 GSD getOne 第 1 次 等待 3 秒
2024-07-19 01:17:26 查询号码 【1506608】，返回信息 {"status":"ok","msg":"山东-东营","gid":"386967","time_insert":"2021-07-25 07:54"}
2024-07-19 01:17:26 查询号码 【1506608】，GSD为【"山东-东营"】

2024-07-19 01:17:27 开始第 6700 次操作

2024-07-19 01:17:27 开始操作号码 【1506609】
2024-07-19 01:17:35 GSD getOne 第 1 次 等待 3 秒
2024-07-19 01:17:38 查询号码 【1506609】，返回信息 {"status":"ok","msg":"山东-东营","gid":"386956","time_insert":"2021-07-25 07:53"}
2024-07-19 01:17:38 查询号码 【1506609】，GSD为【"山东-东营"】

2024-07-19 01:37:31 开始第 6701 次操作

2024-07-19 01:37:31 开始操作号码 【1506610】
2024-07-19 01:37:39 GSD getOne 第 1 次 等待 3 秒
2024-07-19 01:37:42 查询号码 【1506610】，返回信息 {"status":"ok","msg":"山东-济南","gid":"386944","time_insert":"2021-07-25 07:53"}
2024-07-19 01:37:42 查询号码 【1506610】，GSD为【"山东-济南"】

2024-07-19 01:37:43 开始第 6702 次操作

2024-07-19 01:37:43 开始操作号码 【1506611】
2024-07-19 01:37:51 GSD getOne 第 1 次 等待 3 秒
2024-07-19 01:37:54 查询号码 【1506611】，返回信息 {"status":"ok","msg":"山东-济南","gid":"386934","time_insert":"2021-07-25 07:52"}
2024-07-19 01:37:54 查询号码 【1506611】，GSD为【"山东-济南"】

2024-07-19 01:37:55 开始第 6703 次操作

2024-07-19 01:37:55 开始操作号码 【1506612】
2024-07-19 01:38:03 GSD getOne 第 1 次 等待 3 秒
2024-07-19 01:38:06 查询号码 【1506612】，返回信息 {"status":"ok","msg":"山东-济南","gid":"15794","time_insert":"2017-07-31 17:32","time_update":"2020-09-10 09:27"}
2024-07-19 01:38:06 查询号码 【1506612】，GSD为【"山东-济南"】

2024-07-19 01:38:07 开始第 6704 次操作

2024-07-19 01:38:07 开始操作号码 【1506613】
2024-07-19 01:38:15 GSD getOne 第 1 次 等待 3 秒
2024-07-19 01:38:18 查询号码 【1506613】，返回信息 {"status":"ok","msg":"山东-济南","gid":"386924","time_insert":"2021-07-25 07:51"}
2024-07-19 01:38:18 查询号码 【1506613】，GSD为【"山东-济南"】

