2024-10-28 00:07:05 开始第 1841 次操作

2024-10-28 00:07:05 开始操作号码 【1311840】
2024-10-28 00:07:06 GSD getOne 第 1 次 等待 3 秒
2024-10-28 00:07:09 查询号码 【1311840】，返回信息 {"status":"ok","msg":"四川-资阳","gid":"1221","time_insert":"2018-12-05 10:59","time_update":"2020-10-07 13:32"}
2024-10-28 00:07:09 查询号码 【1311840】，GSD为【"四川-资阳"】

2024-10-28 00:07:10 开始第 1842 次操作

2024-10-28 00:07:10 开始操作号码 【1311841】
2024-10-28 00:07:12 GSD getOne 第 1 次 等待 3 秒
2024-10-28 00:07:15 查询号码 【1311841】，返回信息 {"status":"ok","msg":"四川-资阳","gid":"1222","time_insert":"2018-07-26 23:20","time_update":"2020-10-07 13:36"}
2024-10-28 00:07:15 查询号码 【1311841】，GSD为【"四川-资阳"】

2024-10-28 00:07:16 开始第 1843 次操作

2024-10-28 00:07:16 开始操作号码 【1311842】
2024-10-28 00:07:17 GSD getOne 第 1 次 等待 3 秒
2024-10-28 00:07:20 查询号码 【1311842】，返回信息 {"status":"ok","msg":"四川-资阳","gid":"1223","time_insert":"2018-02-01 17:20","time_update":"2020-10-07 13:39"}
2024-10-28 00:07:20 查询号码 【1311842】，GSD为【"四川-资阳"】

2024-10-28 00:07:21 开始第 1844 次操作

2024-10-28 00:07:21 开始操作号码 【1311843】
2024-10-28 00:07:22 GSD getOne 第 1 次 等待 3 秒
2024-10-28 00:07:25 查询号码 【1311843】，返回信息 {"status":"ok","msg":"四川-泸州","gid":"1224","time_insert":"2020-04-16 09:29","time_update":"2020-10-07 13:43"}
2024-10-28 00:07:25 查询号码 【1311843】，GSD为【"四川-泸州"】

