2024-02-28 00:20:41 开始第 6073 次操作

2024-02-28 00:20:41 开始操作号码 【1725992】
2024-02-28 00:20:46 GSD getOne 第 1 次 等待 3 秒
2024-02-28 00:20:49 查询号码 【1725992】，返回信息 {"status":"ok","msg":"福建-福州","gid":"307967","time_insert":"2021-07-17 22:46"}
2024-02-28 00:20:49 查询号码 【1725992】，GSD为【"福建-福州"】

2024-02-28 00:20:50 开始第 6074 次操作

2024-02-28 00:20:50 开始操作号码 【1725993】
2024-02-28 00:20:55 GSD getOne 第 1 次 等待 3 秒
2024-02-28 00:20:58 查询号码 【1725993】，返回信息 {"status":"ok","msg":"福建-福州","gid":"307976","time_insert":"2021-07-17 22:47"}
2024-02-28 00:20:58 查询号码 【1725993】，GSD为【"福建-福州"】

2024-02-28 00:20:59 开始第 6075 次操作

2024-02-28 00:20:59 开始操作号码 【1725994】
2024-02-28 00:21:05 GSD getOne 第 1 次 等待 3 秒
2024-02-28 00:21:08 查询号码 【1725994】，返回信息 {"status":"ok","msg":"福建-福州","gid":"307984","time_insert":"2021-07-17 22:47"}
2024-02-28 00:21:08 查询号码 【1725994】，GSD为【"福建-福州"】

2024-02-28 00:21:09 开始第 6076 次操作

2024-02-28 00:21:09 开始操作号码 【1725995】
2024-02-28 00:21:15 GSD getOne 第 1 次 等待 3 秒
2024-02-28 00:21:18 查询号码 【1725995】，返回信息 {"status":"ok","msg":"福建-福州","gid":"307995","time_insert":"2021-07-17 22:48"}
2024-02-28 00:21:18 查询号码 【1725995】，GSD为【"福建-福州"】

