2024-09-09 00:24:55 开始第 3561 次操作

2024-09-09 00:24:55 开始操作号码 【1393560】
2024-09-09 00:25:03 GSD getOne 第 1 次 等待 3 秒
2024-09-09 00:25:06 查询号码 【1393560】，返回信息 {"status":"ok","msg":"山西-晋城","gid":"166406","time_insert":"2021-07-01 12:21"}
2024-09-09 00:25:06 查询号码 【1393560】，GSD为【"山西-晋城"】

2024-09-09 00:25:07 开始第 3562 次操作

2024-09-09 00:25:07 开始操作号码 【1393561】
2024-09-09 00:25:15 GSD getOne 第 1 次 等待 3 秒
2024-09-09 00:25:18 查询号码 【1393561】，返回信息 {"status":"ok","msg":"山西-晋城","gid":"166429","time_insert":"2021-07-01 12:38"}
2024-09-09 00:25:18 查询号码 【1393561】，GSD为【"山西-晋城"】

2024-09-09 00:25:19 开始第 3563 次操作

2024-09-09 00:25:19 开始操作号码 【1393562】
2024-09-09 00:25:27 GSD getOne 第 1 次 等待 3 秒
2024-09-09 00:25:30 查询号码 【1393562】，返回信息 {"status":"ok","msg":"山西-晋城","gid":"166520","time_insert":"2021-07-01 13:00"}
2024-09-09 00:25:30 查询号码 【1393562】，GSD为【"山西-晋城"】

2024-09-09 00:25:31 开始第 3564 次操作

2024-09-09 00:25:31 开始操作号码 【1393563】
2024-09-09 00:25:39 GSD getOne 第 1 次 等待 3 秒
2024-09-09 00:25:42 查询号码 【1393563】，返回信息 {"status":"ok","msg":"山西-晋城","gid":"166702","time_insert":"2021-07-01 13:17"}
2024-09-09 00:25:42 查询号码 【1393563】，GSD为【"山西-晋城"】

2024-09-09 00:43:32 开始第 3565 次操作

2024-09-09 00:43:32 开始操作号码 【1393564】
2024-09-09 00:43:40 GSD getOne 第 1 次 等待 3 秒
2024-09-09 00:43:43 查询号码 【1393564】，返回信息 {"status":"ok","msg":"山西-晋城","gid":"166749","time_insert":"2021-07-01 13:33"}
2024-09-09 00:43:43 查询号码 【1393564】，GSD为【"山西-晋城"】

2024-09-09 00:43:44 开始第 3566 次操作

2024-09-09 00:43:44 开始操作号码 【1393565】
2024-09-09 00:43:51 GSD getOne 第 1 次 等待 3 秒
2024-09-09 00:43:54 查询号码 【1393565】，返回信息 {"status":"ok","msg":"山西-晋城","gid":"166968","time_insert":"2021-07-01 13:51"}
2024-09-09 00:43:54 查询号码 【1393565】，GSD为【"山西-晋城"】

2024-09-09 00:43:55 开始第 3567 次操作

2024-09-09 00:43:55 开始操作号码 【1393566】
2024-09-09 00:44:03 GSD getOne 第 1 次 等待 3 秒
2024-09-09 00:44:06 查询号码 【1393566】，返回信息 {"status":"ok","msg":"山西-晋城","gid":"167052","time_insert":"2021-07-01 14:15"}
2024-09-09 00:44:06 查询号码 【1393566】，GSD为【"山西-晋城"】

2024-09-09 00:44:07 开始第 3568 次操作

2024-09-09 00:44:07 开始操作号码 【1393567】
2024-09-09 00:44:14 GSD getOne 第 1 次 等待 3 秒
2024-09-09 00:44:17 查询号码 【1393567】，返回信息 {"status":"ok","msg":"山西-晋城","gid":"167081","time_insert":"2021-07-01 14:39"}
2024-09-09 00:44:18 查询号码 【1393567】，GSD为【"山西-晋城"】

