2024-01-13 00:21:52 开始第 8357 次操作

2024-01-13 00:21:52 开始操作号码 【1838276】
2024-01-13 00:21:56 GSD getOne 第 1 次 等待 3 秒
2024-01-13 00:21:59 查询号码 【1838276】，返回信息 {"status":"ok","msg":"四川-巴中","gid":"38435","time_insert":"2016-01-04 01:36","time_update":"2020-11-09 08:29"}
2024-01-13 00:21:59 查询号码 【1838276】，GSD为【"四川-巴中"】

2024-01-13 00:22:00 开始第 8358 次操作

2024-01-13 00:22:00 开始操作号码 【1838277】
2024-01-13 00:22:04 GSD getOne 第 1 次 等待 3 秒
2024-01-13 00:22:07 查询号码 【1838277】，返回信息 {"status":"ok","msg":"四川-巴中","gid":"38436","time_insert":"2020-04-16 11:23","time_update":"2020-11-09 08:34"}
2024-01-13 00:22:07 查询号码 【1838277】，GSD为【"四川-巴中"】

2024-01-13 00:22:08 开始第 8359 次操作

2024-01-13 00:22:08 开始操作号码 【1838278】
2024-01-13 00:22:12 GSD getOne 第 1 次 等待 3 秒
2024-01-13 00:22:15 查询号码 【1838278】，返回信息 {"status":"ok","msg":"四川-巴中","gid":"38437","time_insert":"2014-06-29 14:35","time_update":"2020-11-09 08:37"}
2024-01-13 00:22:15 查询号码 【1838278】，GSD为【"四川-巴中"】

2024-01-13 00:22:16 开始第 8360 次操作

2024-01-13 00:22:16 开始操作号码 【1838279】
2024-01-13 00:22:22 GSD getOne 第 1 次 等待 3 秒
2024-01-13 00:22:25 查询号码 【1838279】，返回信息 {"status":"ok","msg":"四川-巴中","gid":"38438","time_insert":"2019-02-20 18:03","time_update":"2020-11-09 08:40"}
2024-01-13 00:22:25 查询号码 【1838279】，GSD为【"四川-巴中"】

2024-01-13 00:41:04 开始第 8361 次操作

2024-01-13 00:41:04 开始操作号码 【1838280】
2024-01-13 00:41:12 GSD getOne 第 1 次 等待 3 秒
2024-01-13 00:41:15 查询号码 【1838280】，返回信息 {"status":"ok","msg":"四川-遂宁","gid":"38439","time_insert":"2017-04-20 15:10","time_update":"2020-11-09 08:44"}
2024-01-13 00:41:15 查询号码 【1838280】，GSD为【"四川-遂宁"】

2024-01-13 00:41:16 开始第 8362 次操作

2024-01-13 00:41:16 开始操作号码 【1838281】
2024-01-13 00:41:20 GSD getOne 第 1 次 等待 3 秒
2024-01-13 00:41:23 查询号码 【1838281】，返回信息 {"status":"ok","msg":"四川-遂宁","gid":"38440","time_insert":"2018-06-14 13:40","time_update":"2020-11-09 08:48"}
2024-01-13 00:41:23 查询号码 【1838281】，GSD为【"四川-遂宁"】

2024-01-13 00:41:24 开始第 8363 次操作

2024-01-13 00:41:24 开始操作号码 【1838282】
2024-01-13 00:41:30 GSD getOne 第 1 次 等待 3 秒
2024-01-13 00:41:33 查询号码 【1838282】，返回信息 {"status":"ok","msg":"四川-巴中","gid":"38441","time_insert":"2015-05-05 21:56","time_update":"2020-11-09 08:52"}
2024-01-13 00:41:33 查询号码 【1838282】，GSD为【"四川-巴中"】

2024-01-13 00:41:34 开始第 8364 次操作

2024-01-13 00:41:34 开始操作号码 【1838283】
2024-01-13 00:41:40 GSD getOne 第 1 次 等待 3 秒
2024-01-13 00:41:43 查询号码 【1838283】，返回信息 {"status":"ok","msg":"四川-巴中","gid":"38442","time_insert":"2017-12-09 15:16","time_update":"2020-11-09 08:56"}
2024-01-13 00:41:43 查询号码 【1838283】，GSD为【"四川-巴中"】

