2024-08-23 00:27:47 开始第 629 次操作

2024-08-23 00:27:47 开始操作号码 【1390628】
2024-08-23 00:27:56 GSD getOne 第 1 次 等待 3 秒
2024-08-23 00:27:59 查询号码 【1390628】，返回信息 {"status":"ok","msg":"江苏-南通","gid":"65658","time_insert":"2021-05-23 13:25"}
2024-08-23 00:28:00 查询号码 【1390628】，GSD为【"江苏-南通"】

2024-08-23 00:28:01 开始第 630 次操作

2024-08-23 00:28:01 开始操作号码 【1390629】
2024-08-23 00:28:20 GSD getOne 第 1 次 等待 3 秒
2024-08-23 00:28:23 查询号码 【1390629】，返回信息 {"status":"ok","msg":"江苏-南通","gid":"65676","time_insert":"2021-05-23 13:52"}
2024-08-23 00:28:23 查询号码 【1390629】，GSD为【"江苏-南通"】

2024-08-23 00:28:24 开始第 631 次操作

2024-08-23 00:28:24 开始操作号码 【1390630】
2024-08-23 00:28:41 GSD getOne 第 1 次 等待 3 秒
2024-08-23 00:28:44 查询号码 【1390630】，返回信息 {"status":"ok","msg":"山东-威海","gid":"65694","time_insert":"2021-05-23 14:20"}
2024-08-23 00:28:44 查询号码 【1390630】，GSD为【"山东-威海"】

2024-08-23 00:28:45 开始第 632 次操作

2024-08-23 00:28:45 开始操作号码 【1390631】
2024-08-23 00:28:46 GSD getOne 第 1 次 等待 3 秒
2024-08-23 00:28:49 查询号码 【1390631】，返回信息 {"status":"ok","msg":"山东-威海","gid":"65707","time_insert":"2021-05-23 14:41"}
2024-08-23 00:28:49 查询号码 【1390631】，GSD为【"山东-威海"】

2024-08-23 00:46:22 开始第 633 次操作

2024-08-23 00:46:22 开始操作号码 【1390632】
2024-08-23 00:46:31 GSD getOne 第 1 次 等待 3 秒
2024-08-23 00:46:34 查询号码 【1390632】，返回信息 {"status":"ok","msg":"山东-枣庄","gid":"12748","time_insert":"2017-04-20 16:08","time_update":"2020-09-10 13:19"}
2024-08-23 00:46:34 查询号码 【1390632】，GSD为【"山东-枣庄"】

2024-08-23 00:46:35 开始第 634 次操作

2024-08-23 00:46:35 开始操作号码 【1390633】
2024-08-23 00:46:44 GSD getOne 第 1 次 等待 3 秒
2024-08-23 00:46:47 查询号码 【1390633】，返回信息 {"status":"ok","msg":"山东-日照","gid":"65721","time_insert":"2021-05-23 15:06"}
2024-08-23 00:46:47 查询号码 【1390633】，GSD为【"山东-日照"】

2024-08-23 00:46:48 开始第 635 次操作

2024-08-23 00:46:48 开始操作号码 【1390634】
2024-08-23 00:46:56 GSD getOne 第 1 次 等待 3 秒
2024-08-23 00:46:59 查询号码 【1390634】，返回信息 {"status":"ok","msg":"山东-莱芜","gid":"65733","time_insert":"2021-05-23 15:21"}
2024-08-23 00:46:59 查询号码 【1390634】，GSD为【"山东-莱芜"】

2024-08-23 00:47:00 开始第 636 次操作

2024-08-23 00:47:00 开始操作号码 【1390635】
2024-08-23 00:47:08 GSD getOne 第 1 次 等待 3 秒
2024-08-23 00:47:11 查询号码 【1390635】，返回信息 {"status":"ok","msg":"山东-聊城","gid":"65747","time_insert":"2021-05-23 15:44"}
2024-08-23 00:47:11 查询号码 【1390635】，GSD为【"山东-聊城"】

