2023-11-05 00:18:51 开始第 6805 次操作

2023-11-05 00:18:51 开始操作号码 【1936723】
2023-11-05 00:18:55 GSD getOne 第 1 次 等待 3 秒
2023-11-05 00:18:58 查询号码 【1936723】，返回信息 {"status":"ok","msg":"-","gid":"475132","time_insert":"2021-08-02 03:58"}
2023-11-05 00:18:58 查询号码 【1936723】，GSD为【"-"】
2023-11-05 00:18:58 ok && -
2023-11-05 00:19:01 CHB 1936723?1699114738 第 1 次 等待 3 秒
2023-11-05 00:19:04 CHB 1936723?1699114738 第 1 次 获取到号码【1936723】GSD
2023-11-05 00:19:04 未获取到号码【1936723】GSD，可能号码格式错误
2023-11-05 00:19:04 获取到号码【1936723】的GSD为【-】
2023-11-05 00:19:13 GSD insert 第 1 次 等待 3 秒
2023-11-05 00:19:16 {"status":"bad","gid":"475132","msg":"添加失败！号码【1936723(-|-)】已存在！"}
2023-11-05 00:19:16 随机等待 196 秒，约 3 分钟
2023-11-05 00:19:16 下次操作: 2023-11-05 00:22:32

2023-11-05 00:22:32 开始第 6806 次操作

2023-11-05 00:22:32 开始操作号码 【1936724】
2023-11-05 00:22:35 GSD getOne 第 1 次 等待 3 秒
2023-11-05 00:22:38 查询号码 【1936724】，返回信息 {"status":"ok","msg":"-","gid":"475117","time_insert":"2021-08-02 03:57"}
2023-11-05 00:22:38 查询号码 【1936724】，GSD为【"-"】
2023-11-05 00:22:38 ok && -
2023-11-05 00:22:40 CHB 1936724?1699114958 第 1 次 等待 3 秒
2023-11-05 00:22:43 CHB 1936724?1699114958 第 1 次 获取到号码【1936724】GSD
2023-11-05 00:22:43 未获取到号码【1936724】GSD，可能号码格式错误
2023-11-05 00:22:43 获取到号码【1936724】的GSD为【-】
2023-11-05 00:22:46 GSD insert 第 1 次 等待 3 秒
2023-11-05 00:22:49 {"status":"bad","gid":"475117","msg":"添加失败！号码【1936724(-|-)】已存在！"}
2023-11-05 00:22:49 随机等待 117 秒，约 1 分钟
2023-11-05 00:22:49 下次操作: 2023-11-05 00:24:46

2023-11-05 00:24:46 开始第 6807 次操作

2023-11-05 00:24:46 开始操作号码 【1936725】
2023-11-05 00:24:51 GSD getOne 第 1 次 等待 3 秒
2023-11-05 00:24:54 查询号码 【1936725】，返回信息 {"status":"ok","msg":"-","gid":"475105","time_insert":"2021-08-02 03:56"}
2023-11-05 00:24:55 查询号码 【1936725】，GSD为【"-"】
2023-11-05 00:24:55 ok && -
2023-11-05 00:24:56 CHB 1936725?1699115095 第 1 次 等待 3 秒
2023-11-05 00:24:59 CHB 1936725?1699115095 第 1 次 获取到号码【1936725】GSD
2023-11-05 00:25:00 未获取到号码【1936725】GSD，可能号码格式错误
2023-11-05 00:25:00 获取到号码【1936725】的GSD为【-】
2023-11-05 00:25:03 GSD insert 第 1 次 等待 3 秒
2023-11-05 00:25:06 {"status":"bad","gid":"475105","msg":"添加失败！号码【1936725(-|-)】已存在！"}
2023-11-05 00:25:06 随机等待 127 秒，约 2 分钟
2023-11-05 00:25:06 下次操作: 2023-11-05 00:27:13

2023-11-05 00:27:13 开始第 6808 次操作

2023-11-05 00:27:13 开始操作号码 【1936726】
2023-11-05 00:27:16 GSD getOne 第 1 次 等待 3 秒
2023-11-05 00:27:19 查询号码 【1936726】，返回信息 {"status":"ok","msg":"-","gid":"475088","time_insert":"2021-08-02 03:55"}
2023-11-05 00:27:19 查询号码 【1936726】，GSD为【"-"】
2023-11-05 00:27:19 ok && -
2023-11-05 00:27:20 CHB 1936726?1699115239 第 1 次 等待 3 秒
2023-11-05 00:27:23 CHB 1936726?1699115239 第 1 次 获取到号码【1936726】GSD
2023-11-05 00:27:23 未获取到号码【1936726】GSD，可能号码格式错误
2023-11-05 00:27:23 获取到号码【1936726】的GSD为【-】
2023-11-05 00:27:26 GSD insert 第 1 次 等待 3 秒
2023-11-05 00:27:29 {"status":"bad","gid":"475088","msg":"添加失败！号码【1936726(-|-)】已存在！"}

2023-11-05 00:38:08 开始第 6809 次操作

2023-11-05 00:38:08 开始操作号码 【1936727】
2023-11-05 00:38:13 GSD getOne 第 1 次 等待 3 秒
2023-11-05 00:38:16 查询号码 【1936727】，返回信息 {"status":"ok","msg":"-","gid":"475077","time_insert":"2021-08-02 03:54"}
2023-11-05 00:38:16 查询号码 【1936727】，GSD为【"-"】
2023-11-05 00:38:16 ok && -
2023-11-05 00:38:18 CHB 1936727?1699115896 第 1 次 等待 3 秒
2023-11-05 00:38:21 CHB 1936727?1699115896 第 1 次 获取到号码【1936727】GSD
2023-11-05 00:38:21 未获取到号码【1936727】GSD，可能号码格式错误
2023-11-05 00:38:21 获取到号码【1936727】的GSD为【-】
2023-11-05 00:38:24 GSD insert 第 1 次 等待 3 秒
2023-11-05 00:38:27 {"status":"bad","gid":"475077","msg":"添加失败！号码【1936727(-|-)】已存在！"}
2023-11-05 00:38:27 随机等待 95 秒，约 1 分钟
2023-11-05 00:38:27 下次操作: 2023-11-05 00:40:02

2023-11-05 00:40:02 开始第 6810 次操作

2023-11-05 00:40:02 开始操作号码 【1936728】
2023-11-05 00:40:07 GSD getOne 第 1 次 等待 3 秒
2023-11-05 00:40:10 查询号码 【1936728】，返回信息 {"status":"ok","msg":"-","gid":"475065","time_insert":"2021-08-02 03:53"}
2023-11-05 00:40:10 查询号码 【1936728】，GSD为【"-"】
2023-11-05 00:40:10 ok && -
2023-11-05 00:40:13 CHB 1936728?1699116010 第 1 次 等待 3 秒
2023-11-05 00:40:16 CHB 1936728?1699116010 第 1 次 获取到号码【1936728】GSD
2023-11-05 00:40:16 未获取到号码【1936728】GSD，可能号码格式错误
2023-11-05 00:40:16 获取到号码【1936728】的GSD为【-】
2023-11-05 00:40:19 GSD insert 第 1 次 等待 3 秒
2023-11-05 00:40:22 {"status":"bad","gid":"475065","msg":"添加失败！号码【1936728(-|-)】已存在！"}
2023-11-05 00:40:22 随机等待 204 秒，约 3 分钟
2023-11-05 00:40:22 下次操作: 2023-11-05 00:43:46

2023-11-05 00:43:46 开始第 6811 次操作

2023-11-05 00:43:46 开始操作号码 【1936729】
2023-11-05 00:43:50 GSD getOne 第 1 次 等待 3 秒
2023-11-05 00:43:53 查询号码 【1936729】，返回信息 {"status":"ok","msg":"-","gid":"475048","time_insert":"2021-08-02 03:52"}
2023-11-05 00:43:53 查询号码 【1936729】，GSD为【"-"】
2023-11-05 00:43:53 ok && -
2023-11-05 00:43:55 CHB 1936729?1699116233 第 1 次 等待 3 秒
2023-11-05 00:43:58 CHB 1936729?1699116233 第 1 次 获取到号码【1936729】GSD
2023-11-05 00:43:58 未获取到号码【1936729】GSD，可能号码格式错误
2023-11-05 00:43:58 获取到号码【1936729】的GSD为【-】
2023-11-05 00:44:01 GSD insert 第 1 次 等待 3 秒
2023-11-05 00:44:04 {"status":"bad","gid":"475048","msg":"添加失败！号码【1936729(-|-)】已存在！"}
2023-11-05 00:44:04 随机等待 130 秒，约 2 分钟
2023-11-05 00:44:04 下次操作: 2023-11-05 00:46:14

2023-11-05 00:46:14 开始第 6812 次操作

2023-11-05 00:46:14 开始操作号码 【1936730】
2023-11-05 00:46:20 GSD getOne 第 1 次 等待 3 秒
2023-11-05 00:46:23 查询号码 【1936730】，返回信息 {"status":"ok","msg":"-","gid":"475035","time_insert":"2021-08-02 03:51"}
2023-11-05 00:46:23 查询号码 【1936730】，GSD为【"-"】
2023-11-05 00:46:23 ok && -
2023-11-05 00:46:29 CHB 1936730?1699116383 第 1 次 等待 3 秒
2023-11-05 00:46:32 CHB 1936730?1699116383 第 1 次 获取到号码【1936730】GSD
2023-11-05 00:46:32 未获取到号码【1936730】GSD，可能号码格式错误
2023-11-05 00:46:32 获取到号码【1936730】的GSD为【-】
2023-11-05 00:46:35 GSD insert 第 1 次 等待 3 秒
2023-11-05 00:46:38 {"status":"bad","gid":"475035","msg":"添加失败！号码【1936730(-|-)】已存在！"}

