2024-09-03 00:26:35 开始第 2529 次操作

2024-09-03 00:26:35 开始操作号码 【1392528】
2024-09-03 00:26:43 GSD getOne 第 1 次 等待 3 秒
2024-09-03 00:26:46 查询号码 【1392528】，返回信息 {"status":"ok","msg":"广东-深圳","gid":"101634","time_insert":"2021-06-17 15:35"}
2024-09-03 00:26:46 查询号码 【1392528】，GSD为【"广东-深圳"】

2024-09-03 00:26:47 开始第 2530 次操作

2024-09-03 00:26:47 开始操作号码 【1392529】
2024-09-03 00:27:30 GSD getOne 第 1 次 等待 3 秒
2024-09-03 00:27:33 查询号码 【1392529】，返回信息 {"status":"ok","msg":"广东-深圳","gid":"101671","time_insert":"2021-06-17 15:55"}
2024-09-03 00:27:34 查询号码 【1392529】，GSD为【"广东-深圳"】

2024-09-03 00:27:35 开始第 2531 次操作

2024-09-03 00:27:35 开始操作号码 【1392530】
2024-09-03 00:28:19 GSD getOne 第 1 次 等待 3 秒
2024-09-03 00:28:22 查询号码 【1392530】，返回信息 {"status":"ok","msg":"广东-中山","gid":"52795","time_insert":"2021-04-28 10:57"}
2024-09-03 00:28:22 查询号码 【1392530】，GSD为【"广东-中山"】

2024-09-03 00:28:23 开始第 2532 次操作

2024-09-03 00:28:23 开始操作号码 【1392531】
2024-09-03 00:29:07 GSD getOne 第 1 次 等待 3 秒
2024-09-03 00:29:10 查询号码 【1392531】，返回信息 {"status":"ok","msg":"广东-中山","gid":"13036","time_insert":"2019-01-25 10:58","time_update":"2020-09-28 21:55"}
2024-09-03 00:29:10 查询号码 【1392531】，GSD为【"广东-中山"】

2024-09-03 00:45:36 开始第 2533 次操作

2024-09-03 00:45:36 开始操作号码 【1392532】
2024-09-03 00:45:43 GSD getOne 第 1 次 等待 3 秒
2024-09-03 00:45:46 查询号码 【1392532】，返回信息 {"status":"ok","msg":"广东-中山","gid":"13037","time_insert":"2015-01-10 21:16","time_update":"2020-09-28 21:56"}
2024-09-03 00:45:46 查询号码 【1392532】，GSD为【"广东-中山"】

2024-09-03 00:45:47 开始第 2534 次操作

2024-09-03 00:45:47 开始操作号码 【1392533】
2024-09-03 00:45:55 GSD getOne 第 1 次 等待 3 秒
2024-09-03 00:45:58 查询号码 【1392533】，返回信息 {"status":"ok","msg":"广东-中山","gid":"101728","time_insert":"2021-06-17 16:28"}
2024-09-03 00:45:59 查询号码 【1392533】，GSD为【"广东-中山"】

2024-09-03 00:46:00 开始第 2535 次操作

2024-09-03 00:46:00 开始操作号码 【1392534】
2024-09-03 00:46:07 GSD getOne 第 1 次 等待 3 秒
2024-09-03 00:46:10 查询号码 【1392534】，返回信息 {"status":"ok","msg":"广东-中山","gid":"13038","time_insert":"2015-08-31 20:49","time_update":"2020-09-28 21:59"}
2024-09-03 00:46:10 查询号码 【1392534】，GSD为【"广东-中山"】

2024-09-03 00:46:11 开始第 2536 次操作

2024-09-03 00:46:11 开始操作号码 【1392535】
2024-09-03 00:46:19 GSD getOne 第 1 次 等待 3 秒
2024-09-03 00:46:22 查询号码 【1392535】，返回信息 {"status":"ok","msg":"广东-中山","gid":"101757","time_insert":"2021-06-17 16:50"}
2024-09-03 00:46:22 查询号码 【1392535】，GSD为【"广东-中山"】

