2024-11-18 00:07:23 开始第 5561 次操作

2024-11-18 00:07:23 开始操作号码 【1315560】
2024-11-18 00:07:25 GSD getOne 第 1 次 等待 3 秒
2024-11-18 00:07:28 查询号码 【1315560】，返回信息 {"status":"ok","msg":"安徽-安庆","gid":"245741","time_insert":"2021-07-11 05:46"}
2024-11-18 00:07:28 查询号码 【1315560】，GSD为【"安徽-安庆"】

2024-11-18 00:07:29 开始第 5562 次操作

2024-11-18 00:07:29 开始操作号码 【1315561】
2024-11-18 00:07:30 GSD getOne 第 1 次 等待 3 秒
2024-11-18 00:07:33 查询号码 【1315561】，返回信息 {"status":"ok","msg":"安徽-淮北","gid":"245725","time_insert":"2021-07-11 05:45"}
2024-11-18 00:07:34 查询号码 【1315561】，GSD为【"安徽-淮北"】

2024-11-18 00:07:35 开始第 5563 次操作

2024-11-18 00:07:35 开始操作号码 【1315562】
2024-11-18 00:07:36 GSD getOne 第 1 次 等待 3 秒
2024-11-18 00:07:39 查询号码 【1315562】，返回信息 {"status":"ok","msg":"安徽-铜陵","gid":"245712","time_insert":"2021-07-11 05:44"}
2024-11-18 00:07:39 查询号码 【1315562】，GSD为【"安徽-铜陵"】

2024-11-18 00:07:40 开始第 5564 次操作

2024-11-18 00:07:40 开始操作号码 【1315563】
2024-11-18 00:07:41 GSD getOne 第 1 次 等待 3 秒
2024-11-18 00:07:44 查询号码 【1315563】，返回信息 {"status":"ok","msg":"安徽-宣城","gid":"245699","time_insert":"2021-07-11 05:44"}
2024-11-18 00:07:44 查询号码 【1315563】，GSD为【"安徽-宣城"】

2024-11-18 00:39:18 开始第 5565 次操作

2024-11-18 00:39:18 开始操作号码 【1315564】
2024-11-18 00:39:19 GSD getOne 第 1 次 等待 3 秒
2024-11-18 00:39:22 查询号码 【1315564】，返回信息 {"status":"ok","msg":"安徽-六安","gid":"245684","time_insert":"2021-07-11 05:43"}
2024-11-18 00:39:22 查询号码 【1315564】，GSD为【"安徽-六安"】

2024-11-18 00:39:23 开始第 5566 次操作

2024-11-18 00:39:23 开始操作号码 【1315565】
2024-11-18 00:39:24 GSD getOne 第 1 次 等待 3 秒
2024-11-18 00:39:27 查询号码 【1315565】，返回信息 {"status":"ok","msg":"安徽-合肥","gid":"245670","time_insert":"2021-07-11 05:42"}
2024-11-18 00:39:27 查询号码 【1315565】，GSD为【"安徽-合肥"】

2024-11-18 00:39:28 开始第 5567 次操作

2024-11-18 00:39:28 开始操作号码 【1315566】
2024-11-18 00:39:29 GSD getOne 第 1 次 等待 3 秒
2024-11-18 00:39:32 查询号码 【1315566】，返回信息 {"status":"ok","msg":"安徽-池州","gid":"245657","time_insert":"2021-07-11 05:42"}
2024-11-18 00:39:32 查询号码 【1315566】，GSD为【"安徽-池州"】

2024-11-18 00:39:33 开始第 5568 次操作

2024-11-18 00:39:33 开始操作号码 【1315567】
2024-11-18 00:39:34 GSD getOne 第 1 次 等待 3 秒
2024-11-18 00:39:37 查询号码 【1315567】，返回信息 {"status":"ok","msg":"安徽-亳州","gid":"245643","time_insert":"2021-07-11 05:41"}
2024-11-18 00:39:37 查询号码 【1315567】，GSD为【"安徽-亳州"】

