2024-03-25 00:18:30 开始第 81 次操作
2024-03-25 00:18:30 号码【172（0000 ---> 9999）】处理完毕
2024-03-25 00:37:17 开始第 81 次操作
2024-03-25 00:37:17 号码【172（0000 ---> 9999）】处理完毕
2024-03-25 01:13:28 开始第 81 次操作
2024-03-25 01:13:28 号码【172（0000 ---> 9999）】处理完毕
2024-03-25 01:37:25 开始第 81 次操作
2024-03-25 01:37:25 号码【172（0000 ---> 9999）】处理完毕
2024-03-25 02:22:03 开始第 81 次操作
2024-03-25 02:22:03 号码【172（0000 ---> 9999）】处理完毕
2024-03-25 02:38:23 开始第 81 次操作
2024-03-25 02:38:23 号码【172（0000 ---> 9999）】处理完毕
2024-03-25 03:13:39 开始第 81 次操作
2024-03-25 03:13:39 号码【172（0000 ---> 9999）】处理完毕
2024-03-25 03:37:09 开始第 81 次操作
2024-03-25 03:37:09 号码【172（0000 ---> 9999）】处理完毕
2024-03-25 04:15:33 开始第 81 次操作
2024-03-25 04:15:33 号码【172（0000 ---> 9999）】处理完毕
2024-03-25 04:37:44 开始第 81 次操作
2024-03-25 04:37:44 号码【172（0000 ---> 9999）】处理完毕
2024-03-25 05:13:58 开始第 81 次操作
2024-03-25 05:13:58 号码【172（0000 ---> 9999）】处理完毕
2024-03-25 05:37:23 开始第 81 次操作
2024-03-25 05:37:23 号码【172（0000 ---> 9999）】处理完毕
2024-03-25 06:15:49 开始第 81 次操作
2024-03-25 06:15:49 号码【172（0000 ---> 9999）】处理完毕
2024-03-25 06:36:59 开始第 81 次操作
2024-03-25 06:36:59 号码【172（0000 ---> 9999）】处理完毕
2024-03-25 07:17:56 开始第 81 次操作
2024-03-25 07:17:56 号码【172（0000 ---> 9999）】处理完毕
2024-03-25 07:37:19 开始第 81 次操作
2024-03-25 07:37:19 号码【172（0000 ---> 9999）】处理完毕
2024-03-25 09:11:06 开始第 81 次操作
2024-03-25 09:11:06 号码【172（0000 ---> 9999）】处理完毕
2024-03-25 10:05:10 开始第 81 次操作
2024-03-25 10:05:10 号码【172（0000 ---> 9999）】处理完毕
2024-03-25 10:38:29 开始第 81 次操作
2024-03-25 10:38:29 号码【172（0000 ---> 9999）】处理完毕
2024-03-25 11:18:56 开始第 81 次操作
2024-03-25 11:18:56 号码【172（0000 ---> 9999）】处理完毕
2024-03-25 11:37:21 开始第 81 次操作
2024-03-25 11:37:21 号码【172（0000 ---> 9999）】处理完毕
2024-03-25 12:20:42 开始第 81 次操作
2024-03-25 12:20:42 号码【172（0000 ---> 9999）】处理完毕
2024-03-25 12:37:27 开始第 81 次操作
2024-03-25 12:37:27 号码【172（0000 ---> 9999）】处理完毕
2024-03-25 13:16:52 开始第 81 次操作
2024-03-25 13:16:52 号码【172（0000 ---> 9999）】处理完毕
2024-03-25 13:37:04 开始第 81 次操作
2024-03-25 13:37:04 号码【172（0000 ---> 9999）】处理完毕
2024-03-25 14:01:26 开始第 81 次操作

2024-03-25 14:01:26 开始操作号码 【1610001】
2024-03-25 14:01:31 GSD getOne 第 1 次 等待 3 秒
2024-03-25 14:01:34 查询号码 【1610001】，返回信息 {"status":"ok","msg":"-","gid":"520726","time_insert":"2023-02-07 17:44"}
2024-03-25 14:01:34 查询号码 【1610001】，GSD为【"-"】
2024-03-25 14:01:34 ok && -
2024-03-25 14:01:36 CHB 1610001?1711346494 第 1 次 等待 3 秒
2024-03-25 14:01:39 CHB 1610001?1711346494 第 1 次 获取到号码【1610001】GSD
2024-03-25 14:01:39 未获取到号码【1610001】GSD，可能号码格式错误
2024-03-25 14:01:39 获取到号码【1610001】的GSD为【-】
2024-03-25 14:01:47 GSD insert 第 1 次 等待 3 秒
2024-03-25 14:01:50 {"status":"bad","gid":"520726","msg":"添加失败！号码【1610001(-|-)】已存在！"}
2024-03-25 14:01:50 随机等待 164 秒，约 2 分钟
2024-03-25 14:01:50 下次操作: 2024-03-25 14:04:34

2024-03-25 14:04:34 开始第 82 次操作

2024-03-25 14:04:34 开始操作号码 【1610002】
2024-03-25 14:04:39 GSD getOne 第 1 次 等待 3 秒
2024-03-25 14:04:42 查询号码 【1610002】，返回信息 {"status":"ok","msg":"-","gid":"520734","time_insert":"2023-02-07 17:52"}
2024-03-25 14:04:42 查询号码 【1610002】，GSD为【"-"】
2024-03-25 14:04:42 ok && -
2024-03-25 14:04:44 CHB 1610002?1711346682 第 1 次 等待 3 秒
2024-03-25 14:04:47 CHB 1610002?1711346682 第 1 次 获取到号码【1610002】GSD
2024-03-25 14:04:47 未获取到号码【1610002】GSD，可能号码格式错误
2024-03-25 14:04:47 获取到号码【1610002】的GSD为【-】
2024-03-25 14:04:52 GSD insert 第 1 次 等待 3 秒
2024-03-25 14:04:55 {"status":"bad","gid":"520734","msg":"添加失败！号码【1610002(-|-)】已存在！"}
2024-03-25 14:04:55 随机等待 218 秒，约 3 分钟
2024-03-25 14:04:55 下次操作: 2024-03-25 14:08:33

2024-03-25 14:08:33 开始第 83 次操作

2024-03-25 14:08:33 开始操作号码 【1610003】
2024-03-25 14:08:38 GSD getOne 第 1 次 等待 3 秒
2024-03-25 14:08:41 查询号码 【1610003】，返回信息 {"status":"ok","msg":"-","gid":"520741","time_insert":"2023-02-07 18:02"}
2024-03-25 14:08:41 查询号码 【1610003】，GSD为【"-"】
2024-03-25 14:08:41 ok && -
2024-03-25 14:08:44 CHB 1610003?1711346921 第 1 次 等待 3 秒
2024-03-25 14:08:47 CHB 1610003?1711346921 第 1 次 获取到号码【1610003】GSD
2024-03-25 14:08:47 未获取到号码【1610003】GSD，可能号码格式错误
2024-03-25 14:08:47 获取到号码【1610003】的GSD为【-】
2024-03-25 14:08:51 GSD insert 第 1 次 等待 3 秒
2024-03-25 14:08:54 {"status":"bad","gid":"520741","msg":"添加失败！号码【1610003(-|-)】已存在！"}
2024-03-25 14:08:54 随机等待 209 秒，约 3 分钟
2024-03-25 14:08:54 下次操作: 2024-03-25 14:12:23

2024-03-25 14:12:23 开始第 84 次操作

2024-03-25 14:12:23 开始操作号码 【1610004】
2024-03-25 14:12:28 GSD getOne 第 1 次 等待 3 秒
2024-03-25 14:12:31 查询号码 【1610004】，返回信息 {"status":"ok","msg":"-","gid":"520749","time_insert":"2023-02-07 18:12"}
2024-03-25 14:12:31 查询号码 【1610004】，GSD为【"-"】
2024-03-25 14:12:31 ok && -
2024-03-25 14:12:34 CHB 1610004?1711347151 第 1 次 等待 3 秒
2024-03-25 14:12:37 CHB 1610004?1711347151 第 1 次 获取到号码【1610004】GSD
2024-03-25 14:12:37 未获取到号码【1610004】GSD，可能号码格式错误
2024-03-25 14:12:37 获取到号码【1610004】的GSD为【-】
2024-03-25 14:12:42 GSD insert 第 1 次 等待 3 秒
2024-03-25 14:12:45 {"status":"bad","gid":"520749","msg":"添加失败！号码【1610004(-|-)】已存在！"}

