2024-07-08 00:20:13 开始第 4769 次操作

2024-07-08 00:20:13 开始操作号码 【1504678】
2024-07-08 00:20:22 GSD getOne 第 1 次 等待 3 秒
2024-07-08 00:20:25 查询号码 【1504678】，返回信息 {"status":"ok","msg":"黑龙江-哈尔滨","gid":"281471","time_insert":"2021-07-15 08:18"}
2024-07-08 00:20:25 查询号码 【1504678】，GSD为【"黑龙江-哈尔滨"】

2024-07-08 00:20:26 开始第 4770 次操作

2024-07-08 00:20:26 开始操作号码 【1504679】
2024-07-08 00:20:33 GSD getOne 第 1 次 等待 3 秒
2024-07-08 00:20:36 查询号码 【1504679】，返回信息 {"status":"ok","msg":"黑龙江-哈尔滨","gid":"281495","time_insert":"2021-07-15 08:32"}
2024-07-08 00:20:36 查询号码 【1504679】，GSD为【"黑龙江-哈尔滨"】

2024-07-08 00:20:37 开始第 4771 次操作

2024-07-08 00:20:37 开始操作号码 【1504680】
2024-07-08 00:20:45 GSD getOne 第 1 次 等待 3 秒
2024-07-08 00:20:48 查询号码 【1504680】，返回信息 {"status":"ok","msg":"黑龙江-哈尔滨","gid":"281521","time_insert":"2021-07-15 08:47"}
2024-07-08 00:20:48 查询号码 【1504680】，GSD为【"黑龙江-哈尔滨"】

2024-07-08 00:20:49 开始第 4772 次操作

2024-07-08 00:20:49 开始操作号码 【1504681】
2024-07-08 00:20:57 GSD getOne 第 1 次 等待 3 秒
2024-07-08 00:21:00 查询号码 【1504681】，返回信息 {"status":"ok","msg":"黑龙江-哈尔滨","gid":"281538","time_insert":"2021-07-15 08:59"}
2024-07-08 00:21:00 查询号码 【1504681】，GSD为【"黑龙江-哈尔滨"】

