2024-08-24 00:25:32 开始第 805 次操作

2024-08-24 00:25:32 开始操作号码 【1390804】
2024-08-24 00:25:41 GSD getOne 第 1 次 等待 3 秒
2024-08-24 00:25:44 查询号码 【1390804】，返回信息 {"status":"ok","msg":"四川-成都","gid":"12766","time_insert":"2017-02-14 19:50","time_update":"2020-10-16 05:28"}
2024-08-24 00:25:44 查询号码 【1390804】，GSD为【"四川-成都"】

2024-08-24 00:25:45 开始第 806 次操作

2024-08-24 00:25:45 开始操作号码 【1390805】
2024-08-24 00:25:53 GSD getOne 第 1 次 等待 3 秒
2024-08-24 00:25:56 查询号码 【1390805】，返回信息 {"status":"ok","msg":"四川-成都","gid":"12767","time_insert":"2014-04-27 19:39","time_update":"2020-10-16 05:33"}
2024-08-24 00:25:56 查询号码 【1390805】，GSD为【"四川-成都"】

2024-08-24 00:25:57 开始第 807 次操作

2024-08-24 00:25:57 开始操作号码 【1390806】
2024-08-24 00:26:05 GSD getOne 第 1 次 等待 3 秒
2024-08-24 00:26:08 查询号码 【1390806】，返回信息 {"status":"ok","msg":"四川-成都","gid":"12768","time_insert":"2019-04-11 13:30","time_update":"2020-10-16 05:38"}
2024-08-24 00:26:09 查询号码 【1390806】，GSD为【"四川-成都"】

2024-08-24 00:26:10 开始第 808 次操作

2024-08-24 00:26:10 开始操作号码 【1390807】
2024-08-24 00:26:21 GSD getOne 第 1 次 等待 3 秒
2024-08-24 00:26:24 查询号码 【1390807】，返回信息 {"status":"ok","msg":"四川-成都","gid":"12769","time_insert":"2018-09-02 12:25","time_update":"2020-10-16 05:43"}
2024-08-24 00:26:24 查询号码 【1390807】，GSD为【"四川-成都"】

