2024-02-02 00:19:58 开始第 1397 次操作

2024-02-02 00:19:58 开始操作号码 【1721316】
2024-02-02 00:20:02 GSD getOne 第 1 次 等待 3 秒
2024-02-02 00:20:05 查询号码 【1721316】，返回信息 {"status":"ok","msg":"重庆-重庆","gid":"250471","time_insert":"2021-07-11 19:40"}
2024-02-02 00:20:05 查询号码 【1721316】，GSD为【"重庆-重庆"】

2024-02-02 00:20:06 开始第 1398 次操作

2024-02-02 00:20:06 开始操作号码 【1721317】
2024-02-02 00:20:11 GSD getOne 第 1 次 等待 3 秒
2024-02-02 00:20:14 查询号码 【1721317】，返回信息 {"status":"ok","msg":"重庆-重庆","gid":"250477","time_insert":"2021-07-11 19:40"}
2024-02-02 00:20:14 查询号码 【1721317】，GSD为【"重庆-重庆"】

2024-02-02 00:20:15 开始第 1399 次操作

2024-02-02 00:20:15 开始操作号码 【1721318】
2024-02-02 00:20:19 GSD getOne 第 1 次 等待 3 秒
2024-02-02 00:20:22 查询号码 【1721318】，返回信息 {"status":"ok","msg":"重庆-重庆","gid":"250484","time_insert":"2021-07-11 19:41"}
2024-02-02 00:20:22 查询号码 【1721318】，GSD为【"重庆-重庆"】

2024-02-02 00:20:23 开始第 1400 次操作

2024-02-02 00:20:23 开始操作号码 【1721319】
2024-02-02 00:20:26 GSD getOne 第 1 次 等待 3 秒
2024-02-02 00:20:29 查询号码 【1721319】，返回信息 {"status":"ok","msg":"重庆-重庆","gid":"250491","time_insert":"2021-07-11 19:41"}
2024-02-02 00:20:29 查询号码 【1721319】，GSD为【"重庆-重庆"】

