2023-09-27 00:20:54 开始第 113 次操作

2023-09-27 00:20:54 开始操作号码 【1930112】
2023-09-27 00:20:59 GSD getOne 第 1 次 等待 3 秒
2023-09-27 00:21:02 查询号码 【1930112】，返回信息 {"status":"ok","msg":"上海-上海","gid":"414377","time_insert":"2021-07-27 15:41"}
2023-09-27 00:21:02 查询号码 【1930112】，GSD为【"上海-上海"】

2023-09-27 00:21:03 开始第 114 次操作

2023-09-27 00:21:03 开始操作号码 【1930113】
2023-09-27 00:21:05 GSD getOne 第 1 次 等待 3 秒
2023-09-27 00:21:08 查询号码 【1930113】，返回信息 {"status":"ok","msg":"上海-上海","gid":"414549","time_insert":"2021-07-27 15:52"}
2023-09-27 00:21:08 查询号码 【1930113】，GSD为【"上海-上海"】

2023-09-27 00:21:09 开始第 115 次操作

2023-09-27 00:21:09 开始操作号码 【1930114】
2023-09-27 00:21:12 GSD getOne 第 1 次 等待 3 秒
2023-09-27 00:21:15 查询号码 【1930114】，返回信息 {"status":"ok","msg":"上海-上海","gid":"414718","time_insert":"2021-07-27 16:07"}
2023-09-27 00:21:15 查询号码 【1930114】，GSD为【"上海-上海"】

2023-09-27 00:21:16 开始第 116 次操作

2023-09-27 00:21:16 开始操作号码 【1930115】
2023-09-27 00:21:22 GSD getOne 第 1 次 等待 3 秒
2023-09-27 00:21:25 查询号码 【1930115】，返回信息 {"status":"ok","msg":"上海-上海","gid":"414762","time_insert":"2021-07-27 16:17"}
2023-09-27 00:21:25 查询号码 【1930115】，GSD为【"上海-上海"】

