2024-11-22 00:09:07 开始第 6253 次操作

2024-11-22 00:09:07 开始操作号码 【1316252】
2024-11-22 00:09:08 GSD getOne 第 1 次 等待 3 秒
2024-11-22 00:09:11 查询号码 【1316252】，返回信息 {"status":"ok","msg":"上海-上海","gid":"238142","time_insert":"2021-07-10 09:33"}
2024-11-22 00:09:11 查询号码 【1316252】，GSD为【"上海-上海"】

2024-11-22 00:09:12 开始第 6254 次操作

2024-11-22 00:09:12 开始操作号码 【1316253】
2024-11-22 00:09:13 GSD getOne 第 1 次 等待 3 秒
2024-11-22 00:09:16 查询号码 【1316253】，返回信息 {"status":"ok","msg":"上海-上海","gid":"238133","time_insert":"2021-07-10 09:32"}
2024-11-22 00:09:16 查询号码 【1316253】，GSD为【"上海-上海"】

2024-11-22 00:09:17 开始第 6255 次操作

2024-11-22 00:09:17 开始操作号码 【1316254】
2024-11-22 00:09:18 GSD getOne 第 1 次 等待 3 秒
2024-11-22 00:09:21 查询号码 【1316254】，返回信息 {"status":"ok","msg":"上海-上海","gid":"238127","time_insert":"2021-07-10 09:32"}
2024-11-22 00:09:21 查询号码 【1316254】，GSD为【"上海-上海"】

2024-11-22 00:09:22 开始第 6256 次操作

2024-11-22 00:09:22 开始操作号码 【1316255】
2024-11-22 00:09:23 GSD getOne 第 1 次 等待 3 秒
2024-11-22 00:09:26 查询号码 【1316255】，返回信息 {"status":"ok","msg":"上海-上海","gid":"238120","time_insert":"2021-07-10 09:32"}
2024-11-22 00:09:26 查询号码 【1316255】，GSD为【"上海-上海"】

2024-11-22 00:42:59 开始第 6257 次操作

2024-11-22 00:42:59 开始操作号码 【1316256】
2024-11-22 00:43:01 GSD getOne 第 1 次 等待 3 秒
2024-11-22 00:43:04 查询号码 【1316256】，返回信息 {"status":"ok","msg":"上海-上海","gid":"238112","time_insert":"2021-07-10 09:31"}
2024-11-22 00:43:04 查询号码 【1316256】，GSD为【"上海-上海"】

2024-11-22 00:43:05 开始第 6258 次操作

2024-11-22 00:43:05 开始操作号码 【1316257】
2024-11-22 00:43:06 GSD getOne 第 1 次 等待 3 秒
2024-11-22 00:43:09 查询号码 【1316257】，返回信息 {"status":"ok","msg":"上海-上海","gid":"238108","time_insert":"2021-07-10 09:31"}
2024-11-22 00:43:09 查询号码 【1316257】，GSD为【"上海-上海"】

2024-11-22 00:43:10 开始第 6259 次操作

2024-11-22 00:43:10 开始操作号码 【1316258】
2024-11-22 00:43:11 GSD getOne 第 1 次 等待 3 秒
2024-11-22 00:43:14 查询号码 【1316258】，返回信息 {"status":"ok","msg":"上海-上海","gid":"238104","time_insert":"2021-07-10 09:31"}
2024-11-22 00:43:14 查询号码 【1316258】，GSD为【"上海-上海"】

2024-11-22 00:43:15 开始第 6260 次操作

2024-11-22 00:43:15 开始操作号码 【1316259】
2024-11-22 00:43:16 GSD getOne 第 1 次 等待 3 秒
2024-11-22 00:43:19 查询号码 【1316259】，返回信息 {"status":"ok","msg":"上海-上海","gid":"238092","time_insert":"2021-07-10 09:30"}
2024-11-22 00:43:19 查询号码 【1316259】，GSD为【"上海-上海"】

2024-11-22 01:06:46 开始第 6261 次操作

2024-11-22 01:06:46 开始操作号码 【1316260】
2024-11-22 01:06:47 GSD getOne 第 1 次 等待 3 秒
2024-11-22 01:06:50 查询号码 【1316260】，返回信息 {"status":"ok","msg":"上海-上海","gid":"238084","time_insert":"2021-07-10 09:30"}
2024-11-22 01:06:50 查询号码 【1316260】，GSD为【"上海-上海"】

2024-11-22 01:06:51 开始第 6262 次操作

2024-11-22 01:06:51 开始操作号码 【1316261】
2024-11-22 01:06:52 GSD getOne 第 1 次 等待 3 秒
2024-11-22 01:06:55 查询号码 【1316261】，返回信息 {"status":"ok","msg":"上海-上海","gid":"238079","time_insert":"2021-07-10 09:29"}
2024-11-22 01:06:55 查询号码 【1316261】，GSD为【"上海-上海"】

2024-11-22 01:06:56 开始第 6263 次操作

2024-11-22 01:06:56 开始操作号码 【1316262】
2024-11-22 01:06:57 GSD getOne 第 1 次 等待 3 秒
2024-11-22 01:07:00 查询号码 【1316262】，返回信息 {"status":"ok","msg":"上海-上海","gid":"238070","time_insert":"2021-07-10 09:29"}
2024-11-22 01:07:00 查询号码 【1316262】，GSD为【"上海-上海"】

2024-11-22 01:07:01 开始第 6264 次操作

2024-11-22 01:07:01 开始操作号码 【1316263】
2024-11-22 01:07:02 GSD getOne 第 1 次 等待 3 秒
2024-11-22 01:07:05 查询号码 【1316263】，返回信息 {"status":"ok","msg":"上海-上海","gid":"238063","time_insert":"2021-07-10 09:28"}
2024-11-22 01:07:05 查询号码 【1316263】，GSD为【"上海-上海"】

2024-11-22 01:36:19 开始第 6265 次操作

2024-11-22 01:36:19 开始操作号码 【1316264】
2024-11-22 01:36:20 GSD getOne 第 1 次 等待 3 秒
2024-11-22 01:36:23 查询号码 【1316264】，返回信息 {"status":"ok","msg":"上海-上海","gid":"238056","time_insert":"2021-07-10 09:28"}
2024-11-22 01:36:23 查询号码 【1316264】，GSD为【"上海-上海"】

2024-11-22 01:36:24 开始第 6266 次操作

2024-11-22 01:36:24 开始操作号码 【1316265】
2024-11-22 01:36:25 GSD getOne 第 1 次 等待 3 秒
2024-11-22 01:36:28 查询号码 【1316265】，返回信息 {"status":"ok","msg":"上海-上海","gid":"238050","time_insert":"2021-07-10 09:28"}
2024-11-22 01:36:28 查询号码 【1316265】，GSD为【"上海-上海"】

2024-11-22 01:36:29 开始第 6267 次操作

2024-11-22 01:36:29 开始操作号码 【1316266】
2024-11-22 01:36:30 GSD getOne 第 1 次 等待 3 秒
2024-11-22 01:36:33 查询号码 【1316266】，返回信息 {"status":"ok","msg":"上海-上海","gid":"238043","time_insert":"2021-07-10 09:27"}
2024-11-22 01:36:33 查询号码 【1316266】，GSD为【"上海-上海"】

2024-11-22 01:36:34 开始第 6268 次操作

2024-11-22 01:36:34 开始操作号码 【1316267】
2024-11-22 01:36:35 GSD getOne 第 1 次 等待 3 秒
2024-11-22 01:36:38 查询号码 【1316267】，返回信息 {"status":"ok","msg":"上海-上海","gid":"238034","time_insert":"2021-07-10 09:27"}
2024-11-22 01:36:38 查询号码 【1316267】，GSD为【"上海-上海"】

2024-11-22 02:09:52 开始第 6269 次操作

2024-11-22 02:09:52 开始操作号码 【1316268】
2024-11-22 02:09:54 GSD getOne 第 1 次 等待 3 秒
2024-11-22 02:09:57 查询号码 【1316268】，返回信息 {"status":"ok","msg":"上海-上海","gid":"238028","time_insert":"2021-07-10 09:26"}
2024-11-22 02:09:57 查询号码 【1316268】，GSD为【"上海-上海"】

2024-11-22 02:09:58 开始第 6270 次操作

2024-11-22 02:09:58 开始操作号码 【1316269】
2024-11-22 02:09:59 GSD getOne 第 1 次 等待 3 秒
2024-11-22 02:10:02 查询号码 【1316269】，返回信息 {"status":"ok","msg":"上海-上海","gid":"238021","time_insert":"2021-07-10 09:26"}
2024-11-22 02:10:02 查询号码 【1316269】，GSD为【"上海-上海"】

2024-11-22 02:10:03 开始第 6271 次操作

2024-11-22 02:10:03 开始操作号码 【1316270】
2024-11-22 02:10:04 GSD getOne 第 1 次 等待 3 秒
2024-11-22 02:10:07 查询号码 【1316270】，返回信息 {"status":"ok","msg":"上海-上海","gid":"238016","time_insert":"2021-07-10 09:26"}
2024-11-22 02:10:07 查询号码 【1316270】，GSD为【"上海-上海"】

2024-11-22 02:10:08 开始第 6272 次操作

2024-11-22 02:10:08 开始操作号码 【1316271】
2024-11-22 02:10:09 GSD getOne 第 1 次 等待 3 秒
2024-11-22 02:10:12 查询号码 【1316271】，返回信息 {"status":"ok","msg":"上海-上海","gid":"238009","time_insert":"2021-07-10 09:25"}
2024-11-22 02:10:12 查询号码 【1316271】，GSD为【"上海-上海"】

2024-11-22 02:42:17 开始第 6273 次操作

2024-11-22 02:42:17 开始操作号码 【1316272】
2024-11-22 02:42:19 GSD getOne 第 1 次 等待 3 秒
2024-11-22 02:42:22 查询号码 【1316272】，返回信息 {"status":"ok","msg":"上海-上海","gid":"238003","time_insert":"2021-07-10 09:25"}
2024-11-22 02:42:22 查询号码 【1316272】，GSD为【"上海-上海"】

2024-11-22 02:42:23 开始第 6274 次操作

2024-11-22 02:42:23 开始操作号码 【1316273】
2024-11-22 02:42:24 GSD getOne 第 1 次 等待 3 秒
2024-11-22 02:42:27 查询号码 【1316273】，返回信息 {"status":"ok","msg":"上海-上海","gid":"237998","time_insert":"2021-07-10 09:25"}
2024-11-22 02:42:27 查询号码 【1316273】，GSD为【"上海-上海"】

2024-11-22 02:42:28 开始第 6275 次操作

2024-11-22 02:42:28 开始操作号码 【1316274】
2024-11-22 02:42:29 GSD getOne 第 1 次 等待 3 秒
2024-11-22 02:42:32 查询号码 【1316274】，返回信息 {"status":"ok","msg":"上海-上海","gid":"237993","time_insert":"2021-07-10 09:24"}
2024-11-22 02:42:32 查询号码 【1316274】，GSD为【"上海-上海"】

2024-11-22 02:42:33 开始第 6276 次操作

2024-11-22 02:42:33 开始操作号码 【1316275】
2024-11-22 02:42:34 GSD getOne 第 1 次 等待 3 秒
2024-11-22 02:42:37 查询号码 【1316275】，返回信息 {"status":"ok","msg":"上海-上海","gid":"53024","time_insert":"2020-08-22 11:06"}
2024-11-22 02:42:37 查询号码 【1316275】，GSD为【"上海-上海"】

2024-11-22 03:01:20 开始第 6277 次操作

2024-11-22 03:01:20 开始操作号码 【1316276】
2024-11-22 03:01:21 GSD getOne 第 1 次 等待 3 秒
2024-11-22 03:01:24 查询号码 【1316276】，返回信息 {"status":"ok","msg":"上海-上海","gid":"237984","time_insert":"2021-07-10 09:24"}
2024-11-22 03:01:24 查询号码 【1316276】，GSD为【"上海-上海"】

2024-11-22 03:01:25 开始第 6278 次操作

2024-11-22 03:01:25 开始操作号码 【1316277】
2024-11-22 03:01:26 GSD getOne 第 1 次 等待 3 秒
2024-11-22 03:01:29 查询号码 【1316277】，返回信息 {"status":"ok","msg":"上海-上海","gid":"237976","time_insert":"2021-07-10 09:24"}
2024-11-22 03:01:29 查询号码 【1316277】，GSD为【"上海-上海"】

2024-11-22 03:01:30 开始第 6279 次操作

2024-11-22 03:01:30 开始操作号码 【1316278】
2024-11-22 03:01:31 GSD getOne 第 1 次 等待 3 秒
2024-11-22 03:01:34 查询号码 【1316278】，返回信息 {"status":"ok","msg":"上海-上海","gid":"237974","time_insert":"2021-07-10 09:23"}
2024-11-22 03:01:34 查询号码 【1316278】，GSD为【"上海-上海"】

2024-11-22 03:01:35 开始第 6280 次操作

2024-11-22 03:01:35 开始操作号码 【1316279】
2024-11-22 03:01:36 GSD getOne 第 1 次 等待 3 秒
2024-11-22 03:01:39 查询号码 【1316279】，返回信息 {"status":"ok","msg":"上海-上海","gid":"237970","time_insert":"2021-07-10 09:23"}
2024-11-22 03:01:39 查询号码 【1316279】，GSD为【"上海-上海"】

