2024-12-04 00:09:10 开始第 8357 次操作

2024-12-04 00:09:10 开始操作号码 【1318356】
2024-12-04 00:09:12 GSD getOne 第 1 次 等待 3 秒
2024-12-04 00:09:15 查询号码 【1318356】，返回信息 {"status":"ok","msg":"四川-广元","gid":"1620","time_insert":"2018-06-19 22:24","time_update":"2020-10-07 19:29"}
2024-12-04 00:09:15 查询号码 【1318356】，GSD为【"四川-广元"】

2024-12-04 00:09:16 开始第 8358 次操作

2024-12-04 00:09:16 开始操作号码 【1318357】
2024-12-04 00:09:18 GSD getOne 第 1 次 等待 3 秒
2024-12-04 00:09:21 查询号码 【1318357】，返回信息 {"status":"ok","msg":"四川-遂宁","gid":"1621","time_insert":"2018-02-23 13:49","time_update":"2020-10-07 19:33"}
2024-12-04 00:09:22 查询号码 【1318357】，GSD为【"四川-遂宁"】

2024-12-04 00:09:23 开始第 8359 次操作

2024-12-04 00:09:23 开始操作号码 【1318358】
2024-12-04 00:09:24 GSD getOne 第 1 次 等待 3 秒
2024-12-04 00:09:27 查询号码 【1318358】，返回信息 {"status":"ok","msg":"四川-遂宁","gid":"1622","time_insert":"2018-01-14 17:42","time_update":"2020-10-07 19:34"}
2024-12-04 00:09:27 查询号码 【1318358】，GSD为【"四川-遂宁"】

2024-12-04 00:09:28 开始第 8360 次操作

2024-12-04 00:09:28 开始操作号码 【1318359】
2024-12-04 00:09:29 GSD getOne 第 1 次 等待 3 秒
2024-12-04 00:09:32 查询号码 【1318359】，返回信息 {"status":"ok","msg":"四川-达州","gid":"1623","time_insert":"2017-08-13 00:00","time_update":"2020-10-07 19:39"}
2024-12-04 00:09:32 查询号码 【1318359】，GSD为【"四川-达州"】

