2023-10-18 00:21:23 开始第 3625 次操作

2023-10-18 00:21:23 开始操作号码 【1933543】
2023-10-18 00:21:27 GSD getOne 第 1 次 等待 3 秒
2023-10-18 00:21:30 查询号码 【1933543】，返回信息 {"status":"ok","msg":"山西-晋中","gid":"508454","time_insert":"2021-08-13 20:41"}
2023-10-18 00:21:30 查询号码 【1933543】，GSD为【"山西-晋中"】

2023-10-18 00:21:31 开始第 3626 次操作

2023-10-18 00:21:31 开始操作号码 【1933544】
2023-10-18 00:21:36 GSD getOne 第 1 次 等待 3 秒
2023-10-18 00:21:39 查询号码 【1933544】，返回信息 {"status":"ok","msg":"山西-晋中","gid":"508471","time_insert":"2021-08-13 20:53"}
2023-10-18 00:21:39 查询号码 【1933544】，GSD为【"山西-晋中"】

2023-10-18 00:21:40 开始第 3627 次操作

2023-10-18 00:21:40 开始操作号码 【1933545】
2023-10-18 00:21:43 GSD getOne 第 1 次 等待 3 秒
2023-10-18 00:21:46 查询号码 【1933545】，返回信息 {"status":"ok","msg":"山西-晋中","gid":"508492","time_insert":"2021-08-13 21:06"}
2023-10-18 00:21:46 查询号码 【1933545】，GSD为【"山西-晋中"】

2023-10-18 00:21:47 开始第 3628 次操作

2023-10-18 00:21:47 开始操作号码 【1933546】
2023-10-18 00:21:49 GSD getOne 第 1 次 等待 3 秒
2023-10-18 00:21:52 查询号码 【1933546】，返回信息 {"status":"ok","msg":"山西-晋中","gid":"508505","time_insert":"2021-08-13 21:17"}
2023-10-18 00:21:52 查询号码 【1933546】，GSD为【"山西-晋中"】

2023-10-18 00:40:26 开始第 3629 次操作

2023-10-18 00:40:26 开始操作号码 【1933547】
2023-10-18 00:40:30 GSD getOne 第 1 次 等待 3 秒
2023-10-18 00:40:33 查询号码 【1933547】，返回信息 {"status":"ok","msg":"山西-晋中","gid":"508527","time_insert":"2021-08-13 21:32"}
2023-10-18 00:40:33 查询号码 【1933547】，GSD为【"山西-晋中"】

2023-10-18 00:40:34 开始第 3630 次操作

2023-10-18 00:40:34 开始操作号码 【1933548】
2023-10-18 00:40:38 GSD getOne 第 1 次 等待 3 秒
2023-10-18 00:40:41 查询号码 【1933548】，返回信息 {"status":"ok","msg":"山西-晋中","gid":"508547","time_insert":"2021-08-13 21:46"}
2023-10-18 00:40:41 查询号码 【1933548】，GSD为【"山西-晋中"】

2023-10-18 00:40:42 开始第 3631 次操作

2023-10-18 00:40:42 开始操作号码 【1933549】
2023-10-18 00:40:46 GSD getOne 第 1 次 等待 3 秒
2023-10-18 00:40:49 查询号码 【1933549】，返回信息 {"status":"ok","msg":"山西-晋中","gid":"508559","time_insert":"2021-08-13 21:57"}
2023-10-18 00:40:49 查询号码 【1933549】，GSD为【"山西-晋中"】

2023-10-18 00:40:50 开始第 3632 次操作

2023-10-18 00:40:50 开始操作号码 【1933550】
2023-10-18 00:40:55 GSD getOne 第 1 次 等待 3 秒
2023-10-18 00:40:58 查询号码 【1933550】，返回信息 {"status":"ok","msg":"山西-忻州","gid":"508577","time_insert":"2021-08-13 22:10"}
2023-10-18 00:40:58 查询号码 【1933550】，GSD为【"山西-忻州"】

