2024-02-21 00:20:17 开始第 4817 次操作

2024-02-21 00:20:17 开始操作号码 【1724736】
2024-02-21 00:20:24 GSD getOne 第 1 次 等待 3 秒
2024-02-21 00:20:27 查询号码 【1724736】，返回信息 {"status":"ok","msg":"广东-广州","gid":"293777","time_insert":"2021-07-16 14:49"}
2024-02-21 00:20:27 查询号码 【1724736】，GSD为【"广东-广州"】

2024-02-21 00:20:28 开始第 4818 次操作

2024-02-21 00:20:28 开始操作号码 【1724737】
2024-02-21 00:20:32 GSD getOne 第 1 次 等待 3 秒
2024-02-21 00:20:35 查询号码 【1724737】，返回信息 {"status":"ok","msg":"广东-广州","gid":"293780","time_insert":"2021-07-16 14:50"}
2024-02-21 00:20:35 查询号码 【1724737】，GSD为【"广东-广州"】

2024-02-21 00:20:36 开始第 4819 次操作

2024-02-21 00:20:36 开始操作号码 【1724738】
2024-02-21 00:20:44 GSD getOne 第 1 次 等待 3 秒
2024-02-21 00:20:47 查询号码 【1724738】，返回信息 {"status":"ok","msg":"广东-广州","gid":"293787","time_insert":"2021-07-16 14:51"}
2024-02-21 00:20:47 查询号码 【1724738】，GSD为【"广东-广州"】

2024-02-21 00:20:48 开始第 4820 次操作

2024-02-21 00:20:48 开始操作号码 【1724739】
2024-02-21 00:20:52 GSD getOne 第 1 次 等待 3 秒
2024-02-21 00:20:55 查询号码 【1724739】，返回信息 {"status":"ok","msg":"广东-广州","gid":"293795","time_insert":"2021-07-16 14:51"}
2024-02-21 00:20:55 查询号码 【1724739】，GSD为【"广东-广州"】

2024-02-21 00:38:21 开始第 4821 次操作

2024-02-21 00:38:21 开始操作号码 【1724740】
2024-02-21 00:38:26 GSD getOne 第 1 次 等待 3 秒
2024-02-21 00:38:29 查询号码 【1724740】，返回信息 {"status":"ok","msg":"广东-广州","gid":"293798","time_insert":"2021-07-16 14:52"}
2024-02-21 00:38:29 查询号码 【1724740】，GSD为【"广东-广州"】

2024-02-21 00:38:30 开始第 4822 次操作

2024-02-21 00:38:30 开始操作号码 【1724741】
2024-02-21 00:38:34 GSD getOne 第 1 次 等待 3 秒
2024-02-21 00:38:37 查询号码 【1724741】，返回信息 {"status":"ok","msg":"广东-广州","gid":"28814","time_insert":"2017-04-19 11:23","time_update":"2021-01-22 12:52"}
2024-02-21 00:38:37 查询号码 【1724741】，GSD为【"广东-广州"】

2024-02-21 00:38:38 开始第 4823 次操作

2024-02-21 00:38:38 开始操作号码 【1724742】
2024-02-21 00:38:43 GSD getOne 第 1 次 等待 3 秒
2024-02-21 00:38:46 查询号码 【1724742】，返回信息 {"status":"ok","msg":"广东-广州","gid":"293807","time_insert":"2021-07-16 14:52"}
2024-02-21 00:38:46 查询号码 【1724742】，GSD为【"广东-广州"】

2024-02-21 00:38:47 开始第 4824 次操作

2024-02-21 00:38:47 开始操作号码 【1724743】
2024-02-21 00:38:55 GSD getOne 第 1 次 等待 3 秒
2024-02-21 00:38:58 查询号码 【1724743】，返回信息 {"status":"ok","msg":"广东-广州","gid":"293817","time_insert":"2021-07-16 14:53"}
2024-02-21 00:38:58 查询号码 【1724743】，GSD为【"广东-广州"】

2024-02-21 01:13:41 开始第 4825 次操作

2024-02-21 01:13:41 开始操作号码 【1724744】
2024-02-21 01:13:45 GSD getOne 第 1 次 等待 3 秒
2024-02-21 01:13:48 查询号码 【1724744】，返回信息 {"status":"ok","msg":"广东-广州","gid":"293827","time_insert":"2021-07-16 14:53"}
2024-02-21 01:13:48 查询号码 【1724744】，GSD为【"广东-广州"】

2024-02-21 01:13:49 开始第 4826 次操作

2024-02-21 01:13:49 开始操作号码 【1724745】
2024-02-21 01:13:54 GSD getOne 第 1 次 等待 3 秒
2024-02-21 01:13:57 查询号码 【1724745】，返回信息 {"status":"ok","msg":"广东-广州","gid":"293835","time_insert":"2021-07-16 14:54"}
2024-02-21 01:13:57 查询号码 【1724745】，GSD为【"广东-广州"】

2024-02-21 01:13:58 开始第 4827 次操作

2024-02-21 01:13:58 开始操作号码 【1724746】
2024-02-21 01:14:01 GSD getOne 第 1 次 等待 3 秒
2024-02-21 01:14:04 查询号码 【1724746】，返回信息 {"status":"ok","msg":"广东-广州","gid":"293844","time_insert":"2021-07-16 14:54"}
2024-02-21 01:14:04 查询号码 【1724746】，GSD为【"广东-广州"】

2024-02-21 01:14:05 开始第 4828 次操作

2024-02-21 01:14:05 开始操作号码 【1724747】
2024-02-21 01:14:10 GSD getOne 第 1 次 等待 3 秒
2024-02-21 01:14:13 查询号码 【1724747】，返回信息 {"status":"ok","msg":"广东-广州","gid":"293851","time_insert":"2021-07-16 14:55"}
2024-02-21 01:14:13 查询号码 【1724747】，GSD为【"广东-广州"】

