2023-12-02 00:21:22 开始第 893 次操作

2023-12-02 00:21:22 开始操作号码 【1830812】
2023-12-02 00:21:27 GSD getOne 第 1 次 等待 3 秒
2023-12-02 00:21:30 查询号码 【1830812】，返回信息 {"status":"ok","msg":"四川-宜宾","gid":"37072","time_insert":"2017-09-21 14:46","time_update":"2020-11-08 05:09"}
2023-12-02 00:21:30 查询号码 【1830812】，GSD为【"四川-宜宾"】

2023-12-02 00:21:31 开始第 894 次操作

2023-12-02 00:21:31 开始操作号码 【1830813】
2023-12-02 00:21:35 GSD getOne 第 1 次 等待 3 秒
2023-12-02 00:21:38 查询号码 【1830813】，返回信息 {"status":"ok","msg":"四川-宜宾","gid":"37073","time_insert":"2017-04-22 17:11","time_update":"2020-11-08 05:13"}
2023-12-02 00:21:38 查询号码 【1830813】，GSD为【"四川-宜宾"】

2023-12-02 00:21:39 开始第 895 次操作

2023-12-02 00:21:39 开始操作号码 【1830814】
2023-12-02 00:21:47 GSD getOne 第 1 次 等待 3 秒
2023-12-02 00:21:50 查询号码 【1830814】，返回信息 {"status":"ok","msg":"四川-宜宾","gid":"37074","time_insert":"2018-06-25 11:22","time_update":"2020-11-08 05:17"}
2023-12-02 00:21:50 查询号码 【1830814】，GSD为【"四川-宜宾"】

2023-12-02 00:21:51 开始第 896 次操作

2023-12-02 00:21:51 开始操作号码 【1830815】
2023-12-02 00:21:54 GSD getOne 第 1 次 等待 3 秒
2023-12-02 00:21:57 查询号码 【1830815】，返回信息 {"status":"ok","msg":"四川-宜宾","gid":"37075","time_insert":"2018-06-21 09:32","time_update":"2020-11-08 05:21"}
2023-12-02 00:21:57 查询号码 【1830815】，GSD为【"四川-宜宾"】

