2024-12-07 00:08:58 开始第 8885 次操作

2024-12-07 00:08:58 开始操作号码 【1318884】
2024-12-07 00:09:00 GSD getOne 第 1 次 等待 3 秒
2024-12-07 00:09:03 查询号码 【1318884】，返回信息 {"status":"ok","msg":"山东-潍坊","gid":"209502","time_insert":"2021-07-06 22:38"}
2024-12-07 00:09:03 查询号码 【1318884】，GSD为【"山东-潍坊"】

2024-12-07 00:09:04 开始第 8886 次操作

2024-12-07 00:09:04 开始操作号码 【1318885】
2024-12-07 00:09:05 GSD getOne 第 1 次 等待 3 秒
2024-12-07 00:09:08 查询号码 【1318885】，返回信息 {"status":"ok","msg":"山东-潍坊","gid":"209491","time_insert":"2021-07-06 22:38"}
2024-12-07 00:09:08 查询号码 【1318885】，GSD为【"山东-潍坊"】

2024-12-07 00:09:09 开始第 8887 次操作

2024-12-07 00:09:09 开始操作号码 【1318886】
2024-12-07 00:09:11 GSD getOne 第 1 次 等待 3 秒
2024-12-07 00:09:14 查询号码 【1318886】，返回信息 {"status":"ok","msg":"山东-潍坊","gid":"209481","time_insert":"2021-07-06 22:37"}
2024-12-07 00:09:14 查询号码 【1318886】，GSD为【"山东-潍坊"】

2024-12-07 00:09:15 开始第 8888 次操作

2024-12-07 00:09:15 开始操作号码 【1318887】
2024-12-07 00:09:16 GSD getOne 第 1 次 等待 3 秒
2024-12-07 00:09:19 查询号码 【1318887】，返回信息 {"status":"ok","msg":"山东-济南","gid":"209250","time_insert":"2021-07-06 21:51"}
2024-12-07 00:09:19 查询号码 【1318887】，GSD为【"山东-济南"】

2024-12-07 00:42:48 开始第 8889 次操作

2024-12-07 00:42:48 开始操作号码 【1318888】
2024-12-07 00:42:50 GSD getOne 第 1 次 等待 3 秒
2024-12-07 00:42:53 查询号码 【1318888】，返回信息 {"status":"ok","msg":"山东-济南","gid":"209241","time_insert":"2021-07-06 21:51"}
2024-12-07 00:42:53 查询号码 【1318888】，GSD为【"山东-济南"】

2024-12-07 00:42:54 开始第 8890 次操作

2024-12-07 00:42:54 开始操作号码 【1318889】
2024-12-07 00:42:55 GSD getOne 第 1 次 等待 3 秒
2024-12-07 00:42:58 查询号码 【1318889】，返回信息 {"status":"ok","msg":"山东-济南","gid":"209237","time_insert":"2021-07-06 21:50"}
2024-12-07 00:42:58 查询号码 【1318889】，GSD为【"山东-济南"】

2024-12-07 00:42:59 开始第 8891 次操作

2024-12-07 00:42:59 开始操作号码 【1318890】
2024-12-07 00:43:00 GSD getOne 第 1 次 等待 3 秒
2024-12-07 00:43:03 查询号码 【1318890】，返回信息 {"status":"ok","msg":"山东-滨州","gid":"209228","time_insert":"2021-07-06 21:50"}
2024-12-07 00:43:03 查询号码 【1318890】，GSD为【"山东-滨州"】

2024-12-07 00:43:04 开始第 8892 次操作

2024-12-07 00:43:04 开始操作号码 【1318891】
2024-12-07 00:43:05 GSD getOne 第 1 次 等待 3 秒
2024-12-07 00:43:08 查询号码 【1318891】，返回信息 {"status":"ok","msg":"山东-滨州","gid":"209223","time_insert":"2021-07-06 21:49"}
2024-12-07 00:43:08 查询号码 【1318891】，GSD为【"山东-滨州"】

