2024-11-30 00:09:06 开始第 7661 次操作

2024-11-30 00:09:07 开始操作号码 【1317660】
2024-11-30 00:09:08 GSD getOne 第 1 次 等待 3 秒
2024-11-30 00:09:11 查询号码 【1317660】，返回信息 {"status":"ok","msg":"山东-东营","gid":"222379","time_insert":"2021-07-08 12:52"}
2024-11-30 00:09:11 查询号码 【1317660】，GSD为【"山东-东营"】

2024-11-30 00:09:12 开始第 7662 次操作

2024-11-30 00:09:12 开始操作号码 【1317661】
2024-11-30 00:09:13 GSD getOne 第 1 次 等待 3 秒
2024-11-30 00:09:16 查询号码 【1317661】，返回信息 {"status":"ok","msg":"山东-东营","gid":"222375","time_insert":"2021-07-08 12:52"}
2024-11-30 00:09:16 查询号码 【1317661】，GSD为【"山东-东营"】

2024-11-30 00:09:17 开始第 7663 次操作

2024-11-30 00:09:17 开始操作号码 【1317662】
2024-11-30 00:09:18 GSD getOne 第 1 次 等待 3 秒
2024-11-30 00:09:21 查询号码 【1317662】，返回信息 {"status":"ok","msg":"山东-东营","gid":"222372","time_insert":"2021-07-08 12:51"}
2024-11-30 00:09:21 查询号码 【1317662】，GSD为【"山东-东营"】

2024-11-30 00:09:22 开始第 7664 次操作

2024-11-30 00:09:22 开始操作号码 【1317663】
2024-11-30 00:09:23 GSD getOne 第 1 次 等待 3 秒
2024-11-30 00:09:26 查询号码 【1317663】，返回信息 {"status":"ok","msg":"山东-东营","gid":"222368","time_insert":"2021-07-08 12:51"}
2024-11-30 00:09:26 查询号码 【1317663】，GSD为【"山东-东营"】

2024-11-30 00:42:43 开始第 7665 次操作

2024-11-30 00:42:43 开始操作号码 【1317664】
2024-11-30 00:42:44 GSD getOne 第 1 次 等待 3 秒
2024-11-30 00:42:47 查询号码 【1317664】，返回信息 {"status":"ok","msg":"山东-东营","gid":"222363","time_insert":"2021-07-08 12:51"}
2024-11-30 00:42:47 查询号码 【1317664】，GSD为【"山东-东营"】

2024-11-30 00:42:49 开始第 7666 次操作

2024-11-30 00:42:49 开始操作号码 【1317665】
2024-11-30 00:42:50 GSD getOne 第 1 次 等待 3 秒
2024-11-30 00:42:53 查询号码 【1317665】，返回信息 {"status":"ok","msg":"山东-济南","gid":"222360","time_insert":"2021-07-08 12:50"}
2024-11-30 00:42:53 查询号码 【1317665】，GSD为【"山东-济南"】

2024-11-30 00:42:54 开始第 7667 次操作

2024-11-30 00:42:54 开始操作号码 【1317666】
2024-11-30 00:42:55 GSD getOne 第 1 次 等待 3 秒
2024-11-30 00:42:58 查询号码 【1317666】，返回信息 {"status":"ok","msg":"山东-济南","gid":"222359","time_insert":"2021-07-08 12:50"}
2024-11-30 00:42:58 查询号码 【1317666】，GSD为【"山东-济南"】

2024-11-30 00:43:00 开始第 7668 次操作

2024-11-30 00:43:00 开始操作号码 【1317667】
2024-11-30 00:43:01 GSD getOne 第 1 次 等待 3 秒
2024-11-30 00:43:04 查询号码 【1317667】，返回信息 {"status":"ok","msg":"山东-济南","gid":"222253","time_insert":"2021-07-08 12:08"}
2024-11-30 00:43:04 查询号码 【1317667】，GSD为【"山东-济南"】

2024-11-30 01:06:51 开始第 7669 次操作

2024-11-30 01:06:51 开始操作号码 【1317668】
2024-11-30 01:06:53 GSD getOne 第 1 次 等待 3 秒
2024-11-30 01:06:56 查询号码 【1317668】，返回信息 {"status":"ok","msg":"山东-济南","gid":"222247","time_insert":"2021-07-08 12:08"}
2024-11-30 01:06:56 查询号码 【1317668】，GSD为【"山东-济南"】

2024-11-30 01:06:57 开始第 7670 次操作

2024-11-30 01:06:57 开始操作号码 【1317669】
2024-11-30 01:06:58 GSD getOne 第 1 次 等待 3 秒
2024-11-30 01:07:01 查询号码 【1317669】，返回信息 {"status":"ok","msg":"山东-济南","gid":"222240","time_insert":"2021-07-08 12:07"}
2024-11-30 01:07:01 查询号码 【1317669】，GSD为【"山东-济南"】

2024-11-30 01:07:02 开始第 7671 次操作

2024-11-30 01:07:02 开始操作号码 【1317670】
2024-11-30 01:07:03 GSD getOne 第 1 次 等待 3 秒
2024-11-30 01:07:06 查询号码 【1317670】，返回信息 {"status":"ok","msg":"山东-潍坊","gid":"222233","time_insert":"2021-07-08 12:06"}
2024-11-30 01:07:06 查询号码 【1317670】，GSD为【"山东-潍坊"】

2024-11-30 01:07:07 开始第 7672 次操作

2024-11-30 01:07:07 开始操作号码 【1317671】
2024-11-30 01:07:08 GSD getOne 第 1 次 等待 3 秒
2024-11-30 01:07:11 查询号码 【1317671】，返回信息 {"status":"ok","msg":"山东-潍坊","gid":"222226","time_insert":"2021-07-08 12:05"}
2024-11-30 01:07:11 查询号码 【1317671】，GSD为【"山东-潍坊"】

