2024-03-12 00:19:38 开始第 8369 次操作

2024-03-12 00:19:38 开始操作号码 【1728288】
2024-03-12 00:19:43 GSD getOne 第 1 次 等待 3 秒
2024-03-12 00:19:46 查询号码 【1728288】，返回信息 {"status":"ok","msg":"广东-东莞","gid":"336284","time_insert":"2021-07-20 12:00","time_update":"2023-05-29 09:56"}
2024-03-12 00:19:46 查询号码 【1728288】，GSD为【"广东-东莞"】

2024-03-12 00:19:47 开始第 8370 次操作

2024-03-12 00:19:47 开始操作号码 【1728289】
2024-03-12 00:19:53 GSD getOne 第 1 次 等待 3 秒
2024-03-12 00:19:56 查询号码 【1728289】，返回信息 {"status":"ok","msg":"-","gid":"336290","time_insert":"2021-07-20 12:01"}
2024-03-12 00:19:56 查询号码 【1728289】，GSD为【"-"】
2024-03-12 00:19:56 ok && -
2024-03-12 00:19:58 CHB 1728289?1710173996 第 1 次 等待 3 秒
2024-03-12 00:20:01 CHB 1728289?1710173996 第 1 次 获取到号码【1728289】GSD
2024-03-12 00:20:01 未获取到号码【1728289】GSD，可能号码格式错误
2024-03-12 00:20:01 获取到号码【1728289】的GSD为【-】
2024-03-12 00:20:06 GSD insert 第 1 次 等待 3 秒
2024-03-12 00:20:09 {"status":"bad","gid":"336290","msg":"添加失败！号码【1728289(-|-)】已存在！"}
2024-03-12 00:20:09 随机等待 131 秒，约 2 分钟
2024-03-12 00:20:09 下次操作: 2024-03-12 00:22:20

2024-03-12 00:22:20 开始第 8371 次操作

2024-03-12 00:22:20 开始操作号码 【1728290】
2024-03-12 00:22:24 GSD getOne 第 1 次 等待 3 秒
2024-03-12 00:22:27 查询号码 【1728290】，返回信息 {"status":"ok","msg":"-","gid":"336301","time_insert":"2021-07-20 12:01"}
2024-03-12 00:22:27 查询号码 【1728290】，GSD为【"-"】
2024-03-12 00:22:27 ok && -
2024-03-12 00:22:29 CHB 1728290?1710174147 第 1 次 等待 3 秒
2024-03-12 00:22:32 CHB 1728290?1710174147 第 1 次 获取到号码【1728290】GSD
2024-03-12 00:22:32 未获取到号码【1728290】GSD，可能号码格式错误
2024-03-12 00:22:32 获取到号码【1728290】的GSD为【-】
2024-03-12 00:22:37 GSD insert 第 1 次 等待 3 秒
2024-03-12 00:22:40 {"status":"bad","gid":"336301","msg":"添加失败！号码【1728290(-|-)】已存在！"}
2024-03-12 00:22:40 随机等待 209 秒，约 3 分钟
2024-03-12 00:22:40 下次操作: 2024-03-12 00:26:09

2024-03-12 00:26:09 开始第 8372 次操作

2024-03-12 00:26:09 开始操作号码 【1728291】
2024-03-12 00:26:13 GSD getOne 第 1 次 等待 3 秒
2024-03-12 00:26:16 查询号码 【1728291】，返回信息 {"status":"ok","msg":"-","gid":"336307","time_insert":"2021-07-20 12:02"}
2024-03-12 00:26:16 查询号码 【1728291】，GSD为【"-"】
2024-03-12 00:26:16 ok && -
2024-03-12 00:26:18 CHB 1728291?1710174376 第 1 次 等待 3 秒
2024-03-12 00:26:21 CHB 1728291?1710174376 第 1 次 获取到号码【1728291】GSD
2024-03-12 00:26:21 未获取到号码【1728291】GSD，可能号码格式错误
2024-03-12 00:26:21 获取到号码【1728291】的GSD为【-】
2024-03-12 00:26:25 GSD insert 第 1 次 等待 3 秒
2024-03-12 00:26:28 {"status":"bad","gid":"336307","msg":"添加失败！号码【1728291(-|-)】已存在！"}

