2023-12-10 00:19:33 开始第 2313 次操作

2023-12-10 00:19:33 开始操作号码 【1832232】
2023-12-10 00:19:37 GSD getOne 第 1 次 等待 3 秒
2023-12-10 00:19:40 查询号码 【1832232】，返回信息 {"status":"ok","msg":"天津-天津","gid":"296002","time_insert":"2021-07-16 19:20"}
2023-12-10 00:19:40 查询号码 【1832232】，GSD为【"天津-天津"】

2023-12-10 00:19:41 开始第 2314 次操作

2023-12-10 00:19:41 开始操作号码 【1832233】
2023-12-10 00:19:45 GSD getOne 第 1 次 等待 3 秒
2023-12-10 00:19:48 查询号码 【1832233】，返回信息 {"status":"ok","msg":"天津-天津","gid":"296004","time_insert":"2021-07-16 19:21"}
2023-12-10 00:19:49 查询号码 【1832233】，GSD为【"天津-天津"】

2023-12-10 00:19:50 开始第 2315 次操作

2023-12-10 00:19:50 开始操作号码 【1832234】
2023-12-10 00:19:56 GSD getOne 第 1 次 等待 3 秒
2023-12-10 00:19:59 查询号码 【1832234】，返回信息 {"status":"ok","msg":"天津-天津","gid":"296007","time_insert":"2021-07-16 19:22"}
2023-12-10 00:19:59 查询号码 【1832234】，GSD为【"天津-天津"】

2023-12-10 00:20:00 开始第 2316 次操作

2023-12-10 00:20:00 开始操作号码 【1832235】
2023-12-10 00:20:04 GSD getOne 第 1 次 等待 3 秒
2023-12-10 00:20:07 查询号码 【1832235】，返回信息 {"status":"ok","msg":"天津-天津","gid":"296012","time_insert":"2021-07-16 19:23"}
2023-12-10 00:20:07 查询号码 【1832235】，GSD为【"天津-天津"】

