2023-12-03 00:19:10 开始第 1073 次操作

2023-12-03 00:19:10 开始操作号码 【1830992】
2023-12-03 00:19:15 GSD getOne 第 1 次 等待 3 秒
2023-12-03 00:19:18 查询号码 【1830992】，返回信息 {"status":"ok","msg":"新疆-奎屯","gid":"284760","time_insert":"2021-07-15 15:12","time_update":"2021-08-08 17:15"}
2023-12-03 00:19:18 查询号码 【1830992】，GSD为【"新疆-奎屯"】

2023-12-03 00:19:19 开始第 1074 次操作

2023-12-03 00:19:19 开始操作号码 【1830993】
2023-12-03 00:19:25 GSD getOne 第 1 次 等待 3 秒
2023-12-03 00:19:28 查询号码 【1830993】，返回信息 {"status":"ok","msg":"新疆-石河子","gid":"284767","time_insert":"2021-07-15 15:13","time_update":"2021-08-08 17:26"}
2023-12-03 00:19:28 查询号码 【1830993】，GSD为【"新疆-石河子"】

2023-12-03 00:19:29 开始第 1075 次操作

2023-12-03 00:19:29 开始操作号码 【1830994】
2023-12-03 00:19:32 GSD getOne 第 1 次 等待 3 秒
2023-12-03 00:19:35 查询号码 【1830994】，返回信息 {"status":"ok","msg":"新疆-昌吉","gid":"284772","time_insert":"2021-07-15 15:14","time_update":"2021-08-08 17:39"}
2023-12-03 00:19:36 查询号码 【1830994】，GSD为【"新疆-昌吉"】

2023-12-03 00:19:37 开始第 1076 次操作

2023-12-03 00:19:37 开始操作号码 【1830995】
2023-12-03 00:19:40 GSD getOne 第 1 次 等待 3 秒
2023-12-03 00:19:43 查询号码 【1830995】，返回信息 {"status":"ok","msg":"新疆-吐鲁番","gid":"284780","time_insert":"2021-07-15 15:15","time_update":"2021-08-08 17:51"}
2023-12-03 00:19:43 查询号码 【1830995】，GSD为【"新疆-吐鲁番"】

2023-12-03 00:37:59 开始第 1077 次操作

2023-12-03 00:37:59 开始操作号码 【1830996】
2023-12-03 00:38:06 GSD getOne 第 1 次 等待 3 秒
2023-12-03 00:38:09 查询号码 【1830996】，返回信息 {"status":"ok","msg":"新疆-库尔勒","gid":"284787","time_insert":"2021-07-15 15:16","time_update":"2021-08-08 17:47"}
2023-12-03 00:38:09 查询号码 【1830996】，GSD为【"新疆-库尔勒"】

2023-12-03 00:38:10 开始第 1078 次操作

2023-12-03 00:38:10 开始操作号码 【1830997】
2023-12-03 00:38:16 GSD getOne 第 1 次 等待 3 秒
2023-12-03 00:38:19 查询号码 【1830997】，返回信息 {"status":"ok","msg":"新疆-阿克苏","gid":"37144","time_insert":"2016-08-13 16:22","time_update":"2020-12-24 02:03"}
2023-12-03 00:38:19 查询号码 【1830997】，GSD为【"新疆-阿克苏"】

2023-12-03 00:38:20 开始第 1079 次操作

2023-12-03 00:38:20 开始操作号码 【1830998】
2023-12-03 00:38:25 GSD getOne 第 1 次 等待 3 秒
2023-12-03 00:38:28 查询号码 【1830998】，返回信息 {"status":"ok","msg":"新疆-喀什","gid":"284796","time_insert":"2021-07-15 15:17","time_update":"2021-08-08 18:03"}
2023-12-03 00:38:28 查询号码 【1830998】，GSD为【"新疆-喀什"】

2023-12-03 00:38:29 开始第 1080 次操作

2023-12-03 00:38:29 开始操作号码 【1830999】
2023-12-03 00:38:34 GSD getOne 第 1 次 等待 3 秒
2023-12-03 00:38:37 查询号码 【1830999】，返回信息 {"status":"ok","msg":"新疆-伊犁","gid":"284802","time_insert":"2021-07-15 15:18","time_update":"2021-08-08 18:14"}
2023-12-03 00:38:37 查询号码 【1830999】，GSD为【"新疆-伊犁"】

