2024-01-16 00:21:46 开始第 8893 次操作

2024-01-16 00:21:46 开始操作号码 【1838812】
2024-01-16 00:21:51 GSD getOne 第 1 次 等待 3 秒
2024-01-16 00:21:54 查询号码 【1838812】，返回信息 {"status":"ok","msg":"云南-昆明","gid":"38817","time_insert":"2017-11-14 16:34","time_update":"2021-06-17 02:47"}
2024-01-16 00:21:54 查询号码 【1838812】，GSD为【"云南-昆明"】

2024-01-16 00:21:55 开始第 8894 次操作

2024-01-16 00:21:55 开始操作号码 【1838813】
2024-01-16 00:21:59 GSD getOne 第 1 次 等待 3 秒
2024-01-16 00:22:02 查询号码 【1838813】，返回信息 {"status":"ok","msg":"云南-昆明","gid":"38818","time_insert":"2018-09-01 12:09","time_update":"2021-05-06 23:56"}
2024-01-16 00:22:02 查询号码 【1838813】，GSD为【"云南-昆明"】

2024-01-16 00:22:03 开始第 8895 次操作

2024-01-16 00:22:03 开始操作号码 【1838814】
2024-01-16 00:22:07 GSD getOne 第 1 次 等待 3 秒
2024-01-16 00:22:10 查询号码 【1838814】，返回信息 {"status":"ok","msg":"云南-昆明","gid":"357092","time_insert":"2021-07-22 17:21"}
2024-01-16 00:22:10 查询号码 【1838814】，GSD为【"云南-昆明"】

2024-01-16 00:22:11 开始第 8896 次操作

2024-01-16 00:22:11 开始操作号码 【1838815】
2024-01-16 00:22:15 GSD getOne 第 1 次 等待 3 秒
2024-01-16 00:22:18 查询号码 【1838815】，返回信息 {"status":"ok","msg":"云南-昆明","gid":"38819","time_insert":"2018-07-08 07:21","time_update":"2021-06-17 03:01"}
2024-01-16 00:22:18 查询号码 【1838815】，GSD为【"云南-昆明"】

2024-01-16 00:41:45 开始第 8897 次操作

2024-01-16 00:41:45 开始操作号码 【1838816】
2024-01-16 00:41:49 GSD getOne 第 1 次 等待 3 秒
2024-01-16 00:41:52 查询号码 【1838816】，返回信息 {"status":"ok","msg":"云南-昆明","gid":"38820","time_insert":"2017-06-23 17:12","time_update":"2021-06-17 03:17"}
2024-01-16 00:41:52 查询号码 【1838816】，GSD为【"云南-昆明"】

2024-01-16 00:41:53 开始第 8898 次操作

2024-01-16 00:41:53 开始操作号码 【1838817】
2024-01-16 00:41:56 GSD getOne 第 1 次 等待 3 秒
2024-01-16 00:41:59 查询号码 【1838817】，返回信息 {"status":"ok","msg":"云南-昆明","gid":"50437","time_insert":"2021-04-21 16:35"}
2024-01-16 00:41:59 查询号码 【1838817】，GSD为【"云南-昆明"】

2024-01-16 00:42:00 开始第 8899 次操作

2024-01-16 00:42:00 开始操作号码 【1838818】
2024-01-16 00:42:04 GSD getOne 第 1 次 等待 3 秒
2024-01-16 00:42:07 查询号码 【1838818】，返回信息 {"status":"ok","msg":"云南-昆明","gid":"38821","time_insert":"2020-07-24 13:08","time_update":"2021-06-17 03:32"}
2024-01-16 00:42:08 查询号码 【1838818】，GSD为【"云南-昆明"】

2024-01-16 00:42:09 开始第 8900 次操作

2024-01-16 00:42:09 开始操作号码 【1838819】
2024-01-16 00:42:29 GSD getOne 第 1 次 等待 3 秒
2024-01-16 00:42:32 查询号码 【1838819】，返回信息 {"status":"ok","msg":"云南-昆明","gid":"38822","time_insert":"2016-10-12 15:25","time_update":"2020-12-05 17:13"}
2024-01-16 00:42:32 查询号码 【1838819】，GSD为【"云南-昆明"】

