2023-12-15 00:18:38 开始第 3197 次操作

2023-12-15 00:18:38 开始操作号码 【1833116】
2023-12-15 00:18:43 GSD getOne 第 1 次 等待 3 秒
2023-12-15 00:18:46 查询号码 【1833116】，返回信息 {"status":"ok","msg":"河北-保定","gid":"302664","time_insert":"2021-07-17 11:51"}
2023-12-15 00:18:46 查询号码 【1833116】，GSD为【"河北-保定"】

2023-12-15 00:18:47 开始第 3198 次操作

2023-12-15 00:18:47 开始操作号码 【1833117】
2023-12-15 00:18:50 GSD getOne 第 1 次 等待 3 秒
2023-12-15 00:18:53 查询号码 【1833117】，返回信息 {"status":"ok","msg":"河北-保定","gid":"302669","time_insert":"2021-07-17 11:51"}
2023-12-15 00:18:54 查询号码 【1833117】，GSD为【"河北-保定"】

2023-12-15 00:18:55 开始第 3199 次操作

2023-12-15 00:18:55 开始操作号码 【1833118】
2023-12-15 00:18:59 GSD getOne 第 1 次 等待 3 秒
2023-12-15 00:19:02 查询号码 【1833118】，返回信息 {"status":"ok","msg":"河北-保定","gid":"302678","time_insert":"2021-07-17 11:52"}
2023-12-15 00:19:02 查询号码 【1833118】，GSD为【"河北-保定"】

2023-12-15 00:19:03 开始第 3200 次操作

2023-12-15 00:19:03 开始操作号码 【1833119】
2023-12-15 00:19:06 GSD getOne 第 1 次 等待 3 秒
2023-12-15 00:19:09 查询号码 【1833119】，返回信息 {"status":"ok","msg":"河北-保定","gid":"302686","time_insert":"2021-07-17 11:53"}
2023-12-15 00:19:09 查询号码 【1833119】，GSD为【"河北-保定"】

