2023-10-07 00:20:55 开始第 1881 次操作

2023-10-07 00:20:55 开始操作号码 【1931880】
2023-10-07 00:20:58 GSD getOne 第 1 次 等待 3 秒
2023-10-07 00:21:01 查询号码 【1931880】，返回信息 {"status":"ok","msg":"江西-抚州","gid":"507301","time_insert":"2021-08-13 07:10","time_update":"2023-06-09 14:18"}
2023-10-07 00:21:01 查询号码 【1931880】，GSD为【"江西-抚州"】

2023-10-07 00:21:02 开始第 1882 次操作

2023-10-07 00:21:02 开始操作号码 【1931881】
2023-10-07 00:21:05 GSD getOne 第 1 次 等待 3 秒
2023-10-07 00:21:08 查询号码 【1931881】，返回信息 {"status":"ok","msg":"江西-抚州","gid":"507318","time_insert":"2021-08-13 07:22","time_update":"2023-06-09 14:21"}
2023-10-07 00:21:08 查询号码 【1931881】，GSD为【"江西-抚州"】

2023-10-07 00:21:09 开始第 1883 次操作

2023-10-07 00:21:09 开始操作号码 【1931882】
2023-10-07 00:21:16 GSD getOne 第 1 次 等待 3 秒
2023-10-07 00:21:19 查询号码 【1931882】，返回信息 {"status":"ok","msg":"江西-宜春","gid":"507332","time_insert":"2021-08-13 07:33","time_update":"2023-06-09 14:26"}
2023-10-07 00:21:19 查询号码 【1931882】，GSD为【"江西-宜春"】

2023-10-07 00:21:20 开始第 1884 次操作

2023-10-07 00:21:20 开始操作号码 【1931883】
2023-10-07 00:21:25 GSD getOne 第 1 次 等待 3 秒
2023-10-07 00:21:28 查询号码 【1931883】，返回信息 {"status":"ok","msg":"江西-宜春","gid":"507350","time_insert":"2021-08-13 07:46","time_update":"2023-06-09 14:28"}
2023-10-07 00:21:28 查询号码 【1931883】，GSD为【"江西-宜春"】

2023-10-07 00:40:29 开始第 1885 次操作

2023-10-07 00:40:29 开始操作号码 【1931884】
2023-10-07 00:40:33 GSD getOne 第 1 次 等待 3 秒
2023-10-07 00:40:36 查询号码 【1931884】，返回信息 {"status":"ok","msg":"江西-抚州","gid":"507368","time_insert":"2021-08-13 07:59","time_update":"2023-06-09 14:36"}
2023-10-07 00:40:36 查询号码 【1931884】，GSD为【"江西-抚州"】

2023-10-07 00:40:37 开始第 1886 次操作

2023-10-07 00:40:37 开始操作号码 【1931885】
2023-10-07 00:40:41 GSD getOne 第 1 次 等待 3 秒
2023-10-07 00:40:44 查询号码 【1931885】，返回信息 {"status":"ok","msg":"江西-宜春","gid":"507383","time_insert":"2021-08-13 08:11","time_update":"2023-06-09 14:40"}
2023-10-07 00:40:44 查询号码 【1931885】，GSD为【"江西-宜春"】

2023-10-07 00:40:45 开始第 1887 次操作

2023-10-07 00:40:45 开始操作号码 【1931886】
2023-10-07 00:40:48 GSD getOne 第 1 次 等待 3 秒
2023-10-07 00:40:51 查询号码 【1931886】，返回信息 {"status":"ok","msg":"江西-宜春","gid":"507401","time_insert":"2021-08-13 08:24","time_update":"2023-06-09 14:44"}
2023-10-07 00:40:51 查询号码 【1931886】，GSD为【"江西-宜春"】

2023-10-07 00:40:53 开始第 1888 次操作

2023-10-07 00:40:53 开始操作号码 【1931887】
2023-10-07 00:40:56 GSD getOne 第 1 次 等待 3 秒
2023-10-07 00:40:59 查询号码 【1931887】，返回信息 {"status":"ok","msg":"江西-宜春","gid":"507416","time_insert":"2021-08-13 08:35","time_update":"2023-06-09 14:46"}
2023-10-07 00:40:59 查询号码 【1931887】，GSD为【"江西-宜春"】

2023-10-07 01:14:10 开始第 1889 次操作

2023-10-07 01:14:10 开始操作号码 【1931888】
2023-10-07 01:14:13 GSD getOne 第 1 次 等待 3 秒
2023-10-07 01:14:16 查询号码 【1931888】，返回信息 {"status":"ok","msg":"江西-宜春","gid":"507435","time_insert":"2021-08-13 08:46","time_update":"2023-06-09 15:13"}
2023-10-07 01:14:16 查询号码 【1931888】，GSD为【"江西-宜春"】

2023-10-07 01:14:17 开始第 1890 次操作

2023-10-07 01:14:17 开始操作号码 【1931889】
2023-10-07 01:14:20 GSD getOne 第 1 次 等待 3 秒
2023-10-07 01:14:23 查询号码 【1931889】，返回信息 {"status":"ok","msg":"江西-吉安","gid":"507454","time_insert":"2021-08-13 09:00","time_update":"2023-06-09 15:15"}
2023-10-07 01:14:23 查询号码 【1931889】，GSD为【"江西-吉安"】

2023-10-07 01:14:24 开始第 1891 次操作

2023-10-07 01:14:24 开始操作号码 【1931890】
2023-10-07 01:14:27 GSD getOne 第 1 次 等待 3 秒
2023-10-07 01:14:30 查询号码 【1931890】，返回信息 {"status":"ok","msg":"江西-吉安","gid":"507469","time_insert":"2021-08-13 09:11","time_update":"2023-06-09 15:17"}
2023-10-07 01:14:30 查询号码 【1931890】，GSD为【"江西-吉安"】

2023-10-07 01:14:31 开始第 1892 次操作

2023-10-07 01:14:31 开始操作号码 【1931891】
2023-10-07 01:14:37 GSD getOne 第 1 次 等待 3 秒
2023-10-07 01:14:40 查询号码 【1931891】，返回信息 {"status":"ok","msg":"江西-吉安","gid":"507489","time_insert":"2021-08-13 09:24","time_update":"2023-06-09 15:19"}
2023-10-07 01:14:40 查询号码 【1931891】，GSD为【"江西-吉安"】

