2024-07-05 00:21:34 开始第 4241 次操作

2024-07-05 00:21:34 开始操作号码 【1504150】
2024-07-05 00:21:42 GSD getOne 第 1 次 等待 3 秒
2024-07-05 00:21:45 查询号码 【1504150】，返回信息 {"status":"ok","msg":"辽宁-丹东","gid":"243073","time_insert":"2021-07-10 22:31"}
2024-07-05 00:21:45 查询号码 【1504150】，GSD为【"辽宁-丹东"】

2024-07-05 00:21:46 开始第 4242 次操作

2024-07-05 00:21:46 开始操作号码 【1504151】
2024-07-05 00:21:54 GSD getOne 第 1 次 等待 3 秒
2024-07-05 00:21:57 查询号码 【1504151】，返回信息 {"status":"ok","msg":"辽宁-丹东","gid":"15602","time_insert":"2017-02-07 08:36","time_update":"2020-08-20 17:28"}
2024-07-05 00:21:57 查询号码 【1504151】，GSD为【"辽宁-丹东"】

2024-07-05 00:21:58 开始第 4243 次操作

2024-07-05 00:21:58 开始操作号码 【1504152】
2024-07-05 00:22:06 GSD getOne 第 1 次 等待 3 秒
2024-07-05 00:22:09 查询号码 【1504152】，返回信息 {"status":"ok","msg":"辽宁-丹东","gid":"243236","time_insert":"2021-07-10 22:45"}
2024-07-05 00:22:09 查询号码 【1504152】，GSD为【"辽宁-丹东"】

2024-07-05 00:22:10 开始第 4244 次操作

2024-07-05 00:22:10 开始操作号码 【1504153】
2024-07-05 00:22:19 GSD getOne 第 1 次 等待 3 秒
2024-07-05 00:22:22 查询号码 【1504153】，返回信息 {"status":"ok","msg":"辽宁-丹东","gid":"243329","time_insert":"2021-07-10 22:58"}
2024-07-05 00:22:22 查询号码 【1504153】，GSD为【"辽宁-丹东"】

2024-07-05 00:40:18 开始第 4245 次操作

2024-07-05 00:40:18 开始操作号码 【1504154】
2024-07-05 00:40:27 GSD getOne 第 1 次 等待 3 秒
2024-07-05 00:40:30 查询号码 【1504154】，返回信息 {"status":"ok","msg":"辽宁-丹东","gid":"243352","time_insert":"2021-07-10 23:09"}
2024-07-05 00:40:31 查询号码 【1504154】，GSD为【"辽宁-丹东"】

2024-07-05 00:40:32 开始第 4246 次操作

2024-07-05 00:40:32 开始操作号码 【1504155】
2024-07-05 00:40:41 GSD getOne 第 1 次 等待 3 秒
2024-07-05 00:40:44 查询号码 【1504155】，返回信息 {"status":"ok","msg":"辽宁-丹东","gid":"243373","time_insert":"2021-07-10 23:20"}
2024-07-05 00:40:45 查询号码 【1504155】，GSD为【"辽宁-丹东"】

2024-07-05 00:40:46 开始第 4247 次操作

2024-07-05 00:40:46 开始操作号码 【1504156】
2024-07-05 00:40:54 GSD getOne 第 1 次 等待 3 秒
2024-07-05 00:40:57 查询号码 【1504156】，返回信息 {"status":"ok","msg":"辽宁-丹东","gid":"50001","time_insert":"2021-04-21 14:51"}
2024-07-05 00:40:57 查询号码 【1504156】，GSD为【"辽宁-丹东"】

2024-07-05 00:40:58 开始第 4248 次操作

2024-07-05 00:40:58 开始操作号码 【1504157】
2024-07-05 00:41:10 GSD getOne 第 1 次 等待 3 秒
2024-07-05 00:41:13 查询号码 【1504157】，返回信息 {"status":"ok","msg":"辽宁-丹东","gid":"243400","time_insert":"2021-07-10 23:35"}
2024-07-05 00:41:13 查询号码 【1504157】，GSD为【"辽宁-丹东"】

