2024-05-18 00:20:46 开始第 9405 次操作

2024-05-18 00:20:46 开始操作号码 【1619315】
2024-05-18 00:20:56 GSD getOne 第 1 次 等待 3 秒
2024-05-18 00:20:59 查询号码 【1619315】，返回信息 {"status":"ok","msg":"-","gid":"690342","time_insert":"2023-05-03 05:28"}
2024-05-18 00:20:59 查询号码 【1619315】，GSD为【"-"】
2024-05-18 00:20:59 ok && -
2024-05-18 00:21:01 CHB 1619315?1715962859 第 1 次 等待 3 秒
2024-05-18 00:21:04 CHB 1619315?1715962859 第 1 次 获取到号码【1619315】GSD
2024-05-18 00:21:04 未获取到号码【1619315】GSD，可能号码格式错误
2024-05-18 00:21:04 获取到号码【1619315】的GSD为【-】
2024-05-18 00:21:10 GSD insert 第 1 次 等待 3 秒
2024-05-18 00:21:13 {"status":"bad","gid":"690342","msg":"添加失败！号码【1619315(-|-)】已存在！"}
2024-05-18 00:21:13 随机等待 160 秒，约 2 分钟
2024-05-18 00:21:13 下次操作: 2024-05-18 00:23:53

2024-05-18 00:23:53 开始第 9406 次操作

2024-05-18 00:23:53 开始操作号码 【1619316】
2024-05-18 00:23:58 GSD getOne 第 1 次 等待 3 秒
2024-05-18 00:24:01 查询号码 【1619316】，返回信息 {"status":"ok","msg":"-","gid":"690359","time_insert":"2023-05-03 05:46"}
2024-05-18 00:24:01 查询号码 【1619316】，GSD为【"-"】
2024-05-18 00:24:01 ok && -
2024-05-18 00:24:07 CHB 1619316?1715963041 第 1 次 等待 3 秒
2024-05-18 00:24:10 CHB 1619316?1715963041 第 1 次 获取到号码【1619316】GSD
2024-05-18 00:24:10 未获取到号码【1619316】GSD，可能号码格式错误
2024-05-18 00:24:10 获取到号码【1619316】的GSD为【-】
2024-05-18 00:24:15 GSD insert 第 1 次 等待 3 秒
2024-05-18 00:24:18 {"status":"bad","gid":"690359","msg":"添加失败！号码【1619316(-|-)】已存在！"}
2024-05-18 00:24:18 随机等待 214 秒，约 3 分钟
2024-05-18 00:24:18 下次操作: 2024-05-18 00:27:52

2024-05-18 00:27:52 开始第 9407 次操作

2024-05-18 00:27:52 开始操作号码 【1619317】
2024-05-18 00:28:00 GSD getOne 第 1 次 等待 3 秒
2024-05-18 00:28:03 查询号码 【1619317】，返回信息 {"status":"ok","msg":"-","gid":"690378","time_insert":"2023-05-03 06:06"}
2024-05-18 00:28:03 查询号码 【1619317】，GSD为【"-"】
2024-05-18 00:28:03 ok && -
2024-05-18 00:28:05 CHB 1619317?1715963283 第 1 次 等待 3 秒
2024-05-18 00:28:08 CHB 1619317?1715963283 第 1 次 获取到号码【1619317】GSD
2024-05-18 00:28:08 未获取到号码【1619317】GSD，可能号码格式错误
2024-05-18 00:28:08 获取到号码【1619317】的GSD为【-】
2024-05-18 00:28:13 GSD insert 第 1 次 等待 3 秒
2024-05-18 00:28:16 {"status":"bad","gid":"690378","msg":"添加失败！号码【1619317(-|-)】已存在！"}
2024-05-18 00:28:16 随机等待 181 秒，约 3 分钟
2024-05-18 00:28:16 下次操作: 2024-05-18 00:31:17

2024-05-18 00:31:17 开始第 9408 次操作

2024-05-18 00:31:17 开始操作号码 【1619318】
2024-05-18 00:31:24 GSD getOne 第 1 次 等待 3 秒
2024-05-18 00:31:27 查询号码 【1619318】，返回信息 {"status":"ok","msg":"-","gid":"690389","time_insert":"2023-05-03 06:21"}
2024-05-18 00:31:28 查询号码 【1619318】，GSD为【"-"】
2024-05-18 00:31:28 ok && -
2024-05-18 00:31:30 CHB 1619318?1715963488 第 1 次 等待 3 秒
2024-05-18 00:31:33 CHB 1619318?1715963488 第 1 次 获取到号码【1619318】GSD
2024-05-18 00:31:34 未获取到号码【1619318】GSD，可能号码格式错误
2024-05-18 00:31:34 获取到号码【1619318】的GSD为【-】
2024-05-18 00:31:38 GSD insert 第 1 次 等待 3 秒
2024-05-18 00:31:41 {"status":"bad","gid":"690389","msg":"添加失败！号码【1619318(-|-)】已存在！"}

