2023-11-18 00:24:02 开始第 9097 次操作

2023-11-18 00:24:02 开始操作号码 【1939015】
2023-11-18 00:24:06 GSD getOne 第 1 次 等待 3 秒
2023-11-18 00:24:09 查询号码 【1939015】，返回信息 {"status":"ok","msg":"新疆-阿勒泰","gid":"443917","time_insert":"2021-07-30 12:05"}
2023-11-18 00:24:09 查询号码 【1939015】，GSD为【"新疆-阿勒泰"】

2023-11-18 00:24:10 开始第 9098 次操作

2023-11-18 00:24:10 开始操作号码 【1939016】
2023-11-18 00:24:24 GSD getOne 第 1 次 等待 3 秒
2023-11-18 00:24:27 查询号码 【1939016】，返回信息 {"status":"ok","msg":"新疆-阿勒泰","gid":"443907","time_insert":"2021-07-30 12:05"}
2023-11-18 00:24:27 查询号码 【1939016】，GSD为【"新疆-阿勒泰"】

2023-11-18 00:24:28 开始第 9099 次操作

2023-11-18 00:24:28 开始操作号码 【1939017】
2023-11-18 00:24:38 GSD getOne 第 1 次 等待 3 秒
2023-11-18 00:24:41 查询号码 【1939017】，返回信息 {"status":"ok","msg":"新疆-阿克苏","gid":"443896","time_insert":"2021-07-30 12:04"}
2023-11-18 00:24:41 查询号码 【1939017】，GSD为【"新疆-阿克苏"】

2023-11-18 00:24:42 开始第 9100 次操作

2023-11-18 00:24:42 开始操作号码 【1939018】
2023-11-18 00:24:55 GSD getOne 第 1 次 等待 3 秒
2023-11-18 00:24:58 查询号码 【1939018】，返回信息 {"status":"ok","msg":"新疆-克孜勒苏","gid":"443886","time_insert":"2021-07-30 12:03"}
2023-11-18 00:24:58 查询号码 【1939018】，GSD为【"新疆-克孜勒苏"】

