2024-07-13 00:22:45 开始第 5649 次操作

2024-07-13 00:22:45 开始操作号码 【1505558】
2024-07-13 00:22:54 GSD getOne 第 1 次 等待 3 秒
2024-07-13 00:22:57 查询号码 【1505558】，返回信息 {"status":"ok","msg":"安徽-阜阳","gid":"355235","time_insert":"2021-07-22 12:51"}
2024-07-13 00:22:57 查询号码 【1505558】，GSD为【"安徽-阜阳"】

2024-07-13 00:22:58 开始第 5650 次操作

2024-07-13 00:22:58 开始操作号码 【1505559】
2024-07-13 00:23:07 GSD getOne 第 1 次 等待 3 秒
2024-07-13 00:23:10 查询号码 【1505559】，返回信息 {"status":"ok","msg":"安徽-阜阳","gid":"355350","time_insert":"2021-07-22 13:04"}
2024-07-13 00:23:10 查询号码 【1505559】，GSD为【"安徽-阜阳"】

2024-07-13 00:23:11 开始第 5651 次操作

2024-07-13 00:23:12 开始操作号码 【1505560】
2024-07-13 00:23:26 GSD getOne 第 1 次 等待 3 秒
2024-07-13 00:23:29 查询号码 【1505560】，返回信息 {"status":"ok","msg":"安徽-蚌埠","gid":"355493","time_insert":"2021-07-22 13:19"}
2024-07-13 00:23:29 查询号码 【1505560】，GSD为【"安徽-蚌埠"】

2024-07-13 00:23:30 开始第 5652 次操作

2024-07-13 00:23:30 开始操作号码 【1505561】
2024-07-13 00:23:41 GSD getOne 第 1 次 等待 3 秒
2024-07-13 00:23:44 查询号码 【1505561】，返回信息 {"status":"ok","msg":"安徽-蚌埠","gid":"15686","time_insert":"2014-02-21 17:37","time_update":"2021-05-25 15:29"}
2024-07-13 00:23:44 查询号码 【1505561】，GSD为【"安徽-蚌埠"】

2024-07-13 00:40:52 开始第 5653 次操作

2024-07-13 00:40:52 开始操作号码 【1505562】
2024-07-13 00:41:01 GSD getOne 第 1 次 等待 3 秒
2024-07-13 00:41:04 查询号码 【1505562】，返回信息 {"status":"ok","msg":"安徽-蚌埠","gid":"355584","time_insert":"2021-07-22 13:31"}
2024-07-13 00:41:04 查询号码 【1505562】，GSD为【"安徽-蚌埠"】

2024-07-13 00:41:05 开始第 5654 次操作

2024-07-13 00:41:05 开始操作号码 【1505563】
2024-07-13 00:41:13 GSD getOne 第 1 次 等待 3 秒
2024-07-13 00:41:16 查询号码 【1505563】，返回信息 {"status":"ok","msg":"安徽-安庆","gid":"355682","time_insert":"2021-07-22 13:43"}
2024-07-13 00:41:16 查询号码 【1505563】，GSD为【"安徽-安庆"】

2024-07-13 00:41:17 开始第 5655 次操作

2024-07-13 00:41:17 开始操作号码 【1505564】
2024-07-13 00:41:25 GSD getOne 第 1 次 等待 3 秒
2024-07-13 00:41:28 查询号码 【1505564】，返回信息 {"status":"ok","msg":"安徽-安庆","gid":"355770","time_insert":"2021-07-22 13:58"}
2024-07-13 00:41:28 查询号码 【1505564】，GSD为【"安徽-安庆"】

2024-07-13 00:41:29 开始第 5656 次操作

2024-07-13 00:41:29 开始操作号码 【1505565】
2024-07-13 00:41:38 GSD getOne 第 1 次 等待 3 秒
2024-07-13 00:41:41 查询号码 【1505565】，返回信息 {"status":"ok","msg":"安徽-安庆","gid":"355862","time_insert":"2021-07-22 14:12"}
2024-07-13 00:41:41 查询号码 【1505565】，GSD为【"安徽-安庆"】

