2024-01-06 00:19:53 开始第 7121 次操作

2024-01-06 00:19:53 开始操作号码 【1837040】
2024-01-06 00:19:57 GSD getOne 第 1 次 等待 3 秒
2024-01-06 00:20:00 查询号码 【1837040】，返回信息 {"status":"ok","msg":"江西-赣州","gid":"345595","time_insert":"2021-07-21 11:55"}
2024-01-06 00:20:00 查询号码 【1837040】，GSD为【"江西-赣州"】

2024-01-06 00:20:01 开始第 7122 次操作

2024-01-06 00:20:01 开始操作号码 【1837041】
2024-01-06 00:20:06 GSD getOne 第 1 次 等待 3 秒
2024-01-06 00:20:09 查询号码 【1837041】，返回信息 {"status":"ok","msg":"江西-赣州","gid":"345601","time_insert":"2021-07-21 11:56"}
2024-01-06 00:20:09 查询号码 【1837041】，GSD为【"江西-赣州"】

2024-01-06 00:20:10 开始第 7123 次操作

2024-01-06 00:20:10 开始操作号码 【1837042】
2024-01-06 00:20:14 GSD getOne 第 1 次 等待 3 秒
2024-01-06 00:20:17 查询号码 【1837042】，返回信息 {"status":"ok","msg":"江西-赣州","gid":"345608","time_insert":"2021-07-21 11:56"}
2024-01-06 00:20:17 查询号码 【1837042】，GSD为【"江西-赣州"】

2024-01-06 00:20:18 开始第 7124 次操作

2024-01-06 00:20:18 开始操作号码 【1837043】
2024-01-06 00:20:21 GSD getOne 第 1 次 等待 3 秒
2024-01-06 00:20:24 查询号码 【1837043】，返回信息 {"status":"ok","msg":"江西-赣州","gid":"345617","time_insert":"2021-07-21 11:57"}
2024-01-06 00:20:25 查询号码 【1837043】，GSD为【"江西-赣州"】

2024-01-06 00:40:12 开始第 7125 次操作

2024-01-06 00:40:12 开始操作号码 【1837044】
2024-01-06 00:40:15 GSD getOne 第 1 次 等待 3 秒
2024-01-06 00:40:18 查询号码 【1837044】，返回信息 {"status":"ok","msg":"江西-赣州","gid":"345622","time_insert":"2021-07-21 11:58"}
2024-01-06 00:40:18 查询号码 【1837044】，GSD为【"江西-赣州"】

2024-01-06 00:40:19 开始第 7126 次操作

2024-01-06 00:40:19 开始操作号码 【1837045】
2024-01-06 00:40:21 GSD getOne 第 1 次 等待 3 秒
2024-01-06 00:40:24 查询号码 【1837045】，返回信息 {"status":"ok","msg":"江西-赣州","gid":"345632","time_insert":"2021-07-21 11:59"}
2024-01-06 00:40:24 查询号码 【1837045】，GSD为【"江西-赣州"】

2024-01-06 00:40:25 开始第 7127 次操作

2024-01-06 00:40:25 开始操作号码 【1837046】
2024-01-06 00:40:29 GSD getOne 第 1 次 等待 3 秒
2024-01-06 00:40:32 查询号码 【1837046】，返回信息 {"status":"ok","msg":"江西-赣州","gid":"345640","time_insert":"2021-07-21 11:59"}
2024-01-06 00:40:32 查询号码 【1837046】，GSD为【"江西-赣州"】

2024-01-06 00:40:33 开始第 7128 次操作

2024-01-06 00:40:33 开始操作号码 【1837047】
2024-01-06 00:40:37 GSD getOne 第 1 次 等待 3 秒
2024-01-06 00:40:40 查询号码 【1837047】，返回信息 {"status":"ok","msg":"江西-赣州","gid":"38050","time_insert":"2018-06-04 16:18","time_update":"2020-09-08 17:39"}
2024-01-06 00:40:40 查询号码 【1837047】，GSD为【"江西-赣州"】

2024-01-06 01:16:14 开始第 7129 次操作

2024-01-06 01:16:14 开始操作号码 【1837048】
2024-01-06 01:16:18 GSD getOne 第 1 次 等待 3 秒
2024-01-06 01:16:21 查询号码 【1837048】，返回信息 {"status":"ok","msg":"江西-赣州","gid":"345652","time_insert":"2021-07-21 12:01"}
2024-01-06 01:16:21 查询号码 【1837048】，GSD为【"江西-赣州"】

2024-01-06 01:16:22 开始第 7130 次操作

2024-01-06 01:16:22 开始操作号码 【1837049】
2024-01-06 01:16:25 GSD getOne 第 1 次 等待 3 秒
2024-01-06 01:16:28 查询号码 【1837049】，返回信息 {"status":"ok","msg":"江西-赣州","gid":"345658","time_insert":"2021-07-21 12:01"}
2024-01-06 01:16:28 查询号码 【1837049】，GSD为【"江西-赣州"】

2024-01-06 01:16:29 开始第 7131 次操作

2024-01-06 01:16:29 开始操作号码 【1837050】
2024-01-06 01:16:32 GSD getOne 第 1 次 等待 3 秒
2024-01-06 01:16:35 查询号码 【1837050】，返回信息 {"status":"ok","msg":"江西-宜春","gid":"345665","time_insert":"2021-07-21 12:02"}
2024-01-06 01:16:35 查询号码 【1837050】，GSD为【"江西-宜春"】

2024-01-06 01:16:36 开始第 7132 次操作

2024-01-06 01:16:36 开始操作号码 【1837051】
2024-01-06 01:16:39 GSD getOne 第 1 次 等待 3 秒
2024-01-06 01:16:42 查询号码 【1837051】，返回信息 {"status":"ok","msg":"江西-宜春","gid":"345671","time_insert":"2021-07-21 12:02"}
2024-01-06 01:16:42 查询号码 【1837051】，GSD为【"江西-宜春"】

