2024-06-30 00:21:20 开始第 3361 次操作

2024-06-30 00:21:20 开始操作号码 【1503270】
2024-06-30 00:21:34 GSD getOne 第 1 次 等待 3 秒
2024-06-30 00:21:37 查询号码 【1503270】，返回信息 {"status":"ok","msg":"河北-石家庄","gid":"187559","time_insert":"2021-07-04 05:44"}
2024-06-30 00:21:37 查询号码 【1503270】，GSD为【"河北-石家庄"】

2024-06-30 00:21:38 开始第 3362 次操作

2024-06-30 00:21:38 开始操作号码 【1503271】
2024-06-30 00:21:54 GSD getOne 第 1 次 等待 3 秒
2024-06-30 00:21:57 查询号码 【1503271】，返回信息 {"status":"ok","msg":"河北-石家庄","gid":"187763","time_insert":"2021-07-04 05:54"}
2024-06-30 00:21:57 查询号码 【1503271】，GSD为【"河北-石家庄"】

2024-06-30 00:21:58 开始第 3363 次操作

2024-06-30 00:21:58 开始操作号码 【1503272】
2024-06-30 00:22:11 GSD getOne 第 1 次 等待 3 秒
2024-06-30 00:22:14 查询号码 【1503272】，返回信息 {"status":"ok","msg":"河北-石家庄","gid":"187845","time_insert":"2021-07-04 06:08"}
2024-06-30 00:22:15 查询号码 【1503272】，GSD为【"河北-石家庄"】

2024-06-30 00:22:16 开始第 3364 次操作

2024-06-30 00:22:16 开始操作号码 【1503273】
2024-06-30 00:22:29 GSD getOne 第 1 次 等待 3 秒
2024-06-30 00:22:32 查询号码 【1503273】，返回信息 {"status":"ok","msg":"河北-石家庄","gid":"187869","time_insert":"2021-07-04 06:21"}
2024-06-30 00:22:32 查询号码 【1503273】，GSD为【"河北-石家庄"】

