2024-02-19 00:19:12 开始第 4457 次操作

2024-02-19 00:19:12 开始操作号码 【1724376】
2024-02-19 00:19:18 GSD getOne 第 1 次 等待 3 秒
2024-02-19 00:19:21 查询号码 【1724376】，返回信息 {"status":"ok","msg":"广东-广州","gid":"289215","time_insert":"2021-07-16 02:01"}
2024-02-19 00:19:21 查询号码 【1724376】，GSD为【"广东-广州"】

2024-02-19 00:19:22 开始第 4458 次操作

2024-02-19 00:19:22 开始操作号码 【1724377】
2024-02-19 00:19:27 GSD getOne 第 1 次 等待 3 秒
2024-02-19 00:19:30 查询号码 【1724377】，返回信息 {"status":"ok","msg":"广东-广州","gid":"289227","time_insert":"2021-07-16 02:02"}
2024-02-19 00:19:30 查询号码 【1724377】，GSD为【"广东-广州"】

2024-02-19 00:19:31 开始第 4459 次操作

2024-02-19 00:19:31 开始操作号码 【1724378】
2024-02-19 00:19:39 GSD getOne 第 1 次 等待 3 秒
2024-02-19 00:19:42 查询号码 【1724378】，返回信息 {"status":"ok","msg":"广东-广州","gid":"289237","time_insert":"2021-07-16 02:03"}
2024-02-19 00:19:42 查询号码 【1724378】，GSD为【"广东-广州"】

2024-02-19 00:19:43 开始第 4460 次操作

2024-02-19 00:19:43 开始操作号码 【1724379】
2024-02-19 00:19:48 GSD getOne 第 1 次 等待 3 秒
2024-02-19 00:19:51 查询号码 【1724379】，返回信息 {"status":"ok","msg":"广东-广州","gid":"289247","time_insert":"2021-07-16 02:04"}
2024-02-19 00:19:51 查询号码 【1724379】，GSD为【"广东-广州"】

2024-02-19 00:37:56 开始第 4461 次操作

2024-02-19 00:37:56 开始操作号码 【1724380】
2024-02-19 00:38:00 GSD getOne 第 1 次 等待 3 秒
2024-02-19 00:38:03 查询号码 【1724380】，返回信息 {"status":"ok","msg":"广东-广州","gid":"289262","time_insert":"2021-07-16 02:05"}
2024-02-19 00:38:03 查询号码 【1724380】，GSD为【"广东-广州"】

2024-02-19 00:38:04 开始第 4462 次操作

2024-02-19 00:38:04 开始操作号码 【1724381】
2024-02-19 00:38:10 GSD getOne 第 1 次 等待 3 秒
2024-02-19 00:38:13 查询号码 【1724381】，返回信息 {"status":"ok","msg":"广东-广州","gid":"289275","time_insert":"2021-07-16 02:06"}
2024-02-19 00:38:13 查询号码 【1724381】，GSD为【"广东-广州"】

2024-02-19 00:38:14 开始第 4463 次操作

2024-02-19 00:38:14 开始操作号码 【1724382】
2024-02-19 00:38:23 GSD getOne 第 1 次 等待 3 秒
2024-02-19 00:38:26 查询号码 【1724382】，返回信息 {"status":"ok","msg":"广东-广州","gid":"289286","time_insert":"2021-07-16 02:06"}
2024-02-19 00:38:26 查询号码 【1724382】，GSD为【"广东-广州"】

2024-02-19 00:38:27 开始第 4464 次操作

2024-02-19 00:38:27 开始操作号码 【1724383】
2024-02-19 00:38:36 GSD getOne 第 1 次 等待 3 秒
2024-02-19 00:38:39 查询号码 【1724383】，返回信息 {"status":"ok","msg":"广东-广州","gid":"289295","time_insert":"2021-07-16 02:07"}
2024-02-19 00:38:39 查询号码 【1724383】，GSD为【"广东-广州"】

