2024-10-17 14:41:45 开始第 1 次操作

2024-10-17 14:41:45 开始操作号码 【1310000】
2024-10-17 14:41:46 GSD getOne 第 1 次 等待 3 秒
2024-10-17 14:41:49 查询号码 【1310000】，返回信息 {"status":"ok","msg":"山西-太原","gid":"48853","time_insert":"2021-04-09 15:31"}
2024-10-17 14:41:49 查询号码 【1310000】，GSD为【"山西-太原"】

2024-10-17 14:41:50 开始第 2 次操作

2024-10-17 14:41:50 开始操作号码 【1310001】
2024-10-17 14:41:51 GSD getOne 第 1 次 等待 3 秒
2024-10-17 14:41:54 查询号码 【1310001】，返回信息 {"status":"ok","msg":"山西-太原","gid":"48859","time_insert":"2021-04-09 15:48"}
2024-10-17 14:41:54 查询号码 【1310001】，GSD为【"山西-太原"】

2024-10-17 14:41:55 开始第 3 次操作

2024-10-17 14:41:55 开始操作号码 【1310002】
2024-10-17 14:41:56 GSD getOne 第 1 次 等待 3 秒
2024-10-17 14:41:59 查询号码 【1310002】，返回信息 {"status":"ok","msg":"山西-大同","gid":"48866","time_insert":"2021-04-09 16:04"}
2024-10-17 14:41:59 查询号码 【1310002】，GSD为【"山西-大同"】

2024-10-17 14:42:00 开始第 4 次操作

2024-10-17 14:42:00 开始操作号码 【1310003】
2024-10-17 14:42:01 GSD getOne 第 1 次 等待 3 秒
2024-10-17 14:42:04 查询号码 【1310003】，返回信息 {"status":"ok","msg":"山西-阳泉","gid":"48873","time_insert":"2021-04-09 16:20"}
2024-10-17 14:42:04 查询号码 【1310003】，GSD为【"山西-阳泉"】

