2024-03-09 00:18:09 开始第 7825 次操作

2024-03-09 00:18:09 开始操作号码 【1727744】
2024-03-09 00:18:14 GSD getOne 第 1 次 等待 3 秒
2024-03-09 00:18:17 查询号码 【1727744】，返回信息 {"status":"ok","msg":"山西-长治","gid":"329725","time_insert":"2021-07-19 21:07","time_update":"2023-05-31 22:41"}
2024-03-09 00:18:17 查询号码 【1727744】，GSD为【"山西-长治"】

2024-03-09 00:18:18 开始第 7826 次操作

2024-03-09 00:18:18 开始操作号码 【1727745】
2024-03-09 00:18:24 GSD getOne 第 1 次 等待 3 秒
2024-03-09 00:18:27 查询号码 【1727745】，返回信息 {"status":"ok","msg":"新疆-喀什","gid":"329734","time_insert":"2021-07-19 21:08","time_update":"2023-05-31 22:52"}
2024-03-09 00:18:27 查询号码 【1727745】，GSD为【"新疆-喀什"】

2024-03-09 00:18:28 开始第 7827 次操作

2024-03-09 00:18:28 开始操作号码 【1727746】
2024-03-09 00:18:32 GSD getOne 第 1 次 等待 3 秒
2024-03-09 00:18:35 查询号码 【1727746】，返回信息 {"status":"ok","msg":"新疆-乌鲁木齐","gid":"329760","time_insert":"2021-07-19 21:10","time_update":"2023-05-31 23:05"}
2024-03-09 00:18:35 查询号码 【1727746】，GSD为【"新疆-乌鲁木齐"】

2024-03-09 00:18:36 开始第 7828 次操作

2024-03-09 00:18:36 开始操作号码 【1727747】
2024-03-09 00:18:42 GSD getOne 第 1 次 等待 3 秒
2024-03-09 00:18:45 查询号码 【1727747】，返回信息 {"status":"ok","msg":"新疆-乌鲁木齐","gid":"329769","time_insert":"2021-07-19 21:11","time_update":"2023-05-31 23:16"}
2024-03-09 00:18:45 查询号码 【1727747】，GSD为【"新疆-乌鲁木齐"】

