2024-07-27 00:23:56 开始第 8085 次操作

2024-07-27 00:23:56 开始操作号码 【1507994】
2024-07-27 00:24:06 GSD getOne 第 1 次 等待 3 秒
2024-07-27 00:24:09 查询号码 【1507994】，返回信息 {"status":"ok","msg":"江西-萍乡","gid":"371840","time_insert":"2021-07-24 01:32"}
2024-07-27 00:24:09 查询号码 【1507994】，GSD为【"江西-萍乡"】

2024-07-27 00:24:10 开始第 8086 次操作

2024-07-27 00:24:10 开始操作号码 【1507995】
2024-07-27 00:24:18 GSD getOne 第 1 次 等待 3 秒
2024-07-27 00:24:21 查询号码 【1507995】，返回信息 {"status":"ok","msg":"江西-萍乡","gid":"371834","time_insert":"2021-07-24 01:32"}
2024-07-27 00:24:21 查询号码 【1507995】，GSD为【"江西-萍乡"】

2024-07-27 00:24:22 开始第 8087 次操作

2024-07-27 00:24:22 开始操作号码 【1507996】
2024-07-27 00:24:30 GSD getOne 第 1 次 等待 3 秒
2024-07-27 00:24:33 查询号码 【1507996】，返回信息 {"status":"ok","msg":"江西-萍乡","gid":"371830","time_insert":"2021-07-24 01:31"}
2024-07-27 00:24:33 查询号码 【1507996】，GSD为【"江西-萍乡"】

2024-07-27 00:24:34 开始第 8088 次操作

2024-07-27 00:24:34 开始操作号码 【1507997】
2024-07-27 00:24:35 GSD getOne 第 1 次 等待 3 秒
2024-07-27 00:24:49 GSD getOne 第 2 次 等待 3 秒
2024-07-27 00:24:52 查询号码 【1507997】，返回信息 {"status":"ok","msg":"江西-萍乡","gid":"371826","time_insert":"2021-07-24 01:31"}
2024-07-27 00:24:52 查询号码 【1507997】，GSD为【"江西-萍乡"】

