2023-12-04 00:19:39 开始第 1253 次操作

2023-12-04 00:19:39 开始操作号码 【1831172】
2023-12-04 00:19:46 GSD getOne 第 1 次 等待 3 秒
2023-12-04 00:19:49 查询号码 【1831172】，返回信息 {"status":"ok","msg":"贵州-铜仁","gid":"286269","time_insert":"2021-07-15 18:20"}
2023-12-04 00:19:49 查询号码 【1831172】，GSD为【"贵州-铜仁"】

2023-12-04 00:19:50 开始第 1254 次操作

2023-12-04 00:19:50 开始操作号码 【1831173】
2023-12-04 00:19:54 GSD getOne 第 1 次 等待 3 秒
2023-12-04 00:19:57 查询号码 【1831173】，返回信息 {"status":"ok","msg":"贵州-铜仁","gid":"37174","time_insert":"2018-08-01 19:54","time_update":"2020-11-22 20:13"}
2023-12-04 00:19:57 查询号码 【1831173】，GSD为【"贵州-铜仁"】

2023-12-04 00:19:58 开始第 1255 次操作

2023-12-04 00:19:58 开始操作号码 【1831174】
2023-12-04 00:20:05 GSD getOne 第 1 次 等待 3 秒
2023-12-04 00:20:08 查询号码 【1831174】，返回信息 {"status":"ok","msg":"贵州-铜仁","gid":"286273","time_insert":"2021-07-15 18:21"}
2023-12-04 00:20:08 查询号码 【1831174】，GSD为【"贵州-铜仁"】

2023-12-04 00:20:09 开始第 1256 次操作

2023-12-04 00:20:09 开始操作号码 【1831175】
2023-12-04 00:20:12 GSD getOne 第 1 次 等待 3 秒
2023-12-04 00:20:15 查询号码 【1831175】，返回信息 {"status":"ok","msg":"贵州-铜仁","gid":"286276","time_insert":"2021-07-15 18:22"}
2023-12-04 00:20:15 查询号码 【1831175】，GSD为【"贵州-铜仁"】

2023-12-04 00:38:36 开始第 1257 次操作

2023-12-04 00:38:36 开始操作号码 【1831176】
2023-12-04 00:38:41 GSD getOne 第 1 次 等待 3 秒
2023-12-04 00:38:44 查询号码 【1831176】，返回信息 {"status":"ok","msg":"贵州-铜仁","gid":"37175","time_insert":"2018-10-03 11:19","time_update":"2020-11-22 20:16"}
2023-12-04 00:38:44 查询号码 【1831176】，GSD为【"贵州-铜仁"】

2023-12-04 00:38:45 开始第 1258 次操作

2023-12-04 00:38:45 开始操作号码 【1831177】
2023-12-04 00:38:48 GSD getOne 第 1 次 等待 3 秒
2023-12-04 00:38:51 查询号码 【1831177】，返回信息 {"status":"ok","msg":"贵州-铜仁","gid":"37176","time_insert":"2015-11-02 15:02","time_update":"2020-11-22 20:21"}
2023-12-04 00:38:51 查询号码 【1831177】，GSD为【"贵州-铜仁"】

2023-12-04 00:38:52 开始第 1259 次操作

2023-12-04 00:38:52 开始操作号码 【1831178】
2023-12-04 00:38:56 GSD getOne 第 1 次 等待 3 秒
2023-12-04 00:38:59 查询号码 【1831178】，返回信息 {"status":"ok","msg":"贵州-铜仁","gid":"37177","time_insert":"2017-08-21 18:30","time_update":"2020-11-22 20:24"}
2023-12-04 00:38:59 查询号码 【1831178】，GSD为【"贵州-铜仁"】

2023-12-04 00:39:00 开始第 1260 次操作

2023-12-04 00:39:00 开始操作号码 【1831179】
2023-12-04 00:39:03 GSD getOne 第 1 次 等待 3 秒
2023-12-04 00:39:06 查询号码 【1831179】，返回信息 {"status":"ok","msg":"贵州-铜仁","gid":"37178","time_insert":"2018-01-02 19:21","time_update":"2020-11-22 20:29"}
2023-12-04 00:39:06 查询号码 【1831179】，GSD为【"贵州-铜仁"】

2023-12-04 01:13:11 开始第 1261 次操作

2023-12-04 01:13:11 开始操作号码 【1831180】
2023-12-04 01:13:14 GSD getOne 第 1 次 等待 3 秒
2023-12-04 01:13:17 查询号码 【1831180】，返回信息 {"status":"ok","msg":"贵州-铜仁","gid":"286283","time_insert":"2021-07-15 18:24"}
2023-12-04 01:13:17 查询号码 【1831180】，GSD为【"贵州-铜仁"】

2023-12-04 01:13:18 开始第 1262 次操作

2023-12-04 01:13:18 开始操作号码 【1831181】
2023-12-04 01:13:23 GSD getOne 第 1 次 等待 3 秒
2023-12-04 01:13:26 查询号码 【1831181】，返回信息 {"status":"ok","msg":"贵州-铜仁","gid":"286286","time_insert":"2021-07-15 18:25"}
2023-12-04 01:13:26 查询号码 【1831181】，GSD为【"贵州-铜仁"】

2023-12-04 01:13:27 开始第 1263 次操作

2023-12-04 01:13:27 开始操作号码 【1831182】
2023-12-04 01:13:31 GSD getOne 第 1 次 等待 3 秒
2023-12-04 01:13:34 查询号码 【1831182】，返回信息 {"status":"ok","msg":"贵州-铜仁","gid":"37179","time_insert":"2017-05-17 09:49","time_update":"2020-11-22 20:32"}
2023-12-04 01:13:34 查询号码 【1831182】，GSD为【"贵州-铜仁"】

2023-12-04 01:13:35 开始第 1264 次操作

2023-12-04 01:13:35 开始操作号码 【1831183】
2023-12-04 01:13:38 GSD getOne 第 1 次 等待 3 秒
2023-12-04 01:13:41 查询号码 【1831183】，返回信息 {"status":"ok","msg":"贵州-铜仁","gid":"286291","time_insert":"2021-07-15 18:26"}
2023-12-04 01:13:41 查询号码 【1831183】，GSD为【"贵州-铜仁"】

2023-12-04 01:37:06 开始第 1265 次操作

2023-12-04 01:37:06 开始操作号码 【1831184】
2023-12-04 01:37:10 GSD getOne 第 1 次 等待 3 秒
2023-12-04 01:37:13 查询号码 【1831184】，返回信息 {"status":"ok","msg":"贵州-铜仁","gid":"37180","time_insert":"2018-01-22 00:45","time_update":"2020-11-22 20:33"}
2023-12-04 01:37:13 查询号码 【1831184】，GSD为【"贵州-铜仁"】

2023-12-04 01:37:14 开始第 1266 次操作

2023-12-04 01:37:14 开始操作号码 【1831185】
2023-12-04 01:37:30 GSD getOne 第 1 次 等待 3 秒
2023-12-04 01:37:33 查询号码 【1831185】，返回信息 {"status":"ok","msg":"贵州-铜仁","gid":"37181","time_insert":"2017-05-10 16:05","time_update":"2020-11-22 20:38"}
2023-12-04 01:37:33 查询号码 【1831185】，GSD为【"贵州-铜仁"】

2023-12-04 01:37:35 开始第 1267 次操作

2023-12-04 01:37:35 开始操作号码 【1831186】
2023-12-04 01:37:38 GSD getOne 第 1 次 等待 3 秒
2023-12-04 01:37:41 查询号码 【1831186】，返回信息 {"status":"ok","msg":"贵州-铜仁","gid":"37182","time_insert":"2019-02-08 08:09","time_update":"2020-11-22 20:41"}
2023-12-04 01:37:41 查询号码 【1831186】，GSD为【"贵州-铜仁"】

2023-12-04 01:37:42 开始第 1268 次操作

2023-12-04 01:37:42 开始操作号码 【1831187】
2023-12-04 01:37:46 GSD getOne 第 1 次 等待 3 秒
2023-12-04 01:37:49 查询号码 【1831187】，返回信息 {"status":"ok","msg":"贵州-铜仁","gid":"286298","time_insert":"2021-07-15 18:30"}
2023-12-04 01:37:49 查询号码 【1831187】，GSD为【"贵州-铜仁"】

2023-12-04 02:19:02 开始第 1269 次操作

2023-12-04 02:19:02 开始操作号码 【1831188】
2023-12-04 02:19:05 GSD getOne 第 1 次 等待 3 秒
2023-12-04 02:19:08 查询号码 【1831188】，返回信息 {"status":"ok","msg":"贵州-铜仁","gid":"37183","time_insert":"2017-08-26 22:14","time_update":"2020-11-22 20:45"}
2023-12-04 02:19:08 查询号码 【1831188】，GSD为【"贵州-铜仁"】

2023-12-04 02:19:09 开始第 1270 次操作

2023-12-04 02:19:09 开始操作号码 【1831189】
2023-12-04 02:19:12 GSD getOne 第 1 次 等待 3 秒
2023-12-04 02:19:15 查询号码 【1831189】，返回信息 {"status":"ok","msg":"贵州-铜仁","gid":"286304","time_insert":"2021-07-15 18:31"}
2023-12-04 02:19:16 查询号码 【1831189】，GSD为【"贵州-铜仁"】

2023-12-04 02:19:17 开始第 1271 次操作

2023-12-04 02:19:17 开始操作号码 【1831190】
2023-12-04 02:19:20 GSD getOne 第 1 次 等待 3 秒
2023-12-04 02:19:23 查询号码 【1831190】，返回信息 {"status":"ok","msg":"贵州-六盘水","gid":"286308","time_insert":"2021-07-15 18:32"}
2023-12-04 02:19:23 查询号码 【1831190】，GSD为【"贵州-六盘水"】

2023-12-04 02:19:24 开始第 1272 次操作

2023-12-04 02:19:24 开始操作号码 【1831191】
2023-12-04 02:19:27 GSD getOne 第 1 次 等待 3 秒
2023-12-04 02:19:30 查询号码 【1831191】，返回信息 {"status":"ok","msg":"贵州-六盘水","gid":"286311","time_insert":"2021-07-15 18:33"}
2023-12-04 02:19:30 查询号码 【1831191】，GSD为【"贵州-六盘水"】

2023-12-04 02:37:21 开始第 1273 次操作

2023-12-04 02:37:21 开始操作号码 【1831192】
2023-12-04 02:37:24 GSD getOne 第 1 次 等待 3 秒
2023-12-04 02:37:27 查询号码 【1831192】，返回信息 {"status":"ok","msg":"贵州-六盘水","gid":"286314","time_insert":"2021-07-15 18:34"}
2023-12-04 02:37:27 查询号码 【1831192】，GSD为【"贵州-六盘水"】

2023-12-04 02:37:28 开始第 1274 次操作

2023-12-04 02:37:28 开始操作号码 【1831193】
2023-12-04 02:37:32 GSD getOne 第 1 次 等待 3 秒
2023-12-04 02:37:35 查询号码 【1831193】，返回信息 {"status":"ok","msg":"贵州-六盘水","gid":"286317","time_insert":"2021-07-15 18:35"}
2023-12-04 02:37:35 查询号码 【1831193】，GSD为【"贵州-六盘水"】

2023-12-04 02:37:36 开始第 1275 次操作

2023-12-04 02:37:36 开始操作号码 【1831194】
2023-12-04 02:37:40 GSD getOne 第 1 次 等待 3 秒
2023-12-04 02:37:43 查询号码 【1831194】，返回信息 {"status":"ok","msg":"贵州-六盘水","gid":"37184","time_insert":"2017-04-26 10:57","time_update":"2020-11-22 20:49"}
2023-12-04 02:37:43 查询号码 【1831194】，GSD为【"贵州-六盘水"】

2023-12-04 02:37:44 开始第 1276 次操作

2023-12-04 02:37:44 开始操作号码 【1831195】
2023-12-04 02:37:47 GSD getOne 第 1 次 等待 3 秒
2023-12-04 02:37:50 查询号码 【1831195】，返回信息 {"status":"ok","msg":"贵州-六盘水","gid":"286322","time_insert":"2021-07-15 18:36"}
2023-12-04 02:37:50 查询号码 【1831195】，GSD为【"贵州-六盘水"】

