2023-12-28 00:20:32 开始第 5521 次操作

2023-12-28 00:20:32 开始操作号码 【1835440】
2023-12-28 00:20:35 GSD getOne 第 1 次 等待 3 秒
2023-12-28 00:20:38 查询号码 【1835440】，返回信息 {"status":"ok","msg":"山东-临沂","gid":"327629","time_insert":"2021-07-19 16:00"}
2023-12-28 00:20:38 查询号码 【1835440】，GSD为【"山东-临沂"】

2023-12-28 00:20:39 开始第 5522 次操作

2023-12-28 00:20:39 开始操作号码 【1835441】
2023-12-28 00:20:44 GSD getOne 第 1 次 等待 3 秒
2023-12-28 00:20:47 查询号码 【1835441】，返回信息 {"status":"ok","msg":"山东-临沂","gid":"327762","time_insert":"2021-07-19 16:42"}
2023-12-28 00:20:47 查询号码 【1835441】，GSD为【"山东-临沂"】

2023-12-28 00:20:48 开始第 5523 次操作

2023-12-28 00:20:48 开始操作号码 【1835442】
2023-12-28 00:20:51 GSD getOne 第 1 次 等待 3 秒
2023-12-28 00:20:54 查询号码 【1835442】，返回信息 {"status":"ok","msg":"山东-临沂","gid":"327768","time_insert":"2021-07-19 16:43"}
2023-12-28 00:20:54 查询号码 【1835442】，GSD为【"山东-临沂"】

2023-12-28 00:20:55 开始第 5524 次操作

2023-12-28 00:20:55 开始操作号码 【1835443】
2023-12-28 00:20:59 GSD getOne 第 1 次 等待 3 秒
2023-12-28 00:21:02 查询号码 【1835443】，返回信息 {"status":"ok","msg":"山东-临沂","gid":"327779","time_insert":"2021-07-19 16:43"}
2023-12-28 00:21:02 查询号码 【1835443】，GSD为【"山东-临沂"】

