2024-07-21 00:22:22 开始第 7029 次操作

2024-07-21 00:22:22 开始操作号码 【1506938】
2024-07-21 00:22:34 GSD getOne 第 1 次 等待 3 秒
2024-07-21 00:22:37 查询号码 【1506938】，返回信息 {"status":"ok","msg":"山东-淄博","gid":"383619","time_insert":"2021-07-25 01:31"}
2024-07-21 00:22:37 查询号码 【1506938】，GSD为【"山东-淄博"】

2024-07-21 00:22:38 开始第 7030 次操作

2024-07-21 00:22:38 开始操作号码 【1506939】
2024-07-21 00:22:55 GSD getOne 第 1 次 等待 3 秒
2024-07-21 00:22:58 查询号码 【1506939】，返回信息 {"status":"ok","msg":"山东-淄博","gid":"383614","time_insert":"2021-07-25 01:30"}
2024-07-21 00:22:58 查询号码 【1506939】，GSD为【"山东-淄博"】

2024-07-21 00:22:59 开始第 7031 次操作

2024-07-21 00:22:59 开始操作号码 【1506940】
2024-07-21 00:23:07 GSD getOne 第 1 次 等待 3 秒
2024-07-21 00:23:10 查询号码 【1506940】，返回信息 {"status":"ok","msg":"山东-威海","gid":"383602","time_insert":"2021-07-25 01:29"}
2024-07-21 00:23:10 查询号码 【1506940】，GSD为【"山东-威海"】

2024-07-21 00:23:11 开始第 7032 次操作

2024-07-21 00:23:11 开始操作号码 【1506941】
2024-07-21 00:23:20 GSD getOne 第 1 次 等待 3 秒
2024-07-21 00:23:23 查询号码 【1506941】，返回信息 {"status":"ok","msg":"山东-威海","gid":"383591","time_insert":"2021-07-25 01:29"}
2024-07-21 00:23:23 查询号码 【1506941】，GSD为【"山东-威海"】

