2023-10-21 00:20:29 开始第 4153 次操作

2023-10-21 00:20:29 开始操作号码 【1934071】
2023-10-21 00:20:32 GSD getOne 第 1 次 等待 3 秒
2023-10-21 00:20:35 查询号码 【1934071】，返回信息 {"status":"ok","msg":"-","gid":"509370","time_insert":"2021-08-14 07:48"}
2023-10-21 00:20:35 查询号码 【1934071】，GSD为【"-"】
2023-10-21 00:20:35 ok && -
2023-10-21 00:20:37 CHB 1934071?1697818835 第 1 次 等待 3 秒
2023-10-21 00:20:40 CHB 1934071?1697818835 第 1 次 获取到号码【1934071】GSD
2023-10-21 00:20:40 未获取到号码【1934071】GSD，可能号码格式错误
2023-10-21 00:20:40 获取到号码【1934071】的GSD为【-】
2023-10-21 00:20:43 GSD insert 第 1 次 等待 3 秒
2023-10-21 00:20:46 {"status":"bad","gid":"509370","msg":"添加失败！号码【1934071(-|-)】已存在！"}
2023-10-21 00:20:46 随机等待 91 秒，约 1 分钟
2023-10-21 00:20:46 下次操作: 2023-10-21 00:22:17

2023-10-21 00:22:17 开始第 4154 次操作

2023-10-21 00:22:17 开始操作号码 【1934072】
2023-10-21 00:22:20 GSD getOne 第 1 次 等待 3 秒
2023-10-21 00:22:23 查询号码 【1934072】，返回信息 {"status":"ok","msg":"-","gid":"509390","time_insert":"2021-08-14 08:02"}
2023-10-21 00:22:23 查询号码 【1934072】，GSD为【"-"】
2023-10-21 00:22:23 ok && -
2023-10-21 00:22:28 CHB 1934072?1697818943 第 1 次 等待 3 秒
2023-10-21 00:22:31 CHB 1934072?1697818943 第 1 次 获取到号码【1934072】GSD
2023-10-21 00:22:31 未获取到号码【1934072】GSD，可能号码格式错误
2023-10-21 00:22:32 获取到号码【1934072】的GSD为【-】
2023-10-21 00:22:37 GSD insert 第 1 次 等待 3 秒
2023-10-21 00:22:40 {"status":"bad","gid":"509390","msg":"添加失败！号码【1934072(-|-)】已存在！"}
2023-10-21 00:22:40 随机等待 220 秒，约 3 分钟
2023-10-21 00:22:40 下次操作: 2023-10-21 00:26:20

2023-10-21 00:26:20 开始第 4155 次操作

2023-10-21 00:26:20 开始操作号码 【1934073】
2023-10-21 00:26:25 GSD getOne 第 1 次 等待 3 秒
2023-10-21 00:26:28 查询号码 【1934073】，返回信息 {"status":"ok","msg":"-","gid":"509407","time_insert":"2021-08-14 08:17"}
2023-10-21 00:26:28 查询号码 【1934073】，GSD为【"-"】
2023-10-21 00:26:28 ok && -
2023-10-21 00:26:30 CHB 1934073?1697819188 第 1 次 等待 3 秒
2023-10-21 00:26:33 CHB 1934073?1697819188 第 1 次 获取到号码【1934073】GSD
2023-10-21 00:26:33 未获取到号码【1934073】GSD，可能号码格式错误
2023-10-21 00:26:33 获取到号码【1934073】的GSD为【-】
2023-10-21 00:26:36 GSD insert 第 1 次 等待 3 秒
2023-10-21 00:26:39 {"status":"bad","gid":"509407","msg":"添加失败！号码【1934073(-|-)】已存在！"}
2023-10-21 00:26:39 随机等待 78 秒，约 1 分钟
2023-10-21 00:26:39 下次操作: 2023-10-21 00:27:57

2023-10-21 00:27:57 开始第 4156 次操作

2023-10-21 00:27:57 开始操作号码 【1934074】
2023-10-21 00:28:00 GSD getOne 第 1 次 等待 3 秒
2023-10-21 00:28:03 查询号码 【1934074】，返回信息 {"status":"ok","msg":"-","gid":"509425","time_insert":"2021-08-14 08:32"}
2023-10-21 00:28:04 查询号码 【1934074】，GSD为【"-"】
2023-10-21 00:28:04 ok && -
2023-10-21 00:28:05 CHB 1934074?1697819284 第 1 次 等待 3 秒
2023-10-21 00:28:08 CHB 1934074?1697819284 第 1 次 获取到号码【1934074】GSD
2023-10-21 00:28:08 未获取到号码【1934074】GSD，可能号码格式错误
2023-10-21 00:28:08 获取到号码【1934074】的GSD为【-】
2023-10-21 00:28:11 GSD insert 第 1 次 等待 3 秒
2023-10-21 00:28:14 {"status":"bad","gid":"509425","msg":"添加失败！号码【1934074(-|-)】已存在！"}

