2023-12-27 00:20:25 开始第 5341 次操作

2023-12-27 00:20:25 开始操作号码 【1835260】
2023-12-27 00:20:29 GSD getOne 第 1 次 等待 3 秒
2023-12-27 00:20:32 查询号码 【1835260】，返回信息 {"status":"ok","msg":"江苏-无锡","gid":"325778","time_insert":"2021-07-19 12:12"}
2023-12-27 00:20:32 查询号码 【1835260】，GSD为【"江苏-无锡"】

2023-12-27 00:20:33 开始第 5342 次操作

2023-12-27 00:20:33 开始操作号码 【1835261】
2023-12-27 00:20:38 GSD getOne 第 1 次 等待 3 秒
2023-12-27 00:20:41 查询号码 【1835261】，返回信息 {"status":"ok","msg":"江苏-泰州","gid":"37883","time_insert":"2015-09-05 14:42","time_update":"2021-01-21 22:53"}
2023-12-27 00:20:41 查询号码 【1835261】，GSD为【"江苏-泰州"】

2023-12-27 00:20:42 开始第 5343 次操作

2023-12-27 00:20:42 开始操作号码 【1835262】
2023-12-27 00:20:45 GSD getOne 第 1 次 等待 3 秒
2023-12-27 00:20:48 查询号码 【1835262】，返回信息 {"status":"ok","msg":"江苏-泰州","gid":"325787","time_insert":"2021-07-19 12:13"}
2023-12-27 00:20:48 查询号码 【1835262】，GSD为【"江苏-泰州"】

2023-12-27 00:20:49 开始第 5344 次操作

2023-12-27 00:20:49 开始操作号码 【1835263】
2023-12-27 00:20:53 GSD getOne 第 1 次 等待 3 秒
2023-12-27 00:20:56 查询号码 【1835263】，返回信息 {"status":"ok","msg":"江苏-泰州","gid":"325793","time_insert":"2021-07-19 12:13"}
2023-12-27 00:20:56 查询号码 【1835263】，GSD为【"江苏-泰州"】

2023-12-27 00:40:05 开始第 5345 次操作

2023-12-27 00:40:05 开始操作号码 【1835264】
2023-12-27 00:40:11 GSD getOne 第 1 次 等待 3 秒
2023-12-27 00:40:14 查询号码 【1835264】，返回信息 {"status":"ok","msg":"江苏-南京","gid":"325799","time_insert":"2021-07-19 12:14"}
2023-12-27 00:40:14 查询号码 【1835264】，GSD为【"江苏-南京"】

2023-12-27 00:40:15 开始第 5346 次操作

2023-12-27 00:40:15 开始操作号码 【1835265】
2023-12-27 00:40:20 GSD getOne 第 1 次 等待 3 秒
2023-12-27 00:40:23 查询号码 【1835265】，返回信息 {"status":"ok","msg":"江苏-南通","gid":"325807","time_insert":"2021-07-19 12:15"}
2023-12-27 00:40:23 查询号码 【1835265】，GSD为【"江苏-南通"】

2023-12-27 00:40:24 开始第 5347 次操作

2023-12-27 00:40:24 开始操作号码 【1835266】
2023-12-27 00:40:29 GSD getOne 第 1 次 等待 3 秒
2023-12-27 00:40:32 查询号码 【1835266】，返回信息 {"status":"ok","msg":"江苏-南通","gid":"37884","time_insert":"2017-01-31 16:45","time_update":"2021-06-16 18:33"}
2023-12-27 00:40:32 查询号码 【1835266】，GSD为【"江苏-南通"】

2023-12-27 00:40:33 开始第 5348 次操作

2023-12-27 00:40:33 开始操作号码 【1835267】
2023-12-27 00:40:38 GSD getOne 第 1 次 等待 3 秒
2023-12-27 00:40:41 查询号码 【1835267】，返回信息 {"status":"ok","msg":"江苏-南通","gid":"325815","time_insert":"2021-07-19 12:16"}
2023-12-27 00:40:41 查询号码 【1835267】，GSD为【"江苏-南通"】

