2023-12-31 00:20:50 开始第 6061 次操作

2023-12-31 00:20:50 开始操作号码 【1835980】
2023-12-31 00:20:54 GSD getOne 第 1 次 等待 3 秒
2023-12-31 00:20:57 查询号码 【1835980】，返回信息 {"status":"ok","msg":"福建-泉州","gid":"333017","time_insert":"2021-07-20 03:59"}
2023-12-31 00:20:57 查询号码 【1835980】，GSD为【"福建-泉州"】

2023-12-31 00:20:58 开始第 6062 次操作

2023-12-31 00:20:58 开始操作号码 【1835981】
2023-12-31 00:21:02 GSD getOne 第 1 次 等待 3 秒
2023-12-31 00:21:05 查询号码 【1835981】，返回信息 {"status":"ok","msg":"福建-泉州","gid":"333027","time_insert":"2021-07-20 04:00"}
2023-12-31 00:21:05 查询号码 【1835981】，GSD为【"福建-泉州"】

2023-12-31 00:21:06 开始第 6063 次操作

2023-12-31 00:21:06 开始操作号码 【1835982】
2023-12-31 00:21:10 GSD getOne 第 1 次 等待 3 秒
2023-12-31 00:21:13 查询号码 【1835982】，返回信息 {"status":"ok","msg":"福建-泉州","gid":"333031","time_insert":"2021-07-20 04:01"}
2023-12-31 00:21:13 查询号码 【1835982】，GSD为【"福建-泉州"】

2023-12-31 00:21:14 开始第 6064 次操作

2023-12-31 00:21:14 开始操作号码 【1835983】
2023-12-31 00:21:18 GSD getOne 第 1 次 等待 3 秒
2023-12-31 00:21:21 查询号码 【1835983】，返回信息 {"status":"ok","msg":"福建-泉州","gid":"333035","time_insert":"2021-07-20 04:02"}
2023-12-31 00:21:21 查询号码 【1835983】，GSD为【"福建-泉州"】

