2023-10-23 00:19:16 开始第 4513 次操作

2023-10-23 00:19:16 开始操作号码 【1934431】
2023-10-23 00:19:22 GSD getOne 第 1 次 等待 3 秒
2023-10-23 00:19:25 查询号码 【1934431】，返回信息 {"status":"ok","msg":"-","gid":"509975","time_insert":"2021-08-14 15:23"}
2023-10-23 00:19:25 查询号码 【1934431】，GSD为【"-"】
2023-10-23 00:19:25 ok && -
2023-10-23 00:19:32 CHB 1934431?1697991565 第 1 次 等待 3 秒
2023-10-23 00:19:35 CHB 1934431?1697991565 第 1 次 获取到号码【1934431】GSD
2023-10-23 00:19:35 未获取到号码【1934431】GSD，可能号码格式错误
2023-10-23 00:19:35 获取到号码【1934431】的GSD为【-】
2023-10-23 00:19:38 GSD insert 第 1 次 等待 3 秒
2023-10-23 00:19:41 {"status":"bad","gid":"509975","msg":"添加失败！号码【1934431(-|-)】已存在！"}
2023-10-23 00:19:41 随机等待 89 秒，约 1 分钟
2023-10-23 00:19:41 下次操作: 2023-10-23 00:21:10

2023-10-23 00:21:10 开始第 4514 次操作

2023-10-23 00:21:10 开始操作号码 【1934432】
2023-10-23 00:21:13 GSD getOne 第 1 次 等待 3 秒
2023-10-23 00:21:16 查询号码 【1934432】，返回信息 {"status":"ok","msg":"-","gid":"509987","time_insert":"2021-08-14 15:34"}
2023-10-23 00:21:16 查询号码 【1934432】，GSD为【"-"】
2023-10-23 00:21:16 ok && -
2023-10-23 00:21:24 CHB 1934432?1697991676 第 1 次 等待 3 秒
2023-10-23 00:21:27 CHB 1934432?1697991676 第 1 次 获取到号码【1934432】GSD
2023-10-23 00:21:27 未获取到号码【1934432】GSD，可能号码格式错误
2023-10-23 00:21:27 获取到号码【1934432】的GSD为【-】
2023-10-23 00:21:30 GSD insert 第 1 次 等待 3 秒
2023-10-23 00:21:33 {"status":"bad","gid":"509987","msg":"添加失败！号码【1934432(-|-)】已存在！"}
2023-10-23 00:21:33 随机等待 216 秒，约 3 分钟
2023-10-23 00:21:33 下次操作: 2023-10-23 00:25:09

2023-10-23 00:25:09 开始第 4515 次操作

2023-10-23 00:25:09 开始操作号码 【1934433】
2023-10-23 00:25:16 GSD getOne 第 1 次 等待 3 秒
2023-10-23 00:25:19 查询号码 【1934433】，返回信息 {"status":"ok","msg":"-","gid":"510010","time_insert":"2021-08-14 15:49"}
2023-10-23 00:25:20 查询号码 【1934433】，GSD为【"-"】
2023-10-23 00:25:20 ok && -
2023-10-23 00:25:26 CHB 1934433?1697991920 第 1 次 等待 3 秒
2023-10-23 00:25:29 CHB 1934433?1697991920 第 1 次 获取到号码【1934433】GSD
2023-10-23 00:25:29 未获取到号码【1934433】GSD，可能号码格式错误
2023-10-23 00:25:29 获取到号码【1934433】的GSD为【-】
2023-10-23 00:25:34 GSD insert 第 1 次 等待 3 秒
2023-10-23 00:25:37 {"status":"bad","gid":"510010","msg":"添加失败！号码【1934433(-|-)】已存在！"}
2023-10-23 00:25:37 随机等待 70 秒，约 1 分钟
2023-10-23 00:25:37 下次操作: 2023-10-23 00:26:47

2023-10-23 00:26:47 开始第 4516 次操作

2023-10-23 00:26:47 开始操作号码 【1934434】
2023-10-23 00:26:51 GSD getOne 第 1 次 等待 3 秒
2023-10-23 00:26:54 查询号码 【1934434】，返回信息 {"status":"ok","msg":"-","gid":"510027","time_insert":"2021-08-14 16:01"}
2023-10-23 00:26:54 查询号码 【1934434】，GSD为【"-"】
2023-10-23 00:26:54 ok && -
2023-10-23 00:27:00 CHB 1934434?1697992014 第 1 次 等待 3 秒
2023-10-23 00:27:03 CHB 1934434?1697992014 第 1 次 获取到号码【1934434】GSD
2023-10-23 00:27:03 未获取到号码【1934434】GSD，可能号码格式错误
2023-10-23 00:27:03 获取到号码【1934434】的GSD为【-】
2023-10-23 00:27:09 GSD insert 第 1 次 等待 3 秒
2023-10-23 00:27:12 {"status":"bad","gid":"510027","msg":"添加失败！号码【1934434(-|-)】已存在！"}

