2023-12-07 00:22:47 开始第 1781 次操作

2023-12-07 00:22:47 开始操作号码 【1831700】
2023-12-07 00:22:52 GSD getOne 第 1 次 等待 3 秒
2023-12-07 00:22:55 查询号码 【1831700】，返回信息 {"status":"ok","msg":"上海-上海","gid":"290988","time_insert":"2021-07-16 06:47"}
2023-12-07 00:22:55 查询号码 【1831700】，GSD为【"上海-上海"】

2023-12-07 00:22:56 开始第 1782 次操作

2023-12-07 00:22:56 开始操作号码 【1831701】
2023-12-07 00:22:59 GSD getOne 第 1 次 等待 3 秒
2023-12-07 00:23:02 查询号码 【1831701】，返回信息 {"status":"ok","msg":"上海-上海","gid":"290997","time_insert":"2021-07-16 06:48"}
2023-12-07 00:23:02 查询号码 【1831701】，GSD为【"上海-上海"】

2023-12-07 00:23:03 开始第 1783 次操作

2023-12-07 00:23:03 开始操作号码 【1831702】
2023-12-07 00:23:08 GSD getOne 第 1 次 等待 3 秒
2023-12-07 00:23:11 查询号码 【1831702】，返回信息 {"status":"ok","msg":"上海-上海","gid":"291004","time_insert":"2021-07-16 06:49"}
2023-12-07 00:23:11 查询号码 【1831702】，GSD为【"上海-上海"】

2023-12-07 00:23:12 开始第 1784 次操作

2023-12-07 00:23:12 开始操作号码 【1831703】
2023-12-07 00:23:15 GSD getOne 第 1 次 等待 3 秒
2023-12-07 00:23:18 查询号码 【1831703】，返回信息 {"status":"ok","msg":"上海-上海","gid":"291016","time_insert":"2021-07-16 06:49"}
2023-12-07 00:23:18 查询号码 【1831703】，GSD为【"上海-上海"】

