2024-03-08 00:19:16 开始第 7645 次操作

2024-03-08 00:19:16 开始操作号码 【1727564】
2024-03-08 00:19:24 GSD getOne 第 1 次 等待 3 秒
2024-03-08 00:19:27 查询号码 【1727564】，返回信息 {"status":"ok","msg":"云南-昆明","gid":"327488","time_insert":"2021-07-19 15:50","time_update":"2023-05-30 18:44"}
2024-03-08 00:19:27 查询号码 【1727564】，GSD为【"云南-昆明"】

2024-03-08 00:19:28 开始第 7646 次操作

2024-03-08 00:19:28 开始操作号码 【1727565】
2024-03-08 00:19:34 GSD getOne 第 1 次 等待 3 秒
2024-03-08 00:19:37 查询号码 【1727565】，返回信息 {"status":"ok","msg":"云南-保山","gid":"327503","time_insert":"2021-07-19 15:52","time_update":"2023-05-30 18:52"}
2024-03-08 00:19:37 查询号码 【1727565】，GSD为【"云南-保山"】

2024-03-08 00:19:38 开始第 7647 次操作

2024-03-08 00:19:38 开始操作号码 【1727566】
2024-03-08 00:19:42 GSD getOne 第 1 次 等待 3 秒
2024-03-08 00:19:45 查询号码 【1727566】，返回信息 {"status":"ok","msg":"辽宁-大连","gid":"327512","time_insert":"2021-07-19 15:52","time_update":"2023-05-30 19:04"}
2024-03-08 00:19:45 查询号码 【1727566】，GSD为【"辽宁-大连"】

2024-03-08 00:19:46 开始第 7648 次操作

2024-03-08 00:19:46 开始操作号码 【1727567】
2024-03-08 00:19:52 GSD getOne 第 1 次 等待 3 秒
2024-03-08 00:19:55 查询号码 【1727567】，返回信息 {"status":"ok","msg":"江苏-南通","gid":"327523","time_insert":"2021-07-19 15:53","time_update":"2023-05-30 19:14"}
2024-03-08 00:19:55 查询号码 【1727567】，GSD为【"江苏-南通"】

2024-03-08 00:37:37 开始第 7649 次操作

2024-03-08 00:37:37 开始操作号码 【1727568】
2024-03-08 00:37:43 GSD getOne 第 1 次 等待 3 秒
2024-03-08 00:37:46 查询号码 【1727568】，返回信息 {"status":"ok","msg":"云南-保山","gid":"327532","time_insert":"2021-07-19 15:53","time_update":"2023-05-30 19:23"}
2024-03-08 00:37:46 查询号码 【1727568】，GSD为【"云南-保山"】

2024-03-08 00:37:48 开始第 7650 次操作

2024-03-08 00:37:48 开始操作号码 【1727569】
2024-03-08 00:37:52 GSD getOne 第 1 次 等待 3 秒
2024-03-08 00:37:55 查询号码 【1727569】，返回信息 {"status":"ok","msg":"云南-保山","gid":"327543","time_insert":"2021-07-19 15:54","time_update":"2023-05-30 19:36"}
2024-03-08 00:37:55 查询号码 【1727569】，GSD为【"云南-保山"】

2024-03-08 00:37:56 开始第 7651 次操作

2024-03-08 00:37:56 开始操作号码 【1727570】
2024-03-08 00:38:04 GSD getOne 第 1 次 等待 3 秒
2024-03-08 00:38:07 查询号码 【1727570】，返回信息 {"status":"ok","msg":"云南-曲靖","gid":"327550","time_insert":"2021-07-19 15:55","time_update":"2023-05-30 19:44"}
2024-03-08 00:38:07 查询号码 【1727570】，GSD为【"云南-曲靖"】

2024-03-08 00:38:08 开始第 7652 次操作

2024-03-08 00:38:08 开始操作号码 【1727571】
2024-03-08 00:38:13 GSD getOne 第 1 次 等待 3 秒
2024-03-08 00:38:16 查询号码 【1727571】，返回信息 {"status":"ok","msg":"云南-玉溪","gid":"327560","time_insert":"2021-07-19 15:55","time_update":"2023-05-30 19:56"}
2024-03-08 00:38:16 查询号码 【1727571】，GSD为【"云南-玉溪"】

