2024-12-12 00:09:23 开始第 9757 次操作

2024-12-12 00:09:23 开始操作号码 【1319756】
2024-12-12 00:09:24 GSD getOne 第 1 次 等待 3 秒
2024-12-12 00:09:27 查询号码 【1319756】，返回信息 {"status":"ok","msg":"广西-百色","gid":"200269","time_insert":"2021-07-05 19:42"}
2024-12-12 00:09:27 查询号码 【1319756】，GSD为【"广西-百色"】

2024-12-12 00:09:28 开始第 9758 次操作

2024-12-12 00:09:28 开始操作号码 【1319757】
2024-12-12 00:09:29 GSD getOne 第 1 次 等待 3 秒
2024-12-12 00:09:32 查询号码 【1319757】，返回信息 {"status":"ok","msg":"广西-南宁","gid":"200256","time_insert":"2021-07-05 19:41"}
2024-12-12 00:09:32 查询号码 【1319757】，GSD为【"广西-南宁"】

2024-12-12 00:09:33 开始第 9759 次操作

2024-12-12 00:09:33 开始操作号码 【1319758】
2024-12-12 00:09:34 GSD getOne 第 1 次 等待 3 秒
2024-12-12 00:09:37 查询号码 【1319758】，返回信息 {"status":"ok","msg":"广西-梧州","gid":"200242","time_insert":"2021-07-05 19:40"}
2024-12-12 00:09:37 查询号码 【1319758】，GSD为【"广西-梧州"】

2024-12-12 00:09:38 开始第 9760 次操作

2024-12-12 00:09:38 开始操作号码 【1319759】
2024-12-12 00:09:39 GSD getOne 第 1 次 等待 3 秒
2024-12-12 00:09:42 查询号码 【1319759】，返回信息 {"status":"ok","msg":"广西-北海","gid":"200225","time_insert":"2021-07-05 19:39"}
2024-12-12 00:09:42 查询号码 【1319759】，GSD为【"广西-北海"】

2024-12-12 00:44:45 开始第 9761 次操作

2024-12-12 00:44:45 开始操作号码 【1319760】
2024-12-12 00:44:46 GSD getOne 第 1 次 等待 3 秒
2024-12-12 00:44:49 查询号码 【1319760】，返回信息 {"status":"ok","msg":"广西-防城港","gid":"200212","time_insert":"2021-07-05 19:38"}
2024-12-12 00:44:49 查询号码 【1319760】，GSD为【"广西-防城港"】

2024-12-12 00:44:50 开始第 9762 次操作

2024-12-12 00:44:50 开始操作号码 【1319761】
2024-12-12 00:44:52 GSD getOne 第 1 次 等待 3 秒
2024-12-12 00:44:55 查询号码 【1319761】，返回信息 {"status":"ok","msg":"广西-南宁","gid":"200199","time_insert":"2021-07-05 19:37"}
2024-12-12 00:44:55 查询号码 【1319761】，GSD为【"广西-南宁"】

2024-12-12 00:44:56 开始第 9763 次操作

2024-12-12 00:44:56 开始操作号码 【1319762】
2024-12-12 00:44:57 GSD getOne 第 1 次 等待 3 秒
2024-12-12 00:45:00 查询号码 【1319762】，返回信息 {"status":"ok","msg":"广西-柳州","gid":"200188","time_insert":"2021-07-05 19:36","time_update":"2021-07-06 02:08"}
2024-12-12 00:45:00 查询号码 【1319762】，GSD为【"广西-柳州"】

2024-12-12 00:45:01 开始第 9764 次操作

2024-12-12 00:45:01 开始操作号码 【1319763】
2024-12-12 00:45:03 GSD getOne 第 1 次 等待 3 秒
2024-12-12 00:45:06 查询号码 【1319763】，返回信息 {"status":"ok","msg":"广西-桂林","gid":"200000","time_insert":"2021-07-05 19:00"}
2024-12-12 00:45:06 查询号码 【1319763】，GSD为【"广西-桂林"】

