2023-11-23 00:22:13 开始第 9977 次操作

2023-11-23 00:22:13 开始操作号码 【1939895】
2023-11-23 00:22:19 GSD getOne 第 1 次 等待 3 秒
2023-11-23 00:22:22 查询号码 【1939895】，返回信息 {"status":"ok","msg":"陕西-渭南","gid":"432193","time_insert":"2021-07-29 10:26","time_update":"2023-07-26 01:36"}
2023-11-23 00:22:22 查询号码 【1939895】，GSD为【"陕西-渭南"】

2023-11-23 00:22:23 开始第 9978 次操作

2023-11-23 00:22:23 开始操作号码 【1939896】
2023-11-23 00:23:14 GSD getOne 第 1 次 等待 3 秒
2023-11-23 00:23:17 查询号码 【1939896】，返回信息 {"status":"ok","msg":"陕西-渭南","gid":"432191","time_insert":"2021-07-29 10:25","time_update":"2023-07-26 01:39"}
2023-11-23 00:23:17 查询号码 【1939896】，GSD为【"陕西-渭南"】

2023-11-23 00:23:18 开始第 9979 次操作

2023-11-23 00:23:18 开始操作号码 【1939897】
2023-11-23 00:23:21 GSD getOne 第 1 次 等待 3 秒
2023-11-23 00:23:24 查询号码 【1939897】，返回信息 {"status":"ok","msg":"陕西-渭南","gid":"432188","time_insert":"2021-07-29 10:24","time_update":"2023-07-26 01:41"}
2023-11-23 00:23:24 查询号码 【1939897】，GSD为【"陕西-渭南"】

2023-11-23 00:23:25 开始第 9980 次操作

2023-11-23 00:23:25 开始操作号码 【1939898】
2023-11-23 00:23:33 GSD getOne 第 1 次 等待 3 秒
2023-11-23 00:23:36 查询号码 【1939898】，返回信息 {"status":"ok","msg":"陕西-渭南","gid":"432185","time_insert":"2021-07-29 10:24","time_update":"2023-07-26 01:44"}
2023-11-23 00:23:36 查询号码 【1939898】，GSD为【"陕西-渭南"】

