2024-05-10 00:21:25 开始第 8001 次操作

2024-05-10 00:21:25 开始操作号码 【1617917】
2024-05-10 00:21:30 GSD getOne 第 1 次 等待 3 秒
2024-05-10 00:21:33 查询号码 【1617917】，返回信息 {"status":"ok","msg":"-","gid":"694339","time_insert":"2023-05-06 05:56"}
2024-05-10 00:21:33 查询号码 【1617917】，GSD为【"-"】
2024-05-10 00:21:33 ok && -
2024-05-10 00:21:36 CHB 1617917?1715271693 第 1 次 等待 3 秒
2024-05-10 00:21:39 CHB 1617917?1715271693 第 1 次 获取到号码【1617917】GSD
2024-05-10 00:21:39 未获取到号码【1617917】GSD，可能号码格式错误
2024-05-10 00:21:39 获取到号码【1617917】的GSD为【-】
2024-05-10 00:21:45 GSD insert 第 1 次 等待 3 秒
2024-05-10 00:21:48 {"status":"bad","gid":"694339","msg":"添加失败！号码【1617917(-|-)】已存在！"}
2024-05-10 00:21:48 随机等待 122 秒，约 2 分钟
2024-05-10 00:21:48 下次操作: 2024-05-10 00:23:50

2024-05-10 00:23:50 开始第 8002 次操作

2024-05-10 00:23:50 开始操作号码 【1617918】
2024-05-10 00:23:55 GSD getOne 第 1 次 等待 3 秒
2024-05-10 00:23:58 查询号码 【1617918】，返回信息 {"status":"ok","msg":"-","gid":"694358","time_insert":"2023-05-06 06:15"}
2024-05-10 00:23:58 查询号码 【1617918】，GSD为【"-"】
2024-05-10 00:23:58 ok && -
2024-05-10 00:24:00 CHB 1617918?1715271838 第 1 次 等待 3 秒
2024-05-10 00:24:03 CHB 1617918?1715271838 第 1 次 获取到号码【1617918】GSD
2024-05-10 00:24:03 未获取到号码【1617918】GSD，可能号码格式错误
2024-05-10 00:24:03 获取到号码【1617918】的GSD为【-】
2024-05-10 00:24:11 GSD insert 第 1 次 等待 3 秒
2024-05-10 00:24:14 {"status":"bad","gid":"694358","msg":"添加失败！号码【1617918(-|-)】已存在！"}
2024-05-10 00:24:14 随机等待 206 秒，约 3 分钟
2024-05-10 00:24:14 下次操作: 2024-05-10 00:27:40

2024-05-10 00:27:40 开始第 8003 次操作

2024-05-10 00:27:40 开始操作号码 【1617919】
2024-05-10 00:27:45 GSD getOne 第 1 次 等待 3 秒
2024-05-10 00:27:48 查询号码 【1617919】，返回信息 {"status":"ok","msg":"-","gid":"694378","time_insert":"2023-05-06 06:38"}
2024-05-10 00:27:48 查询号码 【1617919】，GSD为【"-"】
2024-05-10 00:27:48 ok && -
2024-05-10 00:27:49 CHB 1617919?1715272068 第 1 次 等待 3 秒
2024-05-10 00:27:52 CHB 1617919?1715272068 第 1 次 获取到号码【1617919】GSD
2024-05-10 00:27:52 未获取到号码【1617919】GSD，可能号码格式错误
2024-05-10 00:27:52 获取到号码【1617919】的GSD为【-】
2024-05-10 00:27:57 GSD insert 第 1 次 等待 3 秒
2024-05-10 00:28:00 {"status":"bad","gid":"694378","msg":"添加失败！号码【1617919(-|-)】已存在！"}
2024-05-10 00:28:00 随机等待 129 秒，约 2 分钟
2024-05-10 00:28:00 下次操作: 2024-05-10 00:30:09

2024-05-10 00:30:09 开始第 8004 次操作

2024-05-10 00:30:09 开始操作号码 【1617920】
2024-05-10 00:30:15 GSD getOne 第 1 次 等待 3 秒
2024-05-10 00:30:18 查询号码 【1617920】，返回信息 {"status":"ok","msg":"-","gid":"694391","time_insert":"2023-05-06 06:52"}
2024-05-10 00:30:18 查询号码 【1617920】，GSD为【"-"】
2024-05-10 00:30:18 ok && -
2024-05-10 00:30:20 CHB 1617920?1715272218 第 1 次 等待 3 秒
2024-05-10 00:30:23 CHB 1617920?1715272218 第 1 次 获取到号码【1617920】GSD
2024-05-10 00:30:23 未获取到号码【1617920】GSD，可能号码格式错误
2024-05-10 00:30:23 获取到号码【1617920】的GSD为【-】
2024-05-10 00:30:33 GSD insert 第 1 次 等待 3 秒
2024-05-10 00:30:36 {"status":"bad","gid":"694391","msg":"添加失败！号码【1617920(-|-)】已存在！"}

