2024-04-11 00:22:45 开始第 2993 次操作

2024-04-11 00:22:45 开始操作号码 【1612912】
2024-04-11 00:22:50 GSD getOne 第 1 次 等待 3 秒
2024-04-11 00:22:53 查询号码 【1612912】，返回信息 {"status":"ok","msg":"-","gid":"571575","time_insert":"2023-03-05 15:17"}
2024-04-11 00:22:53 查询号码 【1612912】，GSD为【"-"】
2024-04-11 00:22:53 ok && -
2024-04-11 00:22:56 CHB 1612912?1712766173 第 1 次 等待 3 秒
2024-04-11 00:22:59 CHB 1612912?1712766173 第 1 次 获取到号码【1612912】GSD
2024-04-11 00:22:59 未获取到号码【1612912】GSD，可能号码格式错误
2024-04-11 00:22:59 获取到号码【1612912】的GSD为【-】
2024-04-11 00:23:06 GSD insert 第 1 次 等待 3 秒
2024-04-11 00:23:09 {"status":"bad","gid":"571575","msg":"添加失败！号码【1612912(-|-)】已存在！"}
2024-04-11 00:23:09 随机等待 229 秒，约 3 分钟
2024-04-11 00:23:09 下次操作: 2024-04-11 00:26:58

2024-04-11 00:26:58 开始第 2994 次操作

2024-04-11 00:26:58 开始操作号码 【1612913】
2024-04-11 00:27:03 GSD getOne 第 1 次 等待 3 秒
2024-04-11 00:27:06 查询号码 【1612913】，返回信息 {"status":"ok","msg":"-","gid":"571612","time_insert":"2023-03-05 15:37"}
2024-04-11 00:27:06 查询号码 【1612913】，GSD为【"-"】
2024-04-11 00:27:06 ok && -
2024-04-11 00:27:09 CHB 1612913?1712766426 第 1 次 等待 3 秒
2024-04-11 00:27:12 CHB 1612913?1712766426 第 1 次 获取到号码【1612913】GSD
2024-04-11 00:27:12 未获取到号码【1612913】GSD，可能号码格式错误
2024-04-11 00:27:12 获取到号码【1612913】的GSD为【-】
2024-04-11 00:27:17 GSD insert 第 1 次 等待 3 秒
2024-04-11 00:27:20 {"status":"bad","gid":"571612","msg":"添加失败！号码【1612913(-|-)】已存在！"}
2024-04-11 00:27:20 随机等待 170 秒，约 2 分钟
2024-04-11 00:27:20 下次操作: 2024-04-11 00:30:10

2024-04-11 00:30:10 开始第 2995 次操作

2024-04-11 00:30:10 开始操作号码 【1612914】
2024-04-11 00:30:15 GSD getOne 第 1 次 等待 3 秒
2024-04-11 00:30:18 查询号码 【1612914】，返回信息 {"status":"ok","msg":"-","gid":"571643","time_insert":"2023-03-05 15:54"}
2024-04-11 00:30:18 查询号码 【1612914】，GSD为【"-"】
2024-04-11 00:30:18 ok && -
2024-04-11 00:30:20 CHB 1612914?1712766618 第 1 次 等待 3 秒
2024-04-11 00:30:23 CHB 1612914?1712766618 第 1 次 获取到号码【1612914】GSD
2024-04-11 00:30:23 未获取到号码【1612914】GSD，可能号码格式错误
2024-04-11 00:30:23 获取到号码【1612914】的GSD为【-】
2024-04-11 00:30:33 GSD insert 第 1 次 等待 3 秒
2024-04-11 00:30:36 {"status":"bad","gid":"571643","msg":"添加失败！号码【1612914(-|-)】已存在！"}
2024-04-11 00:30:36 随机等待 194 秒，约 3 分钟
2024-04-11 00:30:36 下次操作: 2024-04-11 00:33:50

2024-04-11 00:33:50 开始第 2996 次操作

2024-04-11 00:33:50 开始操作号码 【1612915】
2024-04-11 00:33:56 GSD getOne 第 1 次 等待 3 秒
2024-04-11 00:33:59 查询号码 【1612915】，返回信息 {"status":"ok","msg":"-","gid":"571664","time_insert":"2023-03-05 16:08"}
2024-04-11 00:33:59 查询号码 【1612915】，GSD为【"-"】
2024-04-11 00:33:59 ok && -
2024-04-11 00:34:02 CHB 1612915?1712766839 第 1 次 等待 3 秒
2024-04-11 00:34:05 CHB 1612915?1712766839 第 1 次 获取到号码【1612915】GSD
2024-04-11 00:34:05 未获取到号码【1612915】GSD，可能号码格式错误
2024-04-11 00:34:05 获取到号码【1612915】的GSD为【-】
2024-04-11 00:34:10 GSD insert 第 1 次 等待 3 秒
2024-04-11 00:34:13 {"status":"bad","gid":"571664","msg":"添加失败！号码【1612915(-|-)】已存在！"}

