2024-11-14 00:08:08 开始第 4861 次操作

2024-11-14 00:08:08 开始操作号码 【1314860】
2024-11-14 00:08:11 GSD getOne 第 1 次 等待 3 秒
2024-11-14 00:08:14 查询号码 【1314860】，返回信息 {"status":"ok","msg":"广东-河源","gid":"221406","time_insert":"2021-07-08 10:03"}
2024-11-14 00:08:14 查询号码 【1314860】，GSD为【"广东-河源"】

2024-11-14 00:08:15 开始第 4862 次操作

2024-11-14 00:08:15 开始操作号码 【1314861】
2024-11-14 00:08:16 GSD getOne 第 1 次 等待 3 秒
2024-11-14 00:08:19 查询号码 【1314861】，返回信息 {"status":"ok","msg":"广东-河源","gid":"221430","time_insert":"2021-07-08 10:16"}
2024-11-14 00:08:19 查询号码 【1314861】，GSD为【"广东-河源"】

2024-11-14 00:08:20 开始第 4863 次操作

2024-11-14 00:08:20 开始操作号码 【1314862】
2024-11-14 00:08:22 GSD getOne 第 1 次 等待 3 秒
2024-11-14 00:08:25 查询号码 【1314862】，返回信息 {"status":"ok","msg":"广东-梅州","gid":"221521","time_insert":"2021-07-08 10:27"}
2024-11-14 00:08:25 查询号码 【1314862】，GSD为【"广东-梅州"】

2024-11-14 00:08:26 开始第 4864 次操作

2024-11-14 00:08:26 开始操作号码 【1314863】
2024-11-14 00:08:28 GSD getOne 第 1 次 等待 3 秒
2024-11-14 00:08:31 查询号码 【1314863】，返回信息 {"status":"ok","msg":"河北-石家庄","gid":"221579","time_insert":"2021-07-08 10:38"}
2024-11-14 00:08:31 查询号码 【1314863】，GSD为【"河北-石家庄"】

