2024-07-23 00:23:18 开始第 7381 次操作

2024-07-23 00:23:18 开始操作号码 【1507290】
2024-07-23 00:23:29 GSD getOne 第 1 次 等待 3 秒
2024-07-23 00:23:32 查询号码 【1507290】，返回信息 {"status":"ok","msg":"湖北-十堰","gid":"379915","time_insert":"2021-07-24 17:58"}
2024-07-23 00:23:32 查询号码 【1507290】，GSD为【"湖北-十堰"】

2024-07-23 00:23:33 开始第 7382 次操作

2024-07-23 00:23:33 开始操作号码 【1507291】
2024-07-23 00:23:34 GSD getOne 第 1 次 等待 3 秒
2024-07-23 00:23:45 GSD getOne 第 2 次 等待 3 秒
2024-07-23 00:23:48 查询号码 【1507291】，返回信息 {"status":"ok","msg":"湖北-十堰","gid":"379907","time_insert":"2021-07-24 17:57"}
2024-07-23 00:23:48 查询号码 【1507291】，GSD为【"湖北-十堰"】

2024-07-23 00:23:49 开始第 7383 次操作

2024-07-23 00:23:49 开始操作号码 【1507292】
2024-07-23 00:23:57 GSD getOne 第 1 次 等待 3 秒
2024-07-23 00:24:00 查询号码 【1507292】，返回信息 {"status":"ok","msg":"湖北-鄂州","gid":"379895","time_insert":"2021-07-24 17:57"}
2024-07-23 00:24:00 查询号码 【1507292】，GSD为【"湖北-鄂州"】

2024-07-23 00:24:01 开始第 7384 次操作

2024-07-23 00:24:01 开始操作号码 【1507293】
2024-07-23 00:24:09 GSD getOne 第 1 次 等待 3 秒
2024-07-23 00:24:12 查询号码 【1507293】，返回信息 {"status":"ok","msg":"湖北-黄石","gid":"379881","time_insert":"2021-07-24 17:56"}
2024-07-23 00:24:12 查询号码 【1507293】，GSD为【"湖北-黄石"】

