2024-02-29 00:20:16 开始第 6253 次操作

2024-02-29 00:20:16 开始操作号码 【1726172】
2024-02-29 00:20:21 GSD getOne 第 1 次 等待 3 秒
2024-02-29 00:20:24 查询号码 【1726172】，返回信息 {"status":"ok","msg":"湖北-武汉","gid":"310027","time_insert":"2021-07-18 03:03"}
2024-02-29 00:20:24 查询号码 【1726172】，GSD为【"湖北-武汉"】

2024-02-29 00:20:25 开始第 6254 次操作

2024-02-29 00:20:25 开始操作号码 【1726173】
2024-02-29 00:20:31 GSD getOne 第 1 次 等待 3 秒
2024-02-29 00:20:34 查询号码 【1726173】，返回信息 {"status":"ok","msg":"湖北-襄阳","gid":"310037","time_insert":"2021-07-18 03:03"}
2024-02-29 00:20:34 查询号码 【1726173】，GSD为【"湖北-襄阳"】

2024-02-29 00:20:35 开始第 6255 次操作

2024-02-29 00:20:35 开始操作号码 【1726174】
2024-02-29 00:20:40 GSD getOne 第 1 次 等待 3 秒
2024-02-29 00:20:43 查询号码 【1726174】，返回信息 {"status":"ok","msg":"湖北-荆州","gid":"310048","time_insert":"2021-07-18 03:04"}
2024-02-29 00:20:43 查询号码 【1726174】，GSD为【"湖北-荆州"】

2024-02-29 00:20:44 开始第 6256 次操作

2024-02-29 00:20:44 开始操作号码 【1726175】
2024-02-29 00:20:48 GSD getOne 第 1 次 等待 3 秒
2024-02-29 00:20:51 查询号码 【1726175】，返回信息 {"status":"ok","msg":"湖北-宜昌","gid":"310057","time_insert":"2021-07-18 03:05"}
2024-02-29 00:20:51 查询号码 【1726175】，GSD为【"湖北-宜昌"】

