2023-10-10 00:20:46 开始第 2417 次操作

2023-10-10 00:20:46 开始操作号码 【1932416】
2023-10-10 00:20:50 GSD getOne 第 1 次 等待 3 秒
2023-10-10 00:20:53 查询号码 【1932416】，返回信息 {"status":"ok","msg":"贵州-黔南","gid":"506183","time_insert":"2021-08-12 17:42","time_update":"2023-06-12 15:13"}
2023-10-10 00:20:53 查询号码 【1932416】，GSD为【"贵州-黔南"】

2023-10-10 00:20:54 开始第 2418 次操作

2023-10-10 00:20:54 开始操作号码 【1932417】
2023-10-10 00:21:06 GSD getOne 第 1 次 等待 3 秒
2023-10-10 00:21:09 查询号码 【1932417】，返回信息 {"status":"ok","msg":"贵州-黔南","gid":"506206","time_insert":"2021-08-12 17:55","time_update":"2023-06-12 15:16"}
2023-10-10 00:21:09 查询号码 【1932417】，GSD为【"贵州-黔南"】

2023-10-10 00:21:10 开始第 2419 次操作

2023-10-10 00:21:10 开始操作号码 【1932418】
2023-10-10 00:21:14 GSD getOne 第 1 次 等待 3 秒
2023-10-10 00:21:17 查询号码 【1932418】，返回信息 {"status":"ok","msg":"贵州-黔南","gid":"506218","time_insert":"2021-08-12 18:07","time_update":"2023-06-12 15:18"}
2023-10-10 00:21:17 查询号码 【1932418】，GSD为【"贵州-黔南"】

2023-10-10 00:21:18 开始第 2420 次操作

2023-10-10 00:21:18 开始操作号码 【1932419】
2023-10-10 00:21:22 GSD getOne 第 1 次 等待 3 秒
2023-10-10 00:21:25 查询号码 【1932419】，返回信息 {"status":"ok","msg":"贵州-黔南","gid":"506237","time_insert":"2021-08-12 18:19","time_update":"2023-06-12 15:22"}
2023-10-10 00:21:25 查询号码 【1932419】，GSD为【"贵州-黔南"】

2023-10-10 00:40:26 开始第 2421 次操作

2023-10-10 00:40:26 开始操作号码 【1932420】
2023-10-10 00:40:30 GSD getOne 第 1 次 等待 3 秒
2023-10-10 00:40:33 查询号码 【1932420】，返回信息 {"status":"ok","msg":"广西-来宾","gid":"506260","time_insert":"2021-08-12 18:34","time_update":"2023-06-12 15:35"}
2023-10-10 00:40:33 查询号码 【1932420】，GSD为【"广西-来宾"】

2023-10-10 00:40:34 开始第 2422 次操作

2023-10-10 00:40:34 开始操作号码 【1932421】
2023-10-10 00:40:37 GSD getOne 第 1 次 等待 3 秒
2023-10-10 00:40:40 查询号码 【1932421】，返回信息 {"status":"ok","msg":"广西-来宾","gid":"506276","time_insert":"2021-08-12 18:45","time_update":"2023-06-12 15:39"}
2023-10-10 00:40:41 查询号码 【1932421】，GSD为【"广西-来宾"】

2023-10-10 00:40:42 开始第 2423 次操作

2023-10-10 00:40:42 开始操作号码 【1932422】
2023-10-10 00:40:46 GSD getOne 第 1 次 等待 3 秒
2023-10-10 00:40:49 查询号码 【1932422】，返回信息 {"status":"ok","msg":"广西-来宾","gid":"506292","time_insert":"2021-08-12 18:56","time_update":"2023-06-12 15:42"}
2023-10-10 00:40:49 查询号码 【1932422】，GSD为【"广西-来宾"】

2023-10-10 00:40:50 开始第 2424 次操作

2023-10-10 00:40:50 开始操作号码 【1932423】
2023-10-10 00:40:53 GSD getOne 第 1 次 等待 3 秒
2023-10-10 00:40:56 查询号码 【1932423】，返回信息 {"status":"ok","msg":"广西-来宾","gid":"506308","time_insert":"2021-08-12 19:07","time_update":"2023-06-12 15:43"}
2023-10-10 00:40:56 查询号码 【1932423】，GSD为【"广西-来宾"】

