2024-03-10 00:19:46 开始第 8009 次操作

2024-03-10 00:19:46 开始操作号码 【1727928】
2024-03-10 00:19:50 GSD getOne 第 1 次 等待 3 秒
2024-03-10 00:19:53 查询号码 【1727928】，返回信息 {"status":"ok","msg":"广东-东莞","gid":"332001","time_insert":"2021-07-20 02:00","time_update":"2023-05-30 09:03"}
2024-03-10 00:19:53 查询号码 【1727928】，GSD为【"广东-东莞"】

2024-03-10 00:19:54 开始第 8010 次操作

2024-03-10 00:19:54 开始操作号码 【1727929】
2024-03-10 00:19:59 GSD getOne 第 1 次 等待 3 秒
2024-03-10 00:20:02 查询号码 【1727929】，返回信息 {"status":"ok","msg":"广东-东莞","gid":"332009","time_insert":"2021-07-20 02:01","time_update":"2023-05-30 08:41"}
2024-03-10 00:20:02 查询号码 【1727929】，GSD为【"广东-东莞"】

2024-03-10 00:20:04 开始第 8011 次操作

2024-03-10 00:20:04 开始操作号码 【1727930】
2024-03-10 00:20:09 GSD getOne 第 1 次 等待 3 秒
2024-03-10 00:20:12 查询号码 【1727930】，返回信息 {"status":"ok","msg":"广东-东莞","gid":"332019","time_insert":"2021-07-20 02:01","time_update":"2023-05-30 08:24"}
2024-03-10 00:20:12 查询号码 【1727930】，GSD为【"广东-东莞"】

2024-03-10 00:20:13 开始第 8012 次操作

2024-03-10 00:20:13 开始操作号码 【1727931】
2024-03-10 00:20:17 GSD getOne 第 1 次 等待 3 秒
2024-03-10 00:20:20 查询号码 【1727931】，返回信息 {"status":"ok","msg":"广东-东莞","gid":"332032","time_insert":"2021-07-20 02:02","time_update":"2023-05-30 08:02"}
2024-03-10 00:20:20 查询号码 【1727931】，GSD为【"广东-东莞"】

