2023-12-21 00:19:57 开始第 4265 次操作

2023-12-21 00:19:57 开始操作号码 【1834184】
2023-12-21 00:20:02 GSD getOne 第 1 次 等待 3 秒
2023-12-21 00:20:05 查询号码 【1834184】，返回信息 {"status":"ok","msg":"辽宁-阜新","gid":"313985","time_insert":"2021-07-18 11:49"}
2023-12-21 00:20:05 查询号码 【1834184】，GSD为【"辽宁-阜新"】

2023-12-21 00:20:06 开始第 4266 次操作

2023-12-21 00:20:06 开始操作号码 【1834185】
2023-12-21 00:20:09 GSD getOne 第 1 次 等待 3 秒
2023-12-21 00:20:12 查询号码 【1834185】，返回信息 {"status":"ok","msg":"辽宁-阜新","gid":"314000","time_insert":"2021-07-18 11:50"}
2023-12-21 00:20:12 查询号码 【1834185】，GSD为【"辽宁-阜新"】

2023-12-21 00:20:13 开始第 4267 次操作

2023-12-21 00:20:13 开始操作号码 【1834186】
2023-12-21 00:20:17 GSD getOne 第 1 次 等待 3 秒
2023-12-21 00:20:20 查询号码 【1834186】，返回信息 {"status":"ok","msg":"辽宁-阜新","gid":"314015","time_insert":"2021-07-18 11:51"}
2023-12-21 00:20:20 查询号码 【1834186】，GSD为【"辽宁-阜新"】

2023-12-21 00:20:21 开始第 4268 次操作

2023-12-21 00:20:21 开始操作号码 【1834187】
2023-12-21 00:20:25 GSD getOne 第 1 次 等待 3 秒
2023-12-21 00:20:28 查询号码 【1834187】，返回信息 {"status":"ok","msg":"辽宁-阜新","gid":"314035","time_insert":"2021-07-18 11:52"}
2023-12-21 00:20:28 查询号码 【1834187】，GSD为【"辽宁-阜新"】

