2024-03-14 00:26:21 开始第 8729 次操作

2024-03-14 00:26:21 开始操作号码 【1728648】
2024-03-14 00:26:26 GSD getOne 第 1 次 等待 3 秒
2024-03-14 00:26:29 查询号码 【1728648】，返回信息 {"status":"ok","msg":"贵州-黔南","gid":"341209","time_insert":"2021-07-20 23:55","time_update":"2021-08-25 12:00"}
2024-03-14 00:26:29 查询号码 【1728648】，GSD为【"贵州-黔南"】

2024-03-14 00:26:30 开始第 8730 次操作

2024-03-14 00:26:30 开始操作号码 【1728649】
2024-03-14 00:26:34 GSD getOne 第 1 次 等待 3 秒
2024-03-14 00:26:37 查询号码 【1728649】，返回信息 {"status":"ok","msg":"贵州-黔南","gid":"341224","time_insert":"2021-07-20 23:57","time_update":"2021-08-25 11:46"}
2024-03-14 00:26:37 查询号码 【1728649】，GSD为【"贵州-黔南"】

2024-03-14 00:26:38 开始第 8731 次操作

2024-03-14 00:26:38 开始操作号码 【1728650】
2024-03-14 00:26:43 GSD getOne 第 1 次 等待 3 秒
2024-03-14 00:26:46 查询号码 【1728650】，返回信息 {"status":"ok","msg":"贵州-黔东南","gid":"341237","time_insert":"2021-07-20 23:58","time_update":"2021-08-25 11:31"}
2024-03-14 00:26:46 查询号码 【1728650】，GSD为【"贵州-黔东南"】

2024-03-14 00:26:47 开始第 8732 次操作

2024-03-14 00:26:47 开始操作号码 【1728651】
2024-03-14 00:26:51 GSD getOne 第 1 次 等待 3 秒
2024-03-14 00:26:54 查询号码 【1728651】，返回信息 {"status":"ok","msg":"贵州-黔东南","gid":"341253","time_insert":"2021-07-21 00:00","time_update":"2021-08-25 11:17"}
2024-03-14 00:26:54 查询号码 【1728651】，GSD为【"贵州-黔东南"】

