2024-09-29 00:25:00 开始第 6949 次操作

2024-09-29 00:25:00 开始操作号码 【1396948】
2024-09-29 00:25:03 GSD getOne 第 1 次 等待 3 秒
2024-09-29 00:25:06 查询号码 【1396948】，返回信息 {"status":"ok","msg":"山东-枣庄","gid":"331348","time_insert":"2021-07-20 00:54"}
2024-09-29 00:25:06 查询号码 【1396948】，GSD为【"山东-枣庄"】

2024-09-29 00:25:07 开始第 6950 次操作

2024-09-29 00:25:07 开始操作号码 【1396949】
2024-09-29 00:25:09 GSD getOne 第 1 次 等待 3 秒
2024-09-29 00:25:12 查询号码 【1396949】，返回信息 {"status":"ok","msg":"山东-枣庄","gid":"331388","time_insert":"2021-07-20 01:04"}
2024-09-29 00:25:12 查询号码 【1396949】，GSD为【"山东-枣庄"】

2024-09-29 00:25:13 开始第 6951 次操作

2024-09-29 00:25:13 开始操作号码 【1396950】
2024-09-29 00:25:15 GSD getOne 第 1 次 等待 3 秒
2024-09-29 00:25:18 查询号码 【1396950】，返回信息 {"status":"ok","msg":"山东-聊城","gid":"331514","time_insert":"2021-07-20 01:14"}
2024-09-29 00:25:18 查询号码 【1396950】，GSD为【"山东-聊城"】

2024-09-29 00:25:19 开始第 6952 次操作

2024-09-29 00:25:19 开始操作号码 【1396951】
2024-09-29 00:25:22 GSD getOne 第 1 次 等待 3 秒
2024-09-29 00:25:25 查询号码 【1396951】，返回信息 {"status":"ok","msg":"山东-聊城","gid":"331636","time_insert":"2021-07-20 01:23"}
2024-09-29 00:25:25 查询号码 【1396951】，GSD为【"山东-聊城"】

2024-09-29 00:42:58 开始第 6953 次操作

2024-09-29 00:42:58 开始操作号码 【1396952】
2024-09-29 00:43:01 GSD getOne 第 1 次 等待 3 秒
2024-09-29 00:43:04 查询号码 【1396952】，返回信息 {"status":"ok","msg":"山东-聊城","gid":"331727","time_insert":"2021-07-20 01:32"}
2024-09-29 00:43:04 查询号码 【1396952】，GSD为【"山东-聊城"】

2024-09-29 00:43:05 开始第 6954 次操作

2024-09-29 00:43:05 开始操作号码 【1396953】
2024-09-29 00:43:08 GSD getOne 第 1 次 等待 3 秒
2024-09-29 00:43:11 查询号码 【1396953】，返回信息 {"status":"ok","msg":"山东-聊城","gid":"331764","time_insert":"2021-07-20 01:43"}
2024-09-29 00:43:11 查询号码 【1396953】，GSD为【"山东-聊城"】

2024-09-29 00:43:12 开始第 6955 次操作

2024-09-29 00:43:12 开始操作号码 【1396954】
2024-09-29 00:43:14 GSD getOne 第 1 次 等待 3 秒
2024-09-29 00:43:17 查询号码 【1396954】，返回信息 {"status":"ok","msg":"山东-聊城","gid":"331880","time_insert":"2021-07-20 01:52"}
2024-09-29 00:43:18 查询号码 【1396954】，GSD为【"山东-聊城"】

2024-09-29 00:43:19 开始第 6956 次操作

2024-09-29 00:43:19 开始操作号码 【1396955】
2024-09-29 00:43:35 GSD getOne 第 1 次 等待 3 秒
2024-09-29 00:43:38 查询号码 【1396955】，返回信息 {"status":"ok","msg":"山东-聊城","gid":"332014","time_insert":"2021-07-20 02:01"}
2024-09-29 00:43:38 查询号码 【1396955】，GSD为【"山东-聊城"】

