2023-09-29 00:20:44 开始第 465 次操作

2023-09-29 00:20:44 开始操作号码 【1930464】
2023-09-29 00:20:47 GSD getOne 第 1 次 等待 3 秒
2023-09-29 00:20:50 查询号码 【1930464】，返回信息 {"status":"ok","msg":"黑龙江-七台河","gid":"446659","time_insert":"2021-07-30 17:39"}
2023-09-29 00:20:50 查询号码 【1930464】，GSD为【"黑龙江-七台河"】

2023-09-29 00:20:51 开始第 466 次操作

2023-09-29 00:20:51 开始操作号码 【1930465】
2023-09-29 00:20:56 GSD getOne 第 1 次 等待 3 秒
2023-09-29 00:20:59 查询号码 【1930465】，返回信息 {"status":"ok","msg":"黑龙江-双鸭山","gid":"446768","time_insert":"2021-07-30 17:51"}
2023-09-29 00:20:59 查询号码 【1930465】，GSD为【"黑龙江-双鸭山"】

2023-09-29 00:21:00 开始第 467 次操作

2023-09-29 00:21:00 开始操作号码 【1930466】
2023-09-29 00:21:01 GSD getOne 第 1 次 等待 3 秒
2023-09-29 00:21:04 查询号码 【1930466】，返回信息 {"status":"ok","msg":"黑龙江-齐齐哈尔","gid":"446988","time_insert":"2021-07-30 18:05"}
2023-09-29 00:21:04 查询号码 【1930466】，GSD为【"黑龙江-齐齐哈尔"】

2023-09-29 00:21:05 开始第 468 次操作

2023-09-29 00:21:05 开始操作号码 【1930467】
2023-09-29 00:21:07 GSD getOne 第 1 次 等待 3 秒
2023-09-29 00:21:10 查询号码 【1930467】，返回信息 {"status":"ok","msg":"黑龙江-鸡西","gid":"447116","time_insert":"2021-07-30 18:17"}
2023-09-29 00:21:10 查询号码 【1930467】，GSD为【"黑龙江-鸡西"】

