2024-12-05 00:09:36 开始第 8533 次操作

2024-12-05 00:09:36 开始操作号码 【1318532】
2024-12-05 00:09:37 GSD getOne 第 1 次 等待 3 秒
2024-12-05 00:09:40 查询号码 【1318532】，返回信息 {"status":"ok","msg":"浙江-嘉兴","gid":"213116","time_insert":"2021-07-07 09:46"}
2024-12-05 00:09:40 查询号码 【1318532】，GSD为【"浙江-嘉兴"】

2024-12-05 00:09:41 开始第 8534 次操作

2024-12-05 00:09:41 开始操作号码 【1318533】
2024-12-05 00:09:42 GSD getOne 第 1 次 等待 3 秒
2024-12-05 00:09:45 查询号码 【1318533】，返回信息 {"status":"ok","msg":"浙江-嘉兴","gid":"213114","time_insert":"2021-07-07 09:45"}
2024-12-05 00:09:45 查询号码 【1318533】，GSD为【"浙江-嘉兴"】

2024-12-05 00:09:46 开始第 8535 次操作

2024-12-05 00:09:46 开始操作号码 【1318534】
2024-12-05 00:09:48 GSD getOne 第 1 次 等待 3 秒
2024-12-05 00:09:51 查询号码 【1318534】，返回信息 {"status":"ok","msg":"浙江-嘉兴","gid":"213111","time_insert":"2021-07-07 09:45"}
2024-12-05 00:09:51 查询号码 【1318534】，GSD为【"浙江-嘉兴"】

2024-12-05 00:09:52 开始第 8536 次操作

2024-12-05 00:09:52 开始操作号码 【1318535】
2024-12-05 00:09:53 GSD getOne 第 1 次 等待 3 秒
2024-12-05 00:09:56 查询号码 【1318535】，返回信息 {"status":"ok","msg":"浙江-嘉兴","gid":"213108","time_insert":"2021-07-07 09:45"}
2024-12-05 00:09:56 查询号码 【1318535】，GSD为【"浙江-嘉兴"】

2024-12-05 00:45:13 开始第 8537 次操作

2024-12-05 00:45:13 开始操作号码 【1318536】
2024-12-05 00:45:14 GSD getOne 第 1 次 等待 3 秒
2024-12-05 00:45:17 查询号码 【1318536】，返回信息 {"status":"ok","msg":"浙江-嘉兴","gid":"213104","time_insert":"2021-07-07 09:44"}
2024-12-05 00:45:17 查询号码 【1318536】，GSD为【"浙江-嘉兴"】

2024-12-05 00:45:18 开始第 8538 次操作

2024-12-05 00:45:18 开始操作号码 【1318537】
2024-12-05 00:45:19 GSD getOne 第 1 次 等待 3 秒
2024-12-05 00:45:22 查询号码 【1318537】，返回信息 {"status":"ok","msg":"浙江-嘉兴","gid":"213100","time_insert":"2021-07-07 09:44"}
2024-12-05 00:45:22 查询号码 【1318537】，GSD为【"浙江-嘉兴"】

2024-12-05 00:45:23 开始第 8539 次操作

2024-12-05 00:45:23 开始操作号码 【1318538】
2024-12-05 00:45:25 GSD getOne 第 1 次 等待 3 秒
2024-12-05 00:45:28 查询号码 【1318538】，返回信息 {"status":"ok","msg":"浙江-嘉兴","gid":"213098","time_insert":"2021-07-07 09:43"}
2024-12-05 00:45:28 查询号码 【1318538】，GSD为【"浙江-嘉兴"】

2024-12-05 00:45:29 开始第 8540 次操作

2024-12-05 00:45:29 开始操作号码 【1318539】
2024-12-05 00:45:30 GSD getOne 第 1 次 等待 3 秒
2024-12-05 00:45:33 查询号码 【1318539】，返回信息 {"status":"ok","msg":"浙江-嘉兴","gid":"213092","time_insert":"2021-07-07 09:43"}
2024-12-05 00:45:33 查询号码 【1318539】，GSD为【"浙江-嘉兴"】

2024-12-05 01:07:04 开始第 8541 次操作

2024-12-05 01:07:04 开始操作号码 【1318540】
2024-12-05 01:07:05 GSD getOne 第 1 次 等待 3 秒
2024-12-05 01:07:08 查询号码 【1318540】，返回信息 {"status":"ok","msg":"浙江-嘉兴","gid":"213090","time_insert":"2021-07-07 09:42"}
2024-12-05 01:07:08 查询号码 【1318540】，GSD为【"浙江-嘉兴"】

2024-12-05 01:07:09 开始第 8542 次操作

2024-12-05 01:07:09 开始操作号码 【1318541】
2024-12-05 01:07:11 GSD getOne 第 1 次 等待 3 秒
2024-12-05 01:07:14 查询号码 【1318541】，返回信息 {"status":"ok","msg":"浙江-嘉兴","gid":"213086","time_insert":"2021-07-07 09:42"}
2024-12-05 01:07:14 查询号码 【1318541】，GSD为【"浙江-嘉兴"】

2024-12-05 01:07:15 开始第 8543 次操作

2024-12-05 01:07:15 开始操作号码 【1318542】
2024-12-05 01:07:16 GSD getOne 第 1 次 等待 3 秒
2024-12-05 01:07:19 查询号码 【1318542】，返回信息 {"status":"ok","msg":"浙江-嘉兴","gid":"213081","time_insert":"2021-07-07 09:41"}
2024-12-05 01:07:19 查询号码 【1318542】，GSD为【"浙江-嘉兴"】

2024-12-05 01:07:20 开始第 8544 次操作

2024-12-05 01:07:20 开始操作号码 【1318543】
2024-12-05 01:07:21 GSD getOne 第 1 次 等待 3 秒
2024-12-05 01:07:24 查询号码 【1318543】，返回信息 {"status":"ok","msg":"浙江-嘉兴","gid":"213080","time_insert":"2021-07-07 09:41"}
2024-12-05 01:07:24 查询号码 【1318543】，GSD为【"浙江-嘉兴"】

