2024-05-19 00:19:44 开始第 9581 次操作

2024-05-19 00:19:44 开始操作号码 【1619491】
2024-05-19 00:19:53 GSD getOne 第 1 次 等待 3 秒
2024-05-19 00:19:56 查询号码 【1619491】，返回信息 {"status":"ok","msg":"-","gid":"693141","time_insert":"2023-05-05 08:53"}
2024-05-19 00:19:56 查询号码 【1619491】，GSD为【"-"】
2024-05-19 00:19:56 ok && -
2024-05-19 00:19:58 CHB 1619491?1716049196 第 1 次 等待 3 秒
2024-05-19 00:20:01 CHB 1619491?1716049196 第 1 次 获取到号码【1619491】GSD
2024-05-19 00:20:01 未获取到号码【1619491】GSD，可能号码格式错误
2024-05-19 00:20:01 获取到号码【1619491】的GSD为【-】
2024-05-19 00:20:13 GSD insert 第 1 次 等待 3 秒
2024-05-19 00:20:16 {"status":"bad","gid":"693141","msg":"添加失败！号码【1619491(-|-)】已存在！"}
2024-05-19 00:20:16 随机等待 196 秒，约 3 分钟
2024-05-19 00:20:16 下次操作: 2024-05-19 00:23:32

2024-05-19 00:23:32 开始第 9582 次操作

2024-05-19 00:23:32 开始操作号码 【1619492】
2024-05-19 00:23:42 GSD getOne 第 1 次 等待 3 秒
2024-05-19 00:23:45 查询号码 【1619492】，返回信息 {"status":"ok","msg":"-","gid":"693158","time_insert":"2023-05-05 09:11"}
2024-05-19 00:23:45 查询号码 【1619492】，GSD为【"-"】
2024-05-19 00:23:45 ok && -
2024-05-19 00:23:47 CHB 1619492?1716049425 第 1 次 等待 3 秒
2024-05-19 00:23:50 CHB 1619492?1716049425 第 1 次 获取到号码【1619492】GSD
2024-05-19 00:23:50 未获取到号码【1619492】GSD，可能号码格式错误
2024-05-19 00:23:50 获取到号码【1619492】的GSD为【-】
2024-05-19 00:23:57 GSD insert 第 1 次 等待 3 秒
2024-05-19 00:24:00 {"status":"bad","gid":"693158","msg":"添加失败！号码【1619492(-|-)】已存在！"}
2024-05-19 00:24:00 随机等待 79 秒，约 1 分钟
2024-05-19 00:24:00 下次操作: 2024-05-19 00:25:19

2024-05-19 00:25:19 开始第 9583 次操作

2024-05-19 00:25:19 开始操作号码 【1619493】
2024-05-19 00:25:27 GSD getOne 第 1 次 等待 3 秒
2024-05-19 00:25:30 查询号码 【1619493】，返回信息 {"status":"ok","msg":"-","gid":"693173","time_insert":"2023-05-05 09:28"}
2024-05-19 00:25:30 查询号码 【1619493】，GSD为【"-"】
2024-05-19 00:25:30 ok && -
2024-05-19 00:25:32 CHB 1619493?1716049530 第 1 次 等待 3 秒
2024-05-19 00:25:35 CHB 1619493?1716049530 第 1 次 获取到号码【1619493】GSD
2024-05-19 00:25:35 未获取到号码【1619493】GSD，可能号码格式错误
2024-05-19 00:25:35 获取到号码【1619493】的GSD为【-】
2024-05-19 00:26:08 GSD insert 第 1 次 等待 3 秒
2024-05-19 00:26:11 {"status":"bad","gid":"693173","msg":"添加失败！号码【1619493(-|-)】已存在！"}
2024-05-19 00:26:11 随机等待 74 秒，约 1 分钟
2024-05-19 00:26:11 下次操作: 2024-05-19 00:27:25

2024-05-19 00:27:25 开始第 9584 次操作

2024-05-19 00:27:25 开始操作号码 【1619494】
2024-05-19 00:27:33 GSD getOne 第 1 次 等待 3 秒
2024-05-19 00:27:36 查询号码 【1619494】，返回信息 {"status":"ok","msg":"-","gid":"693189","time_insert":"2023-05-05 09:46"}
2024-05-19 00:27:36 查询号码 【1619494】，GSD为【"-"】
2024-05-19 00:27:36 ok && -
2024-05-19 00:27:39 CHB 1619494?1716049656 第 1 次 等待 3 秒
2024-05-19 00:27:42 CHB 1619494?1716049656 第 1 次 获取到号码【1619494】GSD
2024-05-19 00:27:42 未获取到号码【1619494】GSD，可能号码格式错误
2024-05-19 00:27:42 获取到号码【1619494】的GSD为【-】
2024-05-19 00:27:51 GSD insert 第 1 次 等待 3 秒
2024-05-19 00:27:54 {"status":"bad","gid":"693189","msg":"添加失败！号码【1619494(-|-)】已存在！"}

