2024-02-07 00:19:52 开始第 2297 次操作

2024-02-07 00:19:52 开始操作号码 【1722216】
2024-02-07 00:19:57 GSD getOne 第 1 次 等待 3 秒
2024-02-07 00:20:00 查询号码 【1722216】，返回信息 {"status":"ok","msg":"-","gid":"261855","time_insert":"2021-07-13 03:08"}
2024-02-07 00:20:00 查询号码 【1722216】，GSD为【"-"】
2024-02-07 00:20:00 ok && -
2024-02-07 00:20:03 CHB 1722216?1707236400 第 1 次 等待 3 秒
2024-02-07 00:20:06 CHB 1722216?1707236400 第 1 次 获取到号码【1722216】GSD
2024-02-07 00:20:06 未获取到号码【1722216】GSD，可能号码格式错误
2024-02-07 00:20:06 获取到号码【1722216】的GSD为【-】
2024-02-07 00:20:10 GSD insert 第 1 次 等待 3 秒
2024-02-07 00:20:13 {"status":"bad","gid":"261855","msg":"添加失败！号码【1722216(-|-)】已存在！"}
2024-02-07 00:20:13 随机等待 233 秒，约 3 分钟
2024-02-07 00:20:13 下次操作: 2024-02-07 00:24:06

2024-02-07 00:24:06 开始第 2298 次操作

2024-02-07 00:24:06 开始操作号码 【1722217】
2024-02-07 00:24:10 GSD getOne 第 1 次 等待 3 秒
2024-02-07 00:24:13 查询号码 【1722217】，返回信息 {"status":"ok","msg":"-","gid":"261857","time_insert":"2021-07-13 03:09"}
2024-02-07 00:24:13 查询号码 【1722217】，GSD为【"-"】
2024-02-07 00:24:13 ok && -
2024-02-07 00:24:15 CHB 1722217?1707236653 第 1 次 等待 3 秒
2024-02-07 00:24:18 CHB 1722217?1707236653 第 1 次 获取到号码【1722217】GSD
2024-02-07 00:24:18 未获取到号码【1722217】GSD，可能号码格式错误
2024-02-07 00:24:18 获取到号码【1722217】的GSD为【-】
2024-02-07 00:24:22 GSD insert 第 1 次 等待 3 秒
2024-02-07 00:24:25 {"status":"bad","gid":"261857","msg":"添加失败！号码【1722217(-|-)】已存在！"}
2024-02-07 00:24:25 随机等待 91 秒，约 1 分钟
2024-02-07 00:24:25 下次操作: 2024-02-07 00:25:56

2024-02-07 00:25:56 开始第 2299 次操作

2024-02-07 00:25:56 开始操作号码 【1722218】
2024-02-07 00:26:03 GSD getOne 第 1 次 等待 3 秒
2024-02-07 00:26:06 查询号码 【1722218】，返回信息 {"status":"ok","msg":"-","gid":"261910","time_insert":"2021-07-13 03:35"}
2024-02-07 00:26:06 查询号码 【1722218】，GSD为【"-"】
2024-02-07 00:26:06 ok && -
2024-02-07 00:26:08 CHB 1722218?1707236766 第 1 次 等待 3 秒
2024-02-07 00:26:11 CHB 1722218?1707236766 第 1 次 获取到号码【1722218】GSD
2024-02-07 00:26:11 未获取到号码【1722218】GSD，可能号码格式错误
2024-02-07 00:26:11 获取到号码【1722218】的GSD为【-】
2024-02-07 00:26:15 GSD insert 第 1 次 等待 3 秒
2024-02-07 00:26:18 {"status":"bad","gid":"261910","msg":"添加失败！号码【1722218(-|-)】已存在！"}
2024-02-07 00:26:18 随机等待 119 秒，约 1 分钟
2024-02-07 00:26:18 下次操作: 2024-02-07 00:28:17

2024-02-07 00:28:17 开始第 2300 次操作

2024-02-07 00:28:17 开始操作号码 【1722219】
2024-02-07 00:28:21 GSD getOne 第 1 次 等待 3 秒
2024-02-07 00:28:24 查询号码 【1722219】，返回信息 {"status":"ok","msg":"江苏-南京","gid":"261912","time_insert":"2021-07-13 03:35"}
2024-02-07 00:28:24 查询号码 【1722219】，GSD为【"江苏-南京"】

