2024-07-07 00:20:37 开始第 4593 次操作

2024-07-07 00:20:37 开始操作号码 【1504502】
2024-07-07 00:20:56 GSD getOne 第 1 次 等待 3 秒
2024-07-07 00:20:59 查询号码 【1504502】，返回信息 {"status":"ok","msg":"黑龙江-哈尔滨","gid":"268859","time_insert":"2021-07-13 21:55"}
2024-07-07 00:20:59 查询号码 【1504502】，GSD为【"黑龙江-哈尔滨"】

2024-07-07 00:21:00 开始第 4594 次操作

2024-07-07 00:21:00 开始操作号码 【1504503】
2024-07-07 00:21:09 GSD getOne 第 1 次 等待 3 秒
2024-07-07 00:21:12 查询号码 【1504503】，返回信息 {"status":"ok","msg":"黑龙江-哈尔滨","gid":"268906","time_insert":"2021-07-13 22:06"}
2024-07-07 00:21:12 查询号码 【1504503】，GSD为【"黑龙江-哈尔滨"】

2024-07-07 00:21:13 开始第 4595 次操作

2024-07-07 00:21:13 开始操作号码 【1504504】
2024-07-07 00:21:23 GSD getOne 第 1 次 等待 3 秒
2024-07-07 00:21:26 查询号码 【1504504】，返回信息 {"status":"ok","msg":"黑龙江-哈尔滨","gid":"268930","time_insert":"2021-07-13 22:17"}
2024-07-07 00:21:26 查询号码 【1504504】，GSD为【"黑龙江-哈尔滨"】

2024-07-07 00:21:27 开始第 4596 次操作

2024-07-07 00:21:27 开始操作号码 【1504505】
2024-07-07 00:21:37 GSD getOne 第 1 次 等待 3 秒
2024-07-07 00:21:40 查询号码 【1504505】，返回信息 {"status":"ok","msg":"黑龙江-哈尔滨","gid":"268959","time_insert":"2021-07-13 22:32"}
2024-07-07 00:21:40 查询号码 【1504505】，GSD为【"黑龙江-哈尔滨"】

