2023-12-18 00:19:30 开始第 3733 次操作

2023-12-18 00:19:30 开始操作号码 【1833652】
2023-12-18 00:19:34 GSD getOne 第 1 次 等待 3 秒
2023-12-18 00:19:37 查询号码 【1833652】，返回信息 {"status":"ok","msg":"河南-周口","gid":"55693","time_insert":"2020-11-22 10:25"}
2023-12-18 00:19:37 查询号码 【1833652】，GSD为【"河南-周口"】

2023-12-18 00:19:38 开始第 3734 次操作

2023-12-18 00:19:38 开始操作号码 【1833653】
2023-12-18 00:19:42 GSD getOne 第 1 次 等待 3 秒
2023-12-18 00:19:45 查询号码 【1833653】，返回信息 {"status":"ok","msg":"河南-周口","gid":"37733","time_insert":"2017-06-12 13:44","time_update":"2020-09-13 23:55"}
2023-12-18 00:19:45 查询号码 【1833653】，GSD为【"河南-周口"】

2023-12-18 00:19:46 开始第 3735 次操作

2023-12-18 00:19:46 开始操作号码 【1833654】
2023-12-18 00:19:50 GSD getOne 第 1 次 等待 3 秒
2023-12-18 00:19:53 查询号码 【1833654】，返回信息 {"status":"ok","msg":"河南-周口","gid":"308232","time_insert":"2021-07-17 23:13"}
2023-12-18 00:19:53 查询号码 【1833654】，GSD为【"河南-周口"】

2023-12-18 00:19:54 开始第 3736 次操作

2023-12-18 00:19:54 开始操作号码 【1833655】
2023-12-18 00:19:58 GSD getOne 第 1 次 等待 3 秒
2023-12-18 00:20:01 查询号码 【1833655】，返回信息 {"status":"ok","msg":"河南-周口","gid":"308324","time_insert":"2021-07-17 23:46"}
2023-12-18 00:20:01 查询号码 【1833655】，GSD为【"河南-周口"】

