2024-03-11 00:18:41 开始第 8189 次操作

2024-03-11 00:18:41 开始操作号码 【1728108】
2024-03-11 00:18:46 GSD getOne 第 1 次 等待 3 秒
2024-03-11 00:18:49 查询号码 【1728108】，返回信息 {"status":"ok","msg":"山东-济南","gid":"334175","time_insert":"2021-07-20 06:46","time_update":"2023-05-29 09:52"}
2024-03-11 00:18:49 查询号码 【1728108】，GSD为【"山东-济南"】

2024-03-11 00:18:50 开始第 8190 次操作

2024-03-11 00:18:50 开始操作号码 【1728109】
2024-03-11 00:18:55 GSD getOne 第 1 次 等待 3 秒
2024-03-11 00:18:58 查询号码 【1728109】，返回信息 {"status":"ok","msg":"山东-临沂","gid":"334191","time_insert":"2021-07-20 06:47","time_update":"2023-05-29 09:52"}
2024-03-11 00:18:58 查询号码 【1728109】，GSD为【"山东-临沂"】

2024-03-11 00:18:59 开始第 8191 次操作

2024-03-11 00:18:59 开始操作号码 【1728110】
2024-03-11 00:19:03 GSD getOne 第 1 次 等待 3 秒
2024-03-11 00:19:06 查询号码 【1728110】，返回信息 {"status":"ok","msg":"福建-福州","gid":"334202","time_insert":"2021-07-20 06:48"}
2024-03-11 00:19:06 查询号码 【1728110】，GSD为【"福建-福州"】

2024-03-11 00:19:07 开始第 8192 次操作

2024-03-11 00:19:07 开始操作号码 【1728111】
2024-03-11 00:19:12 GSD getOne 第 1 次 等待 3 秒
2024-03-11 00:19:15 查询号码 【1728111】，返回信息 {"status":"ok","msg":"福建-福州","gid":"334216","time_insert":"2021-07-20 06:49","time_update":"2023-05-29 09:52"}
2024-03-11 00:19:15 查询号码 【1728111】，GSD为【"福建-福州"】

