2024-12-03 00:09:23 开始第 8181 次操作

2024-12-03 00:09:23 开始操作号码 【1318180】
2024-12-03 00:09:25 GSD getOne 第 1 次 等待 3 秒
2024-12-03 00:09:28 查询号码 【1318180】，返回信息 {"status":"ok","msg":"山东-泰安","gid":"216283","time_insert":"2021-07-07 18:49"}
2024-12-03 00:09:28 查询号码 【1318180】，GSD为【"山东-泰安"】

2024-12-03 00:09:29 开始第 8182 次操作

2024-12-03 00:09:29 开始操作号码 【1318181】
2024-12-03 00:09:30 GSD getOne 第 1 次 等待 3 秒
2024-12-03 00:09:33 查询号码 【1318181】，返回信息 {"status":"ok","msg":"山东-泰安","gid":"216275","time_insert":"2021-07-07 18:49"}
2024-12-03 00:09:33 查询号码 【1318181】，GSD为【"山东-泰安"】

2024-12-03 00:09:34 开始第 8183 次操作

2024-12-03 00:09:34 开始操作号码 【1318182】
2024-12-03 00:09:36 GSD getOne 第 1 次 等待 3 秒
2024-12-03 00:09:39 查询号码 【1318182】，返回信息 {"status":"ok","msg":"山东-泰安","gid":"216267","time_insert":"2021-07-07 18:49"}
2024-12-03 00:09:39 查询号码 【1318182】，GSD为【"山东-泰安"】

2024-12-03 00:09:40 开始第 8184 次操作

2024-12-03 00:09:40 开始操作号码 【1318183】
2024-12-03 00:09:41 GSD getOne 第 1 次 等待 3 秒
2024-12-03 00:09:44 查询号码 【1318183】，返回信息 {"status":"ok","msg":"山东-泰安","gid":"216262","time_insert":"2021-07-07 18:48"}
2024-12-03 00:09:44 查询号码 【1318183】，GSD为【"山东-泰安"】

2024-12-03 00:44:04 开始第 8185 次操作

2024-12-03 00:44:04 开始操作号码 【1318184】
2024-12-03 00:44:06 GSD getOne 第 1 次 等待 3 秒
2024-12-03 00:44:09 查询号码 【1318184】，返回信息 {"status":"ok","msg":"山东-泰安","gid":"216256","time_insert":"2021-07-07 18:48"}
2024-12-03 00:44:09 查询号码 【1318184】，GSD为【"山东-泰安"】

2024-12-03 00:44:10 开始第 8186 次操作

2024-12-03 00:44:10 开始操作号码 【1318185】
2024-12-03 00:44:11 GSD getOne 第 1 次 等待 3 秒
2024-12-03 00:44:14 查询号码 【1318185】，返回信息 {"status":"ok","msg":"山东-东营","gid":"216249","time_insert":"2021-07-07 18:47"}
2024-12-03 00:44:14 查询号码 【1318185】，GSD为【"山东-东营"】

2024-12-03 00:44:15 开始第 8187 次操作

2024-12-03 00:44:15 开始操作号码 【1318186】
2024-12-03 00:44:16 GSD getOne 第 1 次 等待 3 秒
2024-12-03 00:44:19 查询号码 【1318186】，返回信息 {"status":"ok","msg":"山东-东营","gid":"216240","time_insert":"2021-07-07 18:47"}
2024-12-03 00:44:19 查询号码 【1318186】，GSD为【"山东-东营"】

2024-12-03 00:44:20 开始第 8188 次操作

2024-12-03 00:44:20 开始操作号码 【1318187】
2024-12-03 00:44:21 GSD getOne 第 1 次 等待 3 秒
2024-12-03 00:44:24 查询号码 【1318187】，返回信息 {"status":"ok","msg":"山东-威海","gid":"216235","time_insert":"2021-07-07 18:47"}
2024-12-03 00:44:24 查询号码 【1318187】，GSD为【"山东-威海"】

2024-12-03 01:00:47 开始第 8189 次操作

2024-12-03 01:00:47 开始操作号码 【1318188】
2024-12-03 01:00:48 GSD getOne 第 1 次 等待 3 秒
2024-12-03 01:00:51 查询号码 【1318188】，返回信息 {"status":"ok","msg":"山东-威海","gid":"216226","time_insert":"2021-07-07 18:46"}
2024-12-03 01:00:51 查询号码 【1318188】，GSD为【"山东-威海"】

2024-12-03 01:00:52 开始第 8190 次操作

2024-12-03 01:00:52 开始操作号码 【1318189】
2024-12-03 01:00:53 GSD getOne 第 1 次 等待 3 秒
2024-12-03 01:00:56 查询号码 【1318189】，返回信息 {"status":"ok","msg":"山东-威海","gid":"216219","time_insert":"2021-07-07 18:46"}
2024-12-03 01:00:56 查询号码 【1318189】，GSD为【"山东-威海"】

2024-12-03 01:00:57 开始第 8191 次操作

2024-12-03 01:00:57 开始操作号码 【1318190】
2024-12-03 01:00:58 GSD getOne 第 1 次 等待 3 秒
2024-12-03 01:01:01 查询号码 【1318190】，返回信息 {"status":"ok","msg":"山东-淄博","gid":"216211","time_insert":"2021-07-07 18:45"}
2024-12-03 01:01:01 查询号码 【1318190】，GSD为【"山东-淄博"】

2024-12-03 01:01:02 开始第 8192 次操作

2024-12-03 01:01:02 开始操作号码 【1318191】
2024-12-03 01:01:03 GSD getOne 第 1 次 等待 3 秒
2024-12-03 01:01:06 查询号码 【1318191】，返回信息 {"status":"ok","msg":"山东-淄博","gid":"216206","time_insert":"2021-07-07 18:45"}
2024-12-03 01:01:06 查询号码 【1318191】，GSD为【"山东-淄博"】

2024-12-03 01:36:47 开始第 8193 次操作

2024-12-03 01:36:47 开始操作号码 【1318192】
2024-12-03 01:36:49 GSD getOne 第 1 次 等待 3 秒
2024-12-03 01:36:52 查询号码 【1318192】，返回信息 {"status":"ok","msg":"山东-淄博","gid":"216200","time_insert":"2021-07-07 18:45"}
2024-12-03 01:36:52 查询号码 【1318192】，GSD为【"山东-淄博"】

2024-12-03 01:36:53 开始第 8194 次操作

2024-12-03 01:36:53 开始操作号码 【1318193】
2024-12-03 01:36:54 GSD getOne 第 1 次 等待 3 秒
2024-12-03 01:36:57 查询号码 【1318193】，返回信息 {"status":"ok","msg":"山东-淄博","gid":"216193","time_insert":"2021-07-07 18:44"}
2024-12-03 01:36:57 查询号码 【1318193】，GSD为【"山东-淄博"】

2024-12-03 01:36:58 开始第 8195 次操作

2024-12-03 01:36:58 开始操作号码 【1318194】
2024-12-03 01:36:59 GSD getOne 第 1 次 等待 3 秒
2024-12-03 01:37:02 查询号码 【1318194】，返回信息 {"status":"ok","msg":"山东-淄博","gid":"216188","time_insert":"2021-07-07 18:44"}
2024-12-03 01:37:02 查询号码 【1318194】，GSD为【"山东-淄博"】

2024-12-03 01:37:03 开始第 8196 次操作

2024-12-03 01:37:03 开始操作号码 【1318195】
2024-12-03 01:37:04 GSD getOne 第 1 次 等待 3 秒
2024-12-03 01:37:07 查询号码 【1318195】，返回信息 {"status":"ok","msg":"山东-东营","gid":"216185","time_insert":"2021-07-07 18:43"}
2024-12-03 01:37:07 查询号码 【1318195】，GSD为【"山东-东营"】

2024-12-03 02:10:21 开始第 8197 次操作

2024-12-03 02:10:21 开始操作号码 【1318196】
2024-12-03 02:10:22 GSD getOne 第 1 次 等待 3 秒
2024-12-03 02:10:25 查询号码 【1318196】，返回信息 {"status":"ok","msg":"山东-东营","gid":"216180","time_insert":"2021-07-07 18:43"}
2024-12-03 02:10:25 查询号码 【1318196】，GSD为【"山东-东营"】

2024-12-03 02:10:26 开始第 8198 次操作

2024-12-03 02:10:26 开始操作号码 【1318197】
2024-12-03 02:10:27 GSD getOne 第 1 次 等待 3 秒
2024-12-03 02:10:30 查询号码 【1318197】，返回信息 {"status":"ok","msg":"山东-东营","gid":"216174","time_insert":"2021-07-07 18:43"}
2024-12-03 02:10:30 查询号码 【1318197】，GSD为【"山东-东营"】

2024-12-03 02:10:31 开始第 8199 次操作

2024-12-03 02:10:31 开始操作号码 【1318198】
2024-12-03 02:10:32 GSD getOne 第 1 次 等待 3 秒
2024-12-03 02:10:35 查询号码 【1318198】，返回信息 {"status":"ok","msg":"山东-东营","gid":"216164","time_insert":"2021-07-07 18:42"}
2024-12-03 02:10:35 查询号码 【1318198】，GSD为【"山东-东营"】

2024-12-03 02:10:36 开始第 8200 次操作

2024-12-03 02:10:36 开始操作号码 【1318199】
2024-12-03 02:10:37 GSD getOne 第 1 次 等待 3 秒
2024-12-03 02:10:40 查询号码 【1318199】，返回信息 {"status":"ok","msg":"山东-东营","gid":"216159","time_insert":"2021-07-07 18:42"}
2024-12-03 02:10:40 查询号码 【1318199】，GSD为【"山东-东营"】

2024-12-03 02:43:35 开始第 8201 次操作

2024-12-03 02:43:35 开始操作号码 【1318200】
2024-12-03 02:43:36 GSD getOne 第 1 次 等待 3 秒
2024-12-03 02:43:39 查询号码 【1318200】，返回信息 {"status":"ok","msg":"江苏-扬州","gid":"215961","time_insert":"2021-07-07 17:55"}
2024-12-03 02:43:39 查询号码 【1318200】，GSD为【"江苏-扬州"】

2024-12-03 02:43:40 开始第 8202 次操作

2024-12-03 02:43:40 开始操作号码 【1318201】
2024-12-03 02:43:41 GSD getOne 第 1 次 等待 3 秒
2024-12-03 02:43:44 查询号码 【1318201】，返回信息 {"status":"ok","msg":"江苏-扬州","gid":"215956","time_insert":"2021-07-07 17:55"}
2024-12-03 02:43:44 查询号码 【1318201】，GSD为【"江苏-扬州"】

2024-12-03 02:43:45 开始第 8203 次操作

2024-12-03 02:43:45 开始操作号码 【1318202】
2024-12-03 02:43:46 GSD getOne 第 1 次 等待 3 秒
2024-12-03 02:43:49 查询号码 【1318202】，返回信息 {"status":"ok","msg":"江苏-扬州","gid":"1598","time_insert":"2019-07-17 16:17","time_update":"2020-08-23 21:08"}
2024-12-03 02:43:49 查询号码 【1318202】，GSD为【"江苏-扬州"】

2024-12-03 02:43:50 开始第 8204 次操作

2024-12-03 02:43:50 开始操作号码 【1318203】
2024-12-03 02:43:51 GSD getOne 第 1 次 等待 3 秒
2024-12-03 02:43:54 查询号码 【1318203】，返回信息 {"status":"ok","msg":"江苏-扬州","gid":"215950","time_insert":"2021-07-07 17:54"}
2024-12-03 02:43:54 查询号码 【1318203】，GSD为【"江苏-扬州"】

2024-12-03 03:01:28 开始第 8205 次操作

2024-12-03 03:01:28 开始操作号码 【1318204】
2024-12-03 03:01:29 GSD getOne 第 1 次 等待 3 秒
2024-12-03 03:01:32 查询号码 【1318204】，返回信息 {"status":"ok","msg":"江苏-扬州","gid":"215948","time_insert":"2021-07-07 17:54"}
2024-12-03 03:01:32 查询号码 【1318204】，GSD为【"江苏-扬州"】

2024-12-03 03:01:33 开始第 8206 次操作

2024-12-03 03:01:33 开始操作号码 【1318205】
2024-12-03 03:01:34 GSD getOne 第 1 次 等待 3 秒
2024-12-03 03:01:37 查询号码 【1318205】，返回信息 {"status":"ok","msg":"江苏-扬州","gid":"215944","time_insert":"2021-07-07 17:54"}
2024-12-03 03:01:37 查询号码 【1318205】，GSD为【"江苏-扬州"】

2024-12-03 03:01:38 开始第 8207 次操作

2024-12-03 03:01:38 开始操作号码 【1318206】
2024-12-03 03:01:39 GSD getOne 第 1 次 等待 3 秒
2024-12-03 03:01:42 查询号码 【1318206】，返回信息 {"status":"ok","msg":"江苏-无锡","gid":"215940","time_insert":"2021-07-07 17:53"}
2024-12-03 03:01:42 查询号码 【1318206】，GSD为【"江苏-无锡"】

2024-12-03 03:01:43 开始第 8208 次操作

2024-12-03 03:01:43 开始操作号码 【1318207】
2024-12-03 03:01:45 GSD getOne 第 1 次 等待 3 秒
2024-12-03 03:01:48 查询号码 【1318207】，返回信息 {"status":"ok","msg":"江苏-无锡","gid":"215935","time_insert":"2021-07-07 17:53"}
2024-12-03 03:01:48 查询号码 【1318207】，GSD为【"江苏-无锡"】

2024-12-03 03:30:35 开始第 8209 次操作

2024-12-03 03:30:35 开始操作号码 【1318208】
2024-12-03 03:30:36 GSD getOne 第 1 次 等待 3 秒
2024-12-03 03:30:39 查询号码 【1318208】，返回信息 {"status":"ok","msg":"江苏-无锡","gid":"215928","time_insert":"2021-07-07 17:53"}
2024-12-03 03:30:39 查询号码 【1318208】，GSD为【"江苏-无锡"】

2024-12-03 03:30:40 开始第 8210 次操作

2024-12-03 03:30:40 开始操作号码 【1318209】
2024-12-03 03:30:41 GSD getOne 第 1 次 等待 3 秒
2024-12-03 03:30:44 查询号码 【1318209】，返回信息 {"status":"ok","msg":"江苏-无锡","gid":"215925","time_insert":"2021-07-07 17:52"}
2024-12-03 03:30:44 查询号码 【1318209】，GSD为【"江苏-无锡"】

2024-12-03 03:30:45 开始第 8211 次操作

2024-12-03 03:30:45 开始操作号码 【1318210】
2024-12-03 03:30:46 GSD getOne 第 1 次 等待 3 秒
2024-12-03 03:30:49 查询号码 【1318210】，返回信息 {"status":"ok","msg":"江苏-盐城","gid":"215917","time_insert":"2021-07-07 17:52"}
2024-12-03 03:30:49 查询号码 【1318210】，GSD为【"江苏-盐城"】

2024-12-03 03:30:50 开始第 8212 次操作

2024-12-03 03:30:50 开始操作号码 【1318211】
2024-12-03 03:30:51 GSD getOne 第 1 次 等待 3 秒
2024-12-03 03:30:54 查询号码 【1318211】，返回信息 {"status":"ok","msg":"江苏-盐城","gid":"215911","time_insert":"2021-07-07 17:51"}
2024-12-03 03:30:55 查询号码 【1318211】，GSD为【"江苏-盐城"】

2024-12-03 04:07:24 开始第 8213 次操作

2024-12-03 04:07:24 开始操作号码 【1318212】
2024-12-03 04:07:26 GSD getOne 第 1 次 等待 3 秒
2024-12-03 04:07:29 查询号码 【1318212】，返回信息 {"status":"ok","msg":"江苏-盐城","gid":"215904","time_insert":"2021-07-07 17:51"}
2024-12-03 04:07:29 查询号码 【1318212】，GSD为【"江苏-盐城"】

2024-12-03 04:07:30 开始第 8214 次操作

2024-12-03 04:07:30 开始操作号码 【1318213】
2024-12-03 04:07:31 GSD getOne 第 1 次 等待 3 秒
2024-12-03 04:07:34 查询号码 【1318213】，返回信息 {"status":"ok","msg":"江苏-盐城","gid":"215899","time_insert":"2021-07-07 17:51"}
2024-12-03 04:07:34 查询号码 【1318213】，GSD为【"江苏-盐城"】

2024-12-03 04:07:35 开始第 8215 次操作

2024-12-03 04:07:35 开始操作号码 【1318214】
2024-12-03 04:07:36 GSD getOne 第 1 次 等待 3 秒
2024-12-03 04:07:39 查询号码 【1318214】，返回信息 {"status":"ok","msg":"江苏-盐城","gid":"215893","time_insert":"2021-07-07 17:50"}
2024-12-03 04:07:39 查询号码 【1318214】，GSD为【"江苏-盐城"】

2024-12-03 04:07:40 开始第 8216 次操作

2024-12-03 04:07:40 开始操作号码 【1318215】
2024-12-03 04:07:41 GSD getOne 第 1 次 等待 3 秒
2024-12-03 04:07:44 查询号码 【1318215】，返回信息 {"status":"ok","msg":"江苏-盐城","gid":"215884","time_insert":"2021-07-07 17:50"}
2024-12-03 04:07:44 查询号码 【1318215】，GSD为【"江苏-盐城"】

2024-12-03 04:36:30 开始第 8217 次操作

2024-12-03 04:36:30 开始操作号码 【1318216】
2024-12-03 04:36:32 GSD getOne 第 1 次 等待 3 秒
2024-12-03 04:36:35 查询号码 【1318216】，返回信息 {"status":"ok","msg":"江苏-盐城","gid":"215878","time_insert":"2021-07-07 17:49"}
2024-12-03 04:36:35 查询号码 【1318216】，GSD为【"江苏-盐城"】

2024-12-03 04:36:36 开始第 8218 次操作

2024-12-03 04:36:36 开始操作号码 【1318217】
2024-12-03 04:36:37 GSD getOne 第 1 次 等待 3 秒
2024-12-03 04:36:40 查询号码 【1318217】，返回信息 {"status":"ok","msg":"江苏-盐城","gid":"215872","time_insert":"2021-07-07 17:49"}
2024-12-03 04:36:40 查询号码 【1318217】，GSD为【"江苏-盐城"】

2024-12-03 04:36:41 开始第 8219 次操作

2024-12-03 04:36:41 开始操作号码 【1318218】
2024-12-03 04:36:42 GSD getOne 第 1 次 等待 3 秒
2024-12-03 04:36:45 查询号码 【1318218】，返回信息 {"status":"ok","msg":"江苏-盐城","gid":"215863","time_insert":"2021-07-07 17:49"}
2024-12-03 04:36:45 查询号码 【1318218】，GSD为【"江苏-盐城"】

2024-12-03 04:36:46 开始第 8220 次操作

2024-12-03 04:36:46 开始操作号码 【1318219】
2024-12-03 04:36:47 GSD getOne 第 1 次 等待 3 秒
2024-12-03 04:36:50 查询号码 【1318219】，返回信息 {"status":"ok","msg":"江苏-盐城","gid":"1599","time_insert":"2018-11-04 10:59","time_update":"2020-08-23 21:13"}
2024-12-03 04:36:50 查询号码 【1318219】，GSD为【"江苏-盐城"】

2024-12-03 05:06:59 开始第 8221 次操作

2024-12-03 05:06:59 开始操作号码 【1318220】
2024-12-03 05:07:00 GSD getOne 第 1 次 等待 3 秒
2024-12-03 05:07:03 查询号码 【1318220】，返回信息 {"status":"ok","msg":"江苏-泰州","gid":"215856","time_insert":"2021-07-07 17:48"}
2024-12-03 05:07:03 查询号码 【1318220】，GSD为【"江苏-泰州"】

2024-12-03 05:07:04 开始第 8222 次操作

2024-12-03 05:07:04 开始操作号码 【1318221】
2024-12-03 05:07:05 GSD getOne 第 1 次 等待 3 秒
2024-12-03 05:07:08 查询号码 【1318221】，返回信息 {"status":"ok","msg":"江苏-泰州","gid":"215848","time_insert":"2021-07-07 17:48"}
2024-12-03 05:07:08 查询号码 【1318221】，GSD为【"江苏-泰州"】

2024-12-03 05:07:09 开始第 8223 次操作

2024-12-03 05:07:09 开始操作号码 【1318222】
2024-12-03 05:07:10 GSD getOne 第 1 次 等待 3 秒
2024-12-03 05:07:13 查询号码 【1318222】，返回信息 {"status":"ok","msg":"江苏-泰州","gid":"215839","time_insert":"2021-07-07 17:47"}
2024-12-03 05:07:14 查询号码 【1318222】，GSD为【"江苏-泰州"】

2024-12-03 05:07:15 开始第 8224 次操作

2024-12-03 05:07:15 开始操作号码 【1318223】
2024-12-03 05:07:16 GSD getOne 第 1 次 等待 3 秒
2024-12-03 05:07:19 查询号码 【1318223】，返回信息 {"status":"ok","msg":"江苏-泰州","gid":"215836","time_insert":"2021-07-07 17:47"}
2024-12-03 05:07:19 查询号码 【1318223】，GSD为【"江苏-泰州"】

2024-12-03 05:33:21 开始第 8225 次操作

2024-12-03 05:33:21 开始操作号码 【1318224】
2024-12-03 05:33:22 GSD getOne 第 1 次 等待 3 秒
2024-12-03 05:33:25 查询号码 【1318224】，返回信息 {"status":"ok","msg":"江苏-泰州","gid":"215832","time_insert":"2021-07-07 17:46"}
2024-12-03 05:33:25 查询号码 【1318224】，GSD为【"江苏-泰州"】

2024-12-03 05:33:26 开始第 8226 次操作

2024-12-03 05:33:26 开始操作号码 【1318225】
2024-12-03 05:33:27 GSD getOne 第 1 次 等待 3 秒
2024-12-03 05:33:30 查询号码 【1318225】，返回信息 {"status":"ok","msg":"江苏-泰州","gid":"215825","time_insert":"2021-07-07 17:46"}
2024-12-03 05:33:30 查询号码 【1318225】，GSD为【"江苏-泰州"】

2024-12-03 05:33:31 开始第 8227 次操作

2024-12-03 05:33:31 开始操作号码 【1318226】
2024-12-03 05:33:32 GSD getOne 第 1 次 等待 3 秒
2024-12-03 05:33:35 查询号码 【1318226】，返回信息 {"status":"ok","msg":"江苏-泰州","gid":"215821","time_insert":"2021-07-07 17:45"}
2024-12-03 05:33:35 查询号码 【1318226】，GSD为【"江苏-泰州"】

2024-12-03 05:33:36 开始第 8228 次操作

2024-12-03 05:33:36 开始操作号码 【1318227】
2024-12-03 05:33:37 GSD getOne 第 1 次 等待 3 秒
2024-12-03 05:33:40 查询号码 【1318227】，返回信息 {"status":"ok","msg":"江苏-泰州","gid":"215815","time_insert":"2021-07-07 17:45"}
2024-12-03 05:33:40 查询号码 【1318227】，GSD为【"江苏-泰州"】

2024-12-03 06:07:19 开始第 8229 次操作

2024-12-03 06:07:19 开始操作号码 【1318228】
2024-12-03 06:07:20 GSD getOne 第 1 次 等待 3 秒
2024-12-03 06:07:23 查询号码 【1318228】，返回信息 {"status":"ok","msg":"江苏-泰州","gid":"215811","time_insert":"2021-07-07 17:44"}
2024-12-03 06:07:23 查询号码 【1318228】，GSD为【"江苏-泰州"】

2024-12-03 06:07:24 开始第 8230 次操作

2024-12-03 06:07:24 开始操作号码 【1318229】
2024-12-03 06:07:25 GSD getOne 第 1 次 等待 3 秒
2024-12-03 06:07:28 查询号码 【1318229】，返回信息 {"status":"ok","msg":"江苏-泰州","gid":"215803","time_insert":"2021-07-07 17:44"}
2024-12-03 06:07:28 查询号码 【1318229】，GSD为【"江苏-泰州"】

2024-12-03 06:07:29 开始第 8231 次操作

2024-12-03 06:07:29 开始操作号码 【1318230】
2024-12-03 06:07:30 GSD getOne 第 1 次 等待 3 秒
2024-12-03 06:07:33 查询号码 【1318230】，返回信息 {"status":"ok","msg":"江苏-徐州","gid":"215798","time_insert":"2021-07-07 17:43"}
2024-12-03 06:07:33 查询号码 【1318230】，GSD为【"江苏-徐州"】

2024-12-03 06:07:34 开始第 8232 次操作

2024-12-03 06:07:34 开始操作号码 【1318231】
2024-12-03 06:07:35 GSD getOne 第 1 次 等待 3 秒
2024-12-03 06:07:38 查询号码 【1318231】，返回信息 {"status":"ok","msg":"江苏-徐州","gid":"215793","time_insert":"2021-07-07 17:43"}
2024-12-03 06:07:38 查询号码 【1318231】，GSD为【"江苏-徐州"】

2024-12-03 06:38:50 开始第 8233 次操作

2024-12-03 06:38:50 开始操作号码 【1318232】
2024-12-03 06:38:51 GSD getOne 第 1 次 等待 3 秒
2024-12-03 06:38:54 查询号码 【1318232】，返回信息 {"status":"ok","msg":"江苏-徐州","gid":"215702","time_insert":"2021-07-07 17:07"}
2024-12-03 06:38:54 查询号码 【1318232】，GSD为【"江苏-徐州"】

2024-12-03 06:38:55 开始第 8234 次操作

2024-12-03 06:38:55 开始操作号码 【1318233】
2024-12-03 06:38:56 GSD getOne 第 1 次 等待 3 秒
2024-12-03 06:38:59 查询号码 【1318233】，返回信息 {"status":"ok","msg":"江苏-徐州","gid":"215696","time_insert":"2021-07-07 17:06"}
2024-12-03 06:38:59 查询号码 【1318233】，GSD为【"江苏-徐州"】

2024-12-03 06:39:00 开始第 8235 次操作

2024-12-03 06:39:00 开始操作号码 【1318234】
2024-12-03 06:39:01 GSD getOne 第 1 次 等待 3 秒
2024-12-03 06:39:04 查询号码 【1318234】，返回信息 {"status":"ok","msg":"江苏-徐州","gid":"215690","time_insert":"2021-07-07 17:06"}
2024-12-03 06:39:04 查询号码 【1318234】，GSD为【"江苏-徐州"】

2024-12-03 06:39:05 开始第 8236 次操作

2024-12-03 06:39:05 开始操作号码 【1318235】
2024-12-03 06:39:06 GSD getOne 第 1 次 等待 3 秒
2024-12-03 06:39:09 查询号码 【1318235】，返回信息 {"status":"ok","msg":"江苏-徐州","gid":"215687","time_insert":"2021-07-07 17:05"}
2024-12-03 06:39:10 查询号码 【1318235】，GSD为【"江苏-徐州"】

