2024-04-22 00:19:52 开始第 4813 次操作

2024-04-22 00:19:52 开始操作号码 【1614730】
2024-04-22 00:20:01 GSD getOne 第 1 次 等待 3 秒
2024-04-22 00:20:04 查询号码 【1614730】，返回信息 {"status":"ok","msg":"-","gid":"615474","time_insert":"2023-03-26 08:15"}
2024-04-22 00:20:04 查询号码 【1614730】，GSD为【"-"】
2024-04-22 00:20:04 ok && -
2024-04-22 00:20:08 CHB 1614730?1713716404 第 1 次 等待 3 秒
2024-04-22 00:20:11 CHB 1614730?1713716404 第 1 次 获取到号码【1614730】GSD
2024-04-22 00:20:11 未获取到号码【1614730】GSD，可能号码格式错误
2024-04-22 00:20:11 获取到号码【1614730】的GSD为【-】
2024-04-22 00:20:19 GSD insert 第 1 次 等待 3 秒
2024-04-22 00:20:22 {"status":"bad","gid":"615474","msg":"添加失败！号码【1614730(-|-)】已存在！"}
2024-04-22 00:20:22 随机等待 160 秒，约 2 分钟
2024-04-22 00:20:22 下次操作: 2024-04-22 00:23:02

2024-04-22 00:23:02 开始第 4814 次操作

2024-04-22 00:23:02 开始操作号码 【1614731】
2024-04-22 00:23:10 GSD getOne 第 1 次 等待 3 秒
2024-04-22 00:23:13 查询号码 【1614731】，返回信息 {"status":"ok","msg":"-","gid":"615493","time_insert":"2023-03-26 08:37"}
2024-04-22 00:23:13 查询号码 【1614731】，GSD为【"-"】
2024-04-22 00:23:13 ok && -
2024-04-22 00:23:15 CHB 1614731?1713716593 第 1 次 等待 3 秒
2024-04-22 00:23:18 CHB 1614731?1713716593 第 1 次 获取到号码【1614731】GSD
2024-04-22 00:23:18 未获取到号码【1614731】GSD，可能号码格式错误
2024-04-22 00:23:18 获取到号码【1614731】的GSD为【-】
2024-04-22 00:23:26 GSD insert 第 1 次 等待 3 秒
2024-04-22 00:23:29 {"status":"bad","gid":"615493","msg":"添加失败！号码【1614731(-|-)】已存在！"}
2024-04-22 00:23:29 随机等待 86 秒，约 1 分钟
2024-04-22 00:23:29 下次操作: 2024-04-22 00:24:55

2024-04-22 00:24:55 开始第 4815 次操作

2024-04-22 00:24:55 开始操作号码 【1614732】
2024-04-22 00:25:01 GSD getOne 第 1 次 等待 3 秒
2024-04-22 00:25:04 查询号码 【1614732】，返回信息 {"status":"ok","msg":"-","gid":"615506","time_insert":"2023-03-26 08:53"}
2024-04-22 00:25:04 查询号码 【1614732】，GSD为【"-"】
2024-04-22 00:25:04 ok && -
2024-04-22 00:25:08 CHB 1614732?1713716704 第 1 次 等待 3 秒
2024-04-22 00:25:11 CHB 1614732?1713716704 第 1 次 获取到号码【1614732】GSD
2024-04-22 00:25:11 未获取到号码【1614732】GSD，可能号码格式错误
2024-04-22 00:25:11 获取到号码【1614732】的GSD为【-】
2024-04-22 00:25:16 GSD insert 第 1 次 等待 3 秒
2024-04-22 00:25:19 {"status":"bad","gid":"615506","msg":"添加失败！号码【1614732(-|-)】已存在！"}
2024-04-22 00:25:19 随机等待 151 秒，约 2 分钟
2024-04-22 00:25:19 下次操作: 2024-04-22 00:27:50

2024-04-22 00:27:50 开始第 4816 次操作

2024-04-22 00:27:50 开始操作号码 【1614733】
2024-04-22 00:27:57 GSD getOne 第 1 次 等待 3 秒
2024-04-22 00:28:00 查询号码 【1614733】，返回信息 {"status":"ok","msg":"-","gid":"615528","time_insert":"2023-03-26 09:10"}
2024-04-22 00:28:00 查询号码 【1614733】，GSD为【"-"】
2024-04-22 00:28:00 ok && -
2024-04-22 00:28:03 CHB 1614733?1713716880 第 1 次 等待 3 秒
2024-04-22 00:28:06 CHB 1614733?1713716880 第 1 次 获取到号码【1614733】GSD
2024-04-22 00:28:06 未获取到号码【1614733】GSD，可能号码格式错误
2024-04-22 00:28:06 获取到号码【1614733】的GSD为【-】
2024-04-22 00:28:28 GSD insert 第 1 次 等待 3 秒
2024-04-22 00:28:31 {"status":"bad","gid":"615528","msg":"添加失败！号码【1614733(-|-)】已存在！"}

