2024-02-18 00:18:48 开始第 4277 次操作

2024-02-18 00:18:48 开始操作号码 【1724196】
2024-02-18 00:18:53 GSD getOne 第 1 次 等待 3 秒
2024-02-18 00:18:56 查询号码 【1724196】，返回信息 {"status":"ok","msg":"江苏-南京","gid":"287495","time_insert":"2021-07-15 21:45"}
2024-02-18 00:18:56 查询号码 【1724196】，GSD为【"江苏-南京"】

2024-02-18 00:18:57 开始第 4278 次操作

2024-02-18 00:18:57 开始操作号码 【1724197】
2024-02-18 00:19:03 GSD getOne 第 1 次 等待 3 秒
2024-02-18 00:19:06 查询号码 【1724197】，返回信息 {"status":"ok","msg":"江苏-南京","gid":"287502","time_insert":"2021-07-15 21:46"}
2024-02-18 00:19:06 查询号码 【1724197】，GSD为【"江苏-南京"】

2024-02-18 00:19:07 开始第 4279 次操作

2024-02-18 00:19:07 开始操作号码 【1724198】
2024-02-18 00:19:13 GSD getOne 第 1 次 等待 3 秒
2024-02-18 00:19:16 查询号码 【1724198】，返回信息 {"status":"ok","msg":"江苏-南京","gid":"287508","time_insert":"2021-07-15 21:47"}
2024-02-18 00:19:16 查询号码 【1724198】，GSD为【"江苏-南京"】

2024-02-18 00:19:17 开始第 4280 次操作

2024-02-18 00:19:17 开始操作号码 【1724199】
2024-02-18 00:19:23 GSD getOne 第 1 次 等待 3 秒
2024-02-18 00:19:26 查询号码 【1724199】，返回信息 {"status":"ok","msg":"江苏-南京","gid":"287516","time_insert":"2021-07-15 21:48"}
2024-02-18 00:19:26 查询号码 【1724199】，GSD为【"江苏-南京"】

2024-02-18 00:37:10 开始第 4281 次操作

2024-02-18 00:37:10 开始操作号码 【1724200】
2024-02-18 00:37:14 GSD getOne 第 1 次 等待 3 秒
2024-02-18 00:37:17 查询号码 【1724200】，返回信息 {"status":"ok","msg":"江苏-南京","gid":"287520","time_insert":"2021-07-15 21:48"}
2024-02-18 00:37:17 查询号码 【1724200】，GSD为【"江苏-南京"】

2024-02-18 00:37:18 开始第 4282 次操作

2024-02-18 00:37:18 开始操作号码 【1724201】
2024-02-18 00:37:24 GSD getOne 第 1 次 等待 3 秒
2024-02-18 00:37:27 查询号码 【1724201】，返回信息 {"status":"ok","msg":"江苏-南京","gid":"287526","time_insert":"2021-07-15 21:49"}
2024-02-18 00:37:27 查询号码 【1724201】，GSD为【"江苏-南京"】

2024-02-18 00:37:28 开始第 4283 次操作

2024-02-18 00:37:28 开始操作号码 【1724202】
2024-02-18 00:37:38 GSD getOne 第 1 次 等待 3 秒
2024-02-18 00:37:41 查询号码 【1724202】，返回信息 {"status":"ok","msg":"江苏-南京","gid":"287535","time_insert":"2021-07-15 21:50"}
2024-02-18 00:37:42 查询号码 【1724202】，GSD为【"江苏-南京"】

2024-02-18 00:37:43 开始第 4284 次操作

2024-02-18 00:37:43 开始操作号码 【1724203】
2024-02-18 00:37:47 GSD getOne 第 1 次 等待 3 秒
2024-02-18 00:37:50 查询号码 【1724203】，返回信息 {"status":"ok","msg":"江苏-南京","gid":"287540","time_insert":"2021-07-15 21:51"}
2024-02-18 00:37:50 查询号码 【1724203】，GSD为【"江苏-南京"】

