2024-03-15 00:20:16 开始第 8905 次操作

2024-03-15 00:20:16 开始操作号码 【1728824】
2024-03-15 00:20:22 GSD getOne 第 1 次 等待 3 秒
2024-03-15 00:20:25 查询号码 【1728824】，返回信息 {"status":"ok","msg":"广东-东莞","gid":"343224","time_insert":"2021-07-21 04:50"}
2024-03-15 00:20:25 查询号码 【1728824】，GSD为【"广东-东莞"】

2024-03-15 00:20:26 开始第 8906 次操作

2024-03-15 00:20:26 开始操作号码 【1728825】
2024-03-15 00:20:32 GSD getOne 第 1 次 等待 3 秒
2024-03-15 00:20:35 查询号码 【1728825】，返回信息 {"status":"ok","msg":"广东-潮州","gid":"343233","time_insert":"2021-07-21 04:51"}
2024-03-15 00:20:35 查询号码 【1728825】，GSD为【"广东-潮州"】

2024-03-15 00:20:36 开始第 8907 次操作

2024-03-15 00:20:36 开始操作号码 【1728826】
2024-03-15 00:20:42 GSD getOne 第 1 次 等待 3 秒
2024-03-15 00:20:45 查询号码 【1728826】，返回信息 {"status":"ok","msg":"广东-梅州","gid":"343240","time_insert":"2021-07-21 04:52"}
2024-03-15 00:20:45 查询号码 【1728826】，GSD为【"广东-梅州"】

2024-03-15 00:20:46 开始第 8908 次操作

2024-03-15 00:20:46 开始操作号码 【1728827】
2024-03-15 00:20:52 GSD getOne 第 1 次 等待 3 秒
2024-03-15 00:20:55 查询号码 【1728827】，返回信息 {"status":"ok","msg":"广东-广州","gid":"343248","time_insert":"2021-07-21 04:52"}
2024-03-15 00:20:55 查询号码 【1728827】，GSD为【"广东-广州"】

2024-03-15 00:38:23 开始第 8909 次操作

2024-03-15 00:38:23 开始操作号码 【1728828】
2024-03-15 00:38:29 GSD getOne 第 1 次 等待 3 秒
2024-03-15 00:38:32 查询号码 【1728828】，返回信息 {"status":"ok","msg":"广东-汕尾","gid":"343256","time_insert":"2021-07-21 04:53"}
2024-03-15 00:38:32 查询号码 【1728828】，GSD为【"广东-汕尾"】

2024-03-15 00:38:34 开始第 8910 次操作

2024-03-15 00:38:34 开始操作号码 【1728829】
2024-03-15 00:38:43 GSD getOne 第 1 次 等待 3 秒
2024-03-15 00:38:46 查询号码 【1728829】，返回信息 {"status":"ok","msg":"广东-揭阳","gid":"343265","time_insert":"2021-07-21 04:53"}
2024-03-15 00:38:46 查询号码 【1728829】，GSD为【"广东-揭阳"】

2024-03-15 00:38:47 开始第 8911 次操作

2024-03-15 00:38:47 开始操作号码 【1728830】
2024-03-15 00:38:53 GSD getOne 第 1 次 等待 3 秒
2024-03-15 00:38:56 查询号码 【1728830】，返回信息 {"status":"ok","msg":"广东-江门","gid":"343274","time_insert":"2021-07-21 04:54","time_update":"2021-08-24 16:38"}
2024-03-15 00:38:56 查询号码 【1728830】，GSD为【"广东-江门"】

2024-03-15 00:38:57 开始第 8912 次操作

2024-03-15 00:38:57 开始操作号码 【1728831】
2024-03-15 00:39:03 GSD getOne 第 1 次 等待 3 秒
2024-03-15 00:39:06 查询号码 【1728831】，返回信息 {"status":"ok","msg":"广东-江门","gid":"343278","time_insert":"2021-07-21 04:54"}
2024-03-15 00:39:06 查询号码 【1728831】，GSD为【"广东-江门"】

2024-03-15 01:14:05 开始第 8913 次操作

2024-03-15 01:14:05 开始操作号码 【1728832】
2024-03-15 01:14:09 GSD getOne 第 1 次 等待 3 秒
2024-03-15 01:14:12 查询号码 【1728832】，返回信息 {"status":"ok","msg":"广东-云浮","gid":"343287","time_insert":"2021-07-21 04:55"}
2024-03-15 01:14:13 查询号码 【1728832】，GSD为【"广东-云浮"】

2024-03-15 01:14:14 开始第 8914 次操作

2024-03-15 01:14:14 开始操作号码 【1728833】
2024-03-15 01:14:19 GSD getOne 第 1 次 等待 3 秒
2024-03-15 01:14:22 查询号码 【1728833】，返回信息 {"status":"ok","msg":"广东-东莞","gid":"343295","time_insert":"2021-07-21 04:55"}
2024-03-15 01:14:22 查询号码 【1728833】，GSD为【"广东-东莞"】

2024-03-15 01:14:23 开始第 8915 次操作

2024-03-15 01:14:23 开始操作号码 【1728834】
2024-03-15 01:14:29 GSD getOne 第 1 次 等待 3 秒
2024-03-15 01:14:32 查询号码 【1728834】，返回信息 {"status":"ok","msg":"广东-广州","gid":"343305","time_insert":"2021-07-21 04:56"}
2024-03-15 01:14:32 查询号码 【1728834】，GSD为【"广东-广州"】

2024-03-15 01:14:33 开始第 8916 次操作

2024-03-15 01:14:33 开始操作号码 【1728835】
2024-03-15 01:14:38 GSD getOne 第 1 次 等待 3 秒
2024-03-15 01:14:42 查询号码 【1728835】，返回信息 {"status":"ok","msg":"广东-肇庆","gid":"343314","time_insert":"2021-07-21 04:57"}
2024-03-15 01:14:42 查询号码 【1728835】，GSD为【"广东-肇庆"】

2024-03-15 01:37:16 开始第 8917 次操作

2024-03-15 01:37:16 开始操作号码 【1728836】
2024-03-15 01:37:21 GSD getOne 第 1 次 等待 3 秒
2024-03-15 01:37:24 查询号码 【1728836】，返回信息 {"status":"ok","msg":"广东-中山","gid":"343323","time_insert":"2021-07-21 04:57"}
2024-03-15 01:37:24 查询号码 【1728836】，GSD为【"广东-中山"】

2024-03-15 01:37:25 开始第 8918 次操作

2024-03-15 01:37:25 开始操作号码 【1728837】
2024-03-15 01:37:30 GSD getOne 第 1 次 等待 3 秒
2024-03-15 01:37:33 查询号码 【1728837】，返回信息 {"status":"ok","msg":"广东-广州","gid":"343333","time_insert":"2021-07-21 04:58"}
2024-03-15 01:37:33 查询号码 【1728837】，GSD为【"广东-广州"】

2024-03-15 01:37:34 开始第 8919 次操作

2024-03-15 01:37:34 开始操作号码 【1728838】
2024-03-15 01:37:40 GSD getOne 第 1 次 等待 3 秒
2024-03-15 01:37:43 查询号码 【1728838】，返回信息 {"status":"ok","msg":"广东-佛山","gid":"343338","time_insert":"2021-07-21 04:58"}
2024-03-15 01:37:43 查询号码 【1728838】，GSD为【"广东-佛山"】

2024-03-15 01:37:44 开始第 8920 次操作

2024-03-15 01:37:44 开始操作号码 【1728839】
2024-03-15 01:37:49 GSD getOne 第 1 次 等待 3 秒
2024-03-15 01:37:52 查询号码 【1728839】，返回信息 {"status":"ok","msg":"广东-佛山","gid":"343343","time_insert":"2021-07-21 04:59"}
2024-03-15 01:37:52 查询号码 【1728839】，GSD为【"广东-佛山"】

2024-03-15 02:19:46 开始第 8921 次操作

2024-03-15 02:19:46 开始操作号码 【1728840】
2024-03-15 02:19:51 GSD getOne 第 1 次 等待 3 秒
2024-03-15 02:19:54 查询号码 【1728840】，返回信息 {"status":"ok","msg":"广东-深圳","gid":"343350","time_insert":"2021-07-21 04:59"}
2024-03-15 02:19:54 查询号码 【1728840】，GSD为【"广东-深圳"】

2024-03-15 02:19:55 开始第 8922 次操作

2024-03-15 02:19:55 开始操作号码 【1728841】
2024-03-15 02:20:01 GSD getOne 第 1 次 等待 3 秒
2024-03-15 02:20:04 查询号码 【1728841】，返回信息 {"status":"ok","msg":"广东-深圳","gid":"343523","time_insert":"2021-07-21 05:39"}
2024-03-15 02:20:04 查询号码 【1728841】，GSD为【"广东-深圳"】

2024-03-15 02:20:05 开始第 8923 次操作

2024-03-15 02:20:05 开始操作号码 【1728842】
2024-03-15 02:20:10 GSD getOne 第 1 次 等待 3 秒
2024-03-15 02:20:13 查询号码 【1728842】，返回信息 {"status":"ok","msg":"广东-东莞","gid":"343530","time_insert":"2021-07-21 05:40"}
2024-03-15 02:20:13 查询号码 【1728842】，GSD为【"广东-东莞"】

2024-03-15 02:20:14 开始第 8924 次操作

2024-03-15 02:20:14 开始操作号码 【1728843】
2024-03-15 02:20:19 GSD getOne 第 1 次 等待 3 秒
2024-03-15 02:20:22 查询号码 【1728843】，返回信息 {"status":"ok","msg":"广东-东莞","gid":"343540","time_insert":"2021-07-21 05:41"}
2024-03-15 02:20:22 查询号码 【1728843】，GSD为【"广东-东莞"】

2024-03-15 02:37:04 开始第 8925 次操作

2024-03-15 02:37:04 开始操作号码 【1728844】
2024-03-15 02:37:09 GSD getOne 第 1 次 等待 3 秒
2024-03-15 02:37:12 查询号码 【1728844】，返回信息 {"status":"ok","msg":"广东-广州","gid":"343550","time_insert":"2021-07-21 05:42"}
2024-03-15 02:37:12 查询号码 【1728844】，GSD为【"广东-广州"】

2024-03-15 02:37:13 开始第 8926 次操作

2024-03-15 02:37:13 开始操作号码 【1728845】
2024-03-15 02:37:18 GSD getOne 第 1 次 等待 3 秒
2024-03-15 02:37:21 查询号码 【1728845】，返回信息 {"status":"ok","msg":"广东-深圳","gid":"343559","time_insert":"2021-07-21 05:43"}
2024-03-15 02:37:21 查询号码 【1728845】，GSD为【"广东-深圳"】

2024-03-15 02:37:22 开始第 8927 次操作

2024-03-15 02:37:22 开始操作号码 【1728846】
2024-03-15 02:37:26 GSD getOne 第 1 次 等待 3 秒
2024-03-15 02:37:29 查询号码 【1728846】，返回信息 {"status":"ok","msg":"广东-佛山","gid":"343574","time_insert":"2021-07-21 05:44"}
2024-03-15 02:37:29 查询号码 【1728846】，GSD为【"广东-佛山"】

2024-03-15 02:37:30 开始第 8928 次操作

2024-03-15 02:37:30 开始操作号码 【1728847】
2024-03-15 02:37:34 GSD getOne 第 1 次 等待 3 秒
2024-03-15 02:37:37 查询号码 【1728847】，返回信息 {"status":"ok","msg":"广东-广州","gid":"343586","time_insert":"2021-07-21 05:45"}
2024-03-15 02:37:37 查询号码 【1728847】，GSD为【"广东-广州"】

2024-03-15 03:11:44 开始第 8929 次操作

2024-03-15 03:11:44 开始操作号码 【1728848】
2024-03-15 03:11:49 GSD getOne 第 1 次 等待 3 秒
2024-03-15 03:11:52 查询号码 【1728848】，返回信息 {"status":"ok","msg":"广东-广州","gid":"343596","time_insert":"2021-07-21 05:46"}
2024-03-15 03:11:52 查询号码 【1728848】，GSD为【"广东-广州"】

2024-03-15 03:11:53 开始第 8930 次操作

2024-03-15 03:11:53 开始操作号码 【1728849】
2024-03-15 03:11:58 GSD getOne 第 1 次 等待 3 秒
2024-03-15 03:12:01 查询号码 【1728849】，返回信息 {"status":"ok","msg":"广东-佛山","gid":"343606","time_insert":"2021-07-21 05:47"}
2024-03-15 03:12:01 查询号码 【1728849】，GSD为【"广东-佛山"】

2024-03-15 03:12:02 开始第 8931 次操作

2024-03-15 03:12:02 开始操作号码 【1728850】
2024-03-15 03:12:08 GSD getOne 第 1 次 等待 3 秒
2024-03-15 03:12:11 查询号码 【1728850】，返回信息 {"status":"ok","msg":"广东-佛山","gid":"343614","time_insert":"2021-07-21 05:48"}
2024-03-15 03:12:11 查询号码 【1728850】，GSD为【"广东-佛山"】

2024-03-15 03:12:12 开始第 8932 次操作

2024-03-15 03:12:12 开始操作号码 【1728851】
2024-03-15 03:12:17 GSD getOne 第 1 次 等待 3 秒
2024-03-15 03:12:20 查询号码 【1728851】，返回信息 {"status":"ok","msg":"广东-江门","gid":"343625","time_insert":"2021-07-21 05:49"}
2024-03-15 03:12:20 查询号码 【1728851】，GSD为【"广东-江门"】

2024-03-15 03:37:04 开始第 8933 次操作

2024-03-15 03:37:04 开始操作号码 【1728852】
2024-03-15 03:37:09 GSD getOne 第 1 次 等待 3 秒
2024-03-15 03:37:12 查询号码 【1728852】，返回信息 {"status":"ok","msg":"广东-肇庆","gid":"343637","time_insert":"2021-07-21 05:49"}
2024-03-15 03:37:12 查询号码 【1728852】，GSD为【"广东-肇庆"】

2024-03-15 03:37:13 开始第 8934 次操作

2024-03-15 03:37:13 开始操作号码 【1728853】
2024-03-15 03:37:18 GSD getOne 第 1 次 等待 3 秒
2024-03-15 03:37:21 查询号码 【1728853】，返回信息 {"status":"ok","msg":"广东-东莞","gid":"343648","time_insert":"2021-07-21 05:50"}
2024-03-15 03:37:21 查询号码 【1728853】，GSD为【"广东-东莞"】

2024-03-15 03:37:22 开始第 8935 次操作

2024-03-15 03:37:22 开始操作号码 【1728854】
2024-03-15 03:37:28 GSD getOne 第 1 次 等待 3 秒
2024-03-15 03:37:31 查询号码 【1728854】，返回信息 {"status":"ok","msg":"广东-佛山","gid":"343657","time_insert":"2021-07-21 05:51"}
2024-03-15 03:37:31 查询号码 【1728854】，GSD为【"广东-佛山"】

2024-03-15 03:37:32 开始第 8936 次操作

2024-03-15 03:37:32 开始操作号码 【1728855】
2024-03-15 03:37:38 GSD getOne 第 1 次 等待 3 秒
2024-03-15 03:37:41 查询号码 【1728855】，返回信息 {"status":"ok","msg":"广东-广州","gid":"343667","time_insert":"2021-07-21 05:52"}
2024-03-15 03:37:41 查询号码 【1728855】，GSD为【"广东-广州"】

