2024-01-26 00:22:41 开始第 137 次操作

2024-01-26 00:22:41 开始操作号码 【1720056】
2024-01-26 00:23:05 GSD getOne 第 1 次 等待 3 秒
2024-01-26 00:23:08 查询号码 【1720056】，返回信息 {"status":"ok","msg":"山西-太原","gid":"137717","time_insert":"2021-06-27 07:48"}
2024-01-26 00:23:08 查询号码 【1720056】，GSD为【"山西-太原"】

2024-01-26 00:23:09 开始第 138 次操作

2024-01-26 00:23:09 开始操作号码 【1720057】
2024-01-26 00:23:33 GSD getOne 第 1 次 等待 3 秒
2024-01-26 00:23:36 查询号码 【1720057】，返回信息 {"status":"ok","msg":"山西-太原","gid":"137843","time_insert":"2021-06-27 08:04"}
2024-01-26 00:23:36 查询号码 【1720057】，GSD为【"山西-太原"】

2024-01-26 00:23:37 开始第 139 次操作

2024-01-26 00:23:37 开始操作号码 【1720058】
2024-01-26 00:24:02 GSD getOne 第 1 次 等待 3 秒
2024-01-26 00:24:05 查询号码 【1720058】，返回信息 {"status":"ok","msg":"山西-太原","gid":"137869","time_insert":"2021-06-27 08:20"}
2024-01-26 00:24:05 查询号码 【1720058】，GSD为【"山西-太原"】

2024-01-26 00:24:06 开始第 140 次操作

2024-01-26 00:24:06 开始操作号码 【1720059】
2024-01-26 00:24:30 GSD getOne 第 1 次 等待 3 秒
2024-01-26 00:24:33 查询号码 【1720059】，返回信息 {"status":"ok","msg":"山西-太原","gid":"137951","time_insert":"2021-06-27 08:40"}
2024-01-26 00:24:33 查询号码 【1720059】，GSD为【"山西-太原"】

2024-01-26 00:42:49 开始第 141 次操作

2024-01-26 00:42:49 开始操作号码 【1720060】
2024-01-26 00:43:14 GSD getOne 第 1 次 等待 3 秒
2024-01-26 00:43:17 查询号码 【1720060】，返回信息 {"status":"ok","msg":"山西-太原","gid":"137984","time_insert":"2021-06-27 08:57"}
2024-01-26 00:43:17 查询号码 【1720060】，GSD为【"山西-太原"】

2024-01-26 00:43:18 开始第 142 次操作

2024-01-26 00:43:18 开始操作号码 【1720061】
2024-01-26 00:43:42 GSD getOne 第 1 次 等待 3 秒
2024-01-26 00:43:45 查询号码 【1720061】，返回信息 {"status":"ok","msg":"山西-太原","gid":"138015","time_insert":"2021-06-27 09:16"}
2024-01-26 00:43:45 查询号码 【1720061】，GSD为【"山西-太原"】

2024-01-26 00:43:46 开始第 143 次操作

2024-01-26 00:43:46 开始操作号码 【1720062】
2024-01-26 00:44:09 GSD getOne 第 1 次 等待 3 秒
2024-01-26 00:44:12 查询号码 【1720062】，返回信息 {"status":"ok","msg":"山西-太原","gid":"138043","time_insert":"2021-06-27 09:34"}
2024-01-26 00:44:12 查询号码 【1720062】，GSD为【"山西-太原"】

2024-01-26 00:44:13 开始第 144 次操作

2024-01-26 00:44:13 开始操作号码 【1720063】
2024-01-26 00:44:37 GSD getOne 第 1 次 等待 3 秒
2024-01-26 00:44:40 查询号码 【1720063】，返回信息 {"status":"ok","msg":"山西-太原","gid":"138071","time_insert":"2021-06-27 09:51"}
2024-01-26 00:44:40 查询号码 【1720063】，GSD为【"山西-太原"】

2024-01-26 01:15:13 开始第 145 次操作

2024-01-26 01:15:13 开始操作号码 【1720064】
2024-01-26 01:15:37 GSD getOne 第 1 次 等待 3 秒
2024-01-26 01:15:40 查询号码 【1720064】，返回信息 {"status":"ok","msg":"山西-太原","gid":"138096","time_insert":"2021-06-27 10:10"}
2024-01-26 01:15:40 查询号码 【1720064】，GSD为【"山西-太原"】

2024-01-26 01:15:41 开始第 146 次操作

2024-01-26 01:15:41 开始操作号码 【1720065】
2024-01-26 01:16:05 GSD getOne 第 1 次 等待 3 秒
2024-01-26 01:16:08 查询号码 【1720065】，返回信息 {"status":"ok","msg":"山西-太原","gid":"138173","time_insert":"2021-06-27 10:26"}
2024-01-26 01:16:08 查询号码 【1720065】，GSD为【"山西-太原"】

2024-01-26 01:16:09 开始第 147 次操作

2024-01-26 01:16:09 开始操作号码 【1720066】
2024-01-26 01:16:32 GSD getOne 第 1 次 等待 3 秒
2024-01-26 01:16:35 查询号码 【1720066】，返回信息 {"status":"ok","msg":"山西-太原","gid":"138362","time_insert":"2021-06-27 10:42"}
2024-01-26 01:16:35 查询号码 【1720066】，GSD为【"山西-太原"】

2024-01-26 01:16:36 开始第 148 次操作

2024-01-26 01:16:36 开始操作号码 【1720067】
2024-01-26 01:17:00 GSD getOne 第 1 次 等待 3 秒
2024-01-26 01:17:03 查询号码 【1720067】，返回信息 {"status":"ok","msg":"山西-太原","gid":"138546","time_insert":"2021-06-27 11:01"}
2024-01-26 01:17:03 查询号码 【1720067】，GSD为【"山西-太原"】

2024-01-26 01:37:06 开始第 149 次操作

2024-01-26 01:37:06 开始操作号码 【1720068】
2024-01-26 01:37:29 GSD getOne 第 1 次 等待 3 秒
2024-01-26 01:37:32 查询号码 【1720068】，返回信息 {"status":"ok","msg":"山西-太原","gid":"138680","time_insert":"2021-06-27 11:21"}
2024-01-26 01:37:32 查询号码 【1720068】，GSD为【"山西-太原"】

2024-01-26 01:37:33 开始第 150 次操作

2024-01-26 01:37:33 开始操作号码 【1720069】
2024-01-26 01:37:57 GSD getOne 第 1 次 等待 3 秒
2024-01-26 01:38:00 查询号码 【1720069】，返回信息 {"status":"ok","msg":"山西-太原","gid":"138706","time_insert":"2021-06-27 11:38"}
2024-01-26 01:38:00 查询号码 【1720069】，GSD为【"山西-太原"】

2024-01-26 01:38:01 开始第 151 次操作

2024-01-26 01:38:01 开始操作号码 【1720070】
2024-01-26 01:38:25 GSD getOne 第 1 次 等待 3 秒
2024-01-26 01:38:28 查询号码 【1720070】，返回信息 {"status":"ok","msg":"广西-南宁","gid":"138815","time_insert":"2021-06-27 11:56"}
2024-01-26 01:38:28 查询号码 【1720070】，GSD为【"广西-南宁"】

2024-01-26 01:38:29 开始第 152 次操作

2024-01-26 01:38:29 开始操作号码 【1720071】
2024-01-26 01:38:52 GSD getOne 第 1 次 等待 3 秒
2024-01-26 01:38:55 查询号码 【1720071】，返回信息 {"status":"ok","msg":"广西-南宁","gid":"138993","time_insert":"2021-06-27 12:12"}
2024-01-26 01:38:55 查询号码 【1720071】，GSD为【"广西-南宁"】

2024-01-26 02:22:02 开始第 153 次操作

2024-01-26 02:22:02 开始操作号码 【1720072】
2024-01-26 02:22:26 GSD getOne 第 1 次 等待 3 秒
2024-01-26 02:22:29 查询号码 【1720072】，返回信息 {"status":"ok","msg":"广西-南宁","gid":"139025","time_insert":"2021-06-27 12:30"}
2024-01-26 02:22:29 查询号码 【1720072】，GSD为【"广西-南宁"】

2024-01-26 02:22:30 开始第 154 次操作

2024-01-26 02:22:30 开始操作号码 【1720073】
2024-01-26 02:22:54 GSD getOne 第 1 次 等待 3 秒
2024-01-26 02:22:57 查询号码 【1720073】，返回信息 {"status":"ok","msg":"广西-柳州","gid":"139049","time_insert":"2021-06-27 12:47"}
2024-01-26 02:22:57 查询号码 【1720073】，GSD为【"广西-柳州"】

2024-01-26 02:22:58 开始第 155 次操作

2024-01-26 02:22:58 开始操作号码 【1720074】
2024-01-26 02:23:22 GSD getOne 第 1 次 等待 3 秒
2024-01-26 02:23:25 查询号码 【1720074】，返回信息 {"status":"ok","msg":"广西-柳州","gid":"139168","time_insert":"2021-06-27 13:03"}
2024-01-26 02:23:25 查询号码 【1720074】，GSD为【"广西-柳州"】

2024-01-26 02:23:26 开始第 156 次操作

2024-01-26 02:23:26 开始操作号码 【1720075】
2024-01-26 02:23:51 GSD getOne 第 1 次 等待 3 秒
2024-01-26 02:23:54 查询号码 【1720075】，返回信息 {"status":"ok","msg":"广西-玉林","gid":"139329","time_insert":"2021-06-27 13:21"}
2024-01-26 02:23:54 查询号码 【1720075】，GSD为【"广西-玉林"】

