2024-10-01 00:27:19 开始第 7277 次操作

2024-10-01 00:27:19 开始操作号码 【1397276】
2024-10-01 00:27:22 GSD getOne 第 1 次 等待 3 秒
2024-10-01 00:27:25 查询号码 【1397276】，返回信息 {"status":"ok","msg":"湖北-黄石","gid":"13454","time_insert":"2018-09-05 16:52","time_update":"2020-09-16 03:39"}
2024-10-01 00:27:25 查询号码 【1397276】，GSD为【"湖北-黄石"】

2024-10-01 00:27:26 开始第 7278 次操作

2024-10-01 00:27:26 开始操作号码 【1397277】
2024-10-01 00:27:28 GSD getOne 第 1 次 等待 3 秒
2024-10-01 00:27:31 查询号码 【1397277】，返回信息 {"status":"ok","msg":"湖北-黄石","gid":"349591","time_insert":"2021-07-21 22:17"}
2024-10-01 00:27:31 查询号码 【1397277】，GSD为【"湖北-黄石"】

2024-10-01 00:27:32 开始第 7279 次操作

2024-10-01 00:27:32 开始操作号码 【1397278】
2024-10-01 00:27:34 GSD getOne 第 1 次 等待 3 秒
2024-10-01 00:27:37 查询号码 【1397278】，返回信息 {"status":"ok","msg":"湖北-黄石","gid":"13455","time_insert":"2017-04-20 15:28","time_update":"2020-09-16 03:43"}
2024-10-01 00:27:37 查询号码 【1397278】，GSD为【"湖北-黄石"】

2024-10-01 00:27:38 开始第 7280 次操作

2024-10-01 00:27:38 开始操作号码 【1397279】
2024-10-01 00:27:39 GSD getOne 第 1 次 等待 3 秒
2024-10-01 00:27:42 查询号码 【1397279】，返回信息 {"status":"ok","msg":"湖北-黄石","gid":"349631","time_insert":"2021-07-21 22:28"}
2024-10-01 00:27:42 查询号码 【1397279】，GSD为【"湖北-黄石"】

2024-10-01 00:48:25 开始第 7281 次操作

2024-10-01 00:48:25 开始操作号码 【1397280】
2024-10-01 00:48:27 GSD getOne 第 1 次 等待 3 秒
2024-10-01 00:48:30 查询号码 【1397280】，返回信息 {"status":"ok","msg":"湖北-黄石","gid":"349659","time_insert":"2021-07-21 22:37"}
2024-10-01 00:48:30 查询号码 【1397280】，GSD为【"湖北-黄石"】

2024-10-01 00:48:31 开始第 7282 次操作

2024-10-01 00:48:31 开始操作号码 【1397281】
2024-10-01 00:48:34 GSD getOne 第 1 次 等待 3 秒
2024-10-01 00:48:37 查询号码 【1397281】，返回信息 {"status":"ok","msg":"湖北-咸宁","gid":"349730","time_insert":"2021-07-21 22:46"}
2024-10-01 00:48:37 查询号码 【1397281】，GSD为【"湖北-咸宁"】

2024-10-01 00:48:38 开始第 7283 次操作

2024-10-01 00:48:38 开始操作号码 【1397282】
2024-10-01 00:48:41 GSD getOne 第 1 次 等待 3 秒
2024-10-01 00:48:44 查询号码 【1397282】，返回信息 {"status":"ok","msg":"湖北-咸宁","gid":"349811","time_insert":"2021-07-21 22:56"}
2024-10-01 00:48:44 查询号码 【1397282】，GSD为【"湖北-咸宁"】

2024-10-01 00:48:45 开始第 7284 次操作

2024-10-01 00:48:45 开始操作号码 【1397283】
2024-10-01 00:48:47 GSD getOne 第 1 次 等待 3 秒
2024-10-01 00:48:50 查询号码 【1397283】，返回信息 {"status":"ok","msg":"湖北-咸宁","gid":"13456","time_insert":"2017-04-19 11:23","time_update":"2020-09-16 03:47"}
2024-10-01 00:48:50 查询号码 【1397283】，GSD为【"湖北-咸宁"】

2024-10-01 01:18:54 开始第 7285 次操作

2024-10-01 01:18:54 开始操作号码 【1397284】
2024-10-01 01:18:57 GSD getOne 第 1 次 等待 3 秒
2024-10-01 01:19:00 查询号码 【1397284】，返回信息 {"status":"ok","msg":"湖北-咸宁","gid":"349880","time_insert":"2021-07-21 23:07"}
2024-10-01 01:19:00 查询号码 【1397284】，GSD为【"湖北-咸宁"】

2024-10-01 01:19:01 开始第 7286 次操作

2024-10-01 01:19:01 开始操作号码 【1397285】
2024-10-01 01:19:03 GSD getOne 第 1 次 等待 3 秒
2024-10-01 01:19:06 查询号码 【1397285】，返回信息 {"status":"ok","msg":"湖北-咸宁","gid":"13457","time_insert":"2017-04-19 11:23","time_update":"2020-09-16 03:51"}
2024-10-01 01:19:06 查询号码 【1397285】，GSD为【"湖北-咸宁"】

2024-10-01 01:19:07 开始第 7287 次操作

2024-10-01 01:19:07 开始操作号码 【1397286】
2024-10-01 01:19:09 GSD getOne 第 1 次 等待 3 秒
2024-10-01 01:19:12 查询号码 【1397286】，返回信息 {"status":"ok","msg":"湖北-荆门","gid":"349921","time_insert":"2021-07-21 23:17"}
2024-10-01 01:19:12 查询号码 【1397286】，GSD为【"湖北-荆门"】

2024-10-01 01:19:13 开始第 7288 次操作

2024-10-01 01:19:13 开始操作号码 【1397287】
2024-10-01 01:19:15 GSD getOne 第 1 次 等待 3 秒
2024-10-01 01:19:18 查询号码 【1397287】，返回信息 {"status":"ok","msg":"湖北-荆门","gid":"349965","time_insert":"2021-07-21 23:27"}
2024-10-01 01:19:18 查询号码 【1397287】，GSD为【"湖北-荆门"】

2024-10-01 01:40:02 开始第 7289 次操作

2024-10-01 01:40:02 开始操作号码 【1397288】
2024-10-01 01:40:04 GSD getOne 第 1 次 等待 3 秒
2024-10-01 01:40:07 查询号码 【1397288】，返回信息 {"status":"ok","msg":"湖北-荆门","gid":"349996","time_insert":"2021-07-21 23:36"}
2024-10-01 01:40:07 查询号码 【1397288】，GSD为【"湖北-荆门"】

2024-10-01 01:40:08 开始第 7290 次操作

2024-10-01 01:40:08 开始操作号码 【1397289】
2024-10-01 01:40:10 GSD getOne 第 1 次 等待 3 秒
2024-10-01 01:40:13 查询号码 【1397289】，返回信息 {"status":"ok","msg":"湖北-荆门","gid":"350026","time_insert":"2021-07-21 23:46"}
2024-10-01 01:40:13 查询号码 【1397289】，GSD为【"湖北-荆门"】

2024-10-01 01:40:14 开始第 7291 次操作

2024-10-01 01:40:14 开始操作号码 【1397290】
2024-10-01 01:40:16 GSD getOne 第 1 次 等待 3 秒
2024-10-01 01:40:19 查询号码 【1397290】，返回信息 {"status":"ok","msg":"湖北-荆门","gid":"350126","time_insert":"2021-07-21 23:55"}
2024-10-01 01:40:19 查询号码 【1397290】，GSD为【"湖北-荆门"】

2024-10-01 01:40:20 开始第 7292 次操作

2024-10-01 01:40:20 开始操作号码 【1397291】
2024-10-01 01:40:22 GSD getOne 第 1 次 等待 3 秒
2024-10-01 01:40:25 查询号码 【1397291】，返回信息 {"status":"ok","msg":"湖北-荆门","gid":"350227","time_insert":"2021-07-22 00:05"}
2024-10-01 01:40:25 查询号码 【1397291】，GSD为【"湖北-荆门"】

