2024-07-10 00:22:54 开始第 5121 次操作

2024-07-10 00:22:54 开始操作号码 【1505030】
2024-07-10 00:23:08 GSD getOne 第 1 次 等待 3 秒
2024-07-10 00:23:11 查询号码 【1505030】，返回信息 {"status":"ok","msg":"江苏-苏州","gid":"311772","time_insert":"2021-07-18 06:45"}
2024-07-10 00:23:11 查询号码 【1505030】，GSD为【"江苏-苏州"】

2024-07-10 00:23:12 开始第 5122 次操作

2024-07-10 00:23:12 开始操作号码 【1505031】
2024-07-10 00:23:23 GSD getOne 第 1 次 等待 3 秒
2024-07-10 00:23:26 查询号码 【1505031】，返回信息 {"status":"ok","msg":"江苏-苏州","gid":"311927","time_insert":"2021-07-18 06:56"}
2024-07-10 00:23:26 查询号码 【1505031】，GSD为【"江苏-苏州"】

2024-07-10 00:23:27 开始第 5123 次操作

2024-07-10 00:23:27 开始操作号码 【1505032】
2024-07-10 00:23:40 GSD getOne 第 1 次 等待 3 秒
2024-07-10 00:23:43 查询号码 【1505032】，返回信息 {"status":"ok","msg":"江苏-苏州","gid":"312048","time_insert":"2021-07-18 07:07"}
2024-07-10 00:23:43 查询号码 【1505032】，GSD为【"江苏-苏州"】

2024-07-10 00:23:44 开始第 5124 次操作

2024-07-10 00:23:45 开始操作号码 【1505033】
2024-07-10 00:23:54 GSD getOne 第 1 次 等待 3 秒
2024-07-10 00:23:57 查询号码 【1505033】，返回信息 {"status":"ok","msg":"江苏-苏州","gid":"312114","time_insert":"2021-07-18 07:20"}
2024-07-10 00:23:57 查询号码 【1505033】，GSD为【"江苏-苏州"】

2024-07-10 00:42:03 开始第 5125 次操作

2024-07-10 00:42:03 开始操作号码 【1505034】
2024-07-10 00:42:16 GSD getOne 第 1 次 等待 3 秒
2024-07-10 00:42:19 查询号码 【1505034】，返回信息 {"status":"ok","msg":"江苏-苏州","gid":"312146","time_insert":"2021-07-18 07:34"}
2024-07-10 00:42:19 查询号码 【1505034】，GSD为【"江苏-苏州"】

2024-07-10 00:42:20 开始第 5126 次操作

2024-07-10 00:42:20 开始操作号码 【1505035】
2024-07-10 00:42:28 GSD getOne 第 1 次 等待 3 秒
2024-07-10 00:42:31 查询号码 【1505035】，返回信息 {"status":"ok","msg":"江苏-苏州","gid":"15649","time_insert":"2019-04-24 13:46","time_update":"2020-08-24 21:36"}
2024-07-10 00:42:31 查询号码 【1505035】，GSD为【"江苏-苏州"】

2024-07-10 00:42:32 开始第 5127 次操作

2024-07-10 00:42:32 开始操作号码 【1505036】
2024-07-10 00:42:42 GSD getOne 第 1 次 等待 3 秒
2024-07-10 00:42:45 查询号码 【1505036】，返回信息 {"status":"ok","msg":"江苏-苏州","gid":"15650","time_insert":"2018-05-01 22:01","time_update":"2020-08-24 21:40"}
2024-07-10 00:42:45 查询号码 【1505036】，GSD为【"江苏-苏州"】

2024-07-10 00:42:46 开始第 5128 次操作

2024-07-10 00:42:46 开始操作号码 【1505037】
2024-07-10 00:42:54 GSD getOne 第 1 次 等待 3 秒
2024-07-10 00:42:57 查询号码 【1505037】，返回信息 {"status":"ok","msg":"江苏-苏州","gid":"312304","time_insert":"2021-07-18 07:47"}
2024-07-10 00:42:57 查询号码 【1505037】，GSD为【"江苏-苏州"】

