2023-11-03 00:21:44 开始第 6453 次操作

2023-11-03 00:21:44 开始操作号码 【1936371】
2023-11-03 00:21:48 GSD getOne 第 1 次 等待 3 秒
2023-11-03 00:21:51 查询号码 【1936371】，返回信息 {"status":"ok","msg":"吉林-长春","gid":"480153","time_insert":"2021-08-02 15:05","time_update":"2023-07-05 13:16"}
2023-11-03 00:21:51 查询号码 【1936371】，GSD为【"吉林-长春"】

2023-11-03 00:21:52 开始第 6454 次操作

2023-11-03 00:21:52 开始操作号码 【1936372】
2023-11-03 00:21:55 GSD getOne 第 1 次 等待 3 秒
2023-11-03 00:21:58 查询号码 【1936372】，返回信息 {"status":"ok","msg":"吉林-长春","gid":"480141","time_insert":"2021-08-02 15:04","time_update":"2023-07-05 13:19"}
2023-11-03 00:21:58 查询号码 【1936372】，GSD为【"吉林-长春"】

2023-11-03 00:21:59 开始第 6455 次操作

2023-11-03 00:21:59 开始操作号码 【1936373】
2023-11-03 00:22:02 GSD getOne 第 1 次 等待 3 秒
2023-11-03 00:22:05 查询号码 【1936373】，返回信息 {"status":"ok","msg":"吉林-长春","gid":"480132","time_insert":"2021-08-02 15:04","time_update":"2023-07-05 13:21"}
2023-11-03 00:22:05 查询号码 【1936373】，GSD为【"吉林-长春"】

2023-11-03 00:22:06 开始第 6456 次操作

2023-11-03 00:22:06 开始操作号码 【1936374】
2023-11-03 00:22:12 GSD getOne 第 1 次 等待 3 秒
2023-11-03 00:22:15 查询号码 【1936374】，返回信息 {"status":"ok","msg":"辽宁-沈阳","gid":"480123","time_insert":"2021-08-02 15:03","time_update":"2023-07-05 13:23"}
2023-11-03 00:22:15 查询号码 【1936374】，GSD为【"辽宁-沈阳"】

2023-11-03 00:41:29 开始第 6457 次操作

2023-11-03 00:41:29 开始操作号码 【1936375】
2023-11-03 00:41:33 GSD getOne 第 1 次 等待 3 秒
2023-11-03 00:41:36 查询号码 【1936375】，返回信息 {"status":"ok","msg":"辽宁-沈阳","gid":"480112","time_insert":"2021-08-02 15:03","time_update":"2023-07-05 13:38"}
2023-11-03 00:41:36 查询号码 【1936375】，GSD为【"辽宁-沈阳"】

2023-11-03 00:41:37 开始第 6458 次操作

2023-11-03 00:41:37 开始操作号码 【1936376】
2023-11-03 00:41:40 GSD getOne 第 1 次 等待 3 秒
2023-11-03 00:41:43 查询号码 【1936376】，返回信息 {"status":"ok","msg":"辽宁-大连","gid":"480104","time_insert":"2021-08-02 15:02","time_update":"2023-07-05 13:40"}
2023-11-03 00:41:43 查询号码 【1936376】，GSD为【"辽宁-大连"】

2023-11-03 00:41:44 开始第 6459 次操作

2023-11-03 00:41:44 开始操作号码 【1936377】
2023-11-03 00:41:48 GSD getOne 第 1 次 等待 3 秒
2023-11-03 00:41:51 查询号码 【1936377】，返回信息 {"status":"ok","msg":"辽宁-大连","gid":"480094","time_insert":"2021-08-02 15:01","time_update":"2023-07-05 13:43"}
2023-11-03 00:41:51 查询号码 【1936377】，GSD为【"辽宁-大连"】

2023-11-03 00:41:52 开始第 6460 次操作

2023-11-03 00:41:52 开始操作号码 【1936378】
2023-11-03 00:41:55 GSD getOne 第 1 次 等待 3 秒
2023-11-03 00:41:58 查询号码 【1936378】，返回信息 {"status":"ok","msg":"内蒙古-呼和浩特","gid":"480086","time_insert":"2021-08-02 15:01","time_update":"2023-07-05 13:47"}
2023-11-03 00:41:58 查询号码 【1936378】，GSD为【"内蒙古-呼和浩特"】

