2024-02-14 00:20:15 开始第 3557 次操作

2024-02-14 00:20:15 开始操作号码 【1723476】
2024-02-14 00:20:20 GSD getOne 第 1 次 等待 3 秒
2024-02-14 00:20:23 查询号码 【1723476】，返回信息 {"status":"ok","msg":"福建-福州","gid":"277499","time_insert":"2021-07-14 21:40"}
2024-02-14 00:20:23 查询号码 【1723476】，GSD为【"福建-福州"】

2024-02-14 00:20:24 开始第 3558 次操作

2024-02-14 00:20:24 开始操作号码 【1723477】
2024-02-14 00:20:28 GSD getOne 第 1 次 等待 3 秒
2024-02-14 00:20:31 查询号码 【1723477】，返回信息 {"status":"ok","msg":"福建-福州","gid":"277503","time_insert":"2021-07-14 21:40"}
2024-02-14 00:20:31 查询号码 【1723477】，GSD为【"福建-福州"】

2024-02-14 00:20:32 开始第 3559 次操作

2024-02-14 00:20:32 开始操作号码 【1723478】
2024-02-14 00:20:37 GSD getOne 第 1 次 等待 3 秒
2024-02-14 00:20:40 查询号码 【1723478】，返回信息 {"status":"ok","msg":"福建-福州","gid":"277508","time_insert":"2021-07-14 21:41"}
2024-02-14 00:20:40 查询号码 【1723478】，GSD为【"福建-福州"】

2024-02-14 00:20:41 开始第 3560 次操作

2024-02-14 00:20:41 开始操作号码 【1723479】
2024-02-14 00:20:50 GSD getOne 第 1 次 等待 3 秒
2024-02-14 00:20:53 查询号码 【1723479】，返回信息 {"status":"ok","msg":"福建-福州","gid":"277516","time_insert":"2021-07-14 21:41"}
2024-02-14 00:20:53 查询号码 【1723479】，GSD为【"福建-福州"】

2024-02-14 00:40:55 开始第 3561 次操作

2024-02-14 00:40:55 开始操作号码 【1723480】
2024-02-14 00:41:00 GSD getOne 第 1 次 等待 3 秒
2024-02-14 00:41:04 查询号码 【1723480】，返回信息 {"status":"ok","msg":"福建-福州","gid":"277527","time_insert":"2021-07-14 21:42"}
2024-02-14 00:41:04 查询号码 【1723480】，GSD为【"福建-福州"】

2024-02-14 00:41:05 开始第 3562 次操作

2024-02-14 00:41:05 开始操作号码 【1723481】
2024-02-14 00:41:10 GSD getOne 第 1 次 等待 3 秒
2024-02-14 00:41:13 查询号码 【1723481】，返回信息 {"status":"ok","msg":"福建-福州","gid":"277540","time_insert":"2021-07-14 21:42"}
2024-02-14 00:41:13 查询号码 【1723481】，GSD为【"福建-福州"】

2024-02-14 00:41:14 开始第 3563 次操作

2024-02-14 00:41:14 开始操作号码 【1723482】
2024-02-14 00:41:19 GSD getOne 第 1 次 等待 3 秒
2024-02-14 00:41:22 查询号码 【1723482】，返回信息 {"status":"ok","msg":"福建-福州","gid":"277550","time_insert":"2021-07-14 21:43"}
2024-02-14 00:41:22 查询号码 【1723482】，GSD为【"福建-福州"】

2024-02-14 00:41:23 开始第 3564 次操作

2024-02-14 00:41:23 开始操作号码 【1723483】
2024-02-14 00:41:27 GSD getOne 第 1 次 等待 3 秒
2024-02-14 00:41:30 查询号码 【1723483】，返回信息 {"status":"ok","msg":"福建-福州","gid":"277558","time_insert":"2021-07-14 21:43"}
2024-02-14 00:41:30 查询号码 【1723483】，GSD为【"福建-福州"】

2024-02-14 01:13:26 开始第 3565 次操作

2024-02-14 01:13:26 开始操作号码 【1723484】
2024-02-14 01:13:31 GSD getOne 第 1 次 等待 3 秒
2024-02-14 01:13:34 查询号码 【1723484】，返回信息 {"status":"ok","msg":"福建-福州","gid":"277566","time_insert":"2021-07-14 21:43"}
2024-02-14 01:13:34 查询号码 【1723484】，GSD为【"福建-福州"】

2024-02-14 01:13:35 开始第 3566 次操作

2024-02-14 01:13:35 开始操作号码 【1723485】
2024-02-14 01:13:40 GSD getOne 第 1 次 等待 3 秒
2024-02-14 01:13:43 查询号码 【1723485】，返回信息 {"status":"ok","msg":"福建-福州","gid":"277576","time_insert":"2021-07-14 21:44","time_update":"2021-08-25 14:20"}
2024-02-14 01:13:43 查询号码 【1723485】，GSD为【"福建-福州"】

2024-02-14 01:13:44 开始第 3567 次操作

2024-02-14 01:13:44 开始操作号码 【1723486】
2024-02-14 01:13:48 GSD getOne 第 1 次 等待 3 秒
2024-02-14 01:13:51 查询号码 【1723486】，返回信息 {"status":"ok","msg":"福建-福州","gid":"277586","time_insert":"2021-07-14 21:44"}
2024-02-14 01:13:51 查询号码 【1723486】，GSD为【"福建-福州"】

2024-02-14 01:13:52 开始第 3568 次操作

2024-02-14 01:13:52 开始操作号码 【1723487】
2024-02-14 01:13:57 GSD getOne 第 1 次 等待 3 秒
2024-02-14 01:14:00 查询号码 【1723487】，返回信息 {"status":"ok","msg":"福建-福州","gid":"277593","time_insert":"2021-07-14 21:45"}
2024-02-14 01:14:00 查询号码 【1723487】，GSD为【"福建-福州"】

2024-02-14 01:37:11 开始第 3569 次操作

2024-02-14 01:37:11 开始操作号码 【1723488】
2024-02-14 01:37:16 GSD getOne 第 1 次 等待 3 秒
2024-02-14 01:37:19 查询号码 【1723488】，返回信息 {"status":"ok","msg":"福建-福州","gid":"277599","time_insert":"2021-07-14 21:45"}
2024-02-14 01:37:19 查询号码 【1723488】，GSD为【"福建-福州"】

2024-02-14 01:37:20 开始第 3570 次操作

2024-02-14 01:37:20 开始操作号码 【1723489】
2024-02-14 01:37:24 GSD getOne 第 1 次 等待 3 秒
2024-02-14 01:37:27 查询号码 【1723489】，返回信息 {"status":"ok","msg":"福建-福州","gid":"277608","time_insert":"2021-07-14 21:45"}
2024-02-14 01:37:27 查询号码 【1723489】，GSD为【"福建-福州"】

2024-02-14 01:37:28 开始第 3571 次操作

2024-02-14 01:37:28 开始操作号码 【1723490】
2024-02-14 01:37:33 GSD getOne 第 1 次 等待 3 秒
2024-02-14 01:37:36 查询号码 【1723490】，返回信息 {"status":"ok","msg":"福建-福州","gid":"277625","time_insert":"2021-07-14 21:46"}
2024-02-14 01:37:36 查询号码 【1723490】，GSD为【"福建-福州"】

2024-02-14 01:37:37 开始第 3572 次操作

2024-02-14 01:37:37 开始操作号码 【1723491】
2024-02-14 01:37:42 GSD getOne 第 1 次 等待 3 秒
2024-02-14 01:37:45 查询号码 【1723491】，返回信息 {"status":"ok","msg":"福建-福州","gid":"277629","time_insert":"2021-07-14 21:47"}
2024-02-14 01:37:45 查询号码 【1723491】，GSD为【"福建-福州"】

2024-02-14 02:20:37 开始第 3573 次操作

2024-02-14 02:20:37 开始操作号码 【1723492】
2024-02-14 02:20:42 GSD getOne 第 1 次 等待 3 秒
2024-02-14 02:20:45 查询号码 【1723492】，返回信息 {"status":"ok","msg":"福建-福州","gid":"277639","time_insert":"2021-07-14 21:47"}
2024-02-14 02:20:45 查询号码 【1723492】，GSD为【"福建-福州"】

2024-02-14 02:20:46 开始第 3574 次操作

2024-02-14 02:20:46 开始操作号码 【1723493】
2024-02-14 02:20:50 GSD getOne 第 1 次 等待 3 秒
2024-02-14 02:20:53 查询号码 【1723493】，返回信息 {"status":"ok","msg":"福建-福州","gid":"277647","time_insert":"2021-07-14 21:47"}
2024-02-14 02:20:54 查询号码 【1723493】，GSD为【"福建-福州"】

2024-02-14 02:20:55 开始第 3575 次操作

2024-02-14 02:20:55 开始操作号码 【1723494】
2024-02-14 02:20:59 GSD getOne 第 1 次 等待 3 秒
2024-02-14 02:21:02 查询号码 【1723494】，返回信息 {"status":"ok","msg":"福建-福州","gid":"277658","time_insert":"2021-07-14 21:48"}
2024-02-14 02:21:02 查询号码 【1723494】，GSD为【"福建-福州"】

2024-02-14 02:21:03 开始第 3576 次操作

2024-02-14 02:21:03 开始操作号码 【1723495】
2024-02-14 02:21:07 GSD getOne 第 1 次 等待 3 秒
2024-02-14 02:21:10 查询号码 【1723495】，返回信息 {"status":"ok","msg":"福建-福州","gid":"277667","time_insert":"2021-07-14 21:48"}
2024-02-14 02:21:11 查询号码 【1723495】，GSD为【"福建-福州"】

2024-02-14 02:37:55 开始第 3577 次操作

2024-02-14 02:37:55 开始操作号码 【1723496】
2024-02-14 02:37:59 GSD getOne 第 1 次 等待 3 秒
2024-02-14 02:38:02 查询号码 【1723496】，返回信息 {"status":"ok","msg":"福建-福州","gid":"277676","time_insert":"2021-07-14 21:49"}
2024-02-14 02:38:02 查询号码 【1723496】，GSD为【"福建-福州"】

2024-02-14 02:38:03 开始第 3578 次操作

2024-02-14 02:38:03 开始操作号码 【1723497】
2024-02-14 02:38:07 GSD getOne 第 1 次 等待 3 秒
2024-02-14 02:38:10 查询号码 【1723497】，返回信息 {"status":"ok","msg":"福建-福州","gid":"277682","time_insert":"2021-07-14 21:49"}
2024-02-14 02:38:11 查询号码 【1723497】，GSD为【"福建-福州"】

2024-02-14 02:38:12 开始第 3579 次操作

2024-02-14 02:38:12 开始操作号码 【1723498】
2024-02-14 02:38:16 GSD getOne 第 1 次 等待 3 秒
2024-02-14 02:38:19 查询号码 【1723498】，返回信息 {"status":"ok","msg":"福建-福州","gid":"277690","time_insert":"2021-07-14 21:49"}
2024-02-14 02:38:19 查询号码 【1723498】，GSD为【"福建-福州"】

2024-02-14 02:38:20 开始第 3580 次操作

2024-02-14 02:38:20 开始操作号码 【1723499】
2024-02-14 02:38:26 GSD getOne 第 1 次 等待 3 秒
2024-02-14 02:38:29 查询号码 【1723499】，返回信息 {"status":"ok","msg":"福建-福州","gid":"277704","time_insert":"2021-07-14 21:50"}
2024-02-14 02:38:29 查询号码 【1723499】，GSD为【"福建-福州"】

2024-02-14 03:12:21 开始第 3581 次操作

2024-02-14 03:12:21 开始操作号码 【1723500】
2024-02-14 03:12:25 GSD getOne 第 1 次 等待 3 秒
2024-02-14 03:12:28 查询号码 【1723500】，返回信息 {"status":"ok","msg":"上海-上海","gid":"277711","time_insert":"2021-07-14 21:50"}
2024-02-14 03:12:28 查询号码 【1723500】，GSD为【"上海-上海"】

2024-02-14 03:12:29 开始第 3582 次操作

2024-02-14 03:12:29 开始操作号码 【1723501】
2024-02-14 03:12:34 GSD getOne 第 1 次 等待 3 秒
2024-02-14 03:12:37 查询号码 【1723501】，返回信息 {"status":"ok","msg":"上海-上海","gid":"277721","time_insert":"2021-07-14 21:51"}
2024-02-14 03:12:37 查询号码 【1723501】，GSD为【"上海-上海"】

2024-02-14 03:12:38 开始第 3583 次操作

2024-02-14 03:12:38 开始操作号码 【1723502】
2024-02-14 03:12:43 GSD getOne 第 1 次 等待 3 秒
2024-02-14 03:12:46 查询号码 【1723502】，返回信息 {"status":"ok","msg":"上海-上海","gid":"277729","time_insert":"2021-07-14 21:51"}
2024-02-14 03:12:46 查询号码 【1723502】，GSD为【"上海-上海"】

2024-02-14 03:12:47 开始第 3584 次操作

2024-02-14 03:12:47 开始操作号码 【1723503】
2024-02-14 03:12:51 GSD getOne 第 1 次 等待 3 秒
2024-02-14 03:12:54 查询号码 【1723503】，返回信息 {"status":"ok","msg":"上海-上海","gid":"277738","time_insert":"2021-07-14 21:52"}
2024-02-14 03:12:54 查询号码 【1723503】，GSD为【"上海-上海"】

2024-02-14 03:37:08 开始第 3585 次操作

2024-02-14 03:37:08 开始操作号码 【1723504】
2024-02-14 03:37:13 GSD getOne 第 1 次 等待 3 秒
2024-02-14 03:37:16 查询号码 【1723504】，返回信息 {"status":"ok","msg":"上海-上海","gid":"277751","time_insert":"2021-07-14 21:52"}
2024-02-14 03:37:16 查询号码 【1723504】，GSD为【"上海-上海"】

2024-02-14 03:37:17 开始第 3586 次操作

2024-02-14 03:37:17 开始操作号码 【1723505】
2024-02-14 03:37:21 GSD getOne 第 1 次 等待 3 秒
2024-02-14 03:37:24 查询号码 【1723505】，返回信息 {"status":"ok","msg":"上海-上海","gid":"277758","time_insert":"2021-07-14 21:53"}
2024-02-14 03:37:24 查询号码 【1723505】，GSD为【"上海-上海"】

2024-02-14 03:37:25 开始第 3587 次操作

2024-02-14 03:37:25 开始操作号码 【1723506】
2024-02-14 03:37:29 GSD getOne 第 1 次 等待 3 秒
2024-02-14 03:37:32 查询号码 【1723506】，返回信息 {"status":"ok","msg":"上海-上海","gid":"277869","time_insert":"2021-07-14 22:35"}
2024-02-14 03:37:32 查询号码 【1723506】，GSD为【"上海-上海"】

2024-02-14 03:37:33 开始第 3588 次操作

2024-02-14 03:37:33 开始操作号码 【1723507】
2024-02-14 03:37:39 GSD getOne 第 1 次 等待 3 秒
2024-02-14 03:37:42 查询号码 【1723507】，返回信息 {"status":"ok","msg":"上海-上海","gid":"277871","time_insert":"2021-07-14 22:35"}
2024-02-14 03:37:42 查询号码 【1723507】，GSD为【"上海-上海"】

2024-02-14 04:18:38 开始第 3589 次操作

2024-02-14 04:18:38 开始操作号码 【1723508】
2024-02-14 04:18:43 GSD getOne 第 1 次 等待 3 秒
2024-02-14 04:18:46 查询号码 【1723508】，返回信息 {"status":"ok","msg":"上海-上海","gid":"277874","time_insert":"2021-07-14 22:36"}
2024-02-14 04:18:46 查询号码 【1723508】，GSD为【"上海-上海"】

2024-02-14 04:18:47 开始第 3590 次操作

2024-02-14 04:18:47 开始操作号码 【1723509】
2024-02-14 04:18:52 GSD getOne 第 1 次 等待 3 秒
2024-02-14 04:18:55 查询号码 【1723509】，返回信息 {"status":"ok","msg":"上海-上海","gid":"277878","time_insert":"2021-07-14 22:36"}
2024-02-14 04:18:55 查询号码 【1723509】，GSD为【"上海-上海"】

2024-02-14 04:18:56 开始第 3591 次操作

2024-02-14 04:18:56 开始操作号码 【1723510】
2024-02-14 04:19:00 GSD getOne 第 1 次 等待 3 秒
2024-02-14 04:19:03 查询号码 【1723510】，返回信息 {"status":"ok","msg":"上海-上海","gid":"277883","time_insert":"2021-07-14 22:37"}
2024-02-14 04:19:03 查询号码 【1723510】，GSD为【"上海-上海"】

2024-02-14 04:19:04 开始第 3592 次操作

2024-02-14 04:19:04 开始操作号码 【1723511】
2024-02-14 04:19:09 GSD getOne 第 1 次 等待 3 秒
2024-02-14 04:19:12 查询号码 【1723511】，返回信息 {"status":"ok","msg":"上海-上海","gid":"277894","time_insert":"2021-07-14 22:37"}
2024-02-14 04:19:12 查询号码 【1723511】，GSD为【"上海-上海"】

2024-02-14 04:37:09 开始第 3593 次操作

2024-02-14 04:37:09 开始操作号码 【1723512】
2024-02-14 04:37:14 GSD getOne 第 1 次 等待 3 秒
2024-02-14 04:37:17 查询号码 【1723512】，返回信息 {"status":"ok","msg":"上海-上海","gid":"277901","time_insert":"2021-07-14 22:38"}
2024-02-14 04:37:17 查询号码 【1723512】，GSD为【"上海-上海"】

2024-02-14 04:37:18 开始第 3594 次操作

2024-02-14 04:37:18 开始操作号码 【1723513】
2024-02-14 04:37:24 GSD getOne 第 1 次 等待 3 秒
2024-02-14 04:37:27 查询号码 【1723513】，返回信息 {"status":"ok","msg":"上海-上海","gid":"277912","time_insert":"2021-07-14 22:39"}
2024-02-14 04:37:27 查询号码 【1723513】，GSD为【"上海-上海"】

2024-02-14 04:37:28 开始第 3595 次操作

2024-02-14 04:37:28 开始操作号码 【1723514】
2024-02-14 04:37:33 GSD getOne 第 1 次 等待 3 秒
2024-02-14 04:37:36 查询号码 【1723514】，返回信息 {"status":"ok","msg":"上海-上海","gid":"277918","time_insert":"2021-07-14 22:39"}
2024-02-14 04:37:36 查询号码 【1723514】，GSD为【"上海-上海"】

2024-02-14 04:37:37 开始第 3596 次操作

2024-02-14 04:37:37 开始操作号码 【1723515】
2024-02-14 04:37:42 GSD getOne 第 1 次 等待 3 秒
2024-02-14 04:37:45 查询号码 【1723515】，返回信息 {"status":"ok","msg":"上海-上海","gid":"277925","time_insert":"2021-07-14 22:39","time_update":"2021-08-25 14:33"}
2024-02-14 04:37:45 查询号码 【1723515】，GSD为【"上海-上海"】

2024-02-14 05:14:21 开始第 3597 次操作

2024-02-14 05:14:21 开始操作号码 【1723516】
2024-02-14 05:14:26 GSD getOne 第 1 次 等待 3 秒
2024-02-14 05:14:29 查询号码 【1723516】，返回信息 {"status":"ok","msg":"上海-上海","gid":"277931","time_insert":"2021-07-14 22:40"}
2024-02-14 05:14:29 查询号码 【1723516】，GSD为【"上海-上海"】

2024-02-14 05:14:30 开始第 3598 次操作

2024-02-14 05:14:30 开始操作号码 【1723517】
2024-02-14 05:14:34 GSD getOne 第 1 次 等待 3 秒
2024-02-14 05:14:37 查询号码 【1723517】，返回信息 {"status":"ok","msg":"上海-上海","gid":"277936","time_insert":"2021-07-14 22:40"}
2024-02-14 05:14:37 查询号码 【1723517】，GSD为【"上海-上海"】

2024-02-14 05:14:38 开始第 3599 次操作

2024-02-14 05:14:38 开始操作号码 【1723518】
2024-02-14 05:14:42 GSD getOne 第 1 次 等待 3 秒
2024-02-14 05:14:45 查询号码 【1723518】，返回信息 {"status":"ok","msg":"上海-上海","gid":"277941","time_insert":"2021-07-14 22:40"}
2024-02-14 05:14:45 查询号码 【1723518】，GSD为【"上海-上海"】

2024-02-14 05:14:47 开始第 3600 次操作

2024-02-14 05:14:47 开始操作号码 【1723519】
2024-02-14 05:14:53 GSD getOne 第 1 次 等待 3 秒
2024-02-14 05:14:56 查询号码 【1723519】，返回信息 {"status":"ok","msg":"上海-上海","gid":"277950","time_insert":"2021-07-14 22:41","time_update":"2021-08-25 15:00"}
2024-02-14 05:14:56 查询号码 【1723519】，GSD为【"上海-上海"】

2024-02-14 05:37:43 开始第 3601 次操作

2024-02-14 05:37:43 开始操作号码 【1723520】
2024-02-14 05:37:47 GSD getOne 第 1 次 等待 3 秒
2024-02-14 05:37:50 查询号码 【1723520】，返回信息 {"status":"ok","msg":"上海-上海","gid":"277956","time_insert":"2021-07-14 22:41"}
2024-02-14 05:37:50 查询号码 【1723520】，GSD为【"上海-上海"】

2024-02-14 05:37:51 开始第 3602 次操作

2024-02-14 05:37:51 开始操作号码 【1723521】
2024-02-14 05:37:57 GSD getOne 第 1 次 等待 3 秒
2024-02-14 05:38:00 查询号码 【1723521】，返回信息 {"status":"ok","msg":"上海-上海","gid":"277962","time_insert":"2021-07-14 22:41"}
2024-02-14 05:38:00 查询号码 【1723521】，GSD为【"上海-上海"】

2024-02-14 05:38:01 开始第 3603 次操作

2024-02-14 05:38:01 开始操作号码 【1723522】
2024-02-14 05:38:05 GSD getOne 第 1 次 等待 3 秒
2024-02-14 05:38:08 查询号码 【1723522】，返回信息 {"status":"ok","msg":"上海-上海","gid":"277966","time_insert":"2021-07-14 22:42"}
2024-02-14 05:38:08 查询号码 【1723522】，GSD为【"上海-上海"】

2024-02-14 05:38:09 开始第 3604 次操作

2024-02-14 05:38:09 开始操作号码 【1723523】
2024-02-14 05:38:14 GSD getOne 第 1 次 等待 3 秒
2024-02-14 05:38:17 查询号码 【1723523】，返回信息 {"status":"ok","msg":"上海-上海","gid":"277972","time_insert":"2021-07-14 22:42"}
2024-02-14 05:38:17 查询号码 【1723523】，GSD为【"上海-上海"】

2024-02-14 06:16:50 开始第 3605 次操作

2024-02-14 06:16:50 开始操作号码 【1723524】
2024-02-14 06:16:55 GSD getOne 第 1 次 等待 3 秒
2024-02-14 06:16:58 查询号码 【1723524】，返回信息 {"status":"ok","msg":"上海-上海","gid":"277981","time_insert":"2021-07-14 22:42"}
2024-02-14 06:16:58 查询号码 【1723524】，GSD为【"上海-上海"】

2024-02-14 06:16:59 开始第 3606 次操作

2024-02-14 06:16:59 开始操作号码 【1723525】
2024-02-14 06:17:03 GSD getOne 第 1 次 等待 3 秒
2024-02-14 06:17:06 查询号码 【1723525】，返回信息 {"status":"ok","msg":"上海-上海","gid":"277993","time_insert":"2021-07-14 22:43"}
2024-02-14 06:17:06 查询号码 【1723525】，GSD为【"上海-上海"】

2024-02-14 06:17:07 开始第 3607 次操作

2024-02-14 06:17:07 开始操作号码 【1723526】
2024-02-14 06:17:11 GSD getOne 第 1 次 等待 3 秒
2024-02-14 06:17:14 查询号码 【1723526】，返回信息 {"status":"ok","msg":"上海-上海","gid":"278000","time_insert":"2021-07-14 22:43"}
2024-02-14 06:17:14 查询号码 【1723526】，GSD为【"上海-上海"】

2024-02-14 06:17:15 开始第 3608 次操作

2024-02-14 06:17:15 开始操作号码 【1723527】
2024-02-14 06:17:20 GSD getOne 第 1 次 等待 3 秒
2024-02-14 06:17:23 查询号码 【1723527】，返回信息 {"status":"ok","msg":"上海-上海","gid":"278009","time_insert":"2021-07-14 22:44"}
2024-02-14 06:17:23 查询号码 【1723527】，GSD为【"上海-上海"】

