2024-05-08 00:19:37 开始第 7645 次操作

2024-05-08 00:19:37 开始操作号码 【1617561】
2024-05-08 00:19:49 GSD getOne 第 1 次 等待 3 秒
2024-05-08 00:19:52 查询号码 【1617561】，返回信息 {"status":"ok","msg":"-","gid":"669595","time_insert":"2023-04-21 23:19"}
2024-05-08 00:19:52 查询号码 【1617561】，GSD为【"-"】
2024-05-08 00:19:52 ok && -
2024-05-08 00:19:55 CHB 1617561?1715098792 第 1 次 等待 3 秒
2024-05-08 00:19:58 CHB 1617561?1715098792 第 1 次 获取到号码【1617561】GSD
2024-05-08 00:19:58 未获取到号码【1617561】GSD，可能号码格式错误
2024-05-08 00:19:58 获取到号码【1617561】的GSD为【-】
2024-05-08 00:20:06 GSD insert 第 1 次 等待 3 秒
2024-05-08 00:20:09 {"status":"bad","gid":"669595","msg":"添加失败！号码【1617561(-|-)】已存在！"}
2024-05-08 00:20:09 随机等待 128 秒，约 2 分钟
2024-05-08 00:20:09 下次操作: 2024-05-08 00:22:17

2024-05-08 00:22:17 开始第 7646 次操作

2024-05-08 00:22:17 开始操作号码 【1617562】
2024-05-08 00:22:24 GSD getOne 第 1 次 等待 3 秒
2024-05-08 00:22:27 查询号码 【1617562】，返回信息 {"status":"ok","msg":"-","gid":"669622","time_insert":"2023-04-21 23:34"}
2024-05-08 00:22:27 查询号码 【1617562】，GSD为【"-"】
2024-05-08 00:22:27 ok && -
2024-05-08 00:22:29 CHB 1617562?1715098947 第 1 次 等待 3 秒
2024-05-08 00:22:32 CHB 1617562?1715098947 第 1 次 获取到号码【1617562】GSD
2024-05-08 00:22:33 未获取到号码【1617562】GSD，可能号码格式错误
2024-05-08 00:22:33 获取到号码【1617562】的GSD为【-】
2024-05-08 00:22:37 GSD insert 第 1 次 等待 3 秒
2024-05-08 00:22:40 {"status":"bad","gid":"669622","msg":"添加失败！号码【1617562(-|-)】已存在！"}
2024-05-08 00:22:40 随机等待 133 秒，约 2 分钟
2024-05-08 00:22:40 下次操作: 2024-05-08 00:24:53

2024-05-08 00:24:54 开始第 7647 次操作

2024-05-08 00:24:54 开始操作号码 【1617563】
2024-05-08 00:25:01 GSD getOne 第 1 次 等待 3 秒
2024-05-08 00:25:04 查询号码 【1617563】，返回信息 {"status":"ok","msg":"-","gid":"669653","time_insert":"2023-04-21 23:52"}
2024-05-08 00:25:04 查询号码 【1617563】，GSD为【"-"】
2024-05-08 00:25:04 ok && -
2024-05-08 00:25:07 CHB 1617563?1715099104 第 1 次 等待 3 秒
2024-05-08 00:25:10 CHB 1617563?1715099104 第 1 次 获取到号码【1617563】GSD
2024-05-08 00:25:10 未获取到号码【1617563】GSD，可能号码格式错误
2024-05-08 00:25:10 获取到号码【1617563】的GSD为【-】
2024-05-08 00:25:17 GSD insert 第 1 次 等待 3 秒
2024-05-08 00:25:20 {"status":"bad","gid":"669653","msg":"添加失败！号码【1617563(-|-)】已存在！"}
2024-05-08 00:25:20 随机等待 220 秒，约 3 分钟
2024-05-08 00:25:20 下次操作: 2024-05-08 00:29:00

2024-05-08 00:29:00 开始第 7648 次操作

2024-05-08 00:29:00 开始操作号码 【1617564】
2024-05-08 00:29:05 GSD getOne 第 1 次 等待 3 秒
2024-05-08 00:29:08 查询号码 【1617564】，返回信息 {"status":"ok","msg":"-","gid":"669676","time_insert":"2023-04-22 00:10"}
2024-05-08 00:29:08 查询号码 【1617564】，GSD为【"-"】
2024-05-08 00:29:08 ok && -
2024-05-08 00:29:10 CHB 1617564?1715099348 第 1 次 等待 3 秒
2024-05-08 00:29:13 CHB 1617564?1715099348 第 1 次 获取到号码【1617564】GSD
2024-05-08 00:29:13 未获取到号码【1617564】GSD，可能号码格式错误
2024-05-08 00:29:13 获取到号码【1617564】的GSD为【-】
2024-05-08 00:29:18 GSD insert 第 1 次 等待 3 秒
2024-05-08 00:29:21 {"status":"bad","gid":"669676","msg":"添加失败！号码【1617564(-|-)】已存在！"}

2024-05-08 00:39:27 开始第 7649 次操作

2024-05-08 00:39:27 开始操作号码 【1617565】
2024-05-08 00:39:32 GSD getOne 第 1 次 等待 3 秒
2024-05-08 00:39:35 查询号码 【1617565】，返回信息 {"status":"ok","msg":"-","gid":"669698","time_insert":"2023-04-22 00:26"}
2024-05-08 00:39:35 查询号码 【1617565】，GSD为【"-"】
2024-05-08 00:39:35 ok && -
2024-05-08 00:39:38 CHB 1617565?1715099975 第 1 次 等待 3 秒
2024-05-08 00:39:41 CHB 1617565?1715099975 第 1 次 获取到号码【1617565】GSD
2024-05-08 00:39:41 未获取到号码【1617565】GSD，可能号码格式错误
2024-05-08 00:39:41 获取到号码【1617565】的GSD为【-】
2024-05-08 00:39:50 GSD insert 第 1 次 等待 3 秒
2024-05-08 00:39:53 {"status":"bad","gid":"669698","msg":"添加失败！号码【1617565(-|-)】已存在！"}
2024-05-08 00:39:53 随机等待 104 秒，约 1 分钟
2024-05-08 00:39:53 下次操作: 2024-05-08 00:41:37

2024-05-08 00:41:37 开始第 7650 次操作

2024-05-08 00:41:37 开始操作号码 【1617566】
2024-05-08 00:41:42 GSD getOne 第 1 次 等待 3 秒
2024-05-08 00:41:45 查询号码 【1617566】，返回信息 {"status":"ok","msg":"-","gid":"669719","time_insert":"2023-04-22 00:41"}
2024-05-08 00:41:45 查询号码 【1617566】，GSD为【"-"】
2024-05-08 00:41:45 ok && -
2024-05-08 00:41:47 CHB 1617566?1715100105 第 1 次 等待 3 秒
2024-05-08 00:41:50 CHB 1617566?1715100105 第 1 次 获取到号码【1617566】GSD
2024-05-08 00:41:50 未获取到号码【1617566】GSD，可能号码格式错误
2024-05-08 00:41:50 获取到号码【1617566】的GSD为【-】
2024-05-08 00:41:55 GSD insert 第 1 次 等待 3 秒
2024-05-08 00:41:58 {"status":"bad","gid":"669719","msg":"添加失败！号码【1617566(-|-)】已存在！"}
2024-05-08 00:41:58 随机等待 117 秒，约 1 分钟
2024-05-08 00:41:58 下次操作: 2024-05-08 00:43:55

2024-05-08 00:43:55 开始第 7651 次操作

2024-05-08 00:43:55 开始操作号码 【1617567】
2024-05-08 00:44:01 GSD getOne 第 1 次 等待 3 秒
2024-05-08 00:44:04 查询号码 【1617567】，返回信息 {"status":"ok","msg":"-","gid":"669744","time_insert":"2023-04-22 00:56"}
2024-05-08 00:44:04 查询号码 【1617567】，GSD为【"-"】
2024-05-08 00:44:04 ok && -
2024-05-08 00:49:04 CHB 1617567?1715100244 第 1 次 等待 3 秒
2024-05-08 00:49:07 CHB 1617567?1715100244 第 1 次 未获取到 等待 186 秒 下次操作: 2024-05-08 00:52:13
2024-05-08 00:52:16 CHB 1617567?1715100733 第 2 次 等待 3 秒
2024-05-08 00:52:19 CHB 1617567?1715100733 第 2 次 获取到号码【1617567】GSD
2024-05-08 00:52:19 未获取到号码【1617567】GSD，可能号码格式错误
2024-05-08 00:52:19 获取到号码【1617567】的GSD为【-】
2024-05-08 00:52:25 GSD insert 第 1 次 等待 3 秒
2024-05-08 00:52:28 {"status":"bad","gid":"669744","msg":"添加失败！号码【1617567(-|-)】已存在！"}
2024-05-08 00:52:28 随机等待 131 秒，约 2 分钟
2024-05-08 00:52:28 下次操作: 2024-05-08 00:54:39

2024-05-08 00:54:39 开始第 7652 次操作

2024-05-08 00:54:39 开始操作号码 【1617568】
2024-05-08 00:54:45 GSD getOne 第 1 次 等待 3 秒
2024-05-08 00:54:48 查询号码 【1617568】，返回信息 {"status":"ok","msg":"-","gid":"669775","time_insert":"2023-04-22 01:16"}
2024-05-08 00:54:48 查询号码 【1617568】，GSD为【"-"】
2024-05-08 00:54:48 ok && -
2024-05-08 00:54:50 CHB 1617568?1715100888 第 1 次 等待 3 秒
2024-05-08 00:54:53 CHB 1617568?1715100888 第 1 次 获取到号码【1617568】GSD
2024-05-08 00:54:53 未获取到号码【1617568】GSD，可能号码格式错误
2024-05-08 00:54:53 获取到号码【1617568】的GSD为【-】
2024-05-08 00:55:00 GSD insert 第 1 次 等待 3 秒
2024-05-08 00:55:03 {"status":"bad","gid":"669775","msg":"添加失败！号码【1617568(-|-)】已存在！"}

2024-05-08 01:14:49 开始第 7653 次操作

2024-05-08 01:14:49 开始操作号码 【1617569】
2024-05-08 01:14:58 GSD getOne 第 1 次 等待 3 秒
2024-05-08 01:15:01 查询号码 【1617569】，返回信息 {"status":"ok","msg":"-","gid":"669801","time_insert":"2023-04-22 01:34"}
2024-05-08 01:15:01 查询号码 【1617569】，GSD为【"-"】
2024-05-08 01:15:01 ok && -
2024-05-08 01:15:04 CHB 1617569?1715102101 第 1 次 等待 3 秒
2024-05-08 01:15:07 CHB 1617569?1715102101 第 1 次 获取到号码【1617569】GSD
2024-05-08 01:15:07 未获取到号码【1617569】GSD，可能号码格式错误
2024-05-08 01:15:07 获取到号码【1617569】的GSD为【-】
2024-05-08 01:15:15 GSD insert 第 1 次 等待 3 秒
2024-05-08 01:15:18 {"status":"bad","gid":"669801","msg":"添加失败！号码【1617569(-|-)】已存在！"}
2024-05-08 01:15:18 随机等待 128 秒，约 2 分钟
2024-05-08 01:15:18 下次操作: 2024-05-08 01:17:26

2024-05-08 01:17:26 开始第 7654 次操作

2024-05-08 01:17:26 开始操作号码 【1617570】
2024-05-08 01:17:38 GSD getOne 第 1 次 等待 3 秒
2024-05-08 01:17:41 查询号码 【1617570】，返回信息 {"status":"ok","msg":"-","gid":"669831","time_insert":"2023-04-22 01:53"}
2024-05-08 01:17:41 查询号码 【1617570】，GSD为【"-"】
2024-05-08 01:17:41 ok && -
2024-05-08 01:17:43 CHB 1617570?1715102261 第 1 次 等待 3 秒
2024-05-08 01:17:46 CHB 1617570?1715102261 第 1 次 获取到号码【1617570】GSD
2024-05-08 01:17:46 未获取到号码【1617570】GSD，可能号码格式错误
2024-05-08 01:17:46 获取到号码【1617570】的GSD为【-】
2024-05-08 01:17:55 GSD insert 第 1 次 等待 3 秒
2024-05-08 01:17:58 {"status":"bad","gid":"669831","msg":"添加失败！号码【1617570(-|-)】已存在！"}
2024-05-08 01:17:58 随机等待 176 秒，约 2 分钟
2024-05-08 01:17:58 下次操作: 2024-05-08 01:20:54

2024-05-08 01:20:54 开始第 7655 次操作

2024-05-08 01:20:54 开始操作号码 【1617571】
2024-05-08 01:21:00 GSD getOne 第 1 次 等待 3 秒
2024-05-08 01:21:03 查询号码 【1617571】，返回信息 {"status":"ok","msg":"-","gid":"669857","time_insert":"2023-04-22 02:11"}
2024-05-08 01:21:03 查询号码 【1617571】，GSD为【"-"】
2024-05-08 01:21:03 ok && -
2024-05-08 01:21:06 CHB 1617571?1715102463 第 1 次 等待 3 秒
2024-05-08 01:21:09 CHB 1617571?1715102463 第 1 次 获取到号码【1617571】GSD
2024-05-08 01:21:09 未获取到号码【1617571】GSD，可能号码格式错误
2024-05-08 01:21:09 获取到号码【1617571】的GSD为【-】
2024-05-08 01:21:14 GSD insert 第 1 次 等待 3 秒
2024-05-08 01:21:17 {"status":"bad","gid":"669857","msg":"添加失败！号码【1617571(-|-)】已存在！"}
2024-05-08 01:21:17 随机等待 222 秒，约 3 分钟
2024-05-08 01:21:17 下次操作: 2024-05-08 01:24:59

2024-05-08 01:24:59 开始第 7656 次操作

2024-05-08 01:24:59 开始操作号码 【1617572】
2024-05-08 01:25:07 GSD getOne 第 1 次 等待 3 秒
2024-05-08 01:25:10 查询号码 【1617572】，返回信息 {"status":"ok","msg":"-","gid":"669878","time_insert":"2023-04-22 02:28"}
2024-05-08 01:25:10 查询号码 【1617572】，GSD为【"-"】
2024-05-08 01:25:10 ok && -
2024-05-08 01:30:11 CHB 1617572?1715102710 第 1 次 等待 3 秒
2024-05-08 01:30:14 CHB 1617572?1715102710 第 1 次 未获取到 等待 171 秒 下次操作: 2024-05-08 01:33:05
2024-05-08 01:33:07 CHB 1617572?1715103185 第 2 次 等待 3 秒
2024-05-08 01:33:10 CHB 1617572?1715103185 第 2 次 获取到号码【1617572】GSD
2024-05-08 01:33:10 未获取到号码【1617572】GSD，可能号码格式错误
2024-05-08 01:33:10 获取到号码【1617572】的GSD为【-】
2024-05-08 01:33:17 GSD insert 第 1 次 等待 3 秒
2024-05-08 01:33:20 {"status":"bad","gid":"669878","msg":"添加失败！号码【1617572(-|-)】已存在！"}

