2023-10-26 00:19:54 开始第 5041 次操作

2023-10-26 00:19:54 开始操作号码 【1934959】
2023-10-26 00:19:58 GSD getOne 第 1 次 等待 3 秒
2023-10-26 00:20:01 查询号码 【1934959】，返回信息 {"status":"ok","msg":"-","gid":"510404","time_insert":"2021-08-14 21:22"}
2023-10-26 00:20:01 查询号码 【1934959】，GSD为【"-"】
2023-10-26 00:20:01 ok && -
2023-10-26 00:20:03 CHB 1934959?1698250801 第 1 次 等待 3 秒
2023-10-26 00:20:06 CHB 1934959?1698250801 第 1 次 获取到号码【1934959】GSD
2023-10-26 00:20:06 未获取到号码【1934959】GSD，可能号码格式错误
2023-10-26 00:20:06 获取到号码【1934959】的GSD为【-】
2023-10-26 00:20:13 GSD insert 第 1 次 等待 3 秒
2023-10-26 00:20:16 {"status":"bad","gid":"510404","msg":"添加失败！号码【1934959(-|-)】已存在！"}
2023-10-26 00:20:16 随机等待 197 秒，约 3 分钟
2023-10-26 00:20:16 下次操作: 2023-10-26 00:23:33

2023-10-26 00:23:33 开始第 5042 次操作

2023-10-26 00:23:33 开始操作号码 【1934960】
2023-10-26 00:23:40 GSD getOne 第 1 次 等待 3 秒
2023-10-26 00:23:43 查询号码 【1934960】，返回信息 {"status":"ok","msg":"-","gid":"510418","time_insert":"2021-08-14 21:37"}
2023-10-26 00:23:43 查询号码 【1934960】，GSD为【"-"】
2023-10-26 00:23:43 ok && -
2023-10-26 00:23:49 CHB 1934960?1698251023 第 1 次 等待 3 秒
2023-10-26 00:23:52 CHB 1934960?1698251023 第 1 次 获取到号码【1934960】GSD
2023-10-26 00:23:52 未获取到号码【1934960】GSD，可能号码格式错误
2023-10-26 00:23:52 获取到号码【1934960】的GSD为【-】
2023-10-26 00:24:04 GSD insert 第 1 次 等待 3 秒
2023-10-26 00:24:07 {"status":"bad","gid":"510418","msg":"添加失败！号码【1934960(-|-)】已存在！"}
2023-10-26 00:24:07 随机等待 179 秒，约 2 分钟
2023-10-26 00:24:07 下次操作: 2023-10-26 00:27:06

2023-10-26 00:27:06 开始第 5043 次操作

2023-10-26 00:27:06 开始操作号码 【1934961】
2023-10-26 00:27:13 GSD getOne 第 1 次 等待 3 秒
2023-10-26 00:27:16 查询号码 【1934961】，返回信息 {"status":"ok","msg":"-","gid":"495569","time_insert":"2021-08-04 09:49"}
2023-10-26 00:27:16 查询号码 【1934961】，GSD为【"-"】
2023-10-26 00:27:16 ok && -
2023-10-26 00:27:22 CHB 1934961?1698251236 第 1 次 等待 3 秒
2023-10-26 00:27:25 CHB 1934961?1698251236 第 1 次 获取到号码【1934961】GSD
2023-10-26 00:27:25 未获取到号码【1934961】GSD，可能号码格式错误
2023-10-26 00:27:25 获取到号码【1934961】的GSD为【-】
2023-10-26 00:27:28 GSD insert 第 1 次 等待 3 秒
2023-10-26 00:27:31 {"status":"bad","gid":"495569","msg":"添加失败！号码【1934961(-|-)】已存在！"}
2023-10-26 00:27:31 随机等待 100 秒，约 1 分钟
2023-10-26 00:27:31 下次操作: 2023-10-26 00:29:11

2023-10-26 00:29:11 开始第 5044 次操作

2023-10-26 00:29:11 开始操作号码 【1934962】
2023-10-26 00:29:16 GSD getOne 第 1 次 等待 3 秒
2023-10-26 00:29:19 查询号码 【1934962】，返回信息 {"status":"ok","msg":"-","gid":"495560","time_insert":"2021-08-04 09:47"}
2023-10-26 00:29:19 查询号码 【1934962】，GSD为【"-"】
2023-10-26 00:29:19 ok && -
2023-10-26 00:29:25 CHB 1934962?1698251359 第 1 次 等待 3 秒
2023-10-26 00:29:28 CHB 1934962?1698251359 第 1 次 获取到号码【1934962】GSD
2023-10-26 00:29:28 未获取到号码【1934962】GSD，可能号码格式错误
2023-10-26 00:29:28 获取到号码【1934962】的GSD为【-】
2023-10-26 00:29:41 GSD insert 第 1 次 等待 3 秒
2023-10-26 00:29:44 {"status":"bad","gid":"495560","msg":"添加失败！号码【1934962(-|-)】已存在！"}

