2023-11-22 00:23:08 开始第 9801 次操作

2023-11-22 00:23:08 开始操作号码 【1939719】
2023-11-22 00:23:16 GSD getOne 第 1 次 等待 3 秒
2023-11-22 00:23:19 查询号码 【1939719】，返回信息 {"status":"ok","msg":"青海-格尔木","gid":"434024","time_insert":"2021-07-29 13:57"}
2023-11-22 00:23:19 查询号码 【1939719】，GSD为【"青海-格尔木"】

2023-11-22 00:23:20 开始第 9802 次操作

2023-11-22 00:23:20 开始操作号码 【1939720】
2023-11-22 00:23:24 GSD getOne 第 1 次 等待 3 秒
2023-11-22 00:23:27 查询号码 【1939720】，返回信息 {"status":"ok","msg":"安徽-安庆","gid":"434016","time_insert":"2021-07-29 13:57"}
2023-11-22 00:23:27 查询号码 【1939720】，GSD为【"安徽-安庆"】

2023-11-22 00:23:28 开始第 9803 次操作

2023-11-22 00:23:28 开始操作号码 【1939721】
2023-11-22 00:23:41 GSD getOne 第 1 次 等待 3 秒
2023-11-22 00:23:44 查询号码 【1939721】，返回信息 {"status":"ok","msg":"安徽-安庆","gid":"434007","time_insert":"2021-07-29 13:56"}
2023-11-22 00:23:44 查询号码 【1939721】，GSD为【"安徽-安庆"】

2023-11-22 00:23:45 开始第 9804 次操作

2023-11-22 00:23:45 开始操作号码 【1939722】
2023-11-22 00:23:50 GSD getOne 第 1 次 等待 3 秒
2023-11-22 00:23:53 查询号码 【1939722】，返回信息 {"status":"ok","msg":"安徽-安庆","gid":"433998","time_insert":"2021-07-29 13:56"}
2023-11-22 00:23:53 查询号码 【1939722】，GSD为【"安徽-安庆"】

