2024-04-14 00:19:26 开始第 3533 次操作

2024-04-14 00:19:26 开始操作号码 【1613452】
2024-04-14 00:19:32 GSD getOne 第 1 次 等待 3 秒
2024-04-14 00:19:36 查询号码 【1613452】，返回信息 {"status":"ok","msg":"-","gid":"584395","time_insert":"2023-03-11 20:51"}
2024-04-14 00:19:36 查询号码 【1613452】，GSD为【"-"】
2024-04-14 00:19:36 ok && -
2024-04-14 00:19:38 CHB 1613452?1713025176 第 1 次 等待 3 秒
2024-04-14 00:19:41 CHB 1613452?1713025176 第 1 次 获取到号码【1613452】GSD
2024-04-14 00:19:41 未获取到号码【1613452】GSD，可能号码格式错误
2024-04-14 00:19:41 获取到号码【1613452】的GSD为【-】
2024-04-14 00:19:47 GSD insert 第 1 次 等待 3 秒
2024-04-14 00:19:50 {"status":"bad","gid":"584395","msg":"添加失败！号码【1613452(-|-)】已存在！"}
2024-04-14 00:19:50 随机等待 193 秒，约 3 分钟
2024-04-14 00:19:50 下次操作: 2024-04-14 00:23:03

2024-04-14 00:23:03 开始第 3534 次操作

2024-04-14 00:23:03 开始操作号码 【1613453】
2024-04-14 00:23:08 GSD getOne 第 1 次 等待 3 秒
2024-04-14 00:23:11 查询号码 【1613453】，返回信息 {"status":"ok","msg":"-","gid":"584421","time_insert":"2023-03-11 21:09"}
2024-04-14 00:23:11 查询号码 【1613453】，GSD为【"-"】
2024-04-14 00:23:11 ok && -
2024-04-14 00:23:14 CHB 1613453?1713025391 第 1 次 等待 3 秒
2024-04-14 00:23:17 CHB 1613453?1713025391 第 1 次 获取到号码【1613453】GSD
2024-04-14 00:23:18 未获取到号码【1613453】GSD，可能号码格式错误
2024-04-14 00:23:18 获取到号码【1613453】的GSD为【-】
2024-04-14 00:23:22 GSD insert 第 1 次 等待 3 秒
2024-04-14 00:23:25 {"status":"bad","gid":"584421","msg":"添加失败！号码【1613453(-|-)】已存在！"}
2024-04-14 00:23:25 随机等待 212 秒，约 3 分钟
2024-04-14 00:23:25 下次操作: 2024-04-14 00:26:57

2024-04-14 00:26:57 开始第 3535 次操作

2024-04-14 00:26:57 开始操作号码 【1613454】
2024-04-14 00:27:02 GSD getOne 第 1 次 等待 3 秒
2024-04-14 00:27:05 查询号码 【1613454】，返回信息 {"status":"ok","msg":"-","gid":"584441","time_insert":"2023-03-11 21:24"}
2024-04-14 00:27:05 查询号码 【1613454】，GSD为【"-"】
2024-04-14 00:27:05 ok && -
2024-04-14 00:27:08 CHB 1613454?1713025625 第 1 次 等待 3 秒
2024-04-14 00:27:11 CHB 1613454?1713025625 第 1 次 获取到号码【1613454】GSD
2024-04-14 00:27:11 未获取到号码【1613454】GSD，可能号码格式错误
2024-04-14 00:27:11 获取到号码【1613454】的GSD为【-】
2024-04-14 00:27:15 GSD insert 第 1 次 等待 3 秒
2024-04-14 00:27:18 {"status":"bad","gid":"584441","msg":"添加失败！号码【1613454(-|-)】已存在！"}
2024-04-14 00:27:18 随机等待 198 秒，约 3 分钟
2024-04-14 00:27:18 下次操作: 2024-04-14 00:30:36

2024-04-14 00:30:36 开始第 3536 次操作

2024-04-14 00:30:36 开始操作号码 【1613455】
2024-04-14 00:30:41 GSD getOne 第 1 次 等待 3 秒
2024-04-14 00:30:44 查询号码 【1613455】，返回信息 {"status":"ok","msg":"-","gid":"584469","time_insert":"2023-03-11 21:40"}
2024-04-14 00:30:44 查询号码 【1613455】，GSD为【"-"】
2024-04-14 00:30:44 ok && -
2024-04-14 00:30:47 CHB 1613455?1713025844 第 1 次 等待 3 秒
2024-04-14 00:30:50 CHB 1613455?1713025844 第 1 次 获取到号码【1613455】GSD
2024-04-14 00:30:50 未获取到号码【1613455】GSD，可能号码格式错误
2024-04-14 00:30:50 获取到号码【1613455】的GSD为【-】
2024-04-14 00:30:55 GSD insert 第 1 次 等待 3 秒
2024-04-14 00:30:58 {"status":"bad","gid":"584469","msg":"添加失败！号码【1613455(-|-)】已存在！"}

