2023-12-05 00:22:29 开始第 1429 次操作

2023-12-05 00:22:29 开始操作号码 【1831348】
2023-12-05 00:23:17 GSD getOne 第 1 次 等待 3 秒
2023-12-05 00:23:20 查询号码 【1831348】，返回信息 {"status":"ok","msg":"云南-德宏","gid":"287607","time_insert":"2021-07-15 22:00"}
2023-12-05 00:23:20 查询号码 【1831348】，GSD为【"云南-德宏"】

2023-12-05 00:23:21 开始第 1430 次操作

2023-12-05 00:23:21 开始操作号码 【1831349】
2023-12-05 00:33:54 GSD getOne 第 1 次 等待 3 秒
2023-12-05 00:34:01 GSD getOne 第 2 次 等待 3 秒
2023-12-05 00:34:04 查询号码 【1831349】，返回信息 {"status":"ok","msg":"云南-德宏","gid":"287614","time_insert":"2021-07-15 22:01"}
2023-12-05 00:34:04 查询号码 【1831349】，GSD为【"云南-德宏"】

2023-12-05 00:34:05 开始第 1431 次操作

2023-12-05 00:34:05 开始操作号码 【1831350】
2023-12-05 00:34:09 GSD getOne 第 1 次 等待 3 秒
2023-12-05 00:34:12 查询号码 【1831350】，返回信息 {"status":"ok","msg":"云南-曲靖","gid":"37230","time_insert":"2017-07-08 10:05","time_update":"2020-12-05 04:06"}
2023-12-05 00:34:12 查询号码 【1831350】，GSD为【"云南-曲靖"】

2023-12-05 00:34:13 开始第 1432 次操作

2023-12-05 00:34:13 开始操作号码 【1831351】
2023-12-05 00:34:16 GSD getOne 第 1 次 等待 3 秒
2023-12-05 00:34:19 查询号码 【1831351】，返回信息 {"status":"ok","msg":"云南-曲靖","gid":"37231","time_insert":"2017-07-18 11:33","time_update":"2020-12-05 04:10"}
2023-12-05 00:34:19 查询号码 【1831351】，GSD为【"云南-曲靖"】

