2024-11-07 00:08:23 开始第 3605 次操作

2024-11-07 00:08:23 开始操作号码 【1313604】
2024-11-07 00:08:24 GSD getOne 第 1 次 等待 3 秒
2024-11-07 00:08:27 查询号码 【1313604】，返回信息 {"status":"ok","msg":"海南-海口","gid":"128181","time_insert":"2021-06-25 17:14"}
2024-11-07 00:08:27 查询号码 【1313604】，GSD为【"海南-海口"】

2024-11-07 00:08:28 开始第 3606 次操作

2024-11-07 00:08:28 开始操作号码 【1313605】
2024-11-07 00:08:31 GSD getOne 第 1 次 等待 3 秒
2024-11-07 00:08:34 查询号码 【1313605】，返回信息 {"status":"ok","msg":"海南-海口","gid":"128207","time_insert":"2021-06-25 17:34"}
2024-11-07 00:08:34 查询号码 【1313605】，GSD为【"海南-海口"】

2024-11-07 00:08:35 开始第 3607 次操作

2024-11-07 00:08:35 开始操作号码 【1313606】
2024-11-07 00:08:37 GSD getOne 第 1 次 等待 3 秒
2024-11-07 00:08:40 查询号码 【1313606】，返回信息 {"status":"ok","msg":"海南-海口","gid":"128260","time_insert":"2021-06-25 17:52"}
2024-11-07 00:08:40 查询号码 【1313606】，GSD为【"海南-海口"】

2024-11-07 00:08:41 开始第 3608 次操作

2024-11-07 00:08:41 开始操作号码 【1313607】
2024-11-07 00:08:43 GSD getOne 第 1 次 等待 3 秒
2024-11-07 00:08:46 查询号码 【1313607】，返回信息 {"status":"ok","msg":"海南-海口","gid":"128382","time_insert":"2021-06-25 18:13","time_update":"2021-06-25 18:19"}
2024-11-07 00:08:46 查询号码 【1313607】，GSD为【"海南-海口"】

2024-11-07 00:40:41 开始第 3609 次操作

2024-11-07 00:40:41 开始操作号码 【1313608】
2024-11-07 00:40:43 GSD getOne 第 1 次 等待 3 秒
2024-11-07 00:40:46 查询号码 【1313608】，返回信息 {"status":"ok","msg":"海南-海口","gid":"128409","time_insert":"2021-06-25 18:29","time_update":"2021-06-25 18:32"}
2024-11-07 00:40:46 查询号码 【1313608】，GSD为【"海南-海口"】

2024-11-07 00:40:47 开始第 3610 次操作

2024-11-07 00:40:47 开始操作号码 【1313609】
2024-11-07 00:40:48 GSD getOne 第 1 次 等待 3 秒
2024-11-07 00:40:51 查询号码 【1313609】，返回信息 {"status":"ok","msg":"海南-海口","gid":"128445","time_insert":"2021-06-25 18:47"}
2024-11-07 00:40:51 查询号码 【1313609】，GSD为【"海南-海口"】

2024-11-07 00:40:52 开始第 3611 次操作

2024-11-07 00:40:52 开始操作号码 【1313610】
2024-11-07 00:40:53 GSD getOne 第 1 次 等待 3 秒
2024-11-07 00:40:56 查询号码 【1313610】，返回信息 {"status":"ok","msg":"浙江-杭州","gid":"128582","time_insert":"2021-06-25 19:09"}
2024-11-07 00:40:56 查询号码 【1313610】，GSD为【"浙江-杭州"】

2024-11-07 00:40:57 开始第 3612 次操作

2024-11-07 00:40:57 开始操作号码 【1313611】
2024-11-07 00:40:58 GSD getOne 第 1 次 等待 3 秒
2024-11-07 00:41:01 查询号码 【1313611】，返回信息 {"status":"ok","msg":"浙江-杭州","gid":"128621","time_insert":"2021-06-25 19:32"}
2024-11-07 00:41:01 查询号码 【1313611】，GSD为【"浙江-杭州"】

2024-11-07 01:00:45 开始第 3613 次操作

2024-11-07 01:00:45 开始操作号码 【1313612】
2024-11-07 01:00:47 GSD getOne 第 1 次 等待 3 秒
2024-11-07 01:00:50 查询号码 【1313612】，返回信息 {"status":"ok","msg":"浙江-杭州","gid":"128699","time_insert":"2021-06-25 19:47"}
2024-11-07 01:00:50 查询号码 【1313612】，GSD为【"浙江-杭州"】

2024-11-07 01:00:51 开始第 3614 次操作

2024-11-07 01:00:51 开始操作号码 【1313613】
2024-11-07 01:00:52 GSD getOne 第 1 次 等待 3 秒
2024-11-07 01:00:55 查询号码 【1313613】，返回信息 {"status":"ok","msg":"浙江-杭州","gid":"128773","time_insert":"2021-06-25 20:02"}
2024-11-07 01:00:55 查询号码 【1313613】，GSD为【"浙江-杭州"】

2024-11-07 01:00:56 开始第 3615 次操作

2024-11-07 01:00:56 开始操作号码 【1313614】
2024-11-07 01:00:58 GSD getOne 第 1 次 等待 3 秒
2024-11-07 01:01:01 查询号码 【1313614】，返回信息 {"status":"ok","msg":"浙江-杭州","gid":"128816","time_insert":"2021-06-25 20:24"}
2024-11-07 01:01:01 查询号码 【1313614】，GSD为【"浙江-杭州"】

2024-11-07 01:01:02 开始第 3616 次操作

2024-11-07 01:01:02 开始操作号码 【1313615】
2024-11-07 01:01:03 GSD getOne 第 1 次 等待 3 秒
2024-11-07 01:01:06 查询号码 【1313615】，返回信息 {"status":"ok","msg":"浙江-杭州","gid":"128842","time_insert":"2021-06-25 20:43"}
2024-11-07 01:01:06 查询号码 【1313615】，GSD为【"浙江-杭州"】

