2024-11-01 00:08:32 开始第 2537 次操作

2024-11-01 00:08:32 开始操作号码 【1312536】
2024-11-01 00:08:34 GSD getOne 第 1 次 等待 3 秒
2024-11-01 00:08:37 查询号码 【1312536】，返回信息 {"status":"ok","msg":"江西-赣州","gid":"89568","time_insert":"2021-06-10 12:12"}
2024-11-01 00:08:37 查询号码 【1312536】，GSD为【"江西-赣州"】

2024-11-01 00:08:38 开始第 2538 次操作

2024-11-01 00:08:38 开始操作号码 【1312537】
2024-11-01 00:08:39 GSD getOne 第 1 次 等待 3 秒
2024-11-01 00:08:42 查询号码 【1312537】，返回信息 {"status":"ok","msg":"江西-赣州","gid":"89600","time_insert":"2021-06-10 12:39"}
2024-11-01 00:08:42 查询号码 【1312537】，GSD为【"江西-赣州"】

2024-11-01 00:08:43 开始第 2539 次操作

2024-11-01 00:08:43 开始操作号码 【1312538】
2024-11-01 00:08:44 GSD getOne 第 1 次 等待 3 秒
2024-11-01 00:08:47 查询号码 【1312538】，返回信息 {"status":"ok","msg":"江西-赣州","gid":"89622","time_insert":"2021-06-10 12:59"}
2024-11-01 00:08:47 查询号码 【1312538】，GSD为【"江西-赣州"】

2024-11-01 00:08:48 开始第 2540 次操作

2024-11-01 00:08:48 开始操作号码 【1312539】
2024-11-01 00:08:49 GSD getOne 第 1 次 等待 3 秒
2024-11-01 00:08:52 查询号码 【1312539】，返回信息 {"status":"ok","msg":"江西-赣州","gid":"89651","time_insert":"2021-06-10 13:22"}
2024-11-01 00:08:52 查询号码 【1312539】，GSD为【"江西-赣州"】

