2023-10-22 00:19:08 开始第 4333 次操作

2023-10-22 00:19:08 开始操作号码 【1934251】
2023-10-22 00:19:15 GSD getOne 第 1 次 等待 3 秒
2023-10-22 00:19:18 查询号码 【1934251】，返回信息 {"status":"ok","msg":"-","gid":"509470","time_insert":"2021-08-14 09:05"}
2023-10-22 00:19:18 查询号码 【1934251】，GSD为【"-"】
2023-10-22 00:19:18 ok && -
2023-10-22 00:19:25 CHB 1934251?1697905158 第 1 次 等待 3 秒
2023-10-22 00:19:28 CHB 1934251?1697905158 第 1 次 获取到号码【1934251】GSD
2023-10-22 00:19:28 未获取到号码【1934251】GSD，可能号码格式错误
2023-10-22 00:19:28 获取到号码【1934251】的GSD为【-】
2023-10-22 00:19:31 GSD insert 第 1 次 等待 3 秒
2023-10-22 00:19:34 {"status":"bad","gid":"509470","msg":"添加失败！号码【1934251(-|-)】已存在！"}
2023-10-22 00:19:34 随机等待 228 秒，约 3 分钟
2023-10-22 00:19:34 下次操作: 2023-10-22 00:23:22

2023-10-22 00:23:22 开始第 4334 次操作

2023-10-22 00:23:22 开始操作号码 【1934252】
2023-10-22 00:23:25 GSD getOne 第 1 次 等待 3 秒
2023-10-22 00:23:28 查询号码 【1934252】，返回信息 {"status":"ok","msg":"-","gid":"509485","time_insert":"2021-08-14 09:16"}
2023-10-22 00:23:28 查询号码 【1934252】，GSD为【"-"】
2023-10-22 00:23:28 ok && -
2023-10-22 00:23:35 CHB 1934252?1697905408 第 1 次 等待 3 秒
2023-10-22 00:23:38 CHB 1934252?1697905408 第 1 次 获取到号码【1934252】GSD
2023-10-22 00:23:38 未获取到号码【1934252】GSD，可能号码格式错误
2023-10-22 00:23:38 获取到号码【1934252】的GSD为【-】
2023-10-22 00:23:48 GSD insert 第 1 次 等待 3 秒
2023-10-22 00:23:51 {"status":"bad","gid":"509485","msg":"添加失败！号码【1934252(-|-)】已存在！"}
2023-10-22 00:23:51 随机等待 222 秒，约 3 分钟
2023-10-22 00:23:51 下次操作: 2023-10-22 00:27:33

2023-10-22 00:27:33 开始第 4335 次操作

2023-10-22 00:27:33 开始操作号码 【1934253】
2023-10-22 00:27:36 GSD getOne 第 1 次 等待 3 秒
2023-10-22 00:27:39 查询号码 【1934253】，返回信息 {"status":"ok","msg":"-","gid":"509504","time_insert":"2021-08-14 09:28"}
2023-10-22 00:27:39 查询号码 【1934253】，GSD为【"-"】
2023-10-22 00:27:39 ok && -
2023-10-22 00:27:41 CHB 1934253?1697905659 第 1 次 等待 3 秒
2023-10-22 00:27:44 CHB 1934253?1697905659 第 1 次 获取到号码【1934253】GSD
2023-10-22 00:27:44 未获取到号码【1934253】GSD，可能号码格式错误
2023-10-22 00:27:44 获取到号码【1934253】的GSD为【-】
2023-10-22 00:27:57 GSD insert 第 1 次 等待 3 秒
2023-10-22 00:28:00 {"status":"bad","gid":"509504","msg":"添加失败！号码【1934253(-|-)】已存在！"}
2023-10-22 00:28:00 随机等待 98 秒，约 1 分钟
2023-10-22 00:28:00 下次操作: 2023-10-22 00:29:38

2023-10-22 00:29:38 开始第 4336 次操作

2023-10-22 00:29:38 开始操作号码 【1934254】
2023-10-22 00:29:42 GSD getOne 第 1 次 等待 3 秒
2023-10-22 00:29:45 查询号码 【1934254】，返回信息 {"status":"ok","msg":"-","gid":"509520","time_insert":"2021-08-14 09:40"}
2023-10-22 00:29:45 查询号码 【1934254】，GSD为【"-"】
2023-10-22 00:29:45 ok && -
2023-10-22 00:29:48 CHB 1934254?1697905785 第 1 次 等待 3 秒
2023-10-22 00:29:51 CHB 1934254?1697905785 第 1 次 获取到号码【1934254】GSD
2023-10-22 00:29:51 未获取到号码【1934254】GSD，可能号码格式错误
2023-10-22 00:29:51 获取到号码【1934254】的GSD为【-】
2023-10-22 00:30:04 GSD insert 第 1 次 等待 3 秒
2023-10-22 00:30:07 {"status":"bad","gid":"509520","msg":"添加失败！号码【1934254(-|-)】已存在！"}

