2024-09-02 00:24:30 开始第 2357 次操作

2024-09-02 00:24:30 开始操作号码 【1392356】
2024-09-02 00:24:41 GSD getOne 第 1 次 等待 3 秒
2024-09-02 00:24:44 查询号码 【1392356】，返回信息 {"status":"ok","msg":"广东-揭阳","gid":"97733","time_insert":"2021-06-15 08:55"}
2024-09-02 00:24:44 查询号码 【1392356】，GSD为【"广东-揭阳"】

2024-09-02 00:24:45 开始第 2358 次操作

2024-09-02 00:24:45 开始操作号码 【1392357】
2024-09-02 00:24:53 GSD getOne 第 1 次 等待 3 秒
2024-09-02 00:24:56 查询号码 【1392357】，返回信息 {"status":"ok","msg":"广东-汕尾","gid":"13012","time_insert":"2017-06-10 20:13","time_update":"2020-09-28 20:26"}
2024-09-02 00:24:56 查询号码 【1392357】，GSD为【"广东-汕尾"】

2024-09-02 00:24:57 开始第 2359 次操作

2024-09-02 00:24:57 开始操作号码 【1392358】
2024-09-02 00:25:05 GSD getOne 第 1 次 等待 3 秒
2024-09-02 00:25:08 查询号码 【1392358】，返回信息 {"status":"ok","msg":"广东-汕尾","gid":"97767","time_insert":"2021-06-15 09:25"}
2024-09-02 00:25:08 查询号码 【1392358】，GSD为【"广东-汕尾"】

2024-09-02 00:25:09 开始第 2360 次操作

2024-09-02 00:25:09 开始操作号码 【1392359】
2024-09-02 00:25:17 GSD getOne 第 1 次 等待 3 秒
2024-09-02 00:25:20 查询号码 【1392359】，返回信息 {"status":"ok","msg":"广东-汕尾","gid":"70865","time_insert":"2021-05-28 09:18","time_update":"2021-05-28 10:20"}
2024-09-02 00:25:20 查询号码 【1392359】，GSD为【"广东-汕尾"】

2024-09-02 00:42:49 开始第 2361 次操作

2024-09-02 00:42:49 开始操作号码 【1392360】
2024-09-02 00:42:58 GSD getOne 第 1 次 等待 3 秒
2024-09-02 00:43:01 查询号码 【1392360】，返回信息 {"status":"ok","msg":"广东-惠州","gid":"97800","time_insert":"2021-06-15 09:53"}
2024-09-02 00:43:01 查询号码 【1392360】，GSD为【"广东-惠州"】

2024-09-02 00:43:02 开始第 2362 次操作

2024-09-02 00:43:02 开始操作号码 【1392361】
2024-09-02 00:43:10 GSD getOne 第 1 次 等待 3 秒
2024-09-02 00:43:13 查询号码 【1392361】，返回信息 {"status":"ok","msg":"广东-惠州","gid":"97818","time_insert":"2021-06-15 10:10"}
2024-09-02 00:43:13 查询号码 【1392361】，GSD为【"广东-惠州"】

2024-09-02 00:43:14 开始第 2363 次操作

2024-09-02 00:43:14 开始操作号码 【1392362】
2024-09-02 00:43:22 GSD getOne 第 1 次 等待 3 秒
2024-09-02 00:43:25 查询号码 【1392362】，返回信息 {"status":"ok","msg":"广东-惠州","gid":"13013","time_insert":"2017-06-24 18:51","time_update":"2020-09-28 20:30"}
2024-09-02 00:43:25 查询号码 【1392362】，GSD为【"广东-惠州"】

2024-09-02 00:43:26 开始第 2364 次操作

2024-09-02 00:43:26 开始操作号码 【1392363】
2024-09-02 00:43:34 GSD getOne 第 1 次 等待 3 秒
2024-09-02 00:43:37 查询号码 【1392363】，返回信息 {"status":"ok","msg":"广东-惠州","gid":"97846","time_insert":"2021-06-15 10:32"}
2024-09-02 00:43:37 查询号码 【1392363】，GSD为【"广东-惠州"】

