2023-11-13 00:18:53 开始第 8221 次操作

2023-11-13 00:18:53 开始操作号码 【1938139】
2023-11-13 00:18:59 GSD getOne 第 1 次 等待 3 秒
2023-11-13 00:19:02 查询号码 【1938139】，返回信息 {"status":"ok","msg":"四川-乐山","gid":"455830","time_insert":"2021-07-31 12:28"}
2023-11-13 00:19:02 查询号码 【1938139】，GSD为【"四川-乐山"】

2023-11-13 00:19:03 开始第 8222 次操作

2023-11-13 00:19:03 开始操作号码 【1938140】
2023-11-13 00:19:07 GSD getOne 第 1 次 等待 3 秒
2023-11-13 00:19:10 查询号码 【1938140】，返回信息 {"status":"ok","msg":"四川-内江","gid":"455828","time_insert":"2021-07-31 12:27"}
2023-11-13 00:19:10 查询号码 【1938140】，GSD为【"四川-内江"】

2023-11-13 00:19:11 开始第 8223 次操作

2023-11-13 00:19:11 开始操作号码 【1938141】
2023-11-13 00:19:15 GSD getOne 第 1 次 等待 3 秒
2023-11-13 00:19:18 查询号码 【1938141】，返回信息 {"status":"ok","msg":"四川-内江","gid":"455825","time_insert":"2021-07-31 12:26"}
2023-11-13 00:19:18 查询号码 【1938141】，GSD为【"四川-内江"】

2023-11-13 00:19:19 开始第 8224 次操作

2023-11-13 00:19:19 开始操作号码 【1938142】
2023-11-13 00:19:23 GSD getOne 第 1 次 等待 3 秒
2023-11-13 00:19:26 查询号码 【1938142】，返回信息 {"status":"ok","msg":"四川-内江","gid":"455820","time_insert":"2021-07-31 12:25"}
2023-11-13 00:19:26 查询号码 【1938142】，GSD为【"四川-内江"】

