2023-11-09 00:21:16 开始第 7513 次操作

2023-11-09 00:21:16 开始操作号码 【1937431】
2023-11-09 00:21:19 GSD getOne 第 1 次 等待 3 秒
2023-11-09 00:21:22 查询号码 【1937431】，返回信息 {"status":"ok","msg":"湖南-湘西","gid":"464991","time_insert":"2021-08-01 07:00"}
2023-11-09 00:21:22 查询号码 【1937431】，GSD为【"湖南-湘西"】

2023-11-09 00:21:23 开始第 7514 次操作

2023-11-09 00:21:23 开始操作号码 【1937432】
2023-11-09 00:21:27 GSD getOne 第 1 次 等待 3 秒
2023-11-09 00:21:30 查询号码 【1937432】，返回信息 {"status":"ok","msg":"湖南-湘西","gid":"464983","time_insert":"2021-08-01 06:59","time_update":"2021-08-13 18:55"}
2023-11-09 00:21:30 查询号码 【1937432】，GSD为【"湖南-湘西"】

2023-11-09 00:21:31 开始第 7515 次操作

2023-11-09 00:21:31 开始操作号码 【1937433】
2023-11-09 00:21:35 GSD getOne 第 1 次 等待 3 秒
2023-11-09 00:21:38 查询号码 【1937433】，返回信息 {"status":"ok","msg":"湖南-湘西","gid":"464974","time_insert":"2021-08-01 06:59"}
2023-11-09 00:21:38 查询号码 【1937433】，GSD为【"湖南-湘西"】

2023-11-09 00:21:39 开始第 7516 次操作

2023-11-09 00:21:39 开始操作号码 【1937434】
2023-11-09 00:21:44 GSD getOne 第 1 次 等待 3 秒
2023-11-09 00:21:47 查询号码 【1937434】，返回信息 {"status":"ok","msg":"湖南-湘西","gid":"464966","time_insert":"2021-08-01 06:59"}
2023-11-09 00:21:47 查询号码 【1937434】，GSD为【"湖南-湘西"】

2023-11-09 00:40:47 开始第 7517 次操作

2023-11-09 00:40:47 开始操作号码 【1937435】
2023-11-09 00:40:57 GSD getOne 第 1 次 等待 3 秒
2023-11-09 00:41:00 查询号码 【1937435】，返回信息 {"status":"ok","msg":"湖南-湘西","gid":"464955","time_insert":"2021-08-01 06:58"}
2023-11-09 00:41:00 查询号码 【1937435】，GSD为【"湖南-湘西"】

2023-11-09 00:41:01 开始第 7518 次操作

2023-11-09 00:41:01 开始操作号码 【1937436】
2023-11-09 00:41:04 GSD getOne 第 1 次 等待 3 秒
2023-11-09 00:41:07 查询号码 【1937436】，返回信息 {"status":"ok","msg":"湖南-湘西","gid":"464946","time_insert":"2021-08-01 06:57"}
2023-11-09 00:41:07 查询号码 【1937436】，GSD为【"湖南-湘西"】

2023-11-09 00:41:08 开始第 7519 次操作

2023-11-09 00:41:08 开始操作号码 【1937437】
2023-11-09 00:41:13 GSD getOne 第 1 次 等待 3 秒
2023-11-09 00:41:16 查询号码 【1937437】，返回信息 {"status":"ok","msg":"湖南-湘西","gid":"464936","time_insert":"2021-08-01 06:57"}
2023-11-09 00:41:16 查询号码 【1937437】，GSD为【"湖南-湘西"】

2023-11-09 00:41:17 开始第 7520 次操作

2023-11-09 00:41:17 开始操作号码 【1937438】
2023-11-09 00:41:21 GSD getOne 第 1 次 等待 3 秒
2023-11-09 00:41:24 查询号码 【1937438】，返回信息 {"status":"ok","msg":"湖南-湘西","gid":"464929","time_insert":"2021-08-01 06:56"}
2023-11-09 00:41:24 查询号码 【1937438】，GSD为【"湖南-湘西"】

