2024-09-07 00:26:38 开始第 3217 次操作

2024-09-07 00:26:38 开始操作号码 【1393216】
2024-09-07 00:26:46 GSD getOne 第 1 次 等待 3 秒
2024-09-07 00:26:49 查询号码 【1393216】，返回信息 {"status":"ok","msg":"河北-石家庄","gid":"130251","time_insert":"2021-06-26 04:36"}
2024-09-07 00:26:49 查询号码 【1393216】，GSD为【"河北-石家庄"】

2024-09-07 00:26:50 开始第 3218 次操作

2024-09-07 00:26:50 开始操作号码 【1393217】
2024-09-07 00:26:58 GSD getOne 第 1 次 等待 3 秒
2024-09-07 00:27:01 查询号码 【1393217】，返回信息 {"status":"ok","msg":"河北-石家庄","gid":"130318","time_insert":"2021-06-26 04:51"}
2024-09-07 00:27:01 查询号码 【1393217】，GSD为【"河北-石家庄"】

2024-09-07 00:27:02 开始第 3219 次操作

2024-09-07 00:27:02 开始操作号码 【1393218】
2024-09-07 00:27:10 GSD getOne 第 1 次 等待 3 秒
2024-09-07 00:27:13 查询号码 【1393218】，返回信息 {"status":"ok","msg":"河北-石家庄","gid":"130423","time_insert":"2021-06-26 05:11"}
2024-09-07 00:27:13 查询号码 【1393218】，GSD为【"河北-石家庄"】

2024-09-07 00:27:14 开始第 3220 次操作

2024-09-07 00:27:14 开始操作号码 【1393219】
2024-09-07 00:27:23 GSD getOne 第 1 次 等待 3 秒
2024-09-07 00:27:26 查询号码 【1393219】，返回信息 {"status":"ok","msg":"河北-石家庄","gid":"130456","time_insert":"2021-06-26 05:34"}
2024-09-07 00:27:26 查询号码 【1393219】，GSD为【"河北-石家庄"】

2024-09-07 00:46:31 开始第 3221 次操作

2024-09-07 00:46:31 开始操作号码 【1393220】
2024-09-07 00:46:33 GSD getOne 第 1 次 等待 3 秒
2024-09-07 00:46:36 查询号码 【1393220】，返回信息 {"status":"ok","msg":"河北-保定","gid":"130520","time_insert":"2021-06-26 05:51"}
2024-09-07 00:46:36 查询号码 【1393220】，GSD为【"河北-保定"】

2024-09-07 00:46:37 开始第 3222 次操作

2024-09-07 00:46:37 开始操作号码 【1393221】
2024-09-07 00:46:39 GSD getOne 第 1 次 等待 3 秒
2024-09-07 00:46:42 查询号码 【1393221】，返回信息 {"status":"ok","msg":"河北-保定","gid":"130634","time_insert":"2021-06-26 06:16"}
2024-09-07 00:46:42 查询号码 【1393221】，GSD为【"河北-保定"】

2024-09-07 00:46:43 开始第 3223 次操作

2024-09-07 00:46:43 开始操作号码 【1393222】
2024-09-07 00:46:51 GSD getOne 第 1 次 等待 3 秒
2024-09-07 00:46:54 查询号码 【1393222】，返回信息 {"status":"ok","msg":"河北-保定","gid":"130668","time_insert":"2021-06-26 06:40"}
2024-09-07 00:46:54 查询号码 【1393222】，GSD为【"河北-保定"】

2024-09-07 00:46:55 开始第 3224 次操作

2024-09-07 00:46:55 开始操作号码 【1393223】
2024-09-07 00:47:07 GSD getOne 第 1 次 等待 3 秒
2024-09-07 00:47:10 查询号码 【1393223】，返回信息 {"status":"ok","msg":"河北-保定","gid":"130801","time_insert":"2021-06-26 07:00"}
2024-09-07 00:47:10 查询号码 【1393223】，GSD为【"河北-保定"】

