2023-11-10 00:21:07 开始第 7689 次操作

2023-11-10 00:21:07 开始操作号码 【1937607】
2023-11-10 00:21:20 GSD getOne 第 1 次 等待 3 秒
2023-11-10 00:21:23 查询号码 【1937607】，返回信息 {"status":"ok","msg":"广西-百色","gid":"463072","time_insert":"2021-08-01 03:07"}
2023-11-10 00:21:23 查询号码 【1937607】，GSD为【"广西-百色"】

2023-11-10 00:21:24 开始第 7690 次操作

2023-11-10 00:21:24 开始操作号码 【1937608】
2023-11-10 00:21:27 GSD getOne 第 1 次 等待 3 秒
2023-11-10 00:21:30 查询号码 【1937608】，返回信息 {"status":"ok","msg":"广西-百色","gid":"463063","time_insert":"2021-08-01 03:06"}
2023-11-10 00:21:30 查询号码 【1937608】，GSD为【"广西-百色"】

2023-11-10 00:21:31 开始第 7691 次操作

2023-11-10 00:21:31 开始操作号码 【1937609】
2023-11-10 00:21:34 GSD getOne 第 1 次 等待 3 秒
2023-11-10 00:21:37 查询号码 【1937609】，返回信息 {"status":"ok","msg":"广西-百色","gid":"463047","time_insert":"2021-08-01 03:05"}
2023-11-10 00:21:37 查询号码 【1937609】，GSD为【"广西-百色"】

2023-11-10 00:21:38 开始第 7692 次操作

2023-11-10 00:21:38 开始操作号码 【1937610】
2023-11-10 00:21:43 GSD getOne 第 1 次 等待 3 秒
2023-11-10 00:21:46 查询号码 【1937610】，返回信息 {"status":"ok","msg":"广西-百色","gid":"463034","time_insert":"2021-08-01 03:04"}
2023-11-10 00:21:46 查询号码 【1937610】，GSD为【"广西-百色"】

2023-11-10 00:40:14 开始第 7693 次操作

2023-11-10 00:40:14 开始操作号码 【1937611】
2023-11-10 00:40:20 GSD getOne 第 1 次 等待 3 秒
2023-11-10 00:40:23 查询号码 【1937611】，返回信息 {"status":"ok","msg":"广西-百色","gid":"463022","time_insert":"2021-08-01 03:03"}
2023-11-10 00:40:23 查询号码 【1937611】，GSD为【"广西-百色"】

2023-11-10 00:40:24 开始第 7694 次操作

2023-11-10 00:40:24 开始操作号码 【1937612】
2023-11-10 00:40:28 GSD getOne 第 1 次 等待 3 秒
2023-11-10 00:40:31 查询号码 【1937612】，返回信息 {"status":"ok","msg":"广西-百色","gid":"463010","time_insert":"2021-08-01 03:02"}
2023-11-10 00:40:32 查询号码 【1937612】，GSD为【"广西-百色"】

2023-11-10 00:40:33 开始第 7695 次操作

2023-11-10 00:40:33 开始操作号码 【1937613】
2023-11-10 00:40:37 GSD getOne 第 1 次 等待 3 秒
2023-11-10 00:40:40 查询号码 【1937613】，返回信息 {"status":"ok","msg":"广西-百色","gid":"462995","time_insert":"2021-08-01 03:02"}
2023-11-10 00:40:40 查询号码 【1937613】，GSD为【"广西-百色"】

2023-11-10 00:40:41 开始第 7696 次操作

2023-11-10 00:40:41 开始操作号码 【1937614】
2023-11-10 00:40:45 GSD getOne 第 1 次 等待 3 秒
2023-11-10 00:40:48 查询号码 【1937614】，返回信息 {"status":"ok","msg":"广西-百色","gid":"462985","time_insert":"2021-08-01 03:01"}
2023-11-10 00:40:48 查询号码 【1937614】，GSD为【"广西-百色"】

