2024-03-27 00:21:12 开始第 345 次操作

2024-03-27 00:21:12 开始操作号码 【1610265】
2024-03-27 00:21:17 GSD getOne 第 1 次 等待 3 秒
2024-03-27 00:21:20 查询号码 【1610265】，返回信息 {"status":"ok","msg":"-","gid":"523040","time_insert":"2023-02-09 12:20"}
2024-03-27 00:21:20 查询号码 【1610265】，GSD为【"-"】
2024-03-27 00:21:20 ok && -
2024-03-27 00:21:22 CHB 1610265?1711470080 第 1 次 等待 3 秒
2024-03-27 00:21:25 CHB 1610265?1711470080 第 1 次 获取到号码【1610265】GSD
2024-03-27 00:21:25 未获取到号码【1610265】GSD，可能号码格式错误
2024-03-27 00:21:25 获取到号码【1610265】的GSD为【-】
2024-03-27 00:21:29 GSD insert 第 1 次 等待 3 秒
2024-03-27 00:21:32 {"status":"bad","gid":"523040","msg":"添加失败！号码【1610265(-|-)】已存在！"}
2024-03-27 00:21:32 随机等待 224 秒，约 3 分钟
2024-03-27 00:21:32 下次操作: 2024-03-27 00:25:16

2024-03-27 00:25:16 开始第 346 次操作

2024-03-27 00:25:16 开始操作号码 【1610266】
2024-03-27 00:25:21 GSD getOne 第 1 次 等待 3 秒
2024-03-27 00:25:24 查询号码 【1610266】，返回信息 {"status":"ok","msg":"-","gid":"523051","time_insert":"2023-02-09 12:30"}
2024-03-27 00:25:24 查询号码 【1610266】，GSD为【"-"】
2024-03-27 00:25:24 ok && -
2024-03-27 00:25:26 CHB 1610266?1711470324 第 1 次 等待 3 秒
2024-03-27 00:25:29 CHB 1610266?1711470324 第 1 次 获取到号码【1610266】GSD
2024-03-27 00:25:29 未获取到号码【1610266】GSD，可能号码格式错误
2024-03-27 00:25:29 获取到号码【1610266】的GSD为【-】
2024-03-27 00:25:33 GSD insert 第 1 次 等待 3 秒
2024-03-27 00:25:36 {"status":"bad","gid":"523051","msg":"添加失败！号码【1610266(-|-)】已存在！"}
2024-03-27 00:25:36 随机等待 193 秒，约 3 分钟
2024-03-27 00:25:36 下次操作: 2024-03-27 00:28:49

2024-03-27 00:28:49 开始第 347 次操作

2024-03-27 00:28:49 开始操作号码 【1610267】
2024-03-27 00:28:54 GSD getOne 第 1 次 等待 3 秒
2024-03-27 00:28:57 查询号码 【1610267】，返回信息 {"status":"ok","msg":"-","gid":"523064","time_insert":"2023-02-09 12:42"}
2024-03-27 00:28:57 查询号码 【1610267】，GSD为【"-"】
2024-03-27 00:28:57 ok && -
2024-03-27 00:28:59 CHB 1610267?1711470537 第 1 次 等待 3 秒
2024-03-27 00:29:02 CHB 1610267?1711470537 第 1 次 获取到号码【1610267】GSD
2024-03-27 00:29:02 未获取到号码【1610267】GSD，可能号码格式错误
2024-03-27 00:29:02 获取到号码【1610267】的GSD为【-】
2024-03-27 00:29:07 GSD insert 第 1 次 等待 3 秒
2024-03-27 00:29:10 {"status":"bad","gid":"523064","msg":"添加失败！号码【1610267(-|-)】已存在！"}
2024-03-27 00:29:10 随机等待 162 秒，约 2 分钟
2024-03-27 00:29:10 下次操作: 2024-03-27 00:31:52

2024-03-27 00:31:52 开始第 348 次操作

2024-03-27 00:31:52 开始操作号码 【1610268】
2024-03-27 00:31:57 GSD getOne 第 1 次 等待 3 秒
2024-03-27 00:32:00 查询号码 【1610268】，返回信息 {"status":"ok","msg":"-","gid":"523076","time_insert":"2023-02-09 12:53"}
2024-03-27 00:32:00 查询号码 【1610268】，GSD为【"-"】
2024-03-27 00:32:00 ok && -
2024-03-27 00:32:03 CHB 1610268?1711470720 第 1 次 等待 3 秒
2024-03-27 00:32:06 CHB 1610268?1711470720 第 1 次 获取到号码【1610268】GSD
2024-03-27 00:32:06 未获取到号码【1610268】GSD，可能号码格式错误
2024-03-27 00:32:06 获取到号码【1610268】的GSD为【-】
2024-03-27 00:32:10 GSD insert 第 1 次 等待 3 秒
2024-03-27 00:32:13 {"status":"bad","gid":"523076","msg":"添加失败！号码【1610268(-|-)】已存在！"}

