2024-02-15 00:20:03 开始第 3737 次操作

2024-02-15 00:20:03 开始操作号码 【1723656】
2024-02-15 00:20:08 GSD getOne 第 1 次 等待 3 秒
2024-02-15 00:20:11 查询号码 【1723656】，返回信息 {"status":"ok","msg":"上海-上海","gid":"279714","time_insert":"2021-07-15 03:35"}
2024-02-15 00:20:11 查询号码 【1723656】，GSD为【"上海-上海"】

2024-02-15 00:20:12 开始第 3738 次操作

2024-02-15 00:20:12 开始操作号码 【1723657】
2024-02-15 00:20:16 GSD getOne 第 1 次 等待 3 秒
2024-02-15 00:20:19 查询号码 【1723657】，返回信息 {"status":"ok","msg":"上海-上海","gid":"279722","time_insert":"2021-07-15 03:36"}
2024-02-15 00:20:19 查询号码 【1723657】，GSD为【"上海-上海"】

2024-02-15 00:20:20 开始第 3739 次操作

2024-02-15 00:20:20 开始操作号码 【1723658】
2024-02-15 00:20:26 GSD getOne 第 1 次 等待 3 秒
2024-02-15 00:20:29 查询号码 【1723658】，返回信息 {"status":"ok","msg":"上海-上海","gid":"279731","time_insert":"2021-07-15 03:37"}
2024-02-15 00:20:29 查询号码 【1723658】，GSD为【"上海-上海"】

2024-02-15 00:20:30 开始第 3740 次操作

2024-02-15 00:20:30 开始操作号码 【1723659】
2024-02-15 00:20:35 GSD getOne 第 1 次 等待 3 秒
2024-02-15 00:20:38 查询号码 【1723659】，返回信息 {"status":"ok","msg":"上海-上海","gid":"279745","time_insert":"2021-07-15 03:37"}
2024-02-15 00:20:38 查询号码 【1723659】，GSD为【"上海-上海"】

2024-02-15 00:38:26 开始第 3741 次操作

2024-02-15 00:38:26 开始操作号码 【1723660】
2024-02-15 00:38:31 GSD getOne 第 1 次 等待 3 秒
2024-02-15 00:38:34 查询号码 【1723660】，返回信息 {"status":"ok","msg":"上海-上海","gid":"279759","time_insert":"2021-07-15 03:38"}
2024-02-15 00:38:34 查询号码 【1723660】，GSD为【"上海-上海"】

2024-02-15 00:38:35 开始第 3742 次操作

2024-02-15 00:38:35 开始操作号码 【1723661】
2024-02-15 00:38:41 GSD getOne 第 1 次 等待 3 秒
2024-02-15 00:38:44 查询号码 【1723661】，返回信息 {"status":"ok","msg":"上海-上海","gid":"279774","time_insert":"2021-07-15 03:39"}
2024-02-15 00:38:44 查询号码 【1723661】，GSD为【"上海-上海"】

2024-02-15 00:38:45 开始第 3743 次操作

2024-02-15 00:38:45 开始操作号码 【1723662】
2024-02-15 00:38:56 GSD getOne 第 1 次 等待 3 秒
2024-02-15 00:38:59 查询号码 【1723662】，返回信息 {"status":"ok","msg":"上海-上海","gid":"279788","time_insert":"2021-07-15 03:40"}
2024-02-15 00:38:59 查询号码 【1723662】，GSD为【"上海-上海"】

2024-02-15 00:39:00 开始第 3744 次操作

2024-02-15 00:39:00 开始操作号码 【1723663】
2024-02-15 00:39:08 GSD getOne 第 1 次 等待 3 秒
2024-02-15 00:39:11 查询号码 【1723663】，返回信息 {"status":"ok","msg":"上海-上海","gid":"279800","time_insert":"2021-07-15 03:41"}
2024-02-15 00:39:11 查询号码 【1723663】，GSD为【"上海-上海"】

2024-02-15 01:14:08 开始第 3745 次操作

2024-02-15 01:14:08 开始操作号码 【1723664】
2024-02-15 01:14:14 GSD getOne 第 1 次 等待 3 秒
2024-02-15 01:14:17 查询号码 【1723664】，返回信息 {"status":"ok","msg":"上海-上海","gid":"279811","time_insert":"2021-07-15 03:41"}
2024-02-15 01:14:17 查询号码 【1723664】，GSD为【"上海-上海"】

2024-02-15 01:14:18 开始第 3746 次操作

2024-02-15 01:14:18 开始操作号码 【1723665】
2024-02-15 01:14:22 GSD getOne 第 1 次 等待 3 秒
2024-02-15 01:14:25 查询号码 【1723665】，返回信息 {"status":"ok","msg":"上海-上海","gid":"279826","time_insert":"2021-07-15 03:42"}
2024-02-15 01:14:25 查询号码 【1723665】，GSD为【"上海-上海"】

2024-02-15 01:14:26 开始第 3747 次操作

2024-02-15 01:14:26 开始操作号码 【1723666】
2024-02-15 01:14:30 GSD getOne 第 1 次 等待 3 秒
2024-02-15 01:14:33 查询号码 【1723666】，返回信息 {"status":"ok","msg":"上海-上海","gid":"279840","time_insert":"2021-07-15 03:43"}
2024-02-15 01:14:33 查询号码 【1723666】，GSD为【"上海-上海"】

2024-02-15 01:14:34 开始第 3748 次操作

2024-02-15 01:14:34 开始操作号码 【1723667】
2024-02-15 01:14:39 GSD getOne 第 1 次 等待 3 秒
2024-02-15 01:14:42 查询号码 【1723667】，返回信息 {"status":"ok","msg":"上海-上海","gid":"279856","time_insert":"2021-07-15 03:44"}
2024-02-15 01:14:42 查询号码 【1723667】，GSD为【"上海-上海"】

2024-02-15 01:37:07 开始第 3749 次操作

2024-02-15 01:37:07 开始操作号码 【1723668】
2024-02-15 01:37:11 GSD getOne 第 1 次 等待 3 秒
2024-02-15 01:37:14 查询号码 【1723668】，返回信息 {"status":"ok","msg":"上海-上海","gid":"279871","time_insert":"2021-07-15 03:44"}
2024-02-15 01:37:14 查询号码 【1723668】，GSD为【"上海-上海"】

2024-02-15 01:37:15 开始第 3750 次操作

2024-02-15 01:37:15 开始操作号码 【1723669】
2024-02-15 01:37:20 GSD getOne 第 1 次 等待 3 秒
2024-02-15 01:37:23 查询号码 【1723669】，返回信息 {"status":"ok","msg":"上海-上海","gid":"279886","time_insert":"2021-07-15 03:45"}
2024-02-15 01:37:23 查询号码 【1723669】，GSD为【"上海-上海"】

2024-02-15 01:37:24 开始第 3751 次操作

2024-02-15 01:37:24 开始操作号码 【1723670】
2024-02-15 01:37:28 GSD getOne 第 1 次 等待 3 秒
2024-02-15 01:37:31 查询号码 【1723670】，返回信息 {"status":"ok","msg":"上海-上海","gid":"279896","time_insert":"2021-07-15 03:46"}
2024-02-15 01:37:31 查询号码 【1723670】，GSD为【"上海-上海"】

2024-02-15 01:37:32 开始第 3752 次操作

2024-02-15 01:37:32 开始操作号码 【1723671】
2024-02-15 01:37:38 GSD getOne 第 1 次 等待 3 秒
2024-02-15 01:37:41 查询号码 【1723671】，返回信息 {"status":"ok","msg":"上海-上海","gid":"279907","time_insert":"2021-07-15 03:47"}
2024-02-15 01:37:41 查询号码 【1723671】，GSD为【"上海-上海"】

2024-02-15 02:20:25 开始第 3753 次操作

2024-02-15 02:20:25 开始操作号码 【1723672】
2024-02-15 02:20:29 GSD getOne 第 1 次 等待 3 秒
2024-02-15 02:20:32 查询号码 【1723672】，返回信息 {"status":"ok","msg":"上海-上海","gid":"279917","time_insert":"2021-07-15 03:47"}
2024-02-15 02:20:32 查询号码 【1723672】，GSD为【"上海-上海"】

2024-02-15 02:20:33 开始第 3754 次操作

2024-02-15 02:20:33 开始操作号码 【1723673】
2024-02-15 02:20:39 GSD getOne 第 1 次 等待 3 秒
2024-02-15 02:20:42 查询号码 【1723673】，返回信息 {"status":"ok","msg":"上海-上海","gid":"279926","time_insert":"2021-07-15 03:48"}
2024-02-15 02:20:42 查询号码 【1723673】，GSD为【"上海-上海"】

2024-02-15 02:20:43 开始第 3755 次操作

2024-02-15 02:20:43 开始操作号码 【1723674】
2024-02-15 02:20:47 GSD getOne 第 1 次 等待 3 秒
2024-02-15 02:20:50 查询号码 【1723674】，返回信息 {"status":"ok","msg":"上海-上海","gid":"279935","time_insert":"2021-07-15 03:49"}
2024-02-15 02:20:50 查询号码 【1723674】，GSD为【"上海-上海"】

2024-02-15 02:20:51 开始第 3756 次操作

2024-02-15 02:20:51 开始操作号码 【1723675】
2024-02-15 02:20:56 GSD getOne 第 1 次 等待 3 秒
2024-02-15 02:20:59 查询号码 【1723675】，返回信息 {"status":"ok","msg":"上海-上海","gid":"279939","time_insert":"2021-07-15 03:50"}
2024-02-15 02:20:59 查询号码 【1723675】，GSD为【"上海-上海"】

2024-02-15 02:37:59 开始第 3757 次操作

2024-02-15 02:37:59 开始操作号码 【1723676】
2024-02-15 02:38:03 GSD getOne 第 1 次 等待 3 秒
2024-02-15 02:38:06 查询号码 【1723676】，返回信息 {"status":"ok","msg":"上海-上海","gid":"279943","time_insert":"2021-07-15 03:50"}
2024-02-15 02:38:07 查询号码 【1723676】，GSD为【"上海-上海"】

2024-02-15 02:38:08 开始第 3758 次操作

2024-02-15 02:38:08 开始操作号码 【1723677】
2024-02-15 02:38:11 GSD getOne 第 1 次 等待 3 秒
2024-02-15 02:38:14 查询号码 【1723677】，返回信息 {"status":"ok","msg":"上海-上海","gid":"279948","time_insert":"2021-07-15 03:51"}
2024-02-15 02:38:14 查询号码 【1723677】，GSD为【"上海-上海"】

2024-02-15 02:38:15 开始第 3759 次操作

2024-02-15 02:38:15 开始操作号码 【1723678】
2024-02-15 02:38:19 GSD getOne 第 1 次 等待 3 秒
2024-02-15 02:38:22 查询号码 【1723678】，返回信息 {"status":"ok","msg":"上海-上海","gid":"279952","time_insert":"2021-07-15 03:52"}
2024-02-15 02:38:22 查询号码 【1723678】，GSD为【"上海-上海"】

2024-02-15 02:38:23 开始第 3760 次操作

2024-02-15 02:38:23 开始操作号码 【1723679】
2024-02-15 02:38:27 GSD getOne 第 1 次 等待 3 秒
2024-02-15 02:38:30 查询号码 【1723679】，返回信息 {"status":"ok","msg":"上海-上海","gid":"279956","time_insert":"2021-07-15 03:52"}
2024-02-15 02:38:30 查询号码 【1723679】，GSD为【"上海-上海"】

2024-02-15 03:12:20 开始第 3761 次操作

2024-02-15 03:12:20 开始操作号码 【1723680】
2024-02-15 03:12:24 GSD getOne 第 1 次 等待 3 秒
2024-02-15 03:12:27 查询号码 【1723680】，返回信息 {"status":"ok","msg":"上海-上海","gid":"279961","time_insert":"2021-07-15 03:53"}
2024-02-15 03:12:27 查询号码 【1723680】，GSD为【"上海-上海"】

2024-02-15 03:12:28 开始第 3762 次操作

2024-02-15 03:12:28 开始操作号码 【1723681】
2024-02-15 03:12:33 GSD getOne 第 1 次 等待 3 秒
2024-02-15 03:12:36 查询号码 【1723681】，返回信息 {"status":"ok","msg":"上海-上海","gid":"279966","time_insert":"2021-07-15 03:54"}
2024-02-15 03:12:36 查询号码 【1723681】，GSD为【"上海-上海"】

2024-02-15 03:12:37 开始第 3763 次操作

2024-02-15 03:12:37 开始操作号码 【1723682】
2024-02-15 03:12:43 GSD getOne 第 1 次 等待 3 秒
2024-02-15 03:12:46 查询号码 【1723682】，返回信息 {"status":"ok","msg":"上海-上海","gid":"279968","time_insert":"2021-07-15 03:55"}
2024-02-15 03:12:46 查询号码 【1723682】，GSD为【"上海-上海"】

2024-02-15 03:12:47 开始第 3764 次操作

2024-02-15 03:12:47 开始操作号码 【1723683】
2024-02-15 03:12:52 GSD getOne 第 1 次 等待 3 秒
2024-02-15 03:12:55 查询号码 【1723683】，返回信息 {"status":"ok","msg":"上海-上海","gid":"279970","time_insert":"2021-07-15 03:55"}
2024-02-15 03:12:55 查询号码 【1723683】，GSD为【"上海-上海"】

2024-02-15 03:37:10 开始第 3765 次操作

2024-02-15 03:37:10 开始操作号码 【1723684】
2024-02-15 03:37:16 GSD getOne 第 1 次 等待 3 秒
2024-02-15 03:37:19 查询号码 【1723684】，返回信息 {"status":"ok","msg":"上海-上海","gid":"279972","time_insert":"2021-07-15 03:56"}
2024-02-15 03:37:19 查询号码 【1723684】，GSD为【"上海-上海"】

2024-02-15 03:37:20 开始第 3766 次操作

2024-02-15 03:37:20 开始操作号码 【1723685】
2024-02-15 03:37:24 GSD getOne 第 1 次 等待 3 秒
2024-02-15 03:37:27 查询号码 【1723685】，返回信息 {"status":"ok","msg":"上海-上海","gid":"279977","time_insert":"2021-07-15 03:57"}
2024-02-15 03:37:27 查询号码 【1723685】，GSD为【"上海-上海"】

2024-02-15 03:37:28 开始第 3767 次操作

2024-02-15 03:37:28 开始操作号码 【1723686】
2024-02-15 03:37:33 GSD getOne 第 1 次 等待 3 秒
2024-02-15 03:37:36 查询号码 【1723686】，返回信息 {"status":"ok","msg":"上海-上海","gid":"280063","time_insert":"2021-07-15 04:37"}
2024-02-15 03:37:36 查询号码 【1723686】，GSD为【"上海-上海"】

2024-02-15 03:37:37 开始第 3768 次操作

2024-02-15 03:37:37 开始操作号码 【1723687】
2024-02-15 03:37:46 GSD getOne 第 1 次 等待 3 秒
2024-02-15 03:37:49 查询号码 【1723687】，返回信息 {"status":"ok","msg":"上海-上海","gid":"280065","time_insert":"2021-07-15 04:37"}
2024-02-15 03:37:49 查询号码 【1723687】，GSD为【"上海-上海"】

2024-02-15 04:16:00 开始第 3769 次操作

2024-02-15 04:16:00 开始操作号码 【1723688】
2024-02-15 04:16:05 GSD getOne 第 1 次 等待 3 秒
2024-02-15 04:16:08 查询号码 【1723688】，返回信息 {"status":"ok","msg":"上海-上海","gid":"280070","time_insert":"2021-07-15 04:38"}
2024-02-15 04:16:08 查询号码 【1723688】，GSD为【"上海-上海"】

2024-02-15 04:16:09 开始第 3770 次操作

2024-02-15 04:16:09 开始操作号码 【1723689】
2024-02-15 04:16:13 GSD getOne 第 1 次 等待 3 秒
2024-02-15 04:16:16 查询号码 【1723689】，返回信息 {"status":"ok","msg":"上海-上海","gid":"280075","time_insert":"2021-07-15 04:38"}
2024-02-15 04:16:16 查询号码 【1723689】，GSD为【"上海-上海"】

2024-02-15 04:16:17 开始第 3771 次操作

2024-02-15 04:16:17 开始操作号码 【1723690】
2024-02-15 04:16:22 GSD getOne 第 1 次 等待 3 秒
2024-02-15 04:16:25 查询号码 【1723690】，返回信息 {"status":"ok","msg":"上海-上海","gid":"280084","time_insert":"2021-07-15 04:38"}
2024-02-15 04:16:25 查询号码 【1723690】，GSD为【"上海-上海"】

2024-02-15 04:16:26 开始第 3772 次操作

2024-02-15 04:16:26 开始操作号码 【1723691】
2024-02-15 04:16:30 GSD getOne 第 1 次 等待 3 秒
2024-02-15 04:16:33 查询号码 【1723691】，返回信息 {"status":"ok","msg":"上海-上海","gid":"280087","time_insert":"2021-07-15 04:38"}
2024-02-15 04:16:33 查询号码 【1723691】，GSD为【"上海-上海"】

