2024-04-15 06:23:39 开始第 3633 次操作

2024-04-15 06:23:39 开始操作号码 【1613552】
2024-04-15 06:23:44 GSD getOne 第 1 次 等待 3 秒
2024-04-15 06:23:47 查询号码 【1613552】，返回信息 {"status":"ok","msg":"-","gid":"586898","time_insert":"2023-03-13 00:26"}
2024-04-15 06:23:47 查询号码 【1613552】，GSD为【"-"】
2024-04-15 06:23:47 ok && -
2024-04-15 06:23:49 CHB 1613552?1713133427 第 1 次 等待 3 秒
2024-04-15 06:23:52 CHB 1613552?1713133427 第 1 次 获取到号码【1613552】GSD
2024-04-15 06:23:52 未获取到号码【1613552】GSD，可能号码格式错误
2024-04-15 06:23:52 获取到号码【1613552】的GSD为【-】
2024-04-15 06:23:57 GSD insert 第 1 次 等待 3 秒
2024-04-15 06:24:00 {"status":"bad","gid":"586898","msg":"添加失败！号码【1613552(-|-)】已存在！"}
2024-04-15 06:24:00 随机等待 177 秒，约 2 分钟
2024-04-15 06:24:00 下次操作: 2024-04-15 06:26:57

2024-04-15 06:26:57 开始第 3634 次操作

2024-04-15 06:26:57 开始操作号码 【1613553】
2024-04-15 06:27:02 GSD getOne 第 1 次 等待 3 秒
2024-04-15 06:27:05 查询号码 【1613553】，返回信息 {"status":"ok","msg":"-","gid":"586932","time_insert":"2023-03-13 00:49"}
2024-04-15 06:27:05 查询号码 【1613553】，GSD为【"-"】
2024-04-15 06:27:05 ok && -
2024-04-15 06:27:08 CHB 1613553?1713133625 第 1 次 等待 3 秒
2024-04-15 06:27:11 CHB 1613553?1713133625 第 1 次 获取到号码【1613553】GSD
2024-04-15 06:27:11 未获取到号码【1613553】GSD，可能号码格式错误
2024-04-15 06:27:11 获取到号码【1613553】的GSD为【-】
2024-04-15 06:27:16 GSD insert 第 1 次 等待 3 秒
2024-04-15 06:27:19 {"status":"bad","gid":"586932","msg":"添加失败！号码【1613553(-|-)】已存在！"}
2024-04-15 06:27:19 随机等待 111 秒，约 1 分钟
2024-04-15 06:27:19 下次操作: 2024-04-15 06:29:10

2024-04-15 06:29:10 开始第 3635 次操作

2024-04-15 06:29:10 开始操作号码 【1613554】
2024-04-15 06:29:15 GSD getOne 第 1 次 等待 3 秒
2024-04-15 06:29:18 查询号码 【1613554】，返回信息 {"status":"ok","msg":"-","gid":"586963","time_insert":"2023-03-13 01:09"}
2024-04-15 06:29:18 查询号码 【1613554】，GSD为【"-"】
2024-04-15 06:29:18 ok && -
2024-04-15 06:29:21 CHB 1613554?1713133758 第 1 次 等待 3 秒
2024-04-15 06:29:24 CHB 1613554?1713133758 第 1 次 获取到号码【1613554】GSD
2024-04-15 06:29:24 未获取到号码【1613554】GSD，可能号码格式错误
2024-04-15 06:29:24 获取到号码【1613554】的GSD为【-】
2024-04-15 06:29:29 GSD insert 第 1 次 等待 3 秒
2024-04-15 06:29:32 {"status":"bad","gid":"586963","msg":"添加失败！号码【1613554(-|-)】已存在！"}
2024-04-15 06:29:32 随机等待 137 秒，约 2 分钟
2024-04-15 06:29:32 下次操作: 2024-04-15 06:31:49

2024-04-15 06:31:49 开始第 3636 次操作

2024-04-15 06:31:49 开始操作号码 【1613555】
2024-04-15 06:31:54 GSD getOne 第 1 次 等待 3 秒
2024-04-15 06:31:57 查询号码 【1613555】，返回信息 {"status":"ok","msg":"-","gid":"586991","time_insert":"2023-03-13 01:29"}
2024-04-15 06:31:57 查询号码 【1613555】，GSD为【"-"】
2024-04-15 06:31:57 ok && -
2024-04-15 06:31:59 CHB 1613555?1713133917 第 1 次 等待 3 秒
2024-04-15 06:32:02 CHB 1613555?1713133917 第 1 次 获取到号码【1613555】GSD
2024-04-15 06:32:02 未获取到号码【1613555】GSD，可能号码格式错误
2024-04-15 06:32:02 获取到号码【1613555】的GSD为【-】
2024-04-15 06:32:07 GSD insert 第 1 次 等待 3 秒
2024-04-15 06:32:10 {"status":"bad","gid":"586991","msg":"添加失败！号码【1613555(-|-)】已存在！"}

2024-04-15 07:47:19 开始第 3637 次操作

2024-04-15 07:47:19 开始操作号码 【1613556】
2024-04-15 07:47:25 GSD getOne 第 1 次 等待 3 秒
2024-04-15 07:47:28 查询号码 【1613556】，返回信息 {"status":"ok","msg":"-","gid":"587021","time_insert":"2023-03-13 01:49"}
2024-04-15 07:47:28 查询号码 【1613556】，GSD为【"-"】
2024-04-15 07:47:28 ok && -
2024-04-15 07:47:30 CHB 1613556?1713138448 第 1 次 等待 3 秒
2024-04-15 07:47:33 CHB 1613556?1713138448 第 1 次 获取到号码【1613556】GSD
2024-04-15 07:47:33 未获取到号码【1613556】GSD，可能号码格式错误
2024-04-15 07:47:34 获取到号码【1613556】的GSD为【-】
2024-04-15 07:47:39 GSD insert 第 1 次 等待 3 秒
2024-04-15 07:47:42 {"status":"bad","gid":"587021","msg":"添加失败！号码【1613556(-|-)】已存在！"}
2024-04-15 07:47:42 随机等待 75 秒，约 1 分钟
2024-04-15 07:47:42 下次操作: 2024-04-15 07:48:57

2024-04-15 07:48:57 开始第 3638 次操作

2024-04-15 07:48:57 开始操作号码 【1613557】
2024-04-15 07:49:02 GSD getOne 第 1 次 等待 3 秒
2024-04-15 07:49:05 查询号码 【1613557】，返回信息 {"status":"ok","msg":"-","gid":"587053","time_insert":"2023-03-13 02:13"}
2024-04-15 07:49:05 查询号码 【1613557】，GSD为【"-"】
2024-04-15 07:49:05 ok && -
2024-04-15 07:49:07 CHB 1613557?1713138545 第 1 次 等待 3 秒
2024-04-15 07:49:10 CHB 1613557?1713138545 第 1 次 获取到号码【1613557】GSD
2024-04-15 07:49:10 未获取到号码【1613557】GSD，可能号码格式错误
2024-04-15 07:49:10 获取到号码【1613557】的GSD为【-】
2024-04-15 07:49:14 GSD insert 第 1 次 等待 3 秒
2024-04-15 07:49:17 {"status":"bad","gid":"587053","msg":"添加失败！号码【1613557(-|-)】已存在！"}
2024-04-15 07:49:17 随机等待 183 秒，约 3 分钟
2024-04-15 07:49:17 下次操作: 2024-04-15 07:52:20

2024-04-15 07:52:20 开始第 3639 次操作

2024-04-15 07:52:20 开始操作号码 【1613558】
2024-04-15 07:52:25 GSD getOne 第 1 次 等待 3 秒
2024-04-15 07:52:28 查询号码 【1613558】，返回信息 {"status":"ok","msg":"-","gid":"587074","time_insert":"2023-03-13 02:25"}
2024-04-15 07:52:28 查询号码 【1613558】，GSD为【"-"】
2024-04-15 07:52:28 ok && -
2024-04-15 07:52:30 CHB 1613558?1713138748 第 1 次 等待 3 秒
2024-04-15 07:52:33 CHB 1613558?1713138748 第 1 次 获取到号码【1613558】GSD
2024-04-15 07:52:33 未获取到号码【1613558】GSD，可能号码格式错误
2024-04-15 07:52:33 获取到号码【1613558】的GSD为【-】
2024-04-15 07:52:38 GSD insert 第 1 次 等待 3 秒
2024-04-15 07:52:41 {"status":"bad","gid":"587074","msg":"添加失败！号码【1613558(-|-)】已存在！"}
2024-04-15 07:52:41 随机等待 105 秒，约 1 分钟
2024-04-15 07:52:41 下次操作: 2024-04-15 07:54:26

2024-04-15 07:54:26 开始第 3640 次操作

2024-04-15 07:54:26 开始操作号码 【1613559】
2024-04-15 07:54:33 GSD getOne 第 1 次 等待 3 秒
2024-04-15 07:54:36 查询号码 【1613559】，返回信息 {"status":"ok","msg":"-","gid":"587089","time_insert":"2023-03-13 02:36"}
2024-04-15 07:54:36 查询号码 【1613559】，GSD为【"-"】
2024-04-15 07:54:36 ok && -
2024-04-15 07:54:38 CHB 1613559?1713138876 第 1 次 等待 3 秒
2024-04-15 07:54:41 CHB 1613559?1713138876 第 1 次 获取到号码【1613559】GSD
2024-04-15 07:54:42 未获取到号码【1613559】GSD，可能号码格式错误
2024-04-15 07:54:42 获取到号码【1613559】的GSD为【-】
2024-04-15 07:54:49 GSD insert 第 1 次 等待 3 秒
2024-04-15 07:54:52 {"status":"bad","gid":"587089","msg":"添加失败！号码【1613559(-|-)】已存在！"}

2024-04-15 11:28:58 开始第 3641 次操作

2024-04-15 11:28:58 开始操作号码 【1613560】
2024-04-15 11:29:03 GSD getOne 第 1 次 等待 3 秒
2024-04-15 11:29:06 查询号码 【1613560】，返回信息 {"status":"ok","msg":"-","gid":"587107","time_insert":"2023-03-13 02:47"}
2024-04-15 11:29:06 查询号码 【1613560】，GSD为【"-"】
2024-04-15 11:29:06 ok && -
2024-04-15 11:29:09 CHB 1613560?1713151746 第 1 次 等待 3 秒
2024-04-15 11:29:12 CHB 1613560?1713151746 第 1 次 获取到号码【1613560】GSD
2024-04-15 11:29:12 未获取到号码【1613560】GSD，可能号码格式错误
2024-04-15 11:29:12 获取到号码【1613560】的GSD为【-】
2024-04-15 11:29:19 GSD insert 第 1 次 等待 3 秒
2024-04-15 11:29:22 {"status":"bad","gid":"587107","msg":"添加失败！号码【1613560(-|-)】已存在！"}
2024-04-15 11:29:22 随机等待 87 秒，约 1 分钟
2024-04-15 11:29:22 下次操作: 2024-04-15 11:30:49

2024-04-15 11:30:49 开始第 3642 次操作

2024-04-15 11:30:49 开始操作号码 【1613561】
2024-04-15 11:30:54 GSD getOne 第 1 次 等待 3 秒
2024-04-15 11:30:57 查询号码 【1613561】，返回信息 {"status":"ok","msg":"-","gid":"587131","time_insert":"2023-03-13 03:02"}
2024-04-15 11:30:57 查询号码 【1613561】，GSD为【"-"】
2024-04-15 11:30:57 ok && -
2024-04-15 11:30:59 CHB 1613561?1713151857 第 1 次 等待 3 秒
2024-04-15 11:31:02 CHB 1613561?1713151857 第 1 次 获取到号码【1613561】GSD
2024-04-15 11:31:02 未获取到号码【1613561】GSD，可能号码格式错误
2024-04-15 11:31:02 获取到号码【1613561】的GSD为【-】
2024-04-15 11:31:07 GSD insert 第 1 次 等待 3 秒
2024-04-15 11:31:10 {"status":"bad","gid":"587131","msg":"添加失败！号码【1613561(-|-)】已存在！"}
2024-04-15 11:31:10 随机等待 95 秒，约 1 分钟
2024-04-15 11:31:10 下次操作: 2024-04-15 11:32:45

2024-04-15 11:32:45 开始第 3643 次操作

2024-04-15 11:32:45 开始操作号码 【1613562】
2024-04-15 11:32:51 GSD getOne 第 1 次 等待 3 秒
2024-04-15 11:32:54 查询号码 【1613562】，返回信息 {"status":"ok","msg":"-","gid":"587154","time_insert":"2023-03-13 03:18"}
2024-04-15 11:32:55 查询号码 【1613562】，GSD为【"-"】
2024-04-15 11:32:55 ok && -
2024-04-15 11:32:57 CHB 1613562?1713151975 第 1 次 等待 3 秒
2024-04-15 11:33:00 CHB 1613562?1713151975 第 1 次 获取到号码【1613562】GSD
2024-04-15 11:33:00 未获取到号码【1613562】GSD，可能号码格式错误
2024-04-15 11:33:00 获取到号码【1613562】的GSD为【-】
2024-04-15 11:33:06 GSD insert 第 1 次 等待 3 秒
2024-04-15 11:33:09 {"status":"bad","gid":"587154","msg":"添加失败！号码【1613562(-|-)】已存在！"}
2024-04-15 11:33:09 随机等待 129 秒，约 2 分钟
2024-04-15 11:33:09 下次操作: 2024-04-15 11:35:18

2024-04-15 11:35:18 开始第 3644 次操作

2024-04-15 11:35:18 开始操作号码 【1613563】
2024-04-15 11:35:23 GSD getOne 第 1 次 等待 3 秒
2024-04-15 11:35:26 查询号码 【1613563】，返回信息 {"status":"ok","msg":"-","gid":"587191","time_insert":"2023-03-13 03:38"}
2024-04-15 11:35:26 查询号码 【1613563】，GSD为【"-"】
2024-04-15 11:35:26 ok && -
2024-04-15 11:35:28 CHB 1613563?1713152126 第 1 次 等待 3 秒
2024-04-15 11:35:31 CHB 1613563?1713152126 第 1 次 获取到号码【1613563】GSD
2024-04-15 11:35:31 未获取到号码【1613563】GSD，可能号码格式错误
2024-04-15 11:35:31 获取到号码【1613563】的GSD为【-】
2024-04-15 11:35:36 GSD insert 第 1 次 等待 3 秒
2024-04-15 11:35:39 {"status":"bad","gid":"587191","msg":"添加失败！号码【1613563(-|-)】已存在！"}

