2023-11-02 00:21:02 开始第 6277 次操作

2023-11-02 00:21:02 开始操作号码 【1936195】
2023-11-02 00:21:08 GSD getOne 第 1 次 等待 3 秒
2023-11-02 00:21:11 查询号码 【1936195】，返回信息 {"status":"ok","msg":"湖北-武汉","gid":"482391","time_insert":"2021-08-02 19:09","time_update":"2023-07-04 12:41"}
2023-11-02 00:21:11 查询号码 【1936195】，GSD为【"湖北-武汉"】

2023-11-02 00:21:12 开始第 6278 次操作

2023-11-02 00:21:12 开始操作号码 【1936196】
2023-11-02 00:21:19 GSD getOne 第 1 次 等待 3 秒
2023-11-02 00:21:22 查询号码 【1936196】，返回信息 {"status":"ok","msg":"湖北-武汉","gid":"482381","time_insert":"2021-08-02 19:08","time_update":"2023-07-04 12:44"}
2023-11-02 00:21:22 查询号码 【1936196】，GSD为【"湖北-武汉"】

2023-11-02 00:21:23 开始第 6279 次操作

2023-11-02 00:21:23 开始操作号码 【1936197】
2023-11-02 00:21:25 GSD getOne 第 1 次 等待 3 秒
2023-11-02 00:21:28 查询号码 【1936197】，返回信息 {"status":"ok","msg":"湖北-武汉","gid":"482370","time_insert":"2021-08-02 19:08","time_update":"2023-07-04 12:46"}
2023-11-02 00:21:28 查询号码 【1936197】，GSD为【"湖北-武汉"】

2023-11-02 00:21:29 开始第 6280 次操作

2023-11-02 00:21:29 开始操作号码 【1936198】
2023-11-02 00:21:32 GSD getOne 第 1 次 等待 3 秒
2023-11-02 00:21:35 查询号码 【1936198】，返回信息 {"status":"ok","msg":"湖北-武汉","gid":"482360","time_insert":"2021-08-02 19:07","time_update":"2023-07-04 12:48"}
2023-11-02 00:21:35 查询号码 【1936198】，GSD为【"湖北-武汉"】

2023-11-02 00:40:27 开始第 6281 次操作

2023-11-02 00:40:27 开始操作号码 【1936199】
2023-11-02 00:40:33 GSD getOne 第 1 次 等待 3 秒
2023-11-02 00:40:36 查询号码 【1936199】，返回信息 {"status":"ok","msg":"湖北-武汉","gid":"482346","time_insert":"2021-08-02 19:07","time_update":"2023-07-04 13:16"}
2023-11-02 00:40:36 查询号码 【1936199】，GSD为【"湖北-武汉"】

2023-11-02 00:40:37 开始第 6282 次操作

2023-11-02 00:40:37 开始操作号码 【1936200】
2023-11-02 00:40:40 GSD getOne 第 1 次 等待 3 秒
2023-11-02 00:40:43 查询号码 【1936200】，返回信息 {"status":"ok","msg":"上海-上海","gid":"482335","time_insert":"2021-08-02 19:06","time_update":"2023-07-04 13:18"}
2023-11-02 00:40:43 查询号码 【1936200】，GSD为【"上海-上海"】

2023-11-02 00:40:44 开始第 6283 次操作

2023-11-02 00:40:44 开始操作号码 【1936201】
2023-11-02 00:40:48 GSD getOne 第 1 次 等待 3 秒
2023-11-02 00:40:51 查询号码 【1936201】，返回信息 {"status":"ok","msg":"上海-上海","gid":"482324","time_insert":"2021-08-02 19:05","time_update":"2023-07-04 13:22"}
2023-11-02 00:40:51 查询号码 【1936201】，GSD为【"上海-上海"】

2023-11-02 00:40:52 开始第 6284 次操作

2023-11-02 00:40:52 开始操作号码 【1936202】
2023-11-02 00:40:55 GSD getOne 第 1 次 等待 3 秒
2023-11-02 00:40:58 查询号码 【1936202】，返回信息 {"status":"ok","msg":"上海-上海","gid":"482315","time_insert":"2021-08-02 19:05","time_update":"2023-07-04 13:26"}
2023-11-02 00:40:58 查询号码 【1936202】，GSD为【"上海-上海"】

