2024-06-19 00:22:44 开始第 1425 次操作

2024-06-19 00:22:44 开始操作号码 【1501336】
2024-06-19 00:22:50 GSD getOne 第 1 次 等待 3 秒
2024-06-19 00:22:53 查询号码 【1501336】，返回信息 {"status":"ok","msg":"广东-广州","gid":"90689","time_insert":"2021-06-11 05:15"}
2024-06-19 00:22:53 查询号码 【1501336】，GSD为【"广东-广州"】

2024-06-19 00:22:54 开始第 1426 次操作

2024-06-19 00:22:54 开始操作号码 【1501337】
2024-06-19 00:23:00 GSD getOne 第 1 次 等待 3 秒
2024-06-19 00:23:03 查询号码 【1501337】，返回信息 {"status":"ok","msg":"广东-广州","gid":"90705","time_insert":"2021-06-11 05:32"}
2024-06-19 00:23:03 查询号码 【1501337】，GSD为【"广东-广州"】

2024-06-19 00:23:04 开始第 1427 次操作

2024-06-19 00:23:04 开始操作号码 【1501338】
2024-06-19 00:23:12 GSD getOne 第 1 次 等待 3 秒
2024-06-19 00:23:15 查询号码 【1501338】，返回信息 {"status":"ok","msg":"广东-广州","gid":"15210","time_insert":"2016-03-25 15:44","time_update":"2020-09-29 04:48"}
2024-06-19 00:23:15 查询号码 【1501338】，GSD为【"广东-广州"】

2024-06-19 00:23:16 开始第 1428 次操作

2024-06-19 00:23:16 开始操作号码 【1501339】
2024-06-19 00:23:31 GSD getOne 第 1 次 等待 3 秒
2024-06-19 00:23:34 查询号码 【1501339】，返回信息 {"status":"ok","msg":"广东-广州","gid":"90723","time_insert":"2021-06-11 05:49"}
2024-06-19 00:23:34 查询号码 【1501339】，GSD为【"广东-广州"】

2024-06-19 00:41:07 开始第 1429 次操作

2024-06-19 00:41:07 开始操作号码 【1501340】
2024-06-19 00:41:14 GSD getOne 第 1 次 等待 3 秒
2024-06-19 00:41:17 查询号码 【1501340】，返回信息 {"status":"ok","msg":"广东-湛江","gid":"90757","time_insert":"2021-06-11 06:19"}
2024-06-19 00:41:17 查询号码 【1501340】，GSD为【"广东-湛江"】

2024-06-19 00:41:18 开始第 1430 次操作

2024-06-19 00:41:18 开始操作号码 【1501341】
2024-06-19 00:41:26 GSD getOne 第 1 次 等待 3 秒
2024-06-19 00:41:29 查询号码 【1501341】，返回信息 {"status":"ok","msg":"广东-深圳","gid":"15211","time_insert":"2017-02-08 13:18","time_update":"2020-09-29 04:52"}
2024-06-19 00:41:29 查询号码 【1501341】，GSD为【"广东-深圳"】

2024-06-19 00:41:30 开始第 1431 次操作

2024-06-19 00:41:30 开始操作号码 【1501342】
2024-06-19 00:41:40 GSD getOne 第 1 次 等待 3 秒
2024-06-19 00:41:43 查询号码 【1501342】，返回信息 {"status":"ok","msg":"广东-深圳","gid":"15212","time_insert":"2018-10-29 09:12","time_update":"2020-09-29 04:55"}
2024-06-19 00:41:43 查询号码 【1501342】，GSD为【"广东-深圳"】

2024-06-19 00:41:44 开始第 1432 次操作

2024-06-19 00:41:44 开始操作号码 【1501343】
2024-06-19 00:42:00 GSD getOne 第 1 次 等待 3 秒
2024-06-19 00:42:03 查询号码 【1501343】，返回信息 {"status":"ok","msg":"广东-深圳","gid":"90790","time_insert":"2021-06-11 06:50"}
2024-06-19 00:42:03 查询号码 【1501343】，GSD为【"广东-深圳"】

