2024-10-04 00:27:03 开始第 7785 次操作

2024-10-04 00:27:03 开始操作号码 【1397784】
2024-10-04 00:27:07 GSD getOne 第 1 次 等待 3 秒
2024-10-04 00:27:10 查询号码 【1397784】，返回信息 {"status":"ok","msg":"广西-河池","gid":"351974","time_insert":"2021-07-22 04:10"}
2024-10-04 00:27:10 查询号码 【1397784】，GSD为【"广西-河池"】

2024-10-04 00:27:11 开始第 7786 次操作

2024-10-04 00:27:11 开始操作号码 【1397785】
2024-10-04 00:27:13 GSD getOne 第 1 次 等待 3 秒
2024-10-04 00:27:16 查询号码 【1397785】，返回信息 {"status":"ok","msg":"广西-河池","gid":"351968","time_insert":"2021-07-22 04:09"}
2024-10-04 00:27:16 查询号码 【1397785】，GSD为【"广西-河池"】

2024-10-04 00:27:17 开始第 7787 次操作

2024-10-04 00:27:17 开始操作号码 【1397786】
2024-10-04 00:27:23 GSD getOne 第 1 次 等待 3 秒
2024-10-04 00:27:26 查询号码 【1397786】，返回信息 {"status":"ok","msg":"广西-河池","gid":"351963","time_insert":"2021-07-22 04:08"}
2024-10-04 00:27:26 查询号码 【1397786】，GSD为【"广西-河池"】

2024-10-04 00:27:27 开始第 7788 次操作

2024-10-04 00:27:27 开始操作号码 【1397787】
2024-10-04 00:27:29 GSD getOne 第 1 次 等待 3 秒
2024-10-04 00:27:32 查询号码 【1397787】，返回信息 {"status":"ok","msg":"广西-河池","gid":"351960","time_insert":"2021-07-22 04:07"}
2024-10-04 00:27:32 查询号码 【1397787】，GSD为【"广西-河池"】

