2023-12-30 00:22:32 开始第 5881 次操作

2023-12-30 00:22:32 开始操作号码 【1835800】
2023-12-30 00:22:37 GSD getOne 第 1 次 等待 3 秒
2023-12-30 00:22:40 查询号码 【1835800】，返回信息 {"status":"ok","msg":"浙江-金华","gid":"331274","time_insert":"2021-07-20 00:16"}
2023-12-30 00:22:40 查询号码 【1835800】，GSD为【"浙江-金华"】

2023-12-30 00:22:41 开始第 5882 次操作

2023-12-30 00:22:41 开始操作号码 【1835801】
2023-12-30 00:22:45 GSD getOne 第 1 次 等待 3 秒
2023-12-30 00:22:48 查询号码 【1835801】，返回信息 {"status":"ok","msg":"浙江-金华","gid":"331277","time_insert":"2021-07-20 00:17"}
2023-12-30 00:22:48 查询号码 【1835801】，GSD为【"浙江-金华"】

2023-12-30 00:22:49 开始第 5883 次操作

2023-12-30 00:22:49 开始操作号码 【1835802】
2023-12-30 00:22:54 GSD getOne 第 1 次 等待 3 秒
2023-12-30 00:22:57 查询号码 【1835802】，返回信息 {"status":"ok","msg":"浙江-金华","gid":"331279","time_insert":"2021-07-20 00:17"}
2023-12-30 00:22:57 查询号码 【1835802】，GSD为【"浙江-金华"】

2023-12-30 00:22:58 开始第 5884 次操作

2023-12-30 00:22:58 开始操作号码 【1835803】
2023-12-30 00:23:02 GSD getOne 第 1 次 等待 3 秒
2023-12-30 00:23:05 查询号码 【1835803】，返回信息 {"status":"ok","msg":"浙江-金华","gid":"37935","time_insert":"2016-02-07 17:31","time_update":"2020-09-02 17:17"}
2023-12-30 00:23:05 查询号码 【1835803】，GSD为【"浙江-金华"】

2023-12-30 00:40:45 开始第 5885 次操作

2023-12-30 00:40:45 开始操作号码 【1835804】
2023-12-30 00:40:53 GSD getOne 第 1 次 等待 3 秒
2023-12-30 00:40:56 查询号码 【1835804】，返回信息 {"status":"ok","msg":"浙江-金华","gid":"331385","time_insert":"2021-07-20 01:04"}
2023-12-30 00:40:56 查询号码 【1835804】，GSD为【"浙江-金华"】

2023-12-30 00:40:57 开始第 5886 次操作

2023-12-30 00:40:57 开始操作号码 【1835805】
2023-12-30 00:41:02 GSD getOne 第 1 次 等待 3 秒
2023-12-30 00:41:05 查询号码 【1835805】，返回信息 {"status":"ok","msg":"浙江-舟山","gid":"37936","time_insert":"2018-03-27 18:31","time_update":"2020-09-02 17:21"}
2023-12-30 00:41:05 查询号码 【1835805】，GSD为【"浙江-舟山"】

2023-12-30 00:41:06 开始第 5887 次操作

2023-12-30 00:41:06 开始操作号码 【1835806】
2023-12-30 00:41:12 GSD getOne 第 1 次 等待 3 秒
2023-12-30 00:41:15 查询号码 【1835806】，返回信息 {"status":"ok","msg":"浙江-舟山","gid":"331400","time_insert":"2021-07-20 01:05"}
2023-12-30 00:41:15 查询号码 【1835806】，GSD为【"浙江-舟山"】

2023-12-30 00:41:17 开始第 5888 次操作

2023-12-30 00:41:17 开始操作号码 【1835807】
2023-12-30 00:41:21 GSD getOne 第 1 次 等待 3 秒
2023-12-30 00:41:24 查询号码 【1835807】，返回信息 {"status":"ok","msg":"浙江-舟山","gid":"331407","time_insert":"2021-07-20 01:06"}
2023-12-30 00:41:25 查询号码 【1835807】，GSD为【"浙江-舟山"】

