2024-08-20 00:24:03 开始第 105 次操作

2024-08-20 00:24:03 开始操作号码 【1390104】
2024-08-20 00:24:11 GSD getOne 第 1 次 等待 3 秒
2024-08-20 00:24:14 查询号码 【1390104】，返回信息 {"status":"ok","msg":"北京-北京","gid":"59670","time_insert":"2021-05-16 04:33"}
2024-08-20 00:24:14 查询号码 【1390104】，GSD为【"北京-北京"】

2024-08-20 00:24:15 开始第 106 次操作

2024-08-20 00:24:15 开始操作号码 【1390105】
2024-08-20 00:24:23 GSD getOne 第 1 次 等待 3 秒
2024-08-20 00:24:26 查询号码 【1390105】，返回信息 {"status":"ok","msg":"北京-北京","gid":"59680","time_insert":"2021-05-16 04:56"}
2024-08-20 00:24:26 查询号码 【1390105】，GSD为【"北京-北京"】

2024-08-20 00:24:27 开始第 107 次操作

2024-08-20 00:24:27 开始操作号码 【1390106】
2024-08-20 00:24:35 GSD getOne 第 1 次 等待 3 秒
2024-08-20 00:24:38 查询号码 【1390106】，返回信息 {"status":"ok","msg":"北京-北京","gid":"12719","time_insert":"2019-12-08 07:32","time_update":"2020-12-26 08:10"}
2024-08-20 00:24:38 查询号码 【1390106】，GSD为【"北京-北京"】

2024-08-20 00:24:39 开始第 108 次操作

2024-08-20 00:24:39 开始操作号码 【1390107】
2024-08-20 00:24:47 GSD getOne 第 1 次 等待 3 秒
2024-08-20 00:24:50 查询号码 【1390107】，返回信息 {"status":"ok","msg":"北京-北京","gid":"59695","time_insert":"2021-05-16 05:29"}
2024-08-20 00:24:50 查询号码 【1390107】，GSD为【"北京-北京"】

2024-08-20 00:42:01 开始第 109 次操作

2024-08-20 00:42:01 开始操作号码 【1390108】
2024-08-20 00:42:09 GSD getOne 第 1 次 等待 3 秒
2024-08-20 00:42:12 查询号码 【1390108】，返回信息 {"status":"ok","msg":"北京-北京","gid":"59707","time_insert":"2021-05-16 05:56"}
2024-08-20 00:42:12 查询号码 【1390108】，GSD为【"北京-北京"】

2024-08-20 00:42:13 开始第 110 次操作

2024-08-20 00:42:13 开始操作号码 【1390109】
2024-08-20 00:42:21 GSD getOne 第 1 次 等待 3 秒
2024-08-20 00:42:24 查询号码 【1390109】，返回信息 {"status":"ok","msg":"北京-北京","gid":"59717","time_insert":"2021-05-16 06:19"}
2024-08-20 00:42:24 查询号码 【1390109】，GSD为【"北京-北京"】

2024-08-20 00:42:25 开始第 111 次操作

2024-08-20 00:42:25 开始操作号码 【1390110】
2024-08-20 00:42:34 GSD getOne 第 1 次 等待 3 秒
2024-08-20 00:42:37 查询号码 【1390110】，返回信息 {"status":"ok","msg":"北京-北京","gid":"59725","time_insert":"2021-05-16 06:35"}
2024-08-20 00:42:37 查询号码 【1390110】，GSD为【"北京-北京"】

2024-08-20 00:42:38 开始第 112 次操作

2024-08-20 00:42:38 开始操作号码 【1390111】
2024-08-20 00:42:46 GSD getOne 第 1 次 等待 3 秒
2024-08-20 00:42:49 查询号码 【1390111】，返回信息 {"status":"ok","msg":"北京-北京","gid":"59736","time_insert":"2021-05-16 07:03"}
2024-08-20 00:42:49 查询号码 【1390111】，GSD为【"北京-北京"】

