2023-11-12 00:18:52 开始第 8041 次操作

2023-11-12 00:18:52 开始操作号码 【1937959】
2023-11-12 00:18:55 GSD getOne 第 1 次 等待 3 秒
2023-11-12 00:18:58 查询号码 【1937959】，返回信息 {"status":"ok","msg":"江西-赣州","gid":"458171","time_insert":"2021-07-31 17:02"}
2023-11-12 00:18:58 查询号码 【1937959】，GSD为【"江西-赣州"】

2023-11-12 00:18:59 开始第 8042 次操作

2023-11-12 00:18:59 开始操作号码 【1937960】
2023-11-12 00:19:03 GSD getOne 第 1 次 等待 3 秒
2023-11-12 00:19:06 查询号码 【1937960】，返回信息 {"status":"ok","msg":"江西-吉安","gid":"458162","time_insert":"2021-07-31 17:02"}
2023-11-12 00:19:06 查询号码 【1937960】，GSD为【"江西-吉安"】

2023-11-12 00:19:07 开始第 8043 次操作

2023-11-12 00:19:07 开始操作号码 【1937961】
2023-11-12 00:19:10 GSD getOne 第 1 次 等待 3 秒
2023-11-12 00:19:13 查询号码 【1937961】，返回信息 {"status":"ok","msg":"江西-吉安","gid":"458154","time_insert":"2021-07-31 17:01"}
2023-11-12 00:19:13 查询号码 【1937961】，GSD为【"江西-吉安"】

2023-11-12 00:19:14 开始第 8044 次操作

2023-11-12 00:19:14 开始操作号码 【1937962】
2023-11-12 00:19:18 GSD getOne 第 1 次 等待 3 秒
2023-11-12 00:19:21 查询号码 【1937962】，返回信息 {"status":"ok","msg":"江西-吉安","gid":"458148","time_insert":"2021-07-31 17:01"}
2023-11-12 00:19:21 查询号码 【1937962】，GSD为【"江西-吉安"】

