2023-09-26 09:24:50 开始第 1 次操作

2023-09-26 09:24:50 开始操作号码 【1930000】
2023-09-26 09:24:52 GSD getOne 第 1 次 等待 3 秒
2023-09-26 09:24:55 查询号码 【1930000】，返回信息 {"status":"ok","msg":"-","gid":"399406","time_insert":"2021-07-26 09:18"}
2023-09-26 09:24:55 查询号码 【1930000】，GSD为【"-"】
2023-09-26 09:24:55 ok && -
2023-09-26 09:24:57 CHB 1930000?1695691495 第 1 次 等待 3 秒
2023-09-26 09:25:00 CHB 1930000?1695691495 第 1 次 获取到号码【1930000】GSD
2023-09-26 09:25:00 未获取到号码【1930000】GSD，可能号码格式错误
2023-09-26 09:25:00 获取到号码【1930000】的GSD为【-】
2023-09-26 09:25:05 GSD insert 第 1 次 等待 3 秒
2023-09-26 09:25:08 {"status":"bad","gid":"399406","msg":"添加失败！号码【1930000(-|-)】已存在！"}
2023-09-26 09:25:08 随机等待 97 秒，约 1 分钟
2023-09-26 09:25:08 下次操作: 2023-09-26 09:26:45

2023-09-26 09:26:45 开始第 2 次操作

2023-09-26 09:26:45 开始操作号码 【1930001】
2023-09-26 09:26:50 GSD getOne 第 1 次 等待 3 秒
2023-09-26 09:26:53 查询号码 【1930001】，返回信息 {"status":"ok","msg":"-","gid":"399428","time_insert":"2021-07-26 09:33"}
2023-09-26 09:26:53 查询号码 【1930001】，GSD为【"-"】
2023-09-26 09:26:53 ok && -
2023-09-26 09:26:55 CHB 1930001?1695691613 第 1 次 等待 3 秒
2023-09-26 09:26:58 CHB 1930001?1695691613 第 1 次 获取到号码【1930001】GSD
2023-09-26 09:26:58 未获取到号码【1930001】GSD，可能号码格式错误
2023-09-26 09:26:58 获取到号码【1930001】的GSD为【-】
2023-09-26 09:27:00 GSD insert 第 1 次 等待 3 秒
2023-09-26 09:27:03 {"status":"bad","gid":"399428","msg":"添加失败！号码【1930001(-|-)】已存在！"}
2023-09-26 09:27:03 随机等待 167 秒，约 2 分钟
2023-09-26 09:27:03 下次操作: 2023-09-26 09:29:50

2023-09-26 09:29:50 开始第 3 次操作

2023-09-26 09:29:50 开始操作号码 【1930002】
2023-09-26 09:29:51 GSD getOne 第 1 次 等待 3 秒
2023-09-26 09:29:54 查询号码 【1930002】，返回信息 {"status":"ok","msg":"-","gid":"399470","time_insert":"2021-07-26 09:43"}
2023-09-26 09:29:54 查询号码 【1930002】，GSD为【"-"】
2023-09-26 09:29:54 ok && -
2023-09-26 09:29:56 CHB 1930002?1695691794 第 1 次 等待 3 秒
2023-09-26 09:29:59 CHB 1930002?1695691794 第 1 次 获取到号码【1930002】GSD
2023-09-26 09:29:59 未获取到号码【1930002】GSD，可能号码格式错误
2023-09-26 09:29:59 获取到号码【1930002】的GSD为【-】
2023-09-26 09:30:01 GSD insert 第 1 次 等待 3 秒
2023-09-26 09:30:04 {"status":"bad","gid":"399470","msg":"添加失败！号码【1930002(-|-)】已存在！"}
2023-09-26 09:30:04 随机等待 71 秒，约 1 分钟
2023-09-26 09:30:04 下次操作: 2023-09-26 09:31:15

2023-09-26 09:31:15 开始第 4 次操作

2023-09-26 09:31:15 开始操作号码 【1930003】
2023-09-26 09:31:17 GSD getOne 第 1 次 等待 3 秒
2023-09-26 09:31:20 查询号码 【1930003】，返回信息 {"status":"ok","msg":"-","gid":"399655","time_insert":"2021-07-26 09:55"}
2023-09-26 09:31:20 查询号码 【1930003】，GSD为【"-"】
2023-09-26 09:31:20 ok && -
2023-09-26 09:31:22 CHB 1930003?1695691880 第 1 次 等待 3 秒
2023-09-26 09:31:25 CHB 1930003?1695691880 第 1 次 获取到号码【1930003】GSD
2023-09-26 09:31:25 未获取到号码【1930003】GSD，可能号码格式错误
2023-09-26 09:31:25 获取到号码【1930003】的GSD为【-】
2023-09-26 09:31:26 GSD insert 第 1 次 等待 3 秒
2023-09-26 09:31:29 {"status":"bad","gid":"399655","msg":"添加失败！号码【1930003(-|-)】已存在！"}

