2024-04-10 00:19:08 开始第 2813 次操作

2024-04-10 00:19:08 开始操作号码 【1612732】
2024-04-10 00:19:15 GSD getOne 第 1 次 等待 3 秒
2024-04-10 00:19:18 查询号码 【1612732】，返回信息 {"status":"ok","msg":"-","gid":"567273","time_insert":"2023-03-03 14:33"}
2024-04-10 00:19:18 查询号码 【1612732】，GSD为【"-"】
2024-04-10 00:19:18 ok && -
2024-04-10 00:19:20 CHB 1612732?1712679558 第 1 次 等待 3 秒
2024-04-10 00:19:23 CHB 1612732?1712679558 第 1 次 获取到号码【1612732】GSD
2024-04-10 00:19:23 未获取到号码【1612732】GSD，可能号码格式错误
2024-04-10 00:19:23 获取到号码【1612732】的GSD为【-】
2024-04-10 00:19:30 GSD insert 第 1 次 等待 3 秒
2024-04-10 00:19:33 {"status":"bad","gid":"567273","msg":"添加失败！号码【1612732(-|-)】已存在！"}
2024-04-10 00:19:33 随机等待 72 秒，约 1 分钟
2024-04-10 00:19:33 下次操作: 2024-04-10 00:20:45

2024-04-10 00:20:45 开始第 2814 次操作

2024-04-10 00:20:45 开始操作号码 【1612733】
2024-04-10 00:20:51 GSD getOne 第 1 次 等待 3 秒
2024-04-10 00:20:54 查询号码 【1612733】，返回信息 {"status":"ok","msg":"-","gid":"567293","time_insert":"2023-03-03 14:45"}
2024-04-10 00:20:54 查询号码 【1612733】，GSD为【"-"】
2024-04-10 00:20:54 ok && -
2024-04-10 00:20:56 CHB 1612733?1712679654 第 1 次 等待 3 秒
2024-04-10 00:20:59 CHB 1612733?1712679654 第 1 次 获取到号码【1612733】GSD
2024-04-10 00:20:59 未获取到号码【1612733】GSD，可能号码格式错误
2024-04-10 00:20:59 获取到号码【1612733】的GSD为【-】
2024-04-10 00:21:07 GSD insert 第 1 次 等待 3 秒
2024-04-10 00:21:10 {"status":"bad","gid":"567293","msg":"添加失败！号码【1612733(-|-)】已存在！"}
2024-04-10 00:21:10 随机等待 127 秒，约 2 分钟
2024-04-10 00:21:10 下次操作: 2024-04-10 00:23:17

2024-04-10 00:23:17 开始第 2815 次操作

2024-04-10 00:23:17 开始操作号码 【1612734】
2024-04-10 00:23:22 GSD getOne 第 1 次 等待 3 秒
2024-04-10 00:23:25 查询号码 【1612734】，返回信息 {"status":"ok","msg":"-","gid":"567321","time_insert":"2023-03-03 15:01"}
2024-04-10 00:23:25 查询号码 【1612734】，GSD为【"-"】
2024-04-10 00:23:25 ok && -
2024-04-10 00:23:28 CHB 1612734?1712679805 第 1 次 等待 3 秒
2024-04-10 00:23:31 CHB 1612734?1712679805 第 1 次 获取到号码【1612734】GSD
2024-04-10 00:23:31 未获取到号码【1612734】GSD，可能号码格式错误
2024-04-10 00:23:31 获取到号码【1612734】的GSD为【-】
2024-04-10 00:23:36 GSD insert 第 1 次 等待 3 秒
2024-04-10 00:23:39 {"status":"bad","gid":"567321","msg":"添加失败！号码【1612734(-|-)】已存在！"}
2024-04-10 00:23:39 随机等待 73 秒，约 1 分钟
2024-04-10 00:23:39 下次操作: 2024-04-10 00:24:52

2024-04-10 00:24:52 开始第 2816 次操作

2024-04-10 00:24:52 开始操作号码 【1612735】
2024-04-10 00:24:57 GSD getOne 第 1 次 等待 3 秒
2024-04-10 00:25:00 查询号码 【1612735】，返回信息 {"status":"ok","msg":"-","gid":"567352","time_insert":"2023-03-03 15:22"}
2024-04-10 00:25:00 查询号码 【1612735】，GSD为【"-"】
2024-04-10 00:25:00 ok && -
2024-04-10 00:25:03 CHB 1612735?1712679900 第 1 次 等待 3 秒
2024-04-10 00:25:06 CHB 1612735?1712679900 第 1 次 获取到号码【1612735】GSD
2024-04-10 00:25:06 未获取到号码【1612735】GSD，可能号码格式错误
2024-04-10 00:25:06 获取到号码【1612735】的GSD为【-】
2024-04-10 00:25:11 GSD insert 第 1 次 等待 3 秒
2024-04-10 00:25:14 {"status":"bad","gid":"567352","msg":"添加失败！号码【1612735(-|-)】已存在！"}

