2024-09-01 00:24:46 开始第 2185 次操作

2024-09-01 00:24:46 开始操作号码 【1392184】
2024-09-01 00:24:55 GSD getOne 第 1 次 等待 3 秒
2024-09-01 00:24:58 查询号码 【1392184】，返回信息 {"status":"ok","msg":"江苏-盐城","gid":"94155","time_insert":"2021-06-13 05:21"}
2024-09-01 00:24:58 查询号码 【1392184】，GSD为【"江苏-盐城"】

2024-09-01 00:24:59 开始第 2186 次操作

2024-09-01 00:24:59 开始操作号码 【1392185】
2024-09-01 00:25:07 GSD getOne 第 1 次 等待 3 秒
2024-09-01 00:25:10 查询号码 【1392185】，返回信息 {"status":"ok","msg":"江苏-盐城","gid":"94177","time_insert":"2021-06-13 05:44"}
2024-09-01 00:25:10 查询号码 【1392185】，GSD为【"江苏-盐城"】

2024-09-01 00:25:11 开始第 2187 次操作

2024-09-01 00:25:11 开始操作号码 【1392186】
2024-09-01 00:25:20 GSD getOne 第 1 次 等待 3 秒
2024-09-01 00:25:23 查询号码 【1392186】，返回信息 {"status":"ok","msg":"江苏-盐城","gid":"94195","time_insert":"2021-06-13 05:54"}
2024-09-01 00:25:23 查询号码 【1392186】，GSD为【"江苏-盐城"】

2024-09-01 00:25:24 开始第 2188 次操作

2024-09-01 00:25:24 开始操作号码 【1392187】
2024-09-01 00:25:31 GSD getOne 第 1 次 等待 3 秒
2024-09-01 00:25:34 查询号码 【1392187】，返回信息 {"status":"ok","msg":"江苏-盐城","gid":"94211","time_insert":"2021-06-13 06:11"}
2024-09-01 00:25:34 查询号码 【1392187】，GSD为【"江苏-盐城"】

