2024-04-13 00:19:49 开始第 3349 次操作

2024-04-13 00:19:49 开始操作号码 【1613268】
2024-04-13 00:19:54 GSD getOne 第 1 次 等待 3 秒
2024-04-13 00:19:57 查询号码 【1613268】，返回信息 {"status":"ok","msg":"-","gid":"580174","time_insert":"2023-03-09 18:44"}
2024-04-13 00:19:57 查询号码 【1613268】，GSD为【"-"】
2024-04-13 00:19:57 ok && -
2024-04-13 00:20:00 CHB 1613268?1712938797 第 1 次 等待 3 秒
2024-04-13 00:20:03 CHB 1613268?1712938797 第 1 次 获取到号码【1613268】GSD
2024-04-13 00:20:03 未获取到号码【1613268】GSD，可能号码格式错误
2024-04-13 00:20:03 获取到号码【1613268】的GSD为【-】
2024-04-13 00:20:09 GSD insert 第 1 次 等待 3 秒
2024-04-13 00:20:12 {"status":"bad","gid":"580174","msg":"添加失败！号码【1613268(-|-)】已存在！"}
2024-04-13 00:20:13 随机等待 202 秒，约 3 分钟
2024-04-13 00:20:13 下次操作: 2024-04-13 00:23:35

2024-04-13 00:23:35 开始第 3350 次操作

2024-04-13 00:23:35 开始操作号码 【1613269】
2024-04-13 00:23:39 GSD getOne 第 1 次 等待 3 秒
2024-04-13 00:23:42 查询号码 【1613269】，返回信息 {"status":"ok","msg":"-","gid":"580195","time_insert":"2023-03-09 18:56"}
2024-04-13 00:23:42 查询号码 【1613269】，GSD为【"-"】
2024-04-13 00:23:42 ok && -
2024-04-13 00:23:46 CHB 1613269?1712939022 第 1 次 等待 3 秒
2024-04-13 00:23:49 CHB 1613269?1712939022 第 1 次 获取到号码【1613269】GSD
2024-04-13 00:23:49 未获取到号码【1613269】GSD，可能号码格式错误
2024-04-13 00:23:49 获取到号码【1613269】的GSD为【-】
2024-04-13 00:23:54 GSD insert 第 1 次 等待 3 秒
2024-04-13 00:23:57 {"status":"bad","gid":"580195","msg":"添加失败！号码【1613269(-|-)】已存在！"}
2024-04-13 00:23:57 随机等待 169 秒，约 2 分钟
2024-04-13 00:23:57 下次操作: 2024-04-13 00:26:46

2024-04-13 00:26:46 开始第 3351 次操作

2024-04-13 00:26:46 开始操作号码 【1613270】
2024-04-13 00:26:51 GSD getOne 第 1 次 等待 3 秒
2024-04-13 00:26:54 查询号码 【1613270】，返回信息 {"status":"ok","msg":"-","gid":"580225","time_insert":"2023-03-09 19:16"}
2024-04-13 00:26:54 查询号码 【1613270】，GSD为【"-"】
2024-04-13 00:26:54 ok && -
2024-04-13 00:26:56 CHB 1613270?1712939214 第 1 次 等待 3 秒
2024-04-13 00:26:59 CHB 1613270?1712939214 第 1 次 获取到号码【1613270】GSD
2024-04-13 00:26:59 未获取到号码【1613270】GSD，可能号码格式错误
2024-04-13 00:26:59 获取到号码【1613270】的GSD为【-】
2024-04-13 00:27:04 GSD insert 第 1 次 等待 3 秒
2024-04-13 00:27:07 {"status":"bad","gid":"580225","msg":"添加失败！号码【1613270(-|-)】已存在！"}
2024-04-13 00:27:07 随机等待 164 秒，约 2 分钟
2024-04-13 00:27:07 下次操作: 2024-04-13 00:29:51

2024-04-13 00:29:51 开始第 3352 次操作

2024-04-13 00:29:51 开始操作号码 【1613271】
2024-04-13 00:29:56 GSD getOne 第 1 次 等待 3 秒
2024-04-13 00:29:59 查询号码 【1613271】，返回信息 {"status":"ok","msg":"-","gid":"580246","time_insert":"2023-03-09 19:32"}
2024-04-13 00:29:59 查询号码 【1613271】，GSD为【"-"】
2024-04-13 00:29:59 ok && -
2024-04-13 00:30:02 CHB 1613271?1712939399 第 1 次 等待 3 秒
2024-04-13 00:30:05 CHB 1613271?1712939399 第 1 次 获取到号码【1613271】GSD
2024-04-13 00:30:05 未获取到号码【1613271】GSD，可能号码格式错误
2024-04-13 00:30:05 获取到号码【1613271】的GSD为【-】
2024-04-13 00:30:09 GSD insert 第 1 次 等待 3 秒
2024-04-13 00:30:12 {"status":"bad","gid":"580246","msg":"添加失败！号码【1613271(-|-)】已存在！"}

