2024-12-11 00:09:30 开始第 9581 次操作

2024-12-11 00:09:30 开始操作号码 【1319580】
2024-12-11 00:09:32 GSD getOne 第 1 次 等待 3 秒
2024-12-11 00:09:35 查询号码 【1319580】，返回信息 {"status":"ok","msg":"甘肃-陇南","gid":"202118","time_insert":"2021-07-06 01:22"}
2024-12-11 00:09:35 查询号码 【1319580】，GSD为【"甘肃-陇南"】

2024-12-11 00:09:36 开始第 9582 次操作

2024-12-11 00:09:36 开始操作号码 【1319581】
2024-12-11 00:09:37 GSD getOne 第 1 次 等待 3 秒
2024-12-11 00:09:40 查询号码 【1319581】，返回信息 {"status":"ok","msg":"甘肃-天水","gid":"202115","time_insert":"2021-07-06 01:21"}
2024-12-11 00:09:40 查询号码 【1319581】，GSD为【"甘肃-天水"】

2024-12-11 00:09:41 开始第 9583 次操作

2024-12-11 00:09:41 开始操作号码 【1319582】
2024-12-11 00:09:42 GSD getOne 第 1 次 等待 3 秒
2024-12-11 00:09:45 查询号码 【1319582】，返回信息 {"status":"ok","msg":"甘肃-定西","gid":"202113","time_insert":"2021-07-06 01:20"}
2024-12-11 00:09:45 查询号码 【1319582】，GSD为【"甘肃-定西"】

2024-12-11 00:09:46 开始第 9584 次操作

2024-12-11 00:09:46 开始操作号码 【1319583】
2024-12-11 00:09:47 GSD getOne 第 1 次 等待 3 秒
2024-12-11 00:09:50 查询号码 【1319583】，返回信息 {"status":"ok","msg":"甘肃-兰州","gid":"202110","time_insert":"2021-07-06 01:19"}
2024-12-11 00:09:50 查询号码 【1319583】，GSD为【"甘肃-兰州"】

2024-12-11 00:44:48 开始第 9585 次操作

2024-12-11 00:44:48 开始操作号码 【1319584】
2024-12-11 00:44:49 GSD getOne 第 1 次 等待 3 秒
2024-12-11 00:44:52 查询号码 【1319584】，返回信息 {"status":"ok","msg":"甘肃-庆阳","gid":"202107","time_insert":"2021-07-06 01:18"}
2024-12-11 00:44:52 查询号码 【1319584】，GSD为【"甘肃-庆阳"】

2024-12-11 00:44:53 开始第 9586 次操作

2024-12-11 00:44:53 开始操作号码 【1319585】
2024-12-11 00:44:55 GSD getOne 第 1 次 等待 3 秒
2024-12-11 00:44:58 查询号码 【1319585】，返回信息 {"status":"ok","msg":"甘肃-临夏","gid":"202105","time_insert":"2021-07-06 01:17"}
2024-12-11 00:44:58 查询号码 【1319585】，GSD为【"甘肃-临夏"】

2024-12-11 00:44:59 开始第 9587 次操作

2024-12-11 00:44:59 开始操作号码 【1319586】
2024-12-11 00:45:00 GSD getOne 第 1 次 等待 3 秒
2024-12-11 00:45:03 查询号码 【1319586】，返回信息 {"status":"ok","msg":"甘肃-白银","gid":"202104","time_insert":"2021-07-06 01:16"}
2024-12-11 00:45:03 查询号码 【1319586】，GSD为【"甘肃-白银"】

2024-12-11 00:45:04 开始第 9588 次操作

2024-12-11 00:45:04 开始操作号码 【1319587】
2024-12-11 00:45:06 GSD getOne 第 1 次 等待 3 秒
2024-12-11 00:45:09 查询号码 【1319587】，返回信息 {"status":"ok","msg":"甘肃-平凉","gid":"1766","time_insert":"2017-03-06 21:02","time_update":"2020-12-11 09:29"}
2024-12-11 00:45:09 查询号码 【1319587】，GSD为【"甘肃-平凉"】

