2024-09-18 00:26:27 开始第 5101 次操作

2024-09-18 00:26:27 开始操作号码 【1395100】
2024-09-18 00:26:37 GSD getOne 第 1 次 等待 3 秒
2024-09-18 00:26:40 查询号码 【1395100】，返回信息 {"status":"ok","msg":"江苏-南京","gid":"273199","time_insert":"2021-07-14 10:07"}
2024-09-18 00:26:40 查询号码 【1395100】，GSD为【"江苏-南京"】

2024-09-18 00:26:41 开始第 5102 次操作

2024-09-18 00:26:41 开始操作号码 【1395101】
2024-09-18 00:26:51 GSD getOne 第 1 次 等待 3 秒
2024-09-18 00:26:54 查询号码 【1395101】，返回信息 {"status":"ok","msg":"江苏-南京","gid":"273219","time_insert":"2021-07-14 10:18"}
2024-09-18 00:26:54 查询号码 【1395101】，GSD为【"江苏-南京"】

2024-09-18 00:26:55 开始第 5103 次操作

2024-09-18 00:26:55 开始操作号码 【1395102】
2024-09-18 00:27:05 GSD getOne 第 1 次 等待 3 秒
2024-09-18 00:27:08 查询号码 【1395102】，返回信息 {"status":"ok","msg":"江苏-南京","gid":"273246","time_insert":"2021-07-14 10:33"}
2024-09-18 00:27:08 查询号码 【1395102】，GSD为【"江苏-南京"】

2024-09-18 00:27:09 开始第 5104 次操作

2024-09-18 00:27:09 开始操作号码 【1395103】
2024-09-18 00:27:17 GSD getOne 第 1 次 等待 3 秒
2024-09-18 00:27:20 查询号码 【1395103】，返回信息 {"status":"ok","msg":"江苏-南京","gid":"273296","time_insert":"2021-07-14 10:46"}
2024-09-18 00:27:20 查询号码 【1395103】，GSD为【"江苏-南京"】

