2023-11-30 00:22:24 开始第 545 次操作

2023-11-30 00:22:24 开始操作号码 【1830464】
2023-11-30 00:22:28 GSD getOne 第 1 次 等待 3 秒
2023-11-30 00:22:31 查询号码 【1830464】，返回信息 {"status":"ok","msg":"黑龙江-七台河","gid":"37009","time_insert":"2017-12-07 10:41","time_update":"2020-08-23 03:12"}
2023-11-30 00:22:31 查询号码 【1830464】，GSD为【"黑龙江-七台河"】

2023-11-30 00:22:32 开始第 546 次操作

2023-11-30 00:22:32 开始操作号码 【1830465】
2023-11-30 00:22:37 GSD getOne 第 1 次 等待 3 秒
2023-11-30 00:22:40 查询号码 【1830465】，返回信息 {"status":"ok","msg":"黑龙江-七台河","gid":"278888","time_insert":"2021-07-15 01:16"}
2023-11-30 00:22:40 查询号码 【1830465】，GSD为【"黑龙江-七台河"】

2023-11-30 00:22:41 开始第 547 次操作

2023-11-30 00:22:41 开始操作号码 【1830466】
2023-11-30 00:22:45 GSD getOne 第 1 次 等待 3 秒
2023-11-30 00:22:48 查询号码 【1830466】，返回信息 {"status":"ok","msg":"黑龙江-七台河","gid":"278896","time_insert":"2021-07-15 01:18"}
2023-11-30 00:22:48 查询号码 【1830466】，GSD为【"黑龙江-七台河"】

2023-11-30 00:22:49 开始第 548 次操作

2023-11-30 00:22:49 开始操作号码 【1830467】
2023-11-30 00:22:53 GSD getOne 第 1 次 等待 3 秒
2023-11-30 00:22:56 查询号码 【1830467】，返回信息 {"status":"ok","msg":"黑龙江-鸡西","gid":"279004","time_insert":"2021-07-15 01:43"}
2023-11-30 00:22:56 查询号码 【1830467】，GSD为【"黑龙江-鸡西"】

