2024-01-30 00:19:16 开始第 857 次操作

2024-01-30 00:19:16 开始操作号码 【1720776】
2024-01-30 00:19:25 GSD getOne 第 1 次 等待 3 秒
2024-01-30 00:19:28 查询号码 【1720776】，返回信息 {"status":"ok","msg":"湖南-邵阳","gid":"243931","time_insert":"2021-07-11 01:07"}
2024-01-30 00:19:28 查询号码 【1720776】，GSD为【"湖南-邵阳"】

2024-01-30 00:19:29 开始第 858 次操作

2024-01-30 00:19:29 开始操作号码 【1720777】
2024-01-30 00:19:37 GSD getOne 第 1 次 等待 3 秒
2024-01-30 00:19:40 查询号码 【1720777】，返回信息 {"status":"ok","msg":"湖南-邵阳","gid":"243951","time_insert":"2021-07-11 01:08"}
2024-01-30 00:19:40 查询号码 【1720777】，GSD为【"湖南-邵阳"】

2024-01-30 00:19:41 开始第 859 次操作

2024-01-30 00:19:41 开始操作号码 【1720778】
2024-01-30 00:19:45 GSD getOne 第 1 次 等待 3 秒
2024-01-30 00:19:48 查询号码 【1720778】，返回信息 {"status":"ok","msg":"湖南-邵阳","gid":"243964","time_insert":"2021-07-11 01:09"}
2024-01-30 00:19:48 查询号码 【1720778】，GSD为【"湖南-邵阳"】

2024-01-30 00:19:49 开始第 860 次操作

2024-01-30 00:19:49 开始操作号码 【1720779】
2024-01-30 00:19:54 GSD getOne 第 1 次 等待 3 秒
2024-01-30 00:19:57 查询号码 【1720779】，返回信息 {"status":"ok","msg":"湖南-邵阳","gid":"243978","time_insert":"2021-07-11 01:10"}
2024-01-30 00:19:57 查询号码 【1720779】，GSD为【"湖南-邵阳"】

2024-01-30 00:37:53 开始第 861 次操作

2024-01-30 00:37:53 开始操作号码 【1720780】
2024-01-30 00:37:59 GSD getOne 第 1 次 等待 3 秒
2024-01-30 00:38:02 查询号码 【1720780】，返回信息 {"status":"ok","msg":"湖南-长沙","gid":"243989","time_insert":"2021-07-11 01:10"}
2024-01-30 00:38:02 查询号码 【1720780】，GSD为【"湖南-长沙"】

2024-01-30 00:38:03 开始第 862 次操作

2024-01-30 00:38:03 开始操作号码 【1720781】
2024-01-30 00:38:07 GSD getOne 第 1 次 等待 3 秒
2024-01-30 00:38:10 查询号码 【1720781】，返回信息 {"status":"ok","msg":"湖南-长沙","gid":"244001","time_insert":"2021-07-11 01:11"}
2024-01-30 00:38:10 查询号码 【1720781】，GSD为【"湖南-长沙"】

2024-01-30 00:38:11 开始第 863 次操作

2024-01-30 00:38:11 开始操作号码 【1720782】
2024-01-30 00:38:16 GSD getOne 第 1 次 等待 3 秒
2024-01-30 00:38:19 查询号码 【1720782】，返回信息 {"status":"ok","msg":"湖南-岳阳","gid":"244019","time_insert":"2021-07-11 01:12"}
2024-01-30 00:38:19 查询号码 【1720782】，GSD为【"湖南-岳阳"】

2024-01-30 00:38:20 开始第 864 次操作

2024-01-30 00:38:20 开始操作号码 【1720783】
2024-01-30 00:38:26 GSD getOne 第 1 次 等待 3 秒
2024-01-30 00:38:29 查询号码 【1720783】，返回信息 {"status":"ok","msg":"湖南-岳阳","gid":"244036","time_insert":"2021-07-11 01:13"}
2024-01-30 00:38:29 查询号码 【1720783】，GSD为【"湖南-岳阳"】

