2023-10-24 00:19:30 开始第 4689 次操作

2023-10-24 00:19:30 开始操作号码 【1934607】
2023-10-24 00:19:34 GSD getOne 第 1 次 等待 3 秒
2023-10-24 00:19:37 查询号码 【1934607】，返回信息 {"status":"ok","msg":"-","gid":"509567","time_insert":"2021-08-14 10:16"}
2023-10-24 00:19:37 查询号码 【1934607】，GSD为【"-"】
2023-10-24 00:19:37 ok && -
2023-10-24 00:19:39 CHB 1934607?1698077977 第 1 次 等待 3 秒
2023-10-24 00:19:42 CHB 1934607?1698077977 第 1 次 获取到号码【1934607】GSD
2023-10-24 00:19:42 未获取到号码【1934607】GSD，可能号码格式错误
2023-10-24 00:19:42 获取到号码【1934607】的GSD为【-】
2023-10-24 00:19:45 GSD insert 第 1 次 等待 3 秒
2023-10-24 00:19:48 {"status":"bad","gid":"509567","msg":"添加失败！号码【1934607(-|-)】已存在！"}
2023-10-24 00:19:48 随机等待 139 秒，约 2 分钟
2023-10-24 00:19:48 下次操作: 2023-10-24 00:22:07

2023-10-24 00:22:07 开始第 4690 次操作

2023-10-24 00:22:07 开始操作号码 【1934608】
2023-10-24 00:22:11 GSD getOne 第 1 次 等待 3 秒
2023-10-24 00:22:14 查询号码 【1934608】，返回信息 {"status":"ok","msg":"-","gid":"509586","time_insert":"2021-08-14 10:29"}
2023-10-24 00:22:14 查询号码 【1934608】，GSD为【"-"】
2023-10-24 00:22:14 ok && -
2023-10-24 00:22:20 CHB 1934608?1698078134 第 1 次 等待 3 秒
2023-10-24 00:22:23 CHB 1934608?1698078134 第 1 次 获取到号码【1934608】GSD
2023-10-24 00:22:23 未获取到号码【1934608】GSD，可能号码格式错误
2023-10-24 00:22:23 获取到号码【1934608】的GSD为【-】
2023-10-24 00:22:29 GSD insert 第 1 次 等待 3 秒
2023-10-24 00:22:32 {"status":"bad","gid":"509586","msg":"添加失败！号码【1934608(-|-)】已存在！"}
2023-10-24 00:22:32 随机等待 119 秒，约 1 分钟
2023-10-24 00:22:32 下次操作: 2023-10-24 00:24:31

2023-10-24 00:24:31 开始第 4691 次操作

2023-10-24 00:24:31 开始操作号码 【1934609】
2023-10-24 00:24:37 GSD getOne 第 1 次 等待 3 秒
2023-10-24 00:24:40 查询号码 【1934609】，返回信息 {"status":"ok","msg":"-","gid":"509607","time_insert":"2021-08-14 10:44"}
2023-10-24 00:24:40 查询号码 【1934609】，GSD为【"-"】
2023-10-24 00:24:40 ok && -
2023-10-24 00:24:42 CHB 1934609?1698078280 第 1 次 等待 3 秒
2023-10-24 00:24:45 CHB 1934609?1698078280 第 1 次 获取到号码【1934609】GSD
2023-10-24 00:24:45 未获取到号码【1934609】GSD，可能号码格式错误
2023-10-24 00:24:45 获取到号码【1934609】的GSD为【-】
2023-10-24 00:25:33 GSD insert 第 1 次 等待 3 秒
2023-10-24 00:25:36 {"status":"bad","gid":"509607","msg":"添加失败！号码【1934609(-|-)】已存在！"}
2023-10-24 00:25:36 随机等待 122 秒，约 2 分钟
2023-10-24 00:25:36 下次操作: 2023-10-24 00:27:38

2023-10-24 00:27:38 开始第 4692 次操作

2023-10-24 00:27:38 开始操作号码 【1934610】
2023-10-24 00:27:41 GSD getOne 第 1 次 等待 3 秒
2023-10-24 00:27:44 查询号码 【1934610】，返回信息 {"status":"ok","msg":"-","gid":"509627","time_insert":"2021-08-14 10:58"}
2023-10-24 00:27:44 查询号码 【1934610】，GSD为【"-"】
2023-10-24 00:27:44 ok && -
2023-10-24 00:27:46 CHB 1934610?1698078464 第 1 次 等待 3 秒
2023-10-24 00:27:49 CHB 1934610?1698078464 第 1 次 获取到号码【1934610】GSD
2023-10-24 00:27:49 未获取到号码【1934610】GSD，可能号码格式错误
2023-10-24 00:27:49 获取到号码【1934610】的GSD为【-】
2023-10-24 00:27:53 GSD insert 第 1 次 等待 3 秒
2023-10-24 00:27:56 {"status":"bad","gid":"509627","msg":"添加失败！号码【1934610(-|-)】已存在！"}

