2024-11-16 00:08:43 开始第 5217 次操作

2024-11-16 00:08:43 开始操作号码 【1315216】
2024-11-16 00:08:44 GSD getOne 第 1 次 等待 3 秒
2024-11-16 00:08:47 查询号码 【1315216】，返回信息 {"status":"ok","msg":"陕西-西安","gid":"245967","time_insert":"2021-07-11 06:30"}
2024-11-16 00:08:48 查询号码 【1315216】，GSD为【"陕西-西安"】

2024-11-16 00:08:49 开始第 5218 次操作

2024-11-16 00:08:49 开始操作号码 【1315217】
2024-11-16 00:08:50 GSD getOne 第 1 次 等待 3 秒
2024-11-16 00:08:53 查询号码 【1315217】，返回信息 {"status":"ok","msg":"陕西-西安","gid":"246113","time_insert":"2021-07-11 06:44"}
2024-11-16 00:08:53 查询号码 【1315217】，GSD为【"陕西-西安"】

2024-11-16 00:08:54 开始第 5219 次操作

2024-11-16 00:08:54 开始操作号码 【1315218】
2024-11-16 00:08:56 GSD getOne 第 1 次 等待 3 秒
2024-11-16 00:08:59 查询号码 【1315218】，返回信息 {"status":"ok","msg":"陕西-西安","gid":"246266","time_insert":"2021-07-11 06:54"}
2024-11-16 00:08:59 查询号码 【1315218】，GSD为【"陕西-西安"】

2024-11-16 00:09:00 开始第 5220 次操作

2024-11-16 00:09:00 开始操作号码 【1315219】
2024-11-16 00:09:02 GSD getOne 第 1 次 等待 3 秒
2024-11-16 00:09:05 查询号码 【1315219】，返回信息 {"status":"ok","msg":"陕西-西安","gid":"246308","time_insert":"2021-07-11 07:07"}
2024-11-16 00:09:05 查询号码 【1315219】，GSD为【"陕西-西安"】

2024-11-16 00:42:11 开始第 5221 次操作

2024-11-16 00:42:11 开始操作号码 【1315220】
2024-11-16 00:42:12 GSD getOne 第 1 次 等待 3 秒
2024-11-16 00:42:15 查询号码 【1315220】，返回信息 {"status":"ok","msg":"陕西-宝鸡","gid":"246332","time_insert":"2021-07-11 07:21"}
2024-11-16 00:42:15 查询号码 【1315220】，GSD为【"陕西-宝鸡"】

2024-11-16 00:42:16 开始第 5222 次操作

2024-11-16 00:42:16 开始操作号码 【1315221】
2024-11-16 00:42:17 GSD getOne 第 1 次 等待 3 秒
2024-11-16 00:42:20 查询号码 【1315221】，返回信息 {"status":"ok","msg":"陕西-宝鸡","gid":"246358","time_insert":"2021-07-11 07:33"}
2024-11-16 00:42:20 查询号码 【1315221】，GSD为【"陕西-宝鸡"】

2024-11-16 00:42:21 开始第 5223 次操作

2024-11-16 00:42:21 开始操作号码 【1315222】
2024-11-16 00:42:22 GSD getOne 第 1 次 等待 3 秒
2024-11-16 00:42:25 查询号码 【1315222】，返回信息 {"status":"ok","msg":"陕西-宝鸡","gid":"246527","time_insert":"2021-07-11 07:45"}
2024-11-16 00:42:25 查询号码 【1315222】，GSD为【"陕西-宝鸡"】

2024-11-16 00:42:26 开始第 5224 次操作

2024-11-16 00:42:26 开始操作号码 【1315223】
2024-11-16 00:42:27 GSD getOne 第 1 次 等待 3 秒
2024-11-16 00:42:30 查询号码 【1315223】，返回信息 {"status":"ok","msg":"陕西-宝鸡","gid":"246669","time_insert":"2021-07-11 07:56"}
2024-11-16 00:42:31 查询号码 【1315223】，GSD为【"陕西-宝鸡"】

