2024-04-05 00:19:56 开始第 1929 次操作

2024-04-05 00:19:56 开始操作号码 【1611849】
2024-04-05 00:20:02 GSD getOne 第 1 次 等待 3 秒
2024-04-05 00:20:05 查询号码 【1611849】，返回信息 {"status":"ok","msg":"-","gid":"548320","time_insert":"2023-02-23 01:04"}
2024-04-05 00:20:05 查询号码 【1611849】，GSD为【"-"】
2024-04-05 00:20:05 ok && -
2024-04-05 00:20:07 CHB 1611849?1712247605 第 1 次 等待 3 秒
2024-04-05 00:20:10 CHB 1611849?1712247605 第 1 次 获取到号码【1611849】GSD
2024-04-05 00:20:10 未获取到号码【1611849】GSD，可能号码格式错误
2024-04-05 00:20:10 获取到号码【1611849】的GSD为【-】
2024-04-05 00:20:16 GSD insert 第 1 次 等待 3 秒
2024-04-05 00:20:19 {"status":"bad","gid":"548320","msg":"添加失败！号码【1611849(-|-)】已存在！"}
2024-04-05 00:20:19 随机等待 169 秒，约 2 分钟
2024-04-05 00:20:19 下次操作: 2024-04-05 00:23:08

2024-04-05 00:23:08 开始第 1930 次操作

2024-04-05 00:23:08 开始操作号码 【1611850】
2024-04-05 00:23:13 GSD getOne 第 1 次 等待 3 秒
2024-04-05 00:23:16 查询号码 【1611850】，返回信息 {"status":"ok","msg":"-","gid":"548344","time_insert":"2023-02-23 01:21"}
2024-04-05 00:23:16 查询号码 【1611850】，GSD为【"-"】
2024-04-05 00:23:16 ok && -
2024-04-05 00:23:24 CHB 1611850?1712247796 第 1 次 等待 3 秒
2024-04-05 00:23:27 CHB 1611850?1712247796 第 1 次 获取到号码【1611850】GSD
2024-04-05 00:23:27 未获取到号码【1611850】GSD，可能号码格式错误
2024-04-05 00:23:27 获取到号码【1611850】的GSD为【-】
2024-04-05 00:23:31 GSD insert 第 1 次 等待 3 秒
2024-04-05 00:23:34 {"status":"bad","gid":"548344","msg":"添加失败！号码【1611850(-|-)】已存在！"}
2024-04-05 00:23:34 随机等待 116 秒，约 1 分钟
2024-04-05 00:23:34 下次操作: 2024-04-05 00:25:30

2024-04-05 00:25:30 开始第 1931 次操作

2024-04-05 00:25:30 开始操作号码 【1611851】
2024-04-05 00:25:35 GSD getOne 第 1 次 等待 3 秒
2024-04-05 00:25:38 查询号码 【1611851】，返回信息 {"status":"ok","msg":"-","gid":"548373","time_insert":"2023-02-23 01:38"}
2024-04-05 00:25:38 查询号码 【1611851】，GSD为【"-"】
2024-04-05 00:25:38 ok && -
2024-04-05 00:25:40 CHB 1611851?1712247938 第 1 次 等待 3 秒
2024-04-05 00:25:43 CHB 1611851?1712247938 第 1 次 获取到号码【1611851】GSD
2024-04-05 00:25:43 未获取到号码【1611851】GSD，可能号码格式错误
2024-04-05 00:25:43 获取到号码【1611851】的GSD为【-】
2024-04-05 00:25:47 GSD insert 第 1 次 等待 3 秒
2024-04-05 00:25:50 {"status":"bad","gid":"548373","msg":"添加失败！号码【1611851(-|-)】已存在！"}
2024-04-05 00:25:50 随机等待 79 秒，约 1 分钟
2024-04-05 00:25:50 下次操作: 2024-04-05 00:27:09

2024-04-05 00:27:09 开始第 1932 次操作

2024-04-05 00:27:09 开始操作号码 【1611852】
2024-04-05 00:27:14 GSD getOne 第 1 次 等待 3 秒
2024-04-05 00:27:17 查询号码 【1611852】，返回信息 {"status":"ok","msg":"-","gid":"548405","time_insert":"2023-02-23 01:55"}
2024-04-05 00:27:17 查询号码 【1611852】，GSD为【"-"】
2024-04-05 00:27:17 ok && -
2024-04-05 00:27:19 CHB 1611852?1712248037 第 1 次 等待 3 秒
2024-04-05 00:27:22 CHB 1611852?1712248037 第 1 次 获取到号码【1611852】GSD
2024-04-05 00:27:22 未获取到号码【1611852】GSD，可能号码格式错误
2024-04-05 00:27:22 获取到号码【1611852】的GSD为【-】
2024-04-05 00:27:27 GSD insert 第 1 次 等待 3 秒
2024-04-05 00:27:30 {"status":"bad","gid":"548405","msg":"添加失败！号码【1611852(-|-)】已存在！"}

2024-04-05 00:38:48 开始第 1933 次操作

2024-04-05 00:38:48 开始操作号码 【1611853】
2024-04-05 00:38:53 GSD getOne 第 1 次 等待 3 秒
2024-04-05 00:38:56 查询号码 【1611853】，返回信息 {"status":"ok","msg":"-","gid":"548429","time_insert":"2023-02-23 02:10"}
2024-04-05 00:38:56 查询号码 【1611853】，GSD为【"-"】
2024-04-05 00:38:56 ok && -
2024-04-05 00:38:58 CHB 1611853?1712248736 第 1 次 等待 3 秒
2024-04-05 00:39:01 CHB 1611853?1712248736 第 1 次 获取到号码【1611853】GSD
2024-04-05 00:39:02 未获取到号码【1611853】GSD，可能号码格式错误
2024-04-05 00:39:02 获取到号码【1611853】的GSD为【-】
2024-04-05 00:39:09 GSD insert 第 1 次 等待 3 秒
2024-04-05 00:39:12 {"status":"bad","gid":"548429","msg":"添加失败！号码【1611853(-|-)】已存在！"}
2024-04-05 00:39:12 随机等待 112 秒，约 1 分钟
2024-04-05 00:39:12 下次操作: 2024-04-05 00:41:04

2024-04-05 00:41:04 开始第 1934 次操作

2024-04-05 00:41:04 开始操作号码 【1611854】
2024-04-05 00:41:09 GSD getOne 第 1 次 等待 3 秒
2024-04-05 00:41:12 查询号码 【1611854】，返回信息 {"status":"ok","msg":"-","gid":"548453","time_insert":"2023-02-23 02:28"}
2024-04-05 00:41:12 查询号码 【1611854】，GSD为【"-"】
2024-04-05 00:41:12 ok && -
2024-04-05 00:41:15 CHB 1611854?1712248872 第 1 次 等待 3 秒
2024-04-05 00:41:18 CHB 1611854?1712248872 第 1 次 获取到号码【1611854】GSD
2024-04-05 00:41:18 未获取到号码【1611854】GSD，可能号码格式错误
2024-04-05 00:41:18 获取到号码【1611854】的GSD为【-】
2024-04-05 00:41:22 GSD insert 第 1 次 等待 3 秒
2024-04-05 00:41:25 {"status":"bad","gid":"548453","msg":"添加失败！号码【1611854(-|-)】已存在！"}
2024-04-05 00:41:25 随机等待 179 秒，约 2 分钟
2024-04-05 00:41:25 下次操作: 2024-04-05 00:44:24

2024-04-05 00:44:24 开始第 1935 次操作

2024-04-05 00:44:24 开始操作号码 【1611855】
2024-04-05 00:44:29 GSD getOne 第 1 次 等待 3 秒
2024-04-05 00:44:32 查询号码 【1611855】，返回信息 {"status":"ok","msg":"-","gid":"548477","time_insert":"2023-02-23 02:44"}
2024-04-05 00:44:32 查询号码 【1611855】，GSD为【"-"】
2024-04-05 00:44:32 ok && -
2024-04-05 00:44:34 CHB 1611855?1712249072 第 1 次 等待 3 秒
2024-04-05 00:44:37 CHB 1611855?1712249072 第 1 次 获取到号码【1611855】GSD
2024-04-05 00:44:37 未获取到号码【1611855】GSD，可能号码格式错误
2024-04-05 00:44:37 获取到号码【1611855】的GSD为【-】
2024-04-05 00:44:42 GSD insert 第 1 次 等待 3 秒
2024-04-05 00:44:45 {"status":"bad","gid":"548477","msg":"添加失败！号码【1611855(-|-)】已存在！"}
2024-04-05 00:44:45 随机等待 110 秒，约 1 分钟
2024-04-05 00:44:45 下次操作: 2024-04-05 00:46:35

2024-04-05 00:46:35 开始第 1936 次操作

2024-04-05 00:46:35 开始操作号码 【1611856】
2024-04-05 00:46:40 GSD getOne 第 1 次 等待 3 秒
2024-04-05 00:46:43 查询号码 【1611856】，返回信息 {"status":"ok","msg":"-","gid":"548501","time_insert":"2023-02-23 02:55"}
2024-04-05 00:46:43 查询号码 【1611856】，GSD为【"-"】
2024-04-05 00:46:43 ok && -
2024-04-05 00:46:45 CHB 1611856?1712249203 第 1 次 等待 3 秒
2024-04-05 00:46:48 CHB 1611856?1712249203 第 1 次 获取到号码【1611856】GSD
2024-04-05 00:46:48 未获取到号码【1611856】GSD，可能号码格式错误
2024-04-05 00:46:48 获取到号码【1611856】的GSD为【-】
2024-04-05 00:46:53 GSD insert 第 1 次 等待 3 秒
2024-04-05 00:46:56 {"status":"bad","gid":"548501","msg":"添加失败！号码【1611856(-|-)】已存在！"}

2024-04-05 01:13:36 开始第 1937 次操作

2024-04-05 01:13:36 开始操作号码 【1611857】
2024-04-05 01:13:42 GSD getOne 第 1 次 等待 3 秒
2024-04-05 01:13:45 查询号码 【1611857】，返回信息 {"status":"ok","msg":"-","gid":"548524","time_insert":"2023-02-23 03:11"}
2024-04-05 01:13:45 查询号码 【1611857】，GSD为【"-"】
2024-04-05 01:13:45 ok && -
2024-04-05 01:13:48 CHB 1611857?1712250825 第 1 次 等待 3 秒
2024-04-05 01:13:51 CHB 1611857?1712250825 第 1 次 获取到号码【1611857】GSD
2024-04-05 01:13:52 未获取到号码【1611857】GSD，可能号码格式错误
2024-04-05 01:13:52 获取到号码【1611857】的GSD为【-】
2024-04-05 01:13:57 GSD insert 第 1 次 等待 3 秒
2024-04-05 01:14:00 {"status":"bad","gid":"548524","msg":"添加失败！号码【1611857(-|-)】已存在！"}
2024-04-05 01:14:00 随机等待 202 秒，约 3 分钟
2024-04-05 01:14:00 下次操作: 2024-04-05 01:17:22

2024-04-05 01:17:22 开始第 1938 次操作

2024-04-05 01:17:22 开始操作号码 【1611858】
2024-04-05 01:17:28 GSD getOne 第 1 次 等待 3 秒
2024-04-05 01:17:31 查询号码 【1611858】，返回信息 {"status":"ok","msg":"-","gid":"548548","time_insert":"2023-02-23 03:25"}
2024-04-05 01:17:31 查询号码 【1611858】，GSD为【"-"】
2024-04-05 01:17:31 ok && -
2024-04-05 01:17:34 CHB 1611858?1712251051 第 1 次 等待 3 秒
2024-04-05 01:17:37 CHB 1611858?1712251051 第 1 次 获取到号码【1611858】GSD
2024-04-05 01:17:37 未获取到号码【1611858】GSD，可能号码格式错误
2024-04-05 01:17:37 获取到号码【1611858】的GSD为【-】
2024-04-05 01:17:43 GSD insert 第 1 次 等待 3 秒
2024-04-05 01:17:46 {"status":"bad","gid":"548548","msg":"添加失败！号码【1611858(-|-)】已存在！"}
2024-04-05 01:17:46 随机等待 149 秒，约 2 分钟
2024-04-05 01:17:46 下次操作: 2024-04-05 01:20:15

2024-04-05 01:20:15 开始第 1939 次操作

2024-04-05 01:20:15 开始操作号码 【1611859】
2024-04-05 01:20:21 GSD getOne 第 1 次 等待 3 秒
2024-04-05 01:20:24 查询号码 【1611859】，返回信息 {"status":"ok","msg":"-","gid":"548574","time_insert":"2023-02-23 03:38"}
2024-04-05 01:20:24 查询号码 【1611859】，GSD为【"-"】
2024-04-05 01:20:24 ok && -
2024-04-05 01:20:26 CHB 1611859?1712251224 第 1 次 等待 3 秒
2024-04-05 01:20:29 CHB 1611859?1712251224 第 1 次 获取到号码【1611859】GSD
2024-04-05 01:20:29 未获取到号码【1611859】GSD，可能号码格式错误
2024-04-05 01:20:29 获取到号码【1611859】的GSD为【-】
2024-04-05 01:20:35 GSD insert 第 1 次 等待 3 秒
2024-04-05 01:20:38 {"status":"bad","gid":"548574","msg":"添加失败！号码【1611859(-|-)】已存在！"}
2024-04-05 01:20:38 随机等待 226 秒，约 3 分钟
2024-04-05 01:20:38 下次操作: 2024-04-05 01:24:24

2024-04-05 01:24:24 开始第 1940 次操作

2024-04-05 01:24:24 开始操作号码 【1611860】
2024-04-05 01:24:30 GSD getOne 第 1 次 等待 3 秒
2024-04-05 01:24:33 查询号码 【1611860】，返回信息 {"status":"ok","msg":"-","gid":"548599","time_insert":"2023-02-23 03:52"}
2024-04-05 01:24:33 查询号码 【1611860】，GSD为【"-"】
2024-04-05 01:24:33 ok && -
2024-04-05 01:24:35 CHB 1611860?1712251473 第 1 次 等待 3 秒
2024-04-05 01:24:38 CHB 1611860?1712251473 第 1 次 获取到号码【1611860】GSD
2024-04-05 01:24:38 未获取到号码【1611860】GSD，可能号码格式错误
2024-04-05 01:24:38 获取到号码【1611860】的GSD为【-】
2024-04-05 01:24:47 GSD insert 第 1 次 等待 3 秒
2024-04-05 01:24:50 {"status":"bad","gid":"548599","msg":"添加失败！号码【1611860(-|-)】已存在！"}

2024-04-05 01:37:16 开始第 1941 次操作

2024-04-05 01:37:16 开始操作号码 【1611861】
2024-04-05 01:37:23 GSD getOne 第 1 次 等待 3 秒
2024-04-05 01:37:26 查询号码 【1611861】，返回信息 {"status":"ok","msg":"-","gid":"548616","time_insert":"2023-02-23 04:02"}
2024-04-05 01:37:26 查询号码 【1611861】，GSD为【"-"】
2024-04-05 01:37:26 ok && -
2024-04-05 01:37:28 CHB 1611861?1712252246 第 1 次 等待 3 秒
2024-04-05 01:37:31 CHB 1611861?1712252246 第 1 次 获取到号码【1611861】GSD
2024-04-05 01:37:31 未获取到号码【1611861】GSD，可能号码格式错误
2024-04-05 01:37:31 获取到号码【1611861】的GSD为【-】
2024-04-05 01:37:37 GSD insert 第 1 次 等待 3 秒
2024-04-05 01:37:40 {"status":"bad","gid":"548616","msg":"添加失败！号码【1611861(-|-)】已存在！"}
2024-04-05 01:37:40 随机等待 194 秒，约 3 分钟
2024-04-05 01:37:40 下次操作: 2024-04-05 01:40:54

2024-04-05 01:40:54 开始第 1942 次操作

2024-04-05 01:40:54 开始操作号码 【1611862】
2024-04-05 01:40:59 GSD getOne 第 1 次 等待 3 秒
2024-04-05 01:41:02 查询号码 【1611862】，返回信息 {"status":"ok","msg":"-","gid":"548630","time_insert":"2023-02-23 04:13"}
2024-04-05 01:41:02 查询号码 【1611862】，GSD为【"-"】
2024-04-05 01:41:02 ok && -
2024-04-05 01:41:04 CHB 1611862?1712252462 第 1 次 等待 3 秒
2024-04-05 01:41:07 CHB 1611862?1712252462 第 1 次 获取到号码【1611862】GSD
2024-04-05 01:41:08 未获取到号码【1611862】GSD，可能号码格式错误
2024-04-05 01:41:08 获取到号码【1611862】的GSD为【-】
2024-04-05 01:41:13 GSD insert 第 1 次 等待 3 秒
2024-04-05 01:41:16 {"status":"bad","gid":"548630","msg":"添加失败！号码【1611862(-|-)】已存在！"}
2024-04-05 01:41:16 随机等待 174 秒，约 2 分钟
2024-04-05 01:41:16 下次操作: 2024-04-05 01:44:10

2024-04-05 01:44:10 开始第 1943 次操作

2024-04-05 01:44:10 开始操作号码 【1611863】
2024-04-05 01:44:18 GSD getOne 第 1 次 等待 3 秒
2024-04-05 01:44:21 查询号码 【1611863】，返回信息 {"status":"ok","msg":"-","gid":"548649","time_insert":"2023-02-23 04:26"}
2024-04-05 01:44:21 查询号码 【1611863】，GSD为【"-"】
2024-04-05 01:44:21 ok && -
2024-04-05 01:44:27 CHB 1611863?1712252661 第 1 次 等待 3 秒
2024-04-05 01:44:30 CHB 1611863?1712252661 第 1 次 获取到号码【1611863】GSD
2024-04-05 01:44:31 未获取到号码【1611863】GSD，可能号码格式错误
2024-04-05 01:44:31 获取到号码【1611863】的GSD为【-】
2024-04-05 01:44:35 GSD insert 第 1 次 等待 3 秒
2024-04-05 01:44:38 {"status":"bad","gid":"548649","msg":"添加失败！号码【1611863(-|-)】已存在！"}
2024-04-05 01:44:38 随机等待 194 秒，约 3 分钟
2024-04-05 01:44:38 下次操作: 2024-04-05 01:47:52

2024-04-05 01:47:52 开始第 1944 次操作

2024-04-05 01:47:52 开始操作号码 【1611864】
2024-04-05 01:47:58 GSD getOne 第 1 次 等待 3 秒
2024-04-05 01:48:01 查询号码 【1611864】，返回信息 {"status":"ok","msg":"-","gid":"548681","time_insert":"2023-02-23 04:43"}
2024-04-05 01:48:01 查询号码 【1611864】，GSD为【"-"】
2024-04-05 01:48:01 ok && -
2024-04-05 01:48:03 CHB 1611864?1712252881 第 1 次 等待 3 秒
2024-04-05 01:48:06 CHB 1611864?1712252881 第 1 次 获取到号码【1611864】GSD
2024-04-05 01:48:06 未获取到号码【1611864】GSD，可能号码格式错误
2024-04-05 01:48:06 获取到号码【1611864】的GSD为【-】
2024-04-05 01:48:11 GSD insert 第 1 次 等待 3 秒
2024-04-05 01:48:14 {"status":"bad","gid":"548681","msg":"添加失败！号码【1611864(-|-)】已存在！"}

2024-04-05 02:20:44 开始第 1945 次操作

2024-04-05 02:20:44 开始操作号码 【1611865】
2024-04-05 02:20:49 GSD getOne 第 1 次 等待 3 秒
2024-04-05 02:20:52 查询号码 【1611865】，返回信息 {"status":"ok","msg":"-","gid":"548707","time_insert":"2023-02-23 04:56"}
2024-04-05 02:20:52 查询号码 【1611865】，GSD为【"-"】
2024-04-05 02:20:52 ok && -
2024-04-05 02:20:55 CHB 1611865?1712254852 第 1 次 等待 3 秒
2024-04-05 02:20:58 CHB 1611865?1712254852 第 1 次 获取到号码【1611865】GSD
2024-04-05 02:20:58 未获取到号码【1611865】GSD，可能号码格式错误
2024-04-05 02:20:58 获取到号码【1611865】的GSD为【-】
2024-04-05 02:21:04 GSD insert 第 1 次 等待 3 秒
2024-04-05 02:21:07 {"status":"bad","gid":"548707","msg":"添加失败！号码【1611865(-|-)】已存在！"}
2024-04-05 02:21:07 随机等待 132 秒，约 2 分钟
2024-04-05 02:21:07 下次操作: 2024-04-05 02:23:19

2024-04-05 02:23:19 开始第 1946 次操作

2024-04-05 02:23:19 开始操作号码 【1611866】
2024-04-05 02:23:24 GSD getOne 第 1 次 等待 3 秒
2024-04-05 02:23:27 查询号码 【1611866】，返回信息 {"status":"ok","msg":"-","gid":"548727","time_insert":"2023-02-23 05:08"}
2024-04-05 02:23:27 查询号码 【1611866】，GSD为【"-"】
2024-04-05 02:23:27 ok && -
2024-04-05 02:23:29 CHB 1611866?1712255007 第 1 次 等待 3 秒
2024-04-05 02:23:32 CHB 1611866?1712255007 第 1 次 获取到号码【1611866】GSD
2024-04-05 02:23:32 未获取到号码【1611866】GSD，可能号码格式错误
2024-04-05 02:23:32 获取到号码【1611866】的GSD为【-】
2024-04-05 02:23:37 GSD insert 第 1 次 等待 3 秒
2024-04-05 02:23:40 {"status":"bad","gid":"548727","msg":"添加失败！号码【1611866(-|-)】已存在！"}
2024-04-05 02:23:40 随机等待 159 秒，约 2 分钟
2024-04-05 02:23:40 下次操作: 2024-04-05 02:26:19

2024-04-05 02:26:19 开始第 1947 次操作

2024-04-05 02:26:19 开始操作号码 【1611867】
2024-04-05 02:26:24 GSD getOne 第 1 次 等待 3 秒
2024-04-05 02:26:27 查询号码 【1611867】，返回信息 {"status":"ok","msg":"-","gid":"548752","time_insert":"2023-02-23 05:24"}
2024-04-05 02:26:27 查询号码 【1611867】，GSD为【"-"】
2024-04-05 02:26:27 ok && -
2024-04-05 02:26:30 CHB 1611867?1712255187 第 1 次 等待 3 秒
2024-04-05 02:26:33 CHB 1611867?1712255187 第 1 次 获取到号码【1611867】GSD
2024-04-05 02:26:33 未获取到号码【1611867】GSD，可能号码格式错误
2024-04-05 02:26:33 获取到号码【1611867】的GSD为【-】
2024-04-05 02:26:38 GSD insert 第 1 次 等待 3 秒
2024-04-05 02:26:41 {"status":"bad","gid":"548752","msg":"添加失败！号码【1611867(-|-)】已存在！"}
2024-04-05 02:26:41 随机等待 226 秒，约 3 分钟
2024-04-05 02:26:41 下次操作: 2024-04-05 02:30:27

2024-04-05 02:30:27 开始第 1948 次操作

2024-04-05 02:30:27 开始操作号码 【1611868】
2024-04-05 02:30:31 GSD getOne 第 1 次 等待 3 秒
2024-04-05 02:30:34 查询号码 【1611868】，返回信息 {"status":"ok","msg":"-","gid":"548769","time_insert":"2023-02-23 05:35"}
2024-04-05 02:30:35 查询号码 【1611868】，GSD为【"-"】
2024-04-05 02:30:35 ok && -
2024-04-05 02:30:37 CHB 1611868?1712255435 第 1 次 等待 3 秒
2024-04-05 02:30:40 CHB 1611868?1712255435 第 1 次 获取到号码【1611868】GSD
2024-04-05 02:30:40 未获取到号码【1611868】GSD，可能号码格式错误
2024-04-05 02:30:40 获取到号码【1611868】的GSD为【-】
2024-04-05 02:30:44 GSD insert 第 1 次 等待 3 秒
2024-04-05 02:30:47 {"status":"bad","gid":"548769","msg":"添加失败！号码【1611868(-|-)】已存在！"}

2024-04-05 02:37:24 开始第 1949 次操作

2024-04-05 02:37:24 开始操作号码 【1611869】
2024-04-05 02:37:29 GSD getOne 第 1 次 等待 3 秒
2024-04-05 02:37:32 查询号码 【1611869】，返回信息 {"status":"ok","msg":"-","gid":"548793","time_insert":"2023-02-23 05:47"}
2024-04-05 02:37:32 查询号码 【1611869】，GSD为【"-"】
2024-04-05 02:37:32 ok && -
2024-04-05 02:37:34 CHB 1611869?1712255852 第 1 次 等待 3 秒
2024-04-05 02:37:37 CHB 1611869?1712255852 第 1 次 获取到号码【1611869】GSD
2024-04-05 02:37:38 未获取到号码【1611869】GSD，可能号码格式错误
2024-04-05 02:37:38 获取到号码【1611869】的GSD为【-】
2024-04-05 02:37:42 GSD insert 第 1 次 等待 3 秒
2024-04-05 02:37:45 {"status":"bad","gid":"548793","msg":"添加失败！号码【1611869(-|-)】已存在！"}
2024-04-05 02:37:45 随机等待 104 秒，约 1 分钟
2024-04-05 02:37:45 下次操作: 2024-04-05 02:39:29

2024-04-05 02:39:29 开始第 1950 次操作

2024-04-05 02:39:29 开始操作号码 【1611870】
2024-04-05 02:39:35 GSD getOne 第 1 次 等待 3 秒
2024-04-05 02:39:38 查询号码 【1611870】，返回信息 {"status":"ok","msg":"-","gid":"548809","time_insert":"2023-02-23 05:56"}
2024-04-05 02:39:38 查询号码 【1611870】，GSD为【"-"】
2024-04-05 02:39:38 ok && -
2024-04-05 02:39:40 CHB 1611870?1712255978 第 1 次 等待 3 秒
2024-04-05 02:39:43 CHB 1611870?1712255978 第 1 次 获取到号码【1611870】GSD
2024-04-05 02:39:43 未获取到号码【1611870】GSD，可能号码格式错误
2024-04-05 02:39:43 获取到号码【1611870】的GSD为【-】
2024-04-05 02:39:49 GSD insert 第 1 次 等待 3 秒
2024-04-05 02:39:52 {"status":"bad","gid":"548809","msg":"添加失败！号码【1611870(-|-)】已存在！"}
2024-04-05 02:39:52 随机等待 147 秒，约 2 分钟
2024-04-05 02:39:52 下次操作: 2024-04-05 02:42:19

2024-04-05 02:42:19 开始第 1951 次操作

2024-04-05 02:42:19 开始操作号码 【1611871】
2024-04-05 02:42:24 GSD getOne 第 1 次 等待 3 秒
2024-04-05 02:42:27 查询号码 【1611871】，返回信息 {"status":"ok","msg":"-","gid":"548828","time_insert":"2023-02-23 06:09"}
2024-04-05 02:42:27 查询号码 【1611871】，GSD为【"-"】
2024-04-05 02:42:27 ok && -
2024-04-05 02:42:29 CHB 1611871?1712256147 第 1 次 等待 3 秒
2024-04-05 02:42:32 CHB 1611871?1712256147 第 1 次 获取到号码【1611871】GSD
2024-04-05 02:42:32 未获取到号码【1611871】GSD，可能号码格式错误
2024-04-05 02:42:32 获取到号码【1611871】的GSD为【-】
2024-04-05 02:42:37 GSD insert 第 1 次 等待 3 秒
2024-04-05 02:42:40 {"status":"bad","gid":"548828","msg":"添加失败！号码【1611871(-|-)】已存在！"}
2024-04-05 02:42:40 随机等待 153 秒，约 2 分钟
2024-04-05 02:42:40 下次操作: 2024-04-05 02:45:13

2024-04-05 02:45:13 开始第 1952 次操作

2024-04-05 02:45:13 开始操作号码 【1611872】
2024-04-05 02:45:17 GSD getOne 第 1 次 等待 3 秒
2024-04-05 02:45:20 查询号码 【1611872】，返回信息 {"status":"ok","msg":"-","gid":"548849","time_insert":"2023-02-23 06:21"}
2024-04-05 02:45:21 查询号码 【1611872】，GSD为【"-"】
2024-04-05 02:45:21 ok && -
2024-04-05 02:45:22 CHB 1611872?1712256321 第 1 次 等待 3 秒
2024-04-05 02:45:25 CHB 1611872?1712256321 第 1 次 获取到号码【1611872】GSD
2024-04-05 02:45:25 未获取到号码【1611872】GSD，可能号码格式错误
2024-04-05 02:45:25 获取到号码【1611872】的GSD为【-】
2024-04-05 02:45:30 GSD insert 第 1 次 等待 3 秒
2024-04-05 02:45:33 {"status":"bad","gid":"548849","msg":"添加失败！号码【1611872(-|-)】已存在！"}

2024-04-05 03:14:08 开始第 1953 次操作

2024-04-05 03:14:08 开始操作号码 【1611873】
2024-04-05 03:14:15 GSD getOne 第 1 次 等待 3 秒
2024-04-05 03:14:18 查询号码 【1611873】，返回信息 {"status":"ok","msg":"-","gid":"548876","time_insert":"2023-02-23 06:37"}
2024-04-05 03:14:18 查询号码 【1611873】，GSD为【"-"】
2024-04-05 03:14:18 ok && -
2024-04-05 03:14:21 CHB 1611873?1712258058 第 1 次 等待 3 秒
2024-04-05 03:14:24 CHB 1611873?1712258058 第 1 次 获取到号码【1611873】GSD
2024-04-05 03:14:24 未获取到号码【1611873】GSD，可能号码格式错误
2024-04-05 03:14:24 获取到号码【1611873】的GSD为【-】
2024-04-05 03:14:30 GSD insert 第 1 次 等待 3 秒
2024-04-05 03:14:33 {"status":"bad","gid":"548876","msg":"添加失败！号码【1611873(-|-)】已存在！"}
2024-04-05 03:14:33 随机等待 69 秒，约 1 分钟
2024-04-05 03:14:33 下次操作: 2024-04-05 03:15:42

2024-04-05 03:15:42 开始第 1954 次操作

2024-04-05 03:15:42 开始操作号码 【1611874】
2024-04-05 03:15:47 GSD getOne 第 1 次 等待 3 秒
2024-04-05 03:15:50 查询号码 【1611874】，返回信息 {"status":"ok","msg":"-","gid":"548903","time_insert":"2023-02-23 06:51"}
2024-04-05 03:15:50 查询号码 【1611874】，GSD为【"-"】
2024-04-05 03:15:50 ok && -
2024-04-05 03:15:53 CHB 1611874?1712258150 第 1 次 等待 3 秒
2024-04-05 03:15:56 CHB 1611874?1712258150 第 1 次 获取到号码【1611874】GSD
2024-04-05 03:15:56 未获取到号码【1611874】GSD，可能号码格式错误
2024-04-05 03:15:56 获取到号码【1611874】的GSD为【-】
2024-04-05 03:16:02 GSD insert 第 1 次 等待 3 秒
2024-04-05 03:16:05 {"status":"bad","gid":"548903","msg":"添加失败！号码【1611874(-|-)】已存在！"}
2024-04-05 03:16:05 随机等待 190 秒，约 3 分钟
2024-04-05 03:16:05 下次操作: 2024-04-05 03:19:15

2024-04-05 03:19:15 开始第 1955 次操作

2024-04-05 03:19:15 开始操作号码 【1611875】
2024-04-05 03:19:20 GSD getOne 第 1 次 等待 3 秒
2024-04-05 03:19:23 查询号码 【1611875】，返回信息 {"status":"ok","msg":"-","gid":"548928","time_insert":"2023-02-23 07:05"}
2024-04-05 03:19:23 查询号码 【1611875】，GSD为【"-"】
2024-04-05 03:19:23 ok && -
2024-04-05 03:19:26 CHB 1611875?1712258363 第 1 次 等待 3 秒
2024-04-05 03:19:29 CHB 1611875?1712258363 第 1 次 获取到号码【1611875】GSD
2024-04-05 03:19:29 未获取到号码【1611875】GSD，可能号码格式错误
2024-04-05 03:19:29 获取到号码【1611875】的GSD为【-】
2024-04-05 03:19:33 GSD insert 第 1 次 等待 3 秒
2024-04-05 03:19:36 {"status":"bad","gid":"548928","msg":"添加失败！号码【1611875(-|-)】已存在！"}
2024-04-05 03:19:36 随机等待 148 秒，约 2 分钟
2024-04-05 03:19:36 下次操作: 2024-04-05 03:22:04

2024-04-05 03:22:04 开始第 1956 次操作

2024-04-05 03:22:04 开始操作号码 【1611876】
2024-04-05 03:22:09 GSD getOne 第 1 次 等待 3 秒
2024-04-05 03:22:12 查询号码 【1611876】，返回信息 {"status":"ok","msg":"-","gid":"548947","time_insert":"2023-02-23 07:19"}
2024-04-05 03:22:12 查询号码 【1611876】，GSD为【"-"】
2024-04-05 03:22:12 ok && -
2024-04-05 03:22:15 CHB 1611876?1712258532 第 1 次 等待 3 秒
2024-04-05 03:22:18 CHB 1611876?1712258532 第 1 次 获取到号码【1611876】GSD
2024-04-05 03:22:18 未获取到号码【1611876】GSD，可能号码格式错误
2024-04-05 03:22:18 获取到号码【1611876】的GSD为【-】
2024-04-05 03:22:22 GSD insert 第 1 次 等待 3 秒
2024-04-05 03:22:25 {"status":"bad","gid":"548947","msg":"添加失败！号码【1611876(-|-)】已存在！"}

2024-04-05 03:37:35 开始第 1957 次操作

2024-04-05 03:37:35 开始操作号码 【1611877】
2024-04-05 03:37:40 GSD getOne 第 1 次 等待 3 秒
2024-04-05 03:37:43 查询号码 【1611877】，返回信息 {"status":"ok","msg":"-","gid":"548973","time_insert":"2023-02-23 07:33"}
2024-04-05 03:37:43 查询号码 【1611877】，GSD为【"-"】
2024-04-05 03:37:43 ok && -
2024-04-05 03:37:46 CHB 1611877?1712259463 第 1 次 等待 3 秒
2024-04-05 03:37:49 CHB 1611877?1712259463 第 1 次 获取到号码【1611877】GSD
2024-04-05 03:37:49 未获取到号码【1611877】GSD，可能号码格式错误
2024-04-05 03:37:49 获取到号码【1611877】的GSD为【-】
2024-04-05 03:37:54 GSD insert 第 1 次 等待 3 秒
2024-04-05 03:37:57 {"status":"bad","gid":"548973","msg":"添加失败！号码【1611877(-|-)】已存在！"}
2024-04-05 03:37:57 随机等待 117 秒，约 1 分钟
2024-04-05 03:37:57 下次操作: 2024-04-05 03:39:54

2024-04-05 03:39:54 开始第 1958 次操作

2024-04-05 03:39:54 开始操作号码 【1611878】
2024-04-05 03:40:00 GSD getOne 第 1 次 等待 3 秒
2024-04-05 03:40:03 查询号码 【1611878】，返回信息 {"status":"ok","msg":"-","gid":"548999","time_insert":"2023-02-23 07:46"}
2024-04-05 03:40:03 查询号码 【1611878】，GSD为【"-"】
2024-04-05 03:40:03 ok && -
2024-04-05 03:40:05 CHB 1611878?1712259603 第 1 次 等待 3 秒
2024-04-05 03:40:08 CHB 1611878?1712259603 第 1 次 获取到号码【1611878】GSD
2024-04-05 03:40:08 未获取到号码【1611878】GSD，可能号码格式错误
2024-04-05 03:40:08 获取到号码【1611878】的GSD为【-】
2024-04-05 03:40:13 GSD insert 第 1 次 等待 3 秒
2024-04-05 03:40:16 {"status":"bad","gid":"548999","msg":"添加失败！号码【1611878(-|-)】已存在！"}
2024-04-05 03:40:16 随机等待 210 秒，约 3 分钟
2024-04-05 03:40:16 下次操作: 2024-04-05 03:43:46

2024-04-05 03:43:46 开始第 1959 次操作

2024-04-05 03:43:46 开始操作号码 【1611879】
2024-04-05 03:43:51 GSD getOne 第 1 次 等待 3 秒
2024-04-05 03:43:54 查询号码 【1611879】，返回信息 {"status":"ok","msg":"-","gid":"549029","time_insert":"2023-02-23 08:04"}
2024-04-05 03:43:54 查询号码 【1611879】，GSD为【"-"】
2024-04-05 03:43:54 ok && -
2024-04-05 03:43:56 CHB 1611879?1712259834 第 1 次 等待 3 秒
2024-04-05 03:43:59 CHB 1611879?1712259834 第 1 次 获取到号码【1611879】GSD
2024-04-05 03:43:59 未获取到号码【1611879】GSD，可能号码格式错误
2024-04-05 03:43:59 获取到号码【1611879】的GSD为【-】
2024-04-05 03:44:04 GSD insert 第 1 次 等待 3 秒
2024-04-05 03:44:07 {"status":"bad","gid":"549029","msg":"添加失败！号码【1611879(-|-)】已存在！"}
2024-04-05 03:44:07 随机等待 155 秒，约 2 分钟
2024-04-05 03:44:07 下次操作: 2024-04-05 03:46:42

2024-04-05 03:46:42 开始第 1960 次操作

2024-04-05 03:46:42 开始操作号码 【1611880】
2024-04-05 03:46:47 GSD getOne 第 1 次 等待 3 秒
2024-04-05 03:46:50 查询号码 【1611880】，返回信息 {"status":"ok","msg":"-","gid":"549051","time_insert":"2023-02-23 08:23"}
2024-04-05 03:46:50 查询号码 【1611880】，GSD为【"-"】
2024-04-05 03:46:50 ok && -
2024-04-05 03:46:52 CHB 1611880?1712260010 第 1 次 等待 3 秒
2024-04-05 03:46:55 CHB 1611880?1712260010 第 1 次 获取到号码【1611880】GSD
2024-04-05 03:46:55 未获取到号码【1611880】GSD，可能号码格式错误
2024-04-05 03:46:55 获取到号码【1611880】的GSD为【-】
2024-04-05 03:47:00 GSD insert 第 1 次 等待 3 秒
2024-04-05 03:47:03 {"status":"bad","gid":"549051","msg":"添加失败！号码【1611880(-|-)】已存在！"}

2024-04-05 04:16:40 开始第 1961 次操作

2024-04-05 04:16:40 开始操作号码 【1611881】
2024-04-05 04:16:45 GSD getOne 第 1 次 等待 3 秒
2024-04-05 04:16:48 查询号码 【1611881】，返回信息 {"status":"ok","msg":"-","gid":"549063","time_insert":"2023-02-23 08:34"}
2024-04-05 04:16:48 查询号码 【1611881】，GSD为【"-"】
2024-04-05 04:16:48 ok && -
2024-04-05 04:16:50 CHB 1611881?1712261808 第 1 次 等待 3 秒
2024-04-05 04:16:53 CHB 1611881?1712261808 第 1 次 获取到号码【1611881】GSD
2024-04-05 04:16:53 未获取到号码【1611881】GSD，可能号码格式错误
2024-04-05 04:16:53 获取到号码【1611881】的GSD为【-】
2024-04-05 04:16:58 GSD insert 第 1 次 等待 3 秒
2024-04-05 04:17:01 {"status":"bad","gid":"549063","msg":"添加失败！号码【1611881(-|-)】已存在！"}
2024-04-05 04:17:01 随机等待 177 秒，约 2 分钟
2024-04-05 04:17:01 下次操作: 2024-04-05 04:19:58

2024-04-05 04:19:58 开始第 1962 次操作

2024-04-05 04:19:58 开始操作号码 【1611882】
2024-04-05 04:20:03 GSD getOne 第 1 次 等待 3 秒
2024-04-05 04:20:06 查询号码 【1611882】，返回信息 {"status":"ok","msg":"-","gid":"549074","time_insert":"2023-02-23 08:43"}
2024-04-05 04:20:06 查询号码 【1611882】，GSD为【"-"】
2024-04-05 04:20:06 ok && -
2024-04-05 04:20:09 CHB 1611882?1712262006 第 1 次 等待 3 秒
2024-04-05 04:20:12 CHB 1611882?1712262006 第 1 次 获取到号码【1611882】GSD
2024-04-05 04:20:12 未获取到号码【1611882】GSD，可能号码格式错误
2024-04-05 04:20:12 获取到号码【1611882】的GSD为【-】
2024-04-05 04:20:17 GSD insert 第 1 次 等待 3 秒
2024-04-05 04:20:20 {"status":"bad","gid":"549074","msg":"添加失败！号码【1611882(-|-)】已存在！"}
2024-04-05 04:20:20 随机等待 177 秒，约 2 分钟
2024-04-05 04:20:20 下次操作: 2024-04-05 04:23:17

2024-04-05 04:23:17 开始第 1963 次操作

2024-04-05 04:23:17 开始操作号码 【1611883】
2024-04-05 04:23:22 GSD getOne 第 1 次 等待 3 秒
2024-04-05 04:23:25 查询号码 【1611883】，返回信息 {"status":"ok","msg":"-","gid":"549098","time_insert":"2023-02-23 08:59"}
2024-04-05 04:23:25 查询号码 【1611883】，GSD为【"-"】
2024-04-05 04:23:25 ok && -
2024-04-05 04:23:27 CHB 1611883?1712262205 第 1 次 等待 3 秒
2024-04-05 04:23:30 CHB 1611883?1712262205 第 1 次 获取到号码【1611883】GSD
2024-04-05 04:23:30 未获取到号码【1611883】GSD，可能号码格式错误
2024-04-05 04:23:30 获取到号码【1611883】的GSD为【-】
2024-04-05 04:23:35 GSD insert 第 1 次 等待 3 秒
2024-04-05 04:23:38 {"status":"bad","gid":"549098","msg":"添加失败！号码【1611883(-|-)】已存在！"}
2024-04-05 04:23:38 随机等待 198 秒，约 3 分钟
2024-04-05 04:23:38 下次操作: 2024-04-05 04:26:56

2024-04-05 04:26:56 开始第 1964 次操作

2024-04-05 04:26:56 开始操作号码 【1611884】
2024-04-05 04:27:01 GSD getOne 第 1 次 等待 3 秒
2024-04-05 04:27:04 查询号码 【1611884】，返回信息 {"status":"ok","msg":"-","gid":"549112","time_insert":"2023-02-23 09:08"}
2024-04-05 04:27:04 查询号码 【1611884】，GSD为【"-"】
2024-04-05 04:27:04 ok && -
2024-04-05 04:27:07 CHB 1611884?1712262424 第 1 次 等待 3 秒
2024-04-05 04:27:10 CHB 1611884?1712262424 第 1 次 获取到号码【1611884】GSD
2024-04-05 04:27:10 未获取到号码【1611884】GSD，可能号码格式错误
2024-04-05 04:27:10 获取到号码【1611884】的GSD为【-】
2024-04-05 04:27:15 GSD insert 第 1 次 等待 3 秒
2024-04-05 04:27:18 {"status":"bad","gid":"549112","msg":"添加失败！号码【1611884(-|-)】已存在！"}

2024-04-05 04:37:45 开始第 1965 次操作

2024-04-05 04:37:45 开始操作号码 【1611885】
2024-04-05 04:37:53 GSD getOne 第 1 次 等待 3 秒
2024-04-05 04:37:56 查询号码 【1611885】，返回信息 {"status":"ok","msg":"-","gid":"549128","time_insert":"2023-02-23 09:22"}
2024-04-05 04:37:56 查询号码 【1611885】，GSD为【"-"】
2024-04-05 04:37:56 ok && -
2024-04-05 04:37:58 CHB 1611885?1712263076 第 1 次 等待 3 秒
2024-04-05 04:38:01 CHB 1611885?1712263076 第 1 次 获取到号码【1611885】GSD
2024-04-05 04:38:01 未获取到号码【1611885】GSD，可能号码格式错误
2024-04-05 04:38:01 获取到号码【1611885】的GSD为【-】
2024-04-05 04:38:05 GSD insert 第 1 次 等待 3 秒
2024-04-05 04:38:08 {"status":"bad","gid":"549128","msg":"添加失败！号码【1611885(-|-)】已存在！"}
2024-04-05 04:38:08 随机等待 96 秒，约 1 分钟
2024-04-05 04:38:08 下次操作: 2024-04-05 04:39:44

2024-04-05 04:39:44 开始第 1966 次操作

2024-04-05 04:39:44 开始操作号码 【1611886】
2024-04-05 04:39:49 GSD getOne 第 1 次 等待 3 秒
2024-04-05 04:39:52 查询号码 【1611886】，返回信息 {"status":"ok","msg":"-","gid":"549147","time_insert":"2023-02-23 09:39"}
2024-04-05 04:39:52 查询号码 【1611886】，GSD为【"-"】
2024-04-05 04:39:52 ok && -
2024-04-05 04:39:53 CHB 1611886?1712263192 第 1 次 等待 3 秒
2024-04-05 04:39:56 CHB 1611886?1712263192 第 1 次 获取到号码【1611886】GSD
2024-04-05 04:39:56 未获取到号码【1611886】GSD，可能号码格式错误
2024-04-05 04:39:56 获取到号码【1611886】的GSD为【-】
2024-04-05 04:40:01 GSD insert 第 1 次 等待 3 秒
2024-04-05 04:40:04 {"status":"bad","gid":"549147","msg":"添加失败！号码【1611886(-|-)】已存在！"}
2024-04-05 04:40:04 随机等待 92 秒，约 1 分钟
2024-04-05 04:40:04 下次操作: 2024-04-05 04:41:36

2024-04-05 04:41:36 开始第 1967 次操作

2024-04-05 04:41:36 开始操作号码 【1611887】
2024-04-05 04:41:41 GSD getOne 第 1 次 等待 3 秒
2024-04-05 04:41:45 查询号码 【1611887】，返回信息 {"status":"ok","msg":"-","gid":"549165","time_insert":"2023-02-23 09:55"}
2024-04-05 04:41:45 查询号码 【1611887】，GSD为【"-"】
2024-04-05 04:41:45 ok && -
2024-04-05 04:41:47 CHB 1611887?1712263305 第 1 次 等待 3 秒
2024-04-05 04:41:50 CHB 1611887?1712263305 第 1 次 获取到号码【1611887】GSD
2024-04-05 04:41:50 未获取到号码【1611887】GSD，可能号码格式错误
2024-04-05 04:41:50 获取到号码【1611887】的GSD为【-】
2024-04-05 04:41:54 GSD insert 第 1 次 等待 3 秒
2024-04-05 04:41:57 {"status":"bad","gid":"549165","msg":"添加失败！号码【1611887(-|-)】已存在！"}
2024-04-05 04:41:57 随机等待 187 秒，约 3 分钟
2024-04-05 04:41:57 下次操作: 2024-04-05 04:45:04

2024-04-05 04:45:04 开始第 1968 次操作

2024-04-05 04:45:04 开始操作号码 【1611888】
2024-04-05 04:45:11 GSD getOne 第 1 次 等待 3 秒
2024-04-05 04:45:14 查询号码 【1611888】，返回信息 {"status":"ok","msg":"-","gid":"549185","time_insert":"2023-02-23 10:11"}
2024-04-05 04:45:14 查询号码 【1611888】，GSD为【"-"】
2024-04-05 04:45:14 ok && -
2024-04-05 04:45:15 CHB 1611888?1712263514 第 1 次 等待 3 秒
2024-04-05 04:45:18 CHB 1611888?1712263514 第 1 次 获取到号码【1611888】GSD
2024-04-05 04:45:18 未获取到号码【1611888】GSD，可能号码格式错误
2024-04-05 04:45:18 获取到号码【1611888】的GSD为【-】
2024-04-05 04:45:23 GSD insert 第 1 次 等待 3 秒
2024-04-05 04:45:26 {"status":"bad","gid":"549185","msg":"添加失败！号码【1611888(-|-)】已存在！"}

2024-04-05 05:14:02 开始第 1969 次操作

2024-04-05 05:14:02 开始操作号码 【1611889】
2024-04-05 05:14:08 GSD getOne 第 1 次 等待 3 秒
2024-04-05 05:14:11 查询号码 【1611889】，返回信息 {"status":"ok","msg":"-","gid":"549197","time_insert":"2023-02-23 10:20"}
2024-04-05 05:14:11 查询号码 【1611889】，GSD为【"-"】
2024-04-05 05:14:11 ok && -
2024-04-05 05:14:13 CHB 1611889?1712265251 第 1 次 等待 3 秒
2024-04-05 05:14:16 CHB 1611889?1712265251 第 1 次 获取到号码【1611889】GSD
2024-04-05 05:14:16 未获取到号码【1611889】GSD，可能号码格式错误
2024-04-05 05:14:16 获取到号码【1611889】的GSD为【-】
2024-04-05 05:14:21 GSD insert 第 1 次 等待 3 秒
2024-04-05 05:14:24 {"status":"bad","gid":"549197","msg":"添加失败！号码【1611889(-|-)】已存在！"}
2024-04-05 05:14:24 随机等待 127 秒，约 2 分钟
2024-04-05 05:14:24 下次操作: 2024-04-05 05:16:31

2024-04-05 05:16:31 开始第 1970 次操作

2024-04-05 05:16:31 开始操作号码 【1611890】
2024-04-05 05:16:36 GSD getOne 第 1 次 等待 3 秒
2024-04-05 05:16:39 查询号码 【1611890】，返回信息 {"status":"ok","msg":"-","gid":"549211","time_insert":"2023-02-23 10:32"}
2024-04-05 05:16:39 查询号码 【1611890】，GSD为【"-"】
2024-04-05 05:16:39 ok && -
2024-04-05 05:16:41 CHB 1611890?1712265399 第 1 次 等待 3 秒
2024-04-05 05:16:44 CHB 1611890?1712265399 第 1 次 获取到号码【1611890】GSD
2024-04-05 05:16:44 未获取到号码【1611890】GSD，可能号码格式错误
2024-04-05 05:16:44 获取到号码【1611890】的GSD为【-】
2024-04-05 05:16:49 GSD insert 第 1 次 等待 3 秒
2024-04-05 05:16:52 {"status":"bad","gid":"549211","msg":"添加失败！号码【1611890(-|-)】已存在！"}
2024-04-05 05:16:52 随机等待 115 秒，约 1 分钟
2024-04-05 05:16:52 下次操作: 2024-04-05 05:18:47

2024-04-05 05:18:47 开始第 1971 次操作

2024-04-05 05:18:47 开始操作号码 【1611891】
2024-04-05 05:18:52 GSD getOne 第 1 次 等待 3 秒
2024-04-05 05:18:55 查询号码 【1611891】，返回信息 {"status":"ok","msg":"-","gid":"549223","time_insert":"2023-02-23 10:42"}
2024-04-05 05:18:55 查询号码 【1611891】，GSD为【"-"】
2024-04-05 05:18:55 ok && -
2024-04-05 05:18:58 CHB 1611891?1712265535 第 1 次 等待 3 秒
2024-04-05 05:19:01 CHB 1611891?1712265535 第 1 次 获取到号码【1611891】GSD
2024-04-05 05:19:01 未获取到号码【1611891】GSD，可能号码格式错误
2024-04-05 05:19:01 获取到号码【1611891】的GSD为【-】
2024-04-05 05:19:05 GSD insert 第 1 次 等待 3 秒
2024-04-05 05:19:08 {"status":"bad","gid":"549223","msg":"添加失败！号码【1611891(-|-)】已存在！"}
2024-04-05 05:19:08 随机等待 224 秒，约 3 分钟
2024-04-05 05:19:08 下次操作: 2024-04-05 05:22:52

2024-04-05 05:22:52 开始第 1972 次操作

2024-04-05 05:22:52 开始操作号码 【1611892】
2024-04-05 05:22:57 GSD getOne 第 1 次 等待 3 秒
2024-04-05 05:23:00 查询号码 【1611892】，返回信息 {"status":"ok","msg":"-","gid":"549242","time_insert":"2023-02-23 10:55"}
2024-04-05 05:23:01 查询号码 【1611892】，GSD为【"-"】
2024-04-05 05:23:01 ok && -
2024-04-05 05:23:03 CHB 1611892?1712265781 第 1 次 等待 3 秒
2024-04-05 05:23:06 CHB 1611892?1712265781 第 1 次 获取到号码【1611892】GSD
2024-04-05 05:23:06 未获取到号码【1611892】GSD，可能号码格式错误
2024-04-05 05:23:06 获取到号码【1611892】的GSD为【-】
2024-04-05 05:23:12 GSD insert 第 1 次 等待 3 秒
2024-04-05 05:23:15 {"status":"bad","gid":"549242","msg":"添加失败！号码【1611892(-|-)】已存在！"}

2024-04-05 05:37:35 开始第 1973 次操作

2024-04-05 05:37:35 开始操作号码 【1611893】
2024-04-05 05:37:41 GSD getOne 第 1 次 等待 3 秒
2024-04-05 05:37:44 查询号码 【1611893】，返回信息 {"status":"ok","msg":"-","gid":"549261","time_insert":"2023-02-23 11:06"}
2024-04-05 05:37:44 查询号码 【1611893】，GSD为【"-"】
2024-04-05 05:37:44 ok && -
2024-04-05 05:37:47 CHB 1611893?1712266664 第 1 次 等待 3 秒
2024-04-05 05:37:50 CHB 1611893?1712266664 第 1 次 获取到号码【1611893】GSD
2024-04-05 05:37:50 未获取到号码【1611893】GSD，可能号码格式错误
2024-04-05 05:37:50 获取到号码【1611893】的GSD为【-】
2024-04-05 05:37:56 GSD insert 第 1 次 等待 3 秒
2024-04-05 05:37:59 {"status":"bad","gid":"549261","msg":"添加失败！号码【1611893(-|-)】已存在！"}
2024-04-05 05:37:59 随机等待 179 秒，约 2 分钟
2024-04-05 05:37:59 下次操作: 2024-04-05 05:40:58

2024-04-05 05:40:58 开始第 1974 次操作

2024-04-05 05:40:58 开始操作号码 【1611894】
2024-04-05 05:41:03 GSD getOne 第 1 次 等待 3 秒
2024-04-05 05:41:06 查询号码 【1611894】，返回信息 {"status":"ok","msg":"-","gid":"549270","time_insert":"2023-02-23 11:14"}
2024-04-05 05:41:06 查询号码 【1611894】，GSD为【"-"】
2024-04-05 05:41:06 ok && -
2024-04-05 05:41:08 CHB 1611894?1712266866 第 1 次 等待 3 秒
2024-04-05 05:41:11 CHB 1611894?1712266866 第 1 次 获取到号码【1611894】GSD
2024-04-05 05:41:11 未获取到号码【1611894】GSD，可能号码格式错误
2024-04-05 05:41:11 获取到号码【1611894】的GSD为【-】
2024-04-05 05:41:15 GSD insert 第 1 次 等待 3 秒
2024-04-05 05:41:18 {"status":"bad","gid":"549270","msg":"添加失败！号码【1611894(-|-)】已存在！"}
2024-04-05 05:41:18 随机等待 130 秒，约 2 分钟
2024-04-05 05:41:18 下次操作: 2024-04-05 05:43:28

2024-04-05 05:43:28 开始第 1975 次操作

2024-04-05 05:43:28 开始操作号码 【1611895】
2024-04-05 05:43:33 GSD getOne 第 1 次 等待 3 秒
2024-04-05 05:43:36 查询号码 【1611895】，返回信息 {"status":"ok","msg":"-","gid":"549297","time_insert":"2023-02-23 11:32"}
2024-04-05 05:43:36 查询号码 【1611895】，GSD为【"-"】
2024-04-05 05:43:36 ok && -
2024-04-05 05:43:38 CHB 1611895?1712267016 第 1 次 等待 3 秒
2024-04-05 05:43:41 CHB 1611895?1712267016 第 1 次 获取到号码【1611895】GSD
2024-04-05 05:43:41 未获取到号码【1611895】GSD，可能号码格式错误
2024-04-05 05:43:41 获取到号码【1611895】的GSD为【-】
2024-04-05 05:43:46 GSD insert 第 1 次 等待 3 秒
2024-04-05 05:43:49 {"status":"bad","gid":"549297","msg":"添加失败！号码【1611895(-|-)】已存在！"}
2024-04-05 05:43:49 随机等待 192 秒，约 3 分钟
2024-04-05 05:43:49 下次操作: 2024-04-05 05:47:01

2024-04-05 05:47:01 开始第 1976 次操作

2024-04-05 05:47:01 开始操作号码 【1611896】
2024-04-05 05:47:06 GSD getOne 第 1 次 等待 3 秒
2024-04-05 05:47:09 查询号码 【1611896】，返回信息 {"status":"ok","msg":"-","gid":"549317","time_insert":"2023-02-23 11:42"}
2024-04-05 05:47:09 查询号码 【1611896】，GSD为【"-"】
2024-04-05 05:47:09 ok && -
2024-04-05 05:47:11 CHB 1611896?1712267229 第 1 次 等待 3 秒
2024-04-05 05:47:14 CHB 1611896?1712267229 第 1 次 获取到号码【1611896】GSD
2024-04-05 05:47:14 未获取到号码【1611896】GSD，可能号码格式错误
2024-04-05 05:47:14 获取到号码【1611896】的GSD为【-】
2024-04-05 05:47:19 GSD insert 第 1 次 等待 3 秒
2024-04-05 05:47:22 {"status":"bad","gid":"549317","msg":"添加失败！号码【1611896(-|-)】已存在！"}

2024-04-05 06:14:21 开始第 1977 次操作

2024-04-05 06:14:21 开始操作号码 【1611897】
2024-04-05 06:14:26 GSD getOne 第 1 次 等待 3 秒
2024-04-05 06:14:29 查询号码 【1611897】，返回信息 {"status":"ok","msg":"-","gid":"549348","time_insert":"2023-02-23 12:00"}
2024-04-05 06:14:29 查询号码 【1611897】，GSD为【"-"】
2024-04-05 06:14:29 ok && -
2024-04-05 06:14:30 CHB 1611897?1712268869 第 1 次 等待 3 秒
2024-04-05 06:14:33 CHB 1611897?1712268869 第 1 次 获取到号码【1611897】GSD
2024-04-05 06:14:33 未获取到号码【1611897】GSD，可能号码格式错误
2024-04-05 06:14:33 获取到号码【1611897】的GSD为【-】
2024-04-05 06:14:39 GSD insert 第 1 次 等待 3 秒
2024-04-05 06:14:42 {"status":"bad","gid":"549348","msg":"添加失败！号码【1611897(-|-)】已存在！"}
2024-04-05 06:14:42 随机等待 163 秒，约 2 分钟
2024-04-05 06:14:42 下次操作: 2024-04-05 06:17:25

2024-04-05 06:17:25 开始第 1978 次操作

2024-04-05 06:17:25 开始操作号码 【1611898】
2024-04-05 06:17:30 GSD getOne 第 1 次 等待 3 秒
2024-04-05 06:17:33 查询号码 【1611898】，返回信息 {"status":"ok","msg":"-","gid":"549367","time_insert":"2023-02-23 12:12"}
2024-04-05 06:17:33 查询号码 【1611898】，GSD为【"-"】
2024-04-05 06:17:33 ok && -
2024-04-05 06:17:35 CHB 1611898?1712269053 第 1 次 等待 3 秒
2024-04-05 06:17:38 CHB 1611898?1712269053 第 1 次 获取到号码【1611898】GSD
2024-04-05 06:17:38 未获取到号码【1611898】GSD，可能号码格式错误
2024-04-05 06:17:38 获取到号码【1611898】的GSD为【-】
2024-04-05 06:17:42 GSD insert 第 1 次 等待 3 秒
2024-04-05 06:17:45 {"status":"bad","gid":"549367","msg":"添加失败！号码【1611898(-|-)】已存在！"}
2024-04-05 06:17:45 随机等待 94 秒，约 1 分钟
2024-04-05 06:17:45 下次操作: 2024-04-05 06:19:19

2024-04-05 06:19:19 开始第 1979 次操作

2024-04-05 06:19:19 开始操作号码 【1611899】
2024-04-05 06:19:24 GSD getOne 第 1 次 等待 3 秒
2024-04-05 06:19:27 查询号码 【1611899】，返回信息 {"status":"ok","msg":"-","gid":"549388","time_insert":"2023-02-23 12:25"}
2024-04-05 06:19:27 查询号码 【1611899】，GSD为【"-"】
2024-04-05 06:19:27 ok && -
2024-04-05 06:19:29 CHB 1611899?1712269167 第 1 次 等待 3 秒
2024-04-05 06:19:32 CHB 1611899?1712269167 第 1 次 获取到号码【1611899】GSD
2024-04-05 06:19:32 未获取到号码【1611899】GSD，可能号码格式错误
2024-04-05 06:19:32 获取到号码【1611899】的GSD为【-】
2024-04-05 06:19:36 GSD insert 第 1 次 等待 3 秒
2024-04-05 06:19:39 {"status":"bad","gid":"549388","msg":"添加失败！号码【1611899(-|-)】已存在！"}
2024-04-05 06:19:39 随机等待 188 秒，约 3 分钟
2024-04-05 06:19:39 下次操作: 2024-04-05 06:22:47

2024-04-05 06:22:47 开始第 1980 次操作

2024-04-05 06:22:47 开始操作号码 【1611900】
2024-04-05 06:22:54 GSD getOne 第 1 次 等待 3 秒
2024-04-05 06:22:57 查询号码 【1611900】，返回信息 {"status":"ok","msg":"-","gid":"549417","time_insert":"2023-02-23 12:44"}
2024-04-05 06:22:57 查询号码 【1611900】，GSD为【"-"】
2024-04-05 06:22:57 ok && -
2024-04-05 06:22:59 CHB 1611900?1712269377 第 1 次 等待 3 秒
2024-04-05 06:23:02 CHB 1611900?1712269377 第 1 次 获取到号码【1611900】GSD
2024-04-05 06:23:02 未获取到号码【1611900】GSD，可能号码格式错误
2024-04-05 06:23:02 获取到号码【1611900】的GSD为【-】
2024-04-05 06:23:07 GSD insert 第 1 次 等待 3 秒
2024-04-05 06:23:10 {"status":"bad","gid":"549417","msg":"添加失败！号码【1611900(-|-)】已存在！"}

2024-04-05 06:37:15 开始第 1981 次操作

2024-04-05 06:37:15 开始操作号码 【1611901】
2024-04-05 06:37:21 GSD getOne 第 1 次 等待 3 秒
2024-04-05 06:37:24 查询号码 【1611901】，返回信息 {"status":"ok","msg":"-","gid":"549438","time_insert":"2023-02-23 12:55"}
2024-04-05 06:37:24 查询号码 【1611901】，GSD为【"-"】
2024-04-05 06:37:24 ok && -
2024-04-05 06:37:27 CHB 1611901?1712270244 第 1 次 等待 3 秒
2024-04-05 06:37:30 CHB 1611901?1712270244 第 1 次 获取到号码【1611901】GSD
2024-04-05 06:37:30 未获取到号码【1611901】GSD，可能号码格式错误
2024-04-05 06:37:30 获取到号码【1611901】的GSD为【-】
2024-04-05 06:37:36 GSD insert 第 1 次 等待 3 秒
2024-04-05 06:37:39 {"status":"bad","gid":"549438","msg":"添加失败！号码【1611901(-|-)】已存在！"}
2024-04-05 06:37:39 随机等待 93 秒，约 1 分钟
2024-04-05 06:37:39 下次操作: 2024-04-05 06:39:12

2024-04-05 06:39:12 开始第 1982 次操作

2024-04-05 06:39:12 开始操作号码 【1611902】
2024-04-05 06:39:17 GSD getOne 第 1 次 等待 3 秒
2024-04-05 06:39:20 查询号码 【1611902】，返回信息 {"status":"ok","msg":"-","gid":"549461","time_insert":"2023-02-23 13:11"}
2024-04-05 06:39:20 查询号码 【1611902】，GSD为【"-"】
2024-04-05 06:39:20 ok && -
2024-04-05 06:39:23 CHB 1611902?1712270360 第 1 次 等待 3 秒
2024-04-05 06:39:26 CHB 1611902?1712270360 第 1 次 获取到号码【1611902】GSD
2024-04-05 06:39:26 未获取到号码【1611902】GSD，可能号码格式错误
2024-04-05 06:39:26 获取到号码【1611902】的GSD为【-】
2024-04-05 06:39:30 GSD insert 第 1 次 等待 3 秒
2024-04-05 06:39:33 {"status":"bad","gid":"549461","msg":"添加失败！号码【1611902(-|-)】已存在！"}
2024-04-05 06:39:34 随机等待 161 秒，约 2 分钟
2024-04-05 06:39:34 下次操作: 2024-04-05 06:42:15

2024-04-05 06:42:15 开始第 1983 次操作

2024-04-05 06:42:15 开始操作号码 【1611903】
2024-04-05 06:42:19 GSD getOne 第 1 次 等待 3 秒
2024-04-05 06:42:22 查询号码 【1611903】，返回信息 {"status":"ok","msg":"-","gid":"549491","time_insert":"2023-02-23 13:28"}
2024-04-05 06:42:22 查询号码 【1611903】，GSD为【"-"】
2024-04-05 06:42:22 ok && -
2024-04-05 06:42:25 CHB 1611903?1712270542 第 1 次 等待 3 秒
2024-04-05 06:42:28 CHB 1611903?1712270542 第 1 次 获取到号码【1611903】GSD
2024-04-05 06:42:28 未获取到号码【1611903】GSD，可能号码格式错误
2024-04-05 06:42:28 获取到号码【1611903】的GSD为【-】
2024-04-05 06:42:33 GSD insert 第 1 次 等待 3 秒
2024-04-05 06:42:36 {"status":"bad","gid":"549491","msg":"添加失败！号码【1611903(-|-)】已存在！"}
2024-04-05 06:42:36 随机等待 104 秒，约 1 分钟
2024-04-05 06:42:36 下次操作: 2024-04-05 06:44:20

2024-04-05 06:44:20 开始第 1984 次操作

2024-04-05 06:44:20 开始操作号码 【1611904】
2024-04-05 06:44:25 GSD getOne 第 1 次 等待 3 秒
2024-04-05 06:44:28 查询号码 【1611904】，返回信息 {"status":"ok","msg":"-","gid":"549520","time_insert":"2023-02-23 13:42"}
2024-04-05 06:44:28 查询号码 【1611904】，GSD为【"-"】
2024-04-05 06:44:28 ok && -
2024-04-05 06:44:30 CHB 1611904?1712270668 第 1 次 等待 3 秒
2024-04-05 06:44:33 CHB 1611904?1712270668 第 1 次 获取到号码【1611904】GSD
2024-04-05 06:44:33 未获取到号码【1611904】GSD，可能号码格式错误
2024-04-05 06:44:33 获取到号码【1611904】的GSD为【-】
2024-04-05 06:44:38 GSD insert 第 1 次 等待 3 秒
2024-04-05 06:44:41 {"status":"bad","gid":"549520","msg":"添加失败！号码【1611904(-|-)】已存在！"}

2024-04-05 07:16:35 开始第 1985 次操作

2024-04-05 07:16:35 开始操作号码 【1611905】
2024-04-05 07:16:40 GSD getOne 第 1 次 等待 3 秒
2024-04-05 07:16:43 查询号码 【1611905】，返回信息 {"status":"ok","msg":"-","gid":"549537","time_insert":"2023-02-23 13:52"}
2024-04-05 07:16:43 查询号码 【1611905】，GSD为【"-"】
2024-04-05 07:16:43 ok && -
2024-04-05 07:16:46 CHB 1611905?1712272603 第 1 次 等待 3 秒
2024-04-05 07:16:49 CHB 1611905?1712272603 第 1 次 获取到号码【1611905】GSD
2024-04-05 07:16:49 未获取到号码【1611905】GSD，可能号码格式错误
2024-04-05 07:16:49 获取到号码【1611905】的GSD为【-】
2024-04-05 07:16:53 GSD insert 第 1 次 等待 3 秒
2024-04-05 07:16:56 {"status":"bad","gid":"549537","msg":"添加失败！号码【1611905(-|-)】已存在！"}
2024-04-05 07:16:56 随机等待 167 秒，约 2 分钟
2024-04-05 07:16:56 下次操作: 2024-04-05 07:19:43

2024-04-05 07:19:43 开始第 1986 次操作

2024-04-05 07:19:43 开始操作号码 【1611906】
2024-04-05 07:19:48 GSD getOne 第 1 次 等待 3 秒
2024-04-05 07:19:51 查询号码 【1611906】，返回信息 {"status":"ok","msg":"-","gid":"549560","time_insert":"2023-02-23 14:05"}
2024-04-05 07:19:51 查询号码 【1611906】，GSD为【"-"】
2024-04-05 07:19:51 ok && -
2024-04-05 07:19:54 CHB 1611906?1712272791 第 1 次 等待 3 秒
2024-04-05 07:19:57 CHB 1611906?1712272791 第 1 次 获取到号码【1611906】GSD
2024-04-05 07:19:57 未获取到号码【1611906】GSD，可能号码格式错误
2024-04-05 07:19:57 获取到号码【1611906】的GSD为【-】
2024-04-05 07:20:01 GSD insert 第 1 次 等待 3 秒
2024-04-05 07:20:04 {"status":"bad","gid":"549560","msg":"添加失败！号码【1611906(-|-)】已存在！"}
2024-04-05 07:20:04 随机等待 183 秒，约 3 分钟
2024-04-05 07:20:04 下次操作: 2024-04-05 07:23:07

2024-04-05 07:23:07 开始第 1987 次操作

2024-04-05 07:23:07 开始操作号码 【1611907】
2024-04-05 07:23:12 GSD getOne 第 1 次 等待 3 秒
2024-04-05 07:23:15 查询号码 【1611907】，返回信息 {"status":"ok","msg":"-","gid":"549587","time_insert":"2023-02-23 14:23"}
2024-04-05 07:23:15 查询号码 【1611907】，GSD为【"-"】
2024-04-05 07:23:15 ok && -
2024-04-05 07:23:17 CHB 1611907?1712272995 第 1 次 等待 3 秒
2024-04-05 07:23:20 CHB 1611907?1712272995 第 1 次 获取到号码【1611907】GSD
2024-04-05 07:23:20 未获取到号码【1611907】GSD，可能号码格式错误
2024-04-05 07:23:20 获取到号码【1611907】的GSD为【-】
2024-04-05 07:23:25 GSD insert 第 1 次 等待 3 秒
2024-04-05 07:23:28 {"status":"bad","gid":"549587","msg":"添加失败！号码【1611907(-|-)】已存在！"}
2024-04-05 07:23:28 随机等待 114 秒，约 1 分钟
2024-04-05 07:23:28 下次操作: 2024-04-05 07:25:22

2024-04-05 07:25:22 开始第 1988 次操作

2024-04-05 07:25:22 开始操作号码 【1611908】
2024-04-05 07:25:27 GSD getOne 第 1 次 等待 3 秒
2024-04-05 07:25:30 查询号码 【1611908】，返回信息 {"status":"ok","msg":"-","gid":"549607","time_insert":"2023-02-23 14:38"}
2024-04-05 07:25:30 查询号码 【1611908】，GSD为【"-"】
2024-04-05 07:25:30 ok && -
2024-04-05 07:25:32 CHB 1611908?1712273130 第 1 次 等待 3 秒
2024-04-05 07:25:35 CHB 1611908?1712273130 第 1 次 获取到号码【1611908】GSD
2024-04-05 07:25:35 未获取到号码【1611908】GSD，可能号码格式错误
2024-04-05 07:25:35 获取到号码【1611908】的GSD为【-】
2024-04-05 07:25:40 GSD insert 第 1 次 等待 3 秒
2024-04-05 07:25:43 {"status":"bad","gid":"549607","msg":"添加失败！号码【1611908(-|-)】已存在！"}

2024-04-05 07:38:06 开始第 1989 次操作

2024-04-05 07:38:06 开始操作号码 【1611909】
2024-04-05 07:38:12 GSD getOne 第 1 次 等待 3 秒
2024-04-05 07:38:15 查询号码 【1611909】，返回信息 {"status":"ok","msg":"-","gid":"549643","time_insert":"2023-02-23 14:57"}
2024-04-05 07:38:15 查询号码 【1611909】，GSD为【"-"】
2024-04-05 07:38:15 ok && -
2024-04-05 07:38:17 CHB 1611909?1712273895 第 1 次 等待 3 秒
2024-04-05 07:38:20 CHB 1611909?1712273895 第 1 次 获取到号码【1611909】GSD
2024-04-05 07:38:20 未获取到号码【1611909】GSD，可能号码格式错误
2024-04-05 07:38:20 获取到号码【1611909】的GSD为【-】
2024-04-05 07:38:26 GSD insert 第 1 次 等待 3 秒
2024-04-05 07:38:29 {"status":"bad","gid":"549643","msg":"添加失败！号码【1611909(-|-)】已存在！"}
2024-04-05 07:38:29 随机等待 228 秒，约 3 分钟
2024-04-05 07:38:29 下次操作: 2024-04-05 07:42:17

2024-04-05 07:42:17 开始第 1990 次操作

2024-04-05 07:42:17 开始操作号码 【1611910】
2024-04-05 07:42:23 GSD getOne 第 1 次 等待 3 秒
2024-04-05 07:42:26 查询号码 【1611910】，返回信息 {"status":"ok","msg":"-","gid":"549664","time_insert":"2023-02-23 15:12"}
2024-04-05 07:42:26 查询号码 【1611910】，GSD为【"-"】
2024-04-05 07:42:26 ok && -
2024-04-05 07:42:28 CHB 1611910?1712274146 第 1 次 等待 3 秒
2024-04-05 07:42:31 CHB 1611910?1712274146 第 1 次 获取到号码【1611910】GSD
2024-04-05 07:42:31 未获取到号码【1611910】GSD，可能号码格式错误
2024-04-05 07:42:31 获取到号码【1611910】的GSD为【-】
2024-04-05 07:42:36 GSD insert 第 1 次 等待 3 秒
2024-04-05 07:42:39 {"status":"bad","gid":"549664","msg":"添加失败！号码【1611910(-|-)】已存在！"}
2024-04-05 07:42:39 随机等待 217 秒，约 3 分钟
2024-04-05 07:42:39 下次操作: 2024-04-05 07:46:16

2024-04-05 07:46:16 开始第 1991 次操作

2024-04-05 07:46:16 开始操作号码 【1611911】
2024-04-05 07:46:23 GSD getOne 第 1 次 等待 3 秒
2024-04-05 07:46:26 查询号码 【1611911】，返回信息 {"status":"ok","msg":"-","gid":"549695","time_insert":"2023-02-23 15:29"}
2024-04-05 07:46:26 查询号码 【1611911】，GSD为【"-"】
2024-04-05 07:46:26 ok && -
2024-04-05 07:46:29 CHB 1611911?1712274386 第 1 次 等待 3 秒
2024-04-05 07:46:32 CHB 1611911?1712274386 第 1 次 获取到号码【1611911】GSD
2024-04-05 07:46:32 未获取到号码【1611911】GSD，可能号码格式错误
2024-04-05 07:46:32 获取到号码【1611911】的GSD为【-】
2024-04-05 07:46:36 GSD insert 第 1 次 等待 3 秒
2024-04-05 07:46:39 {"status":"bad","gid":"549695","msg":"添加失败！号码【1611911(-|-)】已存在！"}
2024-04-05 07:46:39 随机等待 71 秒，约 1 分钟
2024-04-05 07:46:39 下次操作: 2024-04-05 07:47:50

2024-04-05 07:47:50 开始第 1992 次操作

2024-04-05 07:47:50 开始操作号码 【1611912】
2024-04-05 07:47:55 GSD getOne 第 1 次 等待 3 秒
2024-04-05 07:47:58 查询号码 【1611912】，返回信息 {"status":"ok","msg":"-","gid":"549730","time_insert":"2023-02-23 15:47"}
2024-04-05 07:47:58 查询号码 【1611912】，GSD为【"-"】
2024-04-05 07:47:58 ok && -
2024-04-05 07:48:00 CHB 1611912?1712274478 第 1 次 等待 3 秒
2024-04-05 07:48:03 CHB 1611912?1712274478 第 1 次 获取到号码【1611912】GSD
2024-04-05 07:48:03 未获取到号码【1611912】GSD，可能号码格式错误
2024-04-05 07:48:03 获取到号码【1611912】的GSD为【-】
2024-04-05 07:48:08 GSD insert 第 1 次 等待 3 秒
2024-04-05 07:48:11 {"status":"bad","gid":"549730","msg":"添加失败！号码【1611912(-|-)】已存在！"}

2024-04-05 09:10:13 开始第 1993 次操作

2024-04-05 09:10:13 开始操作号码 【1611913】
2024-04-05 09:10:22 GSD getOne 第 1 次 等待 3 秒
2024-04-05 09:10:25 查询号码 【1611913】，返回信息 {"status":"ok","msg":"-","gid":"549747","time_insert":"2023-02-23 15:56"}
2024-04-05 09:10:25 查询号码 【1611913】，GSD为【"-"】
2024-04-05 09:10:25 ok && -
2024-04-05 09:10:28 CHB 1611913?1712279425 第 1 次 等待 3 秒
2024-04-05 09:10:31 CHB 1611913?1712279425 第 1 次 获取到号码【1611913】GSD
2024-04-05 09:10:31 未获取到号码【1611913】GSD，可能号码格式错误
2024-04-05 09:10:31 获取到号码【1611913】的GSD为【-】
2024-04-05 09:10:36 GSD insert 第 1 次 等待 3 秒
2024-04-05 09:10:39 {"status":"bad","gid":"549747","msg":"添加失败！号码【1611913(-|-)】已存在！"}
2024-04-05 09:10:39 随机等待 209 秒，约 3 分钟
2024-04-05 09:10:39 下次操作: 2024-04-05 09:14:08

2024-04-05 09:14:08 开始第 1994 次操作

2024-04-05 09:14:08 开始操作号码 【1611914】
2024-04-05 09:14:13 GSD getOne 第 1 次 等待 3 秒
2024-04-05 09:14:16 查询号码 【1611914】，返回信息 {"status":"ok","msg":"-","gid":"549769","time_insert":"2023-02-23 16:09"}
2024-04-05 09:14:16 查询号码 【1611914】，GSD为【"-"】
2024-04-05 09:14:16 ok && -
2024-04-05 09:14:19 CHB 1611914?1712279656 第 1 次 等待 3 秒
2024-04-05 09:14:22 CHB 1611914?1712279656 第 1 次 获取到号码【1611914】GSD
2024-04-05 09:14:22 未获取到号码【1611914】GSD，可能号码格式错误
2024-04-05 09:14:22 获取到号码【1611914】的GSD为【-】
2024-04-05 09:14:28 GSD insert 第 1 次 等待 3 秒
2024-04-05 09:14:31 {"status":"bad","gid":"549769","msg":"添加失败！号码【1611914(-|-)】已存在！"}
2024-04-05 09:14:31 随机等待 128 秒，约 2 分钟
2024-04-05 09:14:31 下次操作: 2024-04-05 09:16:39

2024-04-05 09:16:39 开始第 1995 次操作

2024-04-05 09:16:39 开始操作号码 【1611915】
2024-04-05 09:16:45 GSD getOne 第 1 次 等待 3 秒
2024-04-05 09:16:48 查询号码 【1611915】，返回信息 {"status":"ok","msg":"-","gid":"549791","time_insert":"2023-02-23 16:23"}
2024-04-05 09:16:48 查询号码 【1611915】，GSD为【"-"】
2024-04-05 09:16:48 ok && -
2024-04-05 09:16:50 CHB 1611915?1712279808 第 1 次 等待 3 秒
2024-04-05 09:16:53 CHB 1611915?1712279808 第 1 次 获取到号码【1611915】GSD
2024-04-05 09:16:53 未获取到号码【1611915】GSD，可能号码格式错误
2024-04-05 09:16:53 获取到号码【1611915】的GSD为【-】
2024-04-05 09:16:58 GSD insert 第 1 次 等待 3 秒
2024-04-05 09:17:01 {"status":"bad","gid":"549791","msg":"添加失败！号码【1611915(-|-)】已存在！"}
2024-04-05 09:17:01 随机等待 90 秒，约 1 分钟
2024-04-05 09:17:01 下次操作: 2024-04-05 09:18:31

2024-04-05 09:18:31 开始第 1996 次操作

2024-04-05 09:18:31 开始操作号码 【1611916】
2024-04-05 09:18:38 GSD getOne 第 1 次 等待 3 秒
2024-04-05 09:18:41 查询号码 【1611916】，返回信息 {"status":"ok","msg":"-","gid":"549814","time_insert":"2023-02-23 16:38"}
2024-04-05 09:18:41 查询号码 【1611916】，GSD为【"-"】
2024-04-05 09:18:41 ok && -
2024-04-05 09:18:43 CHB 1611916?1712279921 第 1 次 等待 3 秒
2024-04-05 09:18:46 CHB 1611916?1712279921 第 1 次 获取到号码【1611916】GSD
2024-04-05 09:18:46 未获取到号码【1611916】GSD，可能号码格式错误
2024-04-05 09:18:46 获取到号码【1611916】的GSD为【-】
2024-04-05 09:18:51 GSD insert 第 1 次 等待 3 秒
2024-04-05 09:18:54 {"status":"bad","gid":"549814","msg":"添加失败！号码【1611916(-|-)】已存在！"}

2024-04-05 10:04:08 开始第 1997 次操作

2024-04-05 10:04:08 开始操作号码 【1611917】
2024-04-05 10:04:13 GSD getOne 第 1 次 等待 3 秒
2024-04-05 10:04:16 查询号码 【1611917】，返回信息 {"status":"ok","msg":"-","gid":"549847","time_insert":"2023-02-23 16:56"}
2024-04-05 10:04:16 查询号码 【1611917】，GSD为【"-"】
2024-04-05 10:04:16 ok && -
2024-04-05 10:04:18 CHB 1611917?1712282656 第 1 次 等待 3 秒
2024-04-05 10:04:21 CHB 1611917?1712282656 第 1 次 获取到号码【1611917】GSD
2024-04-05 10:04:21 未获取到号码【1611917】GSD，可能号码格式错误
2024-04-05 10:04:21 获取到号码【1611917】的GSD为【-】
2024-04-05 10:04:29 GSD insert 第 1 次 等待 3 秒
2024-04-05 10:04:32 {"status":"bad","gid":"549847","msg":"添加失败！号码【1611917(-|-)】已存在！"}
2024-04-05 10:04:32 随机等待 130 秒，约 2 分钟
2024-04-05 10:04:32 下次操作: 2024-04-05 10:06:42

2024-04-05 10:06:42 开始第 1998 次操作

2024-04-05 10:06:42 开始操作号码 【1611918】
2024-04-05 10:06:48 GSD getOne 第 1 次 等待 3 秒
2024-04-05 10:06:51 查询号码 【1611918】，返回信息 {"status":"ok","msg":"-","gid":"549862","time_insert":"2023-02-23 17:09"}
2024-04-05 10:06:51 查询号码 【1611918】，GSD为【"-"】
2024-04-05 10:06:51 ok && -
2024-04-05 10:06:54 CHB 1611918?1712282811 第 1 次 等待 3 秒
2024-04-05 10:06:57 CHB 1611918?1712282811 第 1 次 获取到号码【1611918】GSD
2024-04-05 10:06:57 未获取到号码【1611918】GSD，可能号码格式错误
2024-04-05 10:06:57 获取到号码【1611918】的GSD为【-】
2024-04-05 10:07:02 GSD insert 第 1 次 等待 3 秒
2024-04-05 10:07:05 {"status":"bad","gid":"549862","msg":"添加失败！号码【1611918(-|-)】已存在！"}
2024-04-05 10:07:05 随机等待 79 秒，约 1 分钟
2024-04-05 10:07:05 下次操作: 2024-04-05 10:08:24

2024-04-05 10:08:24 开始第 1999 次操作

2024-04-05 10:08:24 开始操作号码 【1611919】
2024-04-05 10:08:29 GSD getOne 第 1 次 等待 3 秒
2024-04-05 10:08:32 查询号码 【1611919】，返回信息 {"status":"ok","msg":"-","gid":"549882","time_insert":"2023-02-23 17:19"}
2024-04-05 10:08:32 查询号码 【1611919】，GSD为【"-"】
2024-04-05 10:08:32 ok && -
2024-04-05 10:08:34 CHB 1611919?1712282912 第 1 次 等待 3 秒
2024-04-05 10:08:37 CHB 1611919?1712282912 第 1 次 获取到号码【1611919】GSD
2024-04-05 10:08:37 未获取到号码【1611919】GSD，可能号码格式错误
2024-04-05 10:08:37 获取到号码【1611919】的GSD为【-】
2024-04-05 10:08:42 GSD insert 第 1 次 等待 3 秒
2024-04-05 10:08:45 {"status":"bad","gid":"549882","msg":"添加失败！号码【1611919(-|-)】已存在！"}
2024-04-05 10:08:45 随机等待 90 秒，约 1 分钟
2024-04-05 10:08:45 下次操作: 2024-04-05 10:10:15

2024-04-05 10:10:15 开始第 2000 次操作

2024-04-05 10:10:15 开始操作号码 【1611920】
2024-04-05 10:10:19 GSD getOne 第 1 次 等待 3 秒
2024-04-05 10:10:22 查询号码 【1611920】，返回信息 {"status":"ok","msg":"-","gid":"549895","time_insert":"2023-02-23 17:28"}
2024-04-05 10:10:22 查询号码 【1611920】，GSD为【"-"】
2024-04-05 10:10:22 ok && -
2024-04-05 10:10:25 CHB 1611920?1712283022 第 1 次 等待 3 秒
2024-04-05 10:10:28 CHB 1611920?1712283022 第 1 次 获取到号码【1611920】GSD
2024-04-05 10:10:28 未获取到号码【1611920】GSD，可能号码格式错误
2024-04-05 10:10:28 获取到号码【1611920】的GSD为【-】
2024-04-05 10:10:32 GSD insert 第 1 次 等待 3 秒
2024-04-05 10:10:35 {"status":"bad","gid":"549895","msg":"添加失败！号码【1611920(-|-)】已存在！"}

2024-04-05 10:37:20 开始第 2001 次操作

2024-04-05 10:37:20 开始操作号码 【1611921】
2024-04-05 10:37:26 GSD getOne 第 1 次 等待 3 秒
2024-04-05 10:37:29 查询号码 【1611921】，返回信息 {"status":"ok","msg":"-","gid":"549923","time_insert":"2023-02-23 17:42"}
2024-04-05 10:37:29 查询号码 【1611921】，GSD为【"-"】
2024-04-05 10:37:29 ok && -
2024-04-05 10:37:32 CHB 1611921?1712284649 第 1 次 等待 3 秒
2024-04-05 10:37:35 CHB 1611921?1712284649 第 1 次 获取到号码【1611921】GSD
2024-04-05 10:37:35 未获取到号码【1611921】GSD，可能号码格式错误
2024-04-05 10:37:35 获取到号码【1611921】的GSD为【-】
2024-04-05 10:37:41 GSD insert 第 1 次 等待 3 秒
2024-04-05 10:37:44 {"status":"bad","gid":"549923","msg":"添加失败！号码【1611921(-|-)】已存在！"}
2024-04-05 10:37:44 随机等待 192 秒，约 3 分钟
2024-04-05 10:37:44 下次操作: 2024-04-05 10:40:56

2024-04-05 10:40:56 开始第 2002 次操作

2024-04-05 10:40:56 开始操作号码 【1611922】
2024-04-05 10:41:02 GSD getOne 第 1 次 等待 3 秒
2024-04-05 10:41:05 查询号码 【1611922】，返回信息 {"status":"ok","msg":"-","gid":"549954","time_insert":"2023-02-23 17:58"}
2024-04-05 10:41:05 查询号码 【1611922】，GSD为【"-"】
2024-04-05 10:41:05 ok && -
2024-04-05 10:41:07 CHB 1611922?1712284865 第 1 次 等待 3 秒
2024-04-05 10:41:10 CHB 1611922?1712284865 第 1 次 获取到号码【1611922】GSD
2024-04-05 10:41:10 未获取到号码【1611922】GSD，可能号码格式错误
2024-04-05 10:41:10 获取到号码【1611922】的GSD为【-】
2024-04-05 10:41:16 GSD insert 第 1 次 等待 3 秒
2024-04-05 10:41:19 {"status":"bad","gid":"549954","msg":"添加失败！号码【1611922(-|-)】已存在！"}
2024-04-05 10:41:19 随机等待 126 秒，约 2 分钟
2024-04-05 10:41:19 下次操作: 2024-04-05 10:43:25

2024-04-05 10:43:25 开始第 2003 次操作

2024-04-05 10:43:25 开始操作号码 【1611923】
2024-04-05 10:43:31 GSD getOne 第 1 次 等待 3 秒
2024-04-05 10:43:34 查询号码 【1611923】，返回信息 {"status":"ok","msg":"-","gid":"549982","time_insert":"2023-02-23 18:15"}
2024-04-05 10:43:34 查询号码 【1611923】，GSD为【"-"】
2024-04-05 10:43:34 ok && -
2024-04-05 10:43:36 CHB 1611923?1712285014 第 1 次 等待 3 秒
2024-04-05 10:43:39 CHB 1611923?1712285014 第 1 次 获取到号码【1611923】GSD
2024-04-05 10:43:39 未获取到号码【1611923】GSD，可能号码格式错误
2024-04-05 10:43:39 获取到号码【1611923】的GSD为【-】
2024-04-05 10:43:44 GSD insert 第 1 次 等待 3 秒
2024-04-05 10:43:47 {"status":"bad","gid":"549982","msg":"添加失败！号码【1611923(-|-)】已存在！"}
2024-04-05 10:43:47 随机等待 173 秒，约 2 分钟
2024-04-05 10:43:47 下次操作: 2024-04-05 10:46:40

2024-04-05 10:46:40 开始第 2004 次操作

2024-04-05 10:46:40 开始操作号码 【1611924】
2024-04-05 10:46:44 GSD getOne 第 1 次 等待 3 秒
2024-04-05 10:46:47 查询号码 【1611924】，返回信息 {"status":"ok","msg":"-","gid":"550010","time_insert":"2023-02-23 18:33"}
2024-04-05 10:46:47 查询号码 【1611924】，GSD为【"-"】
2024-04-05 10:46:47 ok && -
2024-04-05 10:46:50 CHB 1611924?1712285207 第 1 次 等待 3 秒
2024-04-05 10:46:53 CHB 1611924?1712285207 第 1 次 获取到号码【1611924】GSD
2024-04-05 10:46:53 未获取到号码【1611924】GSD，可能号码格式错误
2024-04-05 10:46:53 获取到号码【1611924】的GSD为【-】
2024-04-05 10:46:58 GSD insert 第 1 次 等待 3 秒
2024-04-05 10:47:01 {"status":"bad","gid":"550010","msg":"添加失败！号码【1611924(-|-)】已存在！"}

