2024-05-03 00:20:29 开始第 6753 次操作

2024-05-03 00:20:29 开始操作号码 【1616670】
2024-05-03 00:20:36 GSD getOne 第 1 次 等待 3 秒
2024-05-03 00:20:39 查询号码 【1616670】，返回信息 {"status":"ok","msg":"-","gid":"661726","time_insert":"2023-04-18 07:10"}
2024-05-03 00:20:39 查询号码 【1616670】，GSD为【"-"】
2024-05-03 00:20:39 ok && -
2024-05-03 00:20:42 CHB 1616670?1714666839 第 1 次 等待 3 秒
2024-05-03 00:20:45 CHB 1616670?1714666839 第 1 次 获取到号码【1616670】GSD
2024-05-03 00:20:45 未获取到号码【1616670】GSD，可能号码格式错误
2024-05-03 00:20:45 获取到号码【1616670】的GSD为【-】
2024-05-03 00:20:50 GSD insert 第 1 次 等待 3 秒
2024-05-03 00:20:53 {"status":"bad","gid":"661726","msg":"添加失败！号码【1616670(-|-)】已存在！"}
2024-05-03 00:20:53 随机等待 108 秒，约 1 分钟
2024-05-03 00:20:53 下次操作: 2024-05-03 00:22:41

2024-05-03 00:22:41 开始第 6754 次操作

2024-05-03 00:22:41 开始操作号码 【1616671】
2024-05-03 00:22:50 GSD getOne 第 1 次 等待 3 秒
2024-05-03 00:22:53 查询号码 【1616671】，返回信息 {"status":"ok","msg":"-","gid":"661745","time_insert":"2023-04-18 07:23"}
2024-05-03 00:22:53 查询号码 【1616671】，GSD为【"-"】
2024-05-03 00:22:53 ok && -
2024-05-03 00:22:55 CHB 1616671?1714666973 第 1 次 等待 3 秒
2024-05-03 00:22:58 CHB 1616671?1714666973 第 1 次 获取到号码【1616671】GSD
2024-05-03 00:22:58 未获取到号码【1616671】GSD，可能号码格式错误
2024-05-03 00:22:58 获取到号码【1616671】的GSD为【-】
2024-05-03 00:23:06 GSD insert 第 1 次 等待 3 秒
2024-05-03 00:23:09 {"status":"bad","gid":"661745","msg":"添加失败！号码【1616671(-|-)】已存在！"}
2024-05-03 00:23:09 随机等待 146 秒，约 2 分钟
2024-05-03 00:23:09 下次操作: 2024-05-03 00:25:35

2024-05-03 00:25:35 开始第 6755 次操作

2024-05-03 00:25:35 开始操作号码 【1616672】
2024-05-03 00:25:40 GSD getOne 第 1 次 等待 3 秒
2024-05-03 00:25:43 查询号码 【1616672】，返回信息 {"status":"ok","msg":"-","gid":"661762","time_insert":"2023-04-18 07:34"}
2024-05-03 00:25:44 查询号码 【1616672】，GSD为【"-"】
2024-05-03 00:25:44 ok && -
2024-05-03 00:25:46 CHB 1616672?1714667144 第 1 次 等待 3 秒
2024-05-03 00:25:49 CHB 1616672?1714667144 第 1 次 获取到号码【1616672】GSD
2024-05-03 00:25:49 未获取到号码【1616672】GSD，可能号码格式错误
2024-05-03 00:25:49 获取到号码【1616672】的GSD为【-】
2024-05-03 00:25:58 GSD insert 第 1 次 等待 3 秒
2024-05-03 00:26:01 {"status":"bad","gid":"661762","msg":"添加失败！号码【1616672(-|-)】已存在！"}
2024-05-03 00:26:01 随机等待 108 秒，约 1 分钟
2024-05-03 00:26:01 下次操作: 2024-05-03 00:27:49

2024-05-03 00:27:49 开始第 6756 次操作

2024-05-03 00:27:49 开始操作号码 【1616673】
2024-05-03 00:27:58 GSD getOne 第 1 次 等待 3 秒
2024-05-03 00:28:01 查询号码 【1616673】，返回信息 {"status":"ok","msg":"-","gid":"661800","time_insert":"2023-04-18 07:55"}
2024-05-03 00:28:01 查询号码 【1616673】，GSD为【"-"】
2024-05-03 00:28:01 ok && -
2024-05-03 00:28:03 CHB 1616673?1714667281 第 1 次 等待 3 秒
2024-05-03 00:28:06 CHB 1616673?1714667281 第 1 次 获取到号码【1616673】GSD
2024-05-03 00:28:06 未获取到号码【1616673】GSD，可能号码格式错误
2024-05-03 00:28:06 获取到号码【1616673】的GSD为【-】
2024-05-03 00:28:11 GSD insert 第 1 次 等待 3 秒
2024-05-03 00:28:14 {"status":"bad","gid":"661800","msg":"添加失败！号码【1616673(-|-)】已存在！"}

