2024-08-25 00:22:31 开始第 981 次操作

2024-08-25 00:22:31 开始操作号码 【1390980】
2024-08-25 00:22:40 GSD getOne 第 1 次 等待 3 秒
2024-08-25 00:22:43 查询号码 【1390980】，返回信息 {"status":"ok","msg":"辽宁-鞍山","gid":"70095","time_insert":"2021-05-27 12:44"}
2024-08-25 00:22:44 查询号码 【1390980】，GSD为【"辽宁-鞍山"】

2024-08-25 00:22:45 开始第 982 次操作

2024-08-25 00:22:45 开始操作号码 【1390981】
2024-08-25 00:22:53 GSD getOne 第 1 次 等待 3 秒
2024-08-25 00:22:56 查询号码 【1390981】，返回信息 {"status":"ok","msg":"辽宁-沈阳","gid":"12853","time_insert":"2019-03-14 09:41","time_update":"2020-08-20 20:09"}
2024-08-25 00:22:56 查询号码 【1390981】，GSD为【"辽宁-沈阳"】

2024-08-25 00:22:57 开始第 983 次操作

2024-08-25 00:22:57 开始操作号码 【1390982】
2024-08-25 00:23:06 GSD getOne 第 1 次 等待 3 秒
2024-08-25 00:23:09 查询号码 【1390982】，返回信息 {"status":"ok","msg":"辽宁-沈阳","gid":"70111","time_insert":"2021-05-27 13:05"}
2024-08-25 00:23:09 查询号码 【1390982】，GSD为【"辽宁-沈阳"】

2024-08-25 00:23:10 开始第 984 次操作

2024-08-25 00:23:10 开始操作号码 【1390983】
2024-08-25 00:23:18 GSD getOne 第 1 次 等待 3 秒
2024-08-25 00:23:21 查询号码 【1390983】，返回信息 {"status":"ok","msg":"辽宁-沈阳","gid":"70122","time_insert":"2021-05-27 13:22"}
2024-08-25 00:23:21 查询号码 【1390983】，GSD为【"辽宁-沈阳"】

