2023-10-08 00:18:36 开始第 2061 次操作

2023-10-08 00:18:36 开始操作号码 【1932060】
2023-10-08 00:18:49 GSD getOne 第 1 次 等待 3 秒
2023-10-08 00:18:52 查询号码 【1932060】，返回信息 {"status":"ok","msg":"-","gid":"506941","time_insert":"2021-08-13 02:51"}
2023-10-08 00:18:52 查询号码 【1932060】，GSD为【"-"】
2023-10-08 00:18:52 ok && -
2023-10-08 00:18:55 CHB 1932060?1696695532 第 1 次 等待 3 秒
2023-10-08 00:18:58 CHB 1932060?1696695532 第 1 次 获取到号码【1932060】GSD
2023-10-08 00:18:58 未获取到号码【1932060】GSD，可能号码格式错误
2023-10-08 00:18:58 获取到号码【1932060】的GSD为【-】
2023-10-08 00:19:05 GSD insert 第 1 次 等待 3 秒
2023-10-08 00:19:08 {"status":"bad","gid":"506941","msg":"添加失败！号码【1932060(-|-)】已存在！"}
2023-10-08 00:19:08 随机等待 81 秒，约 1 分钟
2023-10-08 00:19:08 下次操作: 2023-10-08 00:20:29

2023-10-08 00:20:30 开始第 2062 次操作

2023-10-08 00:20:30 开始操作号码 【1932061】
2023-10-08 00:20:33 GSD getOne 第 1 次 等待 3 秒
2023-10-08 00:20:36 查询号码 【1932061】，返回信息 {"status":"ok","msg":"-","gid":"506960","time_insert":"2021-08-13 03:05"}
2023-10-08 00:20:36 查询号码 【1932061】，GSD为【"-"】
2023-10-08 00:20:36 ok && -
2023-10-08 00:20:40 CHB 1932061?1696695636 第 1 次 等待 3 秒
2023-10-08 00:20:43 CHB 1932061?1696695636 第 1 次 获取到号码【1932061】GSD
2023-10-08 00:20:43 未获取到号码【1932061】GSD，可能号码格式错误
2023-10-08 00:20:43 获取到号码【1932061】的GSD为【-】
2023-10-08 00:20:46 GSD insert 第 1 次 等待 3 秒
2023-10-08 00:20:49 {"status":"bad","gid":"506960","msg":"添加失败！号码【1932061(-|-)】已存在！"}
2023-10-08 00:20:49 随机等待 140 秒，约 2 分钟
2023-10-08 00:20:49 下次操作: 2023-10-08 00:23:09

2023-10-08 00:23:09 开始第 2063 次操作

2023-10-08 00:23:09 开始操作号码 【1932062】
2023-10-08 00:23:23 GSD getOne 第 1 次 等待 3 秒
2023-10-08 00:23:26 查询号码 【1932062】，返回信息 {"status":"ok","msg":"-","gid":"506979","time_insert":"2021-08-13 03:19"}
2023-10-08 00:23:26 查询号码 【1932062】，GSD为【"-"】
2023-10-08 00:23:26 ok && -
2023-10-08 00:23:28 CHB 1932062?1696695806 第 1 次 等待 3 秒
2023-10-08 00:23:31 CHB 1932062?1696695806 第 1 次 获取到号码【1932062】GSD
2023-10-08 00:23:31 未获取到号码【1932062】GSD，可能号码格式错误
2023-10-08 00:23:31 获取到号码【1932062】的GSD为【-】
2023-10-08 00:23:41 GSD insert 第 1 次 等待 3 秒
2023-10-08 00:23:44 {"status":"bad","gid":"506979","msg":"添加失败！号码【1932062(-|-)】已存在！"}
2023-10-08 00:23:44 随机等待 188 秒，约 3 分钟
2023-10-08 00:23:44 下次操作: 2023-10-08 00:26:52

2023-10-08 00:26:52 开始第 2064 次操作

2023-10-08 00:26:52 开始操作号码 【1932063】
2023-10-08 00:26:58 GSD getOne 第 1 次 等待 3 秒
2023-10-08 00:27:01 查询号码 【1932063】，返回信息 {"status":"ok","msg":"-","gid":"506994","time_insert":"2021-08-13 03:30"}
2023-10-08 00:27:01 查询号码 【1932063】，GSD为【"-"】
2023-10-08 00:27:01 ok && -
2023-10-08 00:27:04 CHB 1932063?1696696021 第 1 次 等待 3 秒
2023-10-08 00:27:07 CHB 1932063?1696696021 第 1 次 获取到号码【1932063】GSD
2023-10-08 00:27:07 未获取到号码【1932063】GSD，可能号码格式错误
2023-10-08 00:27:07 获取到号码【1932063】的GSD为【-】
2023-10-08 00:27:10 GSD insert 第 1 次 等待 3 秒
2023-10-08 00:27:13 {"status":"bad","gid":"506994","msg":"添加失败！号码【1932063(-|-)】已存在！"}

2023-10-08 00:37:32 开始第 2065 次操作

2023-10-08 00:37:32 开始操作号码 【1932064】
2023-10-08 00:37:39 GSD getOne 第 1 次 等待 3 秒
2023-10-08 00:37:42 查询号码 【1932064】，返回信息 {"status":"ok","msg":"-","gid":"507015","time_insert":"2021-08-13 03:45"}
2023-10-08 00:37:43 查询号码 【1932064】，GSD为【"-"】
2023-10-08 00:37:43 ok && -
2023-10-08 00:37:45 CHB 1932064?1696696663 第 1 次 等待 3 秒
2023-10-08 00:37:48 CHB 1932064?1696696663 第 1 次 获取到号码【1932064】GSD
2023-10-08 00:37:48 未获取到号码【1932064】GSD，可能号码格式错误
2023-10-08 00:37:48 获取到号码【1932064】的GSD为【-】
2023-10-08 00:37:51 GSD insert 第 1 次 等待 3 秒
2023-10-08 00:37:54 {"status":"bad","gid":"507015","msg":"添加失败！号码【1932064(-|-)】已存在！"}
2023-10-08 00:37:54 随机等待 93 秒，约 1 分钟
2023-10-08 00:37:54 下次操作: 2023-10-08 00:39:27

2023-10-08 00:39:27 开始第 2066 次操作

2023-10-08 00:39:27 开始操作号码 【1932065】
2023-10-08 00:39:32 GSD getOne 第 1 次 等待 3 秒
2023-10-08 00:39:35 查询号码 【1932065】，返回信息 {"status":"ok","msg":"-","gid":"507039","time_insert":"2021-08-13 04:00"}
2023-10-08 00:39:35 查询号码 【1932065】，GSD为【"-"】
2023-10-08 00:39:35 ok && -
2023-10-08 00:39:38 CHB 1932065?1696696775 第 1 次 等待 3 秒
2023-10-08 00:39:41 CHB 1932065?1696696775 第 1 次 获取到号码【1932065】GSD
2023-10-08 00:39:41 未获取到号码【1932065】GSD，可能号码格式错误
2023-10-08 00:39:41 获取到号码【1932065】的GSD为【-】
2023-10-08 00:39:44 GSD insert 第 1 次 等待 3 秒
2023-10-08 00:39:47 {"status":"bad","gid":"507039","msg":"添加失败！号码【1932065(-|-)】已存在！"}
2023-10-08 00:39:47 随机等待 105 秒，约 1 分钟
2023-10-08 00:39:47 下次操作: 2023-10-08 00:41:32

2023-10-08 00:41:32 开始第 2067 次操作

2023-10-08 00:41:32 开始操作号码 【1932066】
2023-10-08 00:41:36 GSD getOne 第 1 次 等待 3 秒
2023-10-08 00:41:39 查询号码 【1932066】，返回信息 {"status":"ok","msg":"-","gid":"507056","time_insert":"2021-08-13 04:12"}
2023-10-08 00:41:39 查询号码 【1932066】，GSD为【"-"】
2023-10-08 00:41:39 ok && -
2023-10-08 00:41:40 CHB 1932066?1696696899 第 1 次 等待 3 秒
2023-10-08 00:41:43 CHB 1932066?1696696899 第 1 次 获取到号码【1932066】GSD
2023-10-08 00:41:43 未获取到号码【1932066】GSD，可能号码格式错误
2023-10-08 00:41:43 获取到号码【1932066】的GSD为【-】
2023-10-08 00:41:46 GSD insert 第 1 次 等待 3 秒
2023-10-08 00:41:49 {"status":"bad","gid":"507056","msg":"添加失败！号码【1932066(-|-)】已存在！"}
2023-10-08 00:41:49 随机等待 175 秒，约 2 分钟
2023-10-08 00:41:49 下次操作: 2023-10-08 00:44:44

2023-10-08 00:44:44 开始第 2068 次操作

2023-10-08 00:44:44 开始操作号码 【1932067】
2023-10-08 00:44:47 GSD getOne 第 1 次 等待 3 秒
2023-10-08 00:44:50 查询号码 【1932067】，返回信息 {"status":"ok","msg":"-","gid":"507070","time_insert":"2021-08-13 04:23"}
2023-10-08 00:44:50 查询号码 【1932067】，GSD为【"-"】
2023-10-08 00:44:50 ok && -
2023-10-08 00:44:52 CHB 1932067?1696697090 第 1 次 等待 3 秒
2023-10-08 00:44:55 CHB 1932067?1696697090 第 1 次 获取到号码【1932067】GSD
2023-10-08 00:44:55 未获取到号码【1932067】GSD，可能号码格式错误
2023-10-08 00:44:55 获取到号码【1932067】的GSD为【-】
2023-10-08 00:45:01 GSD insert 第 1 次 等待 3 秒
2023-10-08 00:45:04 {"status":"bad","gid":"507070","msg":"添加失败！号码【1932067(-|-)】已存在！"}

2023-10-08 01:12:37 开始第 2069 次操作

2023-10-08 01:12:37 开始操作号码 【1932068】
2023-10-08 01:12:44 GSD getOne 第 1 次 等待 3 秒
2023-10-08 01:12:47 查询号码 【1932068】，返回信息 {"status":"ok","msg":"-","gid":"507085","time_insert":"2021-08-13 04:35"}
2023-10-08 01:12:47 查询号码 【1932068】，GSD为【"-"】
2023-10-08 01:12:47 ok && -
2023-10-08 01:12:49 CHB 1932068?1696698767 第 1 次 等待 3 秒
2023-10-08 01:12:52 CHB 1932068?1696698767 第 1 次 获取到号码【1932068】GSD
2023-10-08 01:12:52 未获取到号码【1932068】GSD，可能号码格式错误
2023-10-08 01:12:52 获取到号码【1932068】的GSD为【-】
2023-10-08 01:12:55 GSD insert 第 1 次 等待 3 秒
2023-10-08 01:12:58 {"status":"bad","gid":"507085","msg":"添加失败！号码【1932068(-|-)】已存在！"}
2023-10-08 01:12:58 随机等待 177 秒，约 2 分钟
2023-10-08 01:12:58 下次操作: 2023-10-08 01:15:55

2023-10-08 01:15:55 开始第 2070 次操作

2023-10-08 01:15:55 开始操作号码 【1932069】
2023-10-08 01:15:58 GSD getOne 第 1 次 等待 3 秒
2023-10-08 01:16:01 查询号码 【1932069】，返回信息 {"status":"ok","msg":"-","gid":"507106","time_insert":"2021-08-13 04:48"}
2023-10-08 01:16:01 查询号码 【1932069】，GSD为【"-"】
2023-10-08 01:16:01 ok && -
2023-10-08 01:16:03 CHB 1932069?1696698961 第 1 次 等待 3 秒
2023-10-08 01:16:06 CHB 1932069?1696698961 第 1 次 获取到号码【1932069】GSD
2023-10-08 01:16:06 未获取到号码【1932069】GSD，可能号码格式错误
2023-10-08 01:16:06 获取到号码【1932069】的GSD为【-】
2023-10-08 01:16:08 GSD insert 第 1 次 等待 3 秒
2023-10-08 01:16:11 {"status":"bad","gid":"507106","msg":"添加失败！号码【1932069(-|-)】已存在！"}
2023-10-08 01:16:11 随机等待 233 秒，约 3 分钟
2023-10-08 01:16:11 下次操作: 2023-10-08 01:20:04

2023-10-08 01:20:04 开始第 2071 次操作

2023-10-08 01:20:04 开始操作号码 【1932070】
2023-10-08 01:20:08 GSD getOne 第 1 次 等待 3 秒
2023-10-08 01:20:11 查询号码 【1932070】，返回信息 {"status":"ok","msg":"-","gid":"507121","time_insert":"2021-08-13 04:59"}
2023-10-08 01:20:11 查询号码 【1932070】，GSD为【"-"】
2023-10-08 01:20:11 ok && -
2023-10-08 01:20:13 CHB 1932070?1696699211 第 1 次 等待 3 秒
2023-10-08 01:20:16 CHB 1932070?1696699211 第 1 次 获取到号码【1932070】GSD
2023-10-08 01:20:16 未获取到号码【1932070】GSD，可能号码格式错误
2023-10-08 01:20:16 获取到号码【1932070】的GSD为【-】
2023-10-08 01:20:19 GSD insert 第 1 次 等待 3 秒
2023-10-08 01:20:22 {"status":"bad","gid":"507121","msg":"添加失败！号码【1932070(-|-)】已存在！"}
2023-10-08 01:20:22 随机等待 206 秒，约 3 分钟
2023-10-08 01:20:22 下次操作: 2023-10-08 01:23:48

2023-10-08 01:23:49 开始第 2072 次操作

2023-10-08 01:23:49 开始操作号码 【1932071】
2023-10-08 01:23:55 GSD getOne 第 1 次 等待 3 秒
2023-10-08 01:23:58 查询号码 【1932071】，返回信息 {"status":"ok","msg":"-","gid":"507139","time_insert":"2021-08-13 05:12"}
2023-10-08 01:23:58 查询号码 【1932071】，GSD为【"-"】
2023-10-08 01:23:58 ok && -
2023-10-08 01:23:59 CHB 1932071?1696699438 第 1 次 等待 3 秒
2023-10-08 01:24:02 CHB 1932071?1696699438 第 1 次 获取到号码【1932071】GSD
2023-10-08 01:24:02 未获取到号码【1932071】GSD，可能号码格式错误
2023-10-08 01:24:02 获取到号码【1932071】的GSD为【-】
2023-10-08 01:24:05 GSD insert 第 1 次 等待 3 秒
2023-10-08 01:24:08 {"status":"bad","gid":"507139","msg":"添加失败！号码【1932071(-|-)】已存在！"}

