2024-02-27 00:20:04 开始第 5893 次操作

2024-02-27 00:20:04 开始操作号码 【1725812】
2024-02-27 00:20:10 GSD getOne 第 1 次 等待 3 秒
2024-02-27 00:20:13 查询号码 【1725812】，返回信息 {"status":"ok","msg":"-","gid":"305727","time_insert":"2021-07-17 18:04"}
2024-02-27 00:20:13 查询号码 【1725812】，GSD为【"-"】
2024-02-27 00:20:13 ok && -
2024-02-27 00:20:16 CHB 1725812?1708964413 第 1 次 等待 3 秒
2024-02-27 00:20:19 CHB 1725812?1708964413 第 1 次 获取到号码【1725812】GSD
2024-02-27 00:20:19 未获取到号码【1725812】GSD，可能号码格式错误
2024-02-27 00:20:19 获取到号码【1725812】的GSD为【-】
2024-02-27 00:20:27 GSD insert 第 1 次 等待 3 秒
2024-02-27 00:20:30 {"status":"bad","gid":"305727","msg":"添加失败！号码【1725812(-|-)】已存在！"}
2024-02-27 00:20:30 随机等待 170 秒，约 2 分钟
2024-02-27 00:20:30 下次操作: 2024-02-27 00:23:20

2024-02-27 00:23:20 开始第 5894 次操作

2024-02-27 00:23:20 开始操作号码 【1725813】
2024-02-27 00:23:25 GSD getOne 第 1 次 等待 3 秒
2024-02-27 00:23:28 查询号码 【1725813】，返回信息 {"status":"ok","msg":"-","gid":"305736","time_insert":"2021-07-17 18:04"}
2024-02-27 00:23:28 查询号码 【1725813】，GSD为【"-"】
2024-02-27 00:23:28 ok && -
2024-02-27 00:23:31 CHB 1725813?1708964608 第 1 次 等待 3 秒
2024-02-27 00:23:34 CHB 1725813?1708964608 第 1 次 获取到号码【1725813】GSD
2024-02-27 00:23:34 未获取到号码【1725813】GSD，可能号码格式错误
2024-02-27 00:23:34 获取到号码【1725813】的GSD为【-】
2024-02-27 00:23:39 GSD insert 第 1 次 等待 3 秒
2024-02-27 00:23:42 {"status":"bad","gid":"305736","msg":"添加失败！号码【1725813(-|-)】已存在！"}
2024-02-27 00:23:42 随机等待 119 秒，约 1 分钟
2024-02-27 00:23:42 下次操作: 2024-02-27 00:25:41

2024-02-27 00:25:41 开始第 5895 次操作

2024-02-27 00:25:41 开始操作号码 【1725814】
2024-02-27 00:25:45 GSD getOne 第 1 次 等待 3 秒
2024-02-27 00:25:48 查询号码 【1725814】，返回信息 {"status":"ok","msg":"-","gid":"305748","time_insert":"2021-07-17 18:05"}
2024-02-27 00:25:48 查询号码 【1725814】，GSD为【"-"】
2024-02-27 00:25:48 ok && -
2024-02-27 00:25:50 CHB 1725814?1708964748 第 1 次 等待 3 秒
2024-02-27 00:25:53 CHB 1725814?1708964748 第 1 次 获取到号码【1725814】GSD
2024-02-27 00:25:53 未获取到号码【1725814】GSD，可能号码格式错误
2024-02-27 00:25:53 获取到号码【1725814】的GSD为【-】
2024-02-27 00:25:58 GSD insert 第 1 次 等待 3 秒
2024-02-27 00:26:01 {"status":"bad","gid":"305748","msg":"添加失败！号码【1725814(-|-)】已存在！"}
2024-02-27 00:26:01 随机等待 229 秒，约 3 分钟
2024-02-27 00:26:01 下次操作: 2024-02-27 00:29:50

2024-02-27 00:29:50 开始第 5896 次操作

2024-02-27 00:29:50 开始操作号码 【1725815】
2024-02-27 00:29:55 GSD getOne 第 1 次 等待 3 秒
2024-02-27 00:29:58 查询号码 【1725815】，返回信息 {"status":"ok","msg":"-","gid":"305761","time_insert":"2021-07-17 18:05"}
2024-02-27 00:29:58 查询号码 【1725815】，GSD为【"-"】
2024-02-27 00:29:58 ok && -
2024-02-27 00:30:01 CHB 1725815?1708964998 第 1 次 等待 3 秒
2024-02-27 00:30:04 CHB 1725815?1708964998 第 1 次 获取到号码【1725815】GSD
2024-02-27 00:30:04 未获取到号码【1725815】GSD，可能号码格式错误
2024-02-27 00:30:04 获取到号码【1725815】的GSD为【-】
2024-02-27 00:30:08 GSD insert 第 1 次 等待 3 秒
2024-02-27 00:30:11 {"status":"bad","gid":"305761","msg":"添加失败！号码【1725815(-|-)】已存在！"}

2024-02-27 00:38:25 开始第 5897 次操作

2024-02-27 00:38:25 开始操作号码 【1725816】
2024-02-27 00:38:30 GSD getOne 第 1 次 等待 3 秒
2024-02-27 00:38:33 查询号码 【1725816】，返回信息 {"status":"ok","msg":"-","gid":"305869","time_insert":"2021-07-17 18:39"}
2024-02-27 00:38:34 查询号码 【1725816】，GSD为【"-"】
2024-02-27 00:38:34 ok && -
2024-02-27 00:38:37 CHB 1725816?1708965514 第 1 次 等待 3 秒
2024-02-27 00:38:40 CHB 1725816?1708965514 第 1 次 获取到号码【1725816】GSD
2024-02-27 00:38:40 未获取到号码【1725816】GSD，可能号码格式错误
2024-02-27 00:38:40 获取到号码【1725816】的GSD为【-】
2024-02-27 00:38:47 GSD insert 第 1 次 等待 3 秒
2024-02-27 00:38:50 {"status":"bad","gid":"305869","msg":"添加失败！号码【1725816(-|-)】已存在！"}
2024-02-27 00:38:50 随机等待 145 秒，约 2 分钟
2024-02-27 00:38:50 下次操作: 2024-02-27 00:41:15

2024-02-27 00:41:15 开始第 5898 次操作

2024-02-27 00:41:15 开始操作号码 【1725817】
2024-02-27 00:41:21 GSD getOne 第 1 次 等待 3 秒
2024-02-27 00:41:24 查询号码 【1725817】，返回信息 {"status":"ok","msg":"-","gid":"305874","time_insert":"2021-07-17 18:40"}
2024-02-27 00:41:24 查询号码 【1725817】，GSD为【"-"】
2024-02-27 00:41:24 ok && -
2024-02-27 00:41:31 CHB 1725817?1708965684 第 1 次 等待 3 秒
2024-02-27 00:41:34 CHB 1725817?1708965684 第 1 次 获取到号码【1725817】GSD
2024-02-27 00:41:34 未获取到号码【1725817】GSD，可能号码格式错误
2024-02-27 00:41:34 获取到号码【1725817】的GSD为【-】
2024-02-27 00:41:38 GSD insert 第 1 次 等待 3 秒
2024-02-27 00:41:41 {"status":"bad","gid":"305874","msg":"添加失败！号码【1725817(-|-)】已存在！"}
2024-02-27 00:41:41 随机等待 217 秒，约 3 分钟
2024-02-27 00:41:41 下次操作: 2024-02-27 00:45:18

2024-02-27 00:45:18 开始第 5899 次操作

2024-02-27 00:45:18 开始操作号码 【1725818】
2024-02-27 00:45:26 GSD getOne 第 1 次 等待 3 秒
2024-02-27 00:45:29 查询号码 【1725818】，返回信息 {"status":"ok","msg":"-","gid":"305879","time_insert":"2021-07-17 18:41"}
2024-02-27 00:45:29 查询号码 【1725818】，GSD为【"-"】
2024-02-27 00:45:29 ok && -
2024-02-27 00:45:33 CHB 1725818?1708965929 第 1 次 等待 3 秒
2024-02-27 00:45:36 CHB 1725818?1708965929 第 1 次 获取到号码【1725818】GSD
2024-02-27 00:45:36 未获取到号码【1725818】GSD，可能号码格式错误
2024-02-27 00:45:36 获取到号码【1725818】的GSD为【-】
2024-02-27 00:45:42 GSD insert 第 1 次 等待 3 秒
2024-02-27 00:45:45 {"status":"bad","gid":"305879","msg":"添加失败！号码【1725818(-|-)】已存在！"}
2024-02-27 00:45:45 随机等待 168 秒，约 2 分钟
2024-02-27 00:45:45 下次操作: 2024-02-27 00:48:33

2024-02-27 00:48:33 开始第 5900 次操作

2024-02-27 00:48:33 开始操作号码 【1725819】
2024-02-27 00:48:38 GSD getOne 第 1 次 等待 3 秒
2024-02-27 00:48:41 查询号码 【1725819】，返回信息 {"status":"ok","msg":"-","gid":"305885","time_insert":"2021-07-17 18:41"}
2024-02-27 00:48:41 查询号码 【1725819】，GSD为【"-"】
2024-02-27 00:48:41 ok && -
2024-02-27 00:48:43 CHB 1725819?1708966121 第 1 次 等待 3 秒
2024-02-27 00:48:46 CHB 1725819?1708966121 第 1 次 获取到号码【1725819】GSD
2024-02-27 00:48:46 未获取到号码【1725819】GSD，可能号码格式错误
2024-02-27 00:48:46 获取到号码【1725819】的GSD为【-】
2024-02-27 00:48:55 GSD insert 第 1 次 等待 3 秒
2024-02-27 00:48:58 {"status":"bad","gid":"305885","msg":"添加失败！号码【1725819(-|-)】已存在！"}

2024-02-27 01:14:27 开始第 5901 次操作

2024-02-27 01:14:27 开始操作号码 【1725820】
2024-02-27 01:14:33 GSD getOne 第 1 次 等待 3 秒
2024-02-27 01:14:36 查询号码 【1725820】，返回信息 {"status":"ok","msg":"-","gid":"305894","time_insert":"2021-07-17 18:42"}
2024-02-27 01:14:36 查询号码 【1725820】，GSD为【"-"】
2024-02-27 01:14:36 ok && -
2024-02-27 01:14:39 CHB 1725820?1708967676 第 1 次 等待 3 秒
2024-02-27 01:14:42 CHB 1725820?1708967676 第 1 次 获取到号码【1725820】GSD
2024-02-27 01:14:42 未获取到号码【1725820】GSD，可能号码格式错误
2024-02-27 01:14:42 获取到号码【1725820】的GSD为【-】
2024-02-27 01:14:48 GSD insert 第 1 次 等待 3 秒
2024-02-27 01:14:51 {"status":"bad","gid":"305894","msg":"添加失败！号码【1725820(-|-)】已存在！"}
2024-02-27 01:14:51 随机等待 68 秒，约 1 分钟
2024-02-27 01:14:51 下次操作: 2024-02-27 01:15:59

2024-02-27 01:15:59 开始第 5902 次操作

2024-02-27 01:15:59 开始操作号码 【1725821】
2024-02-27 01:16:03 GSD getOne 第 1 次 等待 3 秒
2024-02-27 01:16:06 查询号码 【1725821】，返回信息 {"status":"ok","msg":"-","gid":"305901","time_insert":"2021-07-17 18:43"}
2024-02-27 01:16:06 查询号码 【1725821】，GSD为【"-"】
2024-02-27 01:16:06 ok && -
2024-02-27 01:16:09 CHB 1725821?1708967766 第 1 次 等待 3 秒
2024-02-27 01:16:12 CHB 1725821?1708967766 第 1 次 获取到号码【1725821】GSD
2024-02-27 01:16:12 未获取到号码【1725821】GSD，可能号码格式错误
2024-02-27 01:16:12 获取到号码【1725821】的GSD为【-】
2024-02-27 01:16:16 GSD insert 第 1 次 等待 3 秒
2024-02-27 01:16:19 {"status":"bad","gid":"305901","msg":"添加失败！号码【1725821(-|-)】已存在！"}
2024-02-27 01:16:19 随机等待 213 秒，约 3 分钟
2024-02-27 01:16:19 下次操作: 2024-02-27 01:19:52

2024-02-27 01:19:52 开始第 5903 次操作

2024-02-27 01:19:52 开始操作号码 【1725822】
2024-02-27 01:19:57 GSD getOne 第 1 次 等待 3 秒
2024-02-27 01:20:00 查询号码 【1725822】，返回信息 {"status":"ok","msg":"-","gid":"305912","time_insert":"2021-07-17 18:43"}
2024-02-27 01:20:00 查询号码 【1725822】，GSD为【"-"】
2024-02-27 01:20:00 ok && -
2024-02-27 01:20:03 CHB 1725822?1708968000 第 1 次 等待 3 秒
2024-02-27 01:20:06 CHB 1725822?1708968000 第 1 次 获取到号码【1725822】GSD
2024-02-27 01:20:06 未获取到号码【1725822】GSD，可能号码格式错误
2024-02-27 01:20:06 获取到号码【1725822】的GSD为【-】
2024-02-27 01:20:10 GSD insert 第 1 次 等待 3 秒
2024-02-27 01:20:13 {"status":"bad","gid":"305912","msg":"添加失败！号码【1725822(-|-)】已存在！"}
2024-02-27 01:20:13 随机等待 69 秒，约 1 分钟
2024-02-27 01:20:13 下次操作: 2024-02-27 01:21:22

2024-02-27 01:21:22 开始第 5904 次操作

2024-02-27 01:21:22 开始操作号码 【1725823】
2024-02-27 01:21:27 GSD getOne 第 1 次 等待 3 秒
2024-02-27 01:21:30 查询号码 【1725823】，返回信息 {"status":"ok","msg":"-","gid":"305922","time_insert":"2021-07-17 18:44"}
2024-02-27 01:21:30 查询号码 【1725823】，GSD为【"-"】
2024-02-27 01:21:30 ok && -
2024-02-27 01:21:33 CHB 1725823?1708968090 第 1 次 等待 3 秒
2024-02-27 01:21:36 CHB 1725823?1708968090 第 1 次 获取到号码【1725823】GSD
2024-02-27 01:21:36 未获取到号码【1725823】GSD，可能号码格式错误
2024-02-27 01:21:36 获取到号码【1725823】的GSD为【-】
2024-02-27 01:21:40 GSD insert 第 1 次 等待 3 秒
2024-02-27 01:21:43 {"status":"bad","gid":"305922","msg":"添加失败！号码【1725823(-|-)】已存在！"}

