2024-05-05 00:19:34 开始第 7113 次操作

2024-05-05 00:19:34 开始操作号码 【1617030】
2024-05-05 00:19:41 GSD getOne 第 1 次 等待 3 秒
2024-05-05 00:19:44 查询号码 【1617030】，返回信息 {"status":"ok","msg":"-","gid":"670680","time_insert":"2023-04-22 11:41"}
2024-05-05 00:19:44 查询号码 【1617030】，GSD为【"-"】
2024-05-05 00:19:44 ok && -
2024-05-05 00:19:46 CHB 1617030?1714839584 第 1 次 等待 3 秒
2024-05-05 00:19:49 CHB 1617030?1714839584 第 1 次 获取到号码【1617030】GSD
2024-05-05 00:19:49 未获取到号码【1617030】GSD，可能号码格式错误
2024-05-05 00:19:49 获取到号码【1617030】的GSD为【-】
2024-05-05 00:19:57 GSD insert 第 1 次 等待 3 秒
2024-05-05 00:20:00 {"status":"bad","gid":"670680","msg":"添加失败！号码【1617030(-|-)】已存在！"}
2024-05-05 00:20:00 随机等待 191 秒，约 3 分钟
2024-05-05 00:20:00 下次操作: 2024-05-05 00:23:11

2024-05-05 00:23:11 开始第 7114 次操作

2024-05-05 00:23:11 开始操作号码 【1617031】
2024-05-05 00:23:16 GSD getOne 第 1 次 等待 3 秒
2024-05-05 00:23:19 查询号码 【1617031】，返回信息 {"status":"ok","msg":"-","gid":"670714","time_insert":"2023-04-22 12:01"}
2024-05-05 00:23:19 查询号码 【1617031】，GSD为【"-"】
2024-05-05 00:23:19 ok && -
2024-05-05 00:23:21 CHB 1617031?1714839799 第 1 次 等待 3 秒
2024-05-05 00:23:24 CHB 1617031?1714839799 第 1 次 获取到号码【1617031】GSD
2024-05-05 00:23:24 未获取到号码【1617031】GSD，可能号码格式错误
2024-05-05 00:23:24 获取到号码【1617031】的GSD为【-】
2024-05-05 00:23:31 GSD insert 第 1 次 等待 3 秒
2024-05-05 00:23:34 {"status":"bad","gid":"670714","msg":"添加失败！号码【1617031(-|-)】已存在！"}
2024-05-05 00:23:34 随机等待 205 秒，约 3 分钟
2024-05-05 00:23:34 下次操作: 2024-05-05 00:26:59

2024-05-05 00:26:59 开始第 7115 次操作

2024-05-05 00:26:59 开始操作号码 【1617032】
2024-05-05 00:27:05 GSD getOne 第 1 次 等待 3 秒
2024-05-05 00:27:08 查询号码 【1617032】，返回信息 {"status":"ok","msg":"-","gid":"670741","time_insert":"2023-04-22 12:22"}
2024-05-05 00:27:08 查询号码 【1617032】，GSD为【"-"】
2024-05-05 00:27:08 ok && -
2024-05-05 00:27:10 CHB 1617032?1714840028 第 1 次 等待 3 秒
2024-05-05 00:27:13 CHB 1617032?1714840028 第 1 次 获取到号码【1617032】GSD
2024-05-05 00:27:13 未获取到号码【1617032】GSD，可能号码格式错误
2024-05-05 00:27:13 获取到号码【1617032】的GSD为【-】
2024-05-05 00:27:19 GSD insert 第 1 次 等待 3 秒
2024-05-05 00:27:22 {"status":"bad","gid":"670741","msg":"添加失败！号码【1617032(-|-)】已存在！"}
2024-05-05 00:27:22 随机等待 91 秒，约 1 分钟
2024-05-05 00:27:22 下次操作: 2024-05-05 00:28:53

2024-05-05 00:28:53 开始第 7116 次操作

2024-05-05 00:28:53 开始操作号码 【1617033】
2024-05-05 00:29:03 GSD getOne 第 1 次 等待 3 秒
2024-05-05 00:29:06 查询号码 【1617033】，返回信息 {"status":"ok","msg":"-","gid":"670771","time_insert":"2023-04-22 12:46"}
2024-05-05 00:29:06 查询号码 【1617033】，GSD为【"-"】
2024-05-05 00:29:06 ok && -
2024-05-05 00:29:08 CHB 1617033?1714840146 第 1 次 等待 3 秒
2024-05-05 00:29:11 CHB 1617033?1714840146 第 1 次 获取到号码【1617033】GSD
2024-05-05 00:29:11 未获取到号码【1617033】GSD，可能号码格式错误
2024-05-05 00:29:11 获取到号码【1617033】的GSD为【-】
2024-05-05 00:29:25 GSD insert 第 1 次 等待 3 秒
2024-05-05 00:29:28 {"status":"bad","gid":"670771","msg":"添加失败！号码【1617033(-|-)】已存在！"}

2024-05-05 00:37:31 开始第 7117 次操作

2024-05-05 00:37:31 开始操作号码 【1617034】
2024-05-05 00:37:46 GSD getOne 第 1 次 等待 3 秒
2024-05-05 00:37:49 查询号码 【1617034】，返回信息 {"status":"ok","msg":"-","gid":"670800","time_insert":"2023-04-22 13:02"}
2024-05-05 00:37:49 查询号码 【1617034】，GSD为【"-"】
2024-05-05 00:37:49 ok && -
2024-05-05 00:37:52 CHB 1617034?1714840669 第 1 次 等待 3 秒
2024-05-05 00:37:55 CHB 1617034?1714840669 第 1 次 获取到号码【1617034】GSD
2024-05-05 00:37:55 未获取到号码【1617034】GSD，可能号码格式错误
2024-05-05 00:37:55 获取到号码【1617034】的GSD为【-】
2024-05-05 00:38:02 GSD insert 第 1 次 等待 3 秒
2024-05-05 00:38:05 {"status":"bad","gid":"670800","msg":"添加失败！号码【1617034(-|-)】已存在！"}
2024-05-05 00:38:05 随机等待 216 秒，约 3 分钟
2024-05-05 00:38:05 下次操作: 2024-05-05 00:41:41

2024-05-05 00:41:41 开始第 7118 次操作

2024-05-05 00:41:41 开始操作号码 【1617035】
2024-05-05 00:41:47 GSD getOne 第 1 次 等待 3 秒
2024-05-05 00:41:50 查询号码 【1617035】，返回信息 {"status":"ok","msg":"-","gid":"670814","time_insert":"2023-04-22 13:13"}
2024-05-05 00:41:50 查询号码 【1617035】，GSD为【"-"】
2024-05-05 00:41:50 ok && -
2024-05-05 00:41:53 CHB 1617035?1714840910 第 1 次 等待 3 秒
2024-05-05 00:41:56 CHB 1617035?1714840910 第 1 次 获取到号码【1617035】GSD
2024-05-05 00:41:56 未获取到号码【1617035】GSD，可能号码格式错误
2024-05-05 00:41:56 获取到号码【1617035】的GSD为【-】
2024-05-05 00:42:05 GSD insert 第 1 次 等待 3 秒
2024-05-05 00:42:08 {"status":"bad","gid":"670814","msg":"添加失败！号码【1617035(-|-)】已存在！"}
2024-05-05 00:42:08 随机等待 222 秒，约 3 分钟
2024-05-05 00:42:08 下次操作: 2024-05-05 00:45:50

2024-05-05 00:45:50 开始第 7119 次操作

2024-05-05 00:45:50 开始操作号码 【1617036】
2024-05-05 00:45:56 GSD getOne 第 1 次 等待 3 秒
2024-05-05 00:45:59 查询号码 【1617036】，返回信息 {"status":"ok","msg":"-","gid":"670839","time_insert":"2023-04-22 13:31"}
2024-05-05 00:45:59 查询号码 【1617036】，GSD为【"-"】
2024-05-05 00:45:59 ok && -
2024-05-05 00:46:02 CHB 1617036?1714841159 第 1 次 等待 3 秒
2024-05-05 00:46:05 CHB 1617036?1714841159 第 1 次 获取到号码【1617036】GSD
2024-05-05 00:46:05 未获取到号码【1617036】GSD，可能号码格式错误
2024-05-05 00:46:05 获取到号码【1617036】的GSD为【-】
2024-05-05 00:46:11 GSD insert 第 1 次 等待 3 秒
2024-05-05 00:46:14 {"status":"bad","gid":"670839","msg":"添加失败！号码【1617036(-|-)】已存在！"}
2024-05-05 00:46:14 随机等待 217 秒，约 3 分钟
2024-05-05 00:46:14 下次操作: 2024-05-05 00:49:51

2024-05-05 00:49:51 开始第 7120 次操作

2024-05-05 00:49:51 开始操作号码 【1617037】
2024-05-05 00:49:56 GSD getOne 第 1 次 等待 3 秒
2024-05-05 00:49:59 查询号码 【1617037】，返回信息 {"status":"ok","msg":"-","gid":"670865","time_insert":"2023-04-22 13:45"}
2024-05-05 00:50:00 查询号码 【1617037】，GSD为【"-"】
2024-05-05 00:50:00 ok && -
2024-05-05 00:50:02 CHB 1617037?1714841400 第 1 次 等待 3 秒
2024-05-05 00:50:05 CHB 1617037?1714841400 第 1 次 获取到号码【1617037】GSD
2024-05-05 00:50:05 未获取到号码【1617037】GSD，可能号码格式错误
2024-05-05 00:50:05 获取到号码【1617037】的GSD为【-】
2024-05-05 00:50:12 GSD insert 第 1 次 等待 3 秒
2024-05-05 00:50:15 {"status":"bad","gid":"670865","msg":"添加失败！号码【1617037(-|-)】已存在！"}

