2024-10-21 00:07:18 开始第 609 次操作

2024-10-21 00:07:18 开始操作号码 【1310608】
2024-10-21 00:07:20 GSD getOne 第 1 次 等待 3 秒
2024-10-21 00:07:23 查询号码 【1310608】，返回信息 {"status":"ok","msg":"浙江-衢州","gid":"58537","time_insert":"2021-05-14 12:47"}
2024-10-21 00:07:23 查询号码 【1310608】，GSD为【"浙江-衢州"】

2024-10-21 00:07:24 开始第 610 次操作

2024-10-21 00:07:24 开始操作号码 【1310609】
2024-10-21 00:07:25 GSD getOne 第 1 次 等待 3 秒
2024-10-21 00:07:28 查询号码 【1310609】，返回信息 {"status":"ok","msg":"浙江-衢州","gid":"58546","time_insert":"2021-05-14 13:07"}
2024-10-21 00:07:28 查询号码 【1310609】，GSD为【"浙江-衢州"】

2024-10-21 00:07:29 开始第 611 次操作

2024-10-21 00:07:29 开始操作号码 【1310610】
2024-10-21 00:07:30 GSD getOne 第 1 次 等待 3 秒
2024-10-21 00:07:33 查询号码 【1310610】，返回信息 {"status":"ok","msg":"浙江-温州","gid":"58553","time_insert":"2021-05-14 13:22"}
2024-10-21 00:07:33 查询号码 【1310610】，GSD为【"浙江-温州"】

2024-10-21 00:07:34 开始第 612 次操作

2024-10-21 00:07:34 开始操作号码 【1310611】
2024-10-21 00:07:35 GSD getOne 第 1 次 等待 3 秒
2024-10-21 00:07:38 查询号码 【1310611】，返回信息 {"status":"ok","msg":"浙江-温州","gid":"58563","time_insert":"2021-05-14 13:44"}
2024-10-21 00:07:38 查询号码 【1310611】，GSD为【"浙江-温州"】

