2024-09-10 00:25:53 开始第 3729 次操作

2024-09-10 00:25:53 开始操作号码 【1393728】
2024-09-10 00:26:01 GSD getOne 第 1 次 等待 3 秒
2024-09-10 00:26:04 查询号码 【1393728】，返回信息 {"status":"ok","msg":"河南-安阳","gid":"53837","time_insert":"2020-12-17 17:34"}
2024-09-10 00:26:04 查询号码 【1393728】，GSD为【"河南-安阳"】

2024-09-10 00:26:05 开始第 3730 次操作

2024-09-10 00:26:05 开始操作号码 【1393729】
2024-09-10 00:26:12 GSD getOne 第 1 次 等待 3 秒
2024-09-10 00:26:15 查询号码 【1393729】，返回信息 {"status":"ok","msg":"河南-安阳","gid":"13150","time_insert":"2017-04-19 11:23","time_update":"2020-09-13 01:37"}
2024-09-10 00:26:16 查询号码 【1393729】，GSD为【"河南-安阳"】

2024-09-10 00:26:17 开始第 3731 次操作

2024-09-10 00:26:17 开始操作号码 【1393730】
2024-09-10 00:26:24 GSD getOne 第 1 次 等待 3 秒
2024-09-10 00:26:27 查询号码 【1393730】，返回信息 {"status":"ok","msg":"河南-新乡","gid":"182029","time_insert":"2021-07-03 14:39"}
2024-09-10 00:26:27 查询号码 【1393730】，GSD为【"河南-新乡"】

2024-09-10 00:26:28 开始第 3732 次操作

2024-09-10 00:26:28 开始操作号码 【1393731】
2024-09-10 00:26:36 GSD getOne 第 1 次 等待 3 秒
2024-09-10 00:26:39 查询号码 【1393731】，返回信息 {"status":"ok","msg":"河南-新乡","gid":"182065","time_insert":"2021-07-03 14:53"}
2024-09-10 00:26:39 查询号码 【1393731】，GSD为【"河南-新乡"】

2024-09-10 00:44:00 开始第 3733 次操作

2024-09-10 00:44:00 开始操作号码 【1393732】
2024-09-10 00:44:08 GSD getOne 第 1 次 等待 3 秒
2024-09-10 00:44:11 查询号码 【1393732】，返回信息 {"status":"ok","msg":"河南-新乡","gid":"182191","time_insert":"2021-07-03 15:04"}
2024-09-10 00:44:11 查询号码 【1393732】，GSD为【"河南-新乡"】

2024-09-10 00:44:12 开始第 3734 次操作

2024-09-10 00:44:12 开始操作号码 【1393733】
2024-09-10 00:44:20 GSD getOne 第 1 次 等待 3 秒
2024-09-10 00:44:23 查询号码 【1393733】，返回信息 {"status":"ok","msg":"河南-新乡","gid":"182319","time_insert":"2021-07-03 15:15"}
2024-09-10 00:44:23 查询号码 【1393733】，GSD为【"河南-新乡"】

2024-09-10 00:44:24 开始第 3735 次操作

2024-09-10 00:44:24 开始操作号码 【1393734】
2024-09-10 00:44:32 GSD getOne 第 1 次 等待 3 秒
2024-09-10 00:44:35 查询号码 【1393734】，返回信息 {"status":"ok","msg":"河南-新乡","gid":"53838","time_insert":"2020-09-06 12:21"}
2024-09-10 00:44:35 查询号码 【1393734】，GSD为【"河南-新乡"】

2024-09-10 00:44:36 开始第 3736 次操作

2024-09-10 00:44:36 开始操作号码 【1393735】
2024-09-10 00:44:44 GSD getOne 第 1 次 等待 3 秒
2024-09-10 00:44:47 查询号码 【1393735】，返回信息 {"status":"ok","msg":"河南-新乡","gid":"182384","time_insert":"2021-07-03 15:29"}
2024-09-10 00:44:47 查询号码 【1393735】，GSD为【"河南-新乡"】

