2024-09-14 00:24:53 开始第 4417 次操作

2024-09-14 00:24:53 开始操作号码 【1394416】
2024-09-14 00:25:01 GSD getOne 第 1 次 等待 3 秒
2024-09-14 00:25:04 查询号码 【1394416】，返回信息 {"status":"ok","msg":"吉林-长春","gid":"225449","time_insert":"2021-07-08 21:11"}
2024-09-14 00:25:05 查询号码 【1394416】，GSD为【"吉林-长春"】

2024-09-14 00:25:06 开始第 4418 次操作

2024-09-14 00:25:06 开始操作号码 【1394417】
2024-09-14 00:25:13 GSD getOne 第 1 次 等待 3 秒
2024-09-14 00:25:16 查询号码 【1394417】，返回信息 {"status":"ok","msg":"吉林-长春","gid":"225514","time_insert":"2021-07-08 21:21"}
2024-09-14 00:25:16 查询号码 【1394417】，GSD为【"吉林-长春"】

2024-09-14 00:25:18 开始第 4419 次操作

2024-09-14 00:25:18 开始操作号码 【1394418】
2024-09-14 00:25:25 GSD getOne 第 1 次 等待 3 秒
2024-09-14 00:25:28 查询号码 【1394418】，返回信息 {"status":"ok","msg":"吉林-长春","gid":"225544","time_insert":"2021-07-08 21:32"}
2024-09-14 00:25:28 查询号码 【1394418】，GSD为【"吉林-长春"】

2024-09-14 00:25:29 开始第 4420 次操作

2024-09-14 00:25:29 开始操作号码 【1394419】
2024-09-14 00:25:38 GSD getOne 第 1 次 等待 3 秒
2024-09-14 00:25:41 查询号码 【1394419】，返回信息 {"status":"ok","msg":"吉林-长春","gid":"225633","time_insert":"2021-07-08 21:46"}
2024-09-14 00:25:41 查询号码 【1394419】，GSD为【"吉林-长春"】

2024-09-14 00:43:08 开始第 4421 次操作

2024-09-14 00:43:08 开始操作号码 【1394420】
2024-09-14 00:43:16 GSD getOne 第 1 次 等待 3 秒
2024-09-14 00:43:19 查询号码 【1394420】，返回信息 {"status":"ok","msg":"吉林-吉林","gid":"225816","time_insert":"2021-07-08 22:01"}
2024-09-14 00:43:19 查询号码 【1394420】，GSD为【"吉林-吉林"】

2024-09-14 00:43:20 开始第 4422 次操作

2024-09-14 00:43:20 开始操作号码 【1394421】
2024-09-14 00:43:28 GSD getOne 第 1 次 等待 3 秒
2024-09-14 00:43:31 查询号码 【1394421】，返回信息 {"status":"ok","msg":"吉林-吉林","gid":"225887","time_insert":"2021-07-08 22:13"}
2024-09-14 00:43:31 查询号码 【1394421】，GSD为【"吉林-吉林"】

2024-09-14 00:43:32 开始第 4423 次操作

2024-09-14 00:43:32 开始操作号码 【1394422】
2024-09-14 00:43:43 GSD getOne 第 1 次 等待 3 秒
2024-09-14 00:43:46 查询号码 【1394422】，返回信息 {"status":"ok","msg":"吉林-吉林","gid":"225908","time_insert":"2021-07-08 22:25"}
2024-09-14 00:43:46 查询号码 【1394422】，GSD为【"吉林-吉林"】

2024-09-14 00:43:47 开始第 4424 次操作

2024-09-14 00:43:47 开始操作号码 【1394423】
2024-09-14 00:44:00 GSD getOne 第 1 次 等待 3 秒
2024-09-14 00:44:03 查询号码 【1394423】，返回信息 {"status":"ok","msg":"吉林-吉林","gid":"225948","time_insert":"2021-07-08 22:40"}
2024-09-14 00:44:03 查询号码 【1394423】，GSD为【"吉林-吉林"】

2024-09-14 01:18:10 开始第 4425 次操作

2024-09-14 01:18:10 开始操作号码 【1394424】
2024-09-14 01:18:17 GSD getOne 第 1 次 等待 3 秒
2024-09-14 01:18:20 查询号码 【1394424】，返回信息 {"status":"ok","msg":"吉林-吉林","gid":"226099","time_insert":"2021-07-08 22:53"}
2024-09-14 01:18:20 查询号码 【1394424】，GSD为【"吉林-吉林"】

2024-09-14 01:18:22 开始第 4426 次操作

2024-09-14 01:18:22 开始操作号码 【1394425】
2024-09-14 01:18:29 GSD getOne 第 1 次 等待 3 秒
2024-09-14 01:18:32 查询号码 【1394425】，返回信息 {"status":"ok","msg":"吉林-吉林","gid":"226198","time_insert":"2021-07-08 23:03"}
2024-09-14 01:18:32 查询号码 【1394425】，GSD为【"吉林-吉林"】

2024-09-14 01:18:33 开始第 4427 次操作

2024-09-14 01:18:33 开始操作号码 【1394426】
2024-09-14 01:18:42 GSD getOne 第 1 次 等待 3 秒
2024-09-14 01:18:45 查询号码 【1394426】，返回信息 {"status":"ok","msg":"吉林-吉林","gid":"226271","time_insert":"2021-07-08 23:17"}
2024-09-14 01:18:45 查询号码 【1394426】，GSD为【"吉林-吉林"】

2024-09-14 01:18:46 开始第 4428 次操作

2024-09-14 01:18:46 开始操作号码 【1394427】
2024-09-14 01:18:54 GSD getOne 第 1 次 等待 3 秒
2024-09-14 01:18:57 查询号码 【1394427】，返回信息 {"status":"ok","msg":"吉林-吉林","gid":"226295","time_insert":"2021-07-08 23:31"}
2024-09-14 01:18:57 查询号码 【1394427】，GSD为【"吉林-吉林"】

