2024-09-30 00:25:40 开始第 7117 次操作

2024-09-30 00:25:40 开始操作号码 【1397116】
2024-09-30 00:25:42 GSD getOne 第 1 次 等待 3 秒
2024-09-30 00:25:45 查询号码 【1397116】，返回信息 {"status":"ok","msg":"湖北-武汉","gid":"13424","time_insert":"2015-09-12 01:32","time_update":"2020-09-16 01:51"}
2024-09-30 00:25:45 查询号码 【1397116】，GSD为【"湖北-武汉"】

2024-09-30 00:25:46 开始第 7118 次操作

2024-09-30 00:25:46 开始操作号码 【1397117】
2024-09-30 00:25:51 GSD getOne 第 1 次 等待 3 秒
2024-09-30 00:25:54 查询号码 【1397117】，返回信息 {"status":"ok","msg":"湖北-武汉","gid":"13425","time_insert":"2019-02-14 14:55","time_update":"2020-09-16 01:55"}
2024-09-30 00:25:54 查询号码 【1397117】，GSD为【"湖北-武汉"】

2024-09-30 00:25:55 开始第 7119 次操作

2024-09-30 00:25:55 开始操作号码 【1397118】
2024-09-30 00:25:57 GSD getOne 第 1 次 等待 3 秒
2024-09-30 00:26:00 查询号码 【1397118】，返回信息 {"status":"ok","msg":"湖北-武汉","gid":"52075","time_insert":"2021-04-22 10:41"}
2024-09-30 00:26:00 查询号码 【1397118】，GSD为【"湖北-武汉"】

2024-09-30 00:26:01 开始第 7120 次操作

2024-09-30 00:26:01 开始操作号码 【1397119】
2024-09-30 00:26:04 GSD getOne 第 1 次 等待 3 秒
2024-09-30 00:26:07 查询号码 【1397119】，返回信息 {"status":"ok","msg":"湖北-武汉","gid":"341820","time_insert":"2021-07-21 01:24"}
2024-09-30 00:26:07 查询号码 【1397119】，GSD为【"湖北-武汉"】

