2024-03-17 00:17:50 开始第 9265 次操作

2024-03-17 00:17:50 开始操作号码 【1729184】
2024-03-17 00:17:54 GSD getOne 第 1 次 等待 3 秒
2024-03-17 00:17:57 查询号码 【1729184】，返回信息 {"status":"ok","msg":"吉林-长春","gid":"347970","time_insert":"2021-07-21 18:03"}
2024-03-17 00:17:57 查询号码 【1729184】，GSD为【"吉林-长春"】

2024-03-17 00:17:58 开始第 9266 次操作

2024-03-17 00:17:58 开始操作号码 【1729185】
2024-03-17 00:18:04 GSD getOne 第 1 次 等待 3 秒
2024-03-17 00:18:07 查询号码 【1729185】，返回信息 {"status":"ok","msg":"吉林-长春","gid":"347975","time_insert":"2021-07-21 18:04"}
2024-03-17 00:18:07 查询号码 【1729185】，GSD为【"吉林-长春"】

2024-03-17 00:18:08 开始第 9267 次操作

2024-03-17 00:18:08 开始操作号码 【1729186】
2024-03-17 00:18:14 GSD getOne 第 1 次 等待 3 秒
2024-03-17 00:18:17 查询号码 【1729186】，返回信息 {"status":"ok","msg":"吉林-长春","gid":"347983","time_insert":"2021-07-21 18:05"}
2024-03-17 00:18:17 查询号码 【1729186】，GSD为【"吉林-长春"】

2024-03-17 00:18:18 开始第 9268 次操作

2024-03-17 00:18:18 开始操作号码 【1729187】
2024-03-17 00:18:24 GSD getOne 第 1 次 等待 3 秒
2024-03-17 00:18:27 查询号码 【1729187】，返回信息 {"status":"ok","msg":"吉林-长春","gid":"347992","time_insert":"2021-07-21 18:06"}
2024-03-17 00:18:27 查询号码 【1729187】，GSD为【"吉林-长春"】

2024-03-17 00:37:32 开始第 9269 次操作

2024-03-17 00:37:32 开始操作号码 【1729188】
2024-03-17 00:37:38 GSD getOne 第 1 次 等待 3 秒
2024-03-17 00:37:41 查询号码 【1729188】，返回信息 {"status":"ok","msg":"吉林-长春","gid":"347997","time_insert":"2021-07-21 18:07"}
2024-03-17 00:37:41 查询号码 【1729188】，GSD为【"吉林-长春"】

2024-03-17 00:37:42 开始第 9270 次操作

2024-03-17 00:37:42 开始操作号码 【1729189】
2024-03-17 00:37:48 GSD getOne 第 1 次 等待 3 秒
2024-03-17 00:37:51 查询号码 【1729189】，返回信息 {"status":"ok","msg":"吉林-长春","gid":"348007","time_insert":"2021-07-21 18:08"}
2024-03-17 00:37:51 查询号码 【1729189】，GSD为【"吉林-长春"】

2024-03-17 00:37:52 开始第 9271 次操作

2024-03-17 00:37:52 开始操作号码 【1729190】
2024-03-17 00:37:59 GSD getOne 第 1 次 等待 3 秒
2024-03-17 00:38:02 查询号码 【1729190】，返回信息 {"status":"ok","msg":"吉林-长春","gid":"348014","time_insert":"2021-07-21 18:09"}
2024-03-17 00:38:02 查询号码 【1729190】，GSD为【"吉林-长春"】

2024-03-17 00:38:03 开始第 9272 次操作

2024-03-17 00:38:03 开始操作号码 【1729191】
2024-03-17 00:38:07 GSD getOne 第 1 次 等待 3 秒
2024-03-17 00:38:10 查询号码 【1729191】，返回信息 {"status":"ok","msg":"吉林-长春","gid":"348019","time_insert":"2021-07-21 18:09"}
2024-03-17 00:38:11 查询号码 【1729191】，GSD为【"吉林-长春"】

