2024-11-04 00:07:50 开始第 3069 次操作

2024-11-04 00:07:50 开始操作号码 【1313068】
2024-11-04 00:07:51 GSD getOne 第 1 次 等待 3 秒
2024-11-04 00:07:54 查询号码 【1313068】，返回信息 {"status":"ok","msg":"辽宁-阜新","gid":"102848","time_insert":"2021-06-18 07:54"}
2024-11-04 00:07:54 查询号码 【1313068】，GSD为【"辽宁-阜新"】

2024-11-04 00:07:55 开始第 3070 次操作

2024-11-04 00:07:55 开始操作号码 【1313069】
2024-11-04 00:07:56 GSD getOne 第 1 次 等待 3 秒
2024-11-04 00:07:59 查询号码 【1313069】，返回信息 {"status":"ok","msg":"辽宁-阜新","gid":"102870","time_insert":"2021-06-18 08:12"}
2024-11-04 00:07:59 查询号码 【1313069】，GSD为【"辽宁-阜新"】

2024-11-04 00:08:00 开始第 3071 次操作

2024-11-04 00:08:00 开始操作号码 【1313070】
2024-11-04 00:08:01 GSD getOne 第 1 次 等待 3 秒
2024-11-04 00:08:04 查询号码 【1313070】，返回信息 {"status":"ok","msg":"辽宁-辽阳","gid":"102900","time_insert":"2021-06-18 08:39"}
2024-11-04 00:08:04 查询号码 【1313070】，GSD为【"辽宁-辽阳"】

2024-11-04 00:08:05 开始第 3072 次操作

2024-11-04 00:08:05 开始操作号码 【1313071】
2024-11-04 00:08:06 GSD getOne 第 1 次 等待 3 秒
2024-11-04 00:08:09 查询号码 【1313071】，返回信息 {"status":"ok","msg":"辽宁-辽阳","gid":"102926","time_insert":"2021-06-18 09:01"}
2024-11-04 00:08:09 查询号码 【1313071】，GSD为【"辽宁-辽阳"】

