2024-01-05 00:21:43 开始第 6945 次操作

2024-01-05 00:21:43 开始操作号码 【1836864】
2024-01-05 00:21:47 GSD getOne 第 1 次 等待 3 秒
2024-01-05 00:21:50 查询号码 【1836864】，返回信息 {"status":"ok","msg":"浙江-金华","gid":"38037","time_insert":"2020-01-17 21:10","time_update":"2020-09-02 20:36"}
2024-01-05 00:21:50 查询号码 【1836864】，GSD为【"浙江-金华"】

2024-01-05 00:21:51 开始第 6946 次操作

2024-01-05 00:21:51 开始操作号码 【1836865】
2024-01-05 00:21:54 GSD getOne 第 1 次 等待 3 秒
2024-01-05 00:21:57 查询号码 【1836865】，返回信息 {"status":"ok","msg":"浙江-金华","gid":"343694","time_insert":"2021-07-21 05:55","time_update":"2021-08-09 10:25"}
2024-01-05 00:21:57 查询号码 【1836865】，GSD为【"浙江-金华"】

2024-01-05 00:21:58 开始第 6947 次操作

2024-01-05 00:21:58 开始操作号码 【1836866】
2024-01-05 00:22:01 GSD getOne 第 1 次 等待 3 秒
2024-01-05 00:22:04 查询号码 【1836866】，返回信息 {"status":"ok","msg":"浙江-金华","gid":"343715","time_insert":"2021-07-21 05:56","time_update":"2021-08-09 10:38"}
2024-01-05 00:22:04 查询号码 【1836866】，GSD为【"浙江-金华"】

2024-01-05 00:22:05 开始第 6948 次操作

2024-01-05 00:22:05 开始操作号码 【1836867】
2024-01-05 00:22:14 GSD getOne 第 1 次 等待 3 秒
2024-01-05 00:22:17 查询号码 【1836867】，返回信息 {"status":"ok","msg":"浙江-金华","gid":"343728","time_insert":"2021-07-21 05:57","time_update":"2021-08-09 10:49"}
2024-01-05 00:22:17 查询号码 【1836867】，GSD为【"浙江-金华"】

2024-01-05 00:41:17 开始第 6949 次操作

2024-01-05 00:41:17 开始操作号码 【1836868】
2024-01-05 00:41:20 GSD getOne 第 1 次 等待 3 秒
2024-01-05 00:41:23 查询号码 【1836868】，返回信息 {"status":"ok","msg":"浙江-金华","gid":"343743","time_insert":"2021-07-21 05:59","time_update":"2021-08-09 10:58"}
2024-01-05 00:41:23 查询号码 【1836868】，GSD为【"浙江-金华"】

2024-01-05 00:41:24 开始第 6950 次操作

2024-01-05 00:41:24 开始操作号码 【1836869】
2024-01-05 00:41:27 GSD getOne 第 1 次 等待 3 秒
2024-01-05 00:41:30 查询号码 【1836869】，返回信息 {"status":"ok","msg":"浙江-金华","gid":"343758","time_insert":"2021-07-21 06:00","time_update":"2021-08-09 11:05"}
2024-01-05 00:41:30 查询号码 【1836869】，GSD为【"浙江-金华"】

2024-01-05 00:41:31 开始第 6951 次操作

2024-01-05 00:41:31 开始操作号码 【1836870】
2024-01-05 00:41:34 GSD getOne 第 1 次 等待 3 秒
2024-01-05 00:41:37 查询号码 【1836870】，返回信息 {"status":"ok","msg":"浙江-温州","gid":"343776","time_insert":"2021-07-21 06:01","time_update":"2021-08-09 11:15"}
2024-01-05 00:41:37 查询号码 【1836870】，GSD为【"浙江-温州"】

2024-01-05 00:41:38 开始第 6952 次操作

2024-01-05 00:41:38 开始操作号码 【1836871】
2024-01-05 00:41:45 GSD getOne 第 1 次 等待 3 秒
2024-01-05 00:41:48 查询号码 【1836871】，返回信息 {"status":"ok","msg":"浙江-温州","gid":"343789","time_insert":"2021-07-21 06:03","time_update":"2021-08-09 11:28"}
2024-01-05 00:41:48 查询号码 【1836871】，GSD为【"浙江-温州"】

