2024-04-28 00:18:30 开始第 5873 次操作

2024-04-28 00:18:30 开始操作号码 【1615790】
2024-04-28 00:18:37 GSD getOne 第 1 次 等待 3 秒
2024-04-28 00:18:40 查询号码 【1615790】，返回信息 {"status":"ok","msg":"-","gid":"640733","time_insert":"2023-04-08 05:56"}
2024-04-28 00:18:40 查询号码 【1615790】，GSD为【"-"】
2024-04-28 00:18:40 ok && -
2024-04-28 00:18:43 CHB 1615790?1714234720 第 1 次 等待 3 秒
2024-04-28 00:18:46 CHB 1615790?1714234720 第 1 次 获取到号码【1615790】GSD
2024-04-28 00:18:46 未获取到号码【1615790】GSD，可能号码格式错误
2024-04-28 00:18:46 获取到号码【1615790】的GSD为【-】
2024-04-28 00:18:52 GSD insert 第 1 次 等待 3 秒
2024-04-28 00:18:55 {"status":"bad","gid":"640733","msg":"添加失败！号码【1615790(-|-)】已存在！"}
2024-04-28 00:18:55 随机等待 228 秒，约 3 分钟
2024-04-28 00:18:55 下次操作: 2024-04-28 00:22:43

2024-04-28 00:22:43 开始第 5874 次操作

2024-04-28 00:22:43 开始操作号码 【1615791】
2024-04-28 00:22:49 GSD getOne 第 1 次 等待 3 秒
2024-04-28 00:22:52 查询号码 【1615791】，返回信息 {"status":"ok","msg":"-","gid":"640749","time_insert":"2023-04-08 06:07"}
2024-04-28 00:22:52 查询号码 【1615791】，GSD为【"-"】
2024-04-28 00:22:52 ok && -
2024-04-28 00:22:54 CHB 1615791?1714234972 第 1 次 等待 3 秒
2024-04-28 00:22:57 CHB 1615791?1714234972 第 1 次 获取到号码【1615791】GSD
2024-04-28 00:22:57 未获取到号码【1615791】GSD，可能号码格式错误
2024-04-28 00:22:57 获取到号码【1615791】的GSD为【-】
2024-04-28 00:23:02 GSD insert 第 1 次 等待 3 秒
2024-04-28 00:23:05 {"status":"bad","gid":"640749","msg":"添加失败！号码【1615791(-|-)】已存在！"}
2024-04-28 00:23:05 随机等待 73 秒，约 1 分钟
2024-04-28 00:23:05 下次操作: 2024-04-28 00:24:18

2024-04-28 00:24:18 开始第 5875 次操作

2024-04-28 00:24:18 开始操作号码 【1615792】
2024-04-28 00:24:24 GSD getOne 第 1 次 等待 3 秒
2024-04-28 00:24:27 查询号码 【1615792】，返回信息 {"status":"ok","msg":"-","gid":"640765","time_insert":"2023-04-08 06:21"}
2024-04-28 00:24:27 查询号码 【1615792】，GSD为【"-"】
2024-04-28 00:24:27 ok && -
2024-04-28 00:24:29 CHB 1615792?1714235067 第 1 次 等待 3 秒
2024-04-28 00:24:32 CHB 1615792?1714235067 第 1 次 获取到号码【1615792】GSD
2024-04-28 00:24:32 未获取到号码【1615792】GSD，可能号码格式错误
2024-04-28 00:24:32 获取到号码【1615792】的GSD为【-】
2024-04-28 00:24:38 GSD insert 第 1 次 等待 3 秒
2024-04-28 00:24:41 {"status":"bad","gid":"640765","msg":"添加失败！号码【1615792(-|-)】已存在！"}
2024-04-28 00:24:41 随机等待 165 秒，约 2 分钟
2024-04-28 00:24:41 下次操作: 2024-04-28 00:27:26

2024-04-28 00:27:27 开始第 5876 次操作

2024-04-28 00:27:27 开始操作号码 【1615793】
2024-04-28 00:27:53 GSD getOne 第 1 次 等待 3 秒
2024-04-28 00:27:56 查询号码 【1615793】，返回信息 {"status":"ok","msg":"-","gid":"640814","time_insert":"2023-04-08 06:54"}
2024-04-28 00:27:56 查询号码 【1615793】，GSD为【"-"】
2024-04-28 00:27:56 ok && -
2024-04-28 00:27:58 CHB 1615793?1714235276 第 1 次 等待 3 秒
2024-04-28 00:28:01 CHB 1615793?1714235276 第 1 次 获取到号码【1615793】GSD
2024-04-28 00:28:01 未获取到号码【1615793】GSD，可能号码格式错误
2024-04-28 00:28:01 获取到号码【1615793】的GSD为【-】
2024-04-28 00:28:07 GSD insert 第 1 次 等待 3 秒
2024-04-28 00:28:10 {"status":"bad","gid":"640814","msg":"添加失败！号码【1615793(-|-)】已存在！"}

