2024-12-13 00:09:24 开始第 9933 次操作

2024-12-13 00:09:24 开始操作号码 【1319932】
2024-12-13 00:09:26 GSD getOne 第 1 次 等待 3 秒
2024-12-13 00:09:29 查询号码 【1319932】，返回信息 {"status":"ok","msg":"黑龙江-大兴安岭","gid":"199059","time_insert":"2021-07-05 16:43"}
2024-12-13 00:09:29 查询号码 【1319932】，GSD为【"黑龙江-大兴安岭"】

2024-12-13 00:09:30 开始第 9934 次操作

2024-12-13 00:09:30 开始操作号码 【1319933】
2024-12-13 00:09:31 GSD getOne 第 1 次 等待 3 秒
2024-12-13 00:09:34 查询号码 【1319933】，返回信息 {"status":"ok","msg":"黑龙江-牡丹江","gid":"199054","time_insert":"2021-07-05 16:42"}
2024-12-13 00:09:34 查询号码 【1319933】，GSD为【"黑龙江-牡丹江"】

2024-12-13 00:09:35 开始第 9935 次操作

2024-12-13 00:09:35 开始操作号码 【1319934】
2024-12-13 00:09:36 GSD getOne 第 1 次 等待 3 秒
2024-12-13 00:09:39 查询号码 【1319934】，返回信息 {"status":"ok","msg":"黑龙江-牡丹江","gid":"199051","time_insert":"2021-07-05 16:42"}
2024-12-13 00:09:39 查询号码 【1319934】，GSD为【"黑龙江-牡丹江"】

2024-12-13 00:09:40 开始第 9936 次操作

2024-12-13 00:09:40 开始操作号码 【1319935】
2024-12-13 00:09:41 GSD getOne 第 1 次 等待 3 秒
2024-12-13 00:09:44 查询号码 【1319935】，返回信息 {"status":"ok","msg":"黑龙江-牡丹江","gid":"198958","time_insert":"2021-07-05 16:00"}
2024-12-13 00:09:44 查询号码 【1319935】，GSD为【"黑龙江-牡丹江"】

2024-12-13 00:44:28 开始第 9937 次操作

2024-12-13 00:44:28 开始操作号码 【1319936】
2024-12-13 00:44:29 GSD getOne 第 1 次 等待 3 秒
2024-12-13 00:44:32 查询号码 【1319936】，返回信息 {"status":"ok","msg":"黑龙江-牡丹江","gid":"198952","time_insert":"2021-07-05 15:59"}
2024-12-13 00:44:32 查询号码 【1319936】，GSD为【"黑龙江-牡丹江"】

2024-12-13 00:44:33 开始第 9938 次操作

2024-12-13 00:44:33 开始操作号码 【1319937】
2024-12-13 00:44:34 GSD getOne 第 1 次 等待 3 秒
2024-12-13 00:44:37 查询号码 【1319937】，返回信息 {"status":"ok","msg":"黑龙江-牡丹江","gid":"198949","time_insert":"2021-07-05 15:58"}
2024-12-13 00:44:38 查询号码 【1319937】，GSD为【"黑龙江-牡丹江"】

2024-12-13 00:44:39 开始第 9939 次操作

2024-12-13 00:44:39 开始操作号码 【1319938】
2024-12-13 00:44:40 GSD getOne 第 1 次 等待 3 秒
2024-12-13 00:44:43 查询号码 【1319938】，返回信息 {"status":"ok","msg":"黑龙江-牡丹江","gid":"198940","time_insert":"2021-07-05 15:57"}
2024-12-13 00:44:43 查询号码 【1319938】，GSD为【"黑龙江-牡丹江"】

2024-12-13 00:44:44 开始第 9940 次操作

2024-12-13 00:44:44 开始操作号码 【1319939】
2024-12-13 00:44:45 GSD getOne 第 1 次 等待 3 秒
2024-12-13 00:44:48 查询号码 【1319939】，返回信息 {"status":"ok","msg":"黑龙江-牡丹江","gid":"198935","time_insert":"2021-07-05 15:56"}
2024-12-13 00:44:48 查询号码 【1319939】，GSD为【"黑龙江-牡丹江"】

2024-12-13 01:06:51 开始第 9941 次操作

2024-12-13 01:06:51 开始操作号码 【1319940】
2024-12-13 01:06:52 GSD getOne 第 1 次 等待 3 秒
2024-12-13 01:06:55 查询号码 【1319940】，返回信息 {"status":"ok","msg":"黑龙江-大庆","gid":"198930","time_insert":"2021-07-05 15:56"}
2024-12-13 01:06:55 查询号码 【1319940】，GSD为【"黑龙江-大庆"】

2024-12-13 01:06:56 开始第 9942 次操作

2024-12-13 01:06:56 开始操作号码 【1319941】
2024-12-13 01:06:57 GSD getOne 第 1 次 等待 3 秒
2024-12-13 01:07:00 查询号码 【1319941】，返回信息 {"status":"ok","msg":"黑龙江-大庆","gid":"198924","time_insert":"2021-07-05 15:55"}
2024-12-13 01:07:00 查询号码 【1319941】，GSD为【"黑龙江-大庆"】

2024-12-13 01:07:01 开始第 9943 次操作

2024-12-13 01:07:01 开始操作号码 【1319942】
2024-12-13 01:07:02 GSD getOne 第 1 次 等待 3 秒
2024-12-13 01:07:05 查询号码 【1319942】，返回信息 {"status":"ok","msg":"黑龙江-鸡西","gid":"198919","time_insert":"2021-07-05 15:54"}
2024-12-13 01:07:05 查询号码 【1319942】，GSD为【"黑龙江-鸡西"】

2024-12-13 01:07:06 开始第 9944 次操作

2024-12-13 01:07:06 开始操作号码 【1319943】
2024-12-13 01:07:07 GSD getOne 第 1 次 等待 3 秒
2024-12-13 01:07:10 查询号码 【1319943】，返回信息 {"status":"ok","msg":"黑龙江-鸡西","gid":"198909","time_insert":"2021-07-05 15:53","time_update":"2021-07-06 03:19"}
2024-12-13 01:07:10 查询号码 【1319943】，GSD为【"黑龙江-鸡西"】

2024-12-13 01:37:25 开始第 9945 次操作

2024-12-13 01:37:25 开始操作号码 【1319944】
2024-12-13 01:37:26 GSD getOne 第 1 次 等待 3 秒
2024-12-13 01:37:29 查询号码 【1319944】，返回信息 {"status":"ok","msg":"黑龙江-哈尔滨","gid":"198903","time_insert":"2021-07-05 15:53","time_update":"2021-07-06 04:24"}
2024-12-13 01:37:29 查询号码 【1319944】，GSD为【"黑龙江-哈尔滨"】

2024-12-13 01:37:30 开始第 9946 次操作

2024-12-13 01:37:30 开始操作号码 【1319945】
2024-12-13 01:37:31 GSD getOne 第 1 次 等待 3 秒
2024-12-13 01:37:34 查询号码 【1319945】，返回信息 {"status":"ok","msg":"黑龙江-哈尔滨","gid":"198898","time_insert":"2021-07-05 15:52"}
2024-12-13 01:37:34 查询号码 【1319945】，GSD为【"黑龙江-哈尔滨"】

2024-12-13 01:37:35 开始第 9947 次操作

2024-12-13 01:37:35 开始操作号码 【1319946】
2024-12-13 01:37:36 GSD getOne 第 1 次 等待 3 秒
2024-12-13 01:37:39 查询号码 【1319946】，返回信息 {"status":"ok","msg":"黑龙江-哈尔滨","gid":"198888","time_insert":"2021-07-05 15:51"}
2024-12-13 01:37:39 查询号码 【1319946】，GSD为【"黑龙江-哈尔滨"】

2024-12-13 01:37:40 开始第 9948 次操作

2024-12-13 01:37:40 开始操作号码 【1319947】
2024-12-13 01:37:41 GSD getOne 第 1 次 等待 3 秒
2024-12-13 01:37:44 查询号码 【1319947】，返回信息 {"status":"ok","msg":"黑龙江-哈尔滨","gid":"198877","time_insert":"2021-07-05 15:50"}
2024-12-13 01:37:44 查询号码 【1319947】，GSD为【"黑龙江-哈尔滨"】

2024-12-13 02:10:50 开始第 9949 次操作

2024-12-13 02:10:50 开始操作号码 【1319948】
2024-12-13 02:10:52 GSD getOne 第 1 次 等待 3 秒
2024-12-13 02:10:55 查询号码 【1319948】，返回信息 {"status":"ok","msg":"黑龙江-哈尔滨","gid":"198870","time_insert":"2021-07-05 15:49"}
2024-12-13 02:10:55 查询号码 【1319948】，GSD为【"黑龙江-哈尔滨"】

2024-12-13 02:10:56 开始第 9950 次操作

2024-12-13 02:10:56 开始操作号码 【1319949】
2024-12-13 02:10:57 GSD getOne 第 1 次 等待 3 秒
2024-12-13 02:11:00 查询号码 【1319949】，返回信息 {"status":"ok","msg":"黑龙江-哈尔滨","gid":"198860","time_insert":"2021-07-05 15:49"}
2024-12-13 02:11:00 查询号码 【1319949】，GSD为【"黑龙江-哈尔滨"】

2024-12-13 02:11:01 开始第 9951 次操作

2024-12-13 02:11:01 开始操作号码 【1319950】
2024-12-13 02:11:02 GSD getOne 第 1 次 等待 3 秒
2024-12-13 02:11:05 查询号码 【1319950】，返回信息 {"status":"ok","msg":"黑龙江-哈尔滨","gid":"198846","time_insert":"2021-07-05 15:48"}
2024-12-13 02:11:05 查询号码 【1319950】，GSD为【"黑龙江-哈尔滨"】

2024-12-13 02:11:06 开始第 9952 次操作

2024-12-13 02:11:06 开始操作号码 【1319951】
2024-12-13 02:11:07 GSD getOne 第 1 次 等待 3 秒
2024-12-13 02:11:10 查询号码 【1319951】，返回信息 {"status":"ok","msg":"黑龙江-哈尔滨","gid":"198833","time_insert":"2021-07-05 15:47"}
2024-12-13 02:11:10 查询号码 【1319951】，GSD为【"黑龙江-哈尔滨"】

