2023-11-16 00:22:22 开始第 8745 次操作

2023-11-16 00:22:22 开始操作号码 【1938663】
2023-11-16 00:22:27 GSD getOne 第 1 次 等待 3 秒
2023-11-16 00:22:30 查询号码 【1938663】，返回信息 {"status":"ok","msg":"湖南-常德","gid":"448617","time_insert":"2021-07-30 21:35"}
2023-11-16 00:22:30 查询号码 【1938663】，GSD为【"湖南-常德"】

2023-11-16 00:22:31 开始第 8746 次操作

2023-11-16 00:22:31 开始操作号码 【1938664】
2023-11-16 00:22:39 GSD getOne 第 1 次 等待 3 秒
2023-11-16 00:22:42 查询号码 【1938664】，返回信息 {"status":"ok","msg":"湖南-常德","gid":"448613","time_insert":"2021-07-30 21:35"}
2023-11-16 00:22:42 查询号码 【1938664】，GSD为【"湖南-常德"】

2023-11-16 00:22:43 开始第 8747 次操作

2023-11-16 00:22:43 开始操作号码 【1938665】
2023-11-16 00:22:50 GSD getOne 第 1 次 等待 3 秒
2023-11-16 00:22:53 查询号码 【1938665】，返回信息 {"status":"ok","msg":"湖南-长沙","gid":"448608","time_insert":"2021-07-30 21:34"}
2023-11-16 00:22:53 查询号码 【1938665】，GSD为【"湖南-长沙"】

2023-11-16 00:22:54 开始第 8748 次操作

2023-11-16 00:22:54 开始操作号码 【1938666】
2023-11-16 00:23:00 GSD getOne 第 1 次 等待 3 秒
2023-11-16 00:23:03 查询号码 【1938666】，返回信息 {"status":"ok","msg":"湖南-长沙","gid":"448604","time_insert":"2021-07-30 21:34"}
2023-11-16 00:23:03 查询号码 【1938666】，GSD为【"湖南-长沙"】

2023-11-16 00:42:08 开始第 8749 次操作

2023-11-16 00:42:08 开始操作号码 【1938667】
2023-11-16 00:42:15 GSD getOne 第 1 次 等待 3 秒
2023-11-16 00:42:18 查询号码 【1938667】，返回信息 {"status":"ok","msg":"湖南-长沙","gid":"448598","time_insert":"2021-07-30 21:33"}
2023-11-16 00:42:18 查询号码 【1938667】，GSD为【"湖南-长沙"】

2023-11-16 00:42:19 开始第 8750 次操作

2023-11-16 00:42:19 开始操作号码 【1938668】
2023-11-16 00:42:22 GSD getOne 第 1 次 等待 3 秒
2023-11-16 00:42:25 查询号码 【1938668】，返回信息 {"status":"ok","msg":"湖南-长沙","gid":"448593","time_insert":"2021-07-30 21:32"}
2023-11-16 00:42:25 查询号码 【1938668】，GSD为【"湖南-长沙"】

2023-11-16 00:42:26 开始第 8751 次操作

2023-11-16 00:42:26 开始操作号码 【1938669】
2023-11-16 00:42:29 GSD getOne 第 1 次 等待 3 秒
2023-11-16 00:42:32 查询号码 【1938669】，返回信息 {"status":"ok","msg":"湖南-长沙","gid":"448590","time_insert":"2021-07-30 21:32"}
2023-11-16 00:42:32 查询号码 【1938669】，GSD为【"湖南-长沙"】

2023-11-16 00:42:33 开始第 8752 次操作

2023-11-16 00:42:33 开始操作号码 【1938670】
2023-11-16 00:42:38 GSD getOne 第 1 次 等待 3 秒
2023-11-16 00:42:41 查询号码 【1938670】，返回信息 {"status":"ok","msg":"湖南-常德","gid":"448584","time_insert":"2021-07-30 21:31"}
2023-11-16 00:42:41 查询号码 【1938670】，GSD为【"湖南-常德"】

