2024-07-30 00:23:48 开始第 8613 次操作

2024-07-30 00:23:48 开始操作号码 【1508522】
2024-07-30 00:23:56 GSD getOne 第 1 次 等待 3 秒
2024-07-30 00:23:59 查询号码 【1508522】，返回信息 {"status":"ok","msg":"贵州-凯里","gid":"51765","time_insert":"2021-04-22 10:14"}
2024-07-30 00:23:59 查询号码 【1508522】，GSD为【"贵州-凯里"】

2024-07-30 00:24:00 开始第 8614 次操作

2024-07-30 00:24:00 开始操作号码 【1508523】
2024-07-30 00:24:08 GSD getOne 第 1 次 等待 3 秒
2024-07-30 00:24:11 查询号码 【1508523】，返回信息 {"status":"ok","msg":"贵州-凯里","gid":"367692","time_insert":"2021-07-23 16:41"}
2024-07-30 00:24:11 查询号码 【1508523】，GSD为【"贵州-凯里"】

2024-07-30 00:24:12 开始第 8615 次操作

2024-07-30 00:24:12 开始操作号码 【1508524】
2024-07-30 00:24:21 GSD getOne 第 1 次 等待 3 秒
2024-07-30 00:24:24 查询号码 【1508524】，返回信息 {"status":"ok","msg":"贵州-凯里","gid":"16120","time_insert":"2018-06-10 12:55","time_update":"2020-11-19 04:05"}
2024-07-30 00:24:24 查询号码 【1508524】，GSD为【"贵州-凯里"】

2024-07-30 00:24:25 开始第 8616 次操作

2024-07-30 00:24:25 开始操作号码 【1508525】
2024-07-30 00:24:33 GSD getOne 第 1 次 等待 3 秒
2024-07-30 00:24:36 查询号码 【1508525】，返回信息 {"status":"ok","msg":"贵州-凯里","gid":"367689","time_insert":"2021-07-23 16:40"}
2024-07-30 00:24:36 查询号码 【1508525】，GSD为【"贵州-凯里"】

2024-07-30 00:41:50 开始第 8617 次操作

2024-07-30 00:41:50 开始操作号码 【1508526】
2024-07-30 00:42:00 GSD getOne 第 1 次 等待 3 秒
2024-07-30 00:42:03 查询号码 【1508526】，返回信息 {"status":"ok","msg":"贵州-凯里","gid":"16121","time_insert":"2017-04-19 11:23","time_update":"2020-11-19 04:08"}
2024-07-30 00:42:03 查询号码 【1508526】，GSD为【"贵州-凯里"】

2024-07-30 00:42:04 开始第 8618 次操作

2024-07-30 00:42:04 开始操作号码 【1508527】
2024-07-30 00:42:13 GSD getOne 第 1 次 等待 3 秒
2024-07-30 00:42:16 查询号码 【1508527】，返回信息 {"status":"ok","msg":"贵州-凯里","gid":"367683","time_insert":"2021-07-23 16:40"}
2024-07-30 00:42:16 查询号码 【1508527】，GSD为【"贵州-凯里"】

2024-07-30 00:42:17 开始第 8619 次操作

2024-07-30 00:42:17 开始操作号码 【1508528】
2024-07-30 00:42:24 GSD getOne 第 1 次 等待 3 秒
2024-07-30 00:42:27 查询号码 【1508528】，返回信息 {"status":"ok","msg":"贵州-凯里","gid":"367623","time_insert":"2021-07-23 16:13"}
2024-07-30 00:42:27 查询号码 【1508528】，GSD为【"贵州-凯里"】

2024-07-30 00:42:28 开始第 8620 次操作

2024-07-30 00:42:28 开始操作号码 【1508529】
2024-07-30 00:42:36 GSD getOne 第 1 次 等待 3 秒
2024-07-30 00:42:39 查询号码 【1508529】，返回信息 {"status":"ok","msg":"贵州-凯里","gid":"16122","time_insert":"2020-06-24 09:01","time_update":"2020-11-19 04:12"}
2024-07-30 00:42:39 查询号码 【1508529】，GSD为【"贵州-凯里"】

2024-07-30 01:16:51 开始第 8621 次操作

2024-07-30 01:16:51 开始操作号码 【1508530】
2024-07-30 01:16:59 GSD getOne 第 1 次 等待 3 秒
2024-07-30 01:17:02 查询号码 【1508530】，返回信息 {"status":"ok","msg":"贵州-毕节","gid":"367621","time_insert":"2021-07-23 16:12"}
2024-07-30 01:17:02 查询号码 【1508530】，GSD为【"贵州-毕节"】

2024-07-30 01:17:03 开始第 8622 次操作

2024-07-30 01:17:03 开始操作号码 【1508531】
2024-07-30 01:17:14 GSD getOne 第 1 次 等待 3 秒
2024-07-30 01:17:17 查询号码 【1508531】，返回信息 {"status":"ok","msg":"贵州-毕节","gid":"16123","time_insert":"2017-05-03 19:25","time_update":"2020-11-19 04:17"}
2024-07-30 01:17:17 查询号码 【1508531】，GSD为【"贵州-毕节"】

2024-07-30 01:17:18 开始第 8623 次操作

2024-07-30 01:17:18 开始操作号码 【1508532】
2024-07-30 01:17:26 GSD getOne 第 1 次 等待 3 秒
2024-07-30 01:17:29 查询号码 【1508532】，返回信息 {"status":"ok","msg":"贵州-毕节","gid":"367617","time_insert":"2021-07-23 16:12"}
2024-07-30 01:17:29 查询号码 【1508532】，GSD为【"贵州-毕节"】

2024-07-30 01:17:30 开始第 8624 次操作

2024-07-30 01:17:30 开始操作号码 【1508533】
2024-07-30 01:17:39 GSD getOne 第 1 次 等待 3 秒
2024-07-30 01:17:42 查询号码 【1508533】，返回信息 {"status":"ok","msg":"贵州-毕节","gid":"367612","time_insert":"2021-07-23 16:11"}
2024-07-30 01:17:42 查询号码 【1508533】，GSD为【"贵州-毕节"】

2024-07-30 01:37:55 开始第 8625 次操作

2024-07-30 01:37:55 开始操作号码 【1508534】
2024-07-30 01:38:04 GSD getOne 第 1 次 等待 3 秒
2024-07-30 01:38:07 查询号码 【1508534】，返回信息 {"status":"ok","msg":"贵州-毕节","gid":"367608","time_insert":"2021-07-23 16:10"}
2024-07-30 01:38:07 查询号码 【1508534】，GSD为【"贵州-毕节"】

2024-07-30 01:38:08 开始第 8626 次操作

2024-07-30 01:38:08 开始操作号码 【1508535】
2024-07-30 01:38:16 GSD getOne 第 1 次 等待 3 秒
2024-07-30 01:38:19 查询号码 【1508535】，返回信息 {"status":"ok","msg":"贵州-毕节","gid":"51204","time_insert":"2021-04-22 09:19"}
2024-07-30 01:38:19 查询号码 【1508535】，GSD为【"贵州-毕节"】

2024-07-30 01:38:20 开始第 8627 次操作

2024-07-30 01:38:20 开始操作号码 【1508536】
2024-07-30 01:38:28 GSD getOne 第 1 次 等待 3 秒
2024-07-30 01:38:31 查询号码 【1508536】，返回信息 {"status":"ok","msg":"贵州-毕节","gid":"16124","time_insert":"2016-10-09 15:46","time_update":"2020-11-19 04:21"}
2024-07-30 01:38:32 查询号码 【1508536】，GSD为【"贵州-毕节"】

2024-07-30 01:38:33 开始第 8628 次操作

2024-07-30 01:38:33 开始操作号码 【1508537】
2024-07-30 01:38:42 GSD getOne 第 1 次 等待 3 秒
2024-07-30 01:38:45 查询号码 【1508537】，返回信息 {"status":"ok","msg":"贵州-毕节","gid":"16125","time_insert":"2019-11-15 11:24","time_update":"2020-11-19 04:26"}
2024-07-30 01:38:45 查询号码 【1508537】，GSD为【"贵州-毕节"】

2024-07-30 02:24:30 开始第 8629 次操作

2024-07-30 02:24:30 开始操作号码 【1508538】
2024-07-30 02:24:38 GSD getOne 第 1 次 等待 3 秒
2024-07-30 02:24:41 查询号码 【1508538】，返回信息 {"status":"ok","msg":"贵州-毕节","gid":"16126","time_insert":"2018-01-10 08:00","time_update":"2020-11-19 04:31"}
2024-07-30 02:24:41 查询号码 【1508538】，GSD为【"贵州-毕节"】

2024-07-30 02:24:42 开始第 8630 次操作

2024-07-30 02:24:42 开始操作号码 【1508539】
2024-07-30 02:24:50 GSD getOne 第 1 次 等待 3 秒
2024-07-30 02:24:53 查询号码 【1508539】，返回信息 {"status":"ok","msg":"贵州-毕节","gid":"16127","time_insert":"2020-07-14 22:01","time_update":"2020-11-19 04:35"}
2024-07-30 02:24:53 查询号码 【1508539】，GSD为【"贵州-毕节"】

2024-07-30 02:24:54 开始第 8631 次操作

2024-07-30 02:24:54 开始操作号码 【1508540】
2024-07-30 02:25:02 GSD getOne 第 1 次 等待 3 秒
2024-07-30 02:25:05 查询号码 【1508540】，返回信息 {"status":"ok","msg":"贵州-遵义","gid":"367600","time_insert":"2021-07-23 16:09"}
2024-07-30 02:25:05 查询号码 【1508540】，GSD为【"贵州-遵义"】

2024-07-30 02:25:06 开始第 8632 次操作

2024-07-30 02:25:06 开始操作号码 【1508541】
2024-07-30 02:25:14 GSD getOne 第 1 次 等待 3 秒
2024-07-30 02:25:17 查询号码 【1508541】，返回信息 {"status":"ok","msg":"贵州-遵义","gid":"16128","time_insert":"2018-07-24 13:42","time_update":"2020-11-19 04:36"}
2024-07-30 02:25:17 查询号码 【1508541】，GSD为【"贵州-遵义"】

2024-07-30 02:40:45 开始第 8633 次操作

2024-07-30 02:40:45 开始操作号码 【1508542】
2024-07-30 02:40:54 GSD getOne 第 1 次 等待 3 秒
2024-07-30 02:40:57 查询号码 【1508542】，返回信息 {"status":"ok","msg":"贵州-遵义","gid":"367596","time_insert":"2021-07-23 16:09"}
2024-07-30 02:40:57 查询号码 【1508542】，GSD为【"贵州-遵义"】

2024-07-30 02:40:58 开始第 8634 次操作

2024-07-30 02:40:58 开始操作号码 【1508543】
2024-07-30 02:41:06 GSD getOne 第 1 次 等待 3 秒
2024-07-30 02:41:09 查询号码 【1508543】，返回信息 {"status":"ok","msg":"贵州-遵义","gid":"367592","time_insert":"2021-07-23 16:08"}
2024-07-30 02:41:09 查询号码 【1508543】，GSD为【"贵州-遵义"】

2024-07-30 02:41:10 开始第 8635 次操作

2024-07-30 02:41:10 开始操作号码 【1508544】
2024-07-30 02:41:18 GSD getOne 第 1 次 等待 3 秒
2024-07-30 02:41:21 查询号码 【1508544】，返回信息 {"status":"ok","msg":"贵州-遵义","gid":"16129","time_insert":"2017-07-28 16:32","time_update":"2020-11-19 04:40"}
2024-07-30 02:41:21 查询号码 【1508544】，GSD为【"贵州-遵义"】

2024-07-30 02:41:22 开始第 8636 次操作

2024-07-30 02:41:22 开始操作号码 【1508545】
2024-07-30 02:41:30 GSD getOne 第 1 次 等待 3 秒
2024-07-30 02:41:33 查询号码 【1508545】，返回信息 {"status":"ok","msg":"贵州-遵义","gid":"16130","time_insert":"2017-07-31 06:34","time_update":"2020-11-19 04:44"}
2024-07-30 02:41:33 查询号码 【1508545】，GSD为【"贵州-遵义"】

2024-07-30 03:14:29 开始第 8637 次操作

2024-07-30 03:14:29 开始操作号码 【1508546】
2024-07-30 03:14:37 GSD getOne 第 1 次 等待 3 秒
2024-07-30 03:14:40 查询号码 【1508546】，返回信息 {"status":"ok","msg":"贵州-遵义","gid":"16131","time_insert":"2017-11-08 11:44","time_update":"2020-11-19 04:47"}
2024-07-30 03:14:40 查询号码 【1508546】，GSD为【"贵州-遵义"】

2024-07-30 03:14:41 开始第 8638 次操作

2024-07-30 03:14:41 开始操作号码 【1508547】
2024-07-30 03:14:49 GSD getOne 第 1 次 等待 3 秒
2024-07-30 03:14:52 查询号码 【1508547】，返回信息 {"status":"ok","msg":"贵州-遵义","gid":"16132","time_insert":"2018-01-18 17:24","time_update":"2020-11-19 04:50"}
2024-07-30 03:14:52 查询号码 【1508547】，GSD为【"贵州-遵义"】

2024-07-30 03:14:53 开始第 8639 次操作

2024-07-30 03:14:53 开始操作号码 【1508548】
2024-07-30 03:15:01 GSD getOne 第 1 次 等待 3 秒
2024-07-30 03:15:04 查询号码 【1508548】，返回信息 {"status":"ok","msg":"贵州-遵义","gid":"16133","time_insert":"2017-08-15 17:13","time_update":"2020-11-19 04:53"}
2024-07-30 03:15:04 查询号码 【1508548】，GSD为【"贵州-遵义"】

2024-07-30 03:15:05 开始第 8640 次操作

2024-07-30 03:15:05 开始操作号码 【1508549】
2024-07-30 03:15:14 GSD getOne 第 1 次 等待 3 秒
2024-07-30 03:15:17 查询号码 【1508549】，返回信息 {"status":"ok","msg":"贵州-遵义","gid":"367586","time_insert":"2021-07-23 16:07"}
2024-07-30 03:15:17 查询号码 【1508549】，GSD为【"贵州-遵义"】

