2024-04-01 00:19:25 开始第 1217 次操作

2024-04-01 00:19:25 开始操作号码 【1611137】
2024-04-01 00:19:32 GSD getOne 第 1 次 等待 3 秒
2024-04-01 00:19:35 查询号码 【1611137】，返回信息 {"status":"ok","msg":"-","gid":"533471","time_insert":"2023-02-16 04:20"}
2024-04-01 00:19:35 查询号码 【1611137】，GSD为【"-"】
2024-04-01 00:19:35 ok && -
2024-04-01 00:19:37 CHB 1611137?1711901975 第 1 次 等待 3 秒
2024-04-01 00:19:40 CHB 1611137?1711901975 第 1 次 获取到号码【1611137】GSD
2024-04-01 00:19:40 未获取到号码【1611137】GSD，可能号码格式错误
2024-04-01 00:19:40 获取到号码【1611137】的GSD为【-】
2024-04-01 00:19:45 GSD insert 第 1 次 等待 3 秒
2024-04-01 00:19:48 {"status":"bad","gid":"533471","msg":"添加失败！号码【1611137(-|-)】已存在！"}
2024-04-01 00:19:48 随机等待 168 秒，约 2 分钟
2024-04-01 00:19:48 下次操作: 2024-04-01 00:22:36

2024-04-01 00:22:36 开始第 1218 次操作

2024-04-01 00:22:36 开始操作号码 【1611138】
2024-04-01 00:22:41 GSD getOne 第 1 次 等待 3 秒
2024-04-01 00:22:44 查询号码 【1611138】，返回信息 {"status":"ok","msg":"-","gid":"533483","time_insert":"2023-02-16 04:29"}
2024-04-01 00:22:44 查询号码 【1611138】，GSD为【"-"】
2024-04-01 00:22:44 ok && -
2024-04-01 00:22:47 CHB 1611138?1711902164 第 1 次 等待 3 秒
2024-04-01 00:22:50 CHB 1611138?1711902164 第 1 次 获取到号码【1611138】GSD
2024-04-01 00:22:50 未获取到号码【1611138】GSD，可能号码格式错误
2024-04-01 00:22:50 获取到号码【1611138】的GSD为【-】
2024-04-01 00:22:55 GSD insert 第 1 次 等待 3 秒
2024-04-01 00:22:58 {"status":"bad","gid":"533483","msg":"添加失败！号码【1611138(-|-)】已存在！"}
2024-04-01 00:22:58 随机等待 90 秒，约 1 分钟
2024-04-01 00:22:58 下次操作: 2024-04-01 00:24:28

2024-04-01 00:24:28 开始第 1219 次操作

2024-04-01 00:24:28 开始操作号码 【1611139】
2024-04-01 00:24:34 GSD getOne 第 1 次 等待 3 秒
2024-04-01 00:24:37 查询号码 【1611139】，返回信息 {"status":"ok","msg":"-","gid":"533500","time_insert":"2023-02-16 04:46"}
2024-04-01 00:24:37 查询号码 【1611139】，GSD为【"-"】
2024-04-01 00:24:37 ok && -
2024-04-01 00:24:39 CHB 1611139?1711902277 第 1 次 等待 3 秒
2024-04-01 00:24:42 CHB 1611139?1711902277 第 1 次 获取到号码【1611139】GSD
2024-04-01 00:24:42 未获取到号码【1611139】GSD，可能号码格式错误
2024-04-01 00:24:42 获取到号码【1611139】的GSD为【-】
2024-04-01 00:24:48 GSD insert 第 1 次 等待 3 秒
2024-04-01 00:24:51 {"status":"bad","gid":"533500","msg":"添加失败！号码【1611139(-|-)】已存在！"}
2024-04-01 00:24:51 随机等待 72 秒，约 1 分钟
2024-04-01 00:24:51 下次操作: 2024-04-01 00:26:03

2024-04-01 00:26:03 开始第 1220 次操作

2024-04-01 00:26:03 开始操作号码 【1611140】
2024-04-01 00:27:11 GSD getOne 第 1 次 等待 3 秒
2024-04-01 00:27:14 查询号码 【1611140】，返回信息 {"status":"ok","msg":"-","gid":"533516","time_insert":"2023-02-16 05:01"}
2024-04-01 00:27:14 查询号码 【1611140】，GSD为【"-"】
2024-04-01 00:27:14 ok && -
2024-04-01 00:27:16 CHB 1611140?1711902434 第 1 次 等待 3 秒
2024-04-01 00:27:19 CHB 1611140?1711902434 第 1 次 获取到号码【1611140】GSD
2024-04-01 00:27:19 未获取到号码【1611140】GSD，可能号码格式错误
2024-04-01 00:27:19 获取到号码【1611140】的GSD为【-】
2024-04-01 00:27:46 GSD insert 第 1 次 等待 3 秒
2024-04-01 00:27:49 {"status":"bad","gid":"533516","msg":"添加失败！号码【1611140(-|-)】已存在！"}

2024-04-01 00:38:35 开始第 1221 次操作

2024-04-01 00:38:35 开始操作号码 【1611141】
2024-04-01 00:38:41 GSD getOne 第 1 次 等待 3 秒
2024-04-01 00:38:44 查询号码 【1611141】，返回信息 {"status":"ok","msg":"-","gid":"533533","time_insert":"2023-02-16 05:17"}
2024-04-01 00:38:45 查询号码 【1611141】，GSD为【"-"】
2024-04-01 00:38:45 ok && -
2024-04-01 00:38:47 CHB 1611141?1711903125 第 1 次 等待 3 秒
2024-04-01 00:38:50 CHB 1611141?1711903125 第 1 次 获取到号码【1611141】GSD
2024-04-01 00:38:50 未获取到号码【1611141】GSD，可能号码格式错误
2024-04-01 00:38:50 获取到号码【1611141】的GSD为【-】
2024-04-01 00:38:55 GSD insert 第 1 次 等待 3 秒
2024-04-01 00:38:58 {"status":"bad","gid":"533533","msg":"添加失败！号码【1611141(-|-)】已存在！"}
2024-04-01 00:38:58 随机等待 96 秒，约 1 分钟
2024-04-01 00:38:58 下次操作: 2024-04-01 00:40:34

2024-04-01 00:40:34 开始第 1222 次操作

2024-04-01 00:40:34 开始操作号码 【1611142】
2024-04-01 00:40:38 GSD getOne 第 1 次 等待 3 秒
2024-04-01 00:40:41 查询号码 【1611142】，返回信息 {"status":"ok","msg":"-","gid":"533545","time_insert":"2023-02-16 05:27"}
2024-04-01 00:40:41 查询号码 【1611142】，GSD为【"-"】
2024-04-01 00:40:41 ok && -
2024-04-01 00:40:44 CHB 1611142?1711903241 第 1 次 等待 3 秒
2024-04-01 00:40:47 CHB 1611142?1711903241 第 1 次 获取到号码【1611142】GSD
2024-04-01 00:40:47 未获取到号码【1611142】GSD，可能号码格式错误
2024-04-01 00:40:47 获取到号码【1611142】的GSD为【-】
2024-04-01 00:40:51 GSD insert 第 1 次 等待 3 秒
2024-04-01 00:40:54 {"status":"bad","gid":"533545","msg":"添加失败！号码【1611142(-|-)】已存在！"}
2024-04-01 00:40:54 随机等待 66 秒，约 1 分钟
2024-04-01 00:40:54 下次操作: 2024-04-01 00:42:00

2024-04-01 00:42:00 开始第 1223 次操作

2024-04-01 00:42:00 开始操作号码 【1611143】
2024-04-01 00:42:05 GSD getOne 第 1 次 等待 3 秒
2024-04-01 00:42:08 查询号码 【1611143】，返回信息 {"status":"ok","msg":"-","gid":"533562","time_insert":"2023-02-16 05:45"}
2024-04-01 00:42:08 查询号码 【1611143】，GSD为【"-"】
2024-04-01 00:42:08 ok && -
2024-04-01 00:42:11 CHB 1611143?1711903328 第 1 次 等待 3 秒
2024-04-01 00:42:14 CHB 1611143?1711903328 第 1 次 获取到号码【1611143】GSD
2024-04-01 00:42:14 未获取到号码【1611143】GSD，可能号码格式错误
2024-04-01 00:42:14 获取到号码【1611143】的GSD为【-】
2024-04-01 00:42:19 GSD insert 第 1 次 等待 3 秒
2024-04-01 00:42:22 {"status":"bad","gid":"533562","msg":"添加失败！号码【1611143(-|-)】已存在！"}
2024-04-01 00:42:22 随机等待 146 秒，约 2 分钟
2024-04-01 00:42:22 下次操作: 2024-04-01 00:44:48

2024-04-01 00:44:48 开始第 1224 次操作

2024-04-01 00:44:48 开始操作号码 【1611144】
2024-04-01 00:44:53 GSD getOne 第 1 次 等待 3 秒
2024-04-01 00:44:56 查询号码 【1611144】，返回信息 {"status":"ok","msg":"-","gid":"533574","time_insert":"2023-02-16 05:56"}
2024-04-01 00:44:56 查询号码 【1611144】，GSD为【"-"】
2024-04-01 00:44:56 ok && -
2024-04-01 00:44:58 CHB 1611144?1711903496 第 1 次 等待 3 秒
2024-04-01 00:45:01 CHB 1611144?1711903496 第 1 次 获取到号码【1611144】GSD
2024-04-01 00:45:01 未获取到号码【1611144】GSD，可能号码格式错误
2024-04-01 00:45:01 获取到号码【1611144】的GSD为【-】
2024-04-01 00:45:07 GSD insert 第 1 次 等待 3 秒
2024-04-01 00:45:10 {"status":"bad","gid":"533574","msg":"添加失败！号码【1611144(-|-)】已存在！"}

2024-04-01 01:13:45 开始第 1225 次操作

2024-04-01 01:13:45 开始操作号码 【1611145】
2024-04-01 01:13:52 GSD getOne 第 1 次 等待 3 秒
2024-04-01 01:13:55 查询号码 【1611145】，返回信息 {"status":"ok","msg":"-","gid":"533592","time_insert":"2023-02-16 06:14"}
2024-04-01 01:13:55 查询号码 【1611145】，GSD为【"-"】
2024-04-01 01:13:55 ok && -
2024-04-01 01:13:57 CHB 1611145?1711905235 第 1 次 等待 3 秒
2024-04-01 01:14:00 CHB 1611145?1711905235 第 1 次 获取到号码【1611145】GSD
2024-04-01 01:14:00 未获取到号码【1611145】GSD，可能号码格式错误
2024-04-01 01:14:00 获取到号码【1611145】的GSD为【-】
2024-04-01 01:14:06 GSD insert 第 1 次 等待 3 秒
2024-04-01 01:14:09 {"status":"bad","gid":"533592","msg":"添加失败！号码【1611145(-|-)】已存在！"}
2024-04-01 01:14:09 随机等待 83 秒，约 1 分钟
2024-04-01 01:14:09 下次操作: 2024-04-01 01:15:32

2024-04-01 01:15:32 开始第 1226 次操作

2024-04-01 01:15:32 开始操作号码 【1611146】
2024-04-01 01:15:37 GSD getOne 第 1 次 等待 3 秒
2024-04-01 01:15:40 查询号码 【1611146】，返回信息 {"status":"ok","msg":"-","gid":"533605","time_insert":"2023-02-16 06:26"}
2024-04-01 01:15:40 查询号码 【1611146】，GSD为【"-"】
2024-04-01 01:15:40 ok && -
2024-04-01 01:15:42 CHB 1611146?1711905340 第 1 次 等待 3 秒
2024-04-01 01:15:45 CHB 1611146?1711905340 第 1 次 获取到号码【1611146】GSD
2024-04-01 01:15:45 未获取到号码【1611146】GSD，可能号码格式错误
2024-04-01 01:15:45 获取到号码【1611146】的GSD为【-】
2024-04-01 01:15:50 GSD insert 第 1 次 等待 3 秒
2024-04-01 01:15:53 {"status":"bad","gid":"533605","msg":"添加失败！号码【1611146(-|-)】已存在！"}
2024-04-01 01:15:53 随机等待 69 秒，约 1 分钟
2024-04-01 01:15:53 下次操作: 2024-04-01 01:17:02

2024-04-01 01:17:02 开始第 1227 次操作

2024-04-01 01:17:02 开始操作号码 【1611147】
2024-04-01 01:17:07 GSD getOne 第 1 次 等待 3 秒
2024-04-01 01:17:10 查询号码 【1611147】，返回信息 {"status":"ok","msg":"-","gid":"533623","time_insert":"2023-02-16 06:43"}
2024-04-01 01:17:10 查询号码 【1611147】，GSD为【"-"】
2024-04-01 01:17:10 ok && -
2024-04-01 01:17:12 CHB 1611147?1711905430 第 1 次 等待 3 秒
2024-04-01 01:17:15 CHB 1611147?1711905430 第 1 次 获取到号码【1611147】GSD
2024-04-01 01:17:15 未获取到号码【1611147】GSD，可能号码格式错误
2024-04-01 01:17:15 获取到号码【1611147】的GSD为【-】
2024-04-01 01:17:20 GSD insert 第 1 次 等待 3 秒
2024-04-01 01:17:23 {"status":"bad","gid":"533623","msg":"添加失败！号码【1611147(-|-)】已存在！"}
2024-04-01 01:17:23 随机等待 162 秒，约 2 分钟
2024-04-01 01:17:23 下次操作: 2024-04-01 01:20:05

2024-04-01 01:20:05 开始第 1228 次操作

2024-04-01 01:20:05 开始操作号码 【1611148】
2024-04-01 01:20:10 GSD getOne 第 1 次 等待 3 秒
2024-04-01 01:20:13 查询号码 【1611148】，返回信息 {"status":"ok","msg":"-","gid":"533633","time_insert":"2023-02-16 06:51"}
2024-04-01 01:20:13 查询号码 【1611148】，GSD为【"-"】
2024-04-01 01:20:13 ok && -
2024-04-01 01:20:15 CHB 1611148?1711905613 第 1 次 等待 3 秒
2024-04-01 01:20:18 CHB 1611148?1711905613 第 1 次 获取到号码【1611148】GSD
2024-04-01 01:20:18 未获取到号码【1611148】GSD，可能号码格式错误
2024-04-01 01:20:18 获取到号码【1611148】的GSD为【-】
2024-04-01 01:20:22 GSD insert 第 1 次 等待 3 秒
2024-04-01 01:20:25 {"status":"bad","gid":"533633","msg":"添加失败！号码【1611148(-|-)】已存在！"}

2024-04-01 01:38:05 开始第 1229 次操作

2024-04-01 01:38:05 开始操作号码 【1611149】
2024-04-01 01:38:16 GSD getOne 第 1 次 等待 3 秒
2024-04-01 01:38:19 查询号码 【1611149】，返回信息 {"status":"ok","msg":"-","gid":"533645","time_insert":"2023-02-16 07:01"}
2024-04-01 01:38:19 查询号码 【1611149】，GSD为【"-"】
2024-04-01 01:38:19 ok && -
2024-04-01 01:38:21 CHB 1611149?1711906699 第 1 次 等待 3 秒
2024-04-01 01:38:24 CHB 1611149?1711906699 第 1 次 获取到号码【1611149】GSD
2024-04-01 01:38:24 未获取到号码【1611149】GSD，可能号码格式错误
2024-04-01 01:38:24 获取到号码【1611149】的GSD为【-】
2024-04-01 01:38:29 GSD insert 第 1 次 等待 3 秒
2024-04-01 01:38:32 {"status":"bad","gid":"533645","msg":"添加失败！号码【1611149(-|-)】已存在！"}
2024-04-01 01:38:32 随机等待 115 秒，约 1 分钟
2024-04-01 01:38:32 下次操作: 2024-04-01 01:40:27

2024-04-01 01:40:27 开始第 1230 次操作

2024-04-01 01:40:27 开始操作号码 【1611150】
2024-04-01 01:40:33 GSD getOne 第 1 次 等待 3 秒
2024-04-01 01:40:36 查询号码 【1611150】，返回信息 {"status":"ok","msg":"-","gid":"533663","time_insert":"2023-02-16 07:18"}
2024-04-01 01:40:36 查询号码 【1611150】，GSD为【"-"】
2024-04-01 01:40:36 ok && -
2024-04-01 01:40:38 CHB 1611150?1711906836 第 1 次 等待 3 秒
2024-04-01 01:40:41 CHB 1611150?1711906836 第 1 次 获取到号码【1611150】GSD
2024-04-01 01:40:41 未获取到号码【1611150】GSD，可能号码格式错误
2024-04-01 01:40:41 获取到号码【1611150】的GSD为【-】
2024-04-01 01:40:46 GSD insert 第 1 次 等待 3 秒
2024-04-01 01:40:49 {"status":"bad","gid":"533663","msg":"添加失败！号码【1611150(-|-)】已存在！"}
2024-04-01 01:40:49 随机等待 226 秒，约 3 分钟
2024-04-01 01:40:49 下次操作: 2024-04-01 01:44:35

2024-04-01 01:44:35 开始第 1231 次操作

2024-04-01 01:44:35 开始操作号码 【1611151】
2024-04-01 01:44:40 GSD getOne 第 1 次 等待 3 秒
2024-04-01 01:44:43 查询号码 【1611151】，返回信息 {"status":"ok","msg":"-","gid":"533674","time_insert":"2023-02-16 07:27"}
2024-04-01 01:44:43 查询号码 【1611151】，GSD为【"-"】
2024-04-01 01:44:43 ok && -
2024-04-01 01:44:46 CHB 1611151?1711907083 第 1 次 等待 3 秒
2024-04-01 01:44:49 CHB 1611151?1711907083 第 1 次 获取到号码【1611151】GSD
2024-04-01 01:44:49 未获取到号码【1611151】GSD，可能号码格式错误
2024-04-01 01:44:49 获取到号码【1611151】的GSD为【-】
2024-04-01 01:44:53 GSD insert 第 1 次 等待 3 秒
2024-04-01 01:44:56 {"status":"bad","gid":"533674","msg":"添加失败！号码【1611151(-|-)】已存在！"}
2024-04-01 01:44:56 随机等待 191 秒，约 3 分钟
2024-04-01 01:44:56 下次操作: 2024-04-01 01:48:07

2024-04-01 01:48:07 开始第 1232 次操作

2024-04-01 01:48:07 开始操作号码 【1611152】
2024-04-01 01:48:13 GSD getOne 第 1 次 等待 3 秒
2024-04-01 01:48:16 查询号码 【1611152】，返回信息 {"status":"ok","msg":"-","gid":"533688","time_insert":"2023-02-16 07:42"}
2024-04-01 01:48:16 查询号码 【1611152】，GSD为【"-"】
2024-04-01 01:48:16 ok && -
2024-04-01 01:48:18 CHB 1611152?1711907296 第 1 次 等待 3 秒
2024-04-01 01:48:21 CHB 1611152?1711907296 第 1 次 获取到号码【1611152】GSD
2024-04-01 01:48:21 未获取到号码【1611152】GSD，可能号码格式错误
2024-04-01 01:48:21 获取到号码【1611152】的GSD为【-】
2024-04-01 01:48:25 GSD insert 第 1 次 等待 3 秒
2024-04-01 01:48:28 {"status":"bad","gid":"533688","msg":"添加失败！号码【1611152(-|-)】已存在！"}

