2024-04-24 00:20:16 开始第 5165 次操作

2024-04-24 00:20:16 开始操作号码 【1615082】
2024-04-24 00:20:23 GSD getOne 第 1 次 等待 3 秒
2024-04-24 00:20:26 查询号码 【1615082】，返回信息 {"status":"ok","msg":"-","gid":"624046","time_insert":"2023-03-30 17:06"}
2024-04-24 00:20:26 查询号码 【1615082】，GSD为【"-"】
2024-04-24 00:20:26 ok && -
2024-04-24 00:20:28 CHB 1615082?1713889226 第 1 次 等待 3 秒
2024-04-24 00:20:31 CHB 1615082?1713889226 第 1 次 获取到号码【1615082】GSD
2024-04-24 00:20:31 未获取到号码【1615082】GSD，可能号码格式错误
2024-04-24 00:20:31 获取到号码【1615082】的GSD为【-】
2024-04-24 00:20:36 GSD insert 第 1 次 等待 3 秒
2024-04-24 00:20:39 {"status":"bad","gid":"624046","msg":"添加失败！号码【1615082(-|-)】已存在！"}
2024-04-24 00:20:39 随机等待 171 秒，约 2 分钟
2024-04-24 00:20:39 下次操作: 2024-04-24 00:23:30

2024-04-24 00:23:30 开始第 5166 次操作

2024-04-24 00:23:30 开始操作号码 【1615083】
2024-04-24 00:23:36 GSD getOne 第 1 次 等待 3 秒
2024-04-24 00:23:39 查询号码 【1615083】，返回信息 {"status":"ok","msg":"-","gid":"624071","time_insert":"2023-03-30 17:26"}
2024-04-24 00:23:39 查询号码 【1615083】，GSD为【"-"】
2024-04-24 00:23:39 ok && -
2024-04-24 00:23:41 CHB 1615083?1713889419 第 1 次 等待 3 秒
2024-04-24 00:23:44 CHB 1615083?1713889419 第 1 次 获取到号码【1615083】GSD
2024-04-24 00:23:44 未获取到号码【1615083】GSD，可能号码格式错误
2024-04-24 00:23:44 获取到号码【1615083】的GSD为【-】
2024-04-24 00:23:49 GSD insert 第 1 次 等待 3 秒
2024-04-24 00:23:52 {"status":"bad","gid":"624071","msg":"添加失败！号码【1615083(-|-)】已存在！"}
2024-04-24 00:23:52 随机等待 66 秒，约 1 分钟
2024-04-24 00:23:52 下次操作: 2024-04-24 00:24:58

2024-04-24 00:24:58 开始第 5167 次操作

2024-04-24 00:24:58 开始操作号码 【1615084】
2024-04-24 00:25:04 GSD getOne 第 1 次 等待 3 秒
2024-04-24 00:25:07 查询号码 【1615084】，返回信息 {"status":"ok","msg":"-","gid":"624091","time_insert":"2023-03-30 17:40"}
2024-04-24 00:25:07 查询号码 【1615084】，GSD为【"-"】
2024-04-24 00:25:07 ok && -
2024-04-24 00:25:08 CHB 1615084?1713889507 第 1 次 等待 3 秒
2024-04-24 00:25:11 CHB 1615084?1713889507 第 1 次 获取到号码【1615084】GSD
2024-04-24 00:25:11 未获取到号码【1615084】GSD，可能号码格式错误
2024-04-24 00:25:11 获取到号码【1615084】的GSD为【-】
2024-04-24 00:25:16 GSD insert 第 1 次 等待 3 秒
2024-04-24 00:25:19 {"status":"bad","gid":"624091","msg":"添加失败！号码【1615084(-|-)】已存在！"}
2024-04-24 00:25:19 随机等待 68 秒，约 1 分钟
2024-04-24 00:25:19 下次操作: 2024-04-24 00:26:27

2024-04-24 00:26:27 开始第 5168 次操作

2024-04-24 00:26:27 开始操作号码 【1615085】
2024-04-24 00:26:37 GSD getOne 第 1 次 等待 3 秒
2024-04-24 00:26:40 查询号码 【1615085】，返回信息 {"status":"ok","msg":"-","gid":"624127","time_insert":"2023-03-30 18:02"}
2024-04-24 00:26:40 查询号码 【1615085】，GSD为【"-"】
2024-04-24 00:26:40 ok && -
2024-04-24 00:26:42 CHB 1615085?1713889600 第 1 次 等待 3 秒
2024-04-24 00:26:45 CHB 1615085?1713889600 第 1 次 获取到号码【1615085】GSD
2024-04-24 00:26:45 未获取到号码【1615085】GSD，可能号码格式错误
2024-04-24 00:26:45 获取到号码【1615085】的GSD为【-】
2024-04-24 00:26:50 GSD insert 第 1 次 等待 3 秒
2024-04-24 00:26:53 {"status":"bad","gid":"624127","msg":"添加失败！号码【1615085(-|-)】已存在！"}

