2024-09-25 00:27:15 开始第 6285 次操作

2024-09-25 00:27:15 开始操作号码 【1396284】
2024-09-25 00:27:17 GSD getOne 第 1 次 等待 3 秒
2024-09-25 00:27:20 查询号码 【1396284】，返回信息 {"status":"ok","msg":"江苏-南通","gid":"13344","time_insert":"2017-11-14 15:21","time_update":"2020-08-24 20:39"}
2024-09-25 00:27:20 查询号码 【1396284】，GSD为【"江苏-南通"】

2024-09-25 00:27:21 开始第 6286 次操作

2024-09-25 00:27:21 开始操作号码 【1396285】
2024-09-25 00:27:23 GSD getOne 第 1 次 等待 3 秒
2024-09-25 00:27:26 查询号码 【1396285】，返回信息 {"status":"ok","msg":"江苏-南通","gid":"316623","time_insert":"2021-07-18 16:45"}
2024-09-25 00:27:26 查询号码 【1396285】，GSD为【"江苏-南通"】

2024-09-25 00:27:27 开始第 6287 次操作

2024-09-25 00:27:27 开始操作号码 【1396286】
2024-09-25 00:27:30 GSD getOne 第 1 次 等待 3 秒
2024-09-25 00:27:33 查询号码 【1396286】，返回信息 {"status":"ok","msg":"江苏-南通","gid":"316635","time_insert":"2021-07-18 16:45"}
2024-09-25 00:27:33 查询号码 【1396286】，GSD为【"江苏-南通"】

2024-09-25 00:27:34 开始第 6288 次操作

2024-09-25 00:27:34 开始操作号码 【1396287】
2024-09-25 00:27:36 GSD getOne 第 1 次 等待 3 秒
2024-09-25 00:27:39 查询号码 【1396287】，返回信息 {"status":"ok","msg":"江苏-南通","gid":"316648","time_insert":"2021-07-18 16:46"}
2024-09-25 00:27:39 查询号码 【1396287】，GSD为【"江苏-南通"】

