2024-10-05 00:27:29 开始第 7953 次操作

2024-10-05 00:27:29 开始操作号码 【1397952】
2024-10-05 00:27:32 GSD getOne 第 1 次 等待 3 秒
2024-10-05 00:27:35 查询号码 【1397952】，返回信息 {"status":"ok","msg":"江西-宜春","gid":"351060","time_insert":"2021-07-22 02:15"}
2024-10-05 00:27:35 查询号码 【1397952】，GSD为【"江西-宜春"】

2024-10-05 00:27:36 开始第 7954 次操作

2024-10-05 00:27:36 开始操作号码 【1397953】
2024-10-05 00:27:38 GSD getOne 第 1 次 等待 3 秒
2024-10-05 00:27:41 查询号码 【1397953】，返回信息 {"status":"ok","msg":"江西-宜春","gid":"351057","time_insert":"2021-07-22 02:14"}
2024-10-05 00:27:41 查询号码 【1397953】，GSD为【"江西-宜春"】

2024-10-05 00:27:42 开始第 7955 次操作

2024-10-05 00:27:42 开始操作号码 【1397954】
2024-10-05 00:27:45 GSD getOne 第 1 次 等待 3 秒
2024-10-05 00:27:48 查询号码 【1397954】，返回信息 {"status":"ok","msg":"江西-宜春","gid":"351053","time_insert":"2021-07-22 02:14"}
2024-10-05 00:27:48 查询号码 【1397954】，GSD为【"江西-宜春"】

2024-10-05 00:27:49 开始第 7956 次操作

2024-10-05 00:27:49 开始操作号码 【1397955】
2024-10-05 00:27:51 GSD getOne 第 1 次 等待 3 秒
2024-10-05 00:27:54 查询号码 【1397955】，返回信息 {"status":"ok","msg":"江西-宜春","gid":"351051","time_insert":"2021-07-22 02:13"}
2024-10-05 00:27:54 查询号码 【1397955】，GSD为【"江西-宜春"】

