2024-07-01 00:22:02 开始第 3537 次操作

2024-07-01 00:22:02 开始操作号码 【1503446】
2024-07-01 00:22:16 GSD getOne 第 1 次 等待 3 秒
2024-07-01 00:22:19 查询号码 【1503446】，返回信息 {"status":"ok","msg":"山西-忻州","gid":"199381","time_insert":"2021-07-05 17:16"}
2024-07-01 00:22:19 查询号码 【1503446】，GSD为【"山西-忻州"】

2024-07-01 00:22:20 开始第 3538 次操作

2024-07-01 00:22:20 开始操作号码 【1503447】
2024-07-01 00:22:34 GSD getOne 第 1 次 等待 3 秒
2024-07-01 00:22:37 查询号码 【1503447】，返回信息 {"status":"ok","msg":"山西-忻州","gid":"199402","time_insert":"2021-07-05 17:28"}
2024-07-01 00:22:37 查询号码 【1503447】，GSD为【"山西-忻州"】

2024-07-01 00:22:38 开始第 3539 次操作

2024-07-01 00:22:38 开始操作号码 【1503448】
2024-07-01 00:22:51 GSD getOne 第 1 次 等待 3 秒
2024-07-01 00:22:54 查询号码 【1503448】，返回信息 {"status":"ok","msg":"山西-忻州","gid":"199423","time_insert":"2021-07-05 17:40"}
2024-07-01 00:22:54 查询号码 【1503448】，GSD为【"山西-忻州"】

2024-07-01 00:22:55 开始第 3540 次操作

2024-07-01 00:22:55 开始操作号码 【1503449】
2024-07-01 00:23:09 GSD getOne 第 1 次 等待 3 秒
2024-07-01 00:23:12 查询号码 【1503449】，返回信息 {"status":"ok","msg":"山西-忻州","gid":"199528","time_insert":"2021-07-05 17:52"}
2024-07-01 00:23:12 查询号码 【1503449】，GSD为【"山西-忻州"】

2024-07-01 00:40:35 开始第 3541 次操作

2024-07-01 00:40:35 开始操作号码 【1503450】
2024-07-01 00:40:56 GSD getOne 第 1 次 等待 3 秒
2024-07-01 00:40:59 查询号码 【1503450】，返回信息 {"status":"ok","msg":"山西-长治","gid":"199706","time_insert":"2021-07-05 18:06"}
2024-07-01 00:40:59 查询号码 【1503450】，GSD为【"山西-长治"】

2024-07-01 00:41:00 开始第 3542 次操作

2024-07-01 00:41:00 开始操作号码 【1503451】
2024-07-01 00:41:34 GSD getOne 第 1 次 等待 3 秒
2024-07-01 00:41:37 查询号码 【1503451】，返回信息 {"status":"ok","msg":"山西-长治","gid":"199764","time_insert":"2021-07-05 18:21"}
2024-07-01 00:41:37 查询号码 【1503451】，GSD为【"山西-长治"】

2024-07-01 00:41:38 开始第 3543 次操作

2024-07-01 00:41:38 开始操作号码 【1503452】
2024-07-01 00:42:04 GSD getOne 第 1 次 等待 3 秒
2024-07-01 00:42:07 查询号码 【1503452】，返回信息 {"status":"ok","msg":"山西-长治","gid":"15561","time_insert":"2017-10-20 17:17","time_update":"2020-08-19 18:32"}
2024-07-01 00:42:07 查询号码 【1503452】，GSD为【"山西-长治"】

2024-07-01 00:42:08 开始第 3544 次操作

2024-07-01 00:42:08 开始操作号码 【1503453】
2024-07-01 00:42:38 GSD getOne 第 1 次 等待 3 秒
2024-07-01 00:42:41 查询号码 【1503453】，返回信息 {"status":"ok","msg":"山西-运城","gid":"199791","time_insert":"2021-07-05 18:36"}
2024-07-01 00:42:41 查询号码 【1503453】，GSD为【"山西-运城"】

2024-07-01 01:15:13 开始第 3545 次操作

2024-07-01 01:15:13 开始操作号码 【1503454】
2024-07-01 01:15:27 GSD getOne 第 1 次 等待 3 秒
2024-07-01 01:15:30 查询号码 【1503454】，返回信息 {"status":"ok","msg":"山西-运城","gid":"15562","time_insert":"2018-07-31 09:56","time_update":"2020-08-19 18:27"}
2024-07-01 01:15:30 查询号码 【1503454】，GSD为【"山西-运城"】

2024-07-01 01:15:31 开始第 3546 次操作

2024-07-01 01:15:31 开始操作号码 【1503455】
2024-07-01 01:15:46 GSD getOne 第 1 次 等待 3 秒
2024-07-01 01:15:49 查询号码 【1503455】，返回信息 {"status":"ok","msg":"山西-运城","gid":"15563","time_insert":"2019-06-24 08:24","time_update":"2020-08-19 18:22"}
2024-07-01 01:15:49 查询号码 【1503455】，GSD为【"山西-运城"】

2024-07-01 01:15:50 开始第 3547 次操作

2024-07-01 01:15:50 开始操作号码 【1503456】
2024-07-01 01:16:09 GSD getOne 第 1 次 等待 3 秒
2024-07-01 01:16:12 查询号码 【1503456】，返回信息 {"status":"ok","msg":"山西-运城","gid":"199931","time_insert":"2021-07-05 18:55"}
2024-07-01 01:16:12 查询号码 【1503456】，GSD为【"山西-运城"】

2024-07-01 01:16:13 开始第 3548 次操作

2024-07-01 01:16:13 开始操作号码 【1503457】
2024-07-01 01:16:42 GSD getOne 第 1 次 等待 3 秒
2024-07-01 01:16:45 查询号码 【1503457】，返回信息 {"status":"ok","msg":"山西-运城","gid":"200080","time_insert":"2021-07-05 19:08"}
2024-07-01 01:16:45 查询号码 【1503457】，GSD为【"山西-运城"】

