2024-10-20 00:07:14 开始第 433 次操作

2024-10-20 00:07:14 开始操作号码 【1310432】
2024-10-20 00:07:15 GSD getOne 第 1 次 等待 3 秒
2024-10-20 00:07:18 查询号码 【1310432】，返回信息 {"status":"ok","msg":"吉林-吉林","gid":"57317","time_insert":"2021-05-09 11:42"}
2024-10-20 00:07:18 查询号码 【1310432】，GSD为【"吉林-吉林"】

2024-10-20 00:07:19 开始第 434 次操作

2024-10-20 00:07:19 开始操作号码 【1310433】
2024-10-20 00:07:20 GSD getOne 第 1 次 等待 3 秒
2024-10-20 00:07:23 查询号码 【1310433】，返回信息 {"status":"ok","msg":"吉林-延边","gid":"57324","time_insert":"2021-05-09 13:21"}
2024-10-20 00:07:23 查询号码 【1310433】，GSD为【"吉林-延边"】

2024-10-20 00:07:24 开始第 435 次操作

2024-10-20 00:07:24 开始操作号码 【1310434】
2024-10-20 00:07:25 GSD getOne 第 1 次 等待 3 秒
2024-10-20 00:07:28 查询号码 【1310434】，返回信息 {"status":"ok","msg":"吉林-四平","gid":"57328","time_insert":"2021-05-09 13:55"}
2024-10-20 00:07:28 查询号码 【1310434】，GSD为【"吉林-四平"】

2024-10-20 00:07:29 开始第 436 次操作

2024-10-20 00:07:29 开始操作号码 【1310435】
2024-10-20 00:07:30 GSD getOne 第 1 次 等待 3 秒
2024-10-20 00:07:33 查询号码 【1310435】，返回信息 {"status":"ok","msg":"吉林-通化","gid":"57329","time_insert":"2021-05-09 14:17"}
2024-10-20 00:07:33 查询号码 【1310435】，GSD为【"吉林-通化"】

