2024-07-12 00:22:01 开始第 5473 次操作

2024-07-12 00:22:01 开始操作号码 【1505382】
2024-07-12 00:22:08 GSD getOne 第 1 次 等待 3 秒
2024-07-12 00:22:11 查询号码 【1505382】，返回信息 {"status":"ok","msg":"山东-泰安","gid":"342202","time_insert":"2021-07-21 02:24"}
2024-07-12 00:22:11 查询号码 【1505382】，GSD为【"山东-泰安"】

2024-07-12 00:22:12 开始第 5474 次操作

2024-07-12 00:22:12 开始操作号码 【1505383】
2024-07-12 00:22:20 GSD getOne 第 1 次 等待 3 秒
2024-07-12 00:22:23 查询号码 【1505383】，返回信息 {"status":"ok","msg":"山东-泰安","gid":"342227","time_insert":"2021-07-21 02:37"}
2024-07-12 00:22:23 查询号码 【1505383】，GSD为【"山东-泰安"】

2024-07-12 00:22:24 开始第 5475 次操作

2024-07-12 00:22:24 开始操作号码 【1505384】
2024-07-12 00:22:32 GSD getOne 第 1 次 等待 3 秒
2024-07-12 00:22:35 查询号码 【1505384】，返回信息 {"status":"ok","msg":"山东-泰安","gid":"342275","time_insert":"2021-07-21 02:50"}
2024-07-12 00:22:35 查询号码 【1505384】，GSD为【"山东-泰安"】

2024-07-12 00:22:36 开始第 5476 次操作

2024-07-12 00:22:36 开始操作号码 【1505385】
2024-07-12 00:22:45 GSD getOne 第 1 次 等待 3 秒
2024-07-12 00:22:48 查询号码 【1505385】，返回信息 {"status":"ok","msg":"山东-泰安","gid":"342406","time_insert":"2021-07-21 03:02"}
2024-07-12 00:22:48 查询号码 【1505385】，GSD为【"山东-泰安"】

2024-07-12 00:40:33 开始第 5477 次操作

2024-07-12 00:40:33 开始操作号码 【1505386】
2024-07-12 00:40:41 GSD getOne 第 1 次 等待 3 秒
2024-07-12 00:40:44 查询号码 【1505386】，返回信息 {"status":"ok","msg":"山东-泰安","gid":"342511","time_insert":"2021-07-21 03:12"}
2024-07-12 00:40:44 查询号码 【1505386】，GSD为【"山东-泰安"】

2024-07-12 00:40:45 开始第 5478 次操作

2024-07-12 00:40:45 开始操作号码 【1505387】
2024-07-12 00:40:55 GSD getOne 第 1 次 等待 3 秒
2024-07-12 00:40:58 查询号码 【1505387】，返回信息 {"status":"ok","msg":"山东-泰安","gid":"342565","time_insert":"2021-07-21 03:25"}
2024-07-12 00:40:58 查询号码 【1505387】，GSD为【"山东-泰安"】

2024-07-12 00:40:59 开始第 5479 次操作

2024-07-12 00:40:59 开始操作号码 【1505388】
2024-07-12 00:41:07 GSD getOne 第 1 次 等待 3 秒
2024-07-12 00:41:10 查询号码 【1505388】，返回信息 {"status":"ok","msg":"山东-泰安","gid":"342667","time_insert":"2021-07-21 03:41"}
2024-07-12 00:41:10 查询号码 【1505388】，GSD为【"山东-泰安"】

2024-07-12 00:41:11 开始第 5480 次操作

2024-07-12 00:41:11 开始操作号码 【1505389】
2024-07-12 00:41:20 GSD getOne 第 1 次 等待 3 秒
2024-07-12 00:41:23 查询号码 【1505389】，返回信息 {"status":"ok","msg":"山东-泰安","gid":"15674","time_insert":"2017-04-03 21:50","time_update":"2020-09-10 10:19"}
2024-07-12 00:41:23 查询号码 【1505389】，GSD为【"山东-泰安"】

