2024-06-12 00:22:49 开始第 205 次操作

2024-06-12 00:22:49 开始操作号码 【1500116】
2024-06-12 00:23:00 GSD getOne 第 1 次 等待 3 秒
2024-06-12 00:23:03 查询号码 【1500116】，返回信息 {"status":"ok","msg":"北京-北京","gid":"68696","time_insert":"2021-05-26 07:55"}
2024-06-12 00:23:03 查询号码 【1500116】，GSD为【"北京-北京"】

2024-06-12 00:23:04 开始第 206 次操作

2024-06-12 00:23:04 开始操作号码 【1500117】
2024-06-12 00:23:18 GSD getOne 第 1 次 等待 3 秒
2024-06-12 00:23:21 查询号码 【1500117】，返回信息 {"status":"ok","msg":"北京-北京","gid":"68709","time_insert":"2021-05-26 08:12"}
2024-06-12 00:23:21 查询号码 【1500117】，GSD为【"北京-北京"】

2024-06-12 00:23:22 开始第 207 次操作

2024-06-12 00:23:22 开始操作号码 【1500118】
2024-06-12 00:23:30 GSD getOne 第 1 次 等待 3 秒
2024-06-12 00:23:33 查询号码 【1500118】，返回信息 {"status":"ok","msg":"北京-北京","gid":"68732","time_insert":"2021-05-26 08:40"}
2024-06-12 00:23:33 查询号码 【1500118】，GSD为【"北京-北京"】

2024-06-12 00:23:35 开始第 208 次操作

2024-06-12 00:23:35 开始操作号码 【1500119】
2024-06-12 00:23:40 GSD getOne 第 1 次 等待 3 秒
2024-06-12 00:23:43 查询号码 【1500119】，返回信息 {"status":"ok","msg":"北京-北京","gid":"68756","time_insert":"2021-05-26 09:10"}
2024-06-12 00:23:43 查询号码 【1500119】，GSD为【"北京-北京"】

2024-06-12 00:41:25 开始第 209 次操作

2024-06-12 00:41:25 开始操作号码 【1500120】
2024-06-12 00:41:32 GSD getOne 第 1 次 等待 3 秒
2024-06-12 00:41:35 查询号码 【1500120】，返回信息 {"status":"ok","msg":"北京-北京","gid":"68778","time_insert":"2021-05-26 09:35"}
2024-06-12 00:41:35 查询号码 【1500120】，GSD为【"北京-北京"】

2024-06-12 00:41:36 开始第 210 次操作

2024-06-12 00:41:36 开始操作号码 【1500121】
2024-06-12 00:41:49 GSD getOne 第 1 次 等待 3 秒
2024-06-12 00:41:52 查询号码 【1500121】，返回信息 {"status":"ok","msg":"北京-北京","gid":"68793","time_insert":"2021-05-26 09:55"}
2024-06-12 00:41:52 查询号码 【1500121】，GSD为【"北京-北京"】

2024-06-12 00:41:53 开始第 211 次操作

2024-06-12 00:41:53 开始操作号码 【1500122】
2024-06-12 00:42:00 GSD getOne 第 1 次 等待 3 秒
2024-06-12 00:42:03 查询号码 【1500122】，返回信息 {"status":"ok","msg":"北京-北京","gid":"49778","time_insert":"2021-04-21 14:10"}
2024-06-12 00:42:03 查询号码 【1500122】，GSD为【"北京-北京"】

2024-06-12 00:42:04 开始第 212 次操作

2024-06-12 00:42:04 开始操作号码 【1500123】
2024-06-12 00:42:13 GSD getOne 第 1 次 等待 3 秒
2024-06-12 00:42:16 查询号码 【1500123】，返回信息 {"status":"ok","msg":"北京-北京","gid":"68816","time_insert":"2021-05-26 10:17"}
2024-06-12 00:42:16 查询号码 【1500123】，GSD为【"北京-北京"】

