2024-12-02 00:07:26 开始第 8009 次操作

2024-12-02 00:07:26 开始操作号码 【1318008】
2024-12-02 00:07:27 GSD getOne 第 1 次 等待 3 秒
2024-12-02 00:07:30 查询号码 【1318008】，返回信息 {"status":"ok","msg":"河北-石家庄","gid":"218387","time_insert":"2021-07-08 01:14"}
2024-12-02 00:07:30 查询号码 【1318008】，GSD为【"河北-石家庄"】

2024-12-02 00:07:31 开始第 8010 次操作

2024-12-02 00:07:31 开始操作号码 【1318009】
2024-12-02 00:07:32 GSD getOne 第 1 次 等待 3 秒
2024-12-02 00:07:35 查询号码 【1318009】，返回信息 {"status":"ok","msg":"河北-石家庄","gid":"218381","time_insert":"2021-07-08 01:14"}
2024-12-02 00:07:35 查询号码 【1318009】，GSD为【"河北-石家庄"】

2024-12-02 00:07:36 开始第 8011 次操作

2024-12-02 00:07:36 开始操作号码 【1318010】
2024-12-02 00:07:38 GSD getOne 第 1 次 等待 3 秒
2024-12-02 00:07:41 查询号码 【1318010】，返回信息 {"status":"ok","msg":"河北-承德","gid":"218376","time_insert":"2021-07-08 01:13"}
2024-12-02 00:07:41 查询号码 【1318010】，GSD为【"河北-承德"】

2024-12-02 00:07:42 开始第 8012 次操作

2024-12-02 00:07:42 开始操作号码 【1318011】
2024-12-02 00:07:43 GSD getOne 第 1 次 等待 3 秒
2024-12-02 00:07:46 查询号码 【1318011】，返回信息 {"status":"ok","msg":"河北-承德","gid":"218369","time_insert":"2021-07-08 01:13"}
2024-12-02 00:07:46 查询号码 【1318011】，GSD为【"河北-承德"】

