2024-05-07 00:23:37 开始第 7469 次操作

2024-05-07 00:23:37 开始操作号码 【1617386】
2024-05-07 00:23:45 GSD getOne 第 1 次 等待 3 秒
2024-05-07 00:23:48 查询号码 【1617386】，返回信息 {"status":"ok","msg":"-","gid":"687680","time_insert":"2023-05-01 00:47"}
2024-05-07 00:23:48 查询号码 【1617386】，GSD为【"-"】
2024-05-07 00:23:48 ok && -
2024-05-07 00:23:50 CHB 1617386?1715012628 第 1 次 等待 3 秒
2024-05-07 00:23:53 CHB 1617386?1715012628 第 1 次 获取到号码【1617386】GSD
2024-05-07 00:23:53 未获取到号码【1617386】GSD，可能号码格式错误
2024-05-07 00:23:53 获取到号码【1617386】的GSD为【-】
2024-05-07 00:23:59 GSD insert 第 1 次 等待 3 秒
2024-05-07 00:24:02 {"status":"bad","gid":"687680","msg":"添加失败！号码【1617386(-|-)】已存在！"}
2024-05-07 00:24:02 随机等待 98 秒，约 1 分钟
2024-05-07 00:24:02 下次操作: 2024-05-07 00:25:40

2024-05-07 00:25:40 开始第 7470 次操作

2024-05-07 00:25:40 开始操作号码 【1617387】
2024-05-07 00:25:47 GSD getOne 第 1 次 等待 3 秒
2024-05-07 00:25:50 查询号码 【1617387】，返回信息 {"status":"ok","msg":"-","gid":"687699","time_insert":"2023-05-01 01:00"}
2024-05-07 00:25:51 查询号码 【1617387】，GSD为【"-"】
2024-05-07 00:25:51 ok && -
2024-05-07 00:25:52 CHB 1617387?1715012751 第 1 次 等待 3 秒
2024-05-07 00:25:55 CHB 1617387?1715012751 第 1 次 获取到号码【1617387】GSD
2024-05-07 00:25:55 未获取到号码【1617387】GSD，可能号码格式错误
2024-05-07 00:25:55 获取到号码【1617387】的GSD为【-】
2024-05-07 00:26:08 GSD insert 第 1 次 等待 3 秒
2024-05-07 00:26:11 {"status":"bad","gid":"687699","msg":"添加失败！号码【1617387(-|-)】已存在！"}
2024-05-07 00:26:11 随机等待 232 秒，约 3 分钟
2024-05-07 00:26:11 下次操作: 2024-05-07 00:30:03

2024-05-07 00:30:03 开始第 7471 次操作

2024-05-07 00:30:03 开始操作号码 【1617388】
2024-05-07 00:30:08 GSD getOne 第 1 次 等待 3 秒
2024-05-07 00:30:11 查询号码 【1617388】，返回信息 {"status":"ok","msg":"-","gid":"687722","time_insert":"2023-05-01 01:20"}
2024-05-07 00:30:11 查询号码 【1617388】，GSD为【"-"】
2024-05-07 00:30:11 ok && -
2024-05-07 00:30:14 CHB 1617388?1715013011 第 1 次 等待 3 秒
2024-05-07 00:30:17 CHB 1617388?1715013011 第 1 次 获取到号码【1617388】GSD
2024-05-07 00:30:17 未获取到号码【1617388】GSD，可能号码格式错误
2024-05-07 00:30:17 获取到号码【1617388】的GSD为【-】
2024-05-07 00:30:22 GSD insert 第 1 次 等待 3 秒
2024-05-07 00:30:25 {"status":"bad","gid":"687722","msg":"添加失败！号码【1617388(-|-)】已存在！"}
2024-05-07 00:30:25 随机等待 203 秒，约 3 分钟
2024-05-07 00:30:25 下次操作: 2024-05-07 00:33:48

2024-05-07 00:33:48 开始第 7472 次操作

2024-05-07 00:33:48 开始操作号码 【1617389】
2024-05-07 00:33:53 GSD getOne 第 1 次 等待 3 秒
2024-05-07 00:33:56 查询号码 【1617389】，返回信息 {"status":"ok","msg":"-","gid":"687745","time_insert":"2023-05-01 01:40"}
2024-05-07 00:33:56 查询号码 【1617389】，GSD为【"-"】
2024-05-07 00:33:56 ok && -
2024-05-07 00:33:58 CHB 1617389?1715013236 第 1 次 等待 3 秒
2024-05-07 00:34:02 CHB 1617389?1715013236 第 1 次 获取到号码【1617389】GSD
2024-05-07 00:34:02 未获取到号码【1617389】GSD，可能号码格式错误
2024-05-07 00:34:02 获取到号码【1617389】的GSD为【-】
2024-05-07 00:34:06 GSD insert 第 1 次 等待 3 秒
2024-05-07 00:34:09 {"status":"bad","gid":"687745","msg":"添加失败！号码【1617389(-|-)】已存在！"}

