2024-02-11 00:19:09 开始第 3017 次操作

2024-02-11 00:19:09 开始操作号码 【1722936】
2024-02-11 00:19:14 GSD getOne 第 1 次 等待 3 秒
2024-02-11 00:19:17 查询号码 【1722936】，返回信息 {"status":"ok","msg":"广东-广州","gid":"270870","time_insert":"2021-07-14 03:36"}
2024-02-11 00:19:17 查询号码 【1722936】，GSD为【"广东-广州"】

2024-02-11 00:19:18 开始第 3018 次操作

2024-02-11 00:19:18 开始操作号码 【1722937】
2024-02-11 00:19:26 GSD getOne 第 1 次 等待 3 秒
2024-02-11 00:19:29 查询号码 【1722937】，返回信息 {"status":"ok","msg":"广东-广州","gid":"270881","time_insert":"2021-07-14 03:37"}
2024-02-11 00:19:29 查询号码 【1722937】，GSD为【"广东-广州"】

2024-02-11 00:19:30 开始第 3019 次操作

2024-02-11 00:19:30 开始操作号码 【1722938】
2024-02-11 00:19:35 GSD getOne 第 1 次 等待 3 秒
2024-02-11 00:19:38 查询号码 【1722938】，返回信息 {"status":"ok","msg":"广东-广州","gid":"270897","time_insert":"2021-07-14 03:38"}
2024-02-11 00:19:38 查询号码 【1722938】，GSD为【"广东-广州"】

2024-02-11 00:19:39 开始第 3020 次操作

2024-02-11 00:19:39 开始操作号码 【1722939】
2024-02-11 00:19:44 GSD getOne 第 1 次 等待 3 秒
2024-02-11 00:19:47 查询号码 【1722939】，返回信息 {"status":"ok","msg":"广东-广州","gid":"270911","time_insert":"2021-07-14 03:38"}
2024-02-11 00:19:47 查询号码 【1722939】，GSD为【"广东-广州"】

