2023-10-31 00:20:52 开始第 5925 次操作

2023-10-31 00:20:52 开始操作号码 【1935843】
2023-10-31 00:20:58 GSD getOne 第 1 次 等待 3 秒
2023-10-31 00:21:01 查询号码 【1935843】，返回信息 {"status":"ok","msg":"湖南-湘西","gid":"487390","time_insert":"2021-08-03 05:56","time_update":"2021-08-30 18:09"}
2023-10-31 00:21:01 查询号码 【1935843】，GSD为【"湖南-湘西"】

2023-10-31 00:21:02 开始第 5926 次操作

2023-10-31 00:21:02 开始操作号码 【1935844】
2023-10-31 00:21:05 GSD getOne 第 1 次 等待 3 秒
2023-10-31 00:21:08 查询号码 【1935844】，返回信息 {"status":"ok","msg":"湖南-张家界","gid":"487380","time_insert":"2021-08-03 05:56","time_update":"2021-08-30 18:00"}
2023-10-31 00:21:08 查询号码 【1935844】，GSD为【"湖南-张家界"】

2023-10-31 00:21:09 开始第 5927 次操作

2023-10-31 00:21:09 开始操作号码 【1935845】
2023-10-31 00:21:16 GSD getOne 第 1 次 等待 3 秒
2023-10-31 00:21:19 查询号码 【1935845】，返回信息 {"status":"ok","msg":"湖南-怀化","gid":"487369","time_insert":"2021-08-03 05:55"}
2023-10-31 00:21:19 查询号码 【1935845】，GSD为【"湖南-怀化"】

2023-10-31 00:21:20 开始第 5928 次操作

2023-10-31 00:21:20 开始操作号码 【1935846】
2023-10-31 00:21:31 GSD getOne 第 1 次 等待 3 秒
2023-10-31 00:21:34 查询号码 【1935846】，返回信息 {"status":"ok","msg":"湖南-怀化","gid":"487360","time_insert":"2021-08-03 05:54"}
2023-10-31 00:21:34 查询号码 【1935846】，GSD为【"湖南-怀化"】

