2024-04-09 00:22:04 开始第 2637 次操作

2024-04-09 00:22:04 开始操作号码 【1612556】
2024-04-09 00:22:09 GSD getOne 第 1 次 等待 3 秒
2024-04-09 00:22:12 查询号码 【1612556】，返回信息 {"status":"ok","msg":"-","gid":"563651","time_insert":"2023-03-01 21:22"}
2024-04-09 00:22:12 查询号码 【1612556】，GSD为【"-"】
2024-04-09 00:22:12 ok && -
2024-04-09 00:22:15 CHB 1612556?1712593332 第 1 次 等待 3 秒
2024-04-09 00:22:18 CHB 1612556?1712593332 第 1 次 获取到号码【1612556】GSD
2024-04-09 00:22:18 未获取到号码【1612556】GSD，可能号码格式错误
2024-04-09 00:22:18 获取到号码【1612556】的GSD为【-】
2024-04-09 00:22:23 GSD insert 第 1 次 等待 3 秒
2024-04-09 00:22:26 {"status":"bad","gid":"563651","msg":"添加失败！号码【1612556(-|-)】已存在！"}
2024-04-09 00:22:26 随机等待 138 秒，约 2 分钟
2024-04-09 00:22:26 下次操作: 2024-04-09 00:24:44

2024-04-09 00:24:44 开始第 2638 次操作

2024-04-09 00:24:44 开始操作号码 【1612557】
2024-04-09 00:24:49 GSD getOne 第 1 次 等待 3 秒
2024-04-09 00:24:52 查询号码 【1612557】，返回信息 {"status":"ok","msg":"-","gid":"563666","time_insert":"2023-03-01 21:33"}
2024-04-09 00:24:52 查询号码 【1612557】，GSD为【"-"】
2024-04-09 00:24:52 ok && -
2024-04-09 00:24:54 CHB 1612557?1712593492 第 1 次 等待 3 秒
2024-04-09 00:24:57 CHB 1612557?1712593492 第 1 次 获取到号码【1612557】GSD
2024-04-09 00:24:57 未获取到号码【1612557】GSD，可能号码格式错误
2024-04-09 00:24:57 获取到号码【1612557】的GSD为【-】
2024-04-09 00:25:02 GSD insert 第 1 次 等待 3 秒
2024-04-09 00:25:05 {"status":"bad","gid":"563666","msg":"添加失败！号码【1612557(-|-)】已存在！"}
2024-04-09 00:25:05 随机等待 127 秒，约 2 分钟
2024-04-09 00:25:05 下次操作: 2024-04-09 00:27:12

2024-04-09 00:27:12 开始第 2639 次操作

2024-04-09 00:27:12 开始操作号码 【1612558】
2024-04-09 00:27:17 GSD getOne 第 1 次 等待 3 秒
2024-04-09 00:27:20 查询号码 【1612558】，返回信息 {"status":"ok","msg":"-","gid":"563685","time_insert":"2023-03-01 21:44"}
2024-04-09 00:27:20 查询号码 【1612558】，GSD为【"-"】
2024-04-09 00:27:20 ok && -
2024-04-09 00:27:22 CHB 1612558?1712593640 第 1 次 等待 3 秒
2024-04-09 00:27:25 CHB 1612558?1712593640 第 1 次 获取到号码【1612558】GSD
2024-04-09 00:27:25 未获取到号码【1612558】GSD，可能号码格式错误
2024-04-09 00:27:25 获取到号码【1612558】的GSD为【-】
2024-04-09 00:27:30 GSD insert 第 1 次 等待 3 秒
2024-04-09 00:27:33 {"status":"bad","gid":"563685","msg":"添加失败！号码【1612558(-|-)】已存在！"}
2024-04-09 00:27:33 随机等待 183 秒，约 3 分钟
2024-04-09 00:27:33 下次操作: 2024-04-09 00:30:36

2024-04-09 00:30:36 开始第 2640 次操作

2024-04-09 00:30:36 开始操作号码 【1612559】
2024-04-09 00:30:42 GSD getOne 第 1 次 等待 3 秒
2024-04-09 00:30:45 查询号码 【1612559】，返回信息 {"status":"ok","msg":"-","gid":"563706","time_insert":"2023-03-01 21:55"}
2024-04-09 00:30:45 查询号码 【1612559】，GSD为【"-"】
2024-04-09 00:30:45 ok && -
2024-04-09 00:30:46 CHB 1612559?1712593845 第 1 次 等待 3 秒
2024-04-09 00:30:49 CHB 1612559?1712593845 第 1 次 获取到号码【1612559】GSD
2024-04-09 00:30:49 未获取到号码【1612559】GSD，可能号码格式错误
2024-04-09 00:30:49 获取到号码【1612559】的GSD为【-】
2024-04-09 00:30:55 GSD insert 第 1 次 等待 3 秒
2024-04-09 00:30:58 {"status":"bad","gid":"563706","msg":"添加失败！号码【1612559(-|-)】已存在！"}

2024-04-09 00:39:32 开始第 2641 次操作

2024-04-09 00:39:32 开始操作号码 【1612560】
2024-04-09 00:39:38 GSD getOne 第 1 次 等待 3 秒
2024-04-09 00:39:41 查询号码 【1612560】，返回信息 {"status":"ok","msg":"-","gid":"563725","time_insert":"2023-03-01 22:05"}
2024-04-09 00:39:41 查询号码 【1612560】，GSD为【"-"】
2024-04-09 00:39:41 ok && -
2024-04-09 00:39:43 CHB 1612560?1712594381 第 1 次 等待 3 秒
2024-04-09 00:39:46 CHB 1612560?1712594381 第 1 次 获取到号码【1612560】GSD
2024-04-09 00:39:47 未获取到号码【1612560】GSD，可能号码格式错误
2024-04-09 00:39:47 获取到号码【1612560】的GSD为【-】
2024-04-09 00:39:53 GSD insert 第 1 次 等待 3 秒
2024-04-09 00:39:56 {"status":"bad","gid":"563725","msg":"添加失败！号码【1612560(-|-)】已存在！"}
2024-04-09 00:39:56 随机等待 80 秒，约 1 分钟
2024-04-09 00:39:56 下次操作: 2024-04-09 00:41:16

2024-04-09 00:41:16 开始第 2642 次操作

2024-04-09 00:41:16 开始操作号码 【1612561】
2024-04-09 00:41:21 GSD getOne 第 1 次 等待 3 秒
2024-04-09 00:41:24 查询号码 【1612561】，返回信息 {"status":"ok","msg":"-","gid":"563740","time_insert":"2023-03-01 22:14"}
2024-04-09 00:41:24 查询号码 【1612561】，GSD为【"-"】
2024-04-09 00:41:24 ok && -
2024-04-09 00:41:26 CHB 1612561?1712594484 第 1 次 等待 3 秒
2024-04-09 00:41:29 CHB 1612561?1712594484 第 1 次 获取到号码【1612561】GSD
2024-04-09 00:41:29 未获取到号码【1612561】GSD，可能号码格式错误
2024-04-09 00:41:29 获取到号码【1612561】的GSD为【-】
2024-04-09 00:41:37 GSD insert 第 1 次 等待 3 秒
2024-04-09 00:41:40 {"status":"bad","gid":"563740","msg":"添加失败！号码【1612561(-|-)】已存在！"}
2024-04-09 00:41:40 随机等待 181 秒，约 3 分钟
2024-04-09 00:41:40 下次操作: 2024-04-09 00:44:41

2024-04-09 00:44:41 开始第 2643 次操作

2024-04-09 00:44:41 开始操作号码 【1612562】
2024-04-09 00:44:46 GSD getOne 第 1 次 等待 3 秒
2024-04-09 00:44:49 查询号码 【1612562】，返回信息 {"status":"ok","msg":"-","gid":"563763","time_insert":"2023-03-01 22:31"}
2024-04-09 00:44:49 查询号码 【1612562】，GSD为【"-"】
2024-04-09 00:44:49 ok && -
2024-04-09 00:44:51 CHB 1612562?1712594689 第 1 次 等待 3 秒
2024-04-09 00:44:54 CHB 1612562?1712594689 第 1 次 获取到号码【1612562】GSD
2024-04-09 00:44:54 未获取到号码【1612562】GSD，可能号码格式错误
2024-04-09 00:44:54 获取到号码【1612562】的GSD为【-】
2024-04-09 00:44:59 GSD insert 第 1 次 等待 3 秒
2024-04-09 00:45:02 {"status":"bad","gid":"563763","msg":"添加失败！号码【1612562(-|-)】已存在！"}
2024-04-09 00:45:02 随机等待 135 秒，约 2 分钟
2024-04-09 00:45:02 下次操作: 2024-04-09 00:47:17

2024-04-09 00:47:17 开始第 2644 次操作

2024-04-09 00:47:17 开始操作号码 【1612563】
2024-04-09 00:47:22 GSD getOne 第 1 次 等待 3 秒
2024-04-09 00:47:25 查询号码 【1612563】，返回信息 {"status":"ok","msg":"-","gid":"563781","time_insert":"2023-03-01 22:42"}
2024-04-09 00:47:26 查询号码 【1612563】，GSD为【"-"】
2024-04-09 00:47:26 ok && -
2024-04-09 00:47:28 CHB 1612563?1712594846 第 1 次 等待 3 秒
2024-04-09 00:47:31 CHB 1612563?1712594846 第 1 次 获取到号码【1612563】GSD
2024-04-09 00:47:31 未获取到号码【1612563】GSD，可能号码格式错误
2024-04-09 00:47:31 获取到号码【1612563】的GSD为【-】
2024-04-09 00:47:36 GSD insert 第 1 次 等待 3 秒
2024-04-09 00:47:39 {"status":"bad","gid":"563781","msg":"添加失败！号码【1612563(-|-)】已存在！"}

