2023-12-19 00:21:44 开始第 3909 次操作

2023-12-19 00:21:44 开始操作号码 【1833828】
2023-12-19 00:21:48 GSD getOne 第 1 次 等待 3 秒
2023-12-19 00:21:51 查询号码 【1833828】，返回信息 {"status":"ok","msg":"河南-南阳","gid":"309932","time_insert":"2021-07-18 02:57"}
2023-12-19 00:21:51 查询号码 【1833828】，GSD为【"河南-南阳"】

2023-12-19 00:21:52 开始第 3910 次操作

2023-12-19 00:21:52 开始操作号码 【1833829】
2023-12-19 00:21:56 GSD getOne 第 1 次 等待 3 秒
2023-12-19 00:21:59 查询号码 【1833829】，返回信息 {"status":"ok","msg":"河南-南阳","gid":"309938","time_insert":"2021-07-18 02:57"}
2023-12-19 00:21:59 查询号码 【1833829】，GSD为【"河南-南阳"】

2023-12-19 00:22:00 开始第 3911 次操作

2023-12-19 00:22:00 开始操作号码 【1833830】
2023-12-19 00:22:08 GSD getOne 第 1 次 等待 3 秒
2023-12-19 00:22:11 查询号码 【1833830】，返回信息 {"status":"ok","msg":"河南-南阳","gid":"309946","time_insert":"2021-07-18 02:58"}
2023-12-19 00:22:12 查询号码 【1833830】，GSD为【"河南-南阳"】

2023-12-19 00:22:13 开始第 3912 次操作

2023-12-19 00:22:13 开始操作号码 【1833831】
2023-12-19 00:22:20 GSD getOne 第 1 次 等待 3 秒
2023-12-19 00:22:23 查询号码 【1833831】，返回信息 {"status":"ok","msg":"河南-南阳","gid":"37752","time_insert":"2016-11-28 14:45","time_update":"2020-09-13 19:15"}
2023-12-19 00:22:23 查询号码 【1833831】，GSD为【"河南-南阳"】

2023-12-19 00:41:20 开始第 3913 次操作

2023-12-19 00:41:20 开始操作号码 【1833832】
2023-12-19 00:41:26 GSD getOne 第 1 次 等待 3 秒
2023-12-19 00:41:29 查询号码 【1833832】，返回信息 {"status":"ok","msg":"河南-南阳","gid":"309960","time_insert":"2021-07-18 02:59"}
2023-12-19 00:41:29 查询号码 【1833832】，GSD为【"河南-南阳"】

2023-12-19 00:41:30 开始第 3914 次操作

2023-12-19 00:41:30 开始操作号码 【1833833】
2023-12-19 00:41:35 GSD getOne 第 1 次 等待 3 秒
2023-12-19 00:41:38 查询号码 【1833833】，返回信息 {"status":"ok","msg":"河南-南阳","gid":"55724","time_insert":"2021-04-12 15:26"}
2023-12-19 00:41:38 查询号码 【1833833】，GSD为【"河南-南阳"】

2023-12-19 00:41:39 开始第 3915 次操作

2023-12-19 00:41:39 开始操作号码 【1833834】
2023-12-19 00:41:43 GSD getOne 第 1 次 等待 3 秒
2023-12-19 00:41:47 查询号码 【1833834】，返回信息 {"status":"ok","msg":"河南-南阳","gid":"309972","time_insert":"2021-07-18 02:59"}
2023-12-19 00:41:47 查询号码 【1833834】，GSD为【"河南-南阳"】

2023-12-19 00:41:48 开始第 3916 次操作

2023-12-19 00:41:48 开始操作号码 【1833835】
2023-12-19 00:41:52 GSD getOne 第 1 次 等待 3 秒
2023-12-19 00:41:55 查询号码 【1833835】，返回信息 {"status":"ok","msg":"河南-南阳","gid":"309981","time_insert":"2021-07-18 03:00"}
2023-12-19 00:41:55 查询号码 【1833835】，GSD为【"河南-南阳"】

