2024-08-04 00:23:13 开始第 9493 次操作

2024-08-04 00:23:13 开始操作号码 【1509402】
2024-08-04 00:23:21 GSD getOne 第 1 次 等待 3 秒
2024-08-04 00:23:24 查询号码 【1509402】，返回信息 {"status":"ok","msg":"陕西-西安","gid":"361421","time_insert":"2021-07-23 02:48"}
2024-08-04 00:23:24 查询号码 【1509402】，GSD为【"陕西-西安"】

2024-08-04 00:23:25 开始第 9494 次操作

2024-08-04 00:23:25 开始操作号码 【1509403】
2024-08-04 00:23:34 GSD getOne 第 1 次 等待 3 秒
2024-08-04 00:23:37 查询号码 【1509403】，返回信息 {"status":"ok","msg":"陕西-西安","gid":"16403","time_insert":"2017-07-31 21:35","time_update":"2020-12-09 20:24"}
2024-08-04 00:23:37 查询号码 【1509403】，GSD为【"陕西-西安"】

2024-08-04 00:23:38 开始第 9495 次操作

2024-08-04 00:23:38 开始操作号码 【1509404】
2024-08-04 00:23:55 GSD getOne 第 1 次 等待 3 秒
2024-08-04 00:23:58 查询号码 【1509404】，返回信息 {"status":"ok","msg":"陕西-西安","gid":"361413","time_insert":"2021-07-23 02:47"}
2024-08-04 00:23:58 查询号码 【1509404】，GSD为【"陕西-西安"】

2024-08-04 00:23:59 开始第 9496 次操作

2024-08-04 00:23:59 开始操作号码 【1509405】
2024-08-04 00:24:01 GSD getOne 第 1 次 等待 3 秒
2024-08-04 00:24:04 查询号码 【1509405】，返回信息 {"status":"ok","msg":"陕西-西安","gid":"361409","time_insert":"2021-07-23 02:47"}
2024-08-04 00:24:04 查询号码 【1509405】，GSD为【"陕西-西安"】

