2024-01-08 00:19:45 开始第 7481 次操作

2024-01-08 00:19:45 开始操作号码 【1837400】
2024-01-08 00:19:49 GSD getOne 第 1 次 等待 3 秒
2024-01-08 00:19:52 查询号码 【1837400】，返回信息 {"status":"ok","msg":"湖南-株洲","gid":"349379","time_insert":"2021-07-21 21:48"}
2024-01-08 00:19:52 查询号码 【1837400】，GSD为【"湖南-株洲"】

2024-01-08 00:19:53 开始第 7482 次操作

2024-01-08 00:19:53 开始操作号码 【1837401】
2024-01-08 00:19:57 GSD getOne 第 1 次 等待 3 秒
2024-01-08 00:20:00 查询号码 【1837401】，返回信息 {"status":"ok","msg":"湖南-株洲","gid":"38094","time_insert":"2018-07-22 09:51","time_update":"2020-09-23 17:31"}
2024-01-08 00:20:00 查询号码 【1837401】，GSD为【"湖南-株洲"】

2024-01-08 00:20:01 开始第 7483 次操作

2024-01-08 00:20:01 开始操作号码 【1837402】
2024-01-08 00:20:05 GSD getOne 第 1 次 等待 3 秒
2024-01-08 00:20:08 查询号码 【1837402】，返回信息 {"status":"ok","msg":"湖南-株洲","gid":"349387","time_insert":"2021-07-21 21:49"}
2024-01-08 00:20:08 查询号码 【1837402】，GSD为【"湖南-株洲"】

2024-01-08 00:20:09 开始第 7484 次操作

2024-01-08 00:20:09 开始操作号码 【1837403】
2024-01-08 00:20:12 GSD getOne 第 1 次 等待 3 秒
2024-01-08 00:20:15 查询号码 【1837403】，返回信息 {"status":"ok","msg":"湖南-株洲","gid":"349394","time_insert":"2021-07-21 21:50"}
2024-01-08 00:20:15 查询号码 【1837403】，GSD为【"湖南-株洲"】

