2023-10-25 00:20:27 开始第 4865 次操作

2023-10-25 00:20:27 开始操作号码 【1934783】
2023-10-25 00:20:30 GSD getOne 第 1 次 等待 3 秒
2023-10-25 00:20:33 查询号码 【1934783】，返回信息 {"status":"ok","msg":"-","gid":"510616","time_insert":"2021-08-15 02:26"}
2023-10-25 00:20:33 查询号码 【1934783】，GSD为【"-"】
2023-10-25 00:20:33 ok && -
2023-10-25 00:20:41 CHB 1934783?1698164433 第 1 次 等待 3 秒
2023-10-25 00:20:44 CHB 1934783?1698164433 第 1 次 获取到号码【1934783】GSD
2023-10-25 00:20:44 未获取到号码【1934783】GSD，可能号码格式错误
2023-10-25 00:20:44 获取到号码【1934783】的GSD为【-】
2023-10-25 00:20:47 GSD insert 第 1 次 等待 3 秒
2023-10-25 00:20:50 {"status":"bad","gid":"510616","msg":"添加失败！号码【1934783(-|-)】已存在！"}
2023-10-25 00:20:50 随机等待 222 秒，约 3 分钟
2023-10-25 00:20:50 下次操作: 2023-10-25 00:24:32

2023-10-25 00:24:32 开始第 4866 次操作

2023-10-25 00:24:32 开始操作号码 【1934784】
2023-10-25 00:24:35 GSD getOne 第 1 次 等待 3 秒
2023-10-25 00:24:38 查询号码 【1934784】，返回信息 {"status":"ok","msg":"-","gid":"510627","time_insert":"2021-08-15 02:41"}
2023-10-25 00:24:38 查询号码 【1934784】，GSD为【"-"】
2023-10-25 00:24:38 ok && -
2023-10-25 00:24:45 CHB 1934784?1698164678 第 1 次 等待 3 秒
2023-10-25 00:24:48 CHB 1934784?1698164678 第 1 次 获取到号码【1934784】GSD
2023-10-25 00:24:48 未获取到号码【1934784】GSD，可能号码格式错误
2023-10-25 00:24:48 获取到号码【1934784】的GSD为【-】
2023-10-25 00:24:54 GSD insert 第 1 次 等待 3 秒
2023-10-25 00:24:57 {"status":"bad","gid":"510627","msg":"添加失败！号码【1934784(-|-)】已存在！"}
2023-10-25 00:24:57 随机等待 114 秒，约 1 分钟
2023-10-25 00:24:57 下次操作: 2023-10-25 00:26:51

2023-10-25 00:26:51 开始第 4867 次操作

2023-10-25 00:26:51 开始操作号码 【1934785】
2023-10-25 00:26:58 GSD getOne 第 1 次 等待 3 秒
2023-10-25 00:27:01 查询号码 【1934785】，返回信息 {"status":"ok","msg":"-","gid":"510634","time_insert":"2021-08-15 02:56"}
2023-10-25 00:27:01 查询号码 【1934785】，GSD为【"-"】
2023-10-25 00:27:01 ok && -
2023-10-25 00:27:12 CHB 1934785?1698164821 第 1 次 等待 3 秒
2023-10-25 00:27:15 CHB 1934785?1698164821 第 1 次 获取到号码【1934785】GSD
2023-10-25 00:27:15 未获取到号码【1934785】GSD，可能号码格式错误
2023-10-25 00:27:15 获取到号码【1934785】的GSD为【-】
2023-10-25 00:27:18 GSD insert 第 1 次 等待 3 秒
2023-10-25 00:27:21 {"status":"bad","gid":"510634","msg":"添加失败！号码【1934785(-|-)】已存在！"}
2023-10-25 00:27:21 随机等待 131 秒，约 2 分钟
2023-10-25 00:27:21 下次操作: 2023-10-25 00:29:32

2023-10-25 00:29:32 开始第 4868 次操作

2023-10-25 00:29:32 开始操作号码 【1934786】
2023-10-25 00:29:38 GSD getOne 第 1 次 等待 3 秒
2023-10-25 00:29:41 查询号码 【1934786】，返回信息 {"status":"ok","msg":"-","gid":"510643","time_insert":"2021-08-15 03:08"}
2023-10-25 00:29:41 查询号码 【1934786】，GSD为【"-"】
2023-10-25 00:29:41 ok && -
2023-10-25 00:29:43 CHB 1934786?1698164981 第 1 次 等待 3 秒
2023-10-25 00:29:46 CHB 1934786?1698164981 第 1 次 获取到号码【1934786】GSD
2023-10-25 00:29:46 未获取到号码【1934786】GSD，可能号码格式错误
2023-10-25 00:29:46 获取到号码【1934786】的GSD为【-】
2023-10-25 00:29:52 GSD insert 第 1 次 等待 3 秒
2023-10-25 00:29:55 {"status":"bad","gid":"510643","msg":"添加失败！号码【1934786(-|-)】已存在！"}

