2024-03-30 00:20:36 开始第 861 次操作

2024-03-30 00:20:36 开始操作号码 【1610781】
2024-03-30 00:20:41 GSD getOne 第 1 次 等待 3 秒
2024-03-30 00:20:44 查询号码 【1610781】，返回信息 {"status":"ok","msg":"-","gid":"528649","time_insert":"2023-02-13 08:36"}
2024-03-30 00:20:44 查询号码 【1610781】，GSD为【"-"】
2024-03-30 00:20:44 ok && -
2024-03-30 00:20:46 CHB 1610781?1711729244 第 1 次 等待 3 秒
2024-03-30 00:20:49 CHB 1610781?1711729244 第 1 次 获取到号码【1610781】GSD
2024-03-30 00:20:50 未获取到号码【1610781】GSD，可能号码格式错误
2024-03-30 00:20:50 获取到号码【1610781】的GSD为【-】
2024-03-30 00:20:55 GSD insert 第 1 次 等待 3 秒
2024-03-30 00:20:58 {"status":"bad","gid":"528649","msg":"添加失败！号码【1610781(-|-)】已存在！"}
2024-03-30 00:20:58 随机等待 112 秒，约 1 分钟
2024-03-30 00:20:58 下次操作: 2024-03-30 00:22:50

2024-03-30 00:22:50 开始第 862 次操作

2024-03-30 00:22:50 开始操作号码 【1610782】
2024-03-30 00:22:55 GSD getOne 第 1 次 等待 3 秒
2024-03-30 00:22:58 查询号码 【1610782】，返回信息 {"status":"ok","msg":"-","gid":"528661","time_insert":"2023-02-13 08:48"}
2024-03-30 00:22:58 查询号码 【1610782】，GSD为【"-"】
2024-03-30 00:22:58 ok && -
2024-03-30 00:23:01 CHB 1610782?1711729378 第 1 次 等待 3 秒
2024-03-30 00:23:04 CHB 1610782?1711729378 第 1 次 获取到号码【1610782】GSD
2024-03-30 00:23:04 未获取到号码【1610782】GSD，可能号码格式错误
2024-03-30 00:23:04 获取到号码【1610782】的GSD为【-】
2024-03-30 00:23:08 GSD insert 第 1 次 等待 3 秒
2024-03-30 00:23:11 {"status":"bad","gid":"528661","msg":"添加失败！号码【1610782(-|-)】已存在！"}
2024-03-30 00:23:11 随机等待 158 秒，约 2 分钟
2024-03-30 00:23:11 下次操作: 2024-03-30 00:25:49

2024-03-30 00:25:49 开始第 863 次操作

2024-03-30 00:25:49 开始操作号码 【1610783】
2024-03-30 00:25:54 GSD getOne 第 1 次 等待 3 秒
2024-03-30 00:25:57 查询号码 【1610783】，返回信息 {"status":"ok","msg":"-","gid":"528671","time_insert":"2023-02-13 08:59"}
2024-03-30 00:25:57 查询号码 【1610783】，GSD为【"-"】
2024-03-30 00:25:57 ok && -
2024-03-30 00:26:00 CHB 1610783?1711729557 第 1 次 等待 3 秒
2024-03-30 00:26:03 CHB 1610783?1711729557 第 1 次 获取到号码【1610783】GSD
2024-03-30 00:26:03 未获取到号码【1610783】GSD，可能号码格式错误
2024-03-30 00:26:03 获取到号码【1610783】的GSD为【-】
2024-03-30 00:26:08 GSD insert 第 1 次 等待 3 秒
2024-03-30 00:26:11 {"status":"bad","gid":"528671","msg":"添加失败！号码【1610783(-|-)】已存在！"}
2024-03-30 00:26:11 随机等待 107 秒，约 1 分钟
2024-03-30 00:26:11 下次操作: 2024-03-30 00:27:58

2024-03-30 00:27:58 开始第 864 次操作

2024-03-30 00:27:58 开始操作号码 【1610784】
2024-03-30 00:28:03 GSD getOne 第 1 次 等待 3 秒
2024-03-30 00:28:06 查询号码 【1610784】，返回信息 {"status":"ok","msg":"-","gid":"528686","time_insert":"2023-02-13 09:12"}
2024-03-30 00:28:06 查询号码 【1610784】，GSD为【"-"】
2024-03-30 00:28:06 ok && -
2024-03-30 00:28:08 CHB 1610784?1711729686 第 1 次 等待 3 秒
2024-03-30 00:28:11 CHB 1610784?1711729686 第 1 次 获取到号码【1610784】GSD
2024-03-30 00:28:11 未获取到号码【1610784】GSD，可能号码格式错误
2024-03-30 00:28:11 获取到号码【1610784】的GSD为【-】
2024-03-30 00:28:16 GSD insert 第 1 次 等待 3 秒
2024-03-30 00:28:19 {"status":"bad","gid":"528686","msg":"添加失败！号码【1610784(-|-)】已存在！"}

2024-03-30 00:38:22 开始第 865 次操作

2024-03-30 00:38:22 开始操作号码 【1610785】
2024-03-30 00:38:27 GSD getOne 第 1 次 等待 3 秒
2024-03-30 00:38:30 查询号码 【1610785】，返回信息 {"status":"ok","msg":"-","gid":"528699","time_insert":"2023-02-13 09:24"}
2024-03-30 00:38:30 查询号码 【1610785】，GSD为【"-"】
2024-03-30 00:38:30 ok && -
2024-03-30 00:38:34 CHB 1610785?1711730310 第 1 次 等待 3 秒
2024-03-30 00:38:37 CHB 1610785?1711730310 第 1 次 获取到号码【1610785】GSD
2024-03-30 00:38:37 未获取到号码【1610785】GSD，可能号码格式错误
2024-03-30 00:38:37 获取到号码【1610785】的GSD为【-】
2024-03-30 00:38:43 GSD insert 第 1 次 等待 3 秒
2024-03-30 00:38:46 {"status":"bad","gid":"528699","msg":"添加失败！号码【1610785(-|-)】已存在！"}
2024-03-30 00:38:46 随机等待 137 秒，约 2 分钟
2024-03-30 00:38:46 下次操作: 2024-03-30 00:41:03

2024-03-30 00:41:03 开始第 866 次操作

2024-03-30 00:41:03 开始操作号码 【1610786】
2024-03-30 00:41:08 GSD getOne 第 1 次 等待 3 秒
2024-03-30 00:41:11 查询号码 【1610786】，返回信息 {"status":"ok","msg":"-","gid":"528708","time_insert":"2023-02-13 09:36"}
2024-03-30 00:41:11 查询号码 【1610786】，GSD为【"-"】
2024-03-30 00:41:11 ok && -
2024-03-30 00:41:16 CHB 1610786?1711730471 第 1 次 等待 3 秒
2024-03-30 00:41:19 CHB 1610786?1711730471 第 1 次 获取到号码【1610786】GSD
2024-03-30 00:41:19 未获取到号码【1610786】GSD，可能号码格式错误
2024-03-30 00:41:19 获取到号码【1610786】的GSD为【-】
2024-03-30 00:41:24 GSD insert 第 1 次 等待 3 秒
2024-03-30 00:41:27 {"status":"bad","gid":"528708","msg":"添加失败！号码【1610786(-|-)】已存在！"}
2024-03-30 00:41:27 随机等待 234 秒，约 3 分钟
2024-03-30 00:41:27 下次操作: 2024-03-30 00:45:21

2024-03-30 00:45:21 开始第 867 次操作

2024-03-30 00:45:21 开始操作号码 【1610787】
2024-03-30 00:45:26 GSD getOne 第 1 次 等待 3 秒
2024-03-30 00:45:29 查询号码 【1610787】，返回信息 {"status":"ok","msg":"-","gid":"528719","time_insert":"2023-02-13 09:45"}
2024-03-30 00:45:29 查询号码 【1610787】，GSD为【"-"】
2024-03-30 00:45:29 ok && -
2024-03-30 00:45:31 CHB 1610787?1711730729 第 1 次 等待 3 秒
2024-03-30 00:45:34 CHB 1610787?1711730729 第 1 次 获取到号码【1610787】GSD
2024-03-30 00:45:34 未获取到号码【1610787】GSD，可能号码格式错误
2024-03-30 00:45:34 获取到号码【1610787】的GSD为【-】
2024-03-30 00:45:39 GSD insert 第 1 次 等待 3 秒
2024-03-30 00:45:42 {"status":"bad","gid":"528719","msg":"添加失败！号码【1610787(-|-)】已存在！"}
2024-03-30 00:45:42 随机等待 169 秒，约 2 分钟
2024-03-30 00:45:42 下次操作: 2024-03-30 00:48:31

2024-03-30 00:48:31 开始第 868 次操作

2024-03-30 00:48:31 开始操作号码 【1610788】
2024-03-30 00:48:36 GSD getOne 第 1 次 等待 3 秒
2024-03-30 00:48:39 查询号码 【1610788】，返回信息 {"status":"ok","msg":"-","gid":"528732","time_insert":"2023-02-13 09:57"}
2024-03-30 00:48:39 查询号码 【1610788】，GSD为【"-"】
2024-03-30 00:48:39 ok && -
2024-03-30 00:48:42 CHB 1610788?1711730919 第 1 次 等待 3 秒
2024-03-30 00:48:45 CHB 1610788?1711730919 第 1 次 获取到号码【1610788】GSD
2024-03-30 00:48:45 未获取到号码【1610788】GSD，可能号码格式错误
2024-03-30 00:48:45 获取到号码【1610788】的GSD为【-】
2024-03-30 00:48:50 GSD insert 第 1 次 等待 3 秒
2024-03-30 00:48:53 {"status":"bad","gid":"528732","msg":"添加失败！号码【1610788(-|-)】已存在！"}

