2024-11-28 00:09:08 开始第 7309 次操作

2024-11-28 00:09:08 开始操作号码 【1317308】
2024-11-28 00:09:09 GSD getOne 第 1 次 等待 3 秒
2024-11-28 00:09:12 查询号码 【1317308】，返回信息 {"status":"ok","msg":"山东-临沂","gid":"226390","time_insert":"2021-07-08 23:57"}
2024-11-28 00:09:12 查询号码 【1317308】，GSD为【"山东-临沂"】

2024-11-28 00:09:13 开始第 7310 次操作

2024-11-28 00:09:13 开始操作号码 【1317309】
2024-11-28 00:09:14 GSD getOne 第 1 次 等待 3 秒
2024-11-28 00:09:17 查询号码 【1317309】，返回信息 {"status":"ok","msg":"山东-临沂","gid":"226382","time_insert":"2021-07-08 23:57"}
2024-11-28 00:09:17 查询号码 【1317309】，GSD为【"山东-临沂"】

2024-11-28 00:09:18 开始第 7311 次操作

2024-11-28 00:09:18 开始操作号码 【1317310】
2024-11-28 00:09:19 GSD getOne 第 1 次 等待 3 秒
2024-11-28 00:09:22 查询号码 【1317310】，返回信息 {"status":"ok","msg":"山东-潍坊","gid":"226376","time_insert":"2021-07-08 23:56"}
2024-11-28 00:09:22 查询号码 【1317310】，GSD为【"山东-潍坊"】

2024-11-28 00:09:23 开始第 7312 次操作

2024-11-28 00:09:23 开始操作号码 【1317311】
2024-11-28 00:09:24 GSD getOne 第 1 次 等待 3 秒
2024-11-28 00:09:27 查询号码 【1317311】，返回信息 {"status":"ok","msg":"山东-潍坊","gid":"226371","time_insert":"2021-07-08 23:56"}
2024-11-28 00:09:27 查询号码 【1317311】，GSD为【"山东-潍坊"】

