2023-10-16 00:18:33 开始第 3293 次操作

2023-10-16 00:18:33 开始操作号码 【1933259】
2023-10-16 00:20:51 GSD getOne 第 1 次 等待 3 秒
2023-10-16 00:20:54 查询号码 【1933259】，返回信息 
2023-10-16 00:20:54 查询失败，3 秒后重新查询
2023-10-16 00:20:57 查询号码 【1933259】，返回信息 
2023-10-16 00:20:57 查询失败，结束本次操作，期待下次成功~
2023-10-16 00:20:57 随机等待 73 秒，约 1 分钟
2023-10-16 00:20:57 下次操作: 2023-10-16 00:22:10

2023-10-16 00:22:10 开始第 3294 次操作

2023-10-16 00:22:10 开始操作号码 【1933259】
2023-10-16 00:24:31 GSD getOne 第 1 次 等待 3 秒
2023-10-16 00:24:34 查询号码 【1933259】，返回信息 
2023-10-16 00:24:34 查询失败，3 秒后重新查询
2023-10-16 00:24:37 查询号码 【1933259】，返回信息 
2023-10-16 00:24:37 查询失败，结束本次操作，期待下次成功~
2023-10-16 00:24:37 随机等待 132 秒，约 2 分钟
2023-10-16 00:24:37 下次操作: 2023-10-16 00:26:49

2023-10-16 00:26:49 开始第 3295 次操作

2023-10-16 00:26:49 开始操作号码 【1933259】
2023-10-16 00:30:23 GSD getOne 第 1 次 等待 3 秒
2023-10-16 00:33:07 GSD getOne 第 2 次 等待 3 秒
2023-10-16 00:36:17 GSD getOne 第 3 次 等待 3 秒
2023-10-16 00:37:37 GSD getOne 第 4 次 等待 3 秒
2023-10-16 00:37:40 查询号码 【1933259】，返回信息 
2023-10-16 00:37:40 查询失败，3 秒后重新查询
2023-10-16 00:37:43 查询号码 【1933259】，返回信息 
2023-10-16 00:37:43 查询失败，结束本次操作，期待下次成功~
2023-10-16 00:37:43 随机等待 136 秒，约 2 分钟
2023-10-16 00:37:43 下次操作: 2023-10-16 00:39:59

2023-10-16 00:39:59 开始第 3296 次操作

2023-10-16 00:39:59 开始操作号码 【1933259】
2023-10-16 00:45:00 GSD getOne 第 1 次 等待 3 秒
2023-10-16 00:46:59 GSD getOne 第 2 次 等待 3 秒
2023-10-16 00:47:02 查询号码 【1933259】，返回信息 
2023-10-16 00:47:02 查询失败，3 秒后重新查询
2023-10-16 00:47:05 查询号码 【1933259】，返回信息 
2023-10-16 00:47:05 查询失败，结束本次操作，期待下次成功~

2023-10-16 01:13:32 开始第 3297 次操作

2023-10-16 01:13:32 开始操作号码 【1933259】
2023-10-16 01:13:35 GSD getOne 第 1 次 等待 3 秒
2023-10-16 01:13:38 查询号码 【1933259】，返回信息 
2023-10-16 01:13:38 查询失败，3 秒后重新查询
2023-10-16 01:13:41 查询号码 【1933259】，返回信息 
2023-10-16 01:13:41 查询失败，结束本次操作，期待下次成功~
2023-10-16 01:13:41 随机等待 161 秒，约 2 分钟
2023-10-16 01:13:41 下次操作: 2023-10-16 01:16:22

2023-10-16 01:16:22 开始第 3298 次操作

2023-10-16 01:16:22 开始操作号码 【1933259】
2023-10-16 01:16:25 GSD getOne 第 1 次 等待 3 秒
2023-10-16 01:16:28 查询号码 【1933259】，返回信息 
2023-10-16 01:16:28 查询失败，3 秒后重新查询
2023-10-16 01:16:31 查询号码 【1933259】，返回信息 
2023-10-16 01:16:31 查询失败，结束本次操作，期待下次成功~
2023-10-16 01:16:31 随机等待 225 秒，约 3 分钟
2023-10-16 01:16:31 下次操作: 2023-10-16 01:20:16

2023-10-16 01:20:16 开始第 3299 次操作

2023-10-16 01:20:16 开始操作号码 【1933259】
2023-10-16 01:22:31 GSD getOne 第 1 次 等待 3 秒
2023-10-16 01:22:34 查询号码 【1933259】，返回信息 
2023-10-16 01:22:34 查询失败，3 秒后重新查询
2023-10-16 01:22:37 查询号码 【1933259】，返回信息 
2023-10-16 01:22:37 查询失败，结束本次操作，期待下次成功~
2023-10-16 01:22:37 随机等待 188 秒，约 3 分钟
2023-10-16 01:22:37 下次操作: 2023-10-16 01:25:45

2023-10-16 01:25:45 开始第 3300 次操作

2023-10-16 01:25:45 开始操作号码 【1933259】
2023-10-16 01:28:05 GSD getOne 第 1 次 等待 3 秒
2023-10-16 01:28:08 查询号码 【1933259】，返回信息 
2023-10-16 01:28:08 查询失败，3 秒后重新查询
2023-10-16 01:28:11 查询号码 【1933259】，返回信息 
2023-10-16 01:28:11 查询失败，结束本次操作，期待下次成功~

2023-10-16 01:37:24 开始第 3301 次操作

2023-10-16 01:37:24 开始操作号码 【1933259】
2023-10-16 01:43:12 GSD getOne 第 1 次 等待 3 秒
2023-10-16 01:45:32 GSD getOne 第 2 次 等待 3 秒
2023-10-16 01:45:35 查询号码 【1933259】，返回信息 
2023-10-16 01:45:35 查询失败，3 秒后重新查询
2023-10-16 01:45:38 查询号码 【1933259】，返回信息 
2023-10-16 01:45:38 查询失败，结束本次操作，期待下次成功~
2023-10-16 01:45:38 随机等待 151 秒，约 2 分钟
2023-10-16 01:45:38 下次操作: 2023-10-16 01:48:09

2023-10-16 01:48:09 开始第 3302 次操作

2023-10-16 01:48:09 开始操作号码 【1933259】
2023-10-16 01:50:31 GSD getOne 第 1 次 等待 3 秒
2023-10-16 01:50:34 查询号码 【1933259】，返回信息 
2023-10-16 01:50:34 查询失败，3 秒后重新查询
2023-10-16 01:50:37 查询号码 【1933259】，返回信息 
2023-10-16 01:50:37 查询失败，结束本次操作，期待下次成功~
2023-10-16 01:50:37 随机等待 123 秒，约 2 分钟
2023-10-16 01:50:37 下次操作: 2023-10-16 01:52:40

2023-10-16 01:52:40 开始第 3303 次操作

2023-10-16 01:52:40 开始操作号码 【1933259】
2023-10-16 01:55:51 GSD getOne 第 1 次 等待 3 秒
2023-10-16 01:57:09 GSD getOne 第 2 次 等待 3 秒
2023-10-16 01:57:12 查询号码 【1933259】，返回信息 
2023-10-16 01:57:12 查询失败，3 秒后重新查询
2023-10-16 01:57:15 查询号码 【1933259】，返回信息 
2023-10-16 01:57:15 查询失败，结束本次操作，期待下次成功~
2023-10-16 01:57:15 随机等待 85 秒，约 1 分钟
2023-10-16 01:57:15 下次操作: 2023-10-16 01:58:40

2023-10-16 01:58:40 开始第 3304 次操作

2023-10-16 01:58:40 开始操作号码 【1933259】
2023-10-16 02:00:51 GSD getOne 第 1 次 等待 3 秒
2023-10-16 02:08:04 GSD getOne 第 2 次 等待 3 秒
2023-10-16 02:10:57 GSD getOne 第 3 次 等待 3 秒
2023-10-16 02:11:12 GSD getOne 第 4 次 等待 3 秒
2023-10-16 02:11:15 查询号码 【1933259】，返回信息 
2023-10-16 02:11:15 查询失败，3 秒后重新查询
2023-10-16 02:11:18 查询号码 【1933259】，返回信息 
2023-10-16 02:11:18 查询失败，结束本次操作，期待下次成功~

2023-10-16 02:19:14 开始第 3305 次操作

2023-10-16 02:19:14 开始操作号码 【1933259】
2023-10-16 02:21:35 GSD getOne 第 1 次 等待 3 秒
2023-10-16 02:21:38 查询号码 【1933259】，返回信息 
2023-10-16 02:21:38 查询失败，3 秒后重新查询
2023-10-16 02:21:41 查询号码 【1933259】，返回信息 
2023-10-16 02:21:41 查询失败，结束本次操作，期待下次成功~
2023-10-16 02:21:41 随机等待 176 秒，约 2 分钟
2023-10-16 02:21:41 下次操作: 2023-10-16 02:24:37

2023-10-16 02:24:37 开始第 3306 次操作

2023-10-16 02:24:37 开始操作号码 【1933259】
2023-10-16 02:28:02 GSD getOne 第 1 次 等待 3 秒
2023-10-16 02:28:13 GSD getOne 第 2 次 等待 3 秒
2023-10-16 02:28:16 查询号码 【1933259】，返回信息 
2023-10-16 02:28:16 查询失败，3 秒后重新查询
2023-10-16 02:28:19 查询号码 【1933259】，返回信息 
2023-10-16 02:28:19 查询失败，结束本次操作，期待下次成功~
2023-10-16 02:28:19 随机等待 110 秒，约 1 分钟
2023-10-16 02:28:19 下次操作: 2023-10-16 02:30:09

2023-10-16 02:30:09 开始第 3307 次操作

2023-10-16 02:30:09 开始操作号码 【1933259】
2023-10-16 02:30:13 GSD getOne 第 1 次 等待 3 秒
2023-10-16 02:30:16 查询号码 【1933259】，返回信息 
2023-10-16 02:30:16 查询失败，3 秒后重新查询
2023-10-16 02:30:19 查询号码 【1933259】，返回信息 
2023-10-16 02:30:19 查询失败，结束本次操作，期待下次成功~
2023-10-16 02:30:19 随机等待 124 秒，约 2 分钟
2023-10-16 02:30:19 下次操作: 2023-10-16 02:32:23

2023-10-16 02:32:23 开始第 3308 次操作

2023-10-16 02:32:23 开始操作号码 【1933259】
2023-10-16 02:34:35 GSD getOne 第 1 次 等待 3 秒
2023-10-16 02:34:38 查询号码 【1933259】，返回信息 
2023-10-16 02:34:38 查询失败，3 秒后重新查询
2023-10-16 02:34:41 查询号码 【1933259】，返回信息 
2023-10-16 02:34:41 查询失败，结束本次操作，期待下次成功~

2023-10-16 02:37:18 开始第 3309 次操作

2023-10-16 02:37:18 开始操作号码 【1933259】
2023-10-16 02:39:37 GSD getOne 第 1 次 等待 3 秒
2023-10-16 02:39:40 查询号码 【1933259】，返回信息 
2023-10-16 02:39:40 查询失败，3 秒后重新查询
2023-10-16 02:39:43 查询号码 【1933259】，返回信息 
2023-10-16 02:39:43 查询失败，结束本次操作，期待下次成功~
2023-10-16 02:39:43 随机等待 221 秒，约 3 分钟
2023-10-16 02:39:43 下次操作: 2023-10-16 02:43:24

2023-10-16 02:43:24 开始第 3310 次操作

2023-10-16 02:43:24 开始操作号码 【1933259】
2023-10-16 02:48:25 GSD getOne 第 1 次 等待 3 秒
2023-10-16 02:53:28 GSD getOne 第 2 次 等待 3 秒
2023-10-16 02:54:41 GSD getOne 第 3 次 等待 3 秒
2023-10-16 02:55:47 GSD getOne 第 4 次 等待 3 秒
2023-10-16 02:58:23 GSD getOne 第 5 次 等待 3 秒
2023-10-16 02:58:26 查询号码 【1933259】，返回信息 
2023-10-16 02:58:26 查询失败，3 秒后重新查询
2023-10-16 02:58:29 查询号码 【1933259】，返回信息 
2023-10-16 02:58:29 查询失败，结束本次操作，期待下次成功~
2023-10-16 02:58:29 随机等待 104 秒，约 1 分钟
2023-10-16 02:58:29 下次操作: 2023-10-16 03:00:13

2023-10-16 03:00:13 开始第 3311 次操作

2023-10-16 03:00:13 开始操作号码 【1933259】
2023-10-16 03:01:42 GSD getOne 第 1 次 等待 3 秒
2023-10-16 03:01:59 GSD getOne 第 2 次 等待 3 秒
2023-10-16 03:02:02 查询号码 【1933259】，返回信息 
2023-10-16 03:02:02 查询失败，3 秒后重新查询
2023-10-16 03:02:05 查询号码 【1933259】，返回信息 
2023-10-16 03:02:05 查询失败，结束本次操作，期待下次成功~
2023-10-16 03:02:05 随机等待 68 秒，约 1 分钟
2023-10-16 03:02:05 下次操作: 2023-10-16 03:03:13

2023-10-16 03:03:13 开始第 3312 次操作

2023-10-16 03:03:13 开始操作号码 【1933259】
2023-10-16 03:07:29 GSD getOne 第 1 次 等待 3 秒
2023-10-16 03:10:04 GSD getOne 第 2 次 等待 3 秒
2023-10-16 03:10:07 查询号码 【1933259】，返回信息 
2023-10-16 03:10:07 查询失败，3 秒后重新查询
2023-10-16 03:10:10 查询号码 【1933259】，返回信息 
2023-10-16 03:10:10 查询失败，结束本次操作，期待下次成功~

2023-10-16 03:11:44 开始第 3313 次操作

2023-10-16 03:11:44 开始操作号码 【1933259】
2023-10-16 03:18:00 GSD getOne 第 1 次 等待 3 秒
2023-10-16 03:20:13 GSD getOne 第 2 次 等待 3 秒
2023-10-16 03:20:16 查询号码 【1933259】，返回信息 
2023-10-16 03:20:16 查询失败，3 秒后重新查询
2023-10-16 03:20:19 查询号码 【1933259】，返回信息 
2023-10-16 03:20:19 查询失败，结束本次操作，期待下次成功~
2023-10-16 03:20:19 随机等待 139 秒，约 2 分钟
2023-10-16 03:20:19 下次操作: 2023-10-16 03:22:38

2023-10-16 03:22:38 开始第 3314 次操作

2023-10-16 03:22:38 开始操作号码 【1933259】
2023-10-16 03:28:09 GSD getOne 第 1 次 等待 3 秒
2023-10-16 03:28:24 GSD getOne 第 2 次 等待 3 秒
2023-10-16 03:28:27 查询号码 【1933259】，返回信息 
2023-10-16 03:28:27 查询失败，3 秒后重新查询
2023-10-16 03:28:31 查询号码 【1933259】，返回信息 
2023-10-16 03:28:31 查询失败，结束本次操作，期待下次成功~
2023-10-16 03:28:31 随机等待 218 秒，约 3 分钟
2023-10-16 03:28:31 下次操作: 2023-10-16 03:32:09

2023-10-16 03:32:09 开始第 3315 次操作

2023-10-16 03:32:09 开始操作号码 【1933259】
2023-10-16 03:32:24 GSD getOne 第 1 次 等待 3 秒
2023-10-16 03:32:27 查询号码 【1933259】，返回信息 
2023-10-16 03:32:27 查询失败，3 秒后重新查询
2023-10-16 03:32:30 查询号码 【1933259】，返回信息 
2023-10-16 03:32:30 查询失败，结束本次操作，期待下次成功~
2023-10-16 03:32:30 随机等待 233 秒，约 3 分钟
2023-10-16 03:32:30 下次操作: 2023-10-16 03:36:23

2023-10-16 03:36:23 开始第 3316 次操作

2023-10-16 03:36:23 开始操作号码 【1933259】
2023-10-16 03:37:09 GSD getOne 第 1 次 等待 3 秒
2023-10-16 03:37:12 查询号码 【1933259】，返回信息 
2023-10-16 03:37:12 查询失败，3 秒后重新查询
2023-10-16 03:37:15 查询号码 【1933259】，返回信息 
2023-10-16 03:37:15 查询失败，结束本次操作，期待下次成功~

