2023-10-30 00:19:35 开始第 5753 次操作

2023-10-30 00:19:35 开始操作号码 【1935671】
2023-10-30 00:30:24 GSD getOne 第 1 次 等待 3 秒
2023-10-30 00:30:31 GSD getOne 第 2 次 等待 3 秒
2023-10-30 00:30:34 查询号码 【1935671】，返回信息 {"status":"ok","msg":"安徽-亳州","gid":"489422","time_insert":"2021-08-03 11:23"}
2023-10-30 00:30:34 查询号码 【1935671】，GSD为【"安徽-亳州"】

2023-10-30 00:30:35 开始第 5754 次操作

2023-10-30 00:30:35 开始操作号码 【1935672】
2023-10-30 00:31:00 GSD getOne 第 1 次 等待 3 秒
2023-10-30 00:31:03 查询号码 【1935672】，返回信息 {"status":"ok","msg":"安徽-亳州","gid":"489415","time_insert":"2021-08-03 11:22"}
2023-10-30 00:31:03 查询号码 【1935672】，GSD为【"安徽-亳州"】

2023-10-30 00:31:04 开始第 5755 次操作

2023-10-30 00:31:04 开始操作号码 【1935673】
2023-10-30 00:31:10 GSD getOne 第 1 次 等待 3 秒
2023-10-30 00:31:13 查询号码 【1935673】，返回信息 {"status":"ok","msg":"安徽-亳州","gid":"489407","time_insert":"2021-08-03 11:21"}
2023-10-30 00:31:13 查询号码 【1935673】，GSD为【"安徽-亳州"】

2023-10-30 00:31:14 开始第 5756 次操作

2023-10-30 00:31:14 开始操作号码 【1935674】
2023-10-30 00:31:18 GSD getOne 第 1 次 等待 3 秒
2023-10-30 00:31:21 查询号码 【1935674】，返回信息 {"status":"ok","msg":"安徽-亳州","gid":"489400","time_insert":"2021-08-03 11:20"}
2023-10-30 00:31:21 查询号码 【1935674】，GSD为【"安徽-亳州"】

