2024-10-29 00:08:45 开始第 2017 次操作

2024-10-29 00:08:45 开始操作号码 【1312016】
2024-10-29 00:08:47 GSD getOne 第 1 次 等待 3 秒
2024-10-29 00:08:50 查询号码 【1312016】，返回信息 {"status":"ok","msg":"北京-北京","gid":"76840","time_insert":"2021-06-02 09:27"}
2024-10-29 00:08:50 查询号码 【1312016】，GSD为【"北京-北京"】

2024-10-29 00:08:51 开始第 2018 次操作

2024-10-29 00:08:51 开始操作号码 【1312017】
2024-10-29 00:08:52 GSD getOne 第 1 次 等待 3 秒
2024-10-29 00:08:55 查询号码 【1312017】，返回信息 {"status":"ok","msg":"北京-北京","gid":"76861","time_insert":"2021-06-02 09:47"}
2024-10-29 00:08:55 查询号码 【1312017】，GSD为【"北京-北京"】

2024-10-29 00:08:56 开始第 2019 次操作

2024-10-29 00:08:56 开始操作号码 【1312018】
2024-10-29 00:08:57 GSD getOne 第 1 次 等待 3 秒
2024-10-29 00:09:00 查询号码 【1312018】，返回信息 {"status":"ok","msg":"北京-北京","gid":"76880","time_insert":"2021-06-02 10:12"}
2024-10-29 00:09:00 查询号码 【1312018】，GSD为【"北京-北京"】

2024-10-29 00:09:01 开始第 2020 次操作

2024-10-29 00:09:01 开始操作号码 【1312019】
2024-10-29 00:09:03 GSD getOne 第 1 次 等待 3 秒
2024-10-29 00:09:06 查询号码 【1312019】，返回信息 {"status":"ok","msg":"北京-北京","gid":"76899","time_insert":"2021-06-02 10:35"}
2024-10-29 00:09:06 查询号码 【1312019】，GSD为【"北京-北京"】

2024-10-29 00:43:35 开始第 2021 次操作

2024-10-29 00:43:35 开始操作号码 【1312020】
2024-10-29 00:43:36 GSD getOne 第 1 次 等待 3 秒
2024-10-29 00:43:39 查询号码 【1312020】，返回信息 {"status":"ok","msg":"北京-北京","gid":"76924","time_insert":"2021-06-02 10:57"}
2024-10-29 00:43:39 查询号码 【1312020】，GSD为【"北京-北京"】

2024-10-29 00:43:40 开始第 2022 次操作

2024-10-29 00:43:40 开始操作号码 【1312021】
2024-10-29 00:43:41 GSD getOne 第 1 次 等待 3 秒
2024-10-29 00:43:44 查询号码 【1312021】，返回信息 {"status":"ok","msg":"北京-北京","gid":"76938","time_insert":"2021-06-02 11:08"}
2024-10-29 00:43:44 查询号码 【1312021】，GSD为【"北京-北京"】

2024-10-29 00:43:45 开始第 2023 次操作

2024-10-29 00:43:45 开始操作号码 【1312022】
2024-10-29 00:43:46 GSD getOne 第 1 次 等待 3 秒
2024-10-29 00:43:49 查询号码 【1312022】，返回信息 {"status":"ok","msg":"北京-北京","gid":"76963","time_insert":"2021-06-02 11:27"}
2024-10-29 00:43:49 查询号码 【1312022】，GSD为【"北京-北京"】

2024-10-29 00:43:50 开始第 2024 次操作

2024-10-29 00:43:50 开始操作号码 【1312023】
2024-10-29 00:43:51 GSD getOne 第 1 次 等待 3 秒
2024-10-29 00:43:54 查询号码 【1312023】，返回信息 {"status":"ok","msg":"北京-北京","gid":"76977","time_insert":"2021-06-02 11:45"}
2024-10-29 00:43:54 查询号码 【1312023】，GSD为【"北京-北京"】

