2024-11-02 00:08:08 开始第 2713 次操作

2024-11-02 00:08:08 开始操作号码 【1312712】
2024-11-02 00:08:11 GSD getOne 第 1 次 等待 3 秒
2024-11-02 00:08:14 查询号码 【1312712】，返回信息 {"status":"ok","msg":"山东-济南","gid":"94002","time_insert":"2021-06-13 03:06"}
2024-11-02 00:08:14 查询号码 【1312712】，GSD为【"山东-济南"】

2024-11-02 00:08:15 开始第 2714 次操作

2024-11-02 00:08:15 开始操作号码 【1312713】
2024-11-02 00:08:16 GSD getOne 第 1 次 等待 3 秒
2024-11-02 00:08:19 查询号码 【1312713】，返回信息 {"status":"ok","msg":"山东-济南","gid":"1285","time_insert":"2019-11-21 07:43","time_update":"2020-09-11 05:48"}
2024-11-02 00:08:19 查询号码 【1312713】，GSD为【"山东-济南"】

2024-11-02 00:08:20 开始第 2715 次操作

2024-11-02 00:08:20 开始操作号码 【1312714】
2024-11-02 00:08:20 GSD getOne 第 1 次 等待 3 秒
2024-11-02 00:08:23 查询号码 【1312714】，返回信息 {"status":"ok","msg":"山东-济南","gid":"94028","time_insert":"2021-06-13 03:30"}
2024-11-02 00:08:24 查询号码 【1312714】，GSD为【"山东-济南"】

2024-11-02 00:08:25 开始第 2716 次操作

2024-11-02 00:08:25 开始操作号码 【1312715】
2024-11-02 00:08:25 GSD getOne 第 1 次 等待 3 秒
2024-11-02 00:08:28 查询号码 【1312715】，返回信息 {"status":"ok","msg":"山东-济南","gid":"94057","time_insert":"2021-06-13 03:56"}
2024-11-02 00:08:29 查询号码 【1312715】，GSD为【"山东-济南"】

2024-11-02 00:40:14 开始第 2717 次操作

2024-11-02 00:40:14 开始操作号码 【1312716】
2024-11-02 00:40:16 GSD getOne 第 1 次 等待 3 秒
2024-11-02 00:40:19 查询号码 【1312716】，返回信息 {"status":"ok","msg":"山东-潍坊","gid":"94078","time_insert":"2021-06-13 04:17"}
2024-11-02 00:40:19 查询号码 【1312716】，GSD为【"山东-潍坊"】

2024-11-02 00:40:20 开始第 2718 次操作

2024-11-02 00:40:20 开始操作号码 【1312717】
2024-11-02 00:40:22 GSD getOne 第 1 次 等待 3 秒
2024-11-02 00:40:25 查询号码 【1312717】，返回信息 {"status":"ok","msg":"山东-潍坊","gid":"94099","time_insert":"2021-06-13 04:37"}
2024-11-02 00:40:25 查询号码 【1312717】，GSD为【"山东-潍坊"】

2024-11-02 00:40:26 开始第 2719 次操作

2024-11-02 00:40:26 开始操作号码 【1312718】
2024-11-02 00:40:29 GSD getOne 第 1 次 等待 3 秒
2024-11-02 00:40:32 查询号码 【1312718】，返回信息 {"status":"ok","msg":"山东-潍坊","gid":"94121","time_insert":"2021-06-13 04:55"}
2024-11-02 00:40:32 查询号码 【1312718】，GSD为【"山东-潍坊"】

2024-11-02 00:40:33 开始第 2720 次操作

2024-11-02 00:40:33 开始操作号码 【1312719】
2024-11-02 00:40:34 GSD getOne 第 1 次 等待 3 秒
2024-11-02 00:40:37 查询号码 【1312719】，返回信息 {"status":"ok","msg":"山东-东营","gid":"94147","time_insert":"2021-06-13 05:19"}
2024-11-02 00:40:37 查询号码 【1312719】，GSD为【"山东-东营"】

