2023-11-11 00:20:41 开始第 7865 次操作

2023-11-11 00:20:41 开始操作号码 【1937783】
2023-11-11 00:20:58 GSD getOne 第 1 次 等待 3 秒
2023-11-11 00:21:01 查询号码 【1937783】，返回信息 {"status":"ok","msg":"广西-河池","gid":"460565","time_insert":"2021-07-31 21:49"}
2023-11-11 00:21:01 查询号码 【1937783】，GSD为【"广西-河池"】

2023-11-11 00:21:02 开始第 7866 次操作

2023-11-11 00:21:02 开始操作号码 【1937784】
2023-11-11 00:21:06 GSD getOne 第 1 次 等待 3 秒
2023-11-11 00:21:09 查询号码 【1937784】，返回信息 {"status":"ok","msg":"广西-河池","gid":"460554","time_insert":"2021-07-31 21:48"}
2023-11-11 00:21:09 查询号码 【1937784】，GSD为【"广西-河池"】

2023-11-11 00:21:10 开始第 7867 次操作

2023-11-11 00:21:10 开始操作号码 【1937785】
2023-11-11 00:21:13 GSD getOne 第 1 次 等待 3 秒
2023-11-11 00:21:16 查询号码 【1937785】，返回信息 {"status":"ok","msg":"广西-河池","gid":"460542","time_insert":"2021-07-31 21:47"}
2023-11-11 00:21:16 查询号码 【1937785】，GSD为【"广西-河池"】

2023-11-11 00:21:17 开始第 7868 次操作

2023-11-11 00:21:17 开始操作号码 【1937786】
2023-11-11 00:21:22 GSD getOne 第 1 次 等待 3 秒
2023-11-11 00:21:25 查询号码 【1937786】，返回信息 {"status":"ok","msg":"广西-河池","gid":"460529","time_insert":"2021-07-31 21:47"}
2023-11-11 00:21:26 查询号码 【1937786】，GSD为【"广西-河池"】

