2024-02-25 00:17:59 开始第 5533 次操作

2024-02-25 00:17:59 开始操作号码 【1725452】
2024-02-25 00:18:05 GSD getOne 第 1 次 等待 3 秒
2024-02-25 00:18:08 查询号码 【1725452】，返回信息 {"status":"ok","msg":"福建-福州","gid":"301237","time_insert":"2021-07-17 07:57"}
2024-02-25 00:18:08 查询号码 【1725452】，GSD为【"福建-福州"】

2024-02-25 00:18:09 开始第 5534 次操作

2024-02-25 00:18:09 开始操作号码 【1725453】
2024-02-25 00:18:14 GSD getOne 第 1 次 等待 3 秒
2024-02-25 00:18:17 查询号码 【1725453】，返回信息 {"status":"ok","msg":"福建-福州","gid":"301245","time_insert":"2021-07-17 07:58"}
2024-02-25 00:18:17 查询号码 【1725453】，GSD为【"福建-福州"】

2024-02-25 00:18:18 开始第 5535 次操作

2024-02-25 00:18:18 开始操作号码 【1725454】
2024-02-25 00:18:24 GSD getOne 第 1 次 等待 3 秒
2024-02-25 00:18:27 查询号码 【1725454】，返回信息 {"status":"ok","msg":"福建-福州","gid":"301257","time_insert":"2021-07-17 07:58"}
2024-02-25 00:18:27 查询号码 【1725454】，GSD为【"福建-福州"】

2024-02-25 00:18:28 开始第 5536 次操作

2024-02-25 00:18:28 开始操作号码 【1725455】
2024-02-25 00:18:33 GSD getOne 第 1 次 等待 3 秒
2024-02-25 00:18:36 查询号码 【1725455】，返回信息 {"status":"ok","msg":"福建-福州","gid":"301265","time_insert":"2021-07-17 07:59"}
2024-02-25 00:18:36 查询号码 【1725455】，GSD为【"福建-福州"】

2024-02-25 00:37:12 开始第 5537 次操作

2024-02-25 00:37:12 开始操作号码 【1725456】
2024-02-25 00:37:17 GSD getOne 第 1 次 等待 3 秒
2024-02-25 00:37:20 查询号码 【1725456】，返回信息 {"status":"ok","msg":"福建-福州","gid":"301579","time_insert":"2021-07-17 09:35"}
2024-02-25 00:37:20 查询号码 【1725456】，GSD为【"福建-福州"】

2024-02-25 00:37:21 开始第 5538 次操作

2024-02-25 00:37:21 开始操作号码 【1725457】
2024-02-25 00:37:28 GSD getOne 第 1 次 等待 3 秒
2024-02-25 00:37:31 查询号码 【1725457】，返回信息 {"status":"ok","msg":"福建-福州","gid":"301582","time_insert":"2021-07-17 09:35"}
2024-02-25 00:37:31 查询号码 【1725457】，GSD为【"福建-福州"】

2024-02-25 00:37:32 开始第 5539 次操作

2024-02-25 00:37:32 开始操作号码 【1725458】
2024-02-25 00:37:36 GSD getOne 第 1 次 等待 3 秒
2024-02-25 00:37:39 查询号码 【1725458】，返回信息 {"status":"ok","msg":"福建-福州","gid":"301587","time_insert":"2021-07-17 09:36"}
2024-02-25 00:37:40 查询号码 【1725458】，GSD为【"福建-福州"】

2024-02-25 00:37:41 开始第 5540 次操作

2024-02-25 00:37:41 开始操作号码 【1725459】
2024-02-25 00:37:45 GSD getOne 第 1 次 等待 3 秒
2024-02-25 00:37:48 查询号码 【1725459】，返回信息 {"status":"ok","msg":"福建-福州","gid":"301591","time_insert":"2021-07-17 09:37"}
2024-02-25 00:37:48 查询号码 【1725459】，GSD为【"福建-福州"】

