2024-04-20 00:22:00 开始第 4453 次操作

2024-04-20 00:22:00 开始操作号码 【1614371】
2024-04-20 00:22:11 GSD getOne 第 1 次 等待 3 秒
2024-04-20 00:22:14 查询号码 【1614371】，返回信息 {"status":"ok","msg":"-","gid":"606703","time_insert":"2023-03-22 07:25"}
2024-04-20 00:22:14 查询号码 【1614371】，GSD为【"-"】
2024-04-20 00:22:14 ok && -
2024-04-20 00:22:18 CHB 1614371?1713543734 第 1 次 等待 3 秒
2024-04-20 00:22:21 CHB 1614371?1713543734 第 1 次 获取到号码【1614371】GSD
2024-04-20 00:22:21 未获取到号码【1614371】GSD，可能号码格式错误
2024-04-20 00:22:21 获取到号码【1614371】的GSD为【-】
2024-04-20 00:22:27 GSD insert 第 1 次 等待 3 秒
2024-04-20 00:22:30 {"status":"bad","gid":"606703","msg":"添加失败！号码【1614371(-|-)】已存在！"}
2024-04-20 00:22:30 随机等待 90 秒，约 1 分钟
2024-04-20 00:22:30 下次操作: 2024-04-20 00:24:00

2024-04-20 00:24:00 开始第 4454 次操作

2024-04-20 00:24:00 开始操作号码 【1614372】
2024-04-20 00:24:05 GSD getOne 第 1 次 等待 3 秒
2024-04-20 00:24:08 查询号码 【1614372】，返回信息 {"status":"ok","msg":"-","gid":"606741","time_insert":"2023-03-22 07:48"}
2024-04-20 00:24:09 查询号码 【1614372】，GSD为【"-"】
2024-04-20 00:24:09 ok && -
2024-04-20 00:24:15 CHB 1614372?1713543849 第 1 次 等待 3 秒
2024-04-20 00:24:18 CHB 1614372?1713543849 第 1 次 获取到号码【1614372】GSD
2024-04-20 00:24:18 未获取到号码【1614372】GSD，可能号码格式错误
2024-04-20 00:24:18 获取到号码【1614372】的GSD为【-】
2024-04-20 00:24:23 GSD insert 第 1 次 等待 3 秒
2024-04-20 00:24:26 {"status":"bad","gid":"606741","msg":"添加失败！号码【1614372(-|-)】已存在！"}
2024-04-20 00:24:26 随机等待 74 秒，约 1 分钟
2024-04-20 00:24:26 下次操作: 2024-04-20 00:25:40

2024-04-20 00:25:40 开始第 4455 次操作

2024-04-20 00:25:40 开始操作号码 【1614373】
2024-04-20 00:25:49 GSD getOne 第 1 次 等待 3 秒
2024-04-20 00:25:52 查询号码 【1614373】，返回信息 {"status":"ok","msg":"-","gid":"606756","time_insert":"2023-03-22 07:58"}
2024-04-20 00:25:52 查询号码 【1614373】，GSD为【"-"】
2024-04-20 00:25:52 ok && -
2024-04-20 00:25:58 CHB 1614373?1713543952 第 1 次 等待 3 秒
2024-04-20 00:26:01 CHB 1614373?1713543952 第 1 次 获取到号码【1614373】GSD
2024-04-20 00:26:01 未获取到号码【1614373】GSD，可能号码格式错误
2024-04-20 00:26:01 获取到号码【1614373】的GSD为【-】
2024-04-20 00:26:06 GSD insert 第 1 次 等待 3 秒
2024-04-20 00:26:09 {"status":"bad","gid":"606756","msg":"添加失败！号码【1614373(-|-)】已存在！"}
2024-04-20 00:26:09 随机等待 187 秒，约 3 分钟
2024-04-20 00:26:09 下次操作: 2024-04-20 00:29:16

2024-04-20 00:29:16 开始第 4456 次操作

2024-04-20 00:29:16 开始操作号码 【1614374】
2024-04-20 00:29:21 GSD getOne 第 1 次 等待 3 秒
2024-04-20 00:29:24 查询号码 【1614374】，返回信息 {"status":"ok","msg":"-","gid":"606784","time_insert":"2023-03-22 08:21"}
2024-04-20 00:29:24 查询号码 【1614374】，GSD为【"-"】
2024-04-20 00:29:24 ok && -
2024-04-20 00:29:27 CHB 1614374?1713544164 第 1 次 等待 3 秒
2024-04-20 00:29:30 CHB 1614374?1713544164 第 1 次 获取到号码【1614374】GSD
2024-04-20 00:29:30 未获取到号码【1614374】GSD，可能号码格式错误
2024-04-20 00:29:30 获取到号码【1614374】的GSD为【-】
2024-04-20 00:29:35 GSD insert 第 1 次 等待 3 秒
2024-04-20 00:29:38 {"status":"bad","gid":"606784","msg":"添加失败！号码【1614374(-|-)】已存在！"}

