2024-07-02 00:21:57 开始第 3713 次操作

2024-07-02 00:21:57 开始操作号码 【1503622】
2024-07-02 00:22:20 GSD getOne 第 1 次 等待 3 秒
2024-07-02 00:22:23 查询号码 【1503622】，返回信息 {"status":"ok","msg":"河南-南阳","gid":"210802","time_insert":"2021-07-07 02:16"}
2024-07-02 00:22:23 查询号码 【1503622】，GSD为【"河南-南阳"】

2024-07-02 00:22:24 开始第 3714 次操作

2024-07-02 00:22:24 开始操作号码 【1503623】
2024-07-02 00:22:42 GSD getOne 第 1 次 等待 3 秒
2024-07-02 00:22:45 查询号码 【1503623】，返回信息 {"status":"ok","msg":"河南-南阳","gid":"210825","time_insert":"2021-07-07 02:30"}
2024-07-02 00:22:45 查询号码 【1503623】，GSD为【"河南-南阳"】

2024-07-02 00:22:46 开始第 3715 次操作

2024-07-02 00:22:46 开始操作号码 【1503624】
2024-07-02 00:23:07 GSD getOne 第 1 次 等待 3 秒
2024-07-02 00:23:10 查询号码 【1503624】，返回信息 {"status":"ok","msg":"河南-南阳","gid":"210852","time_insert":"2021-07-07 02:43"}
2024-07-02 00:23:10 查询号码 【1503624】，GSD为【"河南-南阳"】

2024-07-02 00:23:11 开始第 3716 次操作

2024-07-02 00:23:11 开始操作号码 【1503625】
2024-07-02 00:23:29 GSD getOne 第 1 次 等待 3 秒
2024-07-02 00:23:32 查询号码 【1503625】，返回信息 {"status":"ok","msg":"河南-南阳","gid":"210996","time_insert":"2021-07-07 02:56"}
2024-07-02 00:23:32 查询号码 【1503625】，GSD为【"河南-南阳"】

2024-07-02 00:42:34 开始第 3717 次操作

2024-07-02 00:42:34 开始操作号码 【1503626】
2024-07-02 00:42:49 GSD getOne 第 1 次 等待 3 秒
2024-07-02 00:42:52 查询号码 【1503626】，返回信息 {"status":"ok","msg":"河南-南阳","gid":"211133","time_insert":"2021-07-07 03:08"}
2024-07-02 00:42:52 查询号码 【1503626】，GSD为【"河南-南阳"】

2024-07-02 00:42:53 开始第 3718 次操作

2024-07-02 00:42:53 开始操作号码 【1503627】
2024-07-02 00:43:10 GSD getOne 第 1 次 等待 3 秒
2024-07-02 00:43:13 查询号码 【1503627】，返回信息 {"status":"ok","msg":"河南-南阳","gid":"15574","time_insert":"2017-05-30 14:16","time_update":"2020-09-12 23:43"}
2024-07-02 00:43:13 查询号码 【1503627】，GSD为【"河南-南阳"】

2024-07-02 00:43:14 开始第 3719 次操作

2024-07-02 00:43:14 开始操作号码 【1503628】
2024-07-02 00:43:37 GSD getOne 第 1 次 等待 3 秒
2024-07-02 00:43:40 查询号码 【1503628】，返回信息 {"status":"ok","msg":"河南-南阳","gid":"211188","time_insert":"2021-07-07 03:22"}
2024-07-02 00:43:40 查询号码 【1503628】，GSD为【"河南-南阳"】

2024-07-02 00:43:41 开始第 3720 次操作

2024-07-02 00:43:41 开始操作号码 【1503629】
2024-07-02 00:44:12 GSD getOne 第 1 次 等待 3 秒
2024-07-02 00:44:15 查询号码 【1503629】，返回信息 {"status":"ok","msg":"河南-南阳","gid":"211237","time_insert":"2021-07-07 03:36"}
2024-07-02 00:44:15 查询号码 【1503629】，GSD为【"河南-南阳"】

