2021-07-28 00:00:03 开始第 7 次操作

2021-07-28 00:00:03 开始操作号码 【1826520】
2021-07-28 00:00:05 GSD getOne 第 1 次 等待 3 秒
2021-07-28 00:00:08 查询号码 【1826520】，返回信息 {"status":"bad","msg":""}
2021-07-28 00:00:09 查询号码 【1826520】，GSD为【""】
2021-07-28 00:00:09 bad
2021-07-28 00:00:10 CHB 1826520?1627401609 第 1 次 等待 3 秒
2021-07-28 00:00:13 CHB 1826520?1627401609 第 1 次 获取到号码【1826520】GSD
2021-07-28 00:00:13 获取到号码【1826520】的GSD为【山东-枣庄】
2021-07-28 00:00:17 GSD insert 第 1 次 等待 3 秒
2021-07-28 00:00:20 {"status":"ok","gid":418590,"msg":"添加成功！"}
2021-07-28 00:00:20 下次操作: 2021-07-28 00:00:40

2021-07-28 00:00:40 开始第 8 次操作

2021-07-28 00:00:40 开始操作号码 【1826519】
2021-07-28 00:00:43 GSD getOne 第 1 次 等待 3 秒
2021-07-28 00:00:46 查询号码 【1826519】，返回信息 {"status":"bad","msg":""}
2021-07-28 00:00:46 查询号码 【1826519】，GSD为【""】
2021-07-28 00:00:46 bad
2021-07-28 00:00:47 CHB 1826519?1627401646 第 1 次 等待 3 秒
2021-07-28 00:00:50 CHB 1826519?1627401646 第 1 次 获取到号码【1826519】GSD
2021-07-28 00:00:51 获取到号码【1826519】的GSD为【山东-临沂】
2021-07-28 00:00:58 GSD insert 第 1 次 等待 3 秒
2021-07-28 00:01:01 {"status":"ok","gid":418602,"msg":"添加成功！"}
2021-07-28 00:01:01 下次操作: 2021-07-28 00:01:17

2021-07-28 00:01:17 开始第 9 次操作

2021-07-28 00:01:17 开始操作号码 【1826518】
2021-07-28 00:01:19 GSD getOne 第 1 次 等待 3 秒
2021-07-28 00:01:22 查询号码 【1826518】，返回信息 {"status":"bad","msg":""}
2021-07-28 00:01:23 查询号码 【1826518】，GSD为【""】
2021-07-28 00:01:23 bad
2021-07-28 00:01:25 CHB 1826518?1627401683 第 1 次 等待 3 秒
2021-07-28 00:01:28 CHB 1826518?1627401683 第 1 次 获取到号码【1826518】GSD
2021-07-28 00:01:28 获取到号码【1826518】的GSD为【山东-临沂】
2021-07-28 00:01:32 GSD insert 第 1 次 等待 3 秒
2021-07-28 00:01:35 {"status":"ok","gid":418612,"msg":"添加成功！"}
2021-07-28 00:01:35 下次操作: 2021-07-28 00:01:57

2021-07-28 00:01:57 开始第 10 次操作

2021-07-28 00:01:57 开始操作号码 【1826517】
2021-07-28 00:02:04 GSD getOne 第 1 次 等待 3 秒
2021-07-28 00:02:07 查询号码 【1826517】，返回信息 {"status":"bad","msg":""}
2021-07-28 00:02:07 查询号码 【1826517】，GSD为【""】
2021-07-28 00:02:07 bad
2021-07-28 00:02:08 CHB 1826517?1627401727 第 1 次 等待 3 秒
2021-07-28 00:02:11 CHB 1826517?1627401727 第 1 次 获取到号码【1826517】GSD
2021-07-28 00:02:11 获取到号码【1826517】的GSD为【山东-临沂】
2021-07-28 00:02:37 GSD insert 第 1 次 等待 3 秒
2021-07-28 00:02:40 {"status":"ok","gid":418628,"msg":"添加成功！"}
2021-07-28 00:02:40 下次操作: 2021-07-28 00:02:56

2021-07-28 00:02:56 开始第 11 次操作

2021-07-28 00:02:56 开始操作号码 【1826516】
2021-07-28 00:02:59 GSD getOne 第 1 次 等待 3 秒
2021-07-28 00:03:02 查询号码 【1826516】，返回信息 {"status":"bad","msg":""}
2021-07-28 00:03:02 查询号码 【1826516】，GSD为【""】
2021-07-28 00:03:02 bad
2021-07-28 00:03:04 CHB 1826516?1627401782 第 1 次 等待 3 秒
2021-07-28 00:03:07 CHB 1826516?1627401782 第 1 次 获取到号码【1826516】GSD
2021-07-28 00:03:07 获取到号码【1826516】的GSD为【山东-临沂】
2021-07-28 00:03:41 GSD insert 第 1 次 等待 3 秒
2021-07-28 00:03:44 {"status":"ok","gid":418646,"msg":"添加成功！"}
2021-07-28 00:03:44 下次操作: 2021-07-28 00:04:00

2021-07-28 00:04:00 开始第 12 次操作

2021-07-28 00:04:00 开始操作号码 【1826515】
2021-07-28 00:04:03 GSD getOne 第 1 次 等待 3 秒
2021-07-28 00:04:06 查询号码 【1826515】，返回信息 {"status":"bad","msg":""}
2021-07-28 00:04:06 查询号码 【1826515】，GSD为【""】
2021-07-28 00:04:06 bad
2021-07-28 00:04:08 CHB 1826515?1627401846 第 1 次 等待 3 秒
2021-07-28 00:04:11 CHB 1826515?1627401846 第 1 次 获取到号码【1826515】GSD
2021-07-28 00:04:11 获取到号码【1826515】的GSD为【山东-临沂】
2021-07-28 00:04:32 GSD insert 第 1 次 等待 3 秒
2021-07-28 00:04:35 {"status":"ok","gid":418658,"msg":"添加成功！"}
2021-07-28 00:04:35 下次操作: 2021-07-28 00:04:57

2021-07-28 00:04:57 开始第 13 次操作

2021-07-28 00:04:57 开始操作号码 【1826514】
2021-07-28 00:05:08 GSD getOne 第 1 次 等待 3 秒
2021-07-28 00:05:11 查询号码 【1826514】，返回信息 {"status":"bad","msg":""}
2021-07-28 00:05:11 查询号码 【1826514】，GSD为【""】
2021-07-28 00:05:11 bad
2021-07-28 00:05:12 CHB 1826514?1627401911 第 1 次 等待 3 秒
2021-07-28 00:05:15 CHB 1826514?1627401911 第 1 次 获取到号码【1826514】GSD
2021-07-28 00:05:15 获取到号码【1826514】的GSD为【山东-临沂】
2021-07-28 00:05:39 GSD insert 第 1 次 等待 3 秒
2021-07-28 00:05:43 {"status":"ok","gid":418674,"msg":"添加成功！"}
2021-07-28 00:05:43 下次操作: 2021-07-28 00:06:07

2021-07-28 00:06:07 开始第 14 次操作

2021-07-28 00:06:07 开始操作号码 【1826513】
2021-07-28 00:06:22 GSD getOne 第 1 次 等待 3 秒
2021-07-28 00:06:25 查询号码 【1826513】，返回信息 {"status":"bad","msg":""}
2021-07-28 00:06:25 查询号码 【1826513】，GSD为【""】
2021-07-28 00:06:25 bad
2021-07-28 00:06:27 CHB 1826513?1627401985 第 1 次 等待 3 秒
2021-07-28 00:06:30 CHB 1826513?1627401985 第 1 次 获取到号码【1826513】GSD
2021-07-28 00:06:30 获取到号码【1826513】的GSD为【山东-临沂】
2021-07-28 00:06:49 GSD insert 第 1 次 等待 3 秒
2021-07-28 00:06:52 {"status":"ok","gid":418693,"msg":"添加成功！"}
2021-07-28 00:06:52 下次操作: 2021-07-28 00:07:11

2021-07-28 00:07:11 开始第 15 次操作

2021-07-28 00:07:11 开始操作号码 【1826512】
2021-07-28 00:07:22 GSD getOne 第 1 次 等待 3 秒
2021-07-28 00:07:25 查询号码 【1826512】，返回信息 {"status":"bad","msg":""}
2021-07-28 00:07:25 查询号码 【1826512】，GSD为【""】
2021-07-28 00:07:25 bad
2021-07-28 00:07:26 CHB 1826512?1627402045 第 1 次 等待 3 秒
2021-07-28 00:07:29 CHB 1826512?1627402045 第 1 次 获取到号码【1826512】GSD
2021-07-28 00:07:29 获取到号码【1826512】的GSD为【山东-临沂】
2021-07-28 00:07:49 GSD insert 第 1 次 等待 3 秒
2021-07-28 00:07:52 {"status":"ok","gid":418707,"msg":"添加成功！"}
2021-07-28 00:07:52 下次操作: 2021-07-28 00:08:16

2021-07-28 00:08:16 开始第 16 次操作

2021-07-28 00:08:16 开始操作号码 【1826511】
2021-07-28 00:08:19 GSD getOne 第 1 次 等待 3 秒
2021-07-28 00:08:22 查询号码 【1826511】，返回信息 {"status":"bad","msg":""}
2021-07-28 00:08:22 查询号码 【1826511】，GSD为【""】
2021-07-28 00:08:22 bad
2021-07-28 00:08:24 CHB 1826511?1627402102 第 1 次 等待 3 秒
2021-07-28 00:08:27 CHB 1826511?1627402102 第 1 次 获取到号码【1826511】GSD
2021-07-28 00:08:27 获取到号码【1826511】的GSD为【山东-临沂】
2021-07-28 00:08:45 GSD insert 第 1 次 等待 3 秒
2021-07-28 00:08:48 {"status":"ok","gid":418722,"msg":"添加成功！"}
2021-07-28 00:08:48 下次操作: 2021-07-28 00:09:09

2021-07-28 00:09:09 开始第 17 次操作

2021-07-28 00:09:09 开始操作号码 【1826510】
2021-07-28 00:09:13 GSD getOne 第 1 次 等待 3 秒
2021-07-28 00:09:16 查询号码 【1826510】，返回信息 {"status":"bad","msg":""}
2021-07-28 00:09:16 查询号码 【1826510】，GSD为【""】
2021-07-28 00:09:16 bad
2021-07-28 00:09:22 CHB 1826510?1627402156 第 1 次 等待 3 秒
2021-07-28 00:09:25 CHB 1826510?1627402156 第 1 次 获取到号码【1826510】GSD
2021-07-28 00:09:25 获取到号码【1826510】的GSD为【山东-临沂】
2021-07-28 00:09:41 GSD insert 第 1 次 等待 3 秒
2021-07-28 00:09:44 {"status":"ok","gid":418736,"msg":"添加成功！"}
2021-07-28 00:09:44 下次操作: 2021-07-28 00:09:58

2021-07-28 00:09:58 开始第 18 次操作

2021-07-28 00:09:58 开始操作号码 【1826509】
2021-07-28 00:10:03 GSD getOne 第 1 次 等待 3 秒
2021-07-28 00:10:06 查询号码 【1826509】，返回信息 {"status":"bad","msg":""}
2021-07-28 00:10:06 查询号码 【1826509】，GSD为【""】
2021-07-28 00:10:06 bad
2021-07-28 00:10:07 CHB 1826509?1627402206 第 1 次 等待 3 秒
2021-07-28 00:10:10 CHB 1826509?1627402206 第 1 次 获取到号码【1826509】GSD
2021-07-28 00:10:11 获取到号码【1826509】的GSD为【山东-菏泽】
2021-07-28 00:10:32 GSD insert 第 1 次 等待 3 秒
2021-07-28 00:10:35 {"status":"ok","gid":418747,"msg":"添加成功！"}
2021-07-28 00:10:35 下次操作: 2021-07-28 00:10:57

2021-07-28 00:10:57 开始第 19 次操作

2021-07-28 00:10:57 开始操作号码 【1826508】
2021-07-28 00:11:04 GSD getOne 第 1 次 等待 3 秒
2021-07-28 00:11:07 查询号码 【1826508】，返回信息 {"status":"bad","msg":""}
2021-07-28 00:11:07 查询号码 【1826508】，GSD为【""】
2021-07-28 00:11:07 bad
2021-07-28 00:11:09 CHB 1826508?1627402267 第 1 次 等待 3 秒
2021-07-28 00:11:12 CHB 1826508?1627402267 第 1 次 获取到号码【1826508】GSD
2021-07-28 00:11:12 获取到号码【1826508】的GSD为【山东-菏泽】
2021-07-28 00:11:31 GSD insert 第 1 次 等待 3 秒
2021-07-28 00:11:34 {"status":"ok","gid":418762,"msg":"添加成功！"}
2021-07-28 00:11:34 下次操作: 2021-07-28 00:11:48

2021-07-28 00:11:48 开始第 20 次操作

2021-07-28 00:11:48 开始操作号码 【1826507】
2021-07-28 00:11:57 GSD getOne 第 1 次 等待 3 秒
2021-07-28 00:12:00 查询号码 【1826507】，返回信息 {"status":"bad","msg":""}
2021-07-28 00:12:00 查询号码 【1826507】，GSD为【""】
2021-07-28 00:12:00 bad
2021-07-28 00:12:01 CHB 1826507?1627402320 第 1 次 等待 3 秒
2021-07-28 00:12:04 CHB 1826507?1627402320 第 1 次 获取到号码【1826507】GSD
2021-07-28 00:12:04 获取到号码【1826507】的GSD为【山东-菏泽】
2021-07-28 00:12:26 GSD insert 第 1 次 等待 3 秒
2021-07-28 00:12:29 {"status":"ok","gid":418776,"msg":"添加成功！"}
2021-07-28 00:12:29 下次操作: 2021-07-28 00:12:42

2021-07-28 00:12:42 开始第 21 次操作

2021-07-28 00:12:42 开始操作号码 【1826506】
2021-07-28 00:12:48 GSD getOne 第 1 次 等待 3 秒
2021-07-28 00:12:51 查询号码 【1826506】，返回信息 {"status":"bad","msg":""}
2021-07-28 00:12:51 查询号码 【1826506】，GSD为【""】
2021-07-28 00:12:51 bad
2021-07-28 00:12:53 CHB 1826506?1627402371 第 1 次 等待 3 秒
2021-07-28 00:12:56 CHB 1826506?1627402371 第 1 次 获取到号码【1826506】GSD
2021-07-28 00:12:56 获取到号码【1826506】的GSD为【山东-菏泽】
2021-07-28 00:13:16 GSD insert 第 1 次 等待 3 秒
2021-07-28 00:13:19 {"status":"ok","gid":418787,"msg":"添加成功！"}
2021-07-28 00:13:19 下次操作: 2021-07-28 00:13:36

2021-07-28 00:13:36 开始第 22 次操作

2021-07-28 00:13:36 开始操作号码 【1826505】
2021-07-28 00:13:42 GSD getOne 第 1 次 等待 3 秒
2021-07-28 00:13:45 查询号码 【1826505】，返回信息 {"status":"bad","msg":""}
2021-07-28 00:13:45 查询号码 【1826505】，GSD为【""】
2021-07-28 00:13:45 bad
2021-07-28 00:13:47 CHB 1826505?1627402425 第 1 次 等待 3 秒
2021-07-28 00:13:50 CHB 1826505?1627402425 第 1 次 获取到号码【1826505】GSD
2021-07-28 00:13:50 获取到号码【1826505】的GSD为【山东-菏泽】
2021-07-28 00:14:09 GSD insert 第 1 次 等待 3 秒
2021-07-28 00:14:12 {"status":"ok","gid":418801,"msg":"添加成功！"}
2021-07-28 00:14:12 下次操作: 2021-07-28 00:14:29

2021-07-28 00:14:29 开始第 23 次操作

2021-07-28 00:14:29 开始操作号码 【1826504】
2021-07-28 00:15:11 GSD getOne 第 1 次 等待 3 秒
2021-07-28 00:15:14 查询号码 【1826504】，返回信息 {"status":"bad","msg":""}
2021-07-28 00:15:14 查询号码 【1826504】，GSD为【""】
2021-07-28 00:15:14 bad
2021-07-28 00:15:16 CHB 1826504?1627402514 第 1 次 等待 3 秒
2021-07-28 00:15:19 CHB 1826504?1627402514 第 1 次 获取到号码【1826504】GSD
2021-07-28 00:15:19 获取到号码【1826504】的GSD为【山东-菏泽】
2021-07-28 00:15:38 GSD insert 第 1 次 等待 3 秒
2021-07-28 00:15:41 {"status":"ok","gid":418813,"msg":"添加成功！"}
2021-07-28 00:15:41 下次操作: 2021-07-28 00:15:58

2021-07-28 00:15:59 开始第 24 次操作

2021-07-28 00:15:59 开始操作号码 【1826503】
2021-07-28 00:16:03 GSD getOne 第 1 次 等待 3 秒
2021-07-28 00:16:06 查询号码 【1826503】，返回信息 {"status":"bad","msg":""}
2021-07-28 00:16:06 查询号码 【1826503】，GSD为【""】
2021-07-28 00:16:06 bad
2021-07-28 00:16:08 CHB 1826503?1627402566 第 1 次 等待 3 秒
2021-07-28 00:16:11 CHB 1826503?1627402566 第 1 次 获取到号码【1826503】GSD
2021-07-28 00:16:11 获取到号码【1826503】的GSD为【山东-菏泽】
2021-07-28 00:16:29 GSD insert 第 1 次 等待 3 秒
2021-07-28 00:16:32 {"status":"ok","gid":418822,"msg":"添加成功！"}
2021-07-28 00:16:32 下次操作: 2021-07-28 00:16:51

2021-07-28 00:16:51 开始第 25 次操作

2021-07-28 00:16:51 开始操作号码 【1826502】
2021-07-28 00:16:55 GSD getOne 第 1 次 等待 3 秒
2021-07-28 00:16:58 查询号码 【1826502】，返回信息 {"status":"bad","msg":""}
2021-07-28 00:16:58 查询号码 【1826502】，GSD为【""】
2021-07-28 00:16:58 bad
2021-07-28 00:16:59 CHB 1826502?1627402618 第 1 次 等待 3 秒
2021-07-28 00:17:02 CHB 1826502?1627402618 第 1 次 获取到号码【1826502】GSD
2021-07-28 00:17:02 获取到号码【1826502】的GSD为【山东-菏泽】
2021-07-28 00:17:21 GSD insert 第 1 次 等待 3 秒
2021-07-28 00:17:24 {"status":"ok","gid":418832,"msg":"添加成功！"}
2021-07-28 00:17:24 下次操作: 2021-07-28 00:17:47

2021-07-28 00:17:47 开始第 26 次操作

2021-07-28 00:17:47 开始操作号码 【1826501】
2021-07-28 00:17:55 GSD getOne 第 1 次 等待 3 秒
2021-07-28 00:17:58 查询号码 【1826501】，返回信息 {"status":"bad","msg":""}
2021-07-28 00:17:58 查询号码 【1826501】，GSD为【""】
2021-07-28 00:17:58 bad
2021-07-28 00:17:59 CHB 1826501?1627402678 第 1 次 等待 3 秒
2021-07-28 00:18:02 CHB 1826501?1627402678 第 1 次 获取到号码【1826501】GSD
2021-07-28 00:18:03 获取到号码【1826501】的GSD为【山东-菏泽】
2021-07-28 00:18:21 GSD insert 第 1 次 等待 3 秒
2021-07-28 00:18:24 {"status":"ok","gid":418845,"msg":"添加成功！"}
2021-07-28 00:18:24 下次操作: 2021-07-28 00:18:38

2021-07-28 00:18:38 开始第 27 次操作

2021-07-28 00:18:38 开始操作号码 【1826500】
2021-07-28 00:18:42 GSD getOne 第 1 次 等待 3 秒
2021-07-28 00:18:45 查询号码 【1826500】，返回信息 {"status":"bad","msg":""}
2021-07-28 00:18:45 查询号码 【1826500】，GSD为【""】
2021-07-28 00:18:45 bad
2021-07-28 00:18:47 CHB 1826500?1627402725 第 1 次 等待 3 秒
2021-07-28 00:18:50 CHB 1826500?1627402725 第 1 次 获取到号码【1826500】GSD
2021-07-28 00:18:50 获取到号码【1826500】的GSD为【山东-菏泽】
2021-07-28 00:19:08 GSD insert 第 1 次 等待 3 秒
2021-07-28 00:19:11 {"status":"ok","gid":418852,"msg":"添加成功！"}
2021-07-28 00:19:11 下次操作: 2021-07-28 00:19:31

2021-07-28 00:19:31 开始第 28 次操作

2021-07-28 00:19:31 开始操作号码 【1826499】
2021-07-28 00:19:40 GSD getOne 第 1 次 等待 3 秒
2021-07-28 00:19:43 查询号码 【1826499】，返回信息 {"status":"ok","msg":"山东-临沂","gid":"35814","time_insert":"2018-01-01 14:29","time_update":"2020-09-11 00:54"}
2021-07-28 00:19:43 查询号码 【1826499】，GSD为【"山东-临沂"】

2021-07-28 00:19:43 开始第 28 次操作

2021-07-28 00:19:43 开始操作号码 【1826498】
2021-07-28 00:20:03 GSD getOne 第 1 次 等待 3 秒
2021-07-28 00:20:06 查询号码 【1826498】，返回信息 {"status":"bad","msg":""}
2021-07-28 00:20:06 查询号码 【1826498】，GSD为【""】
2021-07-28 00:20:06 bad
2021-07-28 00:20:07 CHB 1826498?1627402806 第 1 次 等待 3 秒
2021-07-28 00:20:10 CHB 1826498?1627402806 第 1 次 获取到号码【1826498】GSD
2021-07-28 00:20:10 获取到号码【1826498】的GSD为【山东-临沂】
2021-07-28 00:20:29 GSD insert 第 1 次 等待 3 秒
2021-07-28 00:20:32 {"status":"ok","gid":418861,"msg":"添加成功！"}
2021-07-28 00:20:32 下次操作: 2021-07-28 00:20:44

2021-07-28 00:20:44 开始第 29 次操作

2021-07-28 00:20:44 开始操作号码 【1826497】
2021-07-28 00:20:52 GSD getOne 第 1 次 等待 3 秒
2021-07-28 00:20:55 查询号码 【1826497】，返回信息 {"status":"bad","msg":""}
2021-07-28 00:20:55 查询号码 【1826497】，GSD为【""】
2021-07-28 00:20:55 bad
2021-07-28 00:20:56 CHB 1826497?1627402855 第 1 次 等待 3 秒
2021-07-28 00:20:59 CHB 1826497?1627402855 第 1 次 获取到号码【1826497】GSD
2021-07-28 00:21:00 获取到号码【1826497】的GSD为【山东-临沂】
2021-07-28 00:21:18 GSD insert 第 1 次 等待 3 秒
2021-07-28 00:21:21 {"status":"ok","gid":418869,"msg":"添加成功！"}
2021-07-28 00:21:21 下次操作: 2021-07-28 00:21:45

2021-07-28 00:21:45 开始第 30 次操作

2021-07-28 00:21:45 开始操作号码 【1826496】
2021-07-28 00:21:55 GSD getOne 第 1 次 等待 3 秒
2021-07-28 00:21:58 查询号码 【1826496】，返回信息 {"status":"bad","msg":""}
2021-07-28 00:21:58 查询号码 【1826496】，GSD为【""】
2021-07-28 00:21:58 bad
2021-07-28 00:22:00 CHB 1826496?1627402918 第 1 次 等待 3 秒
2021-07-28 00:22:03 CHB 1826496?1627402918 第 1 次 获取到号码【1826496】GSD
2021-07-28 00:22:03 获取到号码【1826496】的GSD为【山东-临沂】
2021-07-28 00:22:21 GSD insert 第 1 次 等待 3 秒
2021-07-28 00:22:24 {"status":"ok","gid":418878,"msg":"添加成功！"}
2021-07-28 00:22:24 下次操作: 2021-07-28 00:22:36

2021-07-28 00:22:36 开始第 31 次操作

2021-07-28 00:22:36 开始操作号码 【1826495】
2021-07-28 00:22:53 GSD getOne 第 1 次 等待 3 秒
2021-07-28 00:22:56 查询号码 【1826495】，返回信息 {"status":"bad","msg":""}
2021-07-28 00:22:57 查询号码 【1826495】，GSD为【""】
2021-07-28 00:22:57 bad
2021-07-28 00:22:59 CHB 1826495?1627402977 第 1 次 等待 3 秒
2021-07-28 00:23:02 CHB 1826495?1627402977 第 1 次 获取到号码【1826495】GSD
2021-07-28 00:23:02 获取到号码【1826495】的GSD为【山东-临沂】
2021-07-28 00:23:24 GSD insert 第 1 次 等待 3 秒
2021-07-28 00:23:27 {"status":"ok","gid":418888,"msg":"添加成功！"}
2021-07-28 00:23:27 下次操作: 2021-07-28 00:23:47

2021-07-28 00:23:47 开始第 32 次操作

2021-07-28 00:23:47 开始操作号码 【1826494】
2021-07-28 00:23:51 GSD getOne 第 1 次 等待 3 秒
2021-07-28 00:23:54 查询号码 【1826494】，返回信息 {"status":"bad","msg":""}
2021-07-28 00:23:54 查询号码 【1826494】，GSD为【""】
2021-07-28 00:23:54 bad
2021-07-28 00:23:56 CHB 1826494?1627403034 第 1 次 等待 3 秒
2021-07-28 00:23:59 CHB 1826494?1627403034 第 1 次 获取到号码【1826494】GSD
2021-07-28 00:23:59 获取到号码【1826494】的GSD为【山东-临沂】
2021-07-28 00:24:20 GSD insert 第 1 次 等待 3 秒
2021-07-28 00:24:23 {"status":"ok","gid":418891,"msg":"添加成功！"}
2021-07-28 00:24:23 下次操作: 2021-07-28 00:24:39

2021-07-28 00:24:39 开始第 33 次操作

2021-07-28 00:24:39 开始操作号码 【1826493】
2021-07-28 00:24:43 GSD getOne 第 1 次 等待 3 秒
2021-07-28 00:24:46 查询号码 【1826493】，返回信息 {"status":"bad","msg":""}
2021-07-28 00:24:46 查询号码 【1826493】，GSD为【""】
2021-07-28 00:24:46 bad
2021-07-28 00:24:48 CHB 1826493?1627403086 第 1 次 等待 3 秒
2021-07-28 00:24:51 CHB 1826493?1627403086 第 1 次 获取到号码【1826493】GSD
2021-07-28 00:24:51 获取到号码【1826493】的GSD为【山东-临沂】
2021-07-28 00:25:11 GSD insert 第 1 次 等待 3 秒
2021-07-28 00:25:14 {"status":"ok","gid":418893,"msg":"添加成功！"}
2021-07-28 00:25:14 下次操作: 2021-07-28 00:25:30

2021-07-28 00:25:30 开始第 34 次操作

2021-07-28 00:25:30 开始操作号码 【1826492】
2021-07-28 00:25:37 GSD getOne 第 1 次 等待 3 秒
2021-07-28 00:25:40 查询号码 【1826492】，返回信息 {"status":"bad","msg":""}
2021-07-28 00:25:40 查询号码 【1826492】，GSD为【""】
2021-07-28 00:25:40 bad
2021-07-28 00:25:42 CHB 1826492?1627403140 第 1 次 等待 3 秒
2021-07-28 00:25:45 CHB 1826492?1627403140 第 1 次 获取到号码【1826492】GSD
2021-07-28 00:25:45 获取到号码【1826492】的GSD为【山东-临沂】
2021-07-28 00:26:05 GSD insert 第 1 次 等待 3 秒
2021-07-28 00:26:08 {"status":"ok","gid":418896,"msg":"添加成功！"}
2021-07-28 00:26:08 下次操作: 2021-07-28 00:26:30

2021-07-28 00:26:30 开始第 35 次操作

2021-07-28 00:26:30 开始操作号码 【1826491】
2021-07-28 00:26:32 GSD getOne 第 1 次 等待 3 秒
2021-07-28 00:26:35 查询号码 【1826491】，返回信息 {"status":"bad","msg":""}
2021-07-28 00:26:36 查询号码 【1826491】，GSD为【""】
2021-07-28 00:26:36 bad
2021-07-28 00:26:37 CHB 1826491?1627403196 第 1 次 等待 3 秒
2021-07-28 00:26:40 CHB 1826491?1627403196 第 1 次 获取到号码【1826491】GSD
2021-07-28 00:26:40 获取到号码【1826491】的GSD为【山东-临沂】
2021-07-28 00:27:21 GSD insert 第 1 次 等待 3 秒
2021-07-28 00:27:24 {"status":"ok","gid":418899,"msg":"添加成功！"}
2021-07-28 00:27:24 下次操作: 2021-07-28 00:27:36

2021-07-28 00:27:36 开始第 36 次操作

2021-07-28 00:27:36 开始操作号码 【1826490】
2021-07-28 00:27:42 GSD getOne 第 1 次 等待 3 秒
2021-07-28 00:27:45 查询号码 【1826490】，返回信息 {"status":"bad","msg":""}
2021-07-28 00:27:45 查询号码 【1826490】，GSD为【""】
2021-07-28 00:27:45 bad
2021-07-28 00:27:47 CHB 1826490?1627403265 第 1 次 等待 3 秒
2021-07-28 00:27:50 CHB 1826490?1627403265 第 1 次 获取到号码【1826490】GSD
2021-07-28 00:27:50 获取到号码【1826490】的GSD为【山东-临沂】
2021-07-28 00:28:10 GSD insert 第 1 次 等待 3 秒
2021-07-28 00:28:13 {"status":"ok","gid":418901,"msg":"添加成功！"}
2021-07-28 00:28:13 下次操作: 2021-07-28 00:28:36

2021-07-28 00:28:36 开始第 37 次操作

2021-07-28 00:28:36 开始操作号码 【1826489】
2021-07-28 00:28:40 GSD getOne 第 1 次 等待 3 秒
2021-07-28 00:28:43 查询号码 【1826489】，返回信息 {"status":"bad","msg":""}
2021-07-28 00:28:43 查询号码 【1826489】，GSD为【""】
2021-07-28 00:28:43 bad
2021-07-28 00:28:45 CHB 1826489?1627403323 第 1 次 等待 3 秒
2021-07-28 00:28:48 CHB 1826489?1627403323 第 1 次 获取到号码【1826489】GSD
2021-07-28 00:28:48 获取到号码【1826489】的GSD为【山东-泰安】
2021-07-28 00:29:06 GSD insert 第 1 次 等待 3 秒
2021-07-28 00:29:09 {"status":"ok","gid":418903,"msg":"添加成功！"}
2021-07-28 00:29:09 下次操作: 2021-07-28 00:29:25

2021-07-28 00:29:25 开始第 38 次操作

2021-07-28 00:29:25 开始操作号码 【1826488】
2021-07-28 00:29:32 GSD getOne 第 1 次 等待 3 秒
2021-07-28 00:29:35 查询号码 【1826488】，返回信息 {"status":"bad","msg":""}
2021-07-28 00:29:35 查询号码 【1826488】，GSD为【""】
2021-07-28 00:29:35 bad
2021-07-28 00:29:37 CHB 1826488?1627403375 第 1 次 等待 3 秒
2021-07-28 00:29:40 CHB 1826488?1627403375 第 1 次 获取到号码【1826488】GSD
2021-07-28 00:29:40 获取到号码【1826488】的GSD为【山东-泰安】
2021-07-28 00:30:18 GSD insert 第 1 次 等待 3 秒
2021-07-28 00:30:21 {"status":"ok","gid":418904,"msg":"添加成功！"}
2021-07-28 00:30:21 下次操作: 2021-07-28 00:30:38

2021-07-28 00:30:38 开始第 39 次操作

2021-07-28 00:30:38 开始操作号码 【1826487】
2021-07-28 00:30:44 GSD getOne 第 1 次 等待 3 秒
2021-07-28 00:30:47 查询号码 【1826487】，返回信息 {"status":"ok","msg":"山东-泰安","gid":"35813","time_insert":"2020-08-05 10:30","time_update":"2020-09-11 00:57"}
2021-07-28 00:30:47 查询号码 【1826487】，GSD为【"山东-泰安"】

2021-07-28 00:30:47 开始第 39 次操作

2021-07-28 00:30:47 开始操作号码 【1826486】
2021-07-28 00:31:06 GSD getOne 第 1 次 等待 3 秒
2021-07-28 00:31:09 查询号码 【1826486】，返回信息 {"status":"bad","msg":""}
2021-07-28 00:31:09 查询号码 【1826486】，GSD为【""】
2021-07-28 00:31:09 bad
2021-07-28 00:31:10 CHB 1826486?1627403469 第 1 次 等待 3 秒
2021-07-28 00:31:13 CHB 1826486?1627403469 第 1 次 获取到号码【1826486】GSD
2021-07-28 00:31:13 获取到号码【1826486】的GSD为【山东-泰安】
2021-07-28 00:31:41 GSD insert 第 1 次 等待 3 秒
2021-07-28 00:31:44 {"status":"ok","gid":418907,"msg":"添加成功！"}
2021-07-28 00:31:44 下次操作: 2021-07-28 00:32:04

2021-07-28 00:32:05 开始第 40 次操作

2021-07-28 00:32:05 开始操作号码 【1826485】
2021-07-28 00:32:09 GSD getOne 第 1 次 等待 3 秒
2021-07-28 00:32:12 查询号码 【1826485】，返回信息 {"status":"bad","msg":""}
2021-07-28 00:32:12 查询号码 【1826485】，GSD为【""】
2021-07-28 00:32:12 bad
2021-07-28 00:32:15 CHB 1826485?1627403532 第 1 次 等待 3 秒
2021-07-28 00:32:18 CHB 1826485?1627403532 第 1 次 获取到号码【1826485】GSD
2021-07-28 00:32:18 获取到号码【1826485】的GSD为【山东-泰安】
2021-07-28 00:32:37 GSD insert 第 1 次 等待 3 秒
2021-07-28 00:32:40 {"status":"ok","gid":418910,"msg":"添加成功！"}

2021-07-28 01:36:14 开始第 1 次操作

2021-07-28 01:36:14 开始操作号码 【1826484】
2021-07-28 01:36:20 GSD getOne 第 1 次 等待 3 秒
2021-07-28 01:36:23 查询号码 【1826484】，返回信息 {"status":"bad","msg":""}
2021-07-28 01:36:23 查询号码 【1826484】，GSD为【""】
2021-07-28 01:36:23 bad
2021-07-28 01:36:26 CHB 1826484?1627407383 第 1 次 等待 3 秒
2021-07-28 01:36:29 CHB 1826484?1627407383 第 1 次 获取到号码【1826484】GSD
2021-07-28 01:36:29 获取到号码【1826484】的GSD为【山东-泰安】
2021-07-28 01:36:51 GSD insert 第 1 次 等待 3 秒
2021-07-28 01:36:54 {"status":"ok","gid":419339,"msg":"添加成功！"}
2021-07-28 01:36:54 下次操作: 2021-07-28 01:37:08

2021-07-28 01:37:08 开始第 2 次操作

2021-07-28 01:37:08 开始操作号码 【1826483】
2021-07-28 01:37:10 GSD getOne 第 1 次 等待 3 秒
2021-07-28 01:37:13 查询号码 【1826483】，返回信息 {"status":"bad","msg":""}
2021-07-28 01:37:13 查询号码 【1826483】，GSD为【""】
2021-07-28 01:37:13 bad
2021-07-28 01:37:15 CHB 1826483?1627407433 第 1 次 等待 3 秒
2021-07-28 01:37:18 CHB 1826483?1627407433 第 1 次 获取到号码【1826483】GSD
2021-07-28 01:37:19 获取到号码【1826483】的GSD为【山东-泰安】
2021-07-28 01:37:40 GSD insert 第 1 次 等待 3 秒
2021-07-28 01:37:43 {"status":"ok","gid":419345,"msg":"添加成功！"}
2021-07-28 01:37:43 下次操作: 2021-07-28 01:38:00

2021-07-28 01:38:00 开始第 3 次操作

2021-07-28 01:38:00 开始操作号码 【1826482】
2021-07-28 01:38:05 GSD getOne 第 1 次 等待 3 秒
2021-07-28 01:38:08 查询号码 【1826482】，返回信息 {"status":"bad","msg":""}
2021-07-28 01:38:09 查询号码 【1826482】，GSD为【""】
2021-07-28 01:38:09 bad
2021-07-28 01:38:10 CHB 1826482?1627407489 第 1 次 等待 3 秒
2021-07-28 01:38:13 CHB 1826482?1627407489 第 1 次 获取到号码【1826482】GSD
2021-07-28 01:38:13 获取到号码【1826482】的GSD为【山东-泰安】
2021-07-28 01:38:31 GSD insert 第 1 次 等待 3 秒
2021-07-28 01:38:34 {"status":"ok","gid":419352,"msg":"添加成功！"}
2021-07-28 01:38:35 下次操作: 2021-07-28 01:38:51

2021-07-28 01:38:51 开始第 4 次操作

2021-07-28 01:38:51 开始操作号码 【1826481】
2021-07-28 01:38:54 GSD getOne 第 1 次 等待 3 秒
2021-07-28 01:38:57 查询号码 【1826481】，返回信息 {"status":"bad","msg":""}
2021-07-28 01:38:57 查询号码 【1826481】，GSD为【""】
2021-07-28 01:38:57 bad
2021-07-28 01:38:59 CHB 1826481?1627407537 第 1 次 等待 3 秒
2021-07-28 01:39:02 CHB 1826481?1627407537 第 1 次 获取到号码【1826481】GSD
2021-07-28 01:39:02 获取到号码【1826481】的GSD为【山东-泰安】
2021-07-28 01:39:20 GSD insert 第 1 次 等待 3 秒
2021-07-28 01:39:23 {"status":"ok","gid":419359,"msg":"添加成功！"}
2021-07-28 01:39:23 下次操作: 2021-07-28 01:39:40

2021-07-28 01:39:40 开始第 5 次操作

2021-07-28 01:39:40 开始操作号码 【1826480】
2021-07-28 01:39:50 GSD getOne 第 1 次 等待 3 秒
2021-07-28 01:39:53 查询号码 【1826480】，返回信息 {"status":"bad","msg":""}
2021-07-28 01:39:53 查询号码 【1826480】，GSD为【""】
2021-07-28 01:39:53 bad
2021-07-28 01:39:54 CHB 1826480?1627407593 第 1 次 等待 3 秒
2021-07-28 01:39:57 CHB 1826480?1627407593 第 1 次 获取到号码【1826480】GSD
2021-07-28 01:39:57 未获取到号码【1826480】GSD，查号吧 400 错误
2021-07-28 01:39:57 获取到号码【1826480】的GSD为【-】
2021-07-28 01:40:16 GSD insert 第 1 次 等待 3 秒
2021-07-28 01:40:19 {"status":"ok","gid":419364,"msg":"添加成功！"}
2021-07-28 01:40:19 下次操作: 2021-07-28 01:40:39

2021-07-28 01:40:39 开始第 6 次操作

2021-07-28 01:40:39 开始操作号码 【1826479】
2021-07-28 01:40:43 GSD getOne 第 1 次 等待 3 秒
2021-07-28 01:40:46 查询号码 【1826479】，返回信息 {"status":"bad","msg":""}
2021-07-28 01:40:46 查询号码 【1826479】，GSD为【""】
2021-07-28 01:40:46 bad
2021-07-28 01:40:48 CHB 1826479?1627407646 第 1 次 等待 3 秒
2021-07-28 01:40:51 CHB 1826479?1627407646 第 1 次 获取到号码【1826479】GSD
2021-07-28 01:40:51 获取到号码【1826479】的GSD为【山东-济宁】
2021-07-28 01:42:00 GSD insert 第 1 次 等待 3 秒
2021-07-28 01:42:03 {"status":"ok","gid":419373,"msg":"添加成功！"}
2021-07-28 01:42:03 下次操作: 2021-07-28 01:42:24

2021-07-28 01:42:24 开始第 7 次操作

2021-07-28 01:42:24 开始操作号码 【1826478】
2021-07-28 01:42:26 GSD getOne 第 1 次 等待 3 秒
2021-07-28 01:42:29 查询号码 【1826478】，返回信息 {"status":"bad","msg":""}
2021-07-28 01:42:30 查询号码 【1826478】，GSD为【""】
2021-07-28 01:42:30 bad
2021-07-28 01:42:31 CHB 1826478?1627407750 第 1 次 等待 3 秒
2021-07-28 01:42:34 CHB 1826478?1627407750 第 1 次 获取到号码【1826478】GSD
2021-07-28 01:42:34 获取到号码【1826478】的GSD为【山东-济宁】
2021-07-28 01:42:53 GSD insert 第 1 次 等待 3 秒
2021-07-28 01:42:56 {"status":"ok","gid":419380,"msg":"添加成功！"}
2021-07-28 01:42:56 下次操作: 2021-07-28 01:43:12

2021-07-28 01:43:12 开始第 8 次操作

2021-07-28 01:43:12 开始操作号码 【1826477】
2021-07-28 01:43:17 GSD getOne 第 1 次 等待 3 秒
2021-07-28 01:43:20 查询号码 【1826477】，返回信息 {"status":"bad","msg":""}
2021-07-28 01:43:20 查询号码 【1826477】，GSD为【""】
2021-07-28 01:43:20 bad
2021-07-28 01:43:22 CHB 1826477?1627407800 第 1 次 等待 3 秒
2021-07-28 01:43:25 CHB 1826477?1627407800 第 1 次 获取到号码【1826477】GSD
2021-07-28 01:43:25 获取到号码【1826477】的GSD为【山东-济宁】
2021-07-28 01:43:43 GSD insert 第 1 次 等待 3 秒
2021-07-28 01:43:46 {"status":"ok","gid":419386,"msg":"添加成功！"}
2021-07-28 01:43:46 下次操作: 2021-07-28 01:44:00

2021-07-28 01:44:00 开始第 9 次操作

2021-07-28 01:44:00 开始操作号码 【1826476】
2021-07-28 01:44:03 GSD getOne 第 1 次 等待 3 秒
2021-07-28 01:44:06 查询号码 【1826476】，返回信息 {"status":"bad","msg":""}
2021-07-28 01:44:06 查询号码 【1826476】，GSD为【""】
2021-07-28 01:44:06 bad
2021-07-28 01:44:09 CHB 1826476?1627407846 第 1 次 等待 3 秒
2021-07-28 01:44:12 CHB 1826476?1627407846 第 1 次 获取到号码【1826476】GSD
2021-07-28 01:44:12 获取到号码【1826476】的GSD为【山东-济宁】
2021-07-28 01:44:23 GSD insert 第 1 次 等待 3 秒
2021-07-28 01:44:26 {"status":"ok","gid":419393,"msg":"添加成功！"}
2021-07-28 01:44:26 下次操作: 2021-07-28 01:44:42

2021-07-28 01:44:42 开始第 10 次操作

2021-07-28 01:44:42 开始操作号码 【1826475】
2021-07-28 01:44:45 GSD getOne 第 1 次 等待 3 秒
2021-07-28 01:44:48 查询号码 【1826475】，返回信息 {"status":"bad","msg":""}
2021-07-28 01:44:48 查询号码 【1826475】，GSD为【""】
2021-07-28 01:44:48 bad
2021-07-28 01:44:50 CHB 1826475?1627407888 第 1 次 等待 3 秒
2021-07-28 01:44:53 CHB 1826475?1627407888 第 1 次 获取到号码【1826475】GSD
2021-07-28 01:44:53 获取到号码【1826475】的GSD为【山东-济宁】
2021-07-28 01:45:03 GSD insert 第 1 次 等待 3 秒
2021-07-28 01:45:06 {"status":"ok","gid":419406,"msg":"添加成功！"}
2021-07-28 01:45:06 下次操作: 2021-07-28 01:45:28

2021-07-28 01:45:28 开始第 11 次操作

2021-07-28 01:45:28 开始操作号码 【1826474】
2021-07-28 01:45:31 GSD getOne 第 1 次 等待 3 秒
2021-07-28 01:45:34 查询号码 【1826474】，返回信息 {"status":"bad","msg":""}
2021-07-28 01:45:34 查询号码 【1826474】，GSD为【""】
2021-07-28 01:45:34 bad
2021-07-28 01:45:36 CHB 1826474?1627407934 第 1 次 等待 3 秒
2021-07-28 01:45:39 CHB 1826474?1627407934 第 1 次 获取到号码【1826474】GSD
2021-07-28 01:45:39 获取到号码【1826474】的GSD为【山东-济宁】
2021-07-28 01:45:57 GSD insert 第 1 次 等待 3 秒
2021-07-28 01:46:00 {"status":"ok","gid":419419,"msg":"添加成功！"}
2021-07-28 01:46:00 下次操作: 2021-07-28 01:46:22

2021-07-28 01:46:22 开始第 12 次操作

2021-07-28 01:46:22 开始操作号码 【1826473】
2021-07-28 01:46:30 GSD getOne 第 1 次 等待 3 秒
2021-07-28 01:46:33 查询号码 【1826473】，返回信息 {"status":"bad","msg":""}
2021-07-28 01:46:33 查询号码 【1826473】，GSD为【""】
2021-07-28 01:46:33 bad
2021-07-28 01:46:35 CHB 1826473?1627407993 第 1 次 等待 3 秒
2021-07-28 01:46:38 CHB 1826473?1627407993 第 1 次 获取到号码【1826473】GSD
2021-07-28 01:46:38 获取到号码【1826473】的GSD为【山东-济宁】
2021-07-28 01:46:56 GSD insert 第 1 次 等待 3 秒
2021-07-28 01:46:59 {"status":"ok","gid":419435,"msg":"添加成功！"}
2021-07-28 01:46:59 下次操作: 2021-07-28 01:47:18

2021-07-28 01:47:18 开始第 13 次操作

2021-07-28 01:47:18 开始操作号码 【1826472】
2021-07-28 01:47:21 GSD getOne 第 1 次 等待 3 秒
2021-07-28 01:47:24 查询号码 【1826472】，返回信息 {"status":"bad","msg":""}
2021-07-28 01:47:24 查询号码 【1826472】，GSD为【""】
2021-07-28 01:47:24 bad
2021-07-28 01:47:26 CHB 1826472?1627408044 第 1 次 等待 3 秒
2021-07-28 01:47:29 CHB 1826472?1627408044 第 1 次 获取到号码【1826472】GSD
2021-07-28 01:47:29 获取到号码【1826472】的GSD为【山东-济宁】
2021-07-28 01:48:06 GSD insert 第 1 次 等待 3 秒
2021-07-28 01:48:09 {"status":"ok","gid":419453,"msg":"添加成功！"}
2021-07-28 01:48:09 下次操作: 2021-07-28 01:48:24

2021-07-28 01:48:24 开始第 14 次操作

2021-07-28 01:48:24 开始操作号码 【1826471】
2021-07-28 01:48:28 GSD getOne 第 1 次 等待 3 秒
2021-07-28 01:48:31 查询号码 【1826471】，返回信息 {"status":"bad","msg":""}
2021-07-28 01:48:31 查询号码 【1826471】，GSD为【""】
2021-07-28 01:48:31 bad
2021-07-28 01:48:32 CHB 1826471?1627408111 第 1 次 等待 3 秒
2021-07-28 01:48:35 CHB 1826471?1627408111 第 1 次 获取到号码【1826471】GSD
2021-07-28 01:48:35 获取到号码【1826471】的GSD为【山东-济宁】
2021-07-28 01:48:54 GSD insert 第 1 次 等待 3 秒
2021-07-28 01:48:57 {"status":"ok","gid":419467,"msg":"添加成功！"}
2021-07-28 01:48:57 下次操作: 2021-07-28 01:49:15

2021-07-28 01:49:15 开始第 15 次操作

2021-07-28 01:49:15 开始操作号码 【1826470】
2021-07-28 01:49:18 GSD getOne 第 1 次 等待 3 秒
2021-07-28 01:49:21 查询号码 【1826470】，返回信息 {"status":"bad","msg":""}
2021-07-28 01:49:21 查询号码 【1826470】，GSD为【""】
2021-07-28 01:49:21 bad
2021-07-28 01:49:24 CHB 1826470?1627408161 第 1 次 等待 3 秒
2021-07-28 01:49:27 CHB 1826470?1627408161 第 1 次 获取到号码【1826470】GSD
2021-07-28 01:49:27 获取到号码【1826470】的GSD为【山东-济宁】
2021-07-28 01:49:45 GSD insert 第 1 次 等待 3 秒
2021-07-28 01:49:48 {"status":"ok","gid":419482,"msg":"添加成功！"}
2021-07-28 01:49:48 下次操作: 2021-07-28 01:50:03

2021-07-28 01:50:03 开始第 16 次操作

2021-07-28 01:50:03 开始操作号码 【1826469】
2021-07-28 01:50:15 GSD getOne 第 1 次 等待 3 秒
2021-07-28 01:50:18 查询号码 【1826469】，返回信息 {"status":"bad","msg":""}
2021-07-28 01:50:18 查询号码 【1826469】，GSD为【""】
2021-07-28 01:50:18 bad
2021-07-28 01:50:20 CHB 1826469?1627408218 第 1 次 等待 3 秒
2021-07-28 01:50:23 CHB 1826469?1627408218 第 1 次 获取到号码【1826469】GSD
2021-07-28 01:50:23 获取到号码【1826469】的GSD为【山东-潍坊】
2021-07-28 01:50:41 GSD insert 第 1 次 等待 3 秒
2021-07-28 01:50:44 {"status":"ok","gid":419495,"msg":"添加成功！"}
2021-07-28 01:50:44 下次操作: 2021-07-28 01:50:57

2021-07-28 01:50:57 开始第 17 次操作

2021-07-28 01:50:57 开始操作号码 【1826468】
2021-07-28 01:51:00 GSD getOne 第 1 次 等待 3 秒
2021-07-28 01:51:03 查询号码 【1826468】，返回信息 {"status":"ok","msg":"山东-潍坊","gid":"35812","time_insert":"2014-03-27 10:04","time_update":"2021-01-21 19:09"}
2021-07-28 01:51:03 查询号码 【1826468】，GSD为【"山东-潍坊"】

2021-07-28 01:51:03 开始第 17 次操作

2021-07-28 01:51:03 开始操作号码 【1826467】
2021-07-28 01:51:23 GSD getOne 第 1 次 等待 3 秒
2021-07-28 01:51:26 查询号码 【1826467】，返回信息 {"status":"bad","msg":""}
2021-07-28 01:51:26 查询号码 【1826467】，GSD为【""】
2021-07-28 01:51:26 bad
2021-07-28 01:51:28 CHB 1826467?1627408286 第 1 次 等待 3 秒
2021-07-28 01:51:31 CHB 1826467?1627408286 第 1 次 获取到号码【1826467】GSD
2021-07-28 01:51:31 获取到号码【1826467】的GSD为【山东-潍坊】
2021-07-28 01:51:49 GSD insert 第 1 次 等待 3 秒
2021-07-28 01:51:52 {"status":"ok","gid":419514,"msg":"添加成功！"}
2021-07-28 01:51:52 下次操作: 2021-07-28 01:52:15

2021-07-28 01:52:15 开始第 18 次操作

2021-07-28 01:52:15 开始操作号码 【1826466】
2021-07-28 01:52:18 GSD getOne 第 1 次 等待 3 秒
2021-07-28 01:52:21 查询号码 【1826466】，返回信息 {"status":"bad","msg":""}
2021-07-28 01:52:21 查询号码 【1826466】，GSD为【""】
2021-07-28 01:52:21 bad
2021-07-28 01:52:23 CHB 1826466?1627408341 第 1 次 等待 3 秒
2021-07-28 01:52:26 CHB 1826466?1627408341 第 1 次 获取到号码【1826466】GSD
2021-07-28 01:52:26 获取到号码【1826466】的GSD为【山东-潍坊】
2021-07-28 01:52:44 GSD insert 第 1 次 等待 3 秒
2021-07-28 01:52:47 {"status":"ok","gid":419526,"msg":"添加成功！"}
2021-07-28 01:52:47 下次操作: 2021-07-28 01:53:00

2021-07-28 01:53:00 开始第 19 次操作

2021-07-28 01:53:00 开始操作号码 【1826465】
2021-07-28 01:53:03 GSD getOne 第 1 次 等待 3 秒
2021-07-28 01:53:06 查询号码 【1826465】，返回信息 {"status":"bad","msg":""}
2021-07-28 01:53:06 查询号码 【1826465】，GSD为【""】
2021-07-28 01:53:06 bad
2021-07-28 01:53:08 CHB 1826465?1627408386 第 1 次 等待 3 秒
2021-07-28 01:53:11 CHB 1826465?1627408386 第 1 次 获取到号码【1826465】GSD
2021-07-28 01:53:11 获取到号码【1826465】的GSD为【山东-潍坊】
2021-07-28 01:53:32 GSD insert 第 1 次 等待 3 秒
2021-07-28 01:53:35 {"status":"ok","gid":419540,"msg":"添加成功！"}
2021-07-28 01:53:35 下次操作: 2021-07-28 01:53:51

2021-07-28 01:53:51 开始第 20 次操作

2021-07-28 01:53:51 开始操作号码 【1826464】
2021-07-28 01:53:55 GSD getOne 第 1 次 等待 3 秒
2021-07-28 01:53:58 查询号码 【1826464】，返回信息 {"status":"bad","msg":""}
2021-07-28 01:53:58 查询号码 【1826464】，GSD为【""】
2021-07-28 01:53:58 bad
2021-07-28 01:54:00 CHB 1826464?1627408438 第 1 次 等待 3 秒
2021-07-28 01:54:03 CHB 1826464?1627408438 第 1 次 获取到号码【1826464】GSD
2021-07-28 01:54:03 获取到号码【1826464】的GSD为【山东-潍坊】
2021-07-28 01:54:21 GSD insert 第 1 次 等待 3 秒
2021-07-28 01:54:24 {"status":"ok","gid":419551,"msg":"添加成功！"}
2021-07-28 01:54:24 下次操作: 2021-07-28 01:54:41

2021-07-28 01:54:41 开始第 21 次操作

2021-07-28 01:54:41 开始操作号码 【1826463】
2021-07-28 01:54:45 GSD getOne 第 1 次 等待 3 秒
2021-07-28 01:54:48 查询号码 【1826463】，返回信息 {"status":"bad","msg":""}
2021-07-28 01:54:48 查询号码 【1826463】，GSD为【""】
2021-07-28 01:54:48 bad
2021-07-28 01:54:49 CHB 1826463?1627408488 第 1 次 等待 3 秒
2021-07-28 01:54:52 CHB 1826463?1627408488 第 1 次 获取到号码【1826463】GSD
2021-07-28 01:54:52 获取到号码【1826463】的GSD为【山东-潍坊】
2021-07-28 01:55:10 GSD insert 第 1 次 等待 3 秒
2021-07-28 01:55:13 {"status":"ok","gid":419561,"msg":"添加成功！"}
2021-07-28 01:55:13 下次操作: 2021-07-28 01:55:36

2021-07-28 01:55:36 开始第 22 次操作

2021-07-28 01:55:36 开始操作号码 【1826462】
2021-07-28 01:55:40 GSD getOne 第 1 次 等待 3 秒
2021-07-28 01:55:43 查询号码 【1826462】，返回信息 {"status":"bad","msg":""}
2021-07-28 01:55:43 查询号码 【1826462】，GSD为【""】
2021-07-28 01:55:43 bad
2021-07-28 01:55:45 CHB 1826462?1627408543 第 1 次 等待 3 秒
2021-07-28 01:55:48 CHB 1826462?1627408543 第 1 次 获取到号码【1826462】GSD
2021-07-28 01:55:48 获取到号码【1826462】的GSD为【山东-潍坊】
2021-07-28 01:56:07 GSD insert 第 1 次 等待 3 秒
2021-07-28 01:56:10 {"status":"ok","gid":419577,"msg":"添加成功！"}
2021-07-28 01:56:10 下次操作: 2021-07-28 01:56:32

2021-07-28 01:56:32 开始第 23 次操作

2021-07-28 01:56:32 开始操作号码 【1826461】
2021-07-28 01:56:36 GSD getOne 第 1 次 等待 3 秒
2021-07-28 01:56:39 查询号码 【1826461】，返回信息 {"status":"bad","msg":""}
2021-07-28 01:56:39 查询号码 【1826461】，GSD为【""】
2021-07-28 01:56:39 bad
2021-07-28 01:56:41 CHB 1826461?1627408599 第 1 次 等待 3 秒
2021-07-28 01:56:44 CHB 1826461?1627408599 第 1 次 获取到号码【1826461】GSD
2021-07-28 01:56:44 获取到号码【1826461】的GSD为【山东-潍坊】
2021-07-28 01:57:03 GSD insert 第 1 次 等待 3 秒
2021-07-28 01:57:06 {"status":"ok","gid":419591,"msg":"添加成功！"}
2021-07-28 01:57:06 下次操作: 2021-07-28 01:57:29

2021-07-28 01:57:29 开始第 24 次操作

2021-07-28 01:57:29 开始操作号码 【1826460】
2021-07-28 01:57:32 GSD getOne 第 1 次 等待 3 秒
2021-07-28 01:57:35 查询号码 【1826460】，返回信息 {"status":"bad","msg":""}
2021-07-28 01:57:35 查询号码 【1826460】，GSD为【""】
2021-07-28 01:57:35 bad
2021-07-28 01:57:37 CHB 1826460?1627408655 第 1 次 等待 3 秒
2021-07-28 01:57:40 CHB 1826460?1627408655 第 1 次 获取到号码【1826460】GSD
2021-07-28 01:57:40 获取到号码【1826460】的GSD为【山东-潍坊】
2021-07-28 01:57:58 GSD insert 第 1 次 等待 3 秒
2021-07-28 01:58:01 {"status":"ok","gid":419603,"msg":"添加成功！"}
2021-07-28 01:58:01 下次操作: 2021-07-28 01:58:21

2021-07-28 01:58:21 开始第 25 次操作

2021-07-28 01:58:21 开始操作号码 【1826459】
2021-07-28 01:58:26 GSD getOne 第 1 次 等待 3 秒
2021-07-28 01:58:29 查询号码 【1826459】，返回信息 {"status":"bad","msg":""}
2021-07-28 01:58:30 查询号码 【1826459】，GSD为【""】
2021-07-28 01:58:30 bad
2021-07-28 01:58:32 CHB 1826459?1627408710 第 1 次 等待 3 秒
2021-07-28 01:58:35 CHB 1826459?1627408710 第 1 次 获取到号码【1826459】GSD
2021-07-28 01:58:35 获取到号码【1826459】的GSD为【山东-聊城】
2021-07-28 01:58:46 GSD insert 第 1 次 等待 3 秒
2021-07-28 01:58:49 {"status":"ok","gid":419616,"msg":"添加成功！"}
2021-07-28 01:58:49 下次操作: 2021-07-28 01:59:03

2021-07-28 01:59:03 开始第 26 次操作

2021-07-28 01:59:03 开始操作号码 【1826458】
2021-07-28 01:59:06 GSD getOne 第 1 次 等待 3 秒
2021-07-28 01:59:09 查询号码 【1826458】，返回信息 {"status":"bad","msg":""}
2021-07-28 01:59:09 查询号码 【1826458】，GSD为【""】
2021-07-28 01:59:09 bad
2021-07-28 01:59:10 CHB 1826458?1627408749 第 1 次 等待 3 秒
2021-07-28 01:59:13 CHB 1826458?1627408749 第 1 次 获取到号码【1826458】GSD
2021-07-28 01:59:13 获取到号码【1826458】的GSD为【山东-聊城】
2021-07-28 01:59:51 GSD insert 第 1 次 等待 3 秒
2021-07-28 01:59:54 {"status":"ok","gid":419634,"msg":"添加成功！"}
2021-07-28 01:59:54 下次操作: 2021-07-28 02:00:09

2021-07-28 02:00:09 开始第 27 次操作

2021-07-28 02:00:09 开始操作号码 【1826457】
2021-07-28 02:00:13 GSD getOne 第 1 次 等待 3 秒
2021-07-28 02:00:16 查询号码 【1826457】，返回信息 {"status":"bad","msg":""}
2021-07-28 02:00:16 查询号码 【1826457】，GSD为【""】
2021-07-28 02:00:16 bad
2021-07-28 02:00:19 CHB 1826457?1627408816 第 1 次 等待 3 秒
2021-07-28 02:00:22 CHB 1826457?1627408816 第 1 次 获取到号码【1826457】GSD
2021-07-28 02:00:22 获取到号码【1826457】的GSD为【山东-聊城】
2021-07-28 02:00:42 GSD insert 第 1 次 等待 3 秒
2021-07-28 02:00:45 {"status":"ok","gid":419644,"msg":"添加成功！"}
2021-07-28 02:00:45 下次操作: 2021-07-28 02:01:08

2021-07-28 02:01:08 开始第 28 次操作

2021-07-28 02:01:08 开始操作号码 【1826456】
2021-07-28 02:01:10 GSD getOne 第 1 次 等待 3 秒
2021-07-28 02:01:13 查询号码 【1826456】，返回信息 {"status":"bad","msg":""}
2021-07-28 02:01:13 查询号码 【1826456】，GSD为【""】
2021-07-28 02:01:13 bad
2021-07-28 02:01:16 CHB 1826456?1627408873 第 1 次 等待 3 秒
2021-07-28 02:01:19 CHB 1826456?1627408873 第 1 次 获取到号码【1826456】GSD
2021-07-28 02:01:19 获取到号码【1826456】的GSD为【山东-聊城】
2021-07-28 02:01:29 GSD insert 第 1 次 等待 3 秒
2021-07-28 02:01:32 {"status":"ok","gid":419656,"msg":"添加成功！"}
2021-07-28 02:01:32 下次操作: 2021-07-28 02:01:52

2021-07-28 02:01:52 开始第 29 次操作

2021-07-28 02:01:52 开始操作号码 【1826455】
2021-07-28 02:01:56 GSD getOne 第 1 次 等待 3 秒
2021-07-28 02:01:59 查询号码 【1826455】，返回信息 {"status":"bad","msg":""}
2021-07-28 02:01:59 查询号码 【1826455】，GSD为【""】
2021-07-28 02:01:59 bad
2021-07-28 02:02:01 CHB 1826455?1627408919 第 1 次 等待 3 秒
2021-07-28 02:02:04 CHB 1826455?1627408919 第 1 次 获取到号码【1826455】GSD
2021-07-28 02:02:04 获取到号码【1826455】的GSD为【山东-聊城】
2021-07-28 02:02:22 GSD insert 第 1 次 等待 3 秒
2021-07-28 02:02:25 {"status":"ok","gid":419668,"msg":"添加成功！"}
2021-07-28 02:02:25 下次操作: 2021-07-28 02:02:40

2021-07-28 02:02:40 开始第 30 次操作

2021-07-28 02:02:40 开始操作号码 【1826454】
2021-07-28 02:02:43 GSD getOne 第 1 次 等待 3 秒
2021-07-28 02:02:46 查询号码 【1826454】，返回信息 {"status":"bad","msg":""}
2021-07-28 02:02:46 查询号码 【1826454】，GSD为【""】
2021-07-28 02:02:46 bad
2021-07-28 02:02:48 CHB 1826454?1627408966 第 1 次 等待 3 秒
2021-07-28 02:02:51 CHB 1826454?1627408966 第 1 次 获取到号码【1826454】GSD
2021-07-28 02:02:51 获取到号码【1826454】的GSD为【山东-聊城】
2021-07-28 02:03:09 GSD insert 第 1 次 等待 3 秒
2021-07-28 02:03:12 {"status":"ok","gid":419683,"msg":"添加成功！"}
2021-07-28 02:03:12 下次操作: 2021-07-28 02:03:26

2021-07-28 02:03:26 开始第 31 次操作

2021-07-28 02:03:26 开始操作号码 【1826453】
2021-07-28 02:03:29 GSD getOne 第 1 次 等待 3 秒
2021-07-28 02:03:32 查询号码 【1826453】，返回信息 {"status":"bad","msg":""}
2021-07-28 02:03:32 查询号码 【1826453】，GSD为【""】
2021-07-28 02:03:32 bad
2021-07-28 02:03:34 CHB 1826453?1627409012 第 1 次 等待 3 秒
2021-07-28 02:03:37 CHB 1826453?1627409012 第 1 次 获取到号码【1826453】GSD
2021-07-28 02:03:37 获取到号码【1826453】的GSD为【山东-聊城】
2021-07-28 02:03:56 GSD insert 第 1 次 等待 3 秒
2021-07-28 02:03:59 {"status":"ok","gid":419697,"msg":"添加成功！"}
2021-07-28 02:03:59 下次操作: 2021-07-28 02:04:17

2021-07-28 02:04:17 开始第 32 次操作

2021-07-28 02:04:17 开始操作号码 【1826452】
2021-07-28 02:04:47 GSD getOne 第 1 次 等待 3 秒
2021-07-28 02:04:50 查询号码 【1826452】，返回信息 {"status":"bad","msg":""}
2021-07-28 02:04:50 查询号码 【1826452】，GSD为【""】
2021-07-28 02:04:50 bad
2021-07-28 02:04:52 CHB 1826452?1627409090 第 1 次 等待 3 秒
2021-07-28 02:04:55 CHB 1826452?1627409090 第 1 次 获取到号码【1826452】GSD
2021-07-28 02:04:55 获取到号码【1826452】的GSD为【山东-聊城】
2021-07-28 02:05:13 GSD insert 第 1 次 等待 3 秒
2021-07-28 02:05:16 {"status":"ok","gid":419708,"msg":"添加成功！"}
2021-07-28 02:05:16 下次操作: 2021-07-28 02:05:32

2021-07-28 02:05:32 开始第 33 次操作

2021-07-28 02:05:32 开始操作号码 【1826451】
2021-07-28 02:05:39 GSD getOne 第 1 次 等待 3 秒
2021-07-28 02:05:42 查询号码 【1826451】，返回信息 {"status":"bad","msg":""}
2021-07-28 02:05:42 查询号码 【1826451】，GSD为【""】
2021-07-28 02:05:42 bad
2021-07-28 02:05:45 CHB 1826451?1627409142 第 1 次 等待 3 秒
2021-07-28 02:05:48 CHB 1826451?1627409142 第 1 次 获取到号码【1826451】GSD
2021-07-28 02:05:48 获取到号码【1826451】的GSD为【山东-聊城】
2021-07-28 02:05:58 GSD insert 第 1 次 等待 3 秒
2021-07-28 02:06:01 {"status":"ok","gid":419721,"msg":"添加成功！"}
2021-07-28 02:06:01 下次操作: 2021-07-28 02:06:17

2021-07-28 02:06:17 开始第 34 次操作

2021-07-28 02:06:17 开始操作号码 【1826450】
2021-07-28 02:06:20 GSD getOne 第 1 次 等待 3 秒
2021-07-28 02:06:23 查询号码 【1826450】，返回信息 {"status":"bad","msg":""}
2021-07-28 02:06:23 查询号码 【1826450】，GSD为【""】
2021-07-28 02:06:23 bad
2021-07-28 02:06:25 CHB 1826450?1627409183 第 1 次 等待 3 秒
2021-07-28 02:06:28 CHB 1826450?1627409183 第 1 次 获取到号码【1826450】GSD
2021-07-28 02:06:28 获取到号码【1826450】的GSD为【山东-聊城】
2021-07-28 02:06:48 GSD insert 第 1 次 等待 3 秒
2021-07-28 02:06:51 {"status":"ok","gid":419733,"msg":"添加成功！"}
2021-07-28 02:06:51 下次操作: 2021-07-28 02:07:05

2021-07-28 02:07:05 开始第 35 次操作

2021-07-28 02:07:05 开始操作号码 【1826449】
2021-07-28 02:07:08 GSD getOne 第 1 次 等待 3 秒
2021-07-28 02:07:11 查询号码 【1826449】，返回信息 {"status":"bad","msg":""}
2021-07-28 02:07:11 查询号码 【1826449】，GSD为【""】
2021-07-28 02:07:11 bad
2021-07-28 02:07:12 CHB 1826449?1627409231 第 1 次 等待 3 秒
2021-07-28 02:07:15 CHB 1826449?1627409231 第 1 次 获取到号码【1826449】GSD
2021-07-28 02:07:15 获取到号码【1826449】的GSD为【山东-潍坊】
2021-07-28 02:07:34 GSD insert 第 1 次 等待 3 秒
2021-07-28 02:07:37 {"status":"ok","gid":419744,"msg":"添加成功！"}
2021-07-28 02:07:37 下次操作: 2021-07-28 02:07:49

2021-07-28 02:07:49 开始第 36 次操作

2021-07-28 02:07:49 开始操作号码 【1826448】
2021-07-28 02:07:52 GSD getOne 第 1 次 等待 3 秒
2021-07-28 02:07:55 查询号码 【1826448】，返回信息 {"status":"bad","msg":""}
2021-07-28 02:07:55 查询号码 【1826448】，GSD为【""】
2021-07-28 02:07:55 bad
2021-07-28 02:07:57 CHB 1826448?1627409275 第 1 次 等待 3 秒
2021-07-28 02:08:00 CHB 1826448?1627409275 第 1 次 获取到号码【1826448】GSD
2021-07-28 02:08:00 获取到号码【1826448】的GSD为【山东-潍坊】
2021-07-28 02:08:18 GSD insert 第 1 次 等待 3 秒
2021-07-28 02:08:21 {"status":"ok","gid":419754,"msg":"添加成功！"}
2021-07-28 02:08:21 下次操作: 2021-07-28 02:08:44

2021-07-28 02:08:44 开始第 37 次操作

2021-07-28 02:08:44 开始操作号码 【1826447】
2021-07-28 02:08:48 GSD getOne 第 1 次 等待 3 秒
2021-07-28 02:08:51 查询号码 【1826447】，返回信息 {"status":"bad","msg":""}
2021-07-28 02:08:51 查询号码 【1826447】，GSD为【""】
2021-07-28 02:08:51 bad
2021-07-28 02:08:53 CHB 1826447?1627409331 第 1 次 等待 3 秒
2021-07-28 02:08:56 CHB 1826447?1627409331 第 1 次 获取到号码【1826447】GSD
2021-07-28 02:08:56 获取到号码【1826447】的GSD为【山东-潍坊】
2021-07-28 02:09:14 GSD insert 第 1 次 等待 3 秒
2021-07-28 02:09:17 {"status":"ok","gid":419762,"msg":"添加成功！"}
2021-07-28 02:09:17 下次操作: 2021-07-28 02:09:39

2021-07-28 02:09:39 开始第 38 次操作

2021-07-28 02:09:39 开始操作号码 【1826446】
2021-07-28 02:09:42 GSD getOne 第 1 次 等待 3 秒
2021-07-28 02:09:45 查询号码 【1826446】，返回信息 {"status":"bad","msg":""}
2021-07-28 02:09:45 查询号码 【1826446】，GSD为【""】
2021-07-28 02:09:45 bad
2021-07-28 02:09:47 CHB 1826446?1627409385 第 1 次 等待 3 秒
2021-07-28 02:09:50 CHB 1826446?1627409385 第 1 次 获取到号码【1826446】GSD
2021-07-28 02:09:50 获取到号码【1826446】的GSD为【山东-潍坊】
2021-07-28 02:10:11 GSD insert 第 1 次 等待 3 秒
2021-07-28 02:10:15 {"status":"ok","gid":419771,"msg":"添加成功！"}
2021-07-28 02:10:15 下次操作: 2021-07-28 02:10:38

2021-07-28 02:10:38 开始第 39 次操作

2021-07-28 02:10:38 开始操作号码 【1826445】
2021-07-28 02:10:41 GSD getOne 第 1 次 等待 3 秒
2021-07-28 02:10:44 查询号码 【1826445】，返回信息 {"status":"bad","msg":""}
2021-07-28 02:10:44 查询号码 【1826445】，GSD为【""】
2021-07-28 02:10:44 bad
2021-07-28 02:10:47 CHB 1826445?1627409444 第 1 次 等待 3 秒
2021-07-28 02:10:50 CHB 1826445?1627409444 第 1 次 获取到号码【1826445】GSD
2021-07-28 02:10:50 获取到号码【1826445】的GSD为【山东-潍坊】
2021-07-28 02:10:59 GSD insert 第 1 次 等待 3 秒
2021-07-28 02:11:02 {"status":"ok","gid":419777,"msg":"添加成功！"}
2021-07-28 02:11:02 下次操作: 2021-07-28 02:11:15

2021-07-28 02:11:15 开始第 40 次操作

2021-07-28 02:11:15 开始操作号码 【1826444】
2021-07-28 02:11:23 GSD getOne 第 1 次 等待 3 秒
2021-07-28 02:11:26 查询号码 【1826444】，返回信息 {"status":"ok","msg":"山东-潍坊","gid":"35811","time_insert":"2019-12-04 20:43","time_update":"2020-09-11 02:41"}
2021-07-28 02:11:26 查询号码 【1826444】，GSD为【"山东-潍坊"】

2021-07-28 02:11:27 开始第 40 次操作

2021-07-28 02:11:27 开始操作号码 【1826443】
2021-07-28 02:11:45 GSD getOne 第 1 次 等待 3 秒
2021-07-28 02:11:48 查询号码 【1826443】，返回信息 {"status":"bad","msg":""}
2021-07-28 02:11:48 查询号码 【1826443】，GSD为【""】
2021-07-28 02:11:48 bad
2021-07-28 02:11:50 CHB 1826443?1627409508 第 1 次 等待 3 秒
2021-07-28 02:11:53 CHB 1826443?1627409508 第 1 次 获取到号码【1826443】GSD
2021-07-28 02:11:53 获取到号码【1826443】的GSD为【山东-潍坊】
2021-07-28 02:12:11 GSD insert 第 1 次 等待 3 秒
2021-07-28 02:12:14 {"status":"ok","gid":419785,"msg":"添加成功！"}

2021-07-28 02:55:18 开始第 1 次操作

2021-07-28 02:55:18 开始操作号码 【1826442】
2021-07-28 02:55:20 GSD getOne 第 1 次 等待 3 秒
2021-07-28 02:55:23 查询号码 【1826442】，返回信息 {"status":"bad","msg":""}
2021-07-28 02:55:24 查询号码 【1826442】，GSD为【""】
2021-07-28 02:55:24 bad
2021-07-28 02:55:25 CHB 1826442?1627412124 第 1 次 等待 3 秒
2021-07-28 02:55:28 CHB 1826442?1627412124 第 1 次 获取到号码【1826442】GSD
2021-07-28 02:55:28 获取到号码【1826442】的GSD为【山东-潍坊】
2021-07-28 02:55:31 GSD insert 第 1 次 等待 3 秒
2021-07-28 02:55:34 {"status":"ok","gid":419992,"msg":"添加成功！"}
2021-07-28 02:55:34 下次操作: 2021-07-28 02:55:56

2021-07-28 02:55:56 开始第 2 次操作

2021-07-28 02:55:56 开始操作号码 【1826441】
2021-07-28 02:55:59 GSD getOne 第 1 次 等待 3 秒
2021-07-28 02:56:02 查询号码 【1826441】，返回信息 {"status":"bad","msg":""}
2021-07-28 02:56:02 查询号码 【1826441】，GSD为【""】
2021-07-28 02:56:02 bad
2021-07-28 02:56:03 CHB 1826441?1627412162 第 1 次 等待 3 秒
2021-07-28 02:56:06 CHB 1826441?1627412162 第 1 次 获取到号码【1826441】GSD
2021-07-28 02:56:07 获取到号码【1826441】的GSD为【山东-潍坊】
2021-07-28 02:56:09 GSD insert 第 1 次 等待 3 秒
2021-07-28 02:56:12 {"status":"ok","gid":420006,"msg":"添加成功！"}
2021-07-28 02:56:12 下次操作: 2021-07-28 02:56:24

2021-07-28 02:56:24 开始第 3 次操作

2021-07-28 02:56:24 开始操作号码 【1826440】
2021-07-28 02:56:27 GSD getOne 第 1 次 等待 3 秒
2021-07-28 02:56:30 查询号码 【1826440】，返回信息 {"status":"bad","msg":""}
2021-07-28 02:56:30 查询号码 【1826440】，GSD为【""】
2021-07-28 02:56:30 bad
2021-07-28 02:56:32 CHB 1826440?1627412190 第 1 次 等待 3 秒
2021-07-28 02:56:35 CHB 1826440?1627412190 第 1 次 获取到号码【1826440】GSD
2021-07-28 02:56:35 获取到号码【1826440】的GSD为【山东-潍坊】
2021-07-28 02:56:37 GSD insert 第 1 次 等待 3 秒
2021-07-28 02:56:41 {"status":"ok","gid":420012,"msg":"添加成功！"}
2021-07-28 02:56:41 下次操作: 2021-07-28 02:57:01

2021-07-28 02:57:01 开始第 4 次操作

2021-07-28 02:57:01 开始操作号码 【1826439】
2021-07-28 02:57:03 GSD getOne 第 1 次 等待 3 秒
2021-07-28 02:57:06 查询号码 【1826439】，返回信息 {"status":"bad","msg":""}
2021-07-28 02:57:06 查询号码 【1826439】，GSD为【""】
2021-07-28 02:57:06 bad
2021-07-28 02:57:11 CHB 1826439?1627412226 第 1 次 等待 3 秒
2021-07-28 02:57:14 CHB 1826439?1627412226 第 1 次 获取到号码【1826439】GSD
2021-07-28 02:57:14 获取到号码【1826439】的GSD为【山东-淄博】
2021-07-28 02:57:17 GSD insert 第 1 次 等待 3 秒
2021-07-28 02:57:20 {"status":"ok","gid":420024,"msg":"添加成功！"}
2021-07-28 02:57:20 下次操作: 2021-07-28 02:57:35

2021-07-28 02:57:35 开始第 5 次操作

2021-07-28 02:57:35 开始操作号码 【1826438】
2021-07-28 02:57:38 GSD getOne 第 1 次 等待 3 秒
2021-07-28 02:57:41 查询号码 【1826438】，返回信息 {"status":"bad","msg":""}
2021-07-28 02:57:41 查询号码 【1826438】，GSD为【""】
2021-07-28 02:57:41 bad
2021-07-28 02:57:42 CHB 1826438?1627412261 第 1 次 等待 3 秒
2021-07-28 02:57:45 CHB 1826438?1627412261 第 1 次 获取到号码【1826438】GSD
2021-07-28 02:57:45 获取到号码【1826438】的GSD为【山东-淄博】
2021-07-28 02:57:48 GSD insert 第 1 次 等待 3 秒
2021-07-28 02:57:51 {"status":"ok","gid":420035,"msg":"添加成功！"}
2021-07-28 02:57:51 下次操作: 2021-07-28 02:58:14

2021-07-28 02:58:14 开始第 6 次操作

2021-07-28 02:58:14 开始操作号码 【1826437】
2021-07-28 02:58:24 GSD getOne 第 1 次 等待 3 秒
2021-07-28 02:58:27 查询号码 【1826437】，返回信息 {"status":"bad","msg":""}
2021-07-28 02:58:27 查询号码 【1826437】，GSD为【""】
2021-07-28 02:58:27 bad
2021-07-28 02:58:29 CHB 1826437?1627412307 第 1 次 等待 3 秒
2021-07-28 02:58:32 CHB 1826437?1627412307 第 1 次 获取到号码【1826437】GSD
2021-07-28 02:58:32 获取到号码【1826437】的GSD为【山东-淄博】
2021-07-28 02:58:40 GSD insert 第 1 次 等待 3 秒
2021-07-28 02:58:43 {"status":"ok","gid":420049,"msg":"添加成功！"}
2021-07-28 02:58:43 下次操作: 2021-07-28 02:59:00

2021-07-28 02:59:00 开始第 7 次操作

2021-07-28 02:59:00 开始操作号码 【1826436】
2021-07-28 02:59:03 GSD getOne 第 1 次 等待 3 秒
2021-07-28 02:59:06 查询号码 【1826436】，返回信息 {"status":"bad","msg":""}
2021-07-28 02:59:06 查询号码 【1826436】，GSD为【""】
2021-07-28 02:59:06 bad
2021-07-28 02:59:07 CHB 1826436?1627412346 第 1 次 等待 3 秒
2021-07-28 02:59:10 CHB 1826436?1627412346 第 1 次 获取到号码【1826436】GSD
2021-07-28 02:59:10 获取到号码【1826436】的GSD为【山东-淄博】
2021-07-28 02:59:13 GSD insert 第 1 次 等待 3 秒
2021-07-28 02:59:16 {"status":"ok","gid":420059,"msg":"添加成功！"}
2021-07-28 02:59:16 下次操作: 2021-07-28 02:59:30

2021-07-28 02:59:30 开始第 8 次操作

2021-07-28 02:59:30 开始操作号码 【1826435】
2021-07-28 02:59:33 GSD getOne 第 1 次 等待 3 秒
2021-07-28 02:59:36 查询号码 【1826435】，返回信息 {"status":"bad","msg":""}
2021-07-28 02:59:36 查询号码 【1826435】，GSD为【""】
2021-07-28 02:59:36 bad
2021-07-28 02:59:37 CHB 1826435?1627412376 第 1 次 等待 3 秒
2021-07-28 02:59:40 CHB 1826435?1627412376 第 1 次 获取到号码【1826435】GSD
2021-07-28 02:59:40 获取到号码【1826435】的GSD为【山东-淄博】
2021-07-28 02:59:45 GSD insert 第 1 次 等待 3 秒
2021-07-28 02:59:48 {"status":"ok","gid":420069,"msg":"添加成功！"}
2021-07-28 02:59:48 下次操作: 2021-07-28 03:00:02

2021-07-28 03:00:02 开始第 9 次操作

2021-07-28 03:00:02 开始操作号码 【1826434】
2021-07-28 03:00:08 GSD getOne 第 1 次 等待 3 秒
2021-07-28 03:00:11 查询号码 【1826434】，返回信息 {"status":"bad","msg":""}
2021-07-28 03:00:11 查询号码 【1826434】，GSD为【""】
2021-07-28 03:00:11 bad
2021-07-28 03:00:13 CHB 1826434?1627412411 第 1 次 等待 3 秒
2021-07-28 03:00:16 CHB 1826434?1627412411 第 1 次 获取到号码【1826434】GSD
2021-07-28 03:00:16 获取到号码【1826434】的GSD为【山东-淄博】
2021-07-28 03:00:19 GSD insert 第 1 次 等待 3 秒
2021-07-28 03:00:22 {"status":"ok","gid":420076,"msg":"添加成功！"}
2021-07-28 03:00:22 下次操作: 2021-07-28 03:00:44

2021-07-28 03:00:44 开始第 10 次操作

2021-07-28 03:00:44 开始操作号码 【1826433】
2021-07-28 03:00:46 GSD getOne 第 1 次 等待 3 秒
2021-07-28 03:00:49 查询号码 【1826433】，返回信息 {"status":"ok","msg":"山东-淄博","gid":"35810","time_insert":"2020-08-05 10:30","time_update":"2020-09-11 01:27"}
2021-07-28 03:00:50 查询号码 【1826433】，GSD为【"山东-淄博"】

2021-07-28 03:00:50 开始第 10 次操作

2021-07-28 03:00:50 开始操作号码 【1826432】
2021-07-28 03:00:52 GSD getOne 第 1 次 等待 3 秒
2021-07-28 03:00:55 查询号码 【1826432】，返回信息 {"status":"bad","msg":""}
2021-07-28 03:00:55 查询号码 【1826432】，GSD为【""】
2021-07-28 03:00:55 bad
2021-07-28 03:00:57 CHB 1826432?1627412455 第 1 次 等待 3 秒
2021-07-28 03:01:00 CHB 1826432?1627412455 第 1 次 获取到号码【1826432】GSD
2021-07-28 03:01:00 获取到号码【1826432】的GSD为【山东-淄博】
2021-07-28 03:01:03 GSD insert 第 1 次 等待 3 秒
2021-07-28 03:01:06 {"status":"ok","gid":420089,"msg":"添加成功！"}
2021-07-28 03:01:06 下次操作: 2021-07-28 03:01:29

2021-07-28 03:01:29 开始第 11 次操作

2021-07-28 03:01:29 开始操作号码 【1826431】
2021-07-28 03:01:31 GSD getOne 第 1 次 等待 3 秒
2021-07-28 03:01:34 查询号码 【1826431】，返回信息 {"status":"bad","msg":""}
2021-07-28 03:01:34 查询号码 【1826431】，GSD为【""】
2021-07-28 03:01:34 bad
2021-07-28 03:01:36 CHB 1826431?1627412494 第 1 次 等待 3 秒
2021-07-28 03:01:39 CHB 1826431?1627412494 第 1 次 获取到号码【1826431】GSD
2021-07-28 03:01:39 获取到号码【1826431】的GSD为【山东-淄博】
2021-07-28 03:01:42 GSD insert 第 1 次 等待 3 秒
2021-07-28 03:01:45 {"status":"ok","gid":420100,"msg":"添加成功！"}
2021-07-28 03:01:45 下次操作: 2021-07-28 03:02:09

2021-07-28 03:02:09 开始第 12 次操作

2021-07-28 03:02:09 开始操作号码 【1826430】
2021-07-28 03:02:11 GSD getOne 第 1 次 等待 3 秒
2021-07-28 03:02:15 查询号码 【1826430】，返回信息 {"status":"bad","msg":""}
2021-07-28 03:02:15 查询号码 【1826430】，GSD为【""】
2021-07-28 03:02:15 bad
2021-07-28 03:02:16 CHB 1826430?1627412535 第 1 次 等待 3 秒
2021-07-28 03:02:19 CHB 1826430?1627412535 第 1 次 获取到号码【1826430】GSD
2021-07-28 03:02:19 获取到号码【1826430】的GSD为【山东-淄博】
2021-07-28 03:02:22 GSD insert 第 1 次 等待 3 秒
2021-07-28 03:02:25 {"status":"ok","gid":420108,"msg":"添加成功！"}
2021-07-28 03:02:25 下次操作: 2021-07-28 03:02:47

2021-07-28 03:02:47 开始第 13 次操作

2021-07-28 03:02:47 开始操作号码 【1826429】
2021-07-28 03:02:50 GSD getOne 第 1 次 等待 3 秒
2021-07-28 03:02:53 查询号码 【1826429】，返回信息 {"status":"bad","msg":""}
2021-07-28 03:02:53 查询号码 【1826429】，GSD为【""】
2021-07-28 03:02:53 bad
2021-07-28 03:02:54 CHB 1826429?1627412573 第 1 次 等待 3 秒
2021-07-28 03:02:57 CHB 1826429?1627412573 第 1 次 获取到号码【1826429】GSD
2021-07-28 03:02:57 获取到号码【1826429】的GSD为【山东-枣庄】
2021-07-28 03:03:00 GSD insert 第 1 次 等待 3 秒
2021-07-28 03:03:03 {"status":"ok","gid":420120,"msg":"添加成功！"}
2021-07-28 03:03:03 下次操作: 2021-07-28 03:03:26

2021-07-28 03:03:26 开始第 14 次操作

2021-07-28 03:03:26 开始操作号码 【1826428】
2021-07-28 03:03:29 GSD getOne 第 1 次 等待 3 秒
2021-07-28 03:03:32 查询号码 【1826428】，返回信息 {"status":"ok","msg":"山东-枣庄","gid":"35809","time_insert":"2019-11-15 11:24","time_update":"2020-09-11 01:42"}
2021-07-28 03:03:32 查询号码 【1826428】，GSD为【"山东-枣庄"】

2021-07-28 03:03:32 开始第 14 次操作

2021-07-28 03:03:32 开始操作号码 【1826427】
2021-07-28 03:03:45 GSD getOne 第 1 次 等待 3 秒
2021-07-28 03:03:48 查询号码 【1826427】，返回信息 {"status":"bad","msg":""}
2021-07-28 03:03:48 查询号码 【1826427】，GSD为【""】
2021-07-28 03:03:48 bad
2021-07-28 03:03:49 CHB 1826427?1627412628 第 1 次 等待 3 秒
2021-07-28 03:03:52 CHB 1826427?1627412628 第 1 次 获取到号码【1826427】GSD
2021-07-28 03:03:52 获取到号码【1826427】的GSD为【山东-枣庄】
2021-07-28 03:04:00 GSD insert 第 1 次 等待 3 秒
2021-07-28 03:04:03 {"status":"ok","gid":420134,"msg":"添加成功！"}
2021-07-28 03:04:03 下次操作: 2021-07-28 03:04:23

2021-07-28 03:04:23 开始第 15 次操作

2021-07-28 03:04:23 开始操作号码 【1826426】
2021-07-28 03:04:26 GSD getOne 第 1 次 等待 3 秒
2021-07-28 03:04:29 查询号码 【1826426】，返回信息 {"status":"bad","msg":""}
2021-07-28 03:04:29 查询号码 【1826426】，GSD为【""】
2021-07-28 03:04:29 bad
2021-07-28 03:04:31 CHB 1826426?1627412669 第 1 次 等待 3 秒
2021-07-28 03:04:34 CHB 1826426?1627412669 第 1 次 获取到号码【1826426】GSD
2021-07-28 03:04:34 获取到号码【1826426】的GSD为【山东-枣庄】
2021-07-28 03:04:36 GSD insert 第 1 次 等待 3 秒
2021-07-28 03:04:39 {"status":"ok","gid":420143,"msg":"添加成功！"}
2021-07-28 03:04:39 下次操作: 2021-07-28 03:04:56

2021-07-28 03:04:56 开始第 16 次操作

2021-07-28 03:04:56 开始操作号码 【1826425】
2021-07-28 03:04:59 GSD getOne 第 1 次 等待 3 秒
2021-07-28 03:05:02 查询号码 【1826425】，返回信息 {"status":"bad","msg":""}
2021-07-28 03:05:02 查询号码 【1826425】，GSD为【""】
2021-07-28 03:05:02 bad
2021-07-28 03:05:04 CHB 1826425?1627412702 第 1 次 等待 3 秒
2021-07-28 03:05:07 CHB 1826425?1627412702 第 1 次 获取到号码【1826425】GSD
2021-07-28 03:05:07 获取到号码【1826425】的GSD为【山东-枣庄】
2021-07-28 03:05:09 GSD insert 第 1 次 等待 3 秒
2021-07-28 03:05:12 {"status":"ok","gid":420151,"msg":"添加成功！"}
2021-07-28 03:05:12 下次操作: 2021-07-28 03:05:36

2021-07-28 03:05:36 开始第 17 次操作

2021-07-28 03:05:36 开始操作号码 【1826424】
2021-07-28 03:05:39 GSD getOne 第 1 次 等待 3 秒
2021-07-28 03:05:42 查询号码 【1826424】，返回信息 {"status":"bad","msg":""}
2021-07-28 03:05:42 查询号码 【1826424】，GSD为【""】
2021-07-28 03:05:42 bad
2021-07-28 03:05:44 CHB 1826424?1627412742 第 1 次 等待 3 秒
2021-07-28 03:05:47 CHB 1826424?1627412742 第 1 次 获取到号码【1826424】GSD
2021-07-28 03:05:47 获取到号码【1826424】的GSD为【山东-枣庄】
2021-07-28 03:05:50 GSD insert 第 1 次 等待 3 秒
2021-07-28 03:05:53 {"status":"ok","gid":420163,"msg":"添加成功！"}
2021-07-28 03:05:53 下次操作: 2021-07-28 03:06:12

2021-07-28 03:06:12 开始第 18 次操作

2021-07-28 03:06:12 开始操作号码 【1826423】
2021-07-28 03:06:14 GSD getOne 第 1 次 等待 3 秒
2021-07-28 03:06:17 查询号码 【1826423】，返回信息 {"status":"bad","msg":""}
2021-07-28 03:06:17 查询号码 【1826423】，GSD为【""】
2021-07-28 03:06:17 bad
2021-07-28 03:06:19 CHB 1826423?1627412777 第 1 次 等待 3 秒
2021-07-28 03:06:22 CHB 1826423?1627412777 第 1 次 获取到号码【1826423】GSD
2021-07-28 03:06:22 获取到号码【1826423】的GSD为【山东-枣庄】
2021-07-28 03:06:25 GSD insert 第 1 次 等待 3 秒
2021-07-28 03:06:28 {"status":"ok","gid":420173,"msg":"添加成功！"}
2021-07-28 03:06:28 下次操作: 2021-07-28 03:06:50

2021-07-28 03:06:50 开始第 19 次操作

2021-07-28 03:06:50 开始操作号码 【1826422】
2021-07-28 03:06:52 GSD getOne 第 1 次 等待 3 秒
2021-07-28 03:06:55 查询号码 【1826422】，返回信息 {"status":"bad","msg":""}
2021-07-28 03:06:55 查询号码 【1826422】，GSD为【""】
2021-07-28 03:06:55 bad
2021-07-28 03:06:57 CHB 1826422?1627412815 第 1 次 等待 3 秒
2021-07-28 03:07:00 CHB 1826422?1627412815 第 1 次 获取到号码【1826422】GSD
2021-07-28 03:07:00 获取到号码【1826422】的GSD为【山东-枣庄】
2021-07-28 03:07:03 GSD insert 第 1 次 等待 3 秒
2021-07-28 03:07:06 {"status":"ok","gid":420188,"msg":"添加成功！"}
2021-07-28 03:07:06 下次操作: 2021-07-28 03:07:23

2021-07-28 03:07:23 开始第 20 次操作

2021-07-28 03:07:23 开始操作号码 【1826421】
2021-07-28 03:07:26 GSD getOne 第 1 次 等待 3 秒
2021-07-28 03:07:29 查询号码 【1826421】，返回信息 {"status":"bad","msg":""}
2021-07-28 03:07:29 查询号码 【1826421】，GSD为【""】
2021-07-28 03:07:29 bad
2021-07-28 03:07:31 CHB 1826421?1627412849 第 1 次 等待 3 秒
2021-07-28 03:07:34 CHB 1826421?1627412849 第 1 次 获取到号码【1826421】GSD
2021-07-28 03:07:34 获取到号码【1826421】的GSD为【山东-枣庄】
2021-07-28 03:07:37 GSD insert 第 1 次 等待 3 秒
2021-07-28 03:07:40 {"status":"ok","gid":420196,"msg":"添加成功！"}
2021-07-28 03:07:40 下次操作: 2021-07-28 03:08:03

2021-07-28 03:08:03 开始第 21 次操作

2021-07-28 03:08:03 开始操作号码 【1826420】
2021-07-28 03:08:12 GSD getOne 第 1 次 等待 3 秒
2021-07-28 03:08:15 查询号码 【1826420】，返回信息 {"status":"bad","msg":""}
2021-07-28 03:08:15 查询号码 【1826420】，GSD为【""】
2021-07-28 03:08:15 bad
2021-07-28 03:08:17 CHB 1826420?1627412895 第 1 次 等待 3 秒
2021-07-28 03:08:20 CHB 1826420?1627412895 第 1 次 获取到号码【1826420】GSD
2021-07-28 03:08:20 未获取到号码【1826420】GSD，查号吧 400 错误
2021-07-28 03:08:20 获取到号码【1826420】的GSD为【-】
2021-07-28 03:08:24 GSD insert 第 1 次 等待 3 秒
2021-07-28 03:08:27 {"status":"ok","gid":420206,"msg":"添加成功！"}
2021-07-28 03:08:27 下次操作: 2021-07-28 03:08:45

2021-07-28 03:08:45 开始第 22 次操作

2021-07-28 03:08:45 开始操作号码 【1826419】
2021-07-28 03:08:48 GSD getOne 第 1 次 等待 3 秒
2021-07-28 03:08:51 查询号码 【1826419】，返回信息 {"status":"bad","msg":""}
2021-07-28 03:08:51 查询号码 【1826419】，GSD为【""】
2021-07-28 03:08:51 bad
2021-07-28 03:08:52 CHB 1826419?1627412931 第 1 次 等待 3 秒
2021-07-28 03:08:55 CHB 1826419?1627412931 第 1 次 获取到号码【1826419】GSD
2021-07-28 03:08:56 获取到号码【1826419】的GSD为【山东-济南】
2021-07-28 03:08:58 GSD insert 第 1 次 等待 3 秒
2021-07-28 03:09:01 {"status":"ok","gid":420214,"msg":"添加成功！"}
2021-07-28 03:09:01 下次操作: 2021-07-28 03:09:15

2021-07-28 03:09:15 开始第 23 次操作

2021-07-28 03:09:15 开始操作号码 【1826418】
2021-07-28 03:09:18 GSD getOne 第 1 次 等待 3 秒
2021-07-28 03:09:21 查询号码 【1826418】，返回信息 {"status":"bad","msg":""}
2021-07-28 03:09:21 查询号码 【1826418】，GSD为【""】
2021-07-28 03:09:21 bad
2021-07-28 03:09:22 CHB 1826418?1627412961 第 1 次 等待 3 秒
2021-07-28 03:09:25 CHB 1826418?1627412961 第 1 次 获取到号码【1826418】GSD
2021-07-28 03:09:25 获取到号码【1826418】的GSD为【山东-济南】
2021-07-28 03:09:30 GSD insert 第 1 次 等待 3 秒
2021-07-28 03:09:33 {"status":"ok","gid":420226,"msg":"添加成功！"}
2021-07-28 03:09:33 下次操作: 2021-07-28 03:09:57

2021-07-28 03:09:57 开始第 24 次操作

2021-07-28 03:09:57 开始操作号码 【1826417】
2021-07-28 03:10:00 GSD getOne 第 1 次 等待 3 秒
2021-07-28 03:10:03 查询号码 【1826417】，返回信息 {"status":"bad","msg":""}
2021-07-28 03:10:03 查询号码 【1826417】，GSD为【""】
2021-07-28 03:10:03 bad
2021-07-28 03:10:04 CHB 1826417?1627413003 第 1 次 等待 3 秒
2021-07-28 03:10:07 CHB 1826417?1627413003 第 1 次 获取到号码【1826417】GSD
2021-07-28 03:10:08 获取到号码【1826417】的GSD为【山东-济南】
2021-07-28 03:10:10 GSD insert 第 1 次 等待 3 秒
2021-07-28 03:10:13 {"status":"ok","gid":420237,"msg":"添加成功！"}
2021-07-28 03:10:13 下次操作: 2021-07-28 03:10:28

2021-07-28 03:10:28 开始第 25 次操作

2021-07-28 03:10:28 开始操作号码 【1826416】
2021-07-28 03:10:31 GSD getOne 第 1 次 等待 3 秒
2021-07-28 03:10:34 查询号码 【1826416】，返回信息 {"status":"bad","msg":""}
2021-07-28 03:10:34 查询号码 【1826416】，GSD为【""】
2021-07-28 03:10:34 bad
2021-07-28 03:10:36 CHB 1826416?1627413034 第 1 次 等待 3 秒
2021-07-28 03:10:39 CHB 1826416?1627413034 第 1 次 获取到号码【1826416】GSD
2021-07-28 03:10:39 获取到号码【1826416】的GSD为【山东-济南】
2021-07-28 03:10:42 GSD insert 第 1 次 等待 3 秒
2021-07-28 03:10:45 {"status":"ok","gid":420246,"msg":"添加成功！"}
2021-07-28 03:10:45 下次操作: 2021-07-28 03:11:05

2021-07-28 03:11:05 开始第 26 次操作

2021-07-28 03:11:05 开始操作号码 【1826415】
2021-07-28 03:11:07 GSD getOne 第 1 次 等待 3 秒
2021-07-28 03:11:10 查询号码 【1826415】，返回信息 {"status":"ok","msg":"山东-济南","gid":"35808","time_insert":"2017-02-06 11:04","time_update":"2020-09-11 01:47"}
2021-07-28 03:11:11 查询号码 【1826415】，GSD为【"山东-济南"】

2021-07-28 03:11:11 开始第 26 次操作

2021-07-28 03:11:11 开始操作号码 【1826414】
2021-07-28 03:11:13 GSD getOne 第 1 次 等待 3 秒
2021-07-28 03:11:16 查询号码 【1826414】，返回信息 {"status":"bad","msg":""}
2021-07-28 03:11:16 查询号码 【1826414】，GSD为【""】
2021-07-28 03:11:16 bad
2021-07-28 03:11:18 CHB 1826414?1627413076 第 1 次 等待 3 秒
2021-07-28 03:11:21 CHB 1826414?1627413076 第 1 次 获取到号码【1826414】GSD
2021-07-28 03:11:21 获取到号码【1826414】的GSD为【山东-济南】
2021-07-28 03:11:24 GSD insert 第 1 次 等待 3 秒
2021-07-28 03:11:27 {"status":"ok","gid":420261,"msg":"添加成功！"}
2021-07-28 03:11:27 下次操作: 2021-07-28 03:11:51

2021-07-28 03:11:51 开始第 27 次操作

2021-07-28 03:11:51 开始操作号码 【1826413】
2021-07-28 03:11:56 GSD getOne 第 1 次 等待 3 秒
2021-07-28 03:11:59 查询号码 【1826413】，返回信息 {"status":"bad","msg":""}
2021-07-28 03:12:00 查询号码 【1826413】，GSD为【""】
2021-07-28 03:12:00 bad
2021-07-28 03:12:01 CHB 1826413?1627413120 第 1 次 等待 3 秒
2021-07-28 03:12:04 CHB 1826413?1627413120 第 1 次 获取到号码【1826413】GSD
2021-07-28 03:12:04 获取到号码【1826413】的GSD为【山东-济南】
2021-07-28 03:12:07 GSD insert 第 1 次 等待 3 秒
2021-07-28 03:12:10 {"status":"ok","gid":420271,"msg":"添加成功！"}
2021-07-28 03:12:10 下次操作: 2021-07-28 03:12:28

2021-07-28 03:12:28 开始第 28 次操作

2021-07-28 03:12:28 开始操作号码 【1826412】
2021-07-28 03:12:30 GSD getOne 第 1 次 等待 3 秒
2021-07-28 03:12:33 查询号码 【1826412】，返回信息 {"status":"bad","msg":""}
2021-07-28 03:12:34 查询号码 【1826412】，GSD为【""】
2021-07-28 03:12:34 bad
2021-07-28 03:12:35 CHB 1826412?1627413154 第 1 次 等待 3 秒
2021-07-28 03:12:38 CHB 1826412?1627413154 第 1 次 获取到号码【1826412】GSD
2021-07-28 03:12:38 获取到号码【1826412】的GSD为【山东-济南】
2021-07-28 03:12:41 GSD insert 第 1 次 等待 3 秒
2021-07-28 03:12:44 {"status":"ok","gid":420282,"msg":"添加成功！"}
2021-07-28 03:12:44 下次操作: 2021-07-28 03:12:57

2021-07-28 03:12:57 开始第 29 次操作

2021-07-28 03:12:57 开始操作号码 【1826411】
2021-07-28 03:13:00 GSD getOne 第 1 次 等待 3 秒
2021-07-28 03:13:03 查询号码 【1826411】，返回信息 {"status":"bad","msg":""}
2021-07-28 03:13:03 查询号码 【1826411】，GSD为【""】
2021-07-28 03:13:03 bad
2021-07-28 03:13:04 CHB 1826411?1627413183 第 1 次 等待 3 秒
2021-07-28 03:13:07 CHB 1826411?1627413183 第 1 次 获取到号码【1826411】GSD
2021-07-28 03:13:07 获取到号码【1826411】的GSD为【山东-济南】
2021-07-28 03:13:10 GSD insert 第 1 次 等待 3 秒
2021-07-28 03:13:13 {"status":"ok","gid":420287,"msg":"添加成功！"}
2021-07-28 03:13:13 下次操作: 2021-07-28 03:13:34

2021-07-28 03:13:34 开始第 30 次操作

2021-07-28 03:13:34 开始操作号码 【1826410】
2021-07-28 03:13:36 GSD getOne 第 1 次 等待 3 秒
2021-07-28 03:13:39 查询号码 【1826410】，返回信息 {"status":"bad","msg":""}
2021-07-28 03:13:40 查询号码 【1826410】，GSD为【""】
2021-07-28 03:13:40 bad
2021-07-28 03:13:41 CHB 1826410?1627413220 第 1 次 等待 3 秒
2021-07-28 03:13:44 CHB 1826410?1627413220 第 1 次 获取到号码【1826410】GSD
2021-07-28 03:13:44 获取到号码【1826410】的GSD为【山东-济南】
2021-07-28 03:13:47 GSD insert 第 1 次 等待 3 秒
2021-07-28 03:13:50 {"status":"ok","gid":420296,"msg":"添加成功！"}
2021-07-28 03:13:50 下次操作: 2021-07-28 03:14:14

2021-07-28 03:14:14 开始第 31 次操作

2021-07-28 03:14:14 开始操作号码 【1826409】
2021-07-28 03:14:17 GSD getOne 第 1 次 等待 3 秒
2021-07-28 03:14:20 查询号码 【1826409】，返回信息 {"status":"bad","msg":""}
2021-07-28 03:14:20 查询号码 【1826409】，GSD为【""】
2021-07-28 03:14:20 bad
2021-07-28 03:14:22 CHB 1826409?1627413260 第 1 次 等待 3 秒
2021-07-28 03:14:25 CHB 1826409?1627413260 第 1 次 获取到号码【1826409】GSD
2021-07-28 03:14:25 获取到号码【1826409】的GSD为【山东-菏泽】
2021-07-28 03:14:28 GSD insert 第 1 次 等待 3 秒
2021-07-28 03:14:31 {"status":"ok","gid":420303,"msg":"添加成功！"}
2021-07-28 03:14:31 下次操作: 2021-07-28 03:14:45

2021-07-28 03:14:45 开始第 32 次操作

2021-07-28 03:14:45 开始操作号码 【1826408】
2021-07-28 03:14:47 GSD getOne 第 1 次 等待 3 秒
2021-07-28 03:14:50 查询号码 【1826408】，返回信息 {"status":"bad","msg":""}
2021-07-28 03:14:50 查询号码 【1826408】，GSD为【""】
2021-07-28 03:14:50 bad
2021-07-28 03:14:52 CHB 1826408?1627413290 第 1 次 等待 3 秒
2021-07-28 03:14:55 CHB 1826408?1627413290 第 1 次 获取到号码【1826408】GSD
2021-07-28 03:14:55 获取到号码【1826408】的GSD为【山东-菏泽】
2021-07-28 03:14:57 GSD insert 第 1 次 等待 3 秒
2021-07-28 03:15:00 {"status":"ok","gid":420306,"msg":"添加成功！"}
2021-07-28 03:15:00 下次操作: 2021-07-28 03:15:18

2021-07-28 03:15:18 开始第 33 次操作

2021-07-28 03:15:18 开始操作号码 【1826407】
2021-07-28 03:15:21 GSD getOne 第 1 次 等待 3 秒
2021-07-28 03:15:24 查询号码 【1826407】，返回信息 {"status":"bad","msg":""}
2021-07-28 03:15:24 查询号码 【1826407】，GSD为【""】
2021-07-28 03:15:24 bad
2021-07-28 03:15:26 CHB 1826407?1627413324 第 1 次 等待 3 秒
2021-07-28 03:15:29 CHB 1826407?1627413324 第 1 次 获取到号码【1826407】GSD
2021-07-28 03:15:29 获取到号码【1826407】的GSD为【山东-菏泽】
2021-07-28 03:15:31 GSD insert 第 1 次 等待 3 秒
2021-07-28 03:15:34 {"status":"ok","gid":420311,"msg":"添加成功！"}
2021-07-28 03:15:34 下次操作: 2021-07-28 03:15:51

2021-07-28 03:15:51 开始第 34 次操作

2021-07-28 03:15:51 开始操作号码 【1826406】
2021-07-28 03:15:54 GSD getOne 第 1 次 等待 3 秒
2021-07-28 03:15:57 查询号码 【1826406】，返回信息 {"status":"bad","msg":""}
2021-07-28 03:15:57 查询号码 【1826406】，GSD为【""】
2021-07-28 03:15:57 bad
2021-07-28 03:15:59 CHB 1826406?1627413357 第 1 次 等待 3 秒
2021-07-28 03:16:02 CHB 1826406?1627413357 第 1 次 获取到号码【1826406】GSD
2021-07-28 03:16:02 获取到号码【1826406】的GSD为【山东-菏泽】
2021-07-28 03:16:04 GSD insert 第 1 次 等待 3 秒
2021-07-28 03:16:07 {"status":"ok","gid":420315,"msg":"添加成功！"}
2021-07-28 03:16:07 下次操作: 2021-07-28 03:16:30

2021-07-28 03:16:30 开始第 35 次操作

2021-07-28 03:16:30 开始操作号码 【1826405】
2021-07-28 03:16:33 GSD getOne 第 1 次 等待 3 秒
2021-07-28 03:16:36 查询号码 【1826405】，返回信息 {"status":"bad","msg":""}
2021-07-28 03:16:36 查询号码 【1826405】，GSD为【""】
2021-07-28 03:16:36 bad
2021-07-28 03:16:38 CHB 1826405?1627413396 第 1 次 等待 3 秒
2021-07-28 03:16:41 CHB 1826405?1627413396 第 1 次 获取到号码【1826405】GSD
2021-07-28 03:16:41 获取到号码【1826405】的GSD为【山东-菏泽】
2021-07-28 03:16:44 GSD insert 第 1 次 等待 3 秒
2021-07-28 03:16:47 {"status":"ok","gid":420320,"msg":"添加成功！"}
2021-07-28 03:16:47 下次操作: 2021-07-28 03:17:01

2021-07-28 03:17:01 开始第 36 次操作

2021-07-28 03:17:01 开始操作号码 【1826404】
2021-07-28 03:17:04 GSD getOne 第 1 次 等待 3 秒
2021-07-28 03:17:07 查询号码 【1826404】，返回信息 {"status":"bad","msg":""}
2021-07-28 03:17:07 查询号码 【1826404】，GSD为【""】
2021-07-28 03:17:07 bad
2021-07-28 03:17:09 CHB 1826404?1627413427 第 1 次 等待 3 秒
2021-07-28 03:17:12 CHB 1826404?1627413427 第 1 次 获取到号码【1826404】GSD
2021-07-28 03:17:12 获取到号码【1826404】的GSD为【山东-菏泽】
2021-07-28 03:17:14 GSD insert 第 1 次 等待 3 秒
2021-07-28 03:17:17 {"status":"ok","gid":420323,"msg":"添加成功！"}
2021-07-28 03:17:17 下次操作: 2021-07-28 03:17:31

2021-07-28 03:17:31 开始第 37 次操作

2021-07-28 03:17:31 开始操作号码 【1826403】
2021-07-28 03:17:34 GSD getOne 第 1 次 等待 3 秒
2021-07-28 03:17:37 查询号码 【1826403】，返回信息 {"status":"bad","msg":""}
2021-07-28 03:17:37 查询号码 【1826403】，GSD为【""】
2021-07-28 03:17:37 bad
2021-07-28 03:17:39 CHB 1826403?1627413457 第 1 次 等待 3 秒
2021-07-28 03:17:42 CHB 1826403?1627413457 第 1 次 获取到号码【1826403】GSD
2021-07-28 03:17:42 获取到号码【1826403】的GSD为【山东-菏泽】
2021-07-28 03:17:44 GSD insert 第 1 次 等待 3 秒
2021-07-28 03:17:47 {"status":"ok","gid":420327,"msg":"添加成功！"}
2021-07-28 03:17:47 下次操作: 2021-07-28 03:18:01

2021-07-28 03:18:01 开始第 38 次操作

2021-07-28 03:18:01 开始操作号码 【1826402】
2021-07-28 03:18:04 GSD getOne 第 1 次 等待 3 秒
2021-07-28 03:18:07 查询号码 【1826402】，返回信息 {"status":"bad","msg":""}
2021-07-28 03:18:07 查询号码 【1826402】，GSD为【""】
2021-07-28 03:18:07 bad
2021-07-28 03:18:09 CHB 1826402?1627413487 第 1 次 等待 3 秒
2021-07-28 03:18:12 CHB 1826402?1627413487 第 1 次 获取到号码【1826402】GSD
2021-07-28 03:18:12 获取到号码【1826402】的GSD为【山东-菏泽】
2021-07-28 03:18:14 GSD insert 第 1 次 等待 3 秒
2021-07-28 03:18:17 {"status":"ok","gid":420331,"msg":"添加成功！"}
2021-07-28 03:18:18 下次操作: 2021-07-28 03:18:31

2021-07-28 03:18:31 开始第 39 次操作

2021-07-28 03:18:31 开始操作号码 【1826401】
2021-07-28 03:18:33 GSD getOne 第 1 次 等待 3 秒
2021-07-28 03:18:36 查询号码 【1826401】，返回信息 {"status":"bad","msg":""}
2021-07-28 03:18:36 查询号码 【1826401】，GSD为【""】
2021-07-28 03:18:36 bad
2021-07-28 03:18:38 CHB 1826401?1627413516 第 1 次 等待 3 秒
2021-07-28 03:18:41 CHB 1826401?1627413516 第 1 次 获取到号码【1826401】GSD
2021-07-28 03:18:41 获取到号码【1826401】的GSD为【山东-菏泽】
2021-07-28 03:18:44 GSD insert 第 1 次 等待 3 秒
2021-07-28 03:18:47 {"status":"ok","gid":420334,"msg":"添加成功！"}
2021-07-28 03:18:47 下次操作: 2021-07-28 03:19:00

2021-07-28 03:19:00 开始第 40 次操作

2021-07-28 03:19:00 开始操作号码 【1826400】
2021-07-28 03:19:02 GSD getOne 第 1 次 等待 3 秒
2021-07-28 03:19:05 查询号码 【1826400】，返回信息 {"status":"bad","msg":""}
2021-07-28 03:19:06 查询号码 【1826400】，GSD为【""】
2021-07-28 03:19:06 bad
2021-07-28 03:19:07 CHB 1826400?1627413546 第 1 次 等待 3 秒
2021-07-28 03:19:10 CHB 1826400?1627413546 第 1 次 获取到号码【1826400】GSD
2021-07-28 03:19:10 获取到号码【1826400】的GSD为【山东-菏泽】
2021-07-28 03:19:13 GSD insert 第 1 次 等待 3 秒
2021-07-28 03:19:16 {"status":"ok","gid":420337,"msg":"添加成功！"}

2021-07-28 03:37:12 开始第 1 次操作

2021-07-28 03:37:12 开始操作号码 【1826399】
2021-07-28 03:37:15 GSD getOne 第 1 次 等待 3 秒
2021-07-28 03:37:18 查询号码 【1826399】，返回信息 {"status":"bad","msg":""}
2021-07-28 03:37:18 查询号码 【1826399】，GSD为【""】
2021-07-28 03:37:18 bad
2021-07-28 03:37:20 CHB 1826399?1627414638 第 1 次 等待 3 秒
2021-07-28 03:37:23 CHB 1826399?1627414638 第 1 次 获取到号码【1826399】GSD
2021-07-28 03:37:23 获取到号码【1826399】的GSD为【山东-临沂】
2021-07-28 03:37:25 GSD insert 第 1 次 等待 3 秒
2021-07-28 03:37:28 {"status":"ok","gid":420412,"msg":"添加成功！"}
2021-07-28 03:37:28 下次操作: 2021-07-28 03:37:44

2021-07-28 03:37:44 开始第 2 次操作

2021-07-28 03:37:44 开始操作号码 【1826398】
2021-07-28 03:37:47 GSD getOne 第 1 次 等待 3 秒
2021-07-28 03:37:50 查询号码 【1826398】，返回信息 {"status":"bad","msg":""}
2021-07-28 03:37:50 查询号码 【1826398】，GSD为【""】
2021-07-28 03:37:50 bad
2021-07-28 03:37:52 CHB 1826398?1627414670 第 1 次 等待 3 秒
2021-07-28 03:37:55 CHB 1826398?1627414670 第 1 次 获取到号码【1826398】GSD
2021-07-28 03:37:55 获取到号码【1826398】的GSD为【山东-临沂】
2021-07-28 03:37:57 GSD insert 第 1 次 等待 3 秒
2021-07-28 03:38:00 {"status":"ok","gid":420419,"msg":"添加成功！"}
2021-07-28 03:38:00 下次操作: 2021-07-28 03:38:13

2021-07-28 03:38:13 开始第 3 次操作

2021-07-28 03:38:13 开始操作号码 【1826397】
2021-07-28 03:38:16 GSD getOne 第 1 次 等待 3 秒
2021-07-28 03:38:19 查询号码 【1826397】，返回信息 {"status":"bad","msg":""}
2021-07-28 03:38:19 查询号码 【1826397】，GSD为【""】
2021-07-28 03:38:19 bad
2021-07-28 03:38:21 CHB 1826397?1627414699 第 1 次 等待 3 秒
2021-07-28 03:38:24 CHB 1826397?1627414699 第 1 次 获取到号码【1826397】GSD
2021-07-28 03:38:24 获取到号码【1826397】的GSD为【山东-临沂】
2021-07-28 03:38:26 GSD insert 第 1 次 等待 3 秒
2021-07-28 03:38:29 {"status":"ok","gid":420429,"msg":"添加成功！"}
2021-07-28 03:38:29 下次操作: 2021-07-28 03:38:44

2021-07-28 03:38:44 开始第 4 次操作

2021-07-28 03:38:44 开始操作号码 【1826396】
2021-07-28 03:38:47 GSD getOne 第 1 次 等待 3 秒
2021-07-28 03:38:50 查询号码 【1826396】，返回信息 {"status":"bad","msg":""}
2021-07-28 03:38:50 查询号码 【1826396】，GSD为【""】
2021-07-28 03:38:50 bad
2021-07-28 03:38:52 CHB 1826396?1627414730 第 1 次 等待 3 秒
2021-07-28 03:38:55 CHB 1826396?1627414730 第 1 次 获取到号码【1826396】GSD
2021-07-28 03:38:55 获取到号码【1826396】的GSD为【山东-临沂】
2021-07-28 03:38:57 GSD insert 第 1 次 等待 3 秒
2021-07-28 03:39:00 {"status":"ok","gid":420439,"msg":"添加成功！"}
2021-07-28 03:39:00 下次操作: 2021-07-28 03:39:24

2021-07-28 03:39:24 开始第 5 次操作

2021-07-28 03:39:24 开始操作号码 【1826395】
2021-07-28 03:39:27 GSD getOne 第 1 次 等待 3 秒
2021-07-28 03:39:30 查询号码 【1826395】，返回信息 {"status":"bad","msg":""}
2021-07-28 03:39:30 查询号码 【1826395】，GSD为【""】
2021-07-28 03:39:30 bad
2021-07-28 03:39:32 CHB 1826395?1627414770 第 1 次 等待 3 秒
2021-07-28 03:39:35 CHB 1826395?1627414770 第 1 次 获取到号码【1826395】GSD
2021-07-28 03:39:35 获取到号码【1826395】的GSD为【山东-临沂】
2021-07-28 03:39:37 GSD insert 第 1 次 等待 3 秒
2021-07-28 03:39:40 {"status":"ok","gid":420449,"msg":"添加成功！"}
2021-07-28 03:39:40 下次操作: 2021-07-28 03:40:03

2021-07-28 03:40:03 开始第 6 次操作

2021-07-28 03:40:03 开始操作号码 【1826394】
2021-07-28 03:40:06 GSD getOne 第 1 次 等待 3 秒
2021-07-28 03:40:09 查询号码 【1826394】，返回信息 {"status":"bad","msg":""}
2021-07-28 03:40:09 查询号码 【1826394】，GSD为【""】
2021-07-28 03:40:09 bad
2021-07-28 03:40:11 CHB 1826394?1627414809 第 1 次 等待 3 秒
2021-07-28 03:40:14 CHB 1826394?1627414809 第 1 次 获取到号码【1826394】GSD
2021-07-28 03:40:14 获取到号码【1826394】的GSD为【山东-临沂】
2021-07-28 03:40:16 GSD insert 第 1 次 等待 3 秒
2021-07-28 03:40:19 {"status":"ok","gid":420460,"msg":"添加成功！"}
2021-07-28 03:40:19 下次操作: 2021-07-28 03:40:37

2021-07-28 03:40:37 开始第 7 次操作

2021-07-28 03:40:37 开始操作号码 【1826393】
2021-07-28 03:40:43 GSD getOne 第 1 次 等待 3 秒
2021-07-28 03:40:46 查询号码 【1826393】，返回信息 {"status":"bad","msg":""}
2021-07-28 03:40:46 查询号码 【1826393】，GSD为【""】
2021-07-28 03:40:46 bad
2021-07-28 03:40:47 CHB 1826393?1627414846 第 1 次 等待 3 秒
2021-07-28 03:40:51 CHB 1826393?1627414846 第 1 次 获取到号码【1826393】GSD
2021-07-28 03:40:51 获取到号码【1826393】的GSD为【山东-临沂】
2021-07-28 03:40:53 GSD insert 第 1 次 等待 3 秒
2021-07-28 03:40:56 {"status":"ok","gid":420470,"msg":"添加成功！"}
2021-07-28 03:40:56 下次操作: 2021-07-28 03:41:14

2021-07-28 03:41:14 开始第 8 次操作

2021-07-28 03:41:14 开始操作号码 【1826392】
2021-07-28 03:41:17 GSD getOne 第 1 次 等待 3 秒
2021-07-28 03:41:20 查询号码 【1826392】，返回信息 {"status":"bad","msg":""}
2021-07-28 03:41:20 查询号码 【1826392】，GSD为【""】
2021-07-28 03:41:20 bad
2021-07-28 03:41:22 CHB 1826392?1627414880 第 1 次 等待 3 秒
2021-07-28 03:41:25 CHB 1826392?1627414880 第 1 次 获取到号码【1826392】GSD
2021-07-28 03:41:25 获取到号码【1826392】的GSD为【山东-临沂】
2021-07-28 03:41:27 GSD insert 第 1 次 等待 3 秒
2021-07-28 03:41:30 {"status":"ok","gid":420480,"msg":"添加成功！"}
2021-07-28 03:41:30 下次操作: 2021-07-28 03:41:50

2021-07-28 03:41:50 开始第 9 次操作

2021-07-28 03:41:50 开始操作号码 【1826391】
2021-07-28 03:41:53 GSD getOne 第 1 次 等待 3 秒
2021-07-28 03:41:56 查询号码 【1826391】，返回信息 {"status":"bad","msg":""}
2021-07-28 03:41:56 查询号码 【1826391】，GSD为【""】
2021-07-28 03:41:56 bad
2021-07-28 03:41:58 CHB 1826391?1627414916 第 1 次 等待 3 秒
2021-07-28 03:42:01 CHB 1826391?1627414916 第 1 次 获取到号码【1826391】GSD
2021-07-28 03:42:01 获取到号码【1826391】的GSD为【山东-临沂】
2021-07-28 03:42:03 GSD insert 第 1 次 等待 3 秒
2021-07-28 03:42:06 {"status":"ok","gid":420491,"msg":"添加成功！"}
2021-07-28 03:42:06 下次操作: 2021-07-28 03:42:21

2021-07-28 03:42:21 开始第 10 次操作

2021-07-28 03:42:21 开始操作号码 【1826390】
2021-07-28 03:42:24 GSD getOne 第 1 次 等待 3 秒
2021-07-28 03:42:27 查询号码 【1826390】，返回信息 {"status":"bad","msg":""}
2021-07-28 03:42:27 查询号码 【1826390】，GSD为【""】
2021-07-28 03:42:27 bad
2021-07-28 03:42:28 CHB 1826390?1627414947 第 1 次 等待 3 秒
2021-07-28 03:42:31 CHB 1826390?1627414947 第 1 次 获取到号码【1826390】GSD
2021-07-28 03:42:31 获取到号码【1826390】的GSD为【山东-临沂】
2021-07-28 03:42:34 GSD insert 第 1 次 等待 3 秒
2021-07-28 03:42:37 {"status":"ok","gid":420500,"msg":"添加成功！"}
2021-07-28 03:42:37 下次操作: 2021-07-28 03:42:58

2021-07-28 03:42:58 开始第 11 次操作

2021-07-28 03:42:58 开始操作号码 【1826389】
2021-07-28 03:43:01 GSD getOne 第 1 次 等待 3 秒
2021-07-28 03:43:04 查询号码 【1826389】，返回信息 {"status":"bad","msg":""}
2021-07-28 03:43:04 查询号码 【1826389】，GSD为【""】
2021-07-28 03:43:04 bad
2021-07-28 03:43:05 CHB 1826389?1627414984 第 1 次 等待 3 秒
2021-07-28 03:43:08 CHB 1826389?1627414984 第 1 次 获取到号码【1826389】GSD
2021-07-28 03:43:08 获取到号码【1826389】的GSD为【山东-泰安】
2021-07-28 03:43:11 GSD insert 第 1 次 等待 3 秒
2021-07-28 03:43:14 {"status":"ok","gid":420509,"msg":"添加成功！"}
2021-07-28 03:43:14 下次操作: 2021-07-28 03:43:28

2021-07-28 03:43:28 开始第 12 次操作

2021-07-28 03:43:28 开始操作号码 【1826388】
2021-07-28 03:43:34 GSD getOne 第 1 次 等待 3 秒
2021-07-28 03:43:37 查询号码 【1826388】，返回信息 {"status":"bad","msg":""}
2021-07-28 03:43:37 查询号码 【1826388】，GSD为【""】
2021-07-28 03:43:37 bad
2021-07-28 03:43:39 CHB 1826388?1627415017 第 1 次 等待 3 秒
2021-07-28 03:43:42 CHB 1826388?1627415017 第 1 次 获取到号码【1826388】GSD
2021-07-28 03:43:42 获取到号码【1826388】的GSD为【山东-泰安】
2021-07-28 03:43:44 GSD insert 第 1 次 等待 3 秒
2021-07-28 03:43:47 {"status":"ok","gid":420520,"msg":"添加成功！"}
2021-07-28 03:43:47 下次操作: 2021-07-28 03:44:09

2021-07-28 03:44:09 开始第 13 次操作

2021-07-28 03:44:09 开始操作号码 【1826387】
2021-07-28 03:44:12 GSD getOne 第 1 次 等待 3 秒
2021-07-28 03:44:15 查询号码 【1826387】，返回信息 {"status":"bad","msg":""}
2021-07-28 03:44:15 查询号码 【1826387】，GSD为【""】
2021-07-28 03:44:15 bad
2021-07-28 03:44:17 CHB 1826387?1627415055 第 1 次 等待 3 秒
2021-07-28 03:44:20 CHB 1826387?1627415055 第 1 次 获取到号码【1826387】GSD
2021-07-28 03:44:20 获取到号码【1826387】的GSD为【山东-泰安】
2021-07-28 03:44:22 GSD insert 第 1 次 等待 3 秒
2021-07-28 03:44:25 {"status":"ok","gid":420532,"msg":"添加成功！"}
2021-07-28 03:44:25 下次操作: 2021-07-28 03:44:41

2021-07-28 03:44:41 开始第 14 次操作

2021-07-28 03:44:41 开始操作号码 【1826386】
2021-07-28 03:44:44 GSD getOne 第 1 次 等待 3 秒
2021-07-28 03:44:47 查询号码 【1826386】，返回信息 {"status":"bad","msg":""}
2021-07-28 03:44:47 查询号码 【1826386】，GSD为【""】
2021-07-28 03:44:47 bad
2021-07-28 03:44:49 CHB 1826386?1627415087 第 1 次 等待 3 秒
2021-07-28 03:44:52 CHB 1826386?1627415087 第 1 次 获取到号码【1826386】GSD
2021-07-28 03:44:52 获取到号码【1826386】的GSD为【山东-泰安】
2021-07-28 03:44:54 GSD insert 第 1 次 等待 3 秒
2021-07-28 03:44:57 {"status":"ok","gid":420539,"msg":"添加成功！"}
2021-07-28 03:44:57 下次操作: 2021-07-28 03:45:15

2021-07-28 03:45:15 开始第 15 次操作

2021-07-28 03:45:15 开始操作号码 【1826385】
2021-07-28 03:45:18 GSD getOne 第 1 次 等待 3 秒
2021-07-28 03:45:21 查询号码 【1826385】，返回信息 {"status":"bad","msg":""}
2021-07-28 03:45:21 查询号码 【1826385】，GSD为【""】
2021-07-28 03:45:21 bad
2021-07-28 03:45:23 CHB 1826385?1627415121 第 1 次 等待 3 秒
2021-07-28 03:45:26 CHB 1826385?1627415121 第 1 次 获取到号码【1826385】GSD
2021-07-28 03:45:26 获取到号码【1826385】的GSD为【山东-泰安】
2021-07-28 03:45:29 GSD insert 第 1 次 等待 3 秒
2021-07-28 03:45:32 {"status":"ok","gid":420551,"msg":"添加成功！"}
2021-07-28 03:45:32 下次操作: 2021-07-28 03:45:56

2021-07-28 03:45:56 开始第 16 次操作

2021-07-28 03:45:56 开始操作号码 【1826384】
2021-07-28 03:46:05 GSD getOne 第 1 次 等待 3 秒
2021-07-28 03:46:08 查询号码 【1826384】，返回信息 {"status":"bad","msg":""}
2021-07-28 03:46:08 查询号码 【1826384】，GSD为【""】
2021-07-28 03:46:08 bad
2021-07-28 03:46:10 CHB 1826384?1627415168 第 1 次 等待 3 秒
2021-07-28 03:46:13 CHB 1826384?1627415168 第 1 次 获取到号码【1826384】GSD
2021-07-28 03:46:13 获取到号码【1826384】的GSD为【山东-泰安】
2021-07-28 03:46:17 GSD insert 第 1 次 等待 3 秒
2021-07-28 03:46:20 {"status":"ok","gid":420561,"msg":"添加成功！"}
2021-07-28 03:46:20 下次操作: 2021-07-28 03:46:41

2021-07-28 03:46:41 开始第 17 次操作

2021-07-28 03:46:41 开始操作号码 【1826383】
2021-07-28 03:46:44 GSD getOne 第 1 次 等待 3 秒
2021-07-28 03:46:47 查询号码 【1826383】，返回信息 {"status":"bad","msg":""}
2021-07-28 03:46:47 查询号码 【1826383】，GSD为【""】
2021-07-28 03:46:47 bad
2021-07-28 03:46:48 CHB 1826383?1627415207 第 1 次 等待 3 秒
2021-07-28 03:46:51 CHB 1826383?1627415207 第 1 次 获取到号码【1826383】GSD
2021-07-28 03:46:51 获取到号码【1826383】的GSD为【山东-泰安】
2021-07-28 03:46:54 GSD insert 第 1 次 等待 3 秒
2021-07-28 03:46:57 {"status":"ok","gid":420575,"msg":"添加成功！"}
2021-07-28 03:46:57 下次操作: 2021-07-28 03:47:09

2021-07-28 03:47:09 开始第 18 次操作

2021-07-28 03:47:09 开始操作号码 【1826382】
2021-07-28 03:47:12 GSD getOne 第 1 次 等待 3 秒
2021-07-28 03:47:15 查询号码 【1826382】，返回信息 {"status":"bad","msg":""}
2021-07-28 03:47:15 查询号码 【1826382】，GSD为【""】
2021-07-28 03:47:15 bad
2021-07-28 03:47:16 CHB 1826382?1627415235 第 1 次 等待 3 秒
2021-07-28 03:47:19 CHB 1826382?1627415235 第 1 次 获取到号码【1826382】GSD
2021-07-28 03:47:19 获取到号码【1826382】的GSD为【山东-泰安】
2021-07-28 03:47:22 GSD insert 第 1 次 等待 3 秒
2021-07-28 03:47:25 {"status":"ok","gid":420583,"msg":"添加成功！"}
2021-07-28 03:47:25 下次操作: 2021-07-28 03:47:40

2021-07-28 03:47:40 开始第 19 次操作

2021-07-28 03:47:40 开始操作号码 【1826381】
2021-07-28 03:47:43 GSD getOne 第 1 次 等待 3 秒
2021-07-28 03:47:46 查询号码 【1826381】，返回信息 {"status":"bad","msg":""}
2021-07-28 03:47:46 查询号码 【1826381】，GSD为【""】
2021-07-28 03:47:46 bad
2021-07-28 03:47:47 CHB 1826381?1627415266 第 1 次 等待 3 秒
2021-07-28 03:47:50 CHB 1826381?1627415266 第 1 次 获取到号码【1826381】GSD
2021-07-28 03:47:50 获取到号码【1826381】的GSD为【山东-泰安】
2021-07-28 03:47:53 GSD insert 第 1 次 等待 3 秒
2021-07-28 03:47:56 {"status":"ok","gid":420593,"msg":"添加成功！"}
2021-07-28 03:47:56 下次操作: 2021-07-28 03:48:13

2021-07-28 03:48:13 开始第 20 次操作

2021-07-28 03:48:13 开始操作号码 【1826380】
2021-07-28 03:48:16 GSD getOne 第 1 次 等待 3 秒
2021-07-28 03:48:19 查询号码 【1826380】，返回信息 {"status":"bad","msg":""}
2021-07-28 03:48:19 查询号码 【1826380】，GSD为【""】
2021-07-28 03:48:19 bad
2021-07-28 03:48:20 CHB 1826380?1627415299 第 1 次 等待 3 秒
2021-07-28 03:48:23 CHB 1826380?1627415299 第 1 次 获取到号码【1826380】GSD
2021-07-28 03:48:23 获取到号码【1826380】的GSD为【山东-泰安】
2021-07-28 03:48:26 GSD insert 第 1 次 等待 3 秒
2021-07-28 03:48:29 {"status":"ok","gid":420604,"msg":"添加成功！"}
2021-07-28 03:48:29 下次操作: 2021-07-28 03:48:47

2021-07-28 03:48:47 开始第 21 次操作

2021-07-28 03:48:47 开始操作号码 【1826379】
2021-07-28 03:48:50 GSD getOne 第 1 次 等待 3 秒
2021-07-28 03:48:53 查询号码 【1826379】，返回信息 {"status":"bad","msg":""}
2021-07-28 03:48:53 查询号码 【1826379】，GSD为【""】
2021-07-28 03:48:53 bad
2021-07-28 03:48:54 CHB 1826379?1627415333 第 1 次 等待 3 秒
2021-07-28 03:48:57 CHB 1826379?1627415333 第 1 次 获取到号码【1826379】GSD
2021-07-28 03:48:57 获取到号码【1826379】的GSD为【山东-枣庄】
2021-07-28 03:49:00 GSD insert 第 1 次 等待 3 秒
2021-07-28 03:49:03 {"status":"ok","gid":420614,"msg":"添加成功！"}
2021-07-28 03:49:03 下次操作: 2021-07-28 03:49:17

2021-07-28 03:49:17 开始第 22 次操作

2021-07-28 03:49:17 开始操作号码 【1826378】
2021-07-28 03:49:20 GSD getOne 第 1 次 等待 3 秒
2021-07-28 03:49:23 查询号码 【1826378】，返回信息 {"status":"bad","msg":""}
2021-07-28 03:49:23 查询号码 【1826378】，GSD为【""】
2021-07-28 03:49:23 bad
2021-07-28 03:49:24 CHB 1826378?1627415363 第 1 次 等待 3 秒
2021-07-28 03:49:27 CHB 1826378?1627415363 第 1 次 获取到号码【1826378】GSD
2021-07-28 03:49:27 获取到号码【1826378】的GSD为【山东-枣庄】
2021-07-28 03:49:30 GSD insert 第 1 次 等待 3 秒
2021-07-28 03:49:33 {"status":"ok","gid":420622,"msg":"添加成功！"}
2021-07-28 03:49:33 下次操作: 2021-07-28 03:49:45

2021-07-28 03:49:45 开始第 23 次操作

2021-07-28 03:49:45 开始操作号码 【1826377】
2021-07-28 03:49:47 GSD getOne 第 1 次 等待 3 秒
2021-07-28 03:49:50 查询号码 【1826377】，返回信息 {"status":"bad","msg":""}
2021-07-28 03:49:51 查询号码 【1826377】，GSD为【""】
2021-07-28 03:49:51 bad
2021-07-28 03:49:52 CHB 1826377?1627415391 第 1 次 等待 3 秒
2021-07-28 03:49:55 CHB 1826377?1627415391 第 1 次 获取到号码【1826377】GSD
2021-07-28 03:49:55 获取到号码【1826377】的GSD为【山东-枣庄】
2021-07-28 03:49:58 GSD insert 第 1 次 等待 3 秒
2021-07-28 03:50:01 {"status":"ok","gid":420631,"msg":"添加成功！"}
2021-07-28 03:50:01 下次操作: 2021-07-28 03:50:23

2021-07-28 03:50:23 开始第 24 次操作

2021-07-28 03:50:23 开始操作号码 【1826376】
2021-07-28 03:50:26 GSD getOne 第 1 次 等待 3 秒
2021-07-28 03:50:29 查询号码 【1826376】，返回信息 {"status":"bad","msg":""}
2021-07-28 03:50:29 查询号码 【1826376】，GSD为【""】
2021-07-28 03:50:29 bad
2021-07-28 03:50:31 CHB 1826376?1627415429 第 1 次 等待 3 秒
2021-07-28 03:50:34 CHB 1826376?1627415429 第 1 次 获取到号码【1826376】GSD
2021-07-28 03:50:34 获取到号码【1826376】的GSD为【山东-枣庄】
2021-07-28 03:50:38 GSD insert 第 1 次 等待 3 秒
2021-07-28 03:50:41 {"status":"ok","gid":420640,"msg":"添加成功！"}
2021-07-28 03:50:41 下次操作: 2021-07-28 03:50:59

2021-07-28 03:50:59 开始第 25 次操作

2021-07-28 03:50:59 开始操作号码 【1826375】
2021-07-28 03:51:02 GSD getOne 第 1 次 等待 3 秒
2021-07-28 03:51:05 查询号码 【1826375】，返回信息 {"status":"bad","msg":""}
2021-07-28 03:51:05 查询号码 【1826375】，GSD为【""】
2021-07-28 03:51:05 bad
2021-07-28 03:51:07 CHB 1826375?1627415465 第 1 次 等待 3 秒
2021-07-28 03:51:10 CHB 1826375?1627415465 第 1 次 获取到号码【1826375】GSD
2021-07-28 03:51:10 获取到号码【1826375】的GSD为【山东-枣庄】
2021-07-28 03:51:15 GSD insert 第 1 次 等待 3 秒
2021-07-28 03:51:18 {"status":"ok","gid":420650,"msg":"添加成功！"}
2021-07-28 03:51:18 下次操作: 2021-07-28 03:51:38

2021-07-28 03:51:38 开始第 26 次操作

2021-07-28 03:51:38 开始操作号码 【1826374】
2021-07-28 03:51:40 GSD getOne 第 1 次 等待 3 秒
2021-07-28 03:51:43 查询号码 【1826374】，返回信息 {"status":"bad","msg":""}
2021-07-28 03:51:43 查询号码 【1826374】，GSD为【""】
2021-07-28 03:51:43 bad
2021-07-28 03:51:45 CHB 1826374?1627415503 第 1 次 等待 3 秒
2021-07-28 03:51:48 CHB 1826374?1627415503 第 1 次 获取到号码【1826374】GSD
2021-07-28 03:51:48 获取到号码【1826374】的GSD为【山东-枣庄】
2021-07-28 03:51:50 GSD insert 第 1 次 等待 3 秒
2021-07-28 03:51:53 {"status":"ok","gid":420662,"msg":"添加成功！"}
2021-07-28 03:51:53 下次操作: 2021-07-28 03:52:11

2021-07-28 03:52:11 开始第 27 次操作

2021-07-28 03:52:11 开始操作号码 【1826373】
2021-07-28 03:52:14 GSD getOne 第 1 次 等待 3 秒
2021-07-28 03:52:17 查询号码 【1826373】，返回信息 {"status":"bad","msg":""}
2021-07-28 03:52:17 查询号码 【1826373】，GSD为【""】
2021-07-28 03:52:17 bad
2021-07-28 03:52:19 CHB 1826373?1627415537 第 1 次 等待 3 秒
2021-07-28 03:52:22 CHB 1826373?1627415537 第 1 次 获取到号码【1826373】GSD
2021-07-28 03:52:22 获取到号码【1826373】的GSD为【山东-枣庄】
2021-07-28 03:52:24 GSD insert 第 1 次 等待 3 秒
2021-07-28 03:52:28 {"status":"ok","gid":420670,"msg":"添加成功！"}
2021-07-28 03:52:28 下次操作: 2021-07-28 03:52:43

2021-07-28 03:52:43 开始第 28 次操作

2021-07-28 03:52:43 开始操作号码 【1826372】
2021-07-28 03:52:45 GSD getOne 第 1 次 等待 3 秒
2021-07-28 03:52:48 查询号码 【1826372】，返回信息 {"status":"bad","msg":""}
2021-07-28 03:52:48 查询号码 【1826372】，GSD为【""】
2021-07-28 03:52:48 bad
2021-07-28 03:52:50 CHB 1826372?1627415568 第 1 次 等待 3 秒
2021-07-28 03:52:53 CHB 1826372?1627415568 第 1 次 获取到号码【1826372】GSD
2021-07-28 03:52:53 获取到号码【1826372】的GSD为【山东-枣庄】
2021-07-28 03:52:57 GSD insert 第 1 次 等待 3 秒
2021-07-28 03:53:00 {"status":"ok","gid":420683,"msg":"添加成功！"}
2021-07-28 03:53:00 下次操作: 2021-07-28 03:53:21

2021-07-28 03:53:21 开始第 29 次操作

2021-07-28 03:53:21 开始操作号码 【1826371】
2021-07-28 03:53:24 GSD getOne 第 1 次 等待 3 秒
2021-07-28 03:53:27 查询号码 【1826371】，返回信息 {"status":"bad","msg":""}
2021-07-28 03:53:27 查询号码 【1826371】，GSD为【""】
2021-07-28 03:53:27 bad
2021-07-28 03:53:28 CHB 1826371?1627415607 第 1 次 等待 3 秒
2021-07-28 03:53:31 CHB 1826371?1627415607 第 1 次 获取到号码【1826371】GSD
2021-07-28 03:53:31 获取到号码【1826371】的GSD为【山东-枣庄】
2021-07-28 03:53:36 GSD insert 第 1 次 等待 3 秒
2021-07-28 03:53:39 {"status":"ok","gid":420694,"msg":"添加成功！"}
2021-07-28 03:53:39 下次操作: 2021-07-28 03:53:57

2021-07-28 03:53:57 开始第 30 次操作

2021-07-28 03:53:57 开始操作号码 【1826370】
2021-07-28 03:54:00 GSD getOne 第 1 次 等待 3 秒
2021-07-28 03:54:03 查询号码 【1826370】，返回信息 {"status":"bad","msg":""}
2021-07-28 03:54:03 查询号码 【1826370】，GSD为【""】
2021-07-28 03:54:03 bad
2021-07-28 03:54:04 CHB 1826370?1627415643 第 1 次 等待 3 秒
2021-07-28 03:54:07 CHB 1826370?1627415643 第 1 次 获取到号码【1826370】GSD
2021-07-28 03:54:07 获取到号码【1826370】的GSD为【山东-枣庄】
2021-07-28 03:54:10 GSD insert 第 1 次 等待 3 秒
2021-07-28 03:54:13 {"status":"ok","gid":420703,"msg":"添加成功！"}
2021-07-28 03:54:13 下次操作: 2021-07-28 03:54:34

2021-07-28 03:54:34 开始第 31 次操作

2021-07-28 03:54:34 开始操作号码 【1826369】
2021-07-28 03:54:37 GSD getOne 第 1 次 等待 3 秒
2021-07-28 03:54:40 查询号码 【1826369】，返回信息 {"status":"bad","msg":""}
2021-07-28 03:54:40 查询号码 【1826369】，GSD为【""】
2021-07-28 03:54:40 bad
2021-07-28 03:54:41 CHB 1826369?1627415680 第 1 次 等待 3 秒
2021-07-28 03:54:44 CHB 1826369?1627415680 第 1 次 获取到号码【1826369】GSD
2021-07-28 03:54:44 获取到号码【1826369】的GSD为【山东-潍坊】
2021-07-28 03:54:47 GSD insert 第 1 次 等待 3 秒
2021-07-28 03:54:50 {"status":"ok","gid":420712,"msg":"添加成功！"}
2021-07-28 03:54:50 下次操作: 2021-07-28 03:55:09

2021-07-28 03:55:09 开始第 32 次操作

2021-07-28 03:55:09 开始操作号码 【1826368】
2021-07-28 03:55:12 GSD getOne 第 1 次 等待 3 秒
2021-07-28 03:55:15 查询号码 【1826368】，返回信息 {"status":"bad","msg":""}
2021-07-28 03:55:15 查询号码 【1826368】，GSD为【""】
2021-07-28 03:55:15 bad
2021-07-28 03:55:16 CHB 1826368?1627415715 第 1 次 等待 3 秒
2021-07-28 03:55:19 CHB 1826368?1627415715 第 1 次 获取到号码【1826368】GSD
2021-07-28 03:55:19 获取到号码【1826368】的GSD为【山东-潍坊】
2021-07-28 03:55:22 GSD insert 第 1 次 等待 3 秒
2021-07-28 03:55:25 {"status":"ok","gid":420721,"msg":"添加成功！"}
2021-07-28 03:55:25 下次操作: 2021-07-28 03:55:45

2021-07-28 03:55:45 开始第 33 次操作

2021-07-28 03:55:45 开始操作号码 【1826367】
2021-07-28 03:55:48 GSD getOne 第 1 次 等待 3 秒
2021-07-28 03:55:51 查询号码 【1826367】，返回信息 {"status":"bad","msg":""}
2021-07-28 03:55:51 查询号码 【1826367】，GSD为【""】
2021-07-28 03:55:51 bad
2021-07-28 03:55:52 CHB 1826367?1627415751 第 1 次 等待 3 秒
2021-07-28 03:55:55 CHB 1826367?1627415751 第 1 次 获取到号码【1826367】GSD
2021-07-28 03:55:55 获取到号码【1826367】的GSD为【山东-潍坊】
2021-07-28 03:55:58 GSD insert 第 1 次 等待 3 秒
2021-07-28 03:56:01 {"status":"ok","gid":420731,"msg":"添加成功！"}
2021-07-28 03:56:01 下次操作: 2021-07-28 03:56:21

2021-07-28 03:56:21 开始第 34 次操作

2021-07-28 03:56:21 开始操作号码 【1826366】
2021-07-28 03:56:24 GSD getOne 第 1 次 等待 3 秒
2021-07-28 03:56:27 查询号码 【1826366】，返回信息 {"status":"bad","msg":""}
2021-07-28 03:56:27 查询号码 【1826366】，GSD为【""】
2021-07-28 03:56:27 bad
2021-07-28 03:56:29 CHB 1826366?1627415787 第 1 次 等待 3 秒
2021-07-28 03:56:32 CHB 1826366?1627415787 第 1 次 获取到号码【1826366】GSD
2021-07-28 03:56:32 获取到号码【1826366】的GSD为【山东-潍坊】
2021-07-28 03:56:35 GSD insert 第 1 次 等待 3 秒
2021-07-28 03:56:38 {"status":"ok","gid":420742,"msg":"添加成功！"}
2021-07-28 03:56:38 下次操作: 2021-07-28 03:57:01

2021-07-28 03:57:01 开始第 35 次操作

2021-07-28 03:57:01 开始操作号码 【1826365】
2021-07-28 03:57:04 GSD getOne 第 1 次 等待 3 秒
2021-07-28 03:57:07 查询号码 【1826365】，返回信息 {"status":"bad","msg":""}
2021-07-28 03:57:07 查询号码 【1826365】，GSD为【""】
2021-07-28 03:57:07 bad
2021-07-28 03:57:09 CHB 1826365?1627415827 第 1 次 等待 3 秒
2021-07-28 03:57:12 CHB 1826365?1627415827 第 1 次 获取到号码【1826365】GSD
2021-07-28 03:57:12 获取到号码【1826365】的GSD为【山东-潍坊】
2021-07-28 03:57:15 GSD insert 第 1 次 等待 3 秒
2021-07-28 03:57:18 {"status":"ok","gid":420750,"msg":"添加成功！"}
2021-07-28 03:57:18 下次操作: 2021-07-28 03:57:40

2021-07-28 03:57:40 开始第 36 次操作

2021-07-28 03:57:40 开始操作号码 【1826364】
2021-07-28 03:57:43 GSD getOne 第 1 次 等待 3 秒
2021-07-28 03:57:46 查询号码 【1826364】，返回信息 {"status":"bad","msg":""}
2021-07-28 03:57:46 查询号码 【1826364】，GSD为【""】
2021-07-28 03:57:46 bad
2021-07-28 03:57:47 CHB 1826364?1627415866 第 1 次 等待 3 秒
2021-07-28 03:57:50 CHB 1826364?1627415866 第 1 次 获取到号码【1826364】GSD
2021-07-28 03:57:50 获取到号码【1826364】的GSD为【山东-潍坊】
2021-07-28 03:57:54 GSD insert 第 1 次 等待 3 秒
2021-07-28 03:57:57 {"status":"ok","gid":420760,"msg":"添加成功！"}
2021-07-28 03:57:57 下次操作: 2021-07-28 03:58:09

2021-07-28 03:58:09 开始第 37 次操作

2021-07-28 03:58:09 开始操作号码 【1826363】
2021-07-28 03:58:11 GSD getOne 第 1 次 等待 3 秒
2021-07-28 03:58:14 查询号码 【1826363】，返回信息 {"status":"ok","msg":"山东-潍坊","gid":"35807","time_insert":"2018-01-23 22:04","time_update":"2020-09-11 02:37"}
2021-07-28 03:58:14 查询号码 【1826363】，GSD为【"山东-潍坊"】

2021-07-28 03:58:14 开始第 37 次操作

2021-07-28 03:58:14 开始操作号码 【1826362】
2021-07-28 03:58:17 GSD getOne 第 1 次 等待 3 秒
2021-07-28 03:58:20 查询号码 【1826362】，返回信息 {"status":"bad","msg":""}
2021-07-28 03:58:20 查询号码 【1826362】，GSD为【""】
2021-07-28 03:58:20 bad
2021-07-28 03:58:22 CHB 1826362?1627415900 第 1 次 等待 3 秒
2021-07-28 03:58:25 CHB 1826362?1627415900 第 1 次 获取到号码【1826362】GSD
2021-07-28 03:58:25 获取到号码【1826362】的GSD为【山东-潍坊】
2021-07-28 03:58:28 GSD insert 第 1 次 等待 3 秒
2021-07-28 03:58:31 {"status":"ok","gid":420769,"msg":"添加成功！"}
2021-07-28 03:58:31 下次操作: 2021-07-28 03:58:47

2021-07-28 03:58:47 开始第 38 次操作

2021-07-28 03:58:47 开始操作号码 【1826361】
2021-07-28 03:58:50 GSD getOne 第 1 次 等待 3 秒
2021-07-28 03:58:53 查询号码 【1826361】，返回信息 {"status":"bad","msg":""}
2021-07-28 03:58:53 查询号码 【1826361】，GSD为【""】
2021-07-28 03:58:53 bad
2021-07-28 03:58:54 CHB 1826361?1627415933 第 1 次 等待 3 秒
2021-07-28 03:58:57 CHB 1826361?1627415933 第 1 次 获取到号码【1826361】GSD
2021-07-28 03:58:58 获取到号码【1826361】的GSD为【山东-潍坊】
2021-07-28 03:59:00 GSD insert 第 1 次 等待 3 秒
2021-07-28 03:59:03 {"status":"ok","gid":420775,"msg":"添加成功！"}
2021-07-28 03:59:03 下次操作: 2021-07-28 03:59:22

2021-07-28 03:59:22 开始第 39 次操作

2021-07-28 03:59:22 开始操作号码 【1826360】
2021-07-28 03:59:25 GSD getOne 第 1 次 等待 3 秒
2021-07-28 03:59:28 查询号码 【1826360】，返回信息 {"status":"bad","msg":""}
2021-07-28 03:59:28 查询号码 【1826360】，GSD为【""】
2021-07-28 03:59:28 bad
2021-07-28 03:59:30 CHB 1826360?1627415968 第 1 次 等待 3 秒
2021-07-28 03:59:33 CHB 1826360?1627415968 第 1 次 获取到号码【1826360】GSD
2021-07-28 03:59:33 获取到号码【1826360】的GSD为【山东-潍坊】
2021-07-28 03:59:35 GSD insert 第 1 次 等待 3 秒
2021-07-28 03:59:38 {"status":"ok","gid":420783,"msg":"添加成功！"}
2021-07-28 03:59:38 下次操作: 2021-07-28 03:59:52

2021-07-28 03:59:52 开始第 40 次操作

2021-07-28 03:59:52 开始操作号码 【1826359】
2021-07-28 03:59:55 GSD getOne 第 1 次 等待 3 秒
2021-07-28 03:59:58 查询号码 【1826359】，返回信息 {"status":"bad","msg":""}
2021-07-28 03:59:58 查询号码 【1826359】，GSD为【""】
2021-07-28 03:59:58 bad
2021-07-28 03:59:59 CHB 1826359?1627415998 第 1 次 等待 3 秒
2021-07-28 04:00:02 CHB 1826359?1627415998 第 1 次 获取到号码【1826359】GSD
2021-07-28 04:00:02 获取到号码【1826359】的GSD为【山东-聊城】
2021-07-28 04:00:05 GSD insert 第 1 次 等待 3 秒
2021-07-28 04:00:08 {"status":"ok","gid":420792,"msg":"添加成功！"}

