2024-04-27 00:22:03 开始第 5697 次操作

2024-04-27 00:22:03 开始操作号码 【1615614】
2024-04-27 00:22:13 GSD getOne 第 1 次 等待 3 秒
2024-04-27 00:22:16 查询号码 【1615614】，返回信息 {"status":"ok","msg":"-","gid":"636454","time_insert":"2023-04-05 16:47"}
2024-04-27 00:22:16 查询号码 【1615614】，GSD为【"-"】
2024-04-27 00:22:16 ok && -
2024-04-27 00:22:18 CHB 1615614?1714148536 第 1 次 等待 3 秒
2024-04-27 00:22:21 CHB 1615614?1714148536 第 1 次 获取到号码【1615614】GSD
2024-04-27 00:22:21 未获取到号码【1615614】GSD，可能号码格式错误
2024-04-27 00:22:21 获取到号码【1615614】的GSD为【-】
2024-04-27 00:22:34 GSD insert 第 1 次 等待 3 秒
2024-04-27 00:22:37 {"status":"bad","gid":"636454","msg":"添加失败！号码【1615614(-|-)】已存在！"}
2024-04-27 00:22:37 随机等待 191 秒，约 3 分钟
2024-04-27 00:22:37 下次操作: 2024-04-27 00:25:48

2024-04-27 00:25:48 开始第 5698 次操作

2024-04-27 00:25:48 开始操作号码 【1615615】
2024-04-27 00:25:54 GSD getOne 第 1 次 等待 3 秒
2024-04-27 00:25:57 查询号码 【1615615】，返回信息 {"status":"ok","msg":"-","gid":"636480","time_insert":"2023-04-05 17:04"}
2024-04-27 00:25:57 查询号码 【1615615】，GSD为【"-"】
2024-04-27 00:25:57 ok && -
2024-04-27 00:26:00 CHB 1615615?1714148757 第 1 次 等待 3 秒
2024-04-27 00:26:03 CHB 1615615?1714148757 第 1 次 获取到号码【1615615】GSD
2024-04-27 00:26:03 未获取到号码【1615615】GSD，可能号码格式错误
2024-04-27 00:26:03 获取到号码【1615615】的GSD为【-】
2024-04-27 00:26:10 GSD insert 第 1 次 等待 3 秒
2024-04-27 00:26:13 {"status":"bad","gid":"636480","msg":"添加失败！号码【1615615(-|-)】已存在！"}
2024-04-27 00:26:13 随机等待 105 秒，约 1 分钟
2024-04-27 00:26:13 下次操作: 2024-04-27 00:27:58

2024-04-27 00:27:58 开始第 5699 次操作

2024-04-27 00:27:58 开始操作号码 【1615616】
2024-04-27 00:28:08 GSD getOne 第 1 次 等待 3 秒
2024-04-27 00:28:11 查询号码 【1615616】，返回信息 {"status":"ok","msg":"-","gid":"636500","time_insert":"2023-04-05 17:18"}
2024-04-27 00:28:11 查询号码 【1615616】，GSD为【"-"】
2024-04-27 00:28:11 ok && -
2024-04-27 00:28:14 CHB 1615616?1714148891 第 1 次 等待 3 秒
2024-04-27 00:28:17 CHB 1615616?1714148891 第 1 次 获取到号码【1615616】GSD
2024-04-27 00:28:17 未获取到号码【1615616】GSD，可能号码格式错误
2024-04-27 00:28:17 获取到号码【1615616】的GSD为【-】
2024-04-27 00:28:30 GSD insert 第 1 次 等待 3 秒
2024-04-27 00:28:33 {"status":"bad","gid":"636500","msg":"添加失败！号码【1615616(-|-)】已存在！"}
2024-04-27 00:28:33 随机等待 141 秒，约 2 分钟
2024-04-27 00:28:33 下次操作: 2024-04-27 00:30:54

2024-04-27 00:30:54 开始第 5700 次操作

2024-04-27 00:30:54 开始操作号码 【1615617】
2024-04-27 00:31:00 GSD getOne 第 1 次 等待 3 秒
2024-04-27 00:31:03 查询号码 【1615617】，返回信息 {"status":"ok","msg":"-","gid":"636512","time_insert":"2023-04-05 17:27"}
2024-04-27 00:31:03 查询号码 【1615617】，GSD为【"-"】
2024-04-27 00:31:03 ok && -
2024-04-27 00:31:05 CHB 1615617?1714149063 第 1 次 等待 3 秒
2024-04-27 00:31:08 CHB 1615617?1714149063 第 1 次 获取到号码【1615617】GSD
2024-04-27 00:31:08 未获取到号码【1615617】GSD，可能号码格式错误
2024-04-27 00:31:08 获取到号码【1615617】的GSD为【-】
2024-04-27 00:31:12 GSD insert 第 1 次 等待 3 秒
2024-04-27 00:31:15 {"status":"bad","gid":"636512","msg":"添加失败！号码【1615617(-|-)】已存在！"}

2024-04-27 00:39:13 开始第 5701 次操作

2024-04-27 00:39:13 开始操作号码 【1615618】
2024-04-27 00:39:20 GSD getOne 第 1 次 等待 3 秒
2024-04-27 00:39:23 查询号码 【1615618】，返回信息 {"status":"ok","msg":"-","gid":"636530","time_insert":"2023-04-05 17:38"}
2024-04-27 00:39:23 查询号码 【1615618】，GSD为【"-"】
2024-04-27 00:39:23 ok && -
2024-04-27 00:39:25 CHB 1615618?1714149563 第 1 次 等待 3 秒
2024-04-27 00:39:28 CHB 1615618?1714149563 第 1 次 获取到号码【1615618】GSD
2024-04-27 00:39:28 未获取到号码【1615618】GSD，可能号码格式错误
2024-04-27 00:39:28 获取到号码【1615618】的GSD为【-】
2024-04-27 00:39:35 GSD insert 第 1 次 等待 3 秒
2024-04-27 00:39:38 {"status":"bad","gid":"636530","msg":"添加失败！号码【1615618(-|-)】已存在！"}
2024-04-27 00:39:38 随机等待 166 秒，约 2 分钟
2024-04-27 00:39:38 下次操作: 2024-04-27 00:42:24

2024-04-27 00:42:24 开始第 5702 次操作

2024-04-27 00:42:24 开始操作号码 【1615619】
2024-04-27 00:42:29 GSD getOne 第 1 次 等待 3 秒
2024-04-27 00:42:32 查询号码 【1615619】，返回信息 {"status":"ok","msg":"-","gid":"636548","time_insert":"2023-04-05 17:50"}
2024-04-27 00:42:32 查询号码 【1615619】，GSD为【"-"】
2024-04-27 00:42:32 ok && -
2024-04-27 00:42:34 CHB 1615619?1714149752 第 1 次 等待 3 秒
2024-04-27 00:42:37 CHB 1615619?1714149752 第 1 次 获取到号码【1615619】GSD
2024-04-27 00:42:37 未获取到号码【1615619】GSD，可能号码格式错误
2024-04-27 00:42:37 获取到号码【1615619】的GSD为【-】
2024-04-27 00:42:42 GSD insert 第 1 次 等待 3 秒
2024-04-27 00:42:45 {"status":"bad","gid":"636548","msg":"添加失败！号码【1615619(-|-)】已存在！"}
2024-04-27 00:42:45 随机等待 134 秒，约 2 分钟
2024-04-27 00:42:45 下次操作: 2024-04-27 00:44:59

2024-04-27 00:44:59 开始第 5703 次操作

2024-04-27 00:44:59 开始操作号码 【1615620】
2024-04-27 00:45:07 GSD getOne 第 1 次 等待 3 秒
2024-04-27 00:45:10 查询号码 【1615620】，返回信息 {"status":"ok","msg":"-","gid":"636569","time_insert":"2023-04-05 18:04"}
2024-04-27 00:45:10 查询号码 【1615620】，GSD为【"-"】
2024-04-27 00:45:10 ok && -
2024-04-27 00:45:12 CHB 1615620?1714149910 第 1 次 等待 3 秒
2024-04-27 00:45:15 CHB 1615620?1714149910 第 1 次 获取到号码【1615620】GSD
2024-04-27 00:45:15 未获取到号码【1615620】GSD，可能号码格式错误
2024-04-27 00:45:15 获取到号码【1615620】的GSD为【-】
2024-04-27 00:45:21 GSD insert 第 1 次 等待 3 秒
2024-04-27 00:45:24 {"status":"bad","gid":"636569","msg":"添加失败！号码【1615620(-|-)】已存在！"}
2024-04-27 00:45:24 随机等待 223 秒，约 3 分钟
2024-04-27 00:45:24 下次操作: 2024-04-27 00:49:07

2024-04-27 00:49:07 开始第 5704 次操作

2024-04-27 00:49:07 开始操作号码 【1615621】
2024-04-27 00:49:12 GSD getOne 第 1 次 等待 3 秒
2024-04-27 00:49:15 查询号码 【1615621】，返回信息 {"status":"ok","msg":"-","gid":"636583","time_insert":"2023-04-05 18:14"}
2024-04-27 00:49:15 查询号码 【1615621】，GSD为【"-"】
2024-04-27 00:49:15 ok && -
2024-04-27 00:49:17 CHB 1615621?1714150155 第 1 次 等待 3 秒
2024-04-27 00:49:20 CHB 1615621?1714150155 第 1 次 获取到号码【1615621】GSD
2024-04-27 00:49:20 未获取到号码【1615621】GSD，可能号码格式错误
2024-04-27 00:49:20 获取到号码【1615621】的GSD为【-】
2024-04-27 00:49:31 GSD insert 第 1 次 等待 3 秒
2024-04-27 00:49:34 {"status":"bad","gid":"636583","msg":"添加失败！号码【1615621(-|-)】已存在！"}

2024-04-27 01:16:14 开始第 5705 次操作

2024-04-27 01:16:14 开始操作号码 【1615622】
2024-04-27 01:16:20 GSD getOne 第 1 次 等待 3 秒
2024-04-27 01:16:23 查询号码 【1615622】，返回信息 {"status":"ok","msg":"-","gid":"636596","time_insert":"2023-04-05 18:23"}
2024-04-27 01:16:23 查询号码 【1615622】，GSD为【"-"】
2024-04-27 01:16:23 ok && -
2024-04-27 01:16:25 CHB 1615622?1714151783 第 1 次 等待 3 秒
2024-04-27 01:16:28 CHB 1615622?1714151783 第 1 次 获取到号码【1615622】GSD
2024-04-27 01:16:28 未获取到号码【1615622】GSD，可能号码格式错误
2024-04-27 01:16:28 获取到号码【1615622】的GSD为【-】
2024-04-27 01:16:48 GSD insert 第 1 次 等待 3 秒
2024-04-27 01:16:51 {"status":"bad","gid":"636596","msg":"添加失败！号码【1615622(-|-)】已存在！"}
2024-04-27 01:16:51 随机等待 181 秒，约 3 分钟
2024-04-27 01:16:51 下次操作: 2024-04-27 01:19:52

2024-04-27 01:19:52 开始第 5706 次操作

2024-04-27 01:19:52 开始操作号码 【1615623】
2024-04-27 01:19:57 GSD getOne 第 1 次 等待 3 秒
2024-04-27 01:20:00 查询号码 【1615623】，返回信息 {"status":"ok","msg":"-","gid":"636618","time_insert":"2023-04-05 18:41"}
2024-04-27 01:20:00 查询号码 【1615623】，GSD为【"-"】
2024-04-27 01:20:00 ok && -
2024-04-27 01:20:02 CHB 1615623?1714152000 第 1 次 等待 3 秒
2024-04-27 01:20:05 CHB 1615623?1714152000 第 1 次 获取到号码【1615623】GSD
2024-04-27 01:20:06 未获取到号码【1615623】GSD，可能号码格式错误
2024-04-27 01:20:06 获取到号码【1615623】的GSD为【-】
2024-04-27 01:20:11 GSD insert 第 1 次 等待 3 秒
2024-04-27 01:20:14 {"status":"bad","gid":"636618","msg":"添加失败！号码【1615623(-|-)】已存在！"}
2024-04-27 01:20:14 随机等待 202 秒，约 3 分钟
2024-04-27 01:20:14 下次操作: 2024-04-27 01:23:36

2024-04-27 01:23:36 开始第 5707 次操作

2024-04-27 01:23:36 开始操作号码 【1615624】
2024-04-27 01:23:41 GSD getOne 第 1 次 等待 3 秒
2024-04-27 01:23:44 查询号码 【1615624】，返回信息 {"status":"ok","msg":"-","gid":"636642","time_insert":"2023-04-05 18:56"}
2024-04-27 01:23:44 查询号码 【1615624】，GSD为【"-"】
2024-04-27 01:23:44 ok && -
2024-04-27 01:23:47 CHB 1615624?1714152224 第 1 次 等待 3 秒
2024-04-27 01:23:50 CHB 1615624?1714152224 第 1 次 获取到号码【1615624】GSD
2024-04-27 01:23:50 未获取到号码【1615624】GSD，可能号码格式错误
2024-04-27 01:23:50 获取到号码【1615624】的GSD为【-】
2024-04-27 01:23:55 GSD insert 第 1 次 等待 3 秒
2024-04-27 01:23:58 {"status":"bad","gid":"636642","msg":"添加失败！号码【1615624(-|-)】已存在！"}
2024-04-27 01:23:58 随机等待 103 秒，约 1 分钟
2024-04-27 01:23:58 下次操作: 2024-04-27 01:25:41

2024-04-27 01:25:41 开始第 5708 次操作

2024-04-27 01:25:41 开始操作号码 【1615625】
2024-04-27 01:25:49 GSD getOne 第 1 次 等待 3 秒
2024-04-27 01:25:52 查询号码 【1615625】，返回信息 {"status":"ok","msg":"-","gid":"636659","time_insert":"2023-04-05 19:05"}
2024-04-27 01:25:52 查询号码 【1615625】，GSD为【"-"】
2024-04-27 01:25:52 ok && -
2024-04-27 01:25:54 CHB 1615625?1714152352 第 1 次 等待 3 秒
2024-04-27 01:25:57 CHB 1615625?1714152352 第 1 次 获取到号码【1615625】GSD
2024-04-27 01:25:57 未获取到号码【1615625】GSD，可能号码格式错误
2024-04-27 01:25:57 获取到号码【1615625】的GSD为【-】
2024-04-27 01:26:04 GSD insert 第 1 次 等待 3 秒
2024-04-27 01:26:07 {"status":"bad","gid":"636659","msg":"添加失败！号码【1615625(-|-)】已存在！"}

2024-04-27 01:37:20 开始第 5709 次操作

2024-04-27 01:37:20 开始操作号码 【1615626】
2024-04-27 01:37:26 GSD getOne 第 1 次 等待 3 秒
2024-04-27 01:37:29 查询号码 【1615626】，返回信息 {"status":"ok","msg":"-","gid":"636689","time_insert":"2023-04-05 19:29"}
2024-04-27 01:37:29 查询号码 【1615626】，GSD为【"-"】
2024-04-27 01:37:29 ok && -
2024-04-27 01:37:32 CHB 1615626?1714153049 第 1 次 等待 3 秒
2024-04-27 01:37:35 CHB 1615626?1714153049 第 1 次 获取到号码【1615626】GSD
2024-04-27 01:37:35 未获取到号码【1615626】GSD，可能号码格式错误
2024-04-27 01:37:35 获取到号码【1615626】的GSD为【-】
2024-04-27 01:37:41 GSD insert 第 1 次 等待 3 秒
2024-04-27 01:37:44 {"status":"bad","gid":"636689","msg":"添加失败！号码【1615626(-|-)】已存在！"}
2024-04-27 01:37:44 随机等待 178 秒，约 2 分钟
2024-04-27 01:37:44 下次操作: 2024-04-27 01:40:42

2024-04-27 01:40:42 开始第 5710 次操作

2024-04-27 01:40:42 开始操作号码 【1615627】
2024-04-27 01:40:50 GSD getOne 第 1 次 等待 3 秒
2024-04-27 01:40:53 查询号码 【1615627】，返回信息 {"status":"ok","msg":"-","gid":"636712","time_insert":"2023-04-05 19:42"}
2024-04-27 01:40:53 查询号码 【1615627】，GSD为【"-"】
2024-04-27 01:40:53 ok && -
2024-04-27 01:40:56 CHB 1615627?1714153253 第 1 次 等待 3 秒
2024-04-27 01:40:59 CHB 1615627?1714153253 第 1 次 获取到号码【1615627】GSD
2024-04-27 01:40:59 未获取到号码【1615627】GSD，可能号码格式错误
2024-04-27 01:40:59 获取到号码【1615627】的GSD为【-】
2024-04-27 01:41:03 GSD insert 第 1 次 等待 3 秒
2024-04-27 01:41:06 {"status":"bad","gid":"636712","msg":"添加失败！号码【1615627(-|-)】已存在！"}
2024-04-27 01:41:06 随机等待 78 秒，约 1 分钟
2024-04-27 01:41:06 下次操作: 2024-04-27 01:42:24

2024-04-27 01:42:24 开始第 5711 次操作

2024-04-27 01:42:24 开始操作号码 【1615628】
2024-04-27 01:42:29 GSD getOne 第 1 次 等待 3 秒
2024-04-27 01:42:32 查询号码 【1615628】，返回信息 {"status":"ok","msg":"-","gid":"636747","time_insert":"2023-04-05 20:07"}
2024-04-27 01:42:32 查询号码 【1615628】，GSD为【"-"】
2024-04-27 01:42:32 ok && -
2024-04-27 01:42:34 CHB 1615628?1714153352 第 1 次 等待 3 秒
2024-04-27 01:42:37 CHB 1615628?1714153352 第 1 次 获取到号码【1615628】GSD
2024-04-27 01:42:37 未获取到号码【1615628】GSD，可能号码格式错误
2024-04-27 01:42:37 获取到号码【1615628】的GSD为【-】
2024-04-27 01:42:42 GSD insert 第 1 次 等待 3 秒
2024-04-27 01:42:45 {"status":"bad","gid":"636747","msg":"添加失败！号码【1615628(-|-)】已存在！"}
2024-04-27 01:42:45 随机等待 122 秒，约 2 分钟
2024-04-27 01:42:45 下次操作: 2024-04-27 01:44:47

2024-04-27 01:44:47 开始第 5712 次操作

2024-04-27 01:44:47 开始操作号码 【1615629】
2024-04-27 01:44:53 GSD getOne 第 1 次 等待 3 秒
2024-04-27 01:44:56 查询号码 【1615629】，返回信息 {"status":"ok","msg":"-","gid":"636767","time_insert":"2023-04-05 20:24"}
2024-04-27 01:44:56 查询号码 【1615629】，GSD为【"-"】
2024-04-27 01:44:56 ok && -
2024-04-27 01:44:58 CHB 1615629?1714153496 第 1 次 等待 3 秒
2024-04-27 01:45:01 CHB 1615629?1714153496 第 1 次 获取到号码【1615629】GSD
2024-04-27 01:45:01 未获取到号码【1615629】GSD，可能号码格式错误
2024-04-27 01:45:01 获取到号码【1615629】的GSD为【-】
2024-04-27 01:45:08 GSD insert 第 1 次 等待 3 秒
2024-04-27 01:45:11 {"status":"bad","gid":"636767","msg":"添加失败！号码【1615629(-|-)】已存在！"}

2024-04-27 02:20:47 开始第 5713 次操作

2024-04-27 02:20:47 开始操作号码 【1615630】
2024-04-27 02:20:52 GSD getOne 第 1 次 等待 3 秒
2024-04-27 02:20:55 查询号码 【1615630】，返回信息 {"status":"ok","msg":"-","gid":"636789","time_insert":"2023-04-05 20:45"}
2024-04-27 02:20:55 查询号码 【1615630】，GSD为【"-"】
2024-04-27 02:20:55 ok && -
2024-04-27 02:20:57 CHB 1615630?1714155655 第 1 次 等待 3 秒
2024-04-27 02:21:00 CHB 1615630?1714155655 第 1 次 获取到号码【1615630】GSD
2024-04-27 02:21:00 未获取到号码【1615630】GSD，可能号码格式错误
2024-04-27 02:21:00 获取到号码【1615630】的GSD为【-】
2024-04-27 02:21:05 GSD insert 第 1 次 等待 3 秒
2024-04-27 02:21:08 {"status":"bad","gid":"636789","msg":"添加失败！号码【1615630(-|-)】已存在！"}
2024-04-27 02:21:08 随机等待 136 秒，约 2 分钟
2024-04-27 02:21:08 下次操作: 2024-04-27 02:23:24

2024-04-27 02:23:24 开始第 5714 次操作

2024-04-27 02:23:24 开始操作号码 【1615631】
2024-04-27 02:23:30 GSD getOne 第 1 次 等待 3 秒
2024-04-27 02:23:33 查询号码 【1615631】，返回信息 {"status":"ok","msg":"-","gid":"636808","time_insert":"2023-04-05 21:03"}
2024-04-27 02:23:33 查询号码 【1615631】，GSD为【"-"】
2024-04-27 02:23:33 ok && -
2024-04-27 02:23:34 CHB 1615631?1714155813 第 1 次 等待 3 秒
2024-04-27 02:23:37 CHB 1615631?1714155813 第 1 次 获取到号码【1615631】GSD
2024-04-27 02:23:38 未获取到号码【1615631】GSD，可能号码格式错误
2024-04-27 02:23:38 获取到号码【1615631】的GSD为【-】
2024-04-27 02:23:43 GSD insert 第 1 次 等待 3 秒
2024-04-27 02:23:46 {"status":"bad","gid":"636808","msg":"添加失败！号码【1615631(-|-)】已存在！"}
2024-04-27 02:23:46 随机等待 174 秒，约 2 分钟
2024-04-27 02:23:46 下次操作: 2024-04-27 02:26:40

2024-04-27 02:26:40 开始第 5715 次操作

2024-04-27 02:26:40 开始操作号码 【1615632】
2024-04-27 02:26:48 GSD getOne 第 1 次 等待 3 秒
2024-04-27 02:26:51 查询号码 【1615632】，返回信息 {"status":"ok","msg":"-","gid":"636830","time_insert":"2023-04-05 21:25"}
2024-04-27 02:26:51 查询号码 【1615632】，GSD为【"-"】
2024-04-27 02:26:51 ok && -
2024-04-27 02:26:53 CHB 1615632?1714156011 第 1 次 等待 3 秒
2024-04-27 02:26:56 CHB 1615632?1714156011 第 1 次 获取到号码【1615632】GSD
2024-04-27 02:26:56 未获取到号码【1615632】GSD，可能号码格式错误
2024-04-27 02:26:56 获取到号码【1615632】的GSD为【-】
2024-04-27 02:27:01 GSD insert 第 1 次 等待 3 秒
2024-04-27 02:27:04 {"status":"bad","gid":"636830","msg":"添加失败！号码【1615632(-|-)】已存在！"}
2024-04-27 02:27:04 随机等待 210 秒，约 3 分钟
2024-04-27 02:27:04 下次操作: 2024-04-27 02:30:34

2024-04-27 02:30:34 开始第 5716 次操作

2024-04-27 02:30:34 开始操作号码 【1615633】
2024-04-27 02:30:39 GSD getOne 第 1 次 等待 3 秒
2024-04-27 02:30:42 查询号码 【1615633】，返回信息 {"status":"ok","msg":"-","gid":"636853","time_insert":"2023-04-05 21:41"}
2024-04-27 02:30:42 查询号码 【1615633】，GSD为【"-"】
2024-04-27 02:30:42 ok && -
2024-04-27 02:30:44 CHB 1615633?1714156242 第 1 次 等待 3 秒
2024-04-27 02:30:47 CHB 1615633?1714156242 第 1 次 获取到号码【1615633】GSD
2024-04-27 02:30:47 未获取到号码【1615633】GSD，可能号码格式错误
2024-04-27 02:30:47 获取到号码【1615633】的GSD为【-】
2024-04-27 02:30:52 GSD insert 第 1 次 等待 3 秒
2024-04-27 02:30:55 {"status":"bad","gid":"636853","msg":"添加失败！号码【1615633(-|-)】已存在！"}

2024-04-27 02:37:34 开始第 5717 次操作

2024-04-27 02:37:34 开始操作号码 【1615634】
2024-04-27 02:37:41 GSD getOne 第 1 次 等待 3 秒
2024-04-27 02:37:44 查询号码 【1615634】，返回信息 {"status":"ok","msg":"-","gid":"636887","time_insert":"2023-04-05 22:04"}
2024-04-27 02:37:44 查询号码 【1615634】，GSD为【"-"】
2024-04-27 02:37:44 ok && -
2024-04-27 02:37:46 CHB 1615634?1714156664 第 1 次 等待 3 秒
2024-04-27 02:37:49 CHB 1615634?1714156664 第 1 次 获取到号码【1615634】GSD
2024-04-27 02:37:50 未获取到号码【1615634】GSD，可能号码格式错误
2024-04-27 02:37:50 获取到号码【1615634】的GSD为【-】
2024-04-27 02:37:57 GSD insert 第 1 次 等待 3 秒
2024-04-27 02:38:00 {"status":"bad","gid":"636887","msg":"添加失败！号码【1615634(-|-)】已存在！"}
2024-04-27 02:38:00 随机等待 179 秒，约 2 分钟
2024-04-27 02:38:00 下次操作: 2024-04-27 02:40:59

2024-04-27 02:40:59 开始第 5718 次操作

2024-04-27 02:40:59 开始操作号码 【1615635】
2024-04-27 02:41:04 GSD getOne 第 1 次 等待 3 秒
2024-04-27 02:41:07 查询号码 【1615635】，返回信息 {"status":"ok","msg":"-","gid":"636901","time_insert":"2023-04-05 22:13"}
2024-04-27 02:41:07 查询号码 【1615635】，GSD为【"-"】
2024-04-27 02:41:07 ok && -
2024-04-27 02:41:09 CHB 1615635?1714156867 第 1 次 等待 3 秒
2024-04-27 02:41:12 CHB 1615635?1714156867 第 1 次 获取到号码【1615635】GSD
2024-04-27 02:41:12 未获取到号码【1615635】GSD，可能号码格式错误
2024-04-27 02:41:12 获取到号码【1615635】的GSD为【-】
2024-04-27 02:41:17 GSD insert 第 1 次 等待 3 秒
2024-04-27 02:41:20 {"status":"bad","gid":"636901","msg":"添加失败！号码【1615635(-|-)】已存在！"}
2024-04-27 02:41:20 随机等待 168 秒，约 2 分钟
2024-04-27 02:41:20 下次操作: 2024-04-27 02:44:08

2024-04-27 02:44:08 开始第 5719 次操作

2024-04-27 02:44:08 开始操作号码 【1615636】
2024-04-27 02:44:13 GSD getOne 第 1 次 等待 3 秒
2024-04-27 02:44:16 查询号码 【1615636】，返回信息 {"status":"ok","msg":"-","gid":"636931","time_insert":"2023-04-05 22:35"}
2024-04-27 02:44:16 查询号码 【1615636】，GSD为【"-"】
2024-04-27 02:44:16 ok && -
2024-04-27 02:44:19 CHB 1615636?1714157056 第 1 次 等待 3 秒
2024-04-27 02:44:22 CHB 1615636?1714157056 第 1 次 获取到号码【1615636】GSD
2024-04-27 02:44:22 未获取到号码【1615636】GSD，可能号码格式错误
2024-04-27 02:44:22 获取到号码【1615636】的GSD为【-】
2024-04-27 02:44:27 GSD insert 第 1 次 等待 3 秒
2024-04-27 02:44:30 {"status":"bad","gid":"636931","msg":"添加失败！号码【1615636(-|-)】已存在！"}
2024-04-27 02:44:30 随机等待 66 秒，约 1 分钟
2024-04-27 02:44:30 下次操作: 2024-04-27 02:45:36

2024-04-27 02:45:36 开始第 5720 次操作

2024-04-27 02:45:36 开始操作号码 【1615637】
2024-04-27 02:45:41 GSD getOne 第 1 次 等待 3 秒
2024-04-27 02:45:44 查询号码 【1615637】，返回信息 {"status":"ok","msg":"-","gid":"636952","time_insert":"2023-04-05 22:46"}
2024-04-27 02:45:44 查询号码 【1615637】，GSD为【"-"】
2024-04-27 02:45:44 ok && -
2024-04-27 02:45:47 CHB 1615637?1714157144 第 1 次 等待 3 秒
2024-04-27 02:45:50 CHB 1615637?1714157144 第 1 次 获取到号码【1615637】GSD
2024-04-27 02:45:50 未获取到号码【1615637】GSD，可能号码格式错误
2024-04-27 02:45:50 获取到号码【1615637】的GSD为【-】
2024-04-27 02:45:55 GSD insert 第 1 次 等待 3 秒
2024-04-27 02:45:58 {"status":"bad","gid":"636952","msg":"添加失败！号码【1615637(-|-)】已存在！"}

2024-04-27 03:13:39 开始第 5721 次操作

2024-04-27 03:13:39 开始操作号码 【1615638】
2024-04-27 03:13:45 GSD getOne 第 1 次 等待 3 秒
2024-04-27 03:13:48 查询号码 【1615638】，返回信息 {"status":"ok","msg":"-","gid":"636983","time_insert":"2023-04-05 23:08"}
2024-04-27 03:13:48 查询号码 【1615638】，GSD为【"-"】
2024-04-27 03:13:48 ok && -
2024-04-27 03:13:50 CHB 1615638?1714158828 第 1 次 等待 3 秒
2024-04-27 03:13:53 CHB 1615638?1714158828 第 1 次 获取到号码【1615638】GSD
2024-04-27 03:13:53 未获取到号码【1615638】GSD，可能号码格式错误
2024-04-27 03:13:53 获取到号码【1615638】的GSD为【-】
2024-04-27 03:13:57 GSD insert 第 1 次 等待 3 秒
2024-04-27 03:14:00 {"status":"bad","gid":"636983","msg":"添加失败！号码【1615638(-|-)】已存在！"}
2024-04-27 03:14:01 随机等待 172 秒，约 2 分钟
2024-04-27 03:14:01 下次操作: 2024-04-27 03:16:52

2024-04-27 03:16:53 开始第 5722 次操作

2024-04-27 03:16:53 开始操作号码 【1615639】
2024-04-27 03:16:57 GSD getOne 第 1 次 等待 3 秒
2024-04-27 03:17:00 查询号码 【1615639】，返回信息 {"status":"ok","msg":"-","gid":"637013","time_insert":"2023-04-05 23:31"}
2024-04-27 03:17:00 查询号码 【1615639】，GSD为【"-"】
2024-04-27 03:17:00 ok && -
2024-04-27 03:17:02 CHB 1615639?1714159020 第 1 次 等待 3 秒
2024-04-27 03:17:05 CHB 1615639?1714159020 第 1 次 获取到号码【1615639】GSD
2024-04-27 03:17:05 未获取到号码【1615639】GSD，可能号码格式错误
2024-04-27 03:17:05 获取到号码【1615639】的GSD为【-】
2024-04-27 03:17:10 GSD insert 第 1 次 等待 3 秒
2024-04-27 03:17:13 {"status":"bad","gid":"637013","msg":"添加失败！号码【1615639(-|-)】已存在！"}
2024-04-27 03:17:13 随机等待 215 秒，约 3 分钟
2024-04-27 03:17:13 下次操作: 2024-04-27 03:20:48

2024-04-27 03:20:48 开始第 5723 次操作

2024-04-27 03:20:48 开始操作号码 【1615640】
2024-04-27 03:20:52 GSD getOne 第 1 次 等待 3 秒
2024-04-27 03:20:55 查询号码 【1615640】，返回信息 {"status":"ok","msg":"-","gid":"637049","time_insert":"2023-04-05 23:53"}
2024-04-27 03:20:55 查询号码 【1615640】，GSD为【"-"】
2024-04-27 03:20:55 ok && -
2024-04-27 03:20:57 CHB 1615640?1714159255 第 1 次 等待 3 秒
2024-04-27 03:21:00 CHB 1615640?1714159255 第 1 次 获取到号码【1615640】GSD
2024-04-27 03:21:00 未获取到号码【1615640】GSD，可能号码格式错误
2024-04-27 03:21:00 获取到号码【1615640】的GSD为【-】
2024-04-27 03:21:05 GSD insert 第 1 次 等待 3 秒
2024-04-27 03:21:08 {"status":"bad","gid":"637049","msg":"添加失败！号码【1615640(-|-)】已存在！"}
2024-04-27 03:21:08 随机等待 119 秒，约 1 分钟
2024-04-27 03:21:08 下次操作: 2024-04-27 03:23:07

2024-04-27 03:23:07 开始第 5724 次操作

2024-04-27 03:23:07 开始操作号码 【1615641】
2024-04-27 03:23:11 GSD getOne 第 1 次 等待 3 秒
2024-04-27 03:23:14 查询号码 【1615641】，返回信息 {"status":"ok","msg":"-","gid":"637070","time_insert":"2023-04-06 00:15"}
2024-04-27 03:23:14 查询号码 【1615641】，GSD为【"-"】
2024-04-27 03:23:14 ok && -
2024-04-27 03:23:16 CHB 1615641?1714159394 第 1 次 等待 3 秒
2024-04-27 03:23:19 CHB 1615641?1714159394 第 1 次 获取到号码【1615641】GSD
2024-04-27 03:23:19 未获取到号码【1615641】GSD，可能号码格式错误
2024-04-27 03:23:19 获取到号码【1615641】的GSD为【-】
2024-04-27 03:23:24 GSD insert 第 1 次 等待 3 秒
2024-04-27 03:23:27 {"status":"bad","gid":"637070","msg":"添加失败！号码【1615641(-|-)】已存在！"}

2024-04-27 03:37:19 开始第 5725 次操作

2024-04-27 03:37:19 开始操作号码 【1615642】
2024-04-27 03:37:24 GSD getOne 第 1 次 等待 3 秒
2024-04-27 03:37:27 查询号码 【1615642】，返回信息 {"status":"ok","msg":"-","gid":"637085","time_insert":"2023-04-06 00:24"}
2024-04-27 03:37:27 查询号码 【1615642】，GSD为【"-"】
2024-04-27 03:37:27 ok && -
2024-04-27 03:37:30 CHB 1615642?1714160247 第 1 次 等待 3 秒
2024-04-27 03:37:33 CHB 1615642?1714160247 第 1 次 获取到号码【1615642】GSD
2024-04-27 03:37:33 未获取到号码【1615642】GSD，可能号码格式错误
2024-04-27 03:37:33 获取到号码【1615642】的GSD为【-】
2024-04-27 03:37:39 GSD insert 第 1 次 等待 3 秒
2024-04-27 03:37:42 {"status":"bad","gid":"637085","msg":"添加失败！号码【1615642(-|-)】已存在！"}
2024-04-27 03:37:42 随机等待 169 秒，约 2 分钟
2024-04-27 03:37:42 下次操作: 2024-04-27 03:40:31

2024-04-27 03:40:31 开始第 5726 次操作

2024-04-27 03:40:31 开始操作号码 【1615643】
2024-04-27 03:40:36 GSD getOne 第 1 次 等待 3 秒
2024-04-27 03:40:39 查询号码 【1615643】，返回信息 {"status":"ok","msg":"-","gid":"637104","time_insert":"2023-04-06 00:44"}
2024-04-27 03:40:39 查询号码 【1615643】，GSD为【"-"】
2024-04-27 03:40:39 ok && -
2024-04-27 03:40:41 CHB 1615643?1714160439 第 1 次 等待 3 秒
2024-04-27 03:40:44 CHB 1615643?1714160439 第 1 次 获取到号码【1615643】GSD
2024-04-27 03:40:44 未获取到号码【1615643】GSD，可能号码格式错误
2024-04-27 03:40:44 获取到号码【1615643】的GSD为【-】
2024-04-27 03:40:49 GSD insert 第 1 次 等待 3 秒
2024-04-27 03:40:52 {"status":"bad","gid":"637104","msg":"添加失败！号码【1615643(-|-)】已存在！"}
2024-04-27 03:40:52 随机等待 67 秒，约 1 分钟
2024-04-27 03:40:52 下次操作: 2024-04-27 03:41:59

2024-04-27 03:41:59 开始第 5727 次操作

2024-04-27 03:41:59 开始操作号码 【1615644】
2024-04-27 03:42:04 GSD getOne 第 1 次 等待 3 秒
2024-04-27 03:42:07 查询号码 【1615644】，返回信息 {"status":"ok","msg":"-","gid":"637133","time_insert":"2023-04-06 01:06"}
2024-04-27 03:42:07 查询号码 【1615644】，GSD为【"-"】
2024-04-27 03:42:07 ok && -
2024-04-27 03:42:09 CHB 1615644?1714160527 第 1 次 等待 3 秒
2024-04-27 03:42:12 CHB 1615644?1714160527 第 1 次 获取到号码【1615644】GSD
2024-04-27 03:42:12 未获取到号码【1615644】GSD，可能号码格式错误
2024-04-27 03:42:12 获取到号码【1615644】的GSD为【-】
2024-04-27 03:42:17 GSD insert 第 1 次 等待 3 秒
2024-04-27 03:42:20 {"status":"bad","gid":"637133","msg":"添加失败！号码【1615644(-|-)】已存在！"}
2024-04-27 03:42:20 随机等待 128 秒，约 2 分钟
2024-04-27 03:42:20 下次操作: 2024-04-27 03:44:28

2024-04-27 03:44:28 开始第 5728 次操作

2024-04-27 03:44:28 开始操作号码 【1615645】
2024-04-27 03:44:33 GSD getOne 第 1 次 等待 3 秒
2024-04-27 03:44:36 查询号码 【1615645】，返回信息 {"status":"ok","msg":"-","gid":"637151","time_insert":"2023-04-06 01:21"}
2024-04-27 03:44:36 查询号码 【1615645】，GSD为【"-"】
2024-04-27 03:44:36 ok && -
2024-04-27 03:44:38 CHB 1615645?1714160676 第 1 次 等待 3 秒
2024-04-27 03:44:41 CHB 1615645?1714160676 第 1 次 获取到号码【1615645】GSD
2024-04-27 03:44:41 未获取到号码【1615645】GSD，可能号码格式错误
2024-04-27 03:44:41 获取到号码【1615645】的GSD为【-】
2024-04-27 03:44:47 GSD insert 第 1 次 等待 3 秒
2024-04-27 03:44:50 {"status":"bad","gid":"637151","msg":"添加失败！号码【1615645(-|-)】已存在！"}

2024-04-27 04:17:57 开始第 5729 次操作

2024-04-27 04:17:57 开始操作号码 【1615646】
2024-04-27 04:18:03 GSD getOne 第 1 次 等待 3 秒
2024-04-27 04:18:06 查询号码 【1615646】，返回信息 {"status":"ok","msg":"-","gid":"637180","time_insert":"2023-04-06 01:40"}
2024-04-27 04:18:06 查询号码 【1615646】，GSD为【"-"】
2024-04-27 04:18:06 ok && -
2024-04-27 04:18:09 CHB 1615646?1714162687 第 1 次 等待 3 秒
2024-04-27 04:18:12 CHB 1615646?1714162687 第 1 次 获取到号码【1615646】GSD
2024-04-27 04:18:12 未获取到号码【1615646】GSD，可能号码格式错误
2024-04-27 04:18:12 获取到号码【1615646】的GSD为【-】
2024-04-27 04:18:18 GSD insert 第 1 次 等待 3 秒
2024-04-27 04:18:21 {"status":"bad","gid":"637180","msg":"添加失败！号码【1615646(-|-)】已存在！"}
2024-04-27 04:18:21 随机等待 78 秒，约 1 分钟
2024-04-27 04:18:21 下次操作: 2024-04-27 04:19:39

2024-04-27 04:19:39 开始第 5730 次操作

2024-04-27 04:19:39 开始操作号码 【1615647】
2024-04-27 04:19:44 GSD getOne 第 1 次 等待 3 秒
2024-04-27 04:19:47 查询号码 【1615647】，返回信息 {"status":"ok","msg":"-","gid":"637219","time_insert":"2023-04-06 02:04"}
2024-04-27 04:19:47 查询号码 【1615647】，GSD为【"-"】
2024-04-27 04:19:47 ok && -
2024-04-27 04:19:50 CHB 1615647?1714162787 第 1 次 等待 3 秒
2024-04-27 04:19:53 CHB 1615647?1714162787 第 1 次 获取到号码【1615647】GSD
2024-04-27 04:19:53 未获取到号码【1615647】GSD，可能号码格式错误
2024-04-27 04:19:53 获取到号码【1615647】的GSD为【-】
2024-04-27 04:19:57 GSD insert 第 1 次 等待 3 秒
2024-04-27 04:20:00 {"status":"bad","gid":"637219","msg":"添加失败！号码【1615647(-|-)】已存在！"}
2024-04-27 04:20:00 随机等待 206 秒，约 3 分钟
2024-04-27 04:20:00 下次操作: 2024-04-27 04:23:26

2024-04-27 04:23:26 开始第 5731 次操作

2024-04-27 04:23:26 开始操作号码 【1615648】
2024-04-27 04:23:31 GSD getOne 第 1 次 等待 3 秒
2024-04-27 04:23:34 查询号码 【1615648】，返回信息 {"status":"ok","msg":"-","gid":"637237","time_insert":"2023-04-06 02:19"}
2024-04-27 04:23:34 查询号码 【1615648】，GSD为【"-"】
2024-04-27 04:23:34 ok && -
2024-04-27 04:23:37 CHB 1615648?1714163014 第 1 次 等待 3 秒
2024-04-27 04:23:40 CHB 1615648?1714163014 第 1 次 获取到号码【1615648】GSD
2024-04-27 04:23:40 未获取到号码【1615648】GSD，可能号码格式错误
2024-04-27 04:23:40 获取到号码【1615648】的GSD为【-】
2024-04-27 04:23:44 GSD insert 第 1 次 等待 3 秒
2024-04-27 04:23:47 {"status":"bad","gid":"637237","msg":"添加失败！号码【1615648(-|-)】已存在！"}
2024-04-27 04:23:47 随机等待 146 秒，约 2 分钟
2024-04-27 04:23:47 下次操作: 2024-04-27 04:26:13

2024-04-27 04:26:13 开始第 5732 次操作

2024-04-27 04:26:13 开始操作号码 【1615649】
2024-04-27 04:26:18 GSD getOne 第 1 次 等待 3 秒
2024-04-27 04:26:21 查询号码 【1615649】，返回信息 {"status":"ok","msg":"-","gid":"637256","time_insert":"2023-04-06 02:35"}
2024-04-27 04:26:21 查询号码 【1615649】，GSD为【"-"】
2024-04-27 04:26:21 ok && -
2024-04-27 04:26:23 CHB 1615649?1714163181 第 1 次 等待 3 秒
2024-04-27 04:26:26 CHB 1615649?1714163181 第 1 次 获取到号码【1615649】GSD
2024-04-27 04:26:26 未获取到号码【1615649】GSD，可能号码格式错误
2024-04-27 04:26:26 获取到号码【1615649】的GSD为【-】
2024-04-27 04:26:31 GSD insert 第 1 次 等待 3 秒
2024-04-27 04:26:34 {"status":"bad","gid":"637256","msg":"添加失败！号码【1615649(-|-)】已存在！"}

