2024-06-16 00:22:17 开始第 897 次操作

2024-06-16 00:22:17 开始操作号码 【1500808】
2024-06-16 00:22:23 GSD getOne 第 1 次 等待 3 秒
2024-06-16 00:22:26 查询号码 【1500808】，返回信息 {"status":"ok","msg":"海南-海口","gid":"80447","time_insert":"2021-06-05 01:04"}
2024-06-16 00:22:26 查询号码 【1500808】，GSD为【"海南-海口"】

2024-06-16 00:22:27 开始第 898 次操作

2024-06-16 00:22:27 开始操作号码 【1500809】
2024-06-16 00:22:34 GSD getOne 第 1 次 等待 3 秒
2024-06-16 00:22:37 查询号码 【1500809】，返回信息 {"status":"ok","msg":"海南-海口","gid":"15072","time_insert":"2018-10-06 14:59","time_update":"2020-10-05 14:56"}
2024-06-16 00:22:37 查询号码 【1500809】，GSD为【"海南-海口"】

2024-06-16 00:22:38 开始第 899 次操作

2024-06-16 00:22:38 开始操作号码 【1500810】
2024-06-16 00:22:46 GSD getOne 第 1 次 等待 3 秒
2024-06-16 00:22:49 查询号码 【1500810】，返回信息 {"status":"ok","msg":"四川-自贡","gid":"15073","time_insert":"2014-06-14 20:21","time_update":"2020-10-17 20:44"}
2024-06-16 00:22:49 查询号码 【1500810】，GSD为【"四川-自贡"】

2024-06-16 00:22:50 开始第 900 次操作

2024-06-16 00:22:50 开始操作号码 【1500811】
2024-06-16 00:22:55 GSD getOne 第 1 次 等待 3 秒
2024-06-16 00:22:58 查询号码 【1500811】，返回信息 {"status":"ok","msg":"四川-自贡","gid":"15074","time_insert":"2017-04-20 15:10","time_update":"2020-10-17 20:48"}
2024-06-16 00:22:58 查询号码 【1500811】，GSD为【"四川-自贡"】

