2024-03-21 00:21:11 开始第 9985 次操作

2024-03-21 00:21:11 开始操作号码 【1729904】
2024-03-21 00:21:17 GSD getOne 第 1 次 等待 3 秒
2024-03-21 00:21:20 查询号码 【1729904】，返回信息 {"status":"ok","msg":"吉林-长春","gid":"356811","time_insert":"2021-07-22 16:47"}
2024-03-21 00:21:20 查询号码 【1729904】，GSD为【"吉林-长春"】

2024-03-21 00:21:21 开始第 9986 次操作

2024-03-21 00:21:21 开始操作号码 【1729905】
2024-03-21 00:21:26 GSD getOne 第 1 次 等待 3 秒
2024-03-21 00:21:29 查询号码 【1729905】，返回信息 {"status":"ok","msg":"吉林-长春","gid":"356813","time_insert":"2021-07-22 16:47"}
2024-03-21 00:21:29 查询号码 【1729905】，GSD为【"吉林-长春"】

2024-03-21 00:21:30 开始第 9987 次操作

2024-03-21 00:21:30 开始操作号码 【1729906】
2024-03-21 00:21:35 GSD getOne 第 1 次 等待 3 秒
2024-03-21 00:21:38 查询号码 【1729906】，返回信息 {"status":"ok","msg":"吉林-长春","gid":"356816","time_insert":"2021-07-22 16:48"}
2024-03-21 00:21:38 查询号码 【1729906】，GSD为【"吉林-长春"】

2024-03-21 00:21:39 开始第 9988 次操作

2024-03-21 00:21:39 开始操作号码 【1729907】
2024-03-21 00:21:44 GSD getOne 第 1 次 等待 3 秒
2024-03-21 00:21:47 查询号码 【1729907】，返回信息 {"status":"ok","msg":"吉林-长春","gid":"356823","time_insert":"2021-07-22 16:48"}
2024-03-21 00:21:47 查询号码 【1729907】，GSD为【"吉林-长春"】

