2024-02-17 00:19:39 开始第 4097 次操作

2024-02-17 00:19:39 开始操作号码 【1724016】
2024-02-17 00:19:45 GSD getOne 第 1 次 等待 3 秒
2024-02-17 00:19:48 查询号码 【1724016】，返回信息 {"status":"ok","msg":"河北-石家庄","gid":"284329","time_insert":"2021-07-15 13:52"}
2024-02-17 00:19:48 查询号码 【1724016】，GSD为【"河北-石家庄"】

2024-02-17 00:19:49 开始第 4098 次操作

2024-02-17 00:19:49 开始操作号码 【1724017】
2024-02-17 00:19:56 GSD getOne 第 1 次 等待 3 秒
2024-02-17 00:19:59 查询号码 【1724017】，返回信息 {"status":"ok","msg":"河北-石家庄","gid":"284337","time_insert":"2021-07-15 13:52"}
2024-02-17 00:19:59 查询号码 【1724017】，GSD为【"河北-石家庄"】

2024-02-17 00:20:00 开始第 4099 次操作

2024-02-17 00:20:00 开始操作号码 【1724018】
2024-02-17 00:20:05 GSD getOne 第 1 次 等待 3 秒
2024-02-17 00:20:08 查询号码 【1724018】，返回信息 {"status":"ok","msg":"河北-石家庄","gid":"284344","time_insert":"2021-07-15 13:52"}
2024-02-17 00:20:08 查询号码 【1724018】，GSD为【"河北-石家庄"】

2024-02-17 00:20:09 开始第 4100 次操作

2024-02-17 00:20:09 开始操作号码 【1724019】
2024-02-17 00:20:14 GSD getOne 第 1 次 等待 3 秒
2024-02-17 00:20:17 查询号码 【1724019】，返回信息 {"status":"ok","msg":"河北-石家庄","gid":"284352","time_insert":"2021-07-15 13:53"}
2024-02-17 00:20:17 查询号码 【1724019】，GSD为【"河北-石家庄"】

