2024-10-19 00:08:18 开始第 253 次操作

2024-10-19 00:08:18 开始操作号码 【1310252】
2024-10-19 00:08:21 GSD getOne 第 1 次 等待 3 秒
2024-10-19 00:08:24 查询号码 【1310252】，返回信息 {"status":"ok","msg":"河北-秦皇岛","gid":"52810","time_insert":"2021-04-28 14:00"}
2024-10-19 00:08:24 查询号码 【1310252】，GSD为【"河北-秦皇岛"】

2024-10-19 00:08:25 开始第 254 次操作

2024-10-19 00:08:25 开始操作号码 【1310253】
2024-10-19 00:08:27 GSD getOne 第 1 次 等待 3 秒
2024-10-19 00:08:30 查询号码 【1310253】，返回信息 {"status":"ok","msg":"河北-秦皇岛","gid":"52824","time_insert":"2021-04-28 15:42"}
2024-10-19 00:08:30 查询号码 【1310253】，GSD为【"河北-秦皇岛"】

2024-10-19 00:08:31 开始第 255 次操作

2024-10-19 00:08:31 开始操作号码 【1310254】
2024-10-19 00:08:33 GSD getOne 第 1 次 等待 3 秒
2024-10-19 00:08:36 查询号码 【1310254】，返回信息 {"status":"ok","msg":"河北-秦皇岛","gid":"52830","time_insert":"2021-04-28 16:41"}
2024-10-19 00:08:36 查询号码 【1310254】，GSD为【"河北-秦皇岛"】

2024-10-19 00:08:37 开始第 256 次操作

2024-10-19 00:08:37 开始操作号码 【1310255】
2024-10-19 00:08:38 GSD getOne 第 1 次 等待 3 秒
2024-10-19 00:08:41 查询号码 【1310255】，返回信息 {"status":"ok","msg":"河北-邢台","gid":"52838","time_insert":"2021-04-28 17:57"}
2024-10-19 00:08:41 查询号码 【1310255】，GSD为【"河北-邢台"】

