2024-03-26 00:20:18 开始第 165 次操作

2024-03-26 00:20:18 开始操作号码 【1610085】
2024-03-26 00:20:24 GSD getOne 第 1 次 等待 3 秒
2024-03-26 00:20:27 查询号码 【1610085】，返回信息 {"status":"ok","msg":"-","gid":"521253","time_insert":"2023-02-08 07:17"}
2024-03-26 00:20:27 查询号码 【1610085】，GSD为【"-"】
2024-03-26 00:20:27 ok && -
2024-03-26 00:20:29 CHB 1610085?1711383627 第 1 次 等待 3 秒
2024-03-26 00:20:32 CHB 1610085?1711383627 第 1 次 获取到号码【1610085】GSD
2024-03-26 00:20:32 未获取到号码【1610085】GSD，可能号码格式错误
2024-03-26 00:20:32 获取到号码【1610085】的GSD为【-】
2024-03-26 00:20:38 GSD insert 第 1 次 等待 3 秒
2024-03-26 00:20:41 {"status":"bad","gid":"521253","msg":"添加失败！号码【1610085(-|-)】已存在！"}
2024-03-26 00:20:41 随机等待 215 秒，约 3 分钟
2024-03-26 00:20:41 下次操作: 2024-03-26 00:24:16

2024-03-26 00:24:16 开始第 166 次操作

2024-03-26 00:24:16 开始操作号码 【1610086】
2024-03-26 00:24:21 GSD getOne 第 1 次 等待 3 秒
2024-03-26 00:24:24 查询号码 【1610086】，返回信息 {"status":"ok","msg":"-","gid":"521259","time_insert":"2023-02-08 07:27"}
2024-03-26 00:24:24 查询号码 【1610086】，GSD为【"-"】
2024-03-26 00:24:24 ok && -
2024-03-26 00:24:26 CHB 1610086?1711383864 第 1 次 等待 3 秒
2024-03-26 00:24:29 CHB 1610086?1711383864 第 1 次 获取到号码【1610086】GSD
2024-03-26 00:24:29 未获取到号码【1610086】GSD，可能号码格式错误
2024-03-26 00:24:29 获取到号码【1610086】的GSD为【-】
2024-03-26 00:24:34 GSD insert 第 1 次 等待 3 秒
2024-03-26 00:24:37 {"status":"bad","gid":"521259","msg":"添加失败！号码【1610086(-|-)】已存在！"}
2024-03-26 00:24:37 随机等待 149 秒，约 2 分钟
2024-03-26 00:24:37 下次操作: 2024-03-26 00:27:06

2024-03-26 00:27:06 开始第 167 次操作

2024-03-26 00:27:06 开始操作号码 【1610087】
2024-03-26 00:27:11 GSD getOne 第 1 次 等待 3 秒
2024-03-26 00:27:14 查询号码 【1610087】，返回信息 {"status":"ok","msg":"-","gid":"521265","time_insert":"2023-02-08 07:37"}
2024-03-26 00:27:14 查询号码 【1610087】，GSD为【"-"】
2024-03-26 00:27:14 ok && -
2024-03-26 00:27:16 CHB 1610087?1711384034 第 1 次 等待 3 秒
2024-03-26 00:27:19 CHB 1610087?1711384034 第 1 次 获取到号码【1610087】GSD
2024-03-26 00:27:19 未获取到号码【1610087】GSD，可能号码格式错误
2024-03-26 00:27:19 获取到号码【1610087】的GSD为【-】
2024-03-26 00:27:24 GSD insert 第 1 次 等待 3 秒
2024-03-26 00:27:27 {"status":"bad","gid":"521265","msg":"添加失败！号码【1610087(-|-)】已存在！"}
2024-03-26 00:27:27 随机等待 141 秒，约 2 分钟
2024-03-26 00:27:27 下次操作: 2024-03-26 00:29:48

2024-03-26 00:29:48 开始第 168 次操作

2024-03-26 00:29:48 开始操作号码 【1610088】
2024-03-26 00:29:53 GSD getOne 第 1 次 等待 3 秒
2024-03-26 00:29:56 查询号码 【1610088】，返回信息 {"status":"ok","msg":"-","gid":"521271","time_insert":"2023-02-08 07:47"}
2024-03-26 00:29:56 查询号码 【1610088】，GSD为【"-"】
2024-03-26 00:29:56 ok && -
2024-03-26 00:29:58 CHB 1610088?1711384196 第 1 次 等待 3 秒
2024-03-26 00:30:01 CHB 1610088?1711384196 第 1 次 获取到号码【1610088】GSD
2024-03-26 00:30:01 未获取到号码【1610088】GSD，可能号码格式错误
2024-03-26 00:30:01 获取到号码【1610088】的GSD为【-】
2024-03-26 00:30:06 GSD insert 第 1 次 等待 3 秒
2024-03-26 00:30:09 {"status":"bad","gid":"521271","msg":"添加失败！号码【1610088(-|-)】已存在！"}

2024-03-26 00:38:12 开始第 169 次操作

2024-03-26 00:38:12 开始操作号码 【1610089】
2024-03-26 00:38:16 GSD getOne 第 1 次 等待 3 秒
2024-03-26 00:38:19 查询号码 【1610089】，返回信息 {"status":"ok","msg":"-","gid":"521277","time_insert":"2023-02-08 07:57"}
2024-03-26 00:38:20 查询号码 【1610089】，GSD为【"-"】
2024-03-26 00:38:20 ok && -
2024-03-26 00:38:22 CHB 1610089?1711384700 第 1 次 等待 3 秒
2024-03-26 00:38:25 CHB 1610089?1711384700 第 1 次 获取到号码【1610089】GSD
2024-03-26 00:38:25 未获取到号码【1610089】GSD，可能号码格式错误
2024-03-26 00:38:25 获取到号码【1610089】的GSD为【-】
2024-03-26 00:38:30 GSD insert 第 1 次 等待 3 秒
2024-03-26 00:38:33 {"status":"bad","gid":"521277","msg":"添加失败！号码【1610089(-|-)】已存在！"}
2024-03-26 00:38:33 随机等待 100 秒，约 1 分钟
2024-03-26 00:38:33 下次操作: 2024-03-26 00:40:13

2024-03-26 00:40:13 开始第 170 次操作

2024-03-26 00:40:13 开始操作号码 【1610090】
2024-03-26 00:40:20 GSD getOne 第 1 次 等待 3 秒
2024-03-26 00:40:23 查询号码 【1610090】，返回信息 {"status":"ok","msg":"-","gid":"521284","time_insert":"2023-02-08 08:06"}
2024-03-26 00:40:24 查询号码 【1610090】，GSD为【"-"】
2024-03-26 00:40:24 ok && -
2024-03-26 00:40:25 CHB 1610090?1711384824 第 1 次 等待 3 秒
2024-03-26 00:40:28 CHB 1610090?1711384824 第 1 次 获取到号码【1610090】GSD
2024-03-26 00:40:28 未获取到号码【1610090】GSD，可能号码格式错误
2024-03-26 00:40:28 获取到号码【1610090】的GSD为【-】
2024-03-26 00:40:33 GSD insert 第 1 次 等待 3 秒
2024-03-26 00:40:36 {"status":"bad","gid":"521284","msg":"添加失败！号码【1610090(-|-)】已存在！"}
2024-03-26 00:40:36 随机等待 156 秒，约 2 分钟
2024-03-26 00:40:36 下次操作: 2024-03-26 00:43:12

2024-03-26 00:43:12 开始第 171 次操作

2024-03-26 00:43:12 开始操作号码 【1610091】
2024-03-26 00:43:17 GSD getOne 第 1 次 等待 3 秒
2024-03-26 00:43:20 查询号码 【1610091】，返回信息 {"status":"ok","msg":"-","gid":"521290","time_insert":"2023-02-08 08:15"}
2024-03-26 00:43:20 查询号码 【1610091】，GSD为【"-"】
2024-03-26 00:43:20 ok && -
2024-03-26 00:43:21 CHB 1610091?1711385000 第 1 次 等待 3 秒
2024-03-26 00:43:24 CHB 1610091?1711385000 第 1 次 获取到号码【1610091】GSD
2024-03-26 00:43:24 未获取到号码【1610091】GSD，可能号码格式错误
2024-03-26 00:43:24 获取到号码【1610091】的GSD为【-】
2024-03-26 00:43:29 GSD insert 第 1 次 等待 3 秒
2024-03-26 00:43:32 {"status":"bad","gid":"521290","msg":"添加失败！号码【1610091(-|-)】已存在！"}
2024-03-26 00:43:32 随机等待 127 秒，约 2 分钟
2024-03-26 00:43:32 下次操作: 2024-03-26 00:45:39

2024-03-26 00:45:39 开始第 172 次操作

2024-03-26 00:45:39 开始操作号码 【1610092】
2024-03-26 00:45:44 GSD getOne 第 1 次 等待 3 秒
2024-03-26 00:45:47 查询号码 【1610092】，返回信息 {"status":"ok","msg":"-","gid":"521295","time_insert":"2023-02-08 08:24"}
2024-03-26 00:45:47 查询号码 【1610092】，GSD为【"-"】
2024-03-26 00:45:47 ok && -
2024-03-26 00:45:49 CHB 1610092?1711385147 第 1 次 等待 3 秒
2024-03-26 00:45:52 CHB 1610092?1711385147 第 1 次 获取到号码【1610092】GSD
2024-03-26 00:45:52 未获取到号码【1610092】GSD，可能号码格式错误
2024-03-26 00:45:52 获取到号码【1610092】的GSD为【-】
2024-03-26 00:45:56 GSD insert 第 1 次 等待 3 秒
2024-03-26 00:46:00 {"status":"bad","gid":"521295","msg":"添加失败！号码【1610092(-|-)】已存在！"}

