2024-11-29 00:08:56 开始第 7485 次操作

2024-11-29 00:08:56 开始操作号码 【1317484】
2024-11-29 00:08:57 GSD getOne 第 1 次 等待 3 秒
2024-11-29 00:09:00 查询号码 【1317484】，返回信息 {"status":"ok","msg":"天津-天津","gid":"224316","time_insert":"2021-07-08 17:52"}
2024-11-29 00:09:00 查询号码 【1317484】，GSD为【"天津-天津"】

2024-11-29 00:09:01 开始第 7486 次操作

2024-11-29 00:09:01 开始操作号码 【1317485】
2024-11-29 00:09:02 GSD getOne 第 1 次 等待 3 秒
2024-11-29 00:09:05 查询号码 【1317485】，返回信息 {"status":"ok","msg":"天津-天津","gid":"224308","time_insert":"2021-07-08 17:51"}
2024-11-29 00:09:05 查询号码 【1317485】，GSD为【"天津-天津"】

2024-11-29 00:09:06 开始第 7487 次操作

2024-11-29 00:09:06 开始操作号码 【1317486】
2024-11-29 00:09:07 GSD getOne 第 1 次 等待 3 秒
2024-11-29 00:09:10 查询号码 【1317486】，返回信息 {"status":"ok","msg":"天津-天津","gid":"224299","time_insert":"2021-07-08 17:51"}
2024-11-29 00:09:10 查询号码 【1317486】，GSD为【"天津-天津"】

2024-11-29 00:09:11 开始第 7488 次操作

2024-11-29 00:09:11 开始操作号码 【1317487】
2024-11-29 00:09:12 GSD getOne 第 1 次 等待 3 秒
2024-11-29 00:09:15 查询号码 【1317487】，返回信息 {"status":"ok","msg":"天津-天津","gid":"224294","time_insert":"2021-07-08 17:51"}
2024-11-29 00:09:15 查询号码 【1317487】，GSD为【"天津-天津"】

2024-11-29 00:42:28 开始第 7489 次操作

2024-11-29 00:42:28 开始操作号码 【1317488】
2024-11-29 00:42:29 GSD getOne 第 1 次 等待 3 秒
2024-11-29 00:42:32 查询号码 【1317488】，返回信息 {"status":"ok","msg":"天津-天津","gid":"224286","time_insert":"2021-07-08 17:50"}
2024-11-29 00:42:32 查询号码 【1317488】，GSD为【"天津-天津"】

2024-11-29 00:42:33 开始第 7490 次操作

2024-11-29 00:42:33 开始操作号码 【1317489】
2024-11-29 00:42:37 GSD getOne 第 1 次 等待 3 秒
2024-11-29 00:42:40 查询号码 【1317489】，返回信息 {"status":"ok","msg":"天津-天津","gid":"224280","time_insert":"2021-07-08 17:50"}
2024-11-29 00:42:40 查询号码 【1317489】，GSD为【"天津-天津"】

2024-11-29 00:42:41 开始第 7491 次操作

2024-11-29 00:42:41 开始操作号码 【1317490】
2024-11-29 00:42:42 GSD getOne 第 1 次 等待 3 秒
2024-11-29 00:42:45 查询号码 【1317490】，返回信息 {"status":"ok","msg":"浙江-金华","gid":"224271","time_insert":"2021-07-08 17:49"}
2024-11-29 00:42:45 查询号码 【1317490】，GSD为【"浙江-金华"】

2024-11-29 00:42:46 开始第 7492 次操作

2024-11-29 00:42:46 开始操作号码 【1317491】
2024-11-29 00:42:47 GSD getOne 第 1 次 等待 3 秒
2024-11-29 00:42:50 查询号码 【1317491】，返回信息 {"status":"ok","msg":"浙江-金华","gid":"224265","time_insert":"2021-07-08 17:49"}
2024-11-29 00:42:50 查询号码 【1317491】，GSD为【"浙江-金华"】

