2024-08-19 10:40:25 开始第 1 次操作

2024-08-19 10:40:25 开始操作号码 【1390000】
2024-08-19 10:40:33 GSD getOne 第 1 次 等待 3 秒
2024-08-19 10:40:36 查询号码 【1390000】，返回信息 {"status":"ok","msg":"新疆-乌鲁木齐","gid":"58568","time_insert":"2021-05-14 13:56"}
2024-08-19 10:40:36 查询号码 【1390000】，GSD为【"新疆-乌鲁木齐"】

2024-08-19 10:40:37 开始第 2 次操作

2024-08-19 10:40:37 开始操作号码 【1390001】
2024-08-19 10:40:45 GSD getOne 第 1 次 等待 3 秒
2024-08-19 10:40:48 查询号码 【1390001】，返回信息 {"status":"ok","msg":"辽宁-沈阳","gid":"58579","time_insert":"2021-05-14 14:25"}
2024-08-19 10:40:48 查询号码 【1390001】，GSD为【"辽宁-沈阳"】

2024-08-19 10:40:49 开始第 3 次操作

2024-08-19 10:40:49 开始操作号码 【1390002】
2024-08-19 10:40:57 GSD getOne 第 1 次 等待 3 秒
2024-08-19 10:41:00 查询号码 【1390002】，返回信息 {"status":"ok","msg":"辽宁-沈阳","gid":"58588","time_insert":"2021-05-14 14:46"}
2024-08-19 10:41:00 查询号码 【1390002】，GSD为【"辽宁-沈阳"】

2024-08-19 10:41:01 开始第 4 次操作

2024-08-19 10:41:01 开始操作号码 【1390003】
2024-08-19 10:41:09 GSD getOne 第 1 次 等待 3 秒
2024-08-19 10:41:12 查询号码 【1390003】，返回信息 {"status":"ok","msg":"新疆-奎屯","gid":"58601","time_insert":"2021-05-14 15:08"}
2024-08-19 10:41:12 查询号码 【1390003】，GSD为【"新疆-奎屯"】

