2024-11-26 00:09:12 开始第 6957 次操作

2024-11-26 00:09:12 开始操作号码 【1316956】
2024-11-26 00:09:13 GSD getOne 第 1 次 等待 3 秒
2024-11-26 00:09:16 查询号码 【1316956】，返回信息 {"status":"ok","msg":"广东-惠州","gid":"230431","time_insert":"2021-07-09 11:46"}
2024-11-26 00:09:16 查询号码 【1316956】，GSD为【"广东-惠州"】

2024-11-26 00:09:17 开始第 6958 次操作

2024-11-26 00:09:17 开始操作号码 【1316957】
2024-11-26 00:09:18 GSD getOne 第 1 次 等待 3 秒
2024-11-26 00:09:21 查询号码 【1316957】，返回信息 {"status":"ok","msg":"广东-惠州","gid":"230425","time_insert":"2021-07-09 11:45"}
2024-11-26 00:09:21 查询号码 【1316957】，GSD为【"广东-惠州"】

2024-11-26 00:09:22 开始第 6959 次操作

2024-11-26 00:09:22 开始操作号码 【1316958】
2024-11-26 00:09:23 GSD getOne 第 1 次 等待 3 秒
2024-11-26 00:09:26 查询号码 【1316958】，返回信息 {"status":"ok","msg":"广东-惠州","gid":"230421","time_insert":"2021-07-09 11:45"}
2024-11-26 00:09:26 查询号码 【1316958】，GSD为【"广东-惠州"】

2024-11-26 00:09:27 开始第 6960 次操作

2024-11-26 00:09:27 开始操作号码 【1316959】
2024-11-26 00:09:28 GSD getOne 第 1 次 等待 3 秒
2024-11-26 00:09:31 查询号码 【1316959】，返回信息 {"status":"ok","msg":"广东-惠州","gid":"230418","time_insert":"2021-07-09 11:45"}
2024-11-26 00:09:31 查询号码 【1316959】，GSD为【"广东-惠州"】

2024-11-26 00:43:12 开始第 6961 次操作

2024-11-26 00:43:12 开始操作号码 【1316960】
2024-11-26 00:43:14 GSD getOne 第 1 次 等待 3 秒
2024-11-26 00:43:17 查询号码 【1316960】，返回信息 {"status":"ok","msg":"广东-珠海","gid":"230412","time_insert":"2021-07-09 11:44"}
2024-11-26 00:43:17 查询号码 【1316960】，GSD为【"广东-珠海"】

2024-11-26 00:43:18 开始第 6962 次操作

2024-11-26 00:43:18 开始操作号码 【1316961】
2024-11-26 00:43:18 GSD getOne 第 1 次 等待 3 秒
2024-11-26 00:43:21 查询号码 【1316961】，返回信息 {"status":"ok","msg":"广东-珠海","gid":"230408","time_insert":"2021-07-09 11:44"}
2024-11-26 00:43:21 查询号码 【1316961】，GSD为【"广东-珠海"】

2024-11-26 00:43:22 开始第 6963 次操作

2024-11-26 00:43:22 开始操作号码 【1316962】
2024-11-26 00:43:23 GSD getOne 第 1 次 等待 3 秒
2024-11-26 00:43:26 查询号码 【1316962】，返回信息 {"status":"ok","msg":"广东-珠海","gid":"230404","time_insert":"2021-07-09 11:43"}
2024-11-26 00:43:26 查询号码 【1316962】，GSD为【"广东-珠海"】

2024-11-26 00:43:27 开始第 6964 次操作

2024-11-26 00:43:27 开始操作号码 【1316963】
2024-11-26 00:43:29 GSD getOne 第 1 次 等待 3 秒
2024-11-26 00:43:32 查询号码 【1316963】，返回信息 {"status":"ok","msg":"广东-珠海","gid":"230246","time_insert":"2021-07-09 10:59","time_update":"2021-07-09 11:49"}
2024-11-26 00:43:32 查询号码 【1316963】，GSD为【"广东-珠海"】

2024-11-26 01:06:46 开始第 6965 次操作

2024-11-26 01:06:46 开始操作号码 【1316964】
2024-11-26 01:06:48 GSD getOne 第 1 次 等待 3 秒
2024-11-26 01:06:51 查询号码 【1316964】，返回信息 {"status":"ok","msg":"广东-珠海","gid":"230241","time_insert":"2021-07-09 10:59"}
2024-11-26 01:06:51 查询号码 【1316964】，GSD为【"广东-珠海"】

2024-11-26 01:06:52 开始第 6966 次操作

2024-11-26 01:06:52 开始操作号码 【1316965】
2024-11-26 01:06:53 GSD getOne 第 1 次 等待 3 秒
2024-11-26 01:06:56 查询号码 【1316965】，返回信息 {"status":"ok","msg":"广东-珠海","gid":"230233","time_insert":"2021-07-09 10:58"}
2024-11-26 01:06:56 查询号码 【1316965】，GSD为【"广东-珠海"】

2024-11-26 01:06:57 开始第 6967 次操作

2024-11-26 01:06:57 开始操作号码 【1316966】
2024-11-26 01:06:58 GSD getOne 第 1 次 等待 3 秒
2024-11-26 01:07:01 查询号码 【1316966】，返回信息 {"status":"ok","msg":"广东-珠海","gid":"230228","time_insert":"2021-07-09 10:58"}
2024-11-26 01:07:01 查询号码 【1316966】，GSD为【"广东-珠海"】

2024-11-26 01:07:02 开始第 6968 次操作

2024-11-26 01:07:02 开始操作号码 【1316967】
2024-11-26 01:07:03 GSD getOne 第 1 次 等待 3 秒
2024-11-26 01:07:06 查询号码 【1316967】，返回信息 {"status":"ok","msg":"广东-珠海","gid":"1542","time_insert":"2018-03-15 11:55","time_update":"2020-09-24 22:27"}
2024-11-26 01:07:06 查询号码 【1316967】，GSD为【"广东-珠海"】

