2023-11-08 00:21:02 开始第 7337 次操作

2023-11-08 00:21:02 开始操作号码 【1937255】
2023-11-08 00:21:09 GSD getOne 第 1 次 等待 3 秒
2023-11-08 00:21:12 查询号码 【1937255】，返回信息 {"status":"ok","msg":"广西-钦州","gid":"467496","time_insert":"2021-08-01 13:05"}
2023-11-08 00:21:12 查询号码 【1937255】，GSD为【"广西-钦州"】

2023-11-08 00:21:13 开始第 7338 次操作

2023-11-08 00:21:13 开始操作号码 【1937256】
2023-11-08 00:21:16 GSD getOne 第 1 次 等待 3 秒
2023-11-08 00:21:19 查询号码 【1937256】，返回信息 {"status":"ok","msg":"广西-钦州","gid":"467484","time_insert":"2021-08-01 13:05"}
2023-11-08 00:21:19 查询号码 【1937256】，GSD为【"广西-钦州"】

2023-11-08 00:21:20 开始第 7339 次操作

2023-11-08 00:21:20 开始操作号码 【1937257】
2023-11-08 00:21:27 GSD getOne 第 1 次 等待 3 秒
2023-11-08 00:21:30 查询号码 【1937257】，返回信息 {"status":"ok","msg":"广西-钦州","gid":"467473","time_insert":"2021-08-01 13:04"}
2023-11-08 00:21:30 查询号码 【1937257】，GSD为【"广西-钦州"】

2023-11-08 00:21:31 开始第 7340 次操作

2023-11-08 00:21:31 开始操作号码 【1937258】
2023-11-08 00:22:21 GSD getOne 第 1 次 等待 3 秒
2023-11-08 00:22:24 查询号码 【1937258】，返回信息 {"status":"ok","msg":"广西-钦州","gid":"467453","time_insert":"2021-08-01 13:03"}
2023-11-08 00:22:24 查询号码 【1937258】，GSD为【"广西-钦州"】

2023-11-08 00:41:04 开始第 7341 次操作

2023-11-08 00:41:04 开始操作号码 【1937259】
2023-11-08 00:41:07 GSD getOne 第 1 次 等待 3 秒
2023-11-08 00:41:10 查询号码 【1937259】，返回信息 {"status":"ok","msg":"广西-钦州","gid":"467441","time_insert":"2021-08-01 13:02"}
2023-11-08 00:41:10 查询号码 【1937259】，GSD为【"广西-钦州"】

2023-11-08 00:41:11 开始第 7342 次操作

2023-11-08 00:41:11 开始操作号码 【1937260】
2023-11-08 00:41:16 GSD getOne 第 1 次 等待 3 秒
2023-11-08 00:41:19 查询号码 【1937260】，返回信息 {"status":"ok","msg":"广西-钦州","gid":"467428","time_insert":"2021-08-01 13:01"}
2023-11-08 00:41:19 查询号码 【1937260】，GSD为【"广西-钦州"】

2023-11-08 00:41:20 开始第 7343 次操作

2023-11-08 00:41:20 开始操作号码 【1937261】
2023-11-08 00:41:32 GSD getOne 第 1 次 等待 3 秒
2023-11-08 00:41:35 查询号码 【1937261】，返回信息 {"status":"ok","msg":"广西-钦州","gid":"467414","time_insert":"2021-08-01 13:00"}
2023-11-08 00:41:35 查询号码 【1937261】，GSD为【"广西-钦州"】

2023-11-08 00:41:36 开始第 7344 次操作

2023-11-08 00:41:36 开始操作号码 【1937262】
2023-11-08 00:41:39 GSD getOne 第 1 次 等待 3 秒
2023-11-08 00:41:42 查询号码 【1937262】，返回信息 {"status":"ok","msg":"广西-钦州","gid":"467404","time_insert":"2021-08-01 12:59"}
2023-11-08 00:41:42 查询号码 【1937262】，GSD为【"广西-钦州"】

2023-11-08 01:14:12 开始第 7345 次操作

2023-11-08 01:14:12 开始操作号码 【1937263】
2023-11-08 01:14:16 GSD getOne 第 1 次 等待 3 秒
2023-11-08 01:14:19 查询号码 【1937263】，返回信息 {"status":"ok","msg":"广西-钦州","gid":"467388","time_insert":"2021-08-01 12:58"}
2023-11-08 01:14:19 查询号码 【1937263】，GSD为【"广西-钦州"】

2023-11-08 01:14:20 开始第 7346 次操作

2023-11-08 01:14:20 开始操作号码 【1937264】
2023-11-08 01:14:23 GSD getOne 第 1 次 等待 3 秒
2023-11-08 01:14:26 查询号码 【1937264】，返回信息 {"status":"ok","msg":"广西-钦州","gid":"467374","time_insert":"2021-08-01 12:57"}
2023-11-08 01:14:26 查询号码 【1937264】，GSD为【"广西-钦州"】

2023-11-08 01:14:27 开始第 7347 次操作

2023-11-08 01:14:27 开始操作号码 【1937265】
2023-11-08 01:14:30 GSD getOne 第 1 次 等待 3 秒
2023-11-08 01:14:33 查询号码 【1937265】，返回信息 {"status":"ok","msg":"广西-钦州","gid":"467255","time_insert":"2021-08-01 12:37"}
2023-11-08 01:14:34 查询号码 【1937265】，GSD为【"广西-钦州"】

2023-11-08 01:14:35 开始第 7348 次操作

2023-11-08 01:14:35 开始操作号码 【1937266】
2023-11-08 01:14:38 GSD getOne 第 1 次 等待 3 秒
2023-11-08 01:14:41 查询号码 【1937266】，返回信息 {"status":"ok","msg":"广西-钦州","gid":"467253","time_insert":"2021-08-01 12:36"}
2023-11-08 01:14:41 查询号码 【1937266】，GSD为【"广西-钦州"】

2023-11-08 01:37:04 开始第 7349 次操作

2023-11-08 01:37:04 开始操作号码 【1937267】
2023-11-08 01:37:07 GSD getOne 第 1 次 等待 3 秒
2023-11-08 01:37:10 查询号码 【1937267】，返回信息 {"status":"ok","msg":"广西-钦州","gid":"467250","time_insert":"2021-08-01 12:35"}
2023-11-08 01:37:10 查询号码 【1937267】，GSD为【"广西-钦州"】

2023-11-08 01:37:11 开始第 7350 次操作

2023-11-08 01:37:11 开始操作号码 【1937268】
2023-11-08 01:37:14 GSD getOne 第 1 次 等待 3 秒
2023-11-08 01:37:17 查询号码 【1937268】，返回信息 {"status":"ok","msg":"广西-钦州","gid":"467245","time_insert":"2021-08-01 12:34"}
2023-11-08 01:37:17 查询号码 【1937268】，GSD为【"广西-钦州"】

2023-11-08 01:37:18 开始第 7351 次操作

2023-11-08 01:37:18 开始操作号码 【1937269】
2023-11-08 01:37:21 GSD getOne 第 1 次 等待 3 秒
2023-11-08 01:37:24 查询号码 【1937269】，返回信息 {"status":"ok","msg":"广西-钦州","gid":"467244","time_insert":"2021-08-01 12:34"}
2023-11-08 01:37:25 查询号码 【1937269】，GSD为【"广西-钦州"】

2023-11-08 01:37:26 开始第 7352 次操作

2023-11-08 01:37:26 开始操作号码 【1937270】
2023-11-08 01:37:30 GSD getOne 第 1 次 等待 3 秒
2023-11-08 01:37:33 查询号码 【1937270】，返回信息 {"status":"ok","msg":"广西-来宾","gid":"467242","time_insert":"2021-08-01 12:33"}
2023-11-08 01:37:33 查询号码 【1937270】，GSD为【"广西-来宾"】

2023-11-08 02:20:07 开始第 7353 次操作

2023-11-08 02:20:07 开始操作号码 【1937271】
2023-11-08 02:20:10 GSD getOne 第 1 次 等待 3 秒
2023-11-08 02:20:13 查询号码 【1937271】，返回信息 {"status":"ok","msg":"广西-来宾","gid":"467241","time_insert":"2021-08-01 12:32"}
2023-11-08 02:20:13 查询号码 【1937271】，GSD为【"广西-来宾"】

2023-11-08 02:20:14 开始第 7354 次操作

2023-11-08 02:20:14 开始操作号码 【1937272】
2023-11-08 02:20:17 GSD getOne 第 1 次 等待 3 秒
2023-11-08 02:20:20 查询号码 【1937272】，返回信息 {"status":"ok","msg":"广西-来宾","gid":"467239","time_insert":"2021-08-01 12:31"}
2023-11-08 02:20:20 查询号码 【1937272】，GSD为【"广西-来宾"】

2023-11-08 02:20:21 开始第 7355 次操作

2023-11-08 02:20:21 开始操作号码 【1937273】
2023-11-08 02:20:24 GSD getOne 第 1 次 等待 3 秒
2023-11-08 02:20:27 查询号码 【1937273】，返回信息 {"status":"ok","msg":"广西-来宾","gid":"467237","time_insert":"2021-08-01 12:30"}
2023-11-08 02:20:27 查询号码 【1937273】，GSD为【"广西-来宾"】

2023-11-08 02:20:28 开始第 7356 次操作

2023-11-08 02:20:28 开始操作号码 【1937274】
2023-11-08 02:20:31 GSD getOne 第 1 次 等待 3 秒
2023-11-08 02:20:34 查询号码 【1937274】，返回信息 {"status":"ok","msg":"广西-来宾","gid":"467236","time_insert":"2021-08-01 12:29"}
2023-11-08 02:20:34 查询号码 【1937274】，GSD为【"广西-来宾"】

2023-11-08 02:37:36 开始第 7357 次操作

2023-11-08 02:37:36 开始操作号码 【1937275】
2023-11-08 02:37:39 GSD getOne 第 1 次 等待 3 秒
2023-11-08 02:37:42 查询号码 【1937275】，返回信息 {"status":"ok","msg":"广西-来宾","gid":"467235","time_insert":"2021-08-01 12:28"}
2023-11-08 02:37:42 查询号码 【1937275】，GSD为【"广西-来宾"】

2023-11-08 02:37:43 开始第 7358 次操作

2023-11-08 02:37:44 开始操作号码 【1937276】
2023-11-08 02:37:47 GSD getOne 第 1 次 等待 3 秒
2023-11-08 02:37:50 查询号码 【1937276】，返回信息 {"status":"ok","msg":"广西-来宾","gid":"467232","time_insert":"2021-08-01 12:27"}
2023-11-08 02:37:50 查询号码 【1937276】，GSD为【"广西-来宾"】

2023-11-08 02:37:51 开始第 7359 次操作

2023-11-08 02:37:51 开始操作号码 【1937277】
2023-11-08 02:37:54 GSD getOne 第 1 次 等待 3 秒
2023-11-08 02:37:57 查询号码 【1937277】，返回信息 {"status":"ok","msg":"广西-来宾","gid":"467231","time_insert":"2021-08-01 12:27"}
2023-11-08 02:37:57 查询号码 【1937277】，GSD为【"广西-来宾"】

2023-11-08 02:37:58 开始第 7360 次操作

2023-11-08 02:37:58 开始操作号码 【1937278】
2023-11-08 02:38:01 GSD getOne 第 1 次 等待 3 秒
2023-11-08 02:38:04 查询号码 【1937278】，返回信息 {"status":"ok","msg":"广西-来宾","gid":"467229","time_insert":"2021-08-01 12:26"}
2023-11-08 02:38:04 查询号码 【1937278】，GSD为【"广西-来宾"】

2023-11-08 03:12:47 开始第 7361 次操作

2023-11-08 03:12:47 开始操作号码 【1937279】
2023-11-08 03:12:50 GSD getOne 第 1 次 等待 3 秒
2023-11-08 03:12:53 查询号码 【1937279】，返回信息 {"status":"ok","msg":"广西-来宾","gid":"467226","time_insert":"2021-08-01 12:25"}
2023-11-08 03:12:53 查询号码 【1937279】，GSD为【"广西-来宾"】

2023-11-08 03:12:54 开始第 7362 次操作

2023-11-08 03:12:54 开始操作号码 【1937280】
2023-11-08 03:12:57 GSD getOne 第 1 次 等待 3 秒
2023-11-08 03:13:00 查询号码 【1937280】，返回信息 {"status":"ok","msg":"上海-上海","gid":"467223","time_insert":"2021-08-01 12:24"}
2023-11-08 03:13:00 查询号码 【1937280】，GSD为【"上海-上海"】

2023-11-08 03:13:01 开始第 7363 次操作

2023-11-08 03:13:01 开始操作号码 【1937281】
2023-11-08 03:13:04 GSD getOne 第 1 次 等待 3 秒
2023-11-08 03:13:07 查询号码 【1937281】，返回信息 {"status":"ok","msg":"上海-上海","gid":"467222","time_insert":"2021-08-01 12:23"}
2023-11-08 03:13:07 查询号码 【1937281】，GSD为【"上海-上海"】

2023-11-08 03:13:08 开始第 7364 次操作

2023-11-08 03:13:09 开始操作号码 【1937282】
2023-11-08 03:13:12 GSD getOne 第 1 次 等待 3 秒
2023-11-08 03:13:15 查询号码 【1937282】，返回信息 {"status":"ok","msg":"上海-上海","gid":"467219","time_insert":"2021-08-01 12:22"}
2023-11-08 03:13:15 查询号码 【1937282】，GSD为【"上海-上海"】

2023-11-08 03:37:27 开始第 7365 次操作

2023-11-08 03:37:27 开始操作号码 【1937283】
2023-11-08 03:37:30 GSD getOne 第 1 次 等待 3 秒
2023-11-08 03:37:33 查询号码 【1937283】，返回信息 {"status":"ok","msg":"上海-上海","gid":"467216","time_insert":"2021-08-01 12:21"}
2023-11-08 03:37:33 查询号码 【1937283】，GSD为【"上海-上海"】

2023-11-08 03:37:34 开始第 7366 次操作

2023-11-08 03:37:34 开始操作号码 【1937284】
2023-11-08 03:37:37 GSD getOne 第 1 次 等待 3 秒
2023-11-08 03:37:40 查询号码 【1937284】，返回信息 {"status":"ok","msg":"上海-上海","gid":"467213","time_insert":"2021-08-01 12:20"}
2023-11-08 03:37:40 查询号码 【1937284】，GSD为【"上海-上海"】

2023-11-08 03:37:41 开始第 7367 次操作

2023-11-08 03:37:41 开始操作号码 【1937285】
2023-11-08 03:37:44 GSD getOne 第 1 次 等待 3 秒
2023-11-08 03:37:47 查询号码 【1937285】，返回信息 {"status":"ok","msg":"上海-上海","gid":"467208","time_insert":"2021-08-01 12:20"}
2023-11-08 03:37:47 查询号码 【1937285】，GSD为【"上海-上海"】

2023-11-08 03:37:48 开始第 7368 次操作

2023-11-08 03:37:48 开始操作号码 【1937286】
2023-11-08 03:37:50 GSD getOne 第 1 次 等待 3 秒
2023-11-08 03:37:53 查询号码 【1937286】，返回信息 {"status":"ok","msg":"上海-上海","gid":"467203","time_insert":"2021-08-01 12:19"}
2023-11-08 03:37:53 查询号码 【1937286】，GSD为【"上海-上海"】

