2023-10-09 00:18:51 开始第 2241 次操作

2023-10-09 00:18:51 开始操作号码 【1932240】
2023-10-09 00:18:57 GSD getOne 第 1 次 等待 3 秒
2023-10-09 00:19:00 查询号码 【1932240】，返回信息 {"status":"ok","msg":"河北-石家庄","gid":"506610","time_insert":"2021-08-12 22:44","time_update":"2023-06-11 15:35"}
2023-10-09 00:19:00 查询号码 【1932240】，GSD为【"河北-石家庄"】

2023-10-09 00:19:01 开始第 2242 次操作

2023-10-09 00:19:01 开始操作号码 【1932241】
2023-10-09 00:19:05 GSD getOne 第 1 次 等待 3 秒
2023-10-09 00:19:08 查询号码 【1932241】，返回信息 {"status":"ok","msg":"河北-石家庄","gid":"508125","time_insert":"2021-08-13 16:43","time_update":"2023-06-11 15:38"}
2023-10-09 00:19:08 查询号码 【1932241】，GSD为【"河北-石家庄"】

2023-10-09 00:19:09 开始第 2243 次操作

2023-10-09 00:19:09 开始操作号码 【1932242】
2023-10-09 00:19:16 GSD getOne 第 1 次 等待 3 秒
2023-10-09 00:19:19 查询号码 【1932242】，返回信息 {"status":"ok","msg":"河北-保定","gid":"506646","time_insert":"2021-08-12 23:13","time_update":"2023-06-11 15:39"}
2023-10-09 00:19:19 查询号码 【1932242】，GSD为【"河北-保定"】

2023-10-09 00:19:20 开始第 2244 次操作

2023-10-09 00:19:20 开始操作号码 【1932243】
2023-10-09 00:19:23 GSD getOne 第 1 次 等待 3 秒
2023-10-09 00:19:26 查询号码 【1932243】，返回信息 {"status":"ok","msg":"河北-石家庄","gid":"506663","time_insert":"2021-08-12 23:26","time_update":"2023-06-11 15:43"}
2023-10-09 00:19:26 查询号码 【1932243】，GSD为【"河北-石家庄"】

2023-10-09 00:37:37 开始第 2245 次操作

2023-10-09 00:37:37 开始操作号码 【1932244】
2023-10-09 00:37:41 GSD getOne 第 1 次 等待 3 秒
2023-10-09 00:37:44 查询号码 【1932244】，返回信息 {"status":"ok","msg":"河北-承德","gid":"508127","time_insert":"2021-08-13 16:43","time_update":"2023-06-11 16:16"}
2023-10-09 00:37:44 查询号码 【1932244】，GSD为【"河北-承德"】

2023-10-09 00:37:45 开始第 2246 次操作

2023-10-09 00:37:45 开始操作号码 【1932245】
2023-10-09 00:37:49 GSD getOne 第 1 次 等待 3 秒
2023-10-09 00:37:52 查询号码 【1932245】，返回信息 {"status":"ok","msg":"河北-唐山","gid":"506695","time_insert":"2021-08-12 23:49","time_update":"2023-06-11 16:19"}
2023-10-09 00:37:52 查询号码 【1932245】，GSD为【"河北-唐山"】

2023-10-09 00:37:53 开始第 2247 次操作

2023-10-09 00:37:53 开始操作号码 【1932246】
2023-10-09 00:37:57 GSD getOne 第 1 次 等待 3 秒
2023-10-09 00:38:00 查询号码 【1932246】，返回信息 {"status":"ok","msg":"河北-廊坊","gid":"506709","time_insert":"2021-08-13 00:00","time_update":"2023-06-11 16:23"}
2023-10-09 00:38:00 查询号码 【1932246】，GSD为【"河北-廊坊"】

2023-10-09 00:38:01 开始第 2248 次操作

2023-10-09 00:38:01 开始操作号码 【1932247】
2023-10-09 00:38:11 GSD getOne 第 1 次 等待 3 秒
2023-10-09 00:38:14 查询号码 【1932247】，返回信息 {"status":"ok","msg":"河北-沧州","gid":"506726","time_insert":"2021-08-13 00:12","time_update":"2023-06-11 16:26"}
2023-10-09 00:38:14 查询号码 【1932247】，GSD为【"河北-沧州"】

2023-10-09 01:12:30 开始第 2249 次操作

2023-10-09 01:12:30 开始操作号码 【1932248】
2023-10-09 01:12:43 GSD getOne 第 1 次 等待 3 秒
2023-10-09 01:12:46 查询号码 【1932248】，返回信息 {"status":"ok","msg":"河北-衡水","gid":"506745","time_insert":"2021-08-13 00:25","time_update":"2023-06-11 16:36"}
2023-10-09 01:12:46 查询号码 【1932248】，GSD为【"河北-衡水"】

2023-10-09 01:12:47 开始第 2250 次操作

2023-10-09 01:12:47 开始操作号码 【1932249】
2023-10-09 01:12:52 GSD getOne 第 1 次 等待 3 秒
2023-10-09 01:12:55 查询号码 【1932249】，返回信息 {"status":"ok","msg":"河北-邯郸","gid":"506760","time_insert":"2021-08-13 00:37","time_update":"2023-06-11 16:39"}
2023-10-09 01:12:55 查询号码 【1932249】，GSD为【"河北-邯郸"】

2023-10-09 01:12:56 开始第 2251 次操作

2023-10-09 01:12:56 开始操作号码 【1932250】
2023-10-09 01:13:05 GSD getOne 第 1 次 等待 3 秒
2023-10-09 01:13:08 查询号码 【1932250】，返回信息 {"status":"ok","msg":"河北-石家庄","gid":"508128","time_insert":"2021-08-13 16:44","time_update":"2023-06-11 16:43"}
2023-10-09 01:13:08 查询号码 【1932250】，GSD为【"河北-石家庄"】

2023-10-09 01:13:09 开始第 2252 次操作

2023-10-09 01:13:09 开始操作号码 【1932251】
2023-10-09 01:13:22 GSD getOne 第 1 次 等待 3 秒
2023-10-09 01:13:25 查询号码 【1932251】，返回信息 {"status":"ok","msg":"河北-石家庄","gid":"506797","time_insert":"2021-08-13 01:06","time_update":"2023-06-11 16:46"}
2023-10-09 01:13:25 查询号码 【1932251】，GSD为【"河北-石家庄"】

2023-10-09 01:37:10 开始第 2253 次操作

2023-10-09 01:37:10 开始操作号码 【1932252】
2023-10-09 01:37:16 GSD getOne 第 1 次 等待 3 秒
2023-10-09 01:37:19 查询号码 【1932252】，返回信息 {"status":"ok","msg":"河北-保定","gid":"506814","time_insert":"2021-08-13 01:18","time_update":"2023-06-11 17:12"}
2023-10-09 01:37:19 查询号码 【1932252】，GSD为【"河北-保定"】

2023-10-09 01:37:20 开始第 2254 次操作

2023-10-09 01:37:20 开始操作号码 【1932253】
2023-10-09 01:37:23 GSD getOne 第 1 次 等待 3 秒
2023-10-09 01:37:26 查询号码 【1932253】，返回信息 {"status":"ok","msg":"河北-张家口","gid":"506834","time_insert":"2021-08-13 01:33","time_update":"2023-06-11 17:14"}
2023-10-09 01:37:26 查询号码 【1932253】，GSD为【"河北-张家口"】

2023-10-09 01:37:27 开始第 2255 次操作

2023-10-09 01:37:27 开始操作号码 【1932254】
2023-10-09 01:37:34 GSD getOne 第 1 次 等待 3 秒
2023-10-09 01:37:37 查询号码 【1932254】，返回信息 {"status":"ok","msg":"河北-廊坊","gid":"506854","time_insert":"2021-08-13 01:48","time_update":"2023-06-11 17:17"}
2023-10-09 01:37:38 查询号码 【1932254】，GSD为【"河北-廊坊"】

2023-10-09 01:37:39 开始第 2256 次操作

2023-10-09 01:37:39 开始操作号码 【1932255】
2023-10-09 01:37:45 GSD getOne 第 1 次 等待 3 秒
2023-10-09 01:37:48 查询号码 【1932255】，返回信息 {"status":"ok","msg":"河北-秦皇岛","gid":"506873","time_insert":"2021-08-13 02:03","time_update":"2023-06-11 17:19"}
2023-10-09 01:37:48 查询号码 【1932255】，GSD为【"河北-秦皇岛"】

2023-10-09 02:19:16 开始第 2257 次操作

2023-10-09 02:19:16 开始操作号码 【1932256】
2023-10-09 02:19:19 GSD getOne 第 1 次 等待 3 秒
2023-10-09 02:19:22 查询号码 【1932256】，返回信息 {"status":"ok","msg":"河北-廊坊","gid":"506893","time_insert":"2021-08-13 02:17","time_update":"2023-06-11 17:36"}
2023-10-09 02:19:22 查询号码 【1932256】，GSD为【"河北-廊坊"】

2023-10-09 02:19:23 开始第 2258 次操作

2023-10-09 02:19:23 开始操作号码 【1932257】
2023-10-09 02:19:26 GSD getOne 第 1 次 等待 3 秒
2023-10-09 02:19:29 查询号码 【1932257】，返回信息 {"status":"ok","msg":"河北-沧州","gid":"506909","time_insert":"2021-08-13 02:28","time_update":"2023-06-11 17:39"}
2023-10-09 02:19:29 查询号码 【1932257】，GSD为【"河北-沧州"】

2023-10-09 02:19:30 开始第 2259 次操作

2023-10-09 02:19:30 开始操作号码 【1932258】
2023-10-09 02:19:43 GSD getOne 第 1 次 等待 3 秒
2023-10-09 02:19:46 查询号码 【1932258】，返回信息 {"status":"ok","msg":"河北-承德","gid":"506928","time_insert":"2021-08-13 02:42","time_update":"2023-06-11 17:41"}
2023-10-09 02:19:46 查询号码 【1932258】，GSD为【"河北-承德"】

2023-10-09 02:19:48 开始第 2260 次操作

2023-10-09 02:19:48 开始操作号码 【1932259】
2023-10-09 02:19:50 GSD getOne 第 1 次 等待 3 秒
2023-10-09 02:19:53 查询号码 【1932259】，返回信息 {"status":"ok","msg":"河北-邢台","gid":"506947","time_insert":"2021-08-13 02:55","time_update":"2023-06-11 17:44"}
2023-10-09 02:19:53 查询号码 【1932259】，GSD为【"河北-邢台"】

2023-10-09 02:37:28 开始第 2261 次操作

2023-10-09 02:37:28 开始操作号码 【1932260】
2023-10-09 02:37:34 GSD getOne 第 1 次 等待 3 秒
2023-10-09 02:37:37 查询号码 【1932260】，返回信息 {"status":"ok","msg":"河北-邯郸","gid":"506969","time_insert":"2021-08-13 03:10","time_update":"2023-06-11 18:13"}
2023-10-09 02:37:37 查询号码 【1932260】，GSD为【"河北-邯郸"】

2023-10-09 02:37:38 开始第 2262 次操作

2023-10-09 02:37:38 开始操作号码 【1932261】
2023-10-09 02:37:54 GSD getOne 第 1 次 等待 3 秒
2023-10-09 02:37:57 查询号码 【1932261】，返回信息 {"status":"ok","msg":"河北-石家庄","gid":"506982","time_insert":"2021-08-13 03:20","time_update":"2023-06-11 18:16"}
2023-10-09 02:37:57 查询号码 【1932261】，GSD为【"河北-石家庄"】

2023-10-09 02:37:58 开始第 2263 次操作

2023-10-09 02:37:58 开始操作号码 【1932262】
2023-10-09 02:38:03 GSD getOne 第 1 次 等待 3 秒
2023-10-09 02:38:06 查询号码 【1932262】，返回信息 {"status":"ok","msg":"河北-廊坊","gid":"506997","time_insert":"2021-08-13 03:31","time_update":"2023-06-11 18:18"}
2023-10-09 02:38:06 查询号码 【1932262】，GSD为【"河北-廊坊"】

2023-10-09 02:38:07 开始第 2264 次操作

2023-10-09 02:38:07 开始操作号码 【1932263】
2023-10-09 02:38:11 GSD getOne 第 1 次 等待 3 秒
2023-10-09 02:38:14 查询号码 【1932263】，返回信息 {"status":"ok","msg":"河北-保定","gid":"507014","time_insert":"2021-08-13 03:44","time_update":"2023-06-11 18:21"}
2023-10-09 02:38:14 查询号码 【1932263】，GSD为【"河北-保定"】

2023-10-09 03:11:36 开始第 2265 次操作

2023-10-09 03:11:36 开始操作号码 【1932264】
2023-10-09 03:11:40 GSD getOne 第 1 次 等待 3 秒
2023-10-09 03:11:43 查询号码 【1932264】，返回信息 {"status":"ok","msg":"河北-廊坊","gid":"507032","time_insert":"2021-08-13 03:57","time_update":"2023-06-11 18:36"}
2023-10-09 03:11:43 查询号码 【1932264】，GSD为【"河北-廊坊"】

2023-10-09 03:11:44 开始第 2266 次操作

2023-10-09 03:11:44 开始操作号码 【1932265】
2023-10-09 03:11:47 GSD getOne 第 1 次 等待 3 秒
2023-10-09 03:11:50 查询号码 【1932265】，返回信息 {"status":"ok","msg":"河北-唐山","gid":"507052","time_insert":"2021-08-13 04:11","time_update":"2023-06-11 18:37"}
2023-10-09 03:11:50 查询号码 【1932265】，GSD为【"河北-唐山"】

2023-10-09 03:11:51 开始第 2267 次操作

2023-10-09 03:11:51 开始操作号码 【1932266】
2023-10-09 03:11:54 GSD getOne 第 1 次 等待 3 秒
2023-10-09 03:11:57 查询号码 【1932266】，返回信息 {"status":"ok","msg":"河北-保定","gid":"507067","time_insert":"2021-08-13 04:21","time_update":"2023-06-11 18:41"}
2023-10-09 03:11:57 查询号码 【1932266】，GSD为【"河北-保定"】

2023-10-09 03:11:58 开始第 2268 次操作

2023-10-09 03:11:58 开始操作号码 【1932267】
2023-10-09 03:12:01 GSD getOne 第 1 次 等待 3 秒
2023-10-09 03:12:04 查询号码 【1932267】，返回信息 {"status":"ok","msg":"河北-沧州","gid":"507088","time_insert":"2021-08-13 04:36","time_update":"2023-06-11 18:43"}
2023-10-09 03:12:04 查询号码 【1932267】，GSD为【"河北-沧州"】

2023-10-09 03:37:15 开始第 2269 次操作

2023-10-09 03:37:15 开始操作号码 【1932268】
2023-10-09 03:37:20 GSD getOne 第 1 次 等待 3 秒
2023-10-09 03:37:23 查询号码 【1932268】，返回信息 {"status":"ok","msg":"河北-衡水","gid":"507112","time_insert":"2021-08-13 04:51","time_update":"2023-06-11 19:10"}
2023-10-09 03:37:23 查询号码 【1932268】，GSD为【"河北-衡水"】

2023-10-09 03:37:24 开始第 2270 次操作

2023-10-09 03:37:24 开始操作号码 【1932269】
2023-10-09 03:37:28 GSD getOne 第 1 次 等待 3 秒
2023-10-09 03:37:31 查询号码 【1932269】，返回信息 {"status":"ok","msg":"河北-邢台","gid":"507129","time_insert":"2021-08-13 05:05","time_update":"2023-06-11 19:13"}
2023-10-09 03:37:31 查询号码 【1932269】，GSD为【"河北-邢台"】

2023-10-09 03:37:32 开始第 2271 次操作

2023-10-09 03:37:32 开始操作号码 【1932270】
2023-10-09 03:37:36 GSD getOne 第 1 次 等待 3 秒
2023-10-09 03:37:39 查询号码 【1932270】，返回信息 {"status":"ok","msg":"河北-邯郸","gid":"507149","time_insert":"2021-08-13 05:21","time_update":"2023-06-11 19:17"}
2023-10-09 03:37:39 查询号码 【1932270】，GSD为【"河北-邯郸"】

2023-10-09 03:37:40 开始第 2272 次操作

2023-10-09 03:37:40 开始操作号码 【1932271】
2023-10-09 03:37:44 GSD getOne 第 1 次 等待 3 秒
2023-10-09 03:37:47 查询号码 【1932271】，返回信息 {"status":"ok","msg":"河北-石家庄","gid":"507166","time_insert":"2021-08-13 05:31","time_update":"2023-06-11 19:20"}
2023-10-09 03:37:47 查询号码 【1932271】，GSD为【"河北-石家庄"】

2023-10-09 04:15:22 开始第 2273 次操作

2023-10-09 04:15:22 开始操作号码 【1932272】
2023-10-09 04:15:25 GSD getOne 第 1 次 等待 3 秒
2023-10-09 04:15:28 查询号码 【1932272】，返回信息 {"status":"ok","msg":"河北-保定","gid":"507183","time_insert":"2021-08-13 05:42","time_update":"2023-06-11 19:35"}
2023-10-09 04:15:28 查询号码 【1932272】，GSD为【"河北-保定"】

2023-10-09 04:15:29 开始第 2274 次操作

2023-10-09 04:15:29 开始操作号码 【1932273】
2023-10-09 04:15:31 GSD getOne 第 1 次 等待 3 秒
2023-10-09 04:15:34 查询号码 【1932273】，返回信息 {"status":"ok","msg":"河北-张家口","gid":"507197","time_insert":"2021-08-13 05:54","time_update":"2023-06-11 19:38"}
2023-10-09 04:15:34 查询号码 【1932273】，GSD为【"河北-张家口"】

2023-10-09 04:15:35 开始第 2275 次操作

2023-10-09 04:15:35 开始操作号码 【1932274】
2023-10-09 04:15:38 GSD getOne 第 1 次 等待 3 秒
2023-10-09 04:15:41 查询号码 【1932274】，返回信息 {"status":"ok","msg":"河北-沧州","gid":"507216","time_insert":"2021-08-13 06:06","time_update":"2023-06-11 19:40"}
2023-10-09 04:15:41 查询号码 【1932274】，GSD为【"河北-沧州"】

2023-10-09 04:15:42 开始第 2276 次操作

2023-10-09 04:15:42 开始操作号码 【1932275】
2023-10-09 04:15:44 GSD getOne 第 1 次 等待 3 秒
2023-10-09 04:15:47 查询号码 【1932275】，返回信息 {"status":"ok","msg":"河北-唐山","gid":"508131","time_insert":"2021-08-13 16:45","time_update":"2023-06-11 19:43"}
2023-10-09 04:15:47 查询号码 【1932275】，GSD为【"河北-唐山"】

2023-10-09 04:37:18 开始第 2277 次操作

2023-10-09 04:37:18 开始操作号码 【1932276】
2023-10-09 04:37:34 GSD getOne 第 1 次 等待 3 秒
2023-10-09 04:37:37 查询号码 【1932276】，返回信息 {"status":"ok","msg":"河北-廊坊","gid":"507249","time_insert":"2021-08-13 06:32","time_update":"2023-06-11 20:26"}
2023-10-09 04:37:37 查询号码 【1932276】，GSD为【"河北-廊坊"】

2023-10-09 04:37:38 开始第 2278 次操作

2023-10-09 04:37:38 开始操作号码 【1932277】
2023-10-09 04:37:45 GSD getOne 第 1 次 等待 3 秒
2023-10-09 04:37:48 查询号码 【1932277】，返回信息 {"status":"ok","msg":"河北-沧州","gid":"507268","time_insert":"2021-08-13 06:44","time_update":"2023-06-11 20:28"}
2023-10-09 04:37:48 查询号码 【1932277】，GSD为【"河北-沧州"】

2023-10-09 04:37:49 开始第 2279 次操作

2023-10-09 04:37:49 开始操作号码 【1932278】
2023-10-09 04:37:52 GSD getOne 第 1 次 等待 3 秒
2023-10-09 04:37:55 查询号码 【1932278】，返回信息 {"status":"ok","msg":"河北-承德","gid":"507288","time_insert":"2021-08-13 06:58","time_update":"2023-06-11 20:31"}
2023-10-09 04:37:55 查询号码 【1932278】，GSD为【"河北-承德"】

2023-10-09 04:37:56 开始第 2280 次操作

2023-10-09 04:37:56 开始操作号码 【1932279】
2023-10-09 04:37:59 GSD getOne 第 1 次 等待 3 秒
2023-10-09 04:38:02 查询号码 【1932279】，返回信息 {"status":"ok","msg":"河北-廊坊","gid":"507304","time_insert":"2021-08-13 07:11","time_update":"2023-06-11 20:33"}
2023-10-09 04:38:02 查询号码 【1932279】，GSD为【"河北-廊坊"】

2023-10-09 05:12:35 开始第 2281 次操作

2023-10-09 05:12:35 开始操作号码 【1932280】
2023-10-09 05:12:38 GSD getOne 第 1 次 等待 3 秒
2023-10-09 05:12:41 查询号码 【1932280】，返回信息 {"status":"ok","msg":"河北-邯郸","gid":"507320","time_insert":"2021-08-13 07:24","time_update":"2023-06-11 20:50"}
2023-10-09 05:12:41 查询号码 【1932280】，GSD为【"河北-邯郸"】

2023-10-09 05:12:42 开始第 2282 次操作

2023-10-09 05:12:42 开始操作号码 【1932281】
2023-10-09 05:12:45 GSD getOne 第 1 次 等待 3 秒
2023-10-09 05:12:48 查询号码 【1932281】，返回信息 {"status":"ok","msg":"河北-石家庄","gid":"507336","time_insert":"2021-08-13 07:36","time_update":"2023-06-11 20:51"}
2023-10-09 05:12:48 查询号码 【1932281】，GSD为【"河北-石家庄"】

2023-10-09 05:12:49 开始第 2283 次操作

2023-10-09 05:12:50 开始操作号码 【1932282】
2023-10-09 05:12:52 GSD getOne 第 1 次 等待 3 秒
2023-10-09 05:12:55 查询号码 【1932282】，返回信息 {"status":"ok","msg":"河北-保定","gid":"507353","time_insert":"2021-08-13 07:49","time_update":"2023-06-11 20:53"}
2023-10-09 05:12:55 查询号码 【1932282】，GSD为【"河北-保定"】

2023-10-09 05:12:56 开始第 2284 次操作

2023-10-09 05:12:56 开始操作号码 【1932283】
2023-10-09 05:12:59 GSD getOne 第 1 次 等待 3 秒
2023-10-09 05:13:02 查询号码 【1932283】，返回信息 {"status":"ok","msg":"河北-保定","gid":"507369","time_insert":"2021-08-13 08:00","time_update":"2023-06-11 20:58"}
2023-10-09 05:13:02 查询号码 【1932283】，GSD为【"河北-保定"】

2023-10-09 05:37:03 开始第 2285 次操作

2023-10-09 05:37:03 开始操作号码 【1932284】
2023-10-09 05:37:07 GSD getOne 第 1 次 等待 3 秒
2023-10-09 05:37:10 查询号码 【1932284】，返回信息 {"status":"ok","msg":"河北-沧州","gid":"507388","time_insert":"2021-08-13 08:13","time_update":"2023-06-11 21:15"}
2023-10-09 05:37:10 查询号码 【1932284】，GSD为【"河北-沧州"】

2023-10-09 05:37:11 开始第 2286 次操作

2023-10-09 05:37:11 开始操作号码 【1932285】
2023-10-09 05:37:16 GSD getOne 第 1 次 等待 3 秒
2023-10-09 05:37:19 查询号码 【1932285】，返回信息 {"status":"ok","msg":"河北-唐山","gid":"507405","time_insert":"2021-08-13 08:27","time_update":"2023-06-11 21:18"}
2023-10-09 05:37:19 查询号码 【1932285】，GSD为【"河北-唐山"】

2023-10-09 05:37:20 开始第 2287 次操作

2023-10-09 05:37:20 开始操作号码 【1932286】
2023-10-09 05:37:23 GSD getOne 第 1 次 等待 3 秒
2023-10-09 05:37:26 查询号码 【1932286】，返回信息 {"status":"ok","msg":"河北-廊坊","gid":"507423","time_insert":"2021-08-13 08:39","time_update":"2023-06-11 21:20"}
2023-10-09 05:37:26 查询号码 【1932286】，GSD为【"河北-廊坊"】

2023-10-09 05:37:27 开始第 2288 次操作

2023-10-09 05:37:27 开始操作号码 【1932287】
2023-10-09 05:37:30 GSD getOne 第 1 次 等待 3 秒
2023-10-09 05:37:33 查询号码 【1932287】，返回信息 {"status":"ok","msg":"河北-沧州","gid":"507440","time_insert":"2021-08-13 08:49","time_update":"2023-06-11 21:24"}
2023-10-09 05:37:33 查询号码 【1932287】，GSD为【"河北-沧州"】

2023-10-09 06:13:23 开始第 2289 次操作

2023-10-09 06:13:23 开始操作号码 【1932288】
2023-10-09 06:13:25 GSD getOne 第 1 次 等待 3 秒
2023-10-09 06:13:28 查询号码 【1932288】，返回信息 {"status":"ok","msg":"河北-承德","gid":"507457","time_insert":"2021-08-13 09:01","time_update":"2023-06-11 21:35"}
2023-10-09 06:13:29 查询号码 【1932288】，GSD为【"河北-承德"】

2023-10-09 06:13:30 开始第 2290 次操作

2023-10-09 06:13:30 开始操作号码 【1932289】
2023-10-09 06:13:32 GSD getOne 第 1 次 等待 3 秒
2023-10-09 06:13:35 查询号码 【1932289】，返回信息 {"status":"ok","msg":"河北-保定","gid":"507475","time_insert":"2021-08-13 09:14","time_update":"2023-06-11 21:37"}
2023-10-09 06:13:35 查询号码 【1932289】，GSD为【"河北-保定"】

2023-10-09 06:13:36 开始第 2291 次操作

2023-10-09 06:13:36 开始操作号码 【1932290】
2023-10-09 06:13:39 GSD getOne 第 1 次 等待 3 秒
2023-10-09 06:13:42 查询号码 【1932290】，返回信息 {"status":"ok","msg":"河北-邯郸","gid":"507499","time_insert":"2021-08-13 09:29","time_update":"2023-06-11 21:39"}
2023-10-09 06:13:42 查询号码 【1932290】，GSD为【"河北-邯郸"】

2023-10-09 06:13:43 开始第 2292 次操作

2023-10-09 06:13:43 开始操作号码 【1932291】
2023-10-09 06:13:46 GSD getOne 第 1 次 等待 3 秒
2023-10-09 06:13:49 查询号码 【1932291】，返回信息 {"status":"ok","msg":"河北-石家庄","gid":"507515","time_insert":"2021-08-13 09:40","time_update":"2023-06-11 21:41"}
2023-10-09 06:13:49 查询号码 【1932291】，GSD为【"河北-石家庄"】

2023-10-09 06:37:25 开始第 2293 次操作

2023-10-09 06:37:25 开始操作号码 【1932292】
2023-10-09 06:37:28 GSD getOne 第 1 次 等待 3 秒
2023-10-09 06:37:31 查询号码 【1932292】，返回信息 {"status":"ok","msg":"河北-保定","gid":"507539","time_insert":"2021-08-13 09:55","time_update":"2023-06-11 22:11"}
2023-10-09 06:37:31 查询号码 【1932292】，GSD为【"河北-保定"】

2023-10-09 06:37:32 开始第 2294 次操作

2023-10-09 06:37:32 开始操作号码 【1932293】
2023-10-09 06:37:37 GSD getOne 第 1 次 等待 3 秒
2023-10-09 06:37:40 查询号码 【1932293】，返回信息 {"status":"ok","msg":"河北-保定","gid":"507557","time_insert":"2021-08-13 10:05","time_update":"2023-06-11 22:15"}
2023-10-09 06:37:40 查询号码 【1932293】，GSD为【"河北-保定"】

2023-10-09 06:37:41 开始第 2295 次操作

2023-10-09 06:37:41 开始操作号码 【1932294】
2023-10-09 06:37:43 GSD getOne 第 1 次 等待 3 秒
2023-10-09 06:37:46 查询号码 【1932294】，返回信息 {"status":"ok","msg":"河北-保定","gid":"507573","time_insert":"2021-08-13 10:17","time_update":"2023-06-11 22:18"}
2023-10-09 06:37:47 查询号码 【1932294】，GSD为【"河北-保定"】

2023-10-09 06:37:48 开始第 2296 次操作

2023-10-09 06:37:48 开始操作号码 【1932295】
2023-10-09 06:37:50 GSD getOne 第 1 次 等待 3 秒
2023-10-09 06:37:53 查询号码 【1932295】，返回信息 {"status":"ok","msg":"河北-唐山","gid":"507597","time_insert":"2021-08-13 10:31","time_update":"2023-06-11 22:20"}
2023-10-09 06:37:53 查询号码 【1932295】，GSD为【"河北-唐山"】

2023-10-09 07:15:29 开始第 2297 次操作

2023-10-09 07:15:29 开始操作号码 【1932296】
2023-10-09 07:15:34 GSD getOne 第 1 次 等待 3 秒
2023-10-09 07:15:37 查询号码 【1932296】，返回信息 {"status":"ok","msg":"河北-廊坊","gid":"507615","time_insert":"2021-08-13 10:43","time_update":"2023-06-11 22:35"}
2023-10-09 07:15:37 查询号码 【1932296】，GSD为【"河北-廊坊"】

2023-10-09 07:15:38 开始第 2298 次操作

2023-10-09 07:15:38 开始操作号码 【1932297】
2023-10-09 07:15:41 GSD getOne 第 1 次 等待 3 秒
2023-10-09 07:15:44 查询号码 【1932297】，返回信息 {"status":"ok","msg":"河北-沧州","gid":"507630","time_insert":"2021-08-13 10:55","time_update":"2023-06-11 22:37"}
2023-10-09 07:15:44 查询号码 【1932297】，GSD为【"河北-沧州"】

2023-10-09 07:15:45 开始第 2299 次操作

2023-10-09 07:15:45 开始操作号码 【1932298】
2023-10-09 07:15:47 GSD getOne 第 1 次 等待 3 秒
2023-10-09 07:15:50 查询号码 【1932298】，返回信息 {"status":"ok","msg":"河北-承德","gid":"507652","time_insert":"2021-08-13 11:09","time_update":"2023-06-11 22:39"}
2023-10-09 07:15:50 查询号码 【1932298】，GSD为【"河北-承德"】

2023-10-09 07:15:51 开始第 2300 次操作

2023-10-09 07:15:51 开始操作号码 【1932299】
2023-10-09 07:15:53 GSD getOne 第 1 次 等待 3 秒
2023-10-09 07:15:56 查询号码 【1932299】，返回信息 {"status":"ok","msg":"河北-保定","gid":"507668","time_insert":"2021-08-13 11:18","time_update":"2023-06-11 22:41"}
2023-10-09 07:15:57 查询号码 【1932299】，GSD为【"河北-保定"】

2023-10-09 07:37:10 开始第 2301 次操作

2023-10-09 07:37:10 开始操作号码 【1932300】
2023-10-09 07:37:15 GSD getOne 第 1 次 等待 3 秒
2023-10-09 07:37:18 查询号码 【1932300】，返回信息 {"status":"ok","msg":"山东-临沂","gid":"505827","time_insert":"2021-08-12 14:02","time_update":"2023-06-11 23:13"}
2023-10-09 07:37:18 查询号码 【1932300】，GSD为【"山东-临沂"】

2023-10-09 07:37:19 开始第 2302 次操作

2023-10-09 07:37:19 开始操作号码 【1932301】
2023-10-09 07:37:21 GSD getOne 第 1 次 等待 3 秒
2023-10-09 07:37:24 查询号码 【1932301】，返回信息 {"status":"ok","msg":"山东-临沂","gid":"505841","time_insert":"2021-08-12 14:14","time_update":"2023-06-11 23:16"}
2023-10-09 07:37:24 查询号码 【1932301】，GSD为【"山东-临沂"】

2023-10-09 07:37:25 开始第 2303 次操作

2023-10-09 07:37:25 开始操作号码 【1932302】
2023-10-09 07:37:28 GSD getOne 第 1 次 等待 3 秒
2023-10-09 07:37:31 查询号码 【1932302】，返回信息 {"status":"ok","msg":"山东-威海","gid":"505861","time_insert":"2021-08-12 14:28","time_update":"2023-06-11 23:19"}
2023-10-09 07:37:31 查询号码 【1932302】，GSD为【"山东-威海"】

2023-10-09 07:37:32 开始第 2304 次操作

2023-10-09 07:37:32 开始操作号码 【1932303】
2023-10-09 07:37:34 GSD getOne 第 1 次 等待 3 秒
2023-10-09 07:37:37 查询号码 【1932303】，返回信息 {"status":"ok","msg":"山东-威海","gid":"505879","time_insert":"2021-08-12 14:39","time_update":"2023-06-11 23:22"}
2023-10-09 07:37:37 查询号码 【1932303】，GSD为【"山东-威海"】

2023-10-09 09:09:40 开始第 2305 次操作

2023-10-09 09:09:40 开始操作号码 【1932304】
2023-10-09 09:09:43 GSD getOne 第 1 次 等待 3 秒
2023-10-09 09:09:46 查询号码 【1932304】，返回信息 {"status":"ok","msg":"山东-泰安","gid":"505897","time_insert":"2021-08-12 14:51","time_update":"2023-05-15 16:35"}
2023-10-09 09:09:46 查询号码 【1932304】，GSD为【"山东-泰安"】

2023-10-09 09:09:47 开始第 2306 次操作

2023-10-09 09:09:47 开始操作号码 【1932305】
2023-10-09 09:09:51 GSD getOne 第 1 次 等待 3 秒
2023-10-09 09:09:54 查询号码 【1932305】，返回信息 {"status":"ok","msg":"山东-泰安","gid":"505932","time_insert":"2021-08-12 15:04","time_update":"2023-06-11 23:36"}
2023-10-09 09:09:54 查询号码 【1932305】，GSD为【"山东-泰安"】

2023-10-09 09:09:55 开始第 2307 次操作

2023-10-09 09:09:55 开始操作号码 【1932306】
2023-10-09 09:09:58 GSD getOne 第 1 次 等待 3 秒
2023-10-09 09:10:01 查询号码 【1932306】，返回信息 {"status":"ok","msg":"山东-泰安","gid":"505970","time_insert":"2021-08-12 15:18","time_update":"2023-06-11 23:40"}
2023-10-09 09:10:01 查询号码 【1932306】，GSD为【"山东-泰安"】

2023-10-09 09:10:02 开始第 2308 次操作

2023-10-09 09:10:02 开始操作号码 【1932307】
2023-10-09 09:10:05 GSD getOne 第 1 次 等待 3 秒
2023-10-09 09:10:08 查询号码 【1932307】，返回信息 {"status":"ok","msg":"山东-泰安","gid":"505993","time_insert":"2021-08-12 15:32","time_update":"2023-06-11 23:42"}
2023-10-09 09:10:08 查询号码 【1932307】，GSD为【"山东-泰安"】

2023-10-09 10:04:17 开始第 2309 次操作

2023-10-09 10:04:17 开始操作号码 【1932308】
2023-10-09 10:04:21 GSD getOne 第 1 次 等待 3 秒
2023-10-09 10:04:24 查询号码 【1932308】，返回信息 {"status":"ok","msg":"山东-泰安","gid":"506016","time_insert":"2021-08-12 15:47","time_update":"2023-06-12 00:17"}
2023-10-09 10:04:24 查询号码 【1932308】，GSD为【"山东-泰安"】

2023-10-09 10:04:25 开始第 2310 次操作

2023-10-09 10:04:25 开始操作号码 【1932309】
2023-10-09 10:04:30 GSD getOne 第 1 次 等待 3 秒
2023-10-09 10:04:33 查询号码 【1932309】，返回信息 {"status":"ok","msg":"山东-枣庄","gid":"506034","time_insert":"2021-08-12 16:01","time_update":"2023-06-12 00:20"}
2023-10-09 10:04:33 查询号码 【1932309】，GSD为【"山东-枣庄"】

2023-10-09 10:04:34 开始第 2311 次操作

2023-10-09 10:04:34 开始操作号码 【1932310】
2023-10-09 10:04:40 GSD getOne 第 1 次 等待 3 秒
2023-10-09 10:04:43 查询号码 【1932310】，返回信息 {"status":"ok","msg":"山东-枣庄","gid":"506056","time_insert":"2021-08-12 16:15","time_update":"2023-06-12 00:25"}
2023-10-09 10:04:43 查询号码 【1932310】，GSD为【"山东-枣庄"】

2023-10-09 10:04:44 开始第 2312 次操作

2023-10-09 10:04:44 开始操作号码 【1932311】
2023-10-09 10:04:48 GSD getOne 第 1 次 等待 3 秒
2023-10-09 10:04:51 查询号码 【1932311】，返回信息 {"status":"ok","msg":"山东-枣庄","gid":"506078","time_insert":"2021-08-12 16:29","time_update":"2023-06-12 00:26"}
2023-10-09 10:04:51 查询号码 【1932311】，GSD为【"山东-枣庄"】

