2024-04-19 00:20:55 开始第 4273 次操作

2024-04-19 00:20:55 开始操作号码 【1614192】
2024-04-19 00:21:01 GSD getOne 第 1 次 等待 3 秒
2024-04-19 00:21:05 查询号码 【1614192】，返回信息 {"status":"ok","msg":"-","gid":"602237","time_insert":"2023-03-20 06:28"}
2024-04-19 00:21:05 查询号码 【1614192】，GSD为【"-"】
2024-04-19 00:21:05 ok && -
2024-04-19 00:21:07 CHB 1614192?1713457265 第 1 次 等待 3 秒
2024-04-19 00:21:10 CHB 1614192?1713457265 第 1 次 获取到号码【1614192】GSD
2024-04-19 00:21:10 未获取到号码【1614192】GSD，可能号码格式错误
2024-04-19 00:21:10 获取到号码【1614192】的GSD为【-】
2024-04-19 00:21:15 GSD insert 第 1 次 等待 3 秒
2024-04-19 00:21:18 {"status":"bad","gid":"602237","msg":"添加失败！号码【1614192(-|-)】已存在！"}
2024-04-19 00:21:18 随机等待 72 秒，约 1 分钟
2024-04-19 00:21:18 下次操作: 2024-04-19 00:22:30

2024-04-19 00:22:30 开始第 4274 次操作

2024-04-19 00:22:30 开始操作号码 【1614193】
2024-04-19 00:22:38 GSD getOne 第 1 次 等待 3 秒
2024-04-19 00:22:41 查询号码 【1614193】，返回信息 {"status":"ok","msg":"-","gid":"602285","time_insert":"2023-03-20 06:53"}
2024-04-19 00:22:41 查询号码 【1614193】，GSD为【"-"】
2024-04-19 00:22:41 ok && -
2024-04-19 00:22:44 CHB 1614193?1713457361 第 1 次 等待 3 秒
2024-04-19 00:22:47 CHB 1614193?1713457361 第 1 次 获取到号码【1614193】GSD
2024-04-19 00:22:47 未获取到号码【1614193】GSD，可能号码格式错误
2024-04-19 00:22:47 获取到号码【1614193】的GSD为【-】
2024-04-19 00:22:53 GSD insert 第 1 次 等待 3 秒
2024-04-19 00:22:56 {"status":"bad","gid":"602285","msg":"添加失败！号码【1614193(-|-)】已存在！"}
2024-04-19 00:22:56 随机等待 196 秒，约 3 分钟
2024-04-19 00:22:56 下次操作: 2024-04-19 00:26:12

2024-04-19 00:26:12 开始第 4275 次操作

2024-04-19 00:26:12 开始操作号码 【1614194】
2024-04-19 00:26:20 GSD getOne 第 1 次 等待 3 秒
2024-04-19 00:26:23 查询号码 【1614194】，返回信息 {"status":"ok","msg":"-","gid":"602302","time_insert":"2023-03-20 07:07"}
2024-04-19 00:26:23 查询号码 【1614194】，GSD为【"-"】
2024-04-19 00:26:23 ok && -
2024-04-19 00:26:34 CHB 1614194?1713457583 第 1 次 等待 3 秒
2024-04-19 00:26:37 CHB 1614194?1713457583 第 1 次 获取到号码【1614194】GSD
2024-04-19 00:26:37 未获取到号码【1614194】GSD，可能号码格式错误
2024-04-19 00:26:37 获取到号码【1614194】的GSD为【-】
2024-04-19 00:26:42 GSD insert 第 1 次 等待 3 秒
2024-04-19 00:26:45 {"status":"bad","gid":"602302","msg":"添加失败！号码【1614194(-|-)】已存在！"}
2024-04-19 00:26:45 随机等待 123 秒，约 2 分钟
2024-04-19 00:26:45 下次操作: 2024-04-19 00:28:48

2024-04-19 00:28:48 开始第 4276 次操作

2024-04-19 00:28:48 开始操作号码 【1614195】
2024-04-19 00:28:55 GSD getOne 第 1 次 等待 3 秒
2024-04-19 00:28:58 查询号码 【1614195】，返回信息 {"status":"ok","msg":"-","gid":"602320","time_insert":"2023-03-20 07:19"}
2024-04-19 00:28:58 查询号码 【1614195】，GSD为【"-"】
2024-04-19 00:28:58 ok && -
2024-04-19 00:29:00 CHB 1614195?1713457738 第 1 次 等待 3 秒
2024-04-19 00:29:03 CHB 1614195?1713457738 第 1 次 获取到号码【1614195】GSD
2024-04-19 00:29:03 未获取到号码【1614195】GSD，可能号码格式错误
2024-04-19 00:29:03 获取到号码【1614195】的GSD为【-】
2024-04-19 00:29:08 GSD insert 第 1 次 等待 3 秒
2024-04-19 00:29:11 {"status":"bad","gid":"602320","msg":"添加失败！号码【1614195(-|-)】已存在！"}

2024-04-19 00:38:45 开始第 4277 次操作

2024-04-19 00:38:45 开始操作号码 【1614196】
2024-04-19 00:38:49 GSD getOne 第 1 次 等待 3 秒
2024-04-19 00:38:52 查询号码 【1614196】，返回信息 {"status":"ok","msg":"-","gid":"602354","time_insert":"2023-03-20 07:40"}
2024-04-19 00:38:52 查询号码 【1614196】，GSD为【"-"】
2024-04-19 00:38:52 ok && -
2024-04-19 00:38:56 CHB 1614196?1713458332 第 1 次 等待 3 秒
2024-04-19 00:38:59 CHB 1614196?1713458332 第 1 次 获取到号码【1614196】GSD
2024-04-19 00:38:59 未获取到号码【1614196】GSD，可能号码格式错误
2024-04-19 00:38:59 获取到号码【1614196】的GSD为【-】
2024-04-19 00:39:04 GSD insert 第 1 次 等待 3 秒
2024-04-19 00:39:07 {"status":"bad","gid":"602354","msg":"添加失败！号码【1614196(-|-)】已存在！"}
2024-04-19 00:39:07 随机等待 188 秒，约 3 分钟
2024-04-19 00:39:07 下次操作: 2024-04-19 00:42:15

2024-04-19 00:42:15 开始第 4278 次操作

2024-04-19 00:42:15 开始操作号码 【1614197】
2024-04-19 00:42:19 GSD getOne 第 1 次 等待 3 秒
2024-04-19 00:42:22 查询号码 【1614197】，返回信息 {"status":"ok","msg":"-","gid":"602372","time_insert":"2023-03-20 07:52"}
2024-04-19 00:42:23 查询号码 【1614197】，GSD为【"-"】
2024-04-19 00:42:23 ok && -
2024-04-19 00:42:29 CHB 1614197?1713458543 第 1 次 等待 3 秒
2024-04-19 00:42:32 CHB 1614197?1713458543 第 1 次 获取到号码【1614197】GSD
2024-04-19 00:42:32 未获取到号码【1614197】GSD，可能号码格式错误
2024-04-19 00:42:32 获取到号码【1614197】的GSD为【-】
2024-04-19 00:42:37 GSD insert 第 1 次 等待 3 秒
2024-04-19 00:42:40 {"status":"bad","gid":"602372","msg":"添加失败！号码【1614197(-|-)】已存在！"}
2024-04-19 00:42:40 随机等待 149 秒，约 2 分钟
2024-04-19 00:42:40 下次操作: 2024-04-19 00:45:09

2024-04-19 00:45:09 开始第 4279 次操作

2024-04-19 00:45:09 开始操作号码 【1614198】
2024-04-19 00:45:14 GSD getOne 第 1 次 等待 3 秒
2024-04-19 00:45:17 查询号码 【1614198】，返回信息 {"status":"ok","msg":"-","gid":"602401","time_insert":"2023-03-20 08:13"}
2024-04-19 00:45:17 查询号码 【1614198】，GSD为【"-"】
2024-04-19 00:45:17 ok && -
2024-04-19 00:45:25 CHB 1614198?1713458717 第 1 次 等待 3 秒
2024-04-19 00:45:28 CHB 1614198?1713458717 第 1 次 获取到号码【1614198】GSD
2024-04-19 00:45:28 未获取到号码【1614198】GSD，可能号码格式错误
2024-04-19 00:45:28 获取到号码【1614198】的GSD为【-】
2024-04-19 00:45:33 GSD insert 第 1 次 等待 3 秒
2024-04-19 00:45:36 {"status":"bad","gid":"602401","msg":"添加失败！号码【1614198(-|-)】已存在！"}
2024-04-19 00:45:36 随机等待 126 秒，约 2 分钟
2024-04-19 00:45:36 下次操作: 2024-04-19 00:47:42

2024-04-19 00:47:42 开始第 4280 次操作

2024-04-19 00:47:42 开始操作号码 【1614199】
2024-04-19 00:47:49 GSD getOne 第 1 次 等待 3 秒
2024-04-19 00:47:52 查询号码 【1614199】，返回信息 {"status":"ok","msg":"-","gid":"602411","time_insert":"2023-03-20 08:24"}
2024-04-19 00:47:52 查询号码 【1614199】，GSD为【"-"】
2024-04-19 00:47:52 ok && -
2024-04-19 00:47:59 CHB 1614199?1713458872 第 1 次 等待 3 秒
2024-04-19 00:48:02 CHB 1614199?1713458872 第 1 次 获取到号码【1614199】GSD
2024-04-19 00:48:02 未获取到号码【1614199】GSD，可能号码格式错误
2024-04-19 00:48:02 获取到号码【1614199】的GSD为【-】
2024-04-19 00:48:07 GSD insert 第 1 次 等待 3 秒
2024-04-19 00:48:10 {"status":"bad","gid":"602411","msg":"添加失败！号码【1614199(-|-)】已存在！"}

