2023-12-01 00:22:32 开始第 717 次操作

2023-12-01 00:22:32 开始操作号码 【1830636】
2023-12-01 00:22:36 GSD getOne 第 1 次 等待 3 秒
2023-12-01 00:22:39 查询号码 【1830636】，返回信息 {"status":"ok","msg":"山东-潍坊","gid":"280943","time_insert":"2021-07-15 06:47"}
2023-12-01 00:22:39 查询号码 【1830636】，GSD为【"山东-潍坊"】

2023-12-01 00:22:40 开始第 718 次操作

2023-12-01 00:22:40 开始操作号码 【1830637】
2023-12-01 00:22:45 GSD getOne 第 1 次 等待 3 秒
2023-12-01 00:22:48 查询号码 【1830637】，返回信息 {"status":"ok","msg":"山东-枣庄","gid":"280949","time_insert":"2021-07-15 06:47"}
2023-12-01 00:22:48 查询号码 【1830637】，GSD为【"山东-枣庄"】

2023-12-01 00:22:49 开始第 719 次操作

2023-12-01 00:22:49 开始操作号码 【1830638】
2023-12-01 00:22:52 GSD getOne 第 1 次 等待 3 秒
2023-12-01 00:22:55 查询号码 【1830638】，返回信息 {"status":"ok","msg":"山东-烟台","gid":"280958","time_insert":"2021-07-15 06:48"}
2023-12-01 00:22:55 查询号码 【1830638】，GSD为【"山东-烟台"】

2023-12-01 00:22:56 开始第 720 次操作

2023-12-01 00:22:56 开始操作号码 【1830639】
2023-12-01 00:23:00 GSD getOne 第 1 次 等待 3 秒
2023-12-01 00:23:03 查询号码 【1830639】，返回信息 {"status":"ok","msg":"山东-青岛","gid":"280964","time_insert":"2021-07-15 06:48"}
2023-12-01 00:23:03 查询号码 【1830639】，GSD为【"山东-青岛"】

2023-12-01 00:42:01 开始第 721 次操作

2023-12-01 00:42:01 开始操作号码 【1830640】
2023-12-01 00:42:04 GSD getOne 第 1 次 等待 3 秒
2023-12-01 00:42:07 查询号码 【1830640】，返回信息 {"status":"ok","msg":"山东-济南","gid":"280973","time_insert":"2021-07-15 06:48"}
2023-12-01 00:42:07 查询号码 【1830640】，GSD为【"山东-济南"】

2023-12-01 00:42:08 开始第 722 次操作

2023-12-01 00:42:08 开始操作号码 【1830641】
2023-12-01 00:42:13 GSD getOne 第 1 次 等待 3 秒
2023-12-01 00:42:16 查询号码 【1830641】，返回信息 {"status":"ok","msg":"山东-济南","gid":"280982","time_insert":"2021-07-15 06:49"}
2023-12-01 00:42:16 查询号码 【1830641】，GSD为【"山东-济南"】

2023-12-01 00:42:17 开始第 723 次操作

2023-12-01 00:42:17 开始操作号码 【1830642】
2023-12-01 00:42:20 GSD getOne 第 1 次 等待 3 秒
2023-12-01 00:42:23 查询号码 【1830642】，返回信息 {"status":"ok","msg":"山东-青岛","gid":"280989","time_insert":"2021-07-15 06:49"}
2023-12-01 00:42:23 查询号码 【1830642】，GSD为【"山东-青岛"】

2023-12-01 00:42:24 开始第 724 次操作

2023-12-01 00:42:24 开始操作号码 【1830643】
2023-12-01 00:42:31 GSD getOne 第 1 次 等待 3 秒
2023-12-01 00:42:34 查询号码 【1830643】，返回信息 {"status":"ok","msg":"山东-淄博","gid":"280994","time_insert":"2021-07-15 06:50"}
2023-12-01 00:42:34 查询号码 【1830643】，GSD为【"山东-淄博"】

