2024-01-03 00:19:57 开始第 6593 次操作

2024-01-03 00:19:57 开始操作号码 【1836512】
2024-01-03 00:20:01 GSD getOne 第 1 次 等待 3 秒
2024-01-03 00:20:04 查询号码 【1836512】，返回信息 {"status":"ok","msg":"安徽-安庆","gid":"37992","time_insert":"2020-08-05 10:55","time_update":"2020-08-15 21:38"}
2024-01-03 00:20:04 查询号码 【1836512】，GSD为【"安徽-安庆"】

2024-01-03 00:20:05 开始第 6594 次操作

2024-01-03 00:20:05 开始操作号码 【1836513】
2024-01-03 00:20:09 GSD getOne 第 1 次 等待 3 秒
2024-01-03 00:20:12 查询号码 【1836513】，返回信息 {"status":"ok","msg":"安徽-安庆","gid":"339920","time_insert":"2021-07-20 20:41"}
2024-01-03 00:20:12 查询号码 【1836513】，GSD为【"安徽-安庆"】

2024-01-03 00:20:13 开始第 6595 次操作

2024-01-03 00:20:13 开始操作号码 【1836514】
2024-01-03 00:20:16 GSD getOne 第 1 次 等待 3 秒
2024-01-03 00:20:19 查询号码 【1836514】，返回信息 {"status":"ok","msg":"安徽-安庆","gid":"339924","time_insert":"2021-07-20 20:43"}
2024-01-03 00:20:19 查询号码 【1836514】，GSD为【"安徽-安庆"】

2024-01-03 00:20:20 开始第 6596 次操作

2024-01-03 00:20:20 开始操作号码 【1836515】
2024-01-03 00:20:24 GSD getOne 第 1 次 等待 3 秒
2024-01-03 00:20:27 查询号码 【1836515】，返回信息 {"status":"ok","msg":"安徽-安庆","gid":"339934","time_insert":"2021-07-20 20:48"}
2024-01-03 00:20:28 查询号码 【1836515】，GSD为【"安徽-安庆"】

2024-01-03 00:39:20 开始第 6597 次操作

2024-01-03 00:39:20 开始操作号码 【1836516】
2024-01-03 00:39:24 GSD getOne 第 1 次 等待 3 秒
2024-01-03 00:39:27 查询号码 【1836516】，返回信息 {"status":"ok","msg":"安徽-安庆","gid":"340038","time_insert":"2021-07-20 21:09"}
2024-01-03 00:39:27 查询号码 【1836516】，GSD为【"安徽-安庆"】

2024-01-03 00:39:28 开始第 6598 次操作

2024-01-03 00:39:28 开始操作号码 【1836517】
2024-01-03 00:39:31 GSD getOne 第 1 次 等待 3 秒
2024-01-03 00:39:34 查询号码 【1836517】，返回信息 {"status":"ok","msg":"安徽-安庆","gid":"340062","time_insert":"2021-07-20 21:13","time_update":"2021-07-20 21:20"}
2024-01-03 00:39:34 查询号码 【1836517】，GSD为【"安徽-安庆"】

2024-01-03 00:39:35 开始第 6599 次操作

2024-01-03 00:39:35 开始操作号码 【1836518】
2024-01-03 00:39:38 GSD getOne 第 1 次 等待 3 秒
2024-01-03 00:39:41 查询号码 【1836518】，返回信息 {"status":"ok","msg":"安徽-安庆","gid":"340074","time_insert":"2021-07-20 21:15","time_update":"2021-07-20 21:20"}
2024-01-03 00:39:41 查询号码 【1836518】，GSD为【"安徽-安庆"】

2024-01-03 00:39:42 开始第 6600 次操作

2024-01-03 00:39:42 开始操作号码 【1836519】
2024-01-03 00:39:45 GSD getOne 第 1 次 等待 3 秒
2024-01-03 00:39:48 查询号码 【1836519】，返回信息 {"status":"ok","msg":"安徽-安庆","gid":"340081","time_insert":"2021-07-20 21:16","time_update":"2021-07-20 21:21"}
2024-01-03 00:39:48 查询号码 【1836519】，GSD为【"安徽-安庆"】

