2023-10-17 00:21:38 开始第 3449 次操作

2023-10-17 00:21:38 开始操作号码 【1933367】
2023-10-17 00:21:42 GSD getOne 第 1 次 等待 3 秒
2023-10-17 00:21:45 查询号码 【1933367】，返回信息 {"status":"ok","msg":"河北-廊坊","gid":"508890","time_insert":"2021-08-14 01:55"}
2023-10-17 00:21:45 查询号码 【1933367】，GSD为【"河北-廊坊"】

2023-10-17 00:21:46 开始第 3450 次操作

2023-10-17 00:21:46 开始操作号码 【1933368】
2023-10-17 00:21:52 GSD getOne 第 1 次 等待 3 秒
2023-10-17 00:21:55 查询号码 【1933368】，返回信息 {"status":"ok","msg":"河北-廊坊","gid":"508907","time_insert":"2021-08-14 02:08"}
2023-10-17 00:21:55 查询号码 【1933368】，GSD为【"河北-廊坊"】

2023-10-17 00:21:56 开始第 3451 次操作

2023-10-17 00:21:56 开始操作号码 【1933369】
2023-10-17 00:21:59 GSD getOne 第 1 次 等待 3 秒
2023-10-17 00:22:02 查询号码 【1933369】，返回信息 {"status":"ok","msg":"河北-廊坊","gid":"508931","time_insert":"2021-08-14 02:23"}
2023-10-17 00:22:02 查询号码 【1933369】，GSD为【"河北-廊坊"】

2023-10-17 00:22:03 开始第 3452 次操作

2023-10-17 00:22:03 开始操作号码 【1933370】
2023-10-17 00:22:09 GSD getOne 第 1 次 等待 3 秒
2023-10-17 00:22:12 查询号码 【1933370】，返回信息 {"status":"ok","msg":"河北-石家庄","gid":"508947","time_insert":"2021-08-14 02:35"}
2023-10-17 00:22:12 查询号码 【1933370】，GSD为【"河北-石家庄"】

2023-10-17 00:41:02 开始第 3453 次操作

2023-10-17 00:41:02 开始操作号码 【1933371】
2023-10-17 00:41:05 GSD getOne 第 1 次 等待 3 秒
2023-10-17 00:41:08 查询号码 【1933371】，返回信息 {"status":"ok","msg":"河北-石家庄","gid":"508966","time_insert":"2021-08-14 02:49"}
2023-10-17 00:41:08 查询号码 【1933371】，GSD为【"河北-石家庄"】

2023-10-17 00:41:09 开始第 3454 次操作

2023-10-17 00:41:09 开始操作号码 【1933372】
2023-10-17 00:41:11 GSD getOne 第 1 次 等待 3 秒
2023-10-17 00:41:14 查询号码 【1933372】，返回信息 {"status":"ok","msg":"河北-石家庄","gid":"508985","time_insert":"2021-08-14 03:04"}
2023-10-17 00:41:14 查询号码 【1933372】，GSD为【"河北-石家庄"】

2023-10-17 00:41:15 开始第 3455 次操作

2023-10-17 00:41:15 开始操作号码 【1933373】
2023-10-17 00:41:19 GSD getOne 第 1 次 等待 3 秒
2023-10-17 00:41:22 查询号码 【1933373】，返回信息 {"status":"ok","msg":"河北-石家庄","gid":"509004","time_insert":"2021-08-14 03:18"}
2023-10-17 00:41:22 查询号码 【1933373】，GSD为【"河北-石家庄"】

2023-10-17 00:41:23 开始第 3456 次操作

2023-10-17 00:41:23 开始操作号码 【1933374】
2023-10-17 00:41:29 GSD getOne 第 1 次 等待 3 秒
2023-10-17 00:41:32 查询号码 【1933374】，返回信息 {"status":"ok","msg":"河北-承德","gid":"509021","time_insert":"2021-08-14 03:29"}
2023-10-17 00:41:32 查询号码 【1933374】，GSD为【"河北-承德"】

