2024-02-09 00:19:53 开始第 2657 次操作

2024-02-09 00:19:53 开始操作号码 【1722576】
2024-02-09 00:19:57 GSD getOne 第 1 次 等待 3 秒
2024-02-09 00:20:00 查询号码 【1722576】，返回信息 {"status":"ok","msg":"河北-石家庄","gid":"266438","time_insert":"2021-07-13 15:43"}
2024-02-09 00:20:00 查询号码 【1722576】，GSD为【"河北-石家庄"】

2024-02-09 00:20:01 开始第 2658 次操作

2024-02-09 00:20:01 开始操作号码 【1722577】
2024-02-09 00:20:09 GSD getOne 第 1 次 等待 3 秒
2024-02-09 00:20:12 查询号码 【1722577】，返回信息 {"status":"ok","msg":"河北-石家庄","gid":"266450","time_insert":"2021-07-13 15:43"}
2024-02-09 00:20:12 查询号码 【1722577】，GSD为【"河北-石家庄"】

2024-02-09 00:20:13 开始第 2659 次操作

2024-02-09 00:20:13 开始操作号码 【1722578】
2024-02-09 00:20:20 GSD getOne 第 1 次 等待 3 秒
2024-02-09 00:20:23 查询号码 【1722578】，返回信息 {"status":"ok","msg":"河北-石家庄","gid":"266466","time_insert":"2021-07-13 15:44"}
2024-02-09 00:20:23 查询号码 【1722578】，GSD为【"河北-石家庄"】

2024-02-09 00:20:24 开始第 2660 次操作

2024-02-09 00:20:24 开始操作号码 【1722579】
2024-02-09 00:20:28 GSD getOne 第 1 次 等待 3 秒
2024-02-09 00:20:31 查询号码 【1722579】，返回信息 {"status":"ok","msg":"河北-石家庄","gid":"266478","time_insert":"2021-07-13 15:45"}
2024-02-09 00:20:31 查询号码 【1722579】，GSD为【"河北-石家庄"】

