2024-03-28 00:21:38 开始第 521 次操作

2024-03-28 00:21:38 开始操作号码 【1610441】
2024-03-28 00:21:44 GSD getOne 第 1 次 等待 3 秒
2024-03-28 00:21:47 查询号码 【1610441】，返回信息 {"status":"ok","msg":"-","gid":"524986","time_insert":"2023-02-10 19:56"}
2024-03-28 00:21:47 查询号码 【1610441】，GSD为【"-"】
2024-03-28 00:21:47 ok && -
2024-03-28 00:21:50 CHB 1610441?1711556507 第 1 次 等待 3 秒
2024-03-28 00:21:53 CHB 1610441?1711556507 第 1 次 获取到号码【1610441】GSD
2024-03-28 00:21:53 未获取到号码【1610441】GSD，可能号码格式错误
2024-03-28 00:21:53 获取到号码【1610441】的GSD为【-】
2024-03-28 00:21:58 GSD insert 第 1 次 等待 3 秒
2024-03-28 00:22:01 {"status":"bad","gid":"524986","msg":"添加失败！号码【1610441(-|-)】已存在！"}
2024-03-28 00:22:01 随机等待 234 秒，约 3 分钟
2024-03-28 00:22:01 下次操作: 2024-03-28 00:25:55

2024-03-28 00:25:55 开始第 522 次操作

2024-03-28 00:25:55 开始操作号码 【1610442】
2024-03-28 00:26:01 GSD getOne 第 1 次 等待 3 秒
2024-03-28 00:26:04 查询号码 【1610442】，返回信息 {"status":"ok","msg":"-","gid":"524998","time_insert":"2023-02-10 20:07"}
2024-03-28 00:26:04 查询号码 【1610442】，GSD为【"-"】
2024-03-28 00:26:04 ok && -
2024-03-28 00:26:06 CHB 1610442?1711556764 第 1 次 等待 3 秒
2024-03-28 00:26:09 CHB 1610442?1711556764 第 1 次 获取到号码【1610442】GSD
2024-03-28 00:26:09 未获取到号码【1610442】GSD，可能号码格式错误
2024-03-28 00:26:09 获取到号码【1610442】的GSD为【-】
2024-03-28 00:26:14 GSD insert 第 1 次 等待 3 秒
2024-03-28 00:26:17 {"status":"bad","gid":"524998","msg":"添加失败！号码【1610442(-|-)】已存在！"}
2024-03-28 00:26:17 随机等待 95 秒，约 1 分钟
2024-03-28 00:26:17 下次操作: 2024-03-28 00:27:52

2024-03-28 00:27:52 开始第 523 次操作

2024-03-28 00:27:52 开始操作号码 【1610443】
2024-03-28 00:27:57 GSD getOne 第 1 次 等待 3 秒
2024-03-28 00:28:00 查询号码 【1610443】，返回信息 {"status":"ok","msg":"-","gid":"525010","time_insert":"2023-02-10 20:20"}
2024-03-28 00:28:00 查询号码 【1610443】，GSD为【"-"】
2024-03-28 00:28:00 ok && -
2024-03-28 00:28:02 CHB 1610443?1711556880 第 1 次 等待 3 秒
2024-03-28 00:28:05 CHB 1610443?1711556880 第 1 次 获取到号码【1610443】GSD
2024-03-28 00:28:05 未获取到号码【1610443】GSD，可能号码格式错误
2024-03-28 00:28:05 获取到号码【1610443】的GSD为【-】
2024-03-28 00:28:12 GSD insert 第 1 次 等待 3 秒
2024-03-28 00:28:15 {"status":"bad","gid":"525010","msg":"添加失败！号码【1610443(-|-)】已存在！"}
2024-03-28 00:28:15 随机等待 146 秒，约 2 分钟
2024-03-28 00:28:15 下次操作: 2024-03-28 00:30:41

2024-03-28 00:30:41 开始第 524 次操作

2024-03-28 00:30:41 开始操作号码 【1610444】
2024-03-28 00:30:46 GSD getOne 第 1 次 等待 3 秒
2024-03-28 00:30:49 查询号码 【1610444】，返回信息 {"status":"ok","msg":"-","gid":"525018","time_insert":"2023-02-10 20:29"}
2024-03-28 00:30:49 查询号码 【1610444】，GSD为【"-"】
2024-03-28 00:30:49 ok && -
2024-03-28 00:30:51 CHB 1610444?1711557049 第 1 次 等待 3 秒
2024-03-28 00:30:54 CHB 1610444?1711557049 第 1 次 获取到号码【1610444】GSD
2024-03-28 00:30:54 未获取到号码【1610444】GSD，可能号码格式错误
2024-03-28 00:30:54 获取到号码【1610444】的GSD为【-】
2024-03-28 00:30:59 GSD insert 第 1 次 等待 3 秒
2024-03-28 00:31:02 {"status":"bad","gid":"525018","msg":"添加失败！号码【1610444(-|-)】已存在！"}

2024-03-28 00:40:47 开始第 525 次操作

2024-03-28 00:40:47 开始操作号码 【1610445】
2024-03-28 00:40:53 GSD getOne 第 1 次 等待 3 秒
2024-03-28 00:40:56 查询号码 【1610445】，返回信息 {"status":"ok","msg":"-","gid":"525031","time_insert":"2023-02-10 20:42"}
2024-03-28 00:40:56 查询号码 【1610445】，GSD为【"-"】
2024-03-28 00:40:56 ok && -
2024-03-28 00:40:58 CHB 1610445?1711557656 第 1 次 等待 3 秒
2024-03-28 00:41:01 CHB 1610445?1711557656 第 1 次 获取到号码【1610445】GSD
2024-03-28 00:41:01 未获取到号码【1610445】GSD，可能号码格式错误
2024-03-28 00:41:01 获取到号码【1610445】的GSD为【-】
2024-03-28 00:41:07 GSD insert 第 1 次 等待 3 秒
2024-03-28 00:41:10 {"status":"bad","gid":"525031","msg":"添加失败！号码【1610445(-|-)】已存在！"}
2024-03-28 00:41:10 随机等待 120 秒，约 2 分钟
2024-03-28 00:41:10 下次操作: 2024-03-28 00:43:10

2024-03-28 00:43:10 开始第 526 次操作

2024-03-28 00:43:10 开始操作号码 【1610446】
2024-03-28 00:43:15 GSD getOne 第 1 次 等待 3 秒
2024-03-28 00:43:18 查询号码 【1610446】，返回信息 {"status":"ok","msg":"-","gid":"525042","time_insert":"2023-02-10 20:50"}
2024-03-28 00:43:18 查询号码 【1610446】，GSD为【"-"】
2024-03-28 00:43:18 ok && -
2024-03-28 00:43:21 CHB 1610446?1711557798 第 1 次 等待 3 秒
2024-03-28 00:43:24 CHB 1610446?1711557798 第 1 次 获取到号码【1610446】GSD
2024-03-28 00:43:24 未获取到号码【1610446】GSD，可能号码格式错误
2024-03-28 00:43:24 获取到号码【1610446】的GSD为【-】
2024-03-28 00:43:28 GSD insert 第 1 次 等待 3 秒
2024-03-28 00:43:31 {"status":"bad","gid":"525042","msg":"添加失败！号码【1610446(-|-)】已存在！"}
2024-03-28 00:43:31 随机等待 164 秒，约 2 分钟
2024-03-28 00:43:31 下次操作: 2024-03-28 00:46:15

2024-03-28 00:46:15 开始第 527 次操作

2024-03-28 00:46:15 开始操作号码 【1610447】
2024-03-28 00:46:22 GSD getOne 第 1 次 等待 3 秒
2024-03-28 00:46:25 查询号码 【1610447】，返回信息 {"status":"ok","msg":"-","gid":"525052","time_insert":"2023-02-10 21:00"}
2024-03-28 00:46:25 查询号码 【1610447】，GSD为【"-"】
2024-03-28 00:46:25 ok && -
2024-03-28 00:46:27 CHB 1610447?1711557985 第 1 次 等待 3 秒
2024-03-28 00:46:30 CHB 1610447?1711557985 第 1 次 获取到号码【1610447】GSD
2024-03-28 00:46:30 未获取到号码【1610447】GSD，可能号码格式错误
2024-03-28 00:46:30 获取到号码【1610447】的GSD为【-】
2024-03-28 00:46:35 GSD insert 第 1 次 等待 3 秒
2024-03-28 00:46:38 {"status":"bad","gid":"525052","msg":"添加失败！号码【1610447(-|-)】已存在！"}
2024-03-28 00:46:38 随机等待 189 秒，约 3 分钟
2024-03-28 00:46:38 下次操作: 2024-03-28 00:49:47

2024-03-28 00:49:47 开始第 528 次操作

2024-03-28 00:49:47 开始操作号码 【1610448】
2024-03-28 00:49:51 GSD getOne 第 1 次 等待 3 秒
2024-03-28 00:49:54 查询号码 【1610448】，返回信息 {"status":"ok","msg":"-","gid":"525063","time_insert":"2023-02-10 21:12"}
2024-03-28 00:49:54 查询号码 【1610448】，GSD为【"-"】
2024-03-28 00:49:54 ok && -
2024-03-28 00:49:56 CHB 1610448?1711558194 第 1 次 等待 3 秒
2024-03-28 00:49:59 CHB 1610448?1711558194 第 1 次 获取到号码【1610448】GSD
2024-03-28 00:49:59 未获取到号码【1610448】GSD，可能号码格式错误
2024-03-28 00:49:59 获取到号码【1610448】的GSD为【-】
2024-03-28 00:50:04 GSD insert 第 1 次 等待 3 秒
2024-03-28 00:50:07 {"status":"bad","gid":"525063","msg":"添加失败！号码【1610448(-|-)】已存在！"}

