2024-06-13 00:22:50 开始第 369 次操作

2024-06-13 00:22:50 开始操作号码 【1500280】
2024-06-13 00:22:59 GSD getOne 第 1 次 等待 3 秒
2024-06-13 00:23:02 查询号码 【1500280】，返回信息 {"status":"ok","msg":"四川-成都","gid":"15016","time_insert":"2015-08-10 20:01","time_update":"2020-10-17 20:08"}
2024-06-13 00:23:02 查询号码 【1500280】，GSD为【"四川-成都"】

2024-06-13 00:23:03 开始第 370 次操作

2024-06-13 00:23:03 开始操作号码 【1500281】
2024-06-13 00:23:09 GSD getOne 第 1 次 等待 3 秒
2024-06-13 00:23:12 查询号码 【1500281】，返回信息 {"status":"ok","msg":"四川-成都","gid":"15017","time_insert":"2015-11-23 08:43","time_update":"2020-10-17 20:12"}
2024-06-13 00:23:12 查询号码 【1500281】，GSD为【"四川-成都"】

2024-06-13 00:23:13 开始第 371 次操作

2024-06-13 00:23:13 开始操作号码 【1500282】
2024-06-13 00:23:20 GSD getOne 第 1 次 等待 3 秒
2024-06-13 00:23:23 查询号码 【1500282】，返回信息 {"status":"ok","msg":"四川-成都","gid":"15018","time_insert":"2016-03-25 14:19","time_update":"2020-10-17 20:17"}
2024-06-13 00:23:23 查询号码 【1500282】，GSD为【"四川-成都"】

2024-06-13 00:23:24 开始第 372 次操作

2024-06-13 00:23:24 开始操作号码 【1500283】
2024-06-13 00:23:31 GSD getOne 第 1 次 等待 3 秒
2024-06-13 00:23:34 查询号码 【1500283】，返回信息 {"status":"ok","msg":"四川-成都","gid":"15019","time_insert":"2015-01-05 09:45","time_update":"2020-10-17 20:21"}
2024-06-13 00:23:34 查询号码 【1500283】，GSD为【"四川-成都"】

