2024-05-02 00:20:31 开始第 6577 次操作

2024-05-02 00:20:31 开始操作号码 【1616494】
2024-05-02 00:20:39 GSD getOne 第 1 次 等待 3 秒
2024-05-02 00:20:42 查询号码 【1616494】，返回信息 {"status":"ok","msg":"-","gid":"657629","time_insert":"2023-04-16 07:55"}
2024-05-02 00:20:42 查询号码 【1616494】，GSD为【"-"】
2024-05-02 00:20:42 ok && -
2024-05-02 00:20:44 CHB 1616494?1714580442 第 1 次 等待 3 秒
2024-05-02 00:20:47 CHB 1616494?1714580442 第 1 次 获取到号码【1616494】GSD
2024-05-02 00:20:47 未获取到号码【1616494】GSD，可能号码格式错误
2024-05-02 00:20:47 获取到号码【1616494】的GSD为【-】
2024-05-02 00:20:53 GSD insert 第 1 次 等待 3 秒
2024-05-02 00:20:56 {"status":"bad","gid":"657629","msg":"添加失败！号码【1616494(-|-)】已存在！"}
2024-05-02 00:20:56 随机等待 165 秒，约 2 分钟
2024-05-02 00:20:56 下次操作: 2024-05-02 00:23:41

2024-05-02 00:23:41 开始第 6578 次操作

2024-05-02 00:23:41 开始操作号码 【1616495】
2024-05-02 00:23:47 GSD getOne 第 1 次 等待 3 秒
2024-05-02 00:23:50 查询号码 【1616495】，返回信息 {"status":"ok","msg":"-","gid":"657647","time_insert":"2023-04-16 08:18"}
2024-05-02 00:23:50 查询号码 【1616495】，GSD为【"-"】
2024-05-02 00:23:50 ok && -
2024-05-02 00:23:52 CHB 1616495?1714580630 第 1 次 等待 3 秒
2024-05-02 00:23:55 CHB 1616495?1714580630 第 1 次 获取到号码【1616495】GSD
2024-05-02 00:23:55 未获取到号码【1616495】GSD，可能号码格式错误
2024-05-02 00:23:55 获取到号码【1616495】的GSD为【-】
2024-05-02 00:24:02 GSD insert 第 1 次 等待 3 秒
2024-05-02 00:24:05 {"status":"bad","gid":"657647","msg":"添加失败！号码【1616495(-|-)】已存在！"}
2024-05-02 00:24:05 随机等待 141 秒，约 2 分钟
2024-05-02 00:24:05 下次操作: 2024-05-02 00:26:26

2024-05-02 00:26:26 开始第 6579 次操作

2024-05-02 00:26:26 开始操作号码 【1616496】
2024-05-02 00:26:31 GSD getOne 第 1 次 等待 3 秒
2024-05-02 00:26:34 查询号码 【1616496】，返回信息 {"status":"ok","msg":"-","gid":"657665","time_insert":"2023-04-16 08:34"}
2024-05-02 00:26:34 查询号码 【1616496】，GSD为【"-"】
2024-05-02 00:26:34 ok && -
2024-05-02 00:26:37 CHB 1616496?1714580794 第 1 次 等待 3 秒
2024-05-02 00:26:40 CHB 1616496?1714580794 第 1 次 获取到号码【1616496】GSD
2024-05-02 00:26:40 未获取到号码【1616496】GSD，可能号码格式错误
2024-05-02 00:26:40 获取到号码【1616496】的GSD为【-】
2024-05-02 00:26:51 GSD insert 第 1 次 等待 3 秒
2024-05-02 00:26:54 {"status":"bad","gid":"657665","msg":"添加失败！号码【1616496(-|-)】已存在！"}
2024-05-02 00:26:54 随机等待 75 秒，约 1 分钟
2024-05-02 00:26:54 下次操作: 2024-05-02 00:28:09

2024-05-02 00:28:09 开始第 6580 次操作

2024-05-02 00:28:09 开始操作号码 【1616497】
2024-05-02 00:28:14 GSD getOne 第 1 次 等待 3 秒
2024-05-02 00:28:17 查询号码 【1616497】，返回信息 {"status":"ok","msg":"-","gid":"657676","time_insert":"2023-04-16 08:46"}
2024-05-02 00:28:17 查询号码 【1616497】，GSD为【"-"】
2024-05-02 00:28:17 ok && -
2024-05-02 00:28:20 CHB 1616497?1714580897 第 1 次 等待 3 秒
2024-05-02 00:28:23 CHB 1616497?1714580897 第 1 次 获取到号码【1616497】GSD
2024-05-02 00:28:23 未获取到号码【1616497】GSD，可能号码格式错误
2024-05-02 00:28:23 获取到号码【1616497】的GSD为【-】
2024-05-02 00:28:30 GSD insert 第 1 次 等待 3 秒
2024-05-02 00:28:33 {"status":"bad","gid":"657676","msg":"添加失败！号码【1616497(-|-)】已存在！"}

