2024-01-27 00:19:58 开始第 317 次操作

2024-01-27 00:19:58 开始操作号码 【1720236】
2024-01-27 00:20:21 GSD getOne 第 1 次 等待 3 秒
2024-01-27 00:20:24 查询号码 【1720236】，返回信息 {"status":"ok","msg":"辽宁-铁岭","gid":"168911","time_insert":"2021-07-01 19:53"}
2024-01-27 00:20:24 查询号码 【1720236】，GSD为【"辽宁-铁岭"】

2024-01-27 00:20:25 开始第 318 次操作

2024-01-27 00:20:25 开始操作号码 【1720237】
2024-01-27 00:20:49 GSD getOne 第 1 次 等待 3 秒
2024-01-27 00:20:52 查询号码 【1720237】，返回信息 {"status":"ok","msg":"辽宁-铁岭","gid":"168985","time_insert":"2021-07-01 20:09"}
2024-01-27 00:20:52 查询号码 【1720237】，GSD为【"辽宁-铁岭"】

2024-01-27 00:20:53 开始第 319 次操作

2024-01-27 00:20:53 开始操作号码 【1720238】
2024-01-27 00:21:17 GSD getOne 第 1 次 等待 3 秒
2024-01-27 00:21:20 查询号码 【1720238】，返回信息 {"status":"ok","msg":"辽宁-铁岭","gid":"169012","time_insert":"2021-07-01 20:28"}
2024-01-27 00:21:20 查询号码 【1720238】，GSD为【"辽宁-铁岭"】

2024-01-27 00:21:21 开始第 320 次操作

2024-01-27 00:21:21 开始操作号码 【1720239】
2024-01-27 00:21:45 GSD getOne 第 1 次 等待 3 秒
2024-01-27 00:21:48 查询号码 【1720239】，返回信息 {"status":"ok","msg":"辽宁-铁岭","gid":"169039","time_insert":"2021-07-01 20:47"}
2024-01-27 00:21:48 查询号码 【1720239】，GSD为【"辽宁-铁岭"】

