2024-07-09 00:22:53 开始第 4945 次操作

2024-07-09 00:22:53 开始操作号码 【1504854】
2024-07-09 00:23:03 GSD getOne 第 1 次 等待 3 秒
2024-07-09 00:23:06 查询号码 【1504854】，返回信息 {"status":"ok","msg":"内蒙古-通辽","gid":"295889","time_insert":"2021-07-16 19:03"}
2024-07-09 00:23:06 查询号码 【1504854】，GSD为【"内蒙古-通辽"】

2024-07-09 00:23:07 开始第 4946 次操作

2024-07-09 00:23:07 开始操作号码 【1504855】
2024-07-09 00:23:15 GSD getOne 第 1 次 等待 3 秒
2024-07-09 00:23:18 查询号码 【1504855】，返回信息 {"status":"ok","msg":"内蒙古-通辽","gid":"295978","time_insert":"2021-07-16 19:16"}
2024-07-09 00:23:18 查询号码 【1504855】，GSD为【"内蒙古-通辽"】

2024-07-09 00:23:19 开始第 4947 次操作

2024-07-09 00:23:19 开始操作号码 【1504856】
2024-07-09 00:23:28 GSD getOne 第 1 次 等待 3 秒
2024-07-09 00:23:31 查询号码 【1504856】，返回信息 {"status":"ok","msg":"内蒙古-通辽","gid":"296052","time_insert":"2021-07-16 19:31"}
2024-07-09 00:23:31 查询号码 【1504856】，GSD为【"内蒙古-通辽"】

2024-07-09 00:23:32 开始第 4948 次操作

2024-07-09 00:23:32 开始操作号码 【1504857】
2024-07-09 00:23:40 GSD getOne 第 1 次 等待 3 秒
2024-07-09 00:23:43 查询号码 【1504857】，返回信息 {"status":"ok","msg":"内蒙古-通辽","gid":"296164","time_insert":"2021-07-16 19:41"}
2024-07-09 00:23:43 查询号码 【1504857】，GSD为【"内蒙古-通辽"】

2024-07-09 00:41:19 开始第 4949 次操作

2024-07-09 00:41:19 开始操作号码 【1504858】
2024-07-09 00:41:28 GSD getOne 第 1 次 等待 3 秒
2024-07-09 00:41:31 查询号码 【1504858】，返回信息 {"status":"ok","msg":"内蒙古-巴彦淖尔","gid":"296322","time_insert":"2021-07-16 19:52"}
2024-07-09 00:41:31 查询号码 【1504858】，GSD为【"内蒙古-巴彦淖尔"】

2024-07-09 00:41:32 开始第 4950 次操作

2024-07-09 00:41:32 开始操作号码 【1504859】
2024-07-09 00:41:42 GSD getOne 第 1 次 等待 3 秒
2024-07-09 00:41:45 查询号码 【1504859】，返回信息 {"status":"ok","msg":"内蒙古-巴彦淖尔","gid":"296465","time_insert":"2021-07-16 20:07"}
2024-07-09 00:41:45 查询号码 【1504859】，GSD为【"内蒙古-巴彦淖尔"】

2024-07-09 00:41:46 开始第 4951 次操作

2024-07-09 00:41:46 开始操作号码 【1504860】
2024-07-09 00:41:57 GSD getOne 第 1 次 等待 3 秒
2024-07-09 00:42:00 查询号码 【1504860】，返回信息 {"status":"ok","msg":"内蒙古-赤峰","gid":"296510","time_insert":"2021-07-16 20:18"}
2024-07-09 00:42:00 查询号码 【1504860】，GSD为【"内蒙古-赤峰"】

2024-07-09 00:42:01 开始第 4952 次操作

2024-07-09 00:42:01 开始操作号码 【1504861】
2024-07-09 00:42:09 GSD getOne 第 1 次 等待 3 秒
2024-07-09 00:42:12 查询号码 【1504861】，返回信息 {"status":"ok","msg":"内蒙古-赤峰","gid":"296538","time_insert":"2021-07-16 20:33"}
2024-07-09 00:42:12 查询号码 【1504861】，GSD为【"内蒙古-赤峰"】

