2023-11-27 00:19:13 开始第 82 次操作
2023-11-27 00:19:13 号码【193（0000 ---> 9999）】处理完毕
2023-11-27 00:38:14 开始第 82 次操作
2023-11-27 00:38:14 号码【193（0000 ---> 9999）】处理完毕
2023-11-27 01:13:20 开始第 82 次操作
2023-11-27 01:13:20 号码【193（0000 ---> 9999）】处理完毕
2023-11-27 01:36:58 开始第 82 次操作
2023-11-27 01:36:58 号码【193（0000 ---> 9999）】处理完毕
2023-11-27 02:18:52 开始第 82 次操作
2023-11-27 02:18:52 号码【193（0000 ---> 9999）】处理完毕
2023-11-27 02:37:33 开始第 82 次操作
2023-11-27 02:37:33 号码【193（0000 ---> 9999）】处理完毕
2023-11-27 03:11:58 开始第 82 次操作
2023-11-27 03:11:58 号码【193（0000 ---> 9999）】处理完毕
2023-11-27 03:37:08 开始第 82 次操作
2023-11-27 03:37:08 号码【193（0000 ---> 9999）】处理完毕
2023-11-27 04:16:04 开始第 82 次操作
2023-11-27 04:16:04 号码【193（0000 ---> 9999）】处理完毕
2023-11-27 04:37:15 开始第 82 次操作
2023-11-27 04:37:15 号码【193（0000 ---> 9999）】处理完毕
2023-11-27 05:14:04 开始第 82 次操作
2023-11-27 05:14:04 号码【193（0000 ---> 9999）】处理完毕
2023-11-27 05:37:11 开始第 82 次操作
2023-11-27 05:37:11 号码【193（0000 ---> 9999）】处理完毕
2023-11-27 06:14:25 开始第 82 次操作
2023-11-27 06:14:25 号码【193（0000 ---> 9999）】处理完毕
2023-11-27 06:37:09 开始第 82 次操作
2023-11-27 06:37:09 号码【193（0000 ---> 9999）】处理完毕
2023-11-27 07:15:32 开始第 82 次操作
2023-11-27 07:15:32 号码【193（0000 ---> 9999）】处理完毕
2023-11-27 07:37:18 开始第 82 次操作
2023-11-27 07:37:18 号码【193（0000 ---> 9999）】处理完毕
2023-11-27 09:13:41 开始第 82 次操作
2023-11-27 09:13:41 号码【193（0000 ---> 9999）】处理完毕
2023-11-27 09:58:58 开始第 82 次操作

2023-11-27 09:58:58 开始操作号码 【1830001】
2023-11-27 09:59:02 GSD getOne 第 1 次 等待 3 秒
2023-11-27 09:59:05 查询号码 【1830001】，返回信息 {"status":"ok","msg":"广东-梅州","gid":"274593","time_insert":"2021-07-14 14:05"}
2023-11-27 09:59:05 查询号码 【1830001】，GSD为【"广东-梅州"】

2023-11-27 09:59:06 开始第 83 次操作

2023-11-27 09:59:06 开始操作号码 【1830002】
2023-11-27 09:59:11 GSD getOne 第 1 次 等待 3 秒
2023-11-27 09:59:14 查询号码 【1830002】，返回信息 {"status":"ok","msg":"广东-清远","gid":"274594","time_insert":"2021-07-14 14:06"}
2023-11-27 09:59:14 查询号码 【1830002】，GSD为【"广东-清远"】

2023-11-27 09:59:15 开始第 84 次操作

2023-11-27 09:59:15 开始操作号码 【1830003】
2023-11-27 09:59:18 GSD getOne 第 1 次 等待 3 秒
2023-11-27 09:59:21 查询号码 【1830003】，返回信息 {"status":"ok","msg":"广东-河源","gid":"36950","time_insert":"2014-09-26 11:07","time_update":"2020-10-01 13:25"}
2023-11-27 09:59:21 查询号码 【1830003】，GSD为【"广东-河源"】

2023-11-27 10:09:52 开始第 85 次操作

2023-11-27 10:09:52 开始操作号码 【1830004】
2023-11-27 10:09:56 GSD getOne 第 1 次 等待 3 秒
2023-11-27 10:09:59 查询号码 【1830004】，返回信息 {"status":"ok","msg":"广东-深圳","gid":"274595","time_insert":"2021-07-14 14:06"}
2023-11-27 10:09:59 查询号码 【1830004】，GSD为【"广东-深圳"】

2023-11-27 10:10:00 开始第 86 次操作

2023-11-27 10:10:00 开始操作号码 【1830005】
2023-11-27 10:10:03 GSD getOne 第 1 次 等待 3 秒
2023-11-27 10:10:06 查询号码 【1830005】，返回信息 {"status":"ok","msg":"广东-中山","gid":"274597","time_insert":"2021-07-14 14:06"}
2023-11-27 10:10:06 查询号码 【1830005】，GSD为【"广东-中山"】

2023-11-27 10:10:07 开始第 87 次操作

2023-11-27 10:10:07 开始操作号码 【1830006】
2023-11-27 10:10:10 GSD getOne 第 1 次 等待 3 秒
2023-11-27 10:10:13 查询号码 【1830006】，返回信息 {"status":"ok","msg":"广东-韶关","gid":"274599","time_insert":"2021-07-14 14:07"}
2023-11-27 10:10:13 查询号码 【1830006】，GSD为【"广东-韶关"】

2023-11-27 10:10:14 开始第 88 次操作

2023-11-27 10:10:14 开始操作号码 【1830007】
2023-11-27 10:10:20 GSD getOne 第 1 次 等待 3 秒
2023-11-27 10:10:23 查询号码 【1830007】，返回信息 {"status":"ok","msg":"广东-茂名","gid":"274600","time_insert":"2021-07-14 14:07"}
2023-11-27 10:10:23 查询号码 【1830007】，GSD为【"广东-茂名"】

