2024-03-29 00:19:28 开始第 689 次操作

2024-03-29 00:19:28 开始操作号码 【1610609】
2024-03-29 00:19:34 GSD getOne 第 1 次 等待 3 秒
2024-03-29 00:19:37 查询号码 【1610609】，返回信息 {"status":"ok","msg":"-","gid":"526784","time_insert":"2023-02-12 01:55"}
2024-03-29 00:19:37 查询号码 【1610609】，GSD为【"-"】
2024-03-29 00:19:37 ok && -
2024-03-29 00:19:40 CHB 1610609?1711642777 第 1 次 等待 3 秒
2024-03-29 00:19:43 CHB 1610609?1711642777 第 1 次 获取到号码【1610609】GSD
2024-03-29 00:19:43 未获取到号码【1610609】GSD，可能号码格式错误
2024-03-29 00:19:43 获取到号码【1610609】的GSD为【-】
2024-03-29 00:19:49 GSD insert 第 1 次 等待 3 秒
2024-03-29 00:19:52 {"status":"bad","gid":"526784","msg":"添加失败！号码【1610609(-|-)】已存在！"}
2024-03-29 00:19:52 随机等待 221 秒，约 3 分钟
2024-03-29 00:19:52 下次操作: 2024-03-29 00:23:33

2024-03-29 00:23:33 开始第 690 次操作

2024-03-29 00:23:33 开始操作号码 【1610610】
2024-03-29 00:23:37 GSD getOne 第 1 次 等待 3 秒
2024-03-29 00:23:40 查询号码 【1610610】，返回信息 {"status":"ok","msg":"-","gid":"526795","time_insert":"2023-02-12 02:06"}
2024-03-29 00:23:40 查询号码 【1610610】，GSD为【"-"】
2024-03-29 00:23:40 ok && -
2024-03-29 00:23:42 CHB 1610610?1711643020 第 1 次 等待 3 秒
2024-03-29 00:23:45 CHB 1610610?1711643020 第 1 次 获取到号码【1610610】GSD
2024-03-29 00:23:45 未获取到号码【1610610】GSD，可能号码格式错误
2024-03-29 00:23:45 获取到号码【1610610】的GSD为【-】
2024-03-29 00:23:50 GSD insert 第 1 次 等待 3 秒
2024-03-29 00:23:53 {"status":"bad","gid":"526795","msg":"添加失败！号码【1610610(-|-)】已存在！"}
2024-03-29 00:23:53 随机等待 134 秒，约 2 分钟
2024-03-29 00:23:53 下次操作: 2024-03-29 00:26:07

2024-03-29 00:26:07 开始第 691 次操作

2024-03-29 00:26:07 开始操作号码 【1610611】
2024-03-29 00:26:12 GSD getOne 第 1 次 等待 3 秒
2024-03-29 00:26:15 查询号码 【1610611】，返回信息 {"status":"ok","msg":"-","gid":"526807","time_insert":"2023-02-12 02:18"}
2024-03-29 00:26:15 查询号码 【1610611】，GSD为【"-"】
2024-03-29 00:26:15 ok && -
2024-03-29 00:26:17 CHB 1610611?1711643175 第 1 次 等待 3 秒
2024-03-29 00:26:20 CHB 1610611?1711643175 第 1 次 获取到号码【1610611】GSD
2024-03-29 00:26:20 未获取到号码【1610611】GSD，可能号码格式错误
2024-03-29 00:26:20 获取到号码【1610611】的GSD为【-】
2024-03-29 00:26:24 GSD insert 第 1 次 等待 3 秒
2024-03-29 00:26:27 {"status":"bad","gid":"526807","msg":"添加失败！号码【1610611(-|-)】已存在！"}
2024-03-29 00:26:27 随机等待 228 秒，约 3 分钟
2024-03-29 00:26:27 下次操作: 2024-03-29 00:30:15

2024-03-29 00:30:15 开始第 692 次操作

2024-03-29 00:30:15 开始操作号码 【1610612】
2024-03-29 00:30:24 GSD getOne 第 1 次 等待 3 秒
2024-03-29 00:30:27 查询号码 【1610612】，返回信息 {"status":"ok","msg":"-","gid":"526819","time_insert":"2023-02-12 02:31"}
2024-03-29 00:30:27 查询号码 【1610612】，GSD为【"-"】
2024-03-29 00:30:27 ok && -
2024-03-29 00:30:28 CHB 1610612?1711643427 第 1 次 等待 3 秒
2024-03-29 00:30:31 CHB 1610612?1711643427 第 1 次 获取到号码【1610612】GSD
2024-03-29 00:30:31 未获取到号码【1610612】GSD，可能号码格式错误
2024-03-29 00:30:31 获取到号码【1610612】的GSD为【-】
2024-03-29 00:30:39 GSD insert 第 1 次 等待 3 秒
2024-03-29 00:30:42 {"status":"bad","gid":"526819","msg":"添加失败！号码【1610612(-|-)】已存在！"}

2024-03-29 00:38:13 开始第 693 次操作

2024-03-29 00:38:13 开始操作号码 【1610613】
2024-03-29 00:38:18 GSD getOne 第 1 次 等待 3 秒
2024-03-29 00:38:21 查询号码 【1610613】，返回信息 {"status":"ok","msg":"-","gid":"526828","time_insert":"2023-02-12 02:40"}
2024-03-29 00:38:22 查询号码 【1610613】，GSD为【"-"】
2024-03-29 00:38:22 ok && -
2024-03-29 00:38:24 CHB 1610613?1711643902 第 1 次 等待 3 秒
2024-03-29 00:38:27 CHB 1610613?1711643902 第 1 次 获取到号码【1610613】GSD
2024-03-29 00:38:27 未获取到号码【1610613】GSD，可能号码格式错误
2024-03-29 00:38:27 获取到号码【1610613】的GSD为【-】
2024-03-29 00:38:34 GSD insert 第 1 次 等待 3 秒
2024-03-29 00:38:37 {"status":"bad","gid":"526828","msg":"添加失败！号码【1610613(-|-)】已存在！"}
2024-03-29 00:38:37 随机等待 163 秒，约 2 分钟
2024-03-29 00:38:37 下次操作: 2024-03-29 00:41:20

2024-03-29 00:41:20 开始第 694 次操作

2024-03-29 00:41:20 开始操作号码 【1610614】
2024-03-29 00:41:26 GSD getOne 第 1 次 等待 3 秒
2024-03-29 00:41:29 查询号码 【1610614】，返回信息 {"status":"ok","msg":"-","gid":"526842","time_insert":"2023-02-12 02:53"}
2024-03-29 00:41:29 查询号码 【1610614】，GSD为【"-"】
2024-03-29 00:41:29 ok && -
2024-03-29 00:41:31 CHB 1610614?1711644089 第 1 次 等待 3 秒
2024-03-29 00:41:34 CHB 1610614?1711644089 第 1 次 获取到号码【1610614】GSD
2024-03-29 00:41:34 未获取到号码【1610614】GSD，可能号码格式错误
2024-03-29 00:41:34 获取到号码【1610614】的GSD为【-】
2024-03-29 00:41:41 GSD insert 第 1 次 等待 3 秒
2024-03-29 00:41:44 {"status":"bad","gid":"526842","msg":"添加失败！号码【1610614(-|-)】已存在！"}
2024-03-29 00:41:44 随机等待 145 秒，约 2 分钟
2024-03-29 00:41:44 下次操作: 2024-03-29 00:44:09

2024-03-29 00:44:09 开始第 695 次操作

2024-03-29 00:44:09 开始操作号码 【1610615】
2024-03-29 00:44:13 GSD getOne 第 1 次 等待 3 秒
2024-03-29 00:44:16 查询号码 【1610615】，返回信息 {"status":"ok","msg":"-","gid":"526850","time_insert":"2023-02-12 03:02"}
2024-03-29 00:44:16 查询号码 【1610615】，GSD为【"-"】
2024-03-29 00:44:16 ok && -
2024-03-29 00:44:19 CHB 1610615?1711644256 第 1 次 等待 3 秒
2024-03-29 00:44:22 CHB 1610615?1711644256 第 1 次 获取到号码【1610615】GSD
2024-03-29 00:44:22 未获取到号码【1610615】GSD，可能号码格式错误
2024-03-29 00:44:22 获取到号码【1610615】的GSD为【-】
2024-03-29 00:44:26 GSD insert 第 1 次 等待 3 秒
2024-03-29 00:44:29 {"status":"bad","gid":"526850","msg":"添加失败！号码【1610615(-|-)】已存在！"}
2024-03-29 00:44:29 随机等待 206 秒，约 3 分钟
2024-03-29 00:44:29 下次操作: 2024-03-29 00:47:55

2024-03-29 00:47:55 开始第 696 次操作

2024-03-29 00:47:55 开始操作号码 【1610616】
2024-03-29 00:48:00 GSD getOne 第 1 次 等待 3 秒
2024-03-29 00:48:03 查询号码 【1610616】，返回信息 {"status":"ok","msg":"-","gid":"526863","time_insert":"2023-02-12 03:15"}
2024-03-29 00:48:03 查询号码 【1610616】，GSD为【"-"】
2024-03-29 00:48:03 ok && -
2024-03-29 00:48:06 CHB 1610616?1711644483 第 1 次 等待 3 秒
2024-03-29 00:48:09 CHB 1610616?1711644483 第 1 次 获取到号码【1610616】GSD
2024-03-29 00:48:09 未获取到号码【1610616】GSD，可能号码格式错误
2024-03-29 00:48:09 获取到号码【1610616】的GSD为【-】
2024-03-29 00:48:14 GSD insert 第 1 次 等待 3 秒
2024-03-29 00:48:17 {"status":"bad","gid":"526863","msg":"添加失败！号码【1610616(-|-)】已存在！"}

2024-03-29 01:16:22 开始第 697 次操作

2024-03-29 01:16:22 开始操作号码 【1610617】
2024-03-29 01:16:28 GSD getOne 第 1 次 等待 3 秒
2024-03-29 01:16:31 查询号码 【1610617】，返回信息 {"status":"ok","msg":"-","gid":"526874","time_insert":"2023-02-12 03:27"}
2024-03-29 01:16:31 查询号码 【1610617】，GSD为【"-"】
2024-03-29 01:16:31 ok && -
2024-03-29 01:16:33 CHB 1610617?1711646191 第 1 次 等待 3 秒
2024-03-29 01:16:36 CHB 1610617?1711646191 第 1 次 获取到号码【1610617】GSD
2024-03-29 01:16:36 未获取到号码【1610617】GSD，可能号码格式错误
2024-03-29 01:16:36 获取到号码【1610617】的GSD为【-】
2024-03-29 01:16:42 GSD insert 第 1 次 等待 3 秒
2024-03-29 01:16:45 {"status":"bad","gid":"526874","msg":"添加失败！号码【1610617(-|-)】已存在！"}
2024-03-29 01:16:45 随机等待 147 秒，约 2 分钟
2024-03-29 01:16:45 下次操作: 2024-03-29 01:19:12

2024-03-29 01:19:12 开始第 698 次操作

2024-03-29 01:19:12 开始操作号码 【1610618】
2024-03-29 01:19:18 GSD getOne 第 1 次 等待 3 秒
2024-03-29 01:19:21 查询号码 【1610618】，返回信息 {"status":"ok","msg":"-","gid":"526886","time_insert":"2023-02-12 03:39"}
2024-03-29 01:19:21 查询号码 【1610618】，GSD为【"-"】
2024-03-29 01:19:21 ok && -
2024-03-29 01:19:24 CHB 1610618?1711646361 第 1 次 等待 3 秒
2024-03-29 01:19:27 CHB 1610618?1711646361 第 1 次 获取到号码【1610618】GSD
2024-03-29 01:19:27 未获取到号码【1610618】GSD，可能号码格式错误
2024-03-29 01:19:27 获取到号码【1610618】的GSD为【-】
2024-03-29 01:19:32 GSD insert 第 1 次 等待 3 秒
2024-03-29 01:19:35 {"status":"bad","gid":"526886","msg":"添加失败！号码【1610618(-|-)】已存在！"}
2024-03-29 01:19:35 随机等待 118 秒，约 1 分钟
2024-03-29 01:19:35 下次操作: 2024-03-29 01:21:33

2024-03-29 01:21:33 开始第 699 次操作

2024-03-29 01:21:33 开始操作号码 【1610619】
2024-03-29 01:21:38 GSD getOne 第 1 次 等待 3 秒
2024-03-29 01:21:41 查询号码 【1610619】，返回信息 {"status":"ok","msg":"-","gid":"526894","time_insert":"2023-02-12 03:48"}
2024-03-29 01:21:41 查询号码 【1610619】，GSD为【"-"】
2024-03-29 01:21:41 ok && -
2024-03-29 01:21:43 CHB 1610619?1711646501 第 1 次 等待 3 秒
2024-03-29 01:21:46 CHB 1610619?1711646501 第 1 次 获取到号码【1610619】GSD
2024-03-29 01:21:46 未获取到号码【1610619】GSD，可能号码格式错误
2024-03-29 01:21:46 获取到号码【1610619】的GSD为【-】
2024-03-29 01:21:50 GSD insert 第 1 次 等待 3 秒
2024-03-29 01:21:53 {"status":"bad","gid":"526894","msg":"添加失败！号码【1610619(-|-)】已存在！"}
2024-03-29 01:21:53 随机等待 112 秒，约 1 分钟
2024-03-29 01:21:53 下次操作: 2024-03-29 01:23:45

2024-03-29 01:23:45 开始第 700 次操作

2024-03-29 01:23:45 开始操作号码 【1610620】
2024-03-29 01:23:50 GSD getOne 第 1 次 等待 3 秒
2024-03-29 01:23:53 查询号码 【1610620】，返回信息 {"status":"ok","msg":"-","gid":"526907","time_insert":"2023-02-12 04:00"}
2024-03-29 01:23:53 查询号码 【1610620】，GSD为【"-"】
2024-03-29 01:23:53 ok && -
2024-03-29 01:23:56 CHB 1610620?1711646633 第 1 次 等待 3 秒
2024-03-29 01:23:59 CHB 1610620?1711646633 第 1 次 获取到号码【1610620】GSD
2024-03-29 01:23:59 未获取到号码【1610620】GSD，可能号码格式错误
2024-03-29 01:23:59 获取到号码【1610620】的GSD为【-】
2024-03-29 01:24:05 GSD insert 第 1 次 等待 3 秒
2024-03-29 01:24:08 {"status":"bad","gid":"526907","msg":"添加失败！号码【1610620(-|-)】已存在！"}

