2023-12-22 00:20:53 开始第 4441 次操作

2023-12-22 00:20:53 开始操作号码 【1834360】
2023-12-22 00:20:57 GSD getOne 第 1 次 等待 3 秒
2023-12-22 00:21:00 查询号码 【1834360】，返回信息 {"status":"ok","msg":"吉林-白城","gid":"316121","time_insert":"2021-07-18 15:43"}
2023-12-22 00:21:00 查询号码 【1834360】，GSD为【"吉林-白城"】

2023-12-22 00:21:01 开始第 4442 次操作

2023-12-22 00:21:01 开始操作号码 【1834361】
2023-12-22 00:21:05 GSD getOne 第 1 次 等待 3 秒
2023-12-22 00:21:08 查询号码 【1834361】，返回信息 {"status":"ok","msg":"吉林-白城","gid":"316131","time_insert":"2021-07-18 15:44"}
2023-12-22 00:21:08 查询号码 【1834361】，GSD为【"吉林-白城"】

2023-12-22 00:21:09 开始第 4443 次操作

2023-12-22 00:21:09 开始操作号码 【1834362】
2023-12-22 00:21:13 GSD getOne 第 1 次 等待 3 秒
2023-12-22 00:21:16 查询号码 【1834362】，返回信息 {"status":"ok","msg":"吉林-白城","gid":"316143","time_insert":"2021-07-18 15:44"}
2023-12-22 00:21:16 查询号码 【1834362】，GSD为【"吉林-白城"】

2023-12-22 00:21:17 开始第 4444 次操作

2023-12-22 00:21:17 开始操作号码 【1834363】
2023-12-22 00:21:21 GSD getOne 第 1 次 等待 3 秒
2023-12-22 00:21:24 查询号码 【1834363】，返回信息 {"status":"ok","msg":"吉林-白城","gid":"316151","time_insert":"2021-07-18 15:45"}
2023-12-22 00:21:24 查询号码 【1834363】，GSD为【"吉林-白城"】

2023-12-22 00:40:45 开始第 4445 次操作

2023-12-22 00:40:45 开始操作号码 【1834364】
2023-12-22 00:40:50 GSD getOne 第 1 次 等待 3 秒
2023-12-22 00:40:53 查询号码 【1834364】，返回信息 {"status":"ok","msg":"吉林-白城","gid":"316163","time_insert":"2021-07-18 15:46"}
2023-12-22 00:40:53 查询号码 【1834364】，GSD为【"吉林-白城"】

2023-12-22 00:40:54 开始第 4446 次操作

2023-12-22 00:40:54 开始操作号码 【1834365】
2023-12-22 00:41:01 GSD getOne 第 1 次 等待 3 秒
2023-12-22 00:41:04 查询号码 【1834365】，返回信息 {"status":"ok","msg":"吉林-白城","gid":"37775","time_insert":"2019-08-18 15:44","time_update":"2020-08-22 09:52"}
2023-12-22 00:41:04 查询号码 【1834365】，GSD为【"吉林-白城"】

2023-12-22 00:41:05 开始第 4447 次操作

2023-12-22 00:41:05 开始操作号码 【1834366】
2023-12-22 00:41:09 GSD getOne 第 1 次 等待 3 秒
2023-12-22 00:41:12 查询号码 【1834366】，返回信息 {"status":"ok","msg":"吉林-白城","gid":"316174","time_insert":"2021-07-18 15:46"}
2023-12-22 00:41:12 查询号码 【1834366】，GSD为【"吉林-白城"】

2023-12-22 00:41:13 开始第 4448 次操作

2023-12-22 00:41:13 开始操作号码 【1834367】
2023-12-22 00:41:17 GSD getOne 第 1 次 等待 3 秒
2023-12-22 00:41:20 查询号码 【1834367】，返回信息 {"status":"ok","msg":"吉林-白城","gid":"316183","time_insert":"2021-07-18 15:47","time_update":"2021-08-09 16:50"}
2023-12-22 00:41:20 查询号码 【1834367】，GSD为【"吉林-白城"】

