2024-07-03 00:23:54 开始第 3889 次操作

2024-07-03 00:23:54 开始操作号码 【1503798】
2024-07-03 00:24:02 GSD getOne 第 1 次 等待 3 秒
2024-07-03 00:24:05 查询号码 【1503798】，返回信息 {"status":"ok","msg":"河南-洛阳","gid":"53977","time_insert":"2020-09-06 11:48"}
2024-07-03 00:24:05 查询号码 【1503798】，GSD为【"河南-洛阳"】

2024-07-03 00:24:06 开始第 3890 次操作

2024-07-03 00:24:06 开始操作号码 【1503799】
2024-07-03 00:24:14 GSD getOne 第 1 次 等待 3 秒
2024-07-03 00:24:17 查询号码 【1503799】，返回信息 {"status":"ok","msg":"河南-洛阳","gid":"221028","time_insert":"2021-07-08 07:59"}
2024-07-03 00:24:17 查询号码 【1503799】，GSD为【"河南-洛阳"】

2024-07-03 00:24:18 开始第 3891 次操作

2024-07-03 00:24:18 开始操作号码 【1503800】
2024-07-03 00:24:26 GSD getOne 第 1 次 等待 3 秒
2024-07-03 00:24:29 查询号码 【1503800】，返回信息 {"status":"ok","msg":"河南-郑州","gid":"221070","time_insert":"2021-07-08 08:13"}
2024-07-03 00:24:29 查询号码 【1503800】，GSD为【"河南-郑州"】

2024-07-03 00:24:30 开始第 3892 次操作

2024-07-03 00:24:30 开始操作号码 【1503801】
2024-07-03 00:24:38 GSD getOne 第 1 次 等待 3 秒
2024-07-03 00:24:41 查询号码 【1503801】，返回信息 {"status":"ok","msg":"河南-郑州","gid":"221094","time_insert":"2021-07-08 08:27"}
2024-07-03 00:24:41 查询号码 【1503801】，GSD为【"河南-郑州"】

2024-07-03 00:41:52 开始第 3893 次操作

2024-07-03 00:41:52 开始操作号码 【1503802】
2024-07-03 00:42:11 GSD getOne 第 1 次 等待 3 秒
2024-07-03 00:42:14 查询号码 【1503802】，返回信息 {"status":"ok","msg":"河南-郑州","gid":"53978","time_insert":"2020-01-15 14:51"}
2024-07-03 00:42:14 查询号码 【1503802】，GSD为【"河南-郑州"】

2024-07-03 00:42:15 开始第 3894 次操作

2024-07-03 00:42:15 开始操作号码 【1503803】
2024-07-03 00:42:23 GSD getOne 第 1 次 等待 3 秒
2024-07-03 00:42:26 查询号码 【1503803】，返回信息 {"status":"ok","msg":"河南-郑州","gid":"221119","time_insert":"2021-07-08 08:41"}
2024-07-03 00:42:26 查询号码 【1503803】，GSD为【"河南-郑州"】

2024-07-03 00:42:27 开始第 3895 次操作

2024-07-03 00:42:27 开始操作号码 【1503804】
2024-07-03 00:42:35 GSD getOne 第 1 次 等待 3 秒
2024-07-03 00:42:38 查询号码 【1503804】，返回信息 {"status":"ok","msg":"河南-郑州","gid":"221137","time_insert":"2021-07-08 08:53"}
2024-07-03 00:42:38 查询号码 【1503804】，GSD为【"河南-郑州"】

2024-07-03 00:42:39 开始第 3896 次操作

2024-07-03 00:42:39 开始操作号码 【1503805】
2024-07-03 00:42:47 GSD getOne 第 1 次 等待 3 秒
2024-07-03 00:42:50 查询号码 【1503805】，返回信息 {"status":"ok","msg":"河南-郑州","gid":"221159","time_insert":"2021-07-08 09:05"}
2024-07-03 00:42:50 查询号码 【1503805】，GSD为【"河南-郑州"】

