2024-01-21 00:20:36 开始第 9777 次操作

2024-01-21 00:20:36 开始操作号码 【1839696】
2024-01-21 00:20:41 GSD getOne 第 1 次 等待 3 秒
2024-01-21 00:20:44 查询号码 【1839696】，返回信息 {"status":"ok","msg":"贵州-毕节","gid":"39021","time_insert":"2015-07-23 19:02","time_update":"2020-11-23 05:36"}
2024-01-21 00:20:44 查询号码 【1839696】，GSD为【"贵州-毕节"】

2024-01-21 00:20:45 开始第 9778 次操作

2024-01-21 00:20:45 开始操作号码 【1839697】
2024-01-21 00:20:49 GSD getOne 第 1 次 等待 3 秒
2024-01-21 00:20:53 查询号码 【1839697】，返回信息 {"status":"ok","msg":"贵州-毕节","gid":"39022","time_insert":"2014-04-03 20:03","time_update":"2020-11-23 05:41"}
2024-01-21 00:20:53 查询号码 【1839697】，GSD为【"贵州-毕节"】

2024-01-21 00:20:54 开始第 9779 次操作

2024-01-21 00:20:54 开始操作号码 【1839698】
2024-01-21 00:20:57 GSD getOne 第 1 次 等待 3 秒
2024-01-21 00:21:00 查询号码 【1839698】，返回信息 {"status":"ok","msg":"贵州-毕节","gid":"364844","time_insert":"2021-07-23 10:55"}
2024-01-21 00:21:00 查询号码 【1839698】，GSD为【"贵州-毕节"】

2024-01-21 00:21:01 开始第 9780 次操作

2024-01-21 00:21:01 开始操作号码 【1839699】
2024-01-21 00:21:05 GSD getOne 第 1 次 等待 3 秒
2024-01-21 00:21:08 查询号码 【1839699】，返回信息 {"status":"ok","msg":"贵州-毕节","gid":"39023","time_insert":"2018-05-18 23:04","time_update":"2020-11-23 05:45"}
2024-01-21 00:21:08 查询号码 【1839699】，GSD为【"贵州-毕节"】

2024-01-21 00:40:26 开始第 9781 次操作

2024-01-21 00:40:26 开始操作号码 【1839700】
2024-01-21 00:40:30 GSD getOne 第 1 次 等待 3 秒
2024-01-21 00:40:33 查询号码 【1839700】，返回信息 {"status":"ok","msg":"青海-海北","gid":"364858","time_insert":"2021-07-23 10:56"}
2024-01-21 00:40:34 查询号码 【1839700】，GSD为【"青海-海北"】

2024-01-21 00:40:35 开始第 9782 次操作

2024-01-21 00:40:35 开始操作号码 【1839701】
2024-01-21 00:40:38 GSD getOne 第 1 次 等待 3 秒
2024-01-21 00:40:41 查询号码 【1839701】，返回信息 {"status":"ok","msg":"青海-西宁","gid":"364867","time_insert":"2021-07-23 10:57"}
2024-01-21 00:40:41 查询号码 【1839701】，GSD为【"青海-西宁"】

2024-01-21 00:40:42 开始第 9783 次操作

2024-01-21 00:40:42 开始操作号码 【1839702】
2024-01-21 00:40:46 GSD getOne 第 1 次 等待 3 秒
2024-01-21 00:40:49 查询号码 【1839702】，返回信息 {"status":"ok","msg":"青海-海东","gid":"364877","time_insert":"2021-07-23 10:57"}
2024-01-21 00:40:49 查询号码 【1839702】，GSD为【"青海-海东"】

2024-01-21 00:40:50 开始第 9784 次操作

2024-01-21 00:40:50 开始操作号码 【1839703】
2024-01-21 00:40:53 GSD getOne 第 1 次 等待 3 秒
2024-01-21 00:40:56 查询号码 【1839703】，返回信息 {"status":"ok","msg":"青海-黄南","gid":"364891","time_insert":"2021-07-23 10:58"}
2024-01-21 00:40:57 查询号码 【1839703】，GSD为【"青海-黄南"】

2024-01-21 01:14:29 开始第 9785 次操作

2024-01-21 01:14:29 开始操作号码 【1839704】
2024-01-21 01:14:34 GSD getOne 第 1 次 等待 3 秒
2024-01-21 01:14:37 查询号码 【1839704】，返回信息 {"status":"ok","msg":"青海-海东","gid":"39024","time_insert":"2018-06-09 08:10","time_update":"2020-12-16 02:07"}
2024-01-21 01:14:37 查询号码 【1839704】，GSD为【"青海-海东"】

2024-01-21 01:14:38 开始第 9786 次操作

2024-01-21 01:14:38 开始操作号码 【1839705】
2024-01-21 01:14:42 GSD getOne 第 1 次 等待 3 秒
2024-01-21 01:14:45 查询号码 【1839705】，返回信息 {"status":"ok","msg":"青海-海东","gid":"364902","time_insert":"2021-07-23 10:59"}
2024-01-21 01:14:45 查询号码 【1839705】，GSD为【"青海-海东"】

2024-01-21 01:14:46 开始第 9787 次操作

2024-01-21 01:14:46 开始操作号码 【1839706】
2024-01-21 01:14:51 GSD getOne 第 1 次 等待 3 秒
2024-01-21 01:14:54 查询号码 【1839706】，返回信息 {"status":"ok","msg":"青海-玉树","gid":"364912","time_insert":"2021-07-23 10:59"}
2024-01-21 01:14:54 查询号码 【1839706】，GSD为【"青海-玉树"】

2024-01-21 01:14:55 开始第 9788 次操作

2024-01-21 01:14:55 开始操作号码 【1839707】
2024-01-21 01:15:00 GSD getOne 第 1 次 等待 3 秒
2024-01-21 01:15:03 查询号码 【1839707】，返回信息 {"status":"ok","msg":"青海-海东","gid":"364923","time_insert":"2021-07-23 11:00"}
2024-01-21 01:15:03 查询号码 【1839707】，GSD为【"青海-海东"】

2024-01-21 01:37:21 开始第 9789 次操作

2024-01-21 01:37:21 开始操作号码 【1839708】
2024-01-21 01:37:26 GSD getOne 第 1 次 等待 3 秒
2024-01-21 01:37:29 查询号码 【1839708】，返回信息 {"status":"ok","msg":"青海-西宁","gid":"39025","time_insert":"2016-04-10 20:58","time_update":"2020-12-16 02:56"}
2024-01-21 01:37:30 查询号码 【1839708】，GSD为【"青海-西宁"】

2024-01-21 01:37:31 开始第 9790 次操作

2024-01-21 01:37:31 开始操作号码 【1839709】
2024-01-21 01:37:35 GSD getOne 第 1 次 等待 3 秒
2024-01-21 01:37:38 查询号码 【1839709】，返回信息 {"status":"ok","msg":"青海-格尔木","gid":"39026","time_insert":"2017-06-27 11:27","time_update":"2020-12-15 12:51"}
2024-01-21 01:37:38 查询号码 【1839709】，GSD为【"青海-格尔木"】

2024-01-21 01:37:39 开始第 9791 次操作

2024-01-21 01:37:39 开始操作号码 【1839710】
2024-01-21 01:37:43 GSD getOne 第 1 次 等待 3 秒
2024-01-21 01:37:46 查询号码 【1839710】，返回信息 {"status":"ok","msg":"青海-西宁","gid":"364936","time_insert":"2021-07-23 11:01"}
2024-01-21 01:37:46 查询号码 【1839710】，GSD为【"青海-西宁"】

2024-01-21 01:37:47 开始第 9792 次操作

2024-01-21 01:37:47 开始操作号码 【1839711】
2024-01-21 01:37:52 GSD getOne 第 1 次 等待 3 秒
2024-01-21 01:37:55 查询号码 【1839711】，返回信息 {"status":"ok","msg":"青海-西宁","gid":"364949","time_insert":"2021-07-23 11:02"}
2024-01-21 01:37:55 查询号码 【1839711】，GSD为【"青海-西宁"】

