2024-09-05 00:25:33 开始第 2873 次操作

2024-09-05 00:25:33 开始操作号码 【1392872】
2024-09-05 00:25:43 GSD getOne 第 1 次 等待 3 秒
2024-09-05 00:25:46 查询号码 【1392872】，返回信息 {"status":"ok","msg":"广东-广州","gid":"111316","time_insert":"2021-06-21 20:15"}
2024-09-05 00:25:46 查询号码 【1392872】，GSD为【"广东-广州"】

2024-09-05 00:25:47 开始第 2874 次操作

2024-09-05 00:25:47 开始操作号码 【1392873】
2024-09-05 00:25:56 GSD getOne 第 1 次 等待 3 秒
2024-09-05 00:25:59 查询号码 【1392873】，返回信息 {"status":"ok","msg":"广东-广州","gid":"111340","time_insert":"2021-06-21 20:31"}
2024-09-05 00:25:59 查询号码 【1392873】，GSD为【"广东-广州"】

2024-09-05 00:26:00 开始第 2875 次操作

2024-09-05 00:26:00 开始操作号码 【1392874】
2024-09-05 00:26:10 GSD getOne 第 1 次 等待 3 秒
2024-09-05 00:26:13 查询号码 【1392874】，返回信息 {"status":"ok","msg":"广东-广州","gid":"111364","time_insert":"2021-06-21 20:46"}
2024-09-05 00:26:13 查询号码 【1392874】，GSD为【"广东-广州"】

2024-09-05 00:26:15 开始第 2876 次操作

2024-09-05 00:26:15 开始操作号码 【1392875】
2024-09-05 00:26:22 GSD getOne 第 1 次 等待 3 秒
2024-09-05 00:26:25 查询号码 【1392875】，返回信息 {"status":"ok","msg":"广东-广州","gid":"111392","time_insert":"2021-06-21 21:06"}
2024-09-05 00:26:25 查询号码 【1392875】，GSD为【"广东-广州"】

2024-09-05 00:43:53 开始第 2877 次操作

2024-09-05 00:43:53 开始操作号码 【1392876】
2024-09-05 00:44:00 GSD getOne 第 1 次 等待 3 秒
2024-09-05 00:44:03 查询号码 【1392876】，返回信息 {"status":"ok","msg":"广东-广州","gid":"111419","time_insert":"2021-06-21 21:23"}
2024-09-05 00:44:03 查询号码 【1392876】，GSD为【"广东-广州"】

2024-09-05 00:44:04 开始第 2878 次操作

2024-09-05 00:44:04 开始操作号码 【1392877】
2024-09-05 00:44:12 GSD getOne 第 1 次 等待 3 秒
2024-09-05 00:44:15 查询号码 【1392877】，返回信息 {"status":"ok","msg":"广东-广州","gid":"13097","time_insert":"2017-10-03 16:17","time_update":"2020-09-29 01:43"}
2024-09-05 00:44:15 查询号码 【1392877】，GSD为【"广东-广州"】

2024-09-05 00:44:16 开始第 2879 次操作

2024-09-05 00:44:16 开始操作号码 【1392878】
2024-09-05 00:44:24 GSD getOne 第 1 次 等待 3 秒
2024-09-05 00:44:27 查询号码 【1392878】，返回信息 {"status":"ok","msg":"广东-广州","gid":"111450","time_insert":"2021-06-21 21:43"}
2024-09-05 00:44:27 查询号码 【1392878】，GSD为【"广东-广州"】

2024-09-05 00:44:28 开始第 2880 次操作

2024-09-05 00:44:28 开始操作号码 【1392879】
2024-09-05 00:44:35 GSD getOne 第 1 次 等待 3 秒
2024-09-05 00:44:38 查询号码 【1392879】，返回信息 {"status":"ok","msg":"广东-广州","gid":"13098","time_insert":"2017-07-01 21:15","time_update":"2020-09-29 01:44"}
2024-09-05 00:44:38 查询号码 【1392879】，GSD为【"广东-广州"】

2024-09-05 01:19:37 开始第 2881 次操作

2024-09-05 01:19:37 开始操作号码 【1392880】
2024-09-05 01:19:45 GSD getOne 第 1 次 等待 3 秒
2024-09-05 01:19:48 查询号码 【1392880】，返回信息 {"status":"ok","msg":"广东-广州","gid":"111495","time_insert":"2021-06-21 22:05"}
2024-09-05 01:19:48 查询号码 【1392880】，GSD为【"广东-广州"】

2024-09-05 01:19:49 开始第 2882 次操作

2024-09-05 01:19:49 开始操作号码 【1392881】
2024-09-05 01:19:57 GSD getOne 第 1 次 等待 3 秒
2024-09-05 01:20:00 查询号码 【1392881】，返回信息 {"status":"ok","msg":"广东-广州","gid":"13099","time_insert":"2019-02-18 14:07","time_update":"2020-09-29 01:49"}
2024-09-05 01:20:00 查询号码 【1392881】，GSD为【"广东-广州"】

2024-09-05 01:20:01 开始第 2883 次操作

2024-09-05 01:20:01 开始操作号码 【1392882】
2024-09-05 01:20:09 GSD getOne 第 1 次 等待 3 秒
2024-09-05 01:20:12 查询号码 【1392882】，返回信息 {"status":"ok","msg":"广东-广州","gid":"111548","time_insert":"2021-06-21 22:30"}
2024-09-05 01:20:12 查询号码 【1392882】，GSD为【"广东-广州"】

2024-09-05 01:20:13 开始第 2884 次操作

2024-09-05 01:20:13 开始操作号码 【1392883】
2024-09-05 01:20:21 GSD getOne 第 1 次 等待 3 秒
2024-09-05 01:20:24 查询号码 【1392883】，返回信息 {"status":"ok","msg":"广东-广州","gid":"13100","time_insert":"2017-06-03 14:24","time_update":"2020-09-29 01:53"}
2024-09-05 01:20:24 查询号码 【1392883】，GSD为【"广东-广州"】

2024-09-05 01:40:35 开始第 2885 次操作

2024-09-05 01:40:35 开始操作号码 【1392884】
2024-09-05 01:40:46 GSD getOne 第 1 次 等待 3 秒
2024-09-05 01:40:49 查询号码 【1392884】，返回信息 {"status":"ok","msg":"广东-广州","gid":"111591","time_insert":"2021-06-21 22:54"}
2024-09-05 01:40:49 查询号码 【1392884】，GSD为【"广东-广州"】

2024-09-05 01:40:50 开始第 2886 次操作

2024-09-05 01:40:50 开始操作号码 【1392885】
2024-09-05 01:40:58 GSD getOne 第 1 次 等待 3 秒
2024-09-05 01:41:01 查询号码 【1392885】，返回信息 {"status":"ok","msg":"广东-广州","gid":"111643","time_insert":"2021-06-21 23:17"}
2024-09-05 01:41:01 查询号码 【1392885】，GSD为【"广东-广州"】

2024-09-05 01:41:02 开始第 2887 次操作

2024-09-05 01:41:02 开始操作号码 【1392886】
2024-09-05 01:41:10 GSD getOne 第 1 次 等待 3 秒
2024-09-05 01:41:13 查询号码 【1392886】，返回信息 {"status":"ok","msg":"广东-广州","gid":"111670","time_insert":"2021-06-21 23:35"}
2024-09-05 01:41:13 查询号码 【1392886】，GSD为【"广东-广州"】

2024-09-05 01:41:14 开始第 2888 次操作

2024-09-05 01:41:14 开始操作号码 【1392887】
2024-09-05 01:41:22 GSD getOne 第 1 次 等待 3 秒
2024-09-05 01:41:25 查询号码 【1392887】，返回信息 {"status":"ok","msg":"广东-广州","gid":"111695","time_insert":"2021-06-21 23:51"}
2024-09-05 01:41:25 查询号码 【1392887】，GSD为【"广东-广州"】

2024-09-05 02:25:17 开始第 2889 次操作

2024-09-05 02:25:17 开始操作号码 【1392888】
2024-09-05 02:25:26 GSD getOne 第 1 次 等待 3 秒
2024-09-05 02:25:29 查询号码 【1392888】，返回信息 {"status":"ok","msg":"广东-广州","gid":"111745","time_insert":"2021-06-22 00:16"}
2024-09-05 02:25:29 查询号码 【1392888】，GSD为【"广东-广州"】

2024-09-05 02:25:30 开始第 2890 次操作

2024-09-05 02:25:30 开始操作号码 【1392889】
2024-09-05 02:25:37 GSD getOne 第 1 次 等待 3 秒
2024-09-05 02:25:40 查询号码 【1392889】，返回信息 {"status":"ok","msg":"广东-广州","gid":"111795","time_insert":"2021-06-22 00:39"}
2024-09-05 02:25:40 查询号码 【1392889】，GSD为【"广东-广州"】

2024-09-05 02:25:41 开始第 2891 次操作

2024-09-05 02:25:41 开始操作号码 【1392890】
2024-09-05 02:25:49 GSD getOne 第 1 次 等待 3 秒
2024-09-05 02:25:52 查询号码 【1392890】，返回信息 {"status":"ok","msg":"广东-广州","gid":"111824","time_insert":"2021-06-22 00:58"}
2024-09-05 02:25:52 查询号码 【1392890】，GSD为【"广东-广州"】

2024-09-05 02:25:53 开始第 2892 次操作

2024-09-05 02:25:53 开始操作号码 【1392891】
2024-09-05 02:26:01 GSD getOne 第 1 次 等待 3 秒
2024-09-05 02:26:04 查询号码 【1392891】，返回信息 {"status":"ok","msg":"广东-广州","gid":"111853","time_insert":"2021-06-22 01:20"}
2024-09-05 02:26:04 查询号码 【1392891】，GSD为【"广东-广州"】

2024-09-05 02:42:11 开始第 2893 次操作

2024-09-05 02:42:11 开始操作号码 【1392892】
2024-09-05 02:42:19 GSD getOne 第 1 次 等待 3 秒
2024-09-05 02:42:22 查询号码 【1392892】，返回信息 {"status":"ok","msg":"广东-广州","gid":"111876","time_insert":"2021-06-22 01:36"}
2024-09-05 02:42:22 查询号码 【1392892】，GSD为【"广东-广州"】

2024-09-05 02:42:23 开始第 2894 次操作

2024-09-05 02:42:23 开始操作号码 【1392893】
2024-09-05 02:42:31 GSD getOne 第 1 次 等待 3 秒
2024-09-05 02:42:34 查询号码 【1392893】，返回信息 {"status":"ok","msg":"广东-广州","gid":"13101","time_insert":"2017-04-19 11:23","time_update":"2020-09-29 01:56"}
2024-09-05 02:42:34 查询号码 【1392893】，GSD为【"广东-广州"】

2024-09-05 02:42:35 开始第 2895 次操作

2024-09-05 02:42:35 开始操作号码 【1392894】
2024-09-05 02:42:44 GSD getOne 第 1 次 等待 3 秒
2024-09-05 02:42:47 查询号码 【1392894】，返回信息 {"status":"ok","msg":"广东-广州","gid":"111913","time_insert":"2021-06-22 01:55"}
2024-09-05 02:42:47 查询号码 【1392894】，GSD为【"广东-广州"】

2024-09-05 02:42:48 开始第 2896 次操作

2024-09-05 02:42:48 开始操作号码 【1392895】
2024-09-05 02:42:55 GSD getOne 第 1 次 等待 3 秒
2024-09-05 02:42:58 查询号码 【1392895】，返回信息 {"status":"ok","msg":"广东-广州","gid":"111969","time_insert":"2021-06-22 02:20"}
2024-09-05 02:42:58 查询号码 【1392895】，GSD为【"广东-广州"】

2024-09-05 03:15:55 开始第 2897 次操作

2024-09-05 03:15:55 开始操作号码 【1392896】
2024-09-05 03:16:04 GSD getOne 第 1 次 等待 3 秒
2024-09-05 03:16:07 查询号码 【1392896】，返回信息 {"status":"ok","msg":"广东-广州","gid":"111999","time_insert":"2021-06-22 02:38"}
2024-09-05 03:16:07 查询号码 【1392896】，GSD为【"广东-广州"】

2024-09-05 03:16:08 开始第 2898 次操作

2024-09-05 03:16:08 开始操作号码 【1392897】
2024-09-05 03:16:15 GSD getOne 第 1 次 等待 3 秒
2024-09-05 03:16:18 查询号码 【1392897】，返回信息 {"status":"ok","msg":"广东-广州","gid":"112035","time_insert":"2021-06-22 03:02"}
2024-09-05 03:16:18 查询号码 【1392897】，GSD为【"广东-广州"】

2024-09-05 03:16:19 开始第 2899 次操作

2024-09-05 03:16:19 开始操作号码 【1392898】
2024-09-05 03:16:27 GSD getOne 第 1 次 等待 3 秒
2024-09-05 03:16:30 查询号码 【1392898】，返回信息 {"status":"ok","msg":"广东-广州","gid":"112090","time_insert":"2021-06-22 03:19"}
2024-09-05 03:16:30 查询号码 【1392898】，GSD为【"广东-广州"】

2024-09-05 03:16:31 开始第 2900 次操作

2024-09-05 03:16:31 开始操作号码 【1392899】
2024-09-05 03:16:39 GSD getOne 第 1 次 等待 3 秒
2024-09-05 03:16:42 查询号码 【1392899】，返回信息 {"status":"ok","msg":"广东-广州","gid":"112126","time_insert":"2021-06-22 03:39"}
2024-09-05 03:16:42 查询号码 【1392899】，GSD为【"广东-广州"】

2024-09-05 03:38:04 开始第 2901 次操作

2024-09-05 03:38:04 开始操作号码 【1392900】
2024-09-05 03:38:11 GSD getOne 第 1 次 等待 3 秒
2024-09-05 03:38:14 查询号码 【1392900】，返回信息 {"status":"ok","msg":"广东-江门","gid":"112179","time_insert":"2021-06-22 04:00"}
2024-09-05 03:38:15 查询号码 【1392900】，GSD为【"广东-江门"】

2024-09-05 03:38:16 开始第 2902 次操作

2024-09-05 03:38:16 开始操作号码 【1392901】
2024-09-05 03:38:23 GSD getOne 第 1 次 等待 3 秒
2024-09-05 03:38:26 查询号码 【1392901】，返回信息 {"status":"ok","msg":"广东-江门","gid":"112213","time_insert":"2021-06-22 04:19"}
2024-09-05 03:38:26 查询号码 【1392901】，GSD为【"广东-江门"】

2024-09-05 03:38:27 开始第 2903 次操作

2024-09-05 03:38:27 开始操作号码 【1392902】
2024-09-05 03:38:35 GSD getOne 第 1 次 等待 3 秒
2024-09-05 03:38:38 查询号码 【1392902】，返回信息 {"status":"ok","msg":"广东-江门","gid":"112247","time_insert":"2021-06-22 04:43"}
2024-09-05 03:38:38 查询号码 【1392902】，GSD为【"广东-江门"】

2024-09-05 03:38:39 开始第 2904 次操作

2024-09-05 03:38:39 开始操作号码 【1392903】
2024-09-05 03:38:47 GSD getOne 第 1 次 等待 3 秒
2024-09-05 03:38:50 查询号码 【1392903】，返回信息 {"status":"ok","msg":"广东-江门","gid":"112294","time_insert":"2021-06-22 05:01"}
2024-09-05 03:38:50 查询号码 【1392903】，GSD为【"广东-江门"】

2024-09-05 04:23:03 开始第 2905 次操作

2024-09-05 04:23:03 开始操作号码 【1392904】
2024-09-05 04:23:10 GSD getOne 第 1 次 等待 3 秒
2024-09-05 04:23:13 查询号码 【1392904】，返回信息 {"status":"ok","msg":"广东-江门","gid":"112330","time_insert":"2021-06-22 05:19"}
2024-09-05 04:23:13 查询号码 【1392904】，GSD为【"广东-江门"】

2024-09-05 04:23:14 开始第 2906 次操作

2024-09-05 04:23:14 开始操作号码 【1392905】
2024-09-05 04:23:22 GSD getOne 第 1 次 等待 3 秒
2024-09-05 04:23:25 查询号码 【1392905】，返回信息 {"status":"ok","msg":"广东-江门","gid":"112358","time_insert":"2021-06-22 05:38"}
2024-09-05 04:23:25 查询号码 【1392905】，GSD为【"广东-江门"】

2024-09-05 04:23:26 开始第 2907 次操作

2024-09-05 04:23:26 开始操作号码 【1392906】
2024-09-05 04:23:34 GSD getOne 第 1 次 等待 3 秒
2024-09-05 04:23:37 查询号码 【1392906】，返回信息 {"status":"ok","msg":"广东-江门","gid":"112404","time_insert":"2021-06-22 06:02"}
2024-09-05 04:23:37 查询号码 【1392906】，GSD为【"广东-江门"】

2024-09-05 04:23:38 开始第 2908 次操作

2024-09-05 04:23:38 开始操作号码 【1392907】
2024-09-05 04:23:46 GSD getOne 第 1 次 等待 3 秒
2024-09-05 04:23:49 查询号码 【1392907】，返回信息 {"status":"ok","msg":"广东-江门","gid":"112444","time_insert":"2021-06-22 06:18"}
2024-09-05 04:23:49 查询号码 【1392907】，GSD为【"广东-江门"】

2024-09-05 04:40:17 开始第 2909 次操作

2024-09-05 04:40:17 开始操作号码 【1392908】
2024-09-05 04:40:26 GSD getOne 第 1 次 等待 3 秒
2024-09-05 04:40:29 查询号码 【1392908】，返回信息 {"status":"ok","msg":"广东-江门","gid":"112469","time_insert":"2021-06-22 06:34"}
2024-09-05 04:40:29 查询号码 【1392908】，GSD为【"广东-江门"】

2024-09-05 04:40:30 开始第 2910 次操作

2024-09-05 04:40:30 开始操作号码 【1392909】
2024-09-05 04:40:37 GSD getOne 第 1 次 等待 3 秒
2024-09-05 04:40:40 查询号码 【1392909】，返回信息 {"status":"ok","msg":"广东-江门","gid":"112500","time_insert":"2021-06-22 06:52"}
2024-09-05 04:40:40 查询号码 【1392909】，GSD为【"广东-江门"】

2024-09-05 04:40:41 开始第 2911 次操作

2024-09-05 04:40:41 开始操作号码 【1392910】
2024-09-05 04:40:49 GSD getOne 第 1 次 等待 3 秒
2024-09-05 04:40:52 查询号码 【1392910】，返回信息 {"status":"ok","msg":"广东-佛山","gid":"112553","time_insert":"2021-06-22 07:13"}
2024-09-05 04:40:52 查询号码 【1392910】，GSD为【"广东-佛山"】

2024-09-05 04:40:53 开始第 2912 次操作

2024-09-05 04:40:53 开始操作号码 【1392911】
2024-09-05 04:41:01 GSD getOne 第 1 次 等待 3 秒
2024-09-05 04:41:04 查询号码 【1392911】，返回信息 {"status":"ok","msg":"广东-佛山","gid":"112596","time_insert":"2021-06-22 07:37"}
2024-09-05 04:41:04 查询号码 【1392911】，GSD为【"广东-佛山"】

2024-09-05 05:18:49 开始第 2913 次操作

2024-09-05 05:18:49 开始操作号码 【1392912】
2024-09-05 05:18:58 GSD getOne 第 1 次 等待 3 秒
2024-09-05 05:19:01 查询号码 【1392912】，返回信息 {"status":"ok","msg":"广东-佛山","gid":"112622","time_insert":"2021-06-22 07:52"}
2024-09-05 05:19:01 查询号码 【1392912】，GSD为【"广东-佛山"】

2024-09-05 05:19:02 开始第 2914 次操作

2024-09-05 05:19:02 开始操作号码 【1392913】
2024-09-05 05:19:09 GSD getOne 第 1 次 等待 3 秒
2024-09-05 05:19:12 查询号码 【1392913】，返回信息 {"status":"ok","msg":"广东-佛山","gid":"112668","time_insert":"2021-06-22 08:11"}
2024-09-05 05:19:12 查询号码 【1392913】，GSD为【"广东-佛山"】

2024-09-05 05:19:13 开始第 2915 次操作

2024-09-05 05:19:13 开始操作号码 【1392914】
2024-09-05 05:19:21 GSD getOne 第 1 次 等待 3 秒
2024-09-05 05:19:24 查询号码 【1392914】，返回信息 {"status":"ok","msg":"广东-佛山","gid":"112698","time_insert":"2021-06-22 08:28"}
2024-09-05 05:19:24 查询号码 【1392914】，GSD为【"广东-佛山"】

2024-09-05 05:19:25 开始第 2916 次操作

2024-09-05 05:19:25 开始操作号码 【1392915】
2024-09-05 05:19:33 GSD getOne 第 1 次 等待 3 秒
2024-09-05 05:19:36 查询号码 【1392915】，返回信息 {"status":"ok","msg":"广东-佛山","gid":"112735","time_insert":"2021-06-22 08:51"}
2024-09-05 05:19:36 查询号码 【1392915】，GSD为【"广东-佛山"】

