2024-04-17 00:20:53 开始第 3917 次操作

2024-04-17 00:20:53 开始操作号码 【1613836】
2024-04-17 00:20:58 GSD getOne 第 1 次 等待 3 秒
2024-04-17 00:21:01 查询号码 【1613836】，返回信息 {"status":"ok","msg":"-","gid":"593833","time_insert":"2023-03-16 05:52"}
2024-04-17 00:21:01 查询号码 【1613836】，GSD为【"-"】
2024-04-17 00:21:01 ok && -
2024-04-17 00:21:03 CHB 1613836?1713284461 第 1 次 等待 3 秒
2024-04-17 00:21:06 CHB 1613836?1713284461 第 1 次 获取到号码【1613836】GSD
2024-04-17 00:21:07 未获取到号码【1613836】GSD，可能号码格式错误
2024-04-17 00:21:07 获取到号码【1613836】的GSD为【-】
2024-04-17 00:21:11 GSD insert 第 1 次 等待 3 秒
2024-04-17 00:21:14 {"status":"bad","gid":"593833","msg":"添加失败！号码【1613836(-|-)】已存在！"}
2024-04-17 00:21:14 随机等待 220 秒，约 3 分钟
2024-04-17 00:21:14 下次操作: 2024-04-17 00:24:54

2024-04-17 00:24:55 开始第 3918 次操作

2024-04-17 00:24:55 开始操作号码 【1613837】
2024-04-17 00:25:00 GSD getOne 第 1 次 等待 3 秒
2024-04-17 00:25:03 查询号码 【1613837】，返回信息 {"status":"ok","msg":"-","gid":"593868","time_insert":"2023-03-16 06:13"}
2024-04-17 00:25:03 查询号码 【1613837】，GSD为【"-"】
2024-04-17 00:25:03 ok && -
2024-04-17 00:25:06 CHB 1613837?1713284703 第 1 次 等待 3 秒
2024-04-17 00:25:09 CHB 1613837?1713284703 第 1 次 获取到号码【1613837】GSD
2024-04-17 00:25:09 未获取到号码【1613837】GSD，可能号码格式错误
2024-04-17 00:25:09 获取到号码【1613837】的GSD为【-】
2024-04-17 00:25:14 GSD insert 第 1 次 等待 3 秒
2024-04-17 00:25:17 {"status":"bad","gid":"593868","msg":"添加失败！号码【1613837(-|-)】已存在！"}
2024-04-17 00:25:17 随机等待 223 秒，约 3 分钟
2024-04-17 00:25:17 下次操作: 2024-04-17 00:29:00

2024-04-17 00:29:00 开始第 3919 次操作

2024-04-17 00:29:00 开始操作号码 【1613838】
2024-04-17 00:29:05 GSD getOne 第 1 次 等待 3 秒
2024-04-17 00:29:08 查询号码 【1613838】，返回信息 {"status":"ok","msg":"-","gid":"593887","time_insert":"2023-03-16 06:28"}
2024-04-17 00:29:08 查询号码 【1613838】，GSD为【"-"】
2024-04-17 00:29:08 ok && -
2024-04-17 00:29:15 CHB 1613838?1713284948 第 1 次 等待 3 秒
2024-04-17 00:29:18 CHB 1613838?1713284948 第 1 次 获取到号码【1613838】GSD
2024-04-17 00:29:18 未获取到号码【1613838】GSD，可能号码格式错误
2024-04-17 00:29:18 获取到号码【1613838】的GSD为【-】
2024-04-17 00:29:23 GSD insert 第 1 次 等待 3 秒
2024-04-17 00:29:26 {"status":"bad","gid":"593887","msg":"添加失败！号码【1613838(-|-)】已存在！"}
2024-04-17 00:29:26 随机等待 98 秒，约 1 分钟
2024-04-17 00:29:26 下次操作: 2024-04-17 00:31:04

2024-04-17 00:31:04 开始第 3920 次操作

2024-04-17 00:31:04 开始操作号码 【1613839】
2024-04-17 00:31:09 GSD getOne 第 1 次 等待 3 秒
2024-04-17 00:31:12 查询号码 【1613839】，返回信息 {"status":"ok","msg":"-","gid":"593913","time_insert":"2023-03-16 06:41"}
2024-04-17 00:31:12 查询号码 【1613839】，GSD为【"-"】
2024-04-17 00:31:12 ok && -
2024-04-17 00:31:14 CHB 1613839?1713285072 第 1 次 等待 3 秒
2024-04-17 00:31:17 CHB 1613839?1713285072 第 1 次 获取到号码【1613839】GSD
2024-04-17 00:31:17 未获取到号码【1613839】GSD，可能号码格式错误
2024-04-17 00:31:17 获取到号码【1613839】的GSD为【-】
2024-04-17 00:31:22 GSD insert 第 1 次 等待 3 秒
2024-04-17 00:31:25 {"status":"bad","gid":"593913","msg":"添加失败！号码【1613839(-|-)】已存在！"}

