2024-03-05 00:21:21 开始第 7101 次操作

2024-03-05 00:21:21 开始操作号码 【1727020】
2024-03-05 00:21:26 GSD getOne 第 1 次 等待 3 秒
2024-03-05 00:21:29 查询号码 【1727020】，返回信息 {"status":"ok","msg":"福建-福州","gid":"321191","time_insert":"2021-07-19 01:40"}
2024-03-05 00:21:29 查询号码 【1727020】，GSD为【"福建-福州"】

2024-03-05 00:21:30 开始第 7102 次操作

2024-03-05 00:21:30 开始操作号码 【1727021】
2024-03-05 00:21:35 GSD getOne 第 1 次 等待 3 秒
2024-03-05 00:21:38 查询号码 【1727021】，返回信息 {"status":"ok","msg":"福建-福州","gid":"321197","time_insert":"2021-07-19 01:40"}
2024-03-05 00:21:38 查询号码 【1727021】，GSD为【"福建-福州"】

2024-03-05 00:21:39 开始第 7103 次操作

2024-03-05 00:21:39 开始操作号码 【1727022】
2024-03-05 00:21:43 GSD getOne 第 1 次 等待 3 秒
2024-03-05 00:21:46 查询号码 【1727022】，返回信息 {"status":"ok","msg":"福建-福州","gid":"321203","time_insert":"2021-07-19 01:41"}
2024-03-05 00:21:46 查询号码 【1727022】，GSD为【"福建-福州"】

2024-03-05 00:21:47 开始第 7104 次操作

2024-03-05 00:21:47 开始操作号码 【1727023】
2024-03-05 00:21:52 GSD getOne 第 1 次 等待 3 秒
2024-03-05 00:21:55 查询号码 【1727023】，返回信息 {"status":"ok","msg":"福建-福州","gid":"321221","time_insert":"2021-07-19 01:42"}
2024-03-05 00:21:55 查询号码 【1727023】，GSD为【"福建-福州"】

