2024-05-04 00:21:24 开始第 6933 次操作

2024-05-04 00:21:24 开始操作号码 【1616850】
2024-05-04 00:21:35 GSD getOne 第 1 次 等待 3 秒
2024-05-04 00:21:38 查询号码 【1616850】，返回信息 {"status":"ok","msg":"-","gid":"666190","time_insert":"2023-04-20 09:49"}
2024-05-04 00:21:38 查询号码 【1616850】，GSD为【"-"】
2024-05-04 00:21:38 ok && -
2024-05-04 00:21:41 CHB 1616850?1714753298 第 1 次 等待 3 秒
2024-05-04 00:21:44 CHB 1616850?1714753298 第 1 次 获取到号码【1616850】GSD
2024-05-04 00:21:44 未获取到号码【1616850】GSD，可能号码格式错误
2024-05-04 00:21:44 获取到号码【1616850】的GSD为【-】
2024-05-04 00:21:51 GSD insert 第 1 次 等待 3 秒
2024-05-04 00:21:54 {"status":"bad","gid":"666190","msg":"添加失败！号码【1616850(-|-)】已存在！"}
2024-05-04 00:21:54 随机等待 85 秒，约 1 分钟
2024-05-04 00:21:54 下次操作: 2024-05-04 00:23:19

2024-05-04 00:23:19 开始第 6934 次操作

2024-05-04 00:23:19 开始操作号码 【1616851】
2024-05-04 00:23:27 GSD getOne 第 1 次 等待 3 秒
2024-05-04 00:23:30 查询号码 【1616851】，返回信息 {"status":"ok","msg":"-","gid":"666220","time_insert":"2023-04-20 10:12"}
2024-05-04 00:23:30 查询号码 【1616851】，GSD为【"-"】
2024-05-04 00:23:30 ok && -
2024-05-04 00:23:33 CHB 1616851?1714753410 第 1 次 等待 3 秒
2024-05-04 00:23:36 CHB 1616851?1714753410 第 1 次 获取到号码【1616851】GSD
2024-05-04 00:23:36 未获取到号码【1616851】GSD，可能号码格式错误
2024-05-04 00:23:36 获取到号码【1616851】的GSD为【-】
2024-05-04 00:23:42 GSD insert 第 1 次 等待 3 秒
2024-05-04 00:23:45 {"status":"bad","gid":"666220","msg":"添加失败！号码【1616851(-|-)】已存在！"}
2024-05-04 00:23:45 随机等待 133 秒，约 2 分钟
2024-05-04 00:23:45 下次操作: 2024-05-04 00:25:58

2024-05-04 00:25:58 开始第 6935 次操作

2024-05-04 00:25:58 开始操作号码 【1616852】
2024-05-04 00:26:10 GSD getOne 第 1 次 等待 3 秒
2024-05-04 00:26:13 查询号码 【1616852】，返回信息 {"status":"ok","msg":"-","gid":"666232","time_insert":"2023-04-20 10:22"}
2024-05-04 00:26:13 查询号码 【1616852】，GSD为【"-"】
2024-05-04 00:26:13 ok && -
2024-05-04 00:26:19 CHB 1616852?1714753573 第 1 次 等待 3 秒
2024-05-04 00:26:22 CHB 1616852?1714753573 第 1 次 获取到号码【1616852】GSD
2024-05-04 00:26:22 未获取到号码【1616852】GSD，可能号码格式错误
2024-05-04 00:26:22 获取到号码【1616852】的GSD为【-】
2024-05-04 00:26:27 GSD insert 第 1 次 等待 3 秒
2024-05-04 00:26:30 {"status":"bad","gid":"666232","msg":"添加失败！号码【1616852(-|-)】已存在！"}
2024-05-04 00:26:30 随机等待 162 秒，约 2 分钟
2024-05-04 00:26:30 下次操作: 2024-05-04 00:29:12

2024-05-04 00:29:12 开始第 6936 次操作

2024-05-04 00:29:12 开始操作号码 【1616853】
2024-05-04 00:29:17 GSD getOne 第 1 次 等待 3 秒
2024-05-04 00:29:20 查询号码 【1616853】，返回信息 {"status":"ok","msg":"-","gid":"666255","time_insert":"2023-04-20 10:40"}
2024-05-04 00:29:20 查询号码 【1616853】，GSD为【"-"】
2024-05-04 00:29:20 ok && -
2024-05-04 00:29:23 CHB 1616853?1714753760 第 1 次 等待 3 秒
2024-05-04 00:29:26 CHB 1616853?1714753760 第 1 次 获取到号码【1616853】GSD
2024-05-04 00:29:26 未获取到号码【1616853】GSD，可能号码格式错误
2024-05-04 00:29:26 获取到号码【1616853】的GSD为【-】
2024-05-04 00:29:45 GSD insert 第 1 次 等待 3 秒
2024-05-04 00:29:48 {"status":"bad","gid":"666255","msg":"添加失败！号码【1616853(-|-)】已存在！"}

2024-05-04 00:39:08 开始第 6937 次操作

2024-05-04 00:39:08 开始操作号码 【1616854】
2024-05-04 00:39:17 GSD getOne 第 1 次 等待 3 秒
2024-05-04 00:39:20 查询号码 【1616854】，返回信息 {"status":"ok","msg":"-","gid":"666297","time_insert":"2023-04-20 11:04"}
2024-05-04 00:39:20 查询号码 【1616854】，GSD为【"-"】
2024-05-04 00:39:20 ok && -
2024-05-04 00:39:22 CHB 1616854?1714754360 第 1 次 等待 3 秒
2024-05-04 00:39:25 CHB 1616854?1714754360 第 1 次 获取到号码【1616854】GSD
2024-05-04 00:39:25 未获取到号码【1616854】GSD，可能号码格式错误
2024-05-04 00:39:25 获取到号码【1616854】的GSD为【-】
2024-05-04 00:39:31 GSD insert 第 1 次 等待 3 秒
2024-05-04 00:39:34 {"status":"bad","gid":"666297","msg":"添加失败！号码【1616854(-|-)】已存在！"}
2024-05-04 00:39:34 随机等待 178 秒，约 2 分钟
2024-05-04 00:39:34 下次操作: 2024-05-04 00:42:32

2024-05-04 00:42:32 开始第 6938 次操作

2024-05-04 00:42:32 开始操作号码 【1616855】
2024-05-04 00:42:45 GSD getOne 第 1 次 等待 3 秒
2024-05-04 00:42:48 查询号码 【1616855】，返回信息 {"status":"ok","msg":"-","gid":"666323","time_insert":"2023-04-20 11:21"}
2024-05-04 00:42:48 查询号码 【1616855】，GSD为【"-"】
2024-05-04 00:42:48 ok && -
2024-05-04 00:42:50 CHB 1616855?1714754568 第 1 次 等待 3 秒
2024-05-04 00:42:53 CHB 1616855?1714754568 第 1 次 获取到号码【1616855】GSD
2024-05-04 00:42:53 未获取到号码【1616855】GSD，可能号码格式错误
2024-05-04 00:42:53 获取到号码【1616855】的GSD为【-】
2024-05-04 00:42:58 GSD insert 第 1 次 等待 3 秒
2024-05-04 00:43:01 {"status":"bad","gid":"666323","msg":"添加失败！号码【1616855(-|-)】已存在！"}
2024-05-04 00:43:01 随机等待 197 秒，约 3 分钟
2024-05-04 00:43:01 下次操作: 2024-05-04 00:46:18

2024-05-04 00:46:18 开始第 6939 次操作

2024-05-04 00:46:18 开始操作号码 【1616856】
2024-05-04 00:46:26 GSD getOne 第 1 次 等待 3 秒
2024-05-04 00:46:29 查询号码 【1616856】，返回信息 {"status":"ok","msg":"-","gid":"666350","time_insert":"2023-04-20 11:36"}
2024-05-04 00:46:29 查询号码 【1616856】，GSD为【"-"】
2024-05-04 00:46:29 ok && -
2024-05-04 00:46:35 CHB 1616856?1714754789 第 1 次 等待 3 秒
2024-05-04 00:46:38 CHB 1616856?1714754789 第 1 次 获取到号码【1616856】GSD
2024-05-04 00:46:38 未获取到号码【1616856】GSD，可能号码格式错误
2024-05-04 00:46:38 获取到号码【1616856】的GSD为【-】
2024-05-04 00:46:43 GSD insert 第 1 次 等待 3 秒
2024-05-04 00:46:46 {"status":"bad","gid":"666350","msg":"添加失败！号码【1616856(-|-)】已存在！"}
2024-05-04 00:46:46 随机等待 122 秒，约 2 分钟
2024-05-04 00:46:46 下次操作: 2024-05-04 00:48:48

2024-05-04 00:48:48 开始第 6940 次操作

2024-05-04 00:48:49 开始操作号码 【1616857】
2024-05-04 00:48:57 GSD getOne 第 1 次 等待 3 秒
2024-05-04 00:49:00 查询号码 【1616857】，返回信息 {"status":"ok","msg":"-","gid":"666365","time_insert":"2023-04-20 11:46"}
2024-05-04 00:49:00 查询号码 【1616857】，GSD为【"-"】
2024-05-04 00:49:00 ok && -
2024-05-04 00:49:02 CHB 1616857?1714754940 第 1 次 等待 3 秒
2024-05-04 00:49:05 CHB 1616857?1714754940 第 1 次 获取到号码【1616857】GSD
2024-05-04 00:49:05 未获取到号码【1616857】GSD，可能号码格式错误
2024-05-04 00:49:05 获取到号码【1616857】的GSD为【-】
2024-05-04 00:49:14 GSD insert 第 1 次 等待 3 秒
2024-05-04 00:49:17 {"status":"bad","gid":"666365","msg":"添加失败！号码【1616857(-|-)】已存在！"}

2024-05-04 01:14:45 开始第 6941 次操作

2024-05-04 01:14:45 开始操作号码 【1616858】
2024-05-04 01:14:56 GSD getOne 第 1 次 等待 3 秒
2024-05-04 01:14:59 查询号码 【1616858】，返回信息 {"status":"ok","msg":"-","gid":"666394","time_insert":"2023-04-20 12:01"}
2024-05-04 01:14:59 查询号码 【1616858】，GSD为【"-"】
2024-05-04 01:14:59 ok && -
2024-05-04 01:15:02 CHB 1616858?1714756499 第 1 次 等待 3 秒
2024-05-04 01:15:05 CHB 1616858?1714756499 第 1 次 获取到号码【1616858】GSD
2024-05-04 01:15:05 未获取到号码【1616858】GSD，可能号码格式错误
2024-05-04 01:15:05 获取到号码【1616858】的GSD为【-】
2024-05-04 01:15:12 GSD insert 第 1 次 等待 3 秒
2024-05-04 01:15:15 {"status":"bad","gid":"666394","msg":"添加失败！号码【1616858(-|-)】已存在！"}
2024-05-04 01:15:15 随机等待 118 秒，约 1 分钟
2024-05-04 01:15:15 下次操作: 2024-05-04 01:17:13

2024-05-04 01:17:13 开始第 6942 次操作

2024-05-04 01:17:13 开始操作号码 【1616859】
2024-05-04 01:17:18 GSD getOne 第 1 次 等待 3 秒
2024-05-04 01:17:21 查询号码 【1616859】，返回信息 {"status":"ok","msg":"-","gid":"666422","time_insert":"2023-04-20 12:24"}
2024-05-04 01:17:21 查询号码 【1616859】，GSD为【"-"】
2024-05-04 01:17:21 ok && -
2024-05-04 01:17:25 CHB 1616859?1714756641 第 1 次 等待 3 秒
2024-05-04 01:17:28 CHB 1616859?1714756641 第 1 次 获取到号码【1616859】GSD
2024-05-04 01:17:28 未获取到号码【1616859】GSD，可能号码格式错误
2024-05-04 01:17:28 获取到号码【1616859】的GSD为【-】
2024-05-04 01:17:32 GSD insert 第 1 次 等待 3 秒
2024-05-04 01:17:35 {"status":"bad","gid":"666422","msg":"添加失败！号码【1616859(-|-)】已存在！"}
2024-05-04 01:17:35 随机等待 165 秒，约 2 分钟
2024-05-04 01:17:35 下次操作: 2024-05-04 01:20:20

2024-05-04 01:20:20 开始第 6943 次操作

2024-05-04 01:20:20 开始操作号码 【1616860】
2024-05-04 01:20:33 GSD getOne 第 1 次 等待 3 秒
2024-05-04 01:20:36 查询号码 【1616860】，返回信息 {"status":"ok","msg":"-","gid":"666447","time_insert":"2023-04-20 12:41"}
2024-05-04 01:20:36 查询号码 【1616860】，GSD为【"-"】
2024-05-04 01:20:36 ok && -
2024-05-04 01:20:39 CHB 1616860?1714756836 第 1 次 等待 3 秒
2024-05-04 01:20:42 CHB 1616860?1714756836 第 1 次 获取到号码【1616860】GSD
2024-05-04 01:20:42 未获取到号码【1616860】GSD，可能号码格式错误
2024-05-04 01:20:42 获取到号码【1616860】的GSD为【-】
2024-05-04 01:20:52 GSD insert 第 1 次 等待 3 秒
2024-05-04 01:20:55 {"status":"bad","gid":"666447","msg":"添加失败！号码【1616860(-|-)】已存在！"}
2024-05-04 01:20:55 随机等待 87 秒，约 1 分钟
2024-05-04 01:20:55 下次操作: 2024-05-04 01:22:22

2024-05-04 01:22:22 开始第 6944 次操作

2024-05-04 01:22:22 开始操作号码 【1616861】
2024-05-04 01:22:31 GSD getOne 第 1 次 等待 3 秒
2024-05-04 01:22:34 查询号码 【1616861】，返回信息 {"status":"ok","msg":"-","gid":"666463","time_insert":"2023-04-20 12:52"}
2024-05-04 01:22:34 查询号码 【1616861】，GSD为【"-"】
2024-05-04 01:22:34 ok && -
2024-05-04 01:22:37 CHB 1616861?1714756954 第 1 次 等待 3 秒
2024-05-04 01:22:40 CHB 1616861?1714756954 第 1 次 获取到号码【1616861】GSD
2024-05-04 01:22:40 未获取到号码【1616861】GSD，可能号码格式错误
2024-05-04 01:22:40 获取到号码【1616861】的GSD为【-】
2024-05-04 01:22:45 GSD insert 第 1 次 等待 3 秒
2024-05-04 01:22:48 {"status":"bad","gid":"666463","msg":"添加失败！号码【1616861(-|-)】已存在！"}

2024-05-04 01:37:13 开始第 6945 次操作

2024-05-04 01:37:13 开始操作号码 【1616862】
2024-05-04 01:37:20 GSD getOne 第 1 次 等待 3 秒
2024-05-04 01:37:23 查询号码 【1616862】，返回信息 {"status":"ok","msg":"-","gid":"666490","time_insert":"2023-04-20 13:09"}
2024-05-04 01:37:23 查询号码 【1616862】，GSD为【"-"】
2024-05-04 01:37:23 ok && -
2024-05-04 01:37:26 CHB 1616862?1714757843 第 1 次 等待 3 秒
2024-05-04 01:37:29 CHB 1616862?1714757843 第 1 次 获取到号码【1616862】GSD
2024-05-04 01:37:29 未获取到号码【1616862】GSD，可能号码格式错误
2024-05-04 01:37:29 获取到号码【1616862】的GSD为【-】
2024-05-04 01:37:36 GSD insert 第 1 次 等待 3 秒
2024-05-04 01:37:39 {"status":"bad","gid":"666490","msg":"添加失败！号码【1616862(-|-)】已存在！"}
2024-05-04 01:37:39 随机等待 201 秒，约 3 分钟
2024-05-04 01:37:39 下次操作: 2024-05-04 01:41:00

2024-05-04 01:41:00 开始第 6946 次操作

2024-05-04 01:41:00 开始操作号码 【1616863】
2024-05-04 01:41:05 GSD getOne 第 1 次 等待 3 秒
2024-05-04 01:41:08 查询号码 【1616863】，返回信息 {"status":"ok","msg":"-","gid":"666516","time_insert":"2023-04-20 13:29"}
2024-05-04 01:41:08 查询号码 【1616863】，GSD为【"-"】
2024-05-04 01:41:08 ok && -
2024-05-04 01:41:11 CHB 1616863?1714758068 第 1 次 等待 3 秒
2024-05-04 01:41:14 CHB 1616863?1714758068 第 1 次 获取到号码【1616863】GSD
2024-05-04 01:41:14 未获取到号码【1616863】GSD，可能号码格式错误
2024-05-04 01:41:14 获取到号码【1616863】的GSD为【-】
2024-05-04 01:41:19 GSD insert 第 1 次 等待 3 秒
2024-05-04 01:41:22 {"status":"bad","gid":"666516","msg":"添加失败！号码【1616863(-|-)】已存在！"}
2024-05-04 01:41:22 随机等待 176 秒，约 2 分钟
2024-05-04 01:41:22 下次操作: 2024-05-04 01:44:18

2024-05-04 01:44:18 开始第 6947 次操作

2024-05-04 01:44:18 开始操作号码 【1616864】
2024-05-04 01:44:24 GSD getOne 第 1 次 等待 3 秒
2024-05-04 01:44:27 查询号码 【1616864】，返回信息 {"status":"ok","msg":"-","gid":"666536","time_insert":"2023-04-20 13:38"}
2024-05-04 01:44:27 查询号码 【1616864】，GSD为【"-"】
2024-05-04 01:44:27 ok && -
2024-05-04 01:44:28 CHB 1616864?1714758267 第 1 次 等待 3 秒
2024-05-04 01:44:31 CHB 1616864?1714758267 第 1 次 获取到号码【1616864】GSD
2024-05-04 01:44:31 未获取到号码【1616864】GSD，可能号码格式错误
2024-05-04 01:44:31 获取到号码【1616864】的GSD为【-】
2024-05-04 01:44:36 GSD insert 第 1 次 等待 3 秒
2024-05-04 01:44:39 {"status":"bad","gid":"666536","msg":"添加失败！号码【1616864(-|-)】已存在！"}
2024-05-04 01:44:39 随机等待 139 秒，约 2 分钟
2024-05-04 01:44:39 下次操作: 2024-05-04 01:46:58

2024-05-04 01:46:58 开始第 6948 次操作

2024-05-04 01:46:58 开始操作号码 【1616865】
2024-05-04 01:47:05 GSD getOne 第 1 次 等待 3 秒
2024-05-04 01:47:08 查询号码 【1616865】，返回信息 {"status":"ok","msg":"-","gid":"666573","time_insert":"2023-04-20 14:00"}
2024-05-04 01:47:08 查询号码 【1616865】，GSD为【"-"】
2024-05-04 01:47:08 ok && -
2024-05-04 01:47:10 CHB 1616865?1714758428 第 1 次 等待 3 秒
2024-05-04 01:47:13 CHB 1616865?1714758428 第 1 次 获取到号码【1616865】GSD
2024-05-04 01:47:13 未获取到号码【1616865】GSD，可能号码格式错误
2024-05-04 01:47:13 获取到号码【1616865】的GSD为【-】
2024-05-04 01:47:18 GSD insert 第 1 次 等待 3 秒
2024-05-04 01:47:21 {"status":"bad","gid":"666573","msg":"添加失败！号码【1616865(-|-)】已存在！"}

2024-05-04 02:20:57 开始第 6949 次操作

2024-05-04 02:20:57 开始操作号码 【1616866】
2024-05-04 02:21:02 GSD getOne 第 1 次 等待 3 秒
2024-05-04 02:21:05 查询号码 【1616866】，返回信息 {"status":"ok","msg":"-","gid":"666590","time_insert":"2023-04-20 14:15"}
2024-05-04 02:21:05 查询号码 【1616866】，GSD为【"-"】
2024-05-04 02:21:05 ok && -
2024-05-04 02:21:08 CHB 1616866?1714760465 第 1 次 等待 3 秒
2024-05-04 02:21:11 CHB 1616866?1714760465 第 1 次 获取到号码【1616866】GSD
2024-05-04 02:21:11 未获取到号码【1616866】GSD，可能号码格式错误
2024-05-04 02:21:11 获取到号码【1616866】的GSD为【-】
2024-05-04 02:21:16 GSD insert 第 1 次 等待 3 秒
2024-05-04 02:21:19 {"status":"bad","gid":"666590","msg":"添加失败！号码【1616866(-|-)】已存在！"}
2024-05-04 02:21:19 随机等待 232 秒，约 3 分钟
2024-05-04 02:21:19 下次操作: 2024-05-04 02:25:11

2024-05-04 02:25:11 开始第 6950 次操作

2024-05-04 02:25:11 开始操作号码 【1616867】
2024-05-04 02:25:19 GSD getOne 第 1 次 等待 3 秒
2024-05-04 02:25:22 查询号码 【1616867】，返回信息 {"status":"ok","msg":"-","gid":"666616","time_insert":"2023-04-20 14:31"}
2024-05-04 02:25:22 查询号码 【1616867】，GSD为【"-"】
2024-05-04 02:25:22 ok && -
2024-05-04 02:25:24 CHB 1616867?1714760722 第 1 次 等待 3 秒
2024-05-04 02:25:27 CHB 1616867?1714760722 第 1 次 获取到号码【1616867】GSD
2024-05-04 02:25:27 未获取到号码【1616867】GSD，可能号码格式错误
2024-05-04 02:25:27 获取到号码【1616867】的GSD为【-】
2024-05-04 02:25:33 GSD insert 第 1 次 等待 3 秒
2024-05-04 02:25:36 {"status":"bad","gid":"666616","msg":"添加失败！号码【1616867(-|-)】已存在！"}
2024-05-04 02:25:36 随机等待 173 秒，约 2 分钟
2024-05-04 02:25:36 下次操作: 2024-05-04 02:28:29

2024-05-04 02:28:29 开始第 6951 次操作

2024-05-04 02:28:29 开始操作号码 【1616868】
2024-05-04 02:28:34 GSD getOne 第 1 次 等待 3 秒
2024-05-04 02:28:37 查询号码 【1616868】，返回信息 {"status":"ok","msg":"-","gid":"666637","time_insert":"2023-04-20 14:44"}
2024-05-04 02:28:37 查询号码 【1616868】，GSD为【"-"】
2024-05-04 02:28:37 ok && -
2024-05-04 02:28:39 CHB 1616868?1714760917 第 1 次 等待 3 秒
2024-05-04 02:28:42 CHB 1616868?1714760917 第 1 次 获取到号码【1616868】GSD
2024-05-04 02:28:42 未获取到号码【1616868】GSD，可能号码格式错误
2024-05-04 02:28:42 获取到号码【1616868】的GSD为【-】
2024-05-04 02:28:47 GSD insert 第 1 次 等待 3 秒
2024-05-04 02:28:50 {"status":"bad","gid":"666637","msg":"添加失败！号码【1616868(-|-)】已存在！"}
2024-05-04 02:28:50 随机等待 98 秒，约 1 分钟
2024-05-04 02:28:50 下次操作: 2024-05-04 02:30:28

2024-05-04 02:30:28 开始第 6952 次操作

2024-05-04 02:30:28 开始操作号码 【1616869】
2024-05-04 02:30:35 GSD getOne 第 1 次 等待 3 秒
2024-05-04 02:30:38 查询号码 【1616869】，返回信息 {"status":"ok","msg":"-","gid":"666660","time_insert":"2023-04-20 14:54"}
2024-05-04 02:30:38 查询号码 【1616869】，GSD为【"-"】
2024-05-04 02:30:38 ok && -
2024-05-04 02:30:40 CHB 1616869?1714761038 第 1 次 等待 3 秒
2024-05-04 02:30:43 CHB 1616869?1714761038 第 1 次 获取到号码【1616869】GSD
2024-05-04 02:30:43 未获取到号码【1616869】GSD，可能号码格式错误
2024-05-04 02:30:43 获取到号码【1616869】的GSD为【-】
2024-05-04 02:30:55 GSD insert 第 1 次 等待 3 秒
2024-05-04 02:30:58 {"status":"bad","gid":"666660","msg":"添加失败！号码【1616869(-|-)】已存在！"}

