2024-05-15 00:22:39 开始第 8877 次操作

2024-05-15 00:22:39 开始操作号码 【1618787】
2024-05-15 00:22:44 GSD getOne 第 1 次 等待 3 秒
2024-05-15 00:22:47 查询号码 【1618787】，返回信息 {"status":"ok","msg":"-","gid":"676683","time_insert":"2023-04-25 15:40"}
2024-05-15 00:22:47 查询号码 【1618787】，GSD为【"-"】
2024-05-15 00:22:47 ok && -
2024-05-15 00:22:49 CHB 1618787?1715703767 第 1 次 等待 3 秒
2024-05-15 00:22:52 CHB 1618787?1715703767 第 1 次 获取到号码【1618787】GSD
2024-05-15 00:22:52 未获取到号码【1618787】GSD，可能号码格式错误
2024-05-15 00:22:52 获取到号码【1618787】的GSD为【-】
2024-05-15 00:23:06 GSD insert 第 1 次 等待 3 秒
2024-05-15 00:23:09 {"status":"bad","gid":"676683","msg":"添加失败！号码【1618787(-|-)】已存在！"}
2024-05-15 00:23:09 随机等待 93 秒，约 1 分钟
2024-05-15 00:23:09 下次操作: 2024-05-15 00:24:42

2024-05-15 00:24:42 开始第 8878 次操作

2024-05-15 00:24:42 开始操作号码 【1618788】
2024-05-15 00:24:49 GSD getOne 第 1 次 等待 3 秒
2024-05-15 00:24:52 查询号码 【1618788】，返回信息 {"status":"ok","msg":"-","gid":"676713","time_insert":"2023-04-25 15:57"}
2024-05-15 00:24:52 查询号码 【1618788】，GSD为【"-"】
2024-05-15 00:24:52 ok && -
2024-05-15 00:24:54 CHB 1618788?1715703892 第 1 次 等待 3 秒
2024-05-15 00:24:57 CHB 1618788?1715703892 第 1 次 获取到号码【1618788】GSD
2024-05-15 00:24:57 未获取到号码【1618788】GSD，可能号码格式错误
2024-05-15 00:24:57 获取到号码【1618788】的GSD为【-】
2024-05-15 00:25:03 GSD insert 第 1 次 等待 3 秒
2024-05-15 00:25:06 {"status":"bad","gid":"676713","msg":"添加失败！号码【1618788(-|-)】已存在！"}
2024-05-15 00:25:06 随机等待 117 秒，约 1 分钟
2024-05-15 00:25:06 下次操作: 2024-05-15 00:27:03

2024-05-15 00:27:03 开始第 8879 次操作

2024-05-15 00:27:03 开始操作号码 【1618789】
2024-05-15 00:27:10 GSD getOne 第 1 次 等待 3 秒
2024-05-15 00:27:13 查询号码 【1618789】，返回信息 {"status":"ok","msg":"-","gid":"676736","time_insert":"2023-04-25 16:16"}
2024-05-15 00:27:13 查询号码 【1618789】，GSD为【"-"】
2024-05-15 00:27:13 ok && -
2024-05-15 00:27:16 CHB 1618789?1715704033 第 1 次 等待 3 秒
2024-05-15 00:27:19 CHB 1618789?1715704033 第 1 次 获取到号码【1618789】GSD
2024-05-15 00:27:19 未获取到号码【1618789】GSD，可能号码格式错误
2024-05-15 00:27:19 获取到号码【1618789】的GSD为【-】
2024-05-15 00:27:27 GSD insert 第 1 次 等待 3 秒
2024-05-15 00:27:30 {"status":"bad","gid":"676736","msg":"添加失败！号码【1618789(-|-)】已存在！"}
2024-05-15 00:27:30 随机等待 80 秒，约 1 分钟
2024-05-15 00:27:30 下次操作: 2024-05-15 00:28:50

2024-05-15 00:28:50 开始第 8880 次操作

2024-05-15 00:28:50 开始操作号码 【1618790】
2024-05-15 00:28:57 GSD getOne 第 1 次 等待 3 秒
2024-05-15 00:29:00 查询号码 【1618790】，返回信息 {"status":"ok","msg":"-","gid":"676755","time_insert":"2023-04-25 16:32"}
2024-05-15 00:29:00 查询号码 【1618790】，GSD为【"-"】
2024-05-15 00:29:00 ok && -
2024-05-15 00:29:02 CHB 1618790?1715704140 第 1 次 等待 3 秒
2024-05-15 00:29:05 CHB 1618790?1715704140 第 1 次 获取到号码【1618790】GSD
2024-05-15 00:29:05 未获取到号码【1618790】GSD，可能号码格式错误
2024-05-15 00:29:05 获取到号码【1618790】的GSD为【-】
2024-05-15 00:29:12 GSD insert 第 1 次 等待 3 秒
2024-05-15 00:29:15 {"status":"bad","gid":"676755","msg":"添加失败！号码【1618790(-|-)】已存在！"}

