2024-05-21 00:22:05 开始第 9933 次操作

2024-05-21 00:22:05 开始操作号码 【1619843】
2024-05-21 00:22:14 GSD getOne 第 1 次 等待 3 秒
2024-05-21 00:22:17 查询号码 【1619843】，返回信息 {"status":"ok","msg":"-","gid":"698442","time_insert":"2023-05-09 16:21"}
2024-05-21 00:22:17 查询号码 【1619843】，GSD为【"-"】
2024-05-21 00:22:17 ok && -
2024-05-21 00:22:19 CHB 1619843?1716222137 第 1 次 等待 3 秒
2024-05-21 00:22:22 CHB 1619843?1716222137 第 1 次 获取到号码【1619843】GSD
2024-05-21 00:22:22 未获取到号码【1619843】GSD，可能号码格式错误
2024-05-21 00:22:22 获取到号码【1619843】的GSD为【-】
2024-05-21 00:22:30 GSD insert 第 1 次 等待 3 秒
2024-05-21 00:22:33 {"status":"bad","gid":"698442","msg":"添加失败！号码【1619843(-|-)】已存在！"}
2024-05-21 00:22:33 随机等待 91 秒，约 1 分钟
2024-05-21 00:22:33 下次操作: 2024-05-21 00:24:04

2024-05-21 00:24:04 开始第 9934 次操作

2024-05-21 00:24:04 开始操作号码 【1619844】
2024-05-21 00:24:10 GSD getOne 第 1 次 等待 3 秒
2024-05-21 00:24:13 查询号码 【1619844】，返回信息 {"status":"ok","msg":"-","gid":"698455","time_insert":"2023-05-09 16:37"}
2024-05-21 00:24:14 查询号码 【1619844】，GSD为【"-"】
2024-05-21 00:24:14 ok && -
2024-05-21 00:24:17 CHB 1619844?1716222254 第 1 次 等待 3 秒
2024-05-21 00:24:20 CHB 1619844?1716222254 第 1 次 获取到号码【1619844】GSD
2024-05-21 00:24:20 未获取到号码【1619844】GSD，可能号码格式错误
2024-05-21 00:24:20 获取到号码【1619844】的GSD为【-】
2024-05-21 00:24:30 GSD insert 第 1 次 等待 3 秒
2024-05-21 00:24:33 {"status":"bad","gid":"698455","msg":"添加失败！号码【1619844(-|-)】已存在！"}
2024-05-21 00:24:33 随机等待 95 秒，约 1 分钟
2024-05-21 00:24:33 下次操作: 2024-05-21 00:26:08

2024-05-21 00:26:08 开始第 9935 次操作

2024-05-21 00:26:08 开始操作号码 【1619845】
2024-05-21 00:26:15 GSD getOne 第 1 次 等待 3 秒
2024-05-21 00:26:18 查询号码 【1619845】，返回信息 {"status":"ok","msg":"-","gid":"698469","time_insert":"2023-05-09 16:56"}
2024-05-21 00:26:18 查询号码 【1619845】，GSD为【"-"】
2024-05-21 00:26:18 ok && -
2024-05-21 00:26:20 CHB 1619845?1716222378 第 1 次 等待 3 秒
2024-05-21 00:26:23 CHB 1619845?1716222378 第 1 次 获取到号码【1619845】GSD
2024-05-21 00:26:23 未获取到号码【1619845】GSD，可能号码格式错误
2024-05-21 00:26:23 获取到号码【1619845】的GSD为【-】
2024-05-21 00:26:32 GSD insert 第 1 次 等待 3 秒
2024-05-21 00:26:35 {"status":"bad","gid":"698469","msg":"添加失败！号码【1619845(-|-)】已存在！"}
2024-05-21 00:26:35 随机等待 109 秒，约 1 分钟
2024-05-21 00:26:35 下次操作: 2024-05-21 00:28:24

2024-05-21 00:28:24 开始第 9936 次操作

2024-05-21 00:28:24 开始操作号码 【1619846】
2024-05-21 00:28:30 GSD getOne 第 1 次 等待 3 秒
2024-05-21 00:28:33 查询号码 【1619846】，返回信息 {"status":"ok","msg":"-","gid":"698483","time_insert":"2023-05-09 17:12"}
2024-05-21 00:28:33 查询号码 【1619846】，GSD为【"-"】
2024-05-21 00:28:33 ok && -
2024-05-21 00:28:35 CHB 1619846?1716222513 第 1 次 等待 3 秒
2024-05-21 00:28:38 CHB 1619846?1716222513 第 1 次 获取到号码【1619846】GSD
2024-05-21 00:28:38 未获取到号码【1619846】GSD，可能号码格式错误
2024-05-21 00:28:38 获取到号码【1619846】的GSD为【-】
2024-05-21 00:28:51 GSD insert 第 1 次 等待 3 秒
2024-05-21 00:28:54 {"status":"bad","gid":"698483","msg":"添加失败！号码【1619846(-|-)】已存在！"}

