2024-07-22 00:23:20 开始第 7205 次操作

2024-07-22 00:23:20 开始操作号码 【1507114】
2024-07-22 00:23:28 GSD getOne 第 1 次 等待 3 秒
2024-07-22 00:23:31 查询号码 【1507114】，返回信息 {"status":"ok","msg":"湖北-武汉","gid":"381664","time_insert":"2021-07-24 21:33"}
2024-07-22 00:23:31 查询号码 【1507114】，GSD为【"湖北-武汉"】

2024-07-22 00:23:32 开始第 7206 次操作

2024-07-22 00:23:32 开始操作号码 【1507115】
2024-07-22 00:23:42 GSD getOne 第 1 次 等待 3 秒
2024-07-22 00:23:45 查询号码 【1507115】，返回信息 {"status":"ok","msg":"湖北-武汉","gid":"15854","time_insert":"2017-04-19 11:23","time_update":"2020-09-16 08:35"}
2024-07-22 00:23:45 查询号码 【1507115】，GSD为【"湖北-武汉"】

2024-07-22 00:23:46 开始第 7207 次操作

2024-07-22 00:23:46 开始操作号码 【1507116】
2024-07-22 00:23:53 GSD getOne 第 1 次 等待 3 秒
2024-07-22 00:23:56 查询号码 【1507116】，返回信息 {"status":"ok","msg":"湖北-武汉","gid":"381655","time_insert":"2021-07-24 21:32"}
2024-07-22 00:23:56 查询号码 【1507116】，GSD为【"湖北-武汉"】

2024-07-22 00:23:57 开始第 7208 次操作

2024-07-22 00:23:57 开始操作号码 【1507117】
2024-07-22 00:24:06 GSD getOne 第 1 次 等待 3 秒
2024-07-22 00:24:09 查询号码 【1507117】，返回信息 {"status":"ok","msg":"湖北-武汉","gid":"381648","time_insert":"2021-07-24 21:31"}
2024-07-22 00:24:09 查询号码 【1507117】，GSD为【"湖北-武汉"】

2024-07-22 00:42:16 开始第 7209 次操作

2024-07-22 00:42:16 开始操作号码 【1507118】
2024-07-22 00:42:28 GSD getOne 第 1 次 等待 3 秒
2024-07-22 00:42:31 查询号码 【1507118】，返回信息 {"status":"ok","msg":"湖北-武汉","gid":"381642","time_insert":"2021-07-24 21:30"}
2024-07-22 00:42:31 查询号码 【1507118】，GSD为【"湖北-武汉"】

2024-07-22 00:42:32 开始第 7210 次操作

2024-07-22 00:42:32 开始操作号码 【1507119】
2024-07-22 00:42:40 GSD getOne 第 1 次 等待 3 秒
2024-07-22 00:42:43 查询号码 【1507119】，返回信息 {"status":"ok","msg":"湖北-武汉","gid":"381635","time_insert":"2021-07-24 21:29"}
2024-07-22 00:42:43 查询号码 【1507119】，GSD为【"湖北-武汉"】

2024-07-22 00:42:44 开始第 7211 次操作

2024-07-22 00:42:44 开始操作号码 【1507120】
2024-07-22 00:42:51 GSD getOne 第 1 次 等待 3 秒
2024-07-22 00:42:54 查询号码 【1507120】，返回信息 {"status":"ok","msg":"湖北-武汉","gid":"381631","time_insert":"2021-07-24 21:28"}
2024-07-22 00:42:54 查询号码 【1507120】，GSD为【"湖北-武汉"】

2024-07-22 00:42:55 开始第 7212 次操作

2024-07-22 00:42:55 开始操作号码 【1507121】
2024-07-22 00:43:04 GSD getOne 第 1 次 等待 3 秒
2024-07-22 00:43:07 查询号码 【1507121】，返回信息 {"status":"ok","msg":"湖北-武汉","gid":"381627","time_insert":"2021-07-24 21:28"}
2024-07-22 00:43:07 查询号码 【1507121】，GSD为【"湖北-武汉"】

