2021-07-29 00:02:33 开始第 4 次操作

2021-07-29 00:02:33 开始操作号码 【1825569】
2021-07-29 00:02:37 GSD getOne 第 1 次 等待 3 秒
2021-07-29 00:02:40 查询号码 【1825569】，返回信息 {"status":"bad","msg":""}
2021-07-29 00:02:40 查询号码 【1825569】，GSD为【""】
2021-07-29 00:02:40 bad
2021-07-29 00:02:43 CHB 1825569?1627488160 第 1 次 等待 3 秒
2021-07-29 00:02:46 CHB 1825569?1627488160 第 1 次 获取到号码【1825569】GSD
2021-07-29 00:02:46 获取到号码【1825569】的GSD为【安徽-安庆】
2021-07-29 00:03:00 GSD insert 第 1 次 等待 3 秒
2021-07-29 00:03:03 {"status":"ok","gid":428360,"msg":"添加成功！"}
2021-07-29 00:03:03 下次操作: 2021-07-29 00:03:16

2021-07-29 00:03:16 开始第 5 次操作

2021-07-29 00:03:16 开始操作号码 【1825568】
2021-07-29 00:03:20 GSD getOne 第 1 次 等待 3 秒
2021-07-29 00:03:23 查询号码 【1825568】，返回信息 {"status":"bad","msg":""}
2021-07-29 00:03:24 查询号码 【1825568】，GSD为【""】
2021-07-29 00:03:24 bad
2021-07-29 00:03:27 CHB 1825568?1627488204 第 1 次 等待 3 秒
2021-07-29 00:03:30 CHB 1825568?1627488204 第 1 次 获取到号码【1825568】GSD
2021-07-29 00:03:30 获取到号码【1825568】的GSD为【安徽-安庆】
2021-07-29 00:03:42 GSD insert 第 1 次 等待 3 秒
2021-07-29 00:03:45 {"status":"ok","gid":428366,"msg":"添加成功！"}
2021-07-29 00:03:45 下次操作: 2021-07-29 00:04:01

2021-07-29 00:04:01 开始第 6 次操作

2021-07-29 00:04:01 开始操作号码 【1825567】
2021-07-29 00:04:04 GSD getOne 第 1 次 等待 3 秒
2021-07-29 00:04:07 查询号码 【1825567】，返回信息 {"status":"bad","msg":""}
2021-07-29 00:04:07 查询号码 【1825567】，GSD为【""】
2021-07-29 00:04:07 bad
2021-07-29 00:04:09 CHB 1825567?1627488247 第 1 次 等待 3 秒
2021-07-29 00:04:12 CHB 1825567?1627488247 第 1 次 获取到号码【1825567】GSD
2021-07-29 00:04:12 获取到号码【1825567】的GSD为【安徽-安庆】
2021-07-29 00:04:31 GSD insert 第 1 次 等待 3 秒
2021-07-29 00:04:34 {"status":"ok","gid":428375,"msg":"添加成功！"}
2021-07-29 00:04:34 下次操作: 2021-07-29 00:04:51

2021-07-29 00:04:51 开始第 7 次操作

2021-07-29 00:04:51 开始操作号码 【1825566】
2021-07-29 00:04:54 GSD getOne 第 1 次 等待 3 秒
2021-07-29 00:04:57 查询号码 【1825566】，返回信息 {"status":"bad","msg":""}
2021-07-29 00:04:57 查询号码 【1825566】，GSD为【""】
2021-07-29 00:04:57 bad
2021-07-29 00:05:00 CHB 1825566?1627488297 第 1 次 等待 3 秒
2021-07-29 00:05:03 CHB 1825566?1627488297 第 1 次 获取到号码【1825566】GSD
2021-07-29 00:05:03 获取到号码【1825566】的GSD为【安徽-安庆】
2021-07-29 00:05:30 GSD insert 第 1 次 等待 3 秒
2021-07-29 00:05:33 {"status":"ok","gid":428388,"msg":"添加成功！"}
2021-07-29 00:05:33 下次操作: 2021-07-29 00:05:55

2021-07-29 00:05:55 开始第 8 次操作

2021-07-29 00:05:55 开始操作号码 【1825565】
2021-07-29 00:05:57 GSD getOne 第 1 次 等待 3 秒
2021-07-29 00:06:00 查询号码 【1825565】，返回信息 {"status":"bad","msg":""}
2021-07-29 00:06:01 查询号码 【1825565】，GSD为【""】
2021-07-29 00:06:01 bad
2021-07-29 00:06:03 CHB 1825565?1627488361 第 1 次 等待 3 秒
2021-07-29 00:06:06 CHB 1825565?1627488361 第 1 次 获取到号码【1825565】GSD
2021-07-29 00:06:06 获取到号码【1825565】的GSD为【安徽-安庆】
2021-07-29 00:06:30 GSD insert 第 1 次 等待 3 秒
2021-07-29 00:06:33 {"status":"ok","gid":428396,"msg":"添加成功！"}
2021-07-29 00:06:33 下次操作: 2021-07-29 00:06:48

2021-07-29 00:06:48 开始第 9 次操作

2021-07-29 00:06:48 开始操作号码 【1825564】
2021-07-29 00:06:52 GSD getOne 第 1 次 等待 3 秒
2021-07-29 00:06:55 查询号码 【1825564】，返回信息 {"status":"bad","msg":""}
2021-07-29 00:06:55 查询号码 【1825564】，GSD为【""】
2021-07-29 00:06:55 bad
2021-07-29 00:06:57 CHB 1825564?1627488415 第 1 次 等待 3 秒
2021-07-29 00:07:00 CHB 1825564?1627488415 第 1 次 获取到号码【1825564】GSD
2021-07-29 00:07:01 获取到号码【1825564】的GSD为【安徽-安庆】
2021-07-29 00:07:13 GSD insert 第 1 次 等待 3 秒
2021-07-29 00:07:16 {"status":"ok","gid":428403,"msg":"添加成功！"}
2021-07-29 00:07:16 下次操作: 2021-07-29 00:07:30

2021-07-29 00:07:30 开始第 10 次操作

2021-07-29 00:07:30 开始操作号码 【1825563】
2021-07-29 00:07:36 GSD getOne 第 1 次 等待 3 秒
2021-07-29 00:07:39 查询号码 【1825563】，返回信息 {"status":"bad","msg":""}
2021-07-29 00:07:39 查询号码 【1825563】，GSD为【""】
2021-07-29 00:07:39 bad
2021-07-29 00:07:41 CHB 1825563?1627488459 第 1 次 等待 3 秒
2021-07-29 00:07:44 CHB 1825563?1627488459 第 1 次 获取到号码【1825563】GSD
2021-07-29 00:07:44 获取到号码【1825563】的GSD为【安徽-安庆】
2021-07-29 00:08:14 GSD insert 第 1 次 等待 3 秒
2021-07-29 00:08:17 {"status":"ok","gid":428418,"msg":"添加成功！"}
2021-07-29 00:08:17 下次操作: 2021-07-29 00:08:37

2021-07-29 00:08:37 开始第 11 次操作

2021-07-29 00:08:37 开始操作号码 【1825562】
2021-07-29 00:08:43 GSD getOne 第 1 次 等待 3 秒
2021-07-29 00:08:46 查询号码 【1825562】，返回信息 {"status":"bad","msg":""}
2021-07-29 00:08:46 查询号码 【1825562】，GSD为【""】
2021-07-29 00:08:46 bad
2021-07-29 00:08:48 CHB 1825562?1627488526 第 1 次 等待 3 秒
2021-07-29 00:08:51 CHB 1825562?1627488526 第 1 次 获取到号码【1825562】GSD
2021-07-29 00:08:51 获取到号码【1825562】的GSD为【安徽-安庆】
2021-07-29 00:09:09 GSD insert 第 1 次 等待 3 秒
2021-07-29 00:09:12 {"status":"ok","gid":428431,"msg":"添加成功！"}
2021-07-29 00:09:12 下次操作: 2021-07-29 00:09:25

2021-07-29 00:09:25 开始第 12 次操作

2021-07-29 00:09:25 开始操作号码 【1825561】
2021-07-29 00:09:28 GSD getOne 第 1 次 等待 3 秒
2021-07-29 00:09:31 查询号码 【1825561】，返回信息 {"status":"bad","msg":""}
2021-07-29 00:09:31 查询号码 【1825561】，GSD为【""】
2021-07-29 00:09:31 bad
2021-07-29 00:09:33 CHB 1825561?1627488571 第 1 次 等待 3 秒
2021-07-29 00:09:36 CHB 1825561?1627488571 第 1 次 获取到号码【1825561】GSD
2021-07-29 00:09:36 获取到号码【1825561】的GSD为【安徽-安庆】
2021-07-29 00:09:55 GSD insert 第 1 次 等待 3 秒
2021-07-29 00:09:58 {"status":"ok","gid":428440,"msg":"添加成功！"}
2021-07-29 00:09:58 下次操作: 2021-07-29 00:10:17

2021-07-29 00:10:17 开始第 13 次操作

2021-07-29 00:10:17 开始操作号码 【1825560】
2021-07-29 00:10:28 GSD getOne 第 1 次 等待 3 秒
2021-07-29 00:10:31 查询号码 【1825560】，返回信息 {"status":"bad","msg":""}
2021-07-29 00:10:31 查询号码 【1825560】，GSD为【""】
2021-07-29 00:10:31 bad
2021-07-29 00:10:33 CHB 1825560?1627488631 第 1 次 等待 3 秒
2021-07-29 00:10:36 CHB 1825560?1627488631 第 1 次 获取到号码【1825560】GSD
2021-07-29 00:10:36 获取到号码【1825560】的GSD为【安徽-安庆】
2021-07-29 00:10:58 GSD insert 第 1 次 等待 3 秒
2021-07-29 00:11:01 {"status":"ok","gid":428452,"msg":"添加成功！"}
2021-07-29 00:11:01 下次操作: 2021-07-29 00:11:25

2021-07-29 00:11:25 开始第 14 次操作

2021-07-29 00:11:25 开始操作号码 【1825559】
2021-07-29 00:11:50 GSD getOne 第 1 次 等待 3 秒
2021-07-29 00:11:53 查询号码 【1825559】，返回信息 {"status":"bad","msg":""}
2021-07-29 00:11:53 查询号码 【1825559】，GSD为【""】
2021-07-29 00:11:53 bad
2021-07-29 00:11:56 CHB 1825559?1627488713 第 1 次 等待 3 秒
2021-07-29 00:11:59 CHB 1825559?1627488713 第 1 次 获取到号码【1825559】GSD
2021-07-29 00:11:59 获取到号码【1825559】的GSD为【安徽-马鞍山】
2021-07-29 00:12:17 GSD insert 第 1 次 等待 3 秒
2021-07-29 00:12:20 {"status":"ok","gid":428468,"msg":"添加成功！"}
2021-07-29 00:12:20 下次操作: 2021-07-29 00:12:39

2021-07-29 00:12:39 开始第 15 次操作

2021-07-29 00:12:39 开始操作号码 【1825558】
2021-07-29 00:12:43 GSD getOne 第 1 次 等待 3 秒
2021-07-29 00:12:46 查询号码 【1825558】，返回信息 {"status":"bad","msg":""}
2021-07-29 00:12:46 查询号码 【1825558】，GSD为【""】
2021-07-29 00:12:46 bad
2021-07-29 00:12:48 CHB 1825558?1627488766 第 1 次 等待 3 秒
2021-07-29 00:12:51 CHB 1825558?1627488766 第 1 次 获取到号码【1825558】GSD
2021-07-29 00:12:51 获取到号码【1825558】的GSD为【安徽-马鞍山】
2021-07-29 00:13:11 GSD insert 第 1 次 等待 3 秒
2021-07-29 00:13:14 {"status":"ok","gid":428477,"msg":"添加成功！"}
2021-07-29 00:13:14 下次操作: 2021-07-29 00:13:31

2021-07-29 00:13:31 开始第 16 次操作

2021-07-29 00:13:31 开始操作号码 【1825557】
2021-07-29 00:13:34 GSD getOne 第 1 次 等待 3 秒
2021-07-29 00:13:37 查询号码 【1825557】，返回信息 {"status":"bad","msg":""}
2021-07-29 00:13:37 查询号码 【1825557】，GSD为【""】
2021-07-29 00:13:37 bad
2021-07-29 00:13:42 CHB 1825557?1627488817 第 1 次 等待 3 秒
2021-07-29 00:13:45 CHB 1825557?1627488817 第 1 次 获取到号码【1825557】GSD
2021-07-29 00:13:45 获取到号码【1825557】的GSD为【安徽-马鞍山】
2021-07-29 00:13:55 GSD insert 第 1 次 等待 3 秒
2021-07-29 00:13:58 {"status":"ok","gid":428485,"msg":"添加成功！"}
2021-07-29 00:13:58 下次操作: 2021-07-29 00:14:18

2021-07-29 00:14:18 开始第 17 次操作

2021-07-29 00:14:18 开始操作号码 【1825556】
2021-07-29 00:14:21 GSD getOne 第 1 次 等待 3 秒
2021-07-29 00:14:24 查询号码 【1825556】，返回信息 {"status":"ok","msg":"安徽-马鞍山","gid":"35707","time_insert":"2018-11-28 09:42","time_update":"2020-08-15 20:03"}
2021-07-29 00:14:24 查询号码 【1825556】，GSD为【"安徽-马鞍山"】

2021-07-29 00:14:24 开始第 17 次操作

2021-07-29 00:14:24 开始操作号码 【1825555】
2021-07-29 00:14:43 GSD getOne 第 1 次 等待 3 秒
2021-07-29 00:14:46 查询号码 【1825555】，返回信息 {"status":"bad","msg":""}
2021-07-29 00:14:46 查询号码 【1825555】，GSD为【""】
2021-07-29 00:14:46 bad
2021-07-29 00:14:47 CHB 1825555?1627488886 第 1 次 等待 3 秒
2021-07-29 00:14:50 CHB 1825555?1627488886 第 1 次 获取到号码【1825555】GSD
2021-07-29 00:14:50 获取到号码【1825555】的GSD为【安徽-马鞍山】
2021-07-29 00:15:09 GSD insert 第 1 次 等待 3 秒
2021-07-29 00:15:12 {"status":"ok","gid":428498,"msg":"添加成功！"}
2021-07-29 00:15:12 下次操作: 2021-07-29 00:15:35

2021-07-29 00:15:35 开始第 18 次操作

2021-07-29 00:15:35 开始操作号码 【1825554】
2021-07-29 00:15:39 GSD getOne 第 1 次 等待 3 秒
2021-07-29 00:15:42 查询号码 【1825554】，返回信息 {"status":"bad","msg":""}
2021-07-29 00:15:42 查询号码 【1825554】，GSD为【""】
2021-07-29 00:15:42 bad
2021-07-29 00:15:45 CHB 1825554?1627488942 第 1 次 等待 3 秒
2021-07-29 00:15:48 CHB 1825554?1627488942 第 1 次 获取到号码【1825554】GSD
2021-07-29 00:15:48 获取到号码【1825554】的GSD为【安徽-马鞍山】
2021-07-29 00:15:59 GSD insert 第 1 次 等待 3 秒
2021-07-29 00:16:02 {"status":"ok","gid":428508,"msg":"添加成功！"}
2021-07-29 00:16:02 下次操作: 2021-07-29 00:16:24

2021-07-29 00:16:24 开始第 19 次操作

2021-07-29 00:16:24 开始操作号码 【1825553】
2021-07-29 00:16:35 GSD getOne 第 1 次 等待 3 秒
2021-07-29 00:16:38 查询号码 【1825553】，返回信息 {"status":"bad","msg":""}
2021-07-29 00:16:38 查询号码 【1825553】，GSD为【""】
2021-07-29 00:16:38 bad
2021-07-29 00:16:40 CHB 1825553?1627488998 第 1 次 等待 3 秒
2021-07-29 00:16:43 CHB 1825553?1627488998 第 1 次 获取到号码【1825553】GSD
2021-07-29 00:16:43 获取到号码【1825553】的GSD为【安徽-马鞍山】
2021-07-29 00:17:01 GSD insert 第 1 次 等待 3 秒
2021-07-29 00:17:04 {"status":"ok","gid":428519,"msg":"添加成功！"}
2021-07-29 00:17:04 下次操作: 2021-07-29 00:17:18

2021-07-29 00:17:18 开始第 20 次操作

2021-07-29 00:17:18 开始操作号码 【1825552】
2021-07-29 00:17:21 GSD getOne 第 1 次 等待 3 秒
2021-07-29 00:17:24 查询号码 【1825552】，返回信息 {"status":"bad","msg":""}
2021-07-29 00:17:24 查询号码 【1825552】，GSD为【""】
2021-07-29 00:17:24 bad
2021-07-29 00:17:27 CHB 1825552?1627489044 第 1 次 等待 3 秒
2021-07-29 00:17:30 CHB 1825552?1627489044 第 1 次 获取到号码【1825552】GSD
2021-07-29 00:17:30 获取到号码【1825552】的GSD为【安徽-马鞍山】
2021-07-29 00:17:41 GSD insert 第 1 次 等待 3 秒
2021-07-29 00:17:44 {"status":"ok","gid":428528,"msg":"添加成功！"}
2021-07-29 00:17:44 下次操作: 2021-07-29 00:17:57

2021-07-29 00:17:57 开始第 21 次操作

2021-07-29 00:17:57 开始操作号码 【1825551】
2021-07-29 00:18:02 GSD getOne 第 1 次 等待 3 秒
2021-07-29 00:18:05 查询号码 【1825551】，返回信息 {"status":"bad","msg":""}
2021-07-29 00:18:05 查询号码 【1825551】，GSD为【""】
2021-07-29 00:18:05 bad
2021-07-29 00:18:07 CHB 1825551?1627489085 第 1 次 等待 3 秒
2021-07-29 00:18:10 CHB 1825551?1627489085 第 1 次 获取到号码【1825551】GSD
2021-07-29 00:18:10 获取到号码【1825551】的GSD为【安徽-马鞍山】
2021-07-29 00:18:28 GSD insert 第 1 次 等待 3 秒
2021-07-29 00:18:31 {"status":"ok","gid":428538,"msg":"添加成功！"}
2021-07-29 00:18:31 下次操作: 2021-07-29 00:18:50

2021-07-29 00:18:50 开始第 22 次操作

2021-07-29 00:18:50 开始操作号码 【1825550】
2021-07-29 00:18:53 GSD getOne 第 1 次 等待 3 秒
2021-07-29 00:18:56 查询号码 【1825550】，返回信息 {"status":"bad","msg":""}
2021-07-29 00:18:56 查询号码 【1825550】，GSD为【""】
2021-07-29 00:18:56 bad
2021-07-29 00:18:58 CHB 1825550?1627489136 第 1 次 等待 3 秒
2021-07-29 00:19:01 CHB 1825550?1627489136 第 1 次 获取到号码【1825550】GSD
2021-07-29 00:19:01 获取到号码【1825550】的GSD为【安徽-马鞍山】
2021-07-29 00:19:20 GSD insert 第 1 次 等待 3 秒
2021-07-29 00:19:23 {"status":"ok","gid":428546,"msg":"添加成功！"}
2021-07-29 00:19:23 下次操作: 2021-07-29 00:19:40

2021-07-29 00:19:40 开始第 23 次操作

2021-07-29 00:19:40 开始操作号码 【1825549】
2021-07-29 00:19:57 GSD getOne 第 1 次 等待 3 秒
2021-07-29 00:20:00 查询号码 【1825549】，返回信息 {"status":"bad","msg":""}
2021-07-29 00:20:00 查询号码 【1825549】，GSD为【""】
2021-07-29 00:20:00 bad
2021-07-29 00:20:03 CHB 1825549?1627489200 第 1 次 等待 3 秒
2021-07-29 00:20:06 CHB 1825549?1627489200 第 1 次 获取到号码【1825549】GSD
2021-07-29 00:20:06 获取到号码【1825549】的GSD为【安徽-淮南】
2021-07-29 00:20:16 GSD insert 第 1 次 等待 3 秒
2021-07-29 00:20:19 {"status":"ok","gid":428553,"msg":"添加成功！"}
2021-07-29 00:20:19 下次操作: 2021-07-29 00:20:33

2021-07-29 00:20:33 开始第 24 次操作

2021-07-29 00:20:33 开始操作号码 【1825548】
2021-07-29 00:20:39 GSD getOne 第 1 次 等待 3 秒
2021-07-29 00:20:42 查询号码 【1825548】，返回信息 {"status":"bad","msg":""}
2021-07-29 00:20:42 查询号码 【1825548】，GSD为【""】
2021-07-29 00:20:42 bad
2021-07-29 00:20:45 CHB 1825548?1627489242 第 1 次 等待 3 秒
2021-07-29 00:20:48 CHB 1825548?1627489242 第 1 次 获取到号码【1825548】GSD
2021-07-29 00:20:48 获取到号码【1825548】的GSD为【安徽-淮南】
2021-07-29 00:20:59 GSD insert 第 1 次 等待 3 秒
2021-07-29 00:21:02 {"status":"ok","gid":428559,"msg":"添加成功！"}
2021-07-29 00:21:02 下次操作: 2021-07-29 00:21:22

2021-07-29 00:21:22 开始第 25 次操作

2021-07-29 00:21:22 开始操作号码 【1825547】
2021-07-29 00:21:24 GSD getOne 第 1 次 等待 3 秒
2021-07-29 00:21:27 查询号码 【1825547】，返回信息 {"status":"ok","msg":"安徽-淮南","gid":"35706","time_insert":"2019-01-07 14:10","time_update":"2020-08-15 19:59"}
2021-07-29 00:21:27 查询号码 【1825547】，GSD为【"安徽-淮南"】

2021-07-29 00:21:28 开始第 25 次操作

2021-07-29 00:21:28 开始操作号码 【1825546】
2021-07-29 00:21:47 GSD getOne 第 1 次 等待 3 秒
2021-07-29 00:21:50 查询号码 【1825546】，返回信息 {"status":"bad","msg":""}
2021-07-29 00:21:50 查询号码 【1825546】，GSD为【""】
2021-07-29 00:21:50 bad
2021-07-29 00:21:52 CHB 1825546?1627489310 第 1 次 等待 3 秒
2021-07-29 00:21:55 CHB 1825546?1627489310 第 1 次 获取到号码【1825546】GSD
2021-07-29 00:21:55 获取到号码【1825546】的GSD为【安徽-淮南】
2021-07-29 00:22:13 GSD insert 第 1 次 等待 3 秒
2021-07-29 00:22:16 {"status":"ok","gid":428569,"msg":"添加成功！"}
2021-07-29 00:22:16 下次操作: 2021-07-29 00:22:30

2021-07-29 00:22:30 开始第 26 次操作

2021-07-29 00:22:30 开始操作号码 【1825545】
2021-07-29 00:22:34 GSD getOne 第 1 次 等待 3 秒
2021-07-29 00:22:37 查询号码 【1825545】，返回信息 {"status":"bad","msg":""}
2021-07-29 00:22:37 查询号码 【1825545】，GSD为【""】
2021-07-29 00:22:37 bad
2021-07-29 00:22:41 CHB 1825545?1627489357 第 1 次 等待 3 秒
2021-07-29 00:22:44 CHB 1825545?1627489357 第 1 次 获取到号码【1825545】GSD
2021-07-29 00:22:44 获取到号码【1825545】的GSD为【安徽-淮南】
2021-07-29 00:22:54 GSD insert 第 1 次 等待 3 秒
2021-07-29 00:22:57 {"status":"ok","gid":428574,"msg":"添加成功！"}
2021-07-29 00:22:57 下次操作: 2021-07-29 00:23:21

2021-07-29 00:23:21 开始第 27 次操作

2021-07-29 00:23:21 开始操作号码 【1825544】
2021-07-29 00:23:24 GSD getOne 第 1 次 等待 3 秒
2021-07-29 00:23:27 查询号码 【1825544】，返回信息 {"status":"bad","msg":""}
2021-07-29 00:23:27 查询号码 【1825544】，GSD为【""】
2021-07-29 00:23:27 bad
2021-07-29 00:23:29 CHB 1825544?1627489407 第 1 次 等待 3 秒
2021-07-29 00:23:32 CHB 1825544?1627489407 第 1 次 获取到号码【1825544】GSD
2021-07-29 00:23:32 获取到号码【1825544】的GSD为【安徽-淮南】
2021-07-29 00:23:51 GSD insert 第 1 次 等待 3 秒
2021-07-29 00:23:54 {"status":"ok","gid":428580,"msg":"添加成功！"}
2021-07-29 00:23:54 下次操作: 2021-07-29 00:24:10

2021-07-29 00:24:10 开始第 28 次操作

2021-07-29 00:24:10 开始操作号码 【1825543】
2021-07-29 00:24:15 GSD getOne 第 1 次 等待 3 秒
2021-07-29 00:24:18 查询号码 【1825543】，返回信息 {"status":"bad","msg":""}
2021-07-29 00:24:18 查询号码 【1825543】，GSD为【""】
2021-07-29 00:24:18 bad
2021-07-29 00:24:20 CHB 1825543?1627489459 第 1 次 等待 3 秒
2021-07-29 00:24:23 CHB 1825543?1627489459 第 1 次 获取到号码【1825543】GSD
2021-07-29 00:24:23 未获取到号码【1825543】GSD，查号吧 400 错误
2021-07-29 00:24:23 获取到号码【1825543】的GSD为【-】
2021-07-29 00:24:41 GSD insert 第 1 次 等待 3 秒
2021-07-29 00:24:44 {"status":"ok","gid":428585,"msg":"添加成功！"}
2021-07-29 00:24:44 下次操作: 2021-07-29 00:25:01

2021-07-29 00:25:01 开始第 29 次操作

2021-07-29 00:25:01 开始操作号码 【1825542】
2021-07-29 00:25:04 GSD getOne 第 1 次 等待 3 秒
2021-07-29 00:25:07 查询号码 【1825542】，返回信息 {"status":"bad","msg":""}
2021-07-29 00:25:07 查询号码 【1825542】，GSD为【""】
2021-07-29 00:25:07 bad
2021-07-29 00:25:09 CHB 1825542?1627489507 第 1 次 等待 3 秒
2021-07-29 00:25:12 CHB 1825542?1627489507 第 1 次 获取到号码【1825542】GSD
2021-07-29 00:25:12 获取到号码【1825542】的GSD为【安徽-淮南】
2021-07-29 00:25:30 GSD insert 第 1 次 等待 3 秒
2021-07-29 00:25:33 {"status":"ok","gid":428589,"msg":"添加成功！"}
2021-07-29 00:25:33 下次操作: 2021-07-29 00:25:48

2021-07-29 00:25:48 开始第 30 次操作

2021-07-29 00:25:48 开始操作号码 【1825541】
2021-07-29 00:25:51 GSD getOne 第 1 次 等待 3 秒
2021-07-29 00:25:54 查询号码 【1825541】，返回信息 {"status":"bad","msg":""}
2021-07-29 00:25:54 查询号码 【1825541】，GSD为【""】
2021-07-29 00:25:54 bad
2021-07-29 00:25:56 CHB 1825541?1627489554 第 1 次 等待 3 秒
2021-07-29 00:25:59 CHB 1825541?1627489554 第 1 次 获取到号码【1825541】GSD
2021-07-29 00:25:59 获取到号码【1825541】的GSD为【安徽-淮南】
2021-07-29 00:26:19 GSD insert 第 1 次 等待 3 秒
2021-07-29 00:26:22 {"status":"ok","gid":428590,"msg":"添加成功！"}
2021-07-29 00:26:22 下次操作: 2021-07-29 00:26:43

2021-07-29 00:26:43 开始第 31 次操作

2021-07-29 00:26:43 开始操作号码 【1825540】
2021-07-29 00:26:46 GSD getOne 第 1 次 等待 3 秒
2021-07-29 00:26:49 查询号码 【1825540】，返回信息 {"status":"bad","msg":""}
2021-07-29 00:26:49 查询号码 【1825540】，GSD为【""】
2021-07-29 00:26:49 bad
2021-07-29 00:26:50 CHB 1825540?1627489609 第 1 次 等待 3 秒
2021-07-29 00:26:53 CHB 1825540?1627489609 第 1 次 获取到号码【1825540】GSD
2021-07-29 00:26:54 获取到号码【1825540】的GSD为【安徽-淮南】
2021-07-29 00:27:12 GSD insert 第 1 次 等待 3 秒
2021-07-29 00:27:15 {"status":"ok","gid":428595,"msg":"添加成功！"}
2021-07-29 00:27:15 下次操作: 2021-07-29 00:27:34

2021-07-29 00:27:34 开始第 32 次操作

2021-07-29 00:27:34 开始操作号码 【1825539】
2021-07-29 00:27:42 GSD getOne 第 1 次 等待 3 秒
2021-07-29 00:27:45 查询号码 【1825539】，返回信息 {"status":"bad","msg":""}
2021-07-29 00:27:45 查询号码 【1825539】，GSD为【""】
2021-07-29 00:27:45 bad
2021-07-29 00:27:48 CHB 1825539?1627489665 第 1 次 等待 3 秒
2021-07-29 00:27:51 CHB 1825539?1627489665 第 1 次 获取到号码【1825539】GSD
2021-07-29 00:27:51 获取到号码【1825539】的GSD为【安徽-芜湖】
2021-07-29 00:28:18 GSD insert 第 1 次 等待 3 秒
2021-07-29 00:28:21 {"status":"ok","gid":428599,"msg":"添加成功！"}
2021-07-29 00:28:21 下次操作: 2021-07-29 00:28:38

2021-07-29 00:28:38 开始第 33 次操作

2021-07-29 00:28:38 开始操作号码 【1825538】
2021-07-29 00:28:46 GSD getOne 第 1 次 等待 3 秒
2021-07-29 00:28:49 查询号码 【1825538】，返回信息 {"status":"bad","msg":""}
2021-07-29 00:28:49 查询号码 【1825538】，GSD为【""】
2021-07-29 00:28:49 bad
2021-07-29 00:28:52 CHB 1825538?1627489729 第 1 次 等待 3 秒
2021-07-29 00:28:55 CHB 1825538?1627489729 第 1 次 获取到号码【1825538】GSD
2021-07-29 00:28:55 获取到号码【1825538】的GSD为【安徽-芜湖】
2021-07-29 00:29:14 GSD insert 第 1 次 等待 3 秒
2021-07-29 00:29:17 {"status":"ok","gid":428603,"msg":"添加成功！"}
2021-07-29 00:29:17 下次操作: 2021-07-29 00:29:35

2021-07-29 00:29:35 开始第 34 次操作

2021-07-29 00:29:35 开始操作号码 【1825537】
2021-07-29 00:29:37 GSD getOne 第 1 次 等待 3 秒
2021-07-29 00:29:40 查询号码 【1825537】，返回信息 {"status":"bad","msg":""}
2021-07-29 00:29:41 查询号码 【1825537】，GSD为【""】
2021-07-29 00:29:41 bad
2021-07-29 00:29:43 CHB 1825537?1627489781 第 1 次 等待 3 秒
2021-07-29 00:29:46 CHB 1825537?1627489781 第 1 次 获取到号码【1825537】GSD
2021-07-29 00:29:46 获取到号码【1825537】的GSD为【安徽-芜湖】
2021-07-29 00:30:06 GSD insert 第 1 次 等待 3 秒
2021-07-29 00:30:09 {"status":"ok","gid":428605,"msg":"添加成功！"}
2021-07-29 00:30:09 下次操作: 2021-07-29 00:30:25

2021-07-29 00:30:25 开始第 35 次操作

2021-07-29 00:30:25 开始操作号码 【1825536】
2021-07-29 00:30:30 GSD getOne 第 1 次 等待 3 秒
2021-07-29 00:30:33 查询号码 【1825536】，返回信息 {"status":"bad","msg":""}
2021-07-29 00:30:34 查询号码 【1825536】，GSD为【""】
2021-07-29 00:30:34 bad
2021-07-29 00:30:35 CHB 1825536?1627489834 第 1 次 等待 3 秒
2021-07-29 00:30:38 CHB 1825536?1627489834 第 1 次 获取到号码【1825536】GSD
2021-07-29 00:30:38 获取到号码【1825536】的GSD为【安徽-芜湖】
2021-07-29 00:31:00 GSD insert 第 1 次 等待 3 秒
2021-07-29 00:31:03 {"status":"ok","gid":428608,"msg":"添加成功！"}
2021-07-29 00:31:03 下次操作: 2021-07-29 00:31:27

2021-07-29 00:31:27 开始第 36 次操作

2021-07-29 00:31:27 开始操作号码 【1825535】
2021-07-29 00:31:30 GSD getOne 第 1 次 等待 3 秒
2021-07-29 00:31:33 查询号码 【1825535】，返回信息 {"status":"bad","msg":""}
2021-07-29 00:31:33 查询号码 【1825535】，GSD为【""】
2021-07-29 00:31:33 bad
2021-07-29 00:31:35 CHB 1825535?1627489893 第 1 次 等待 3 秒
2021-07-29 00:31:38 CHB 1825535?1627489893 第 1 次 获取到号码【1825535】GSD
2021-07-29 00:31:38 获取到号码【1825535】的GSD为【安徽-芜湖】
2021-07-29 00:31:56 GSD insert 第 1 次 等待 3 秒
2021-07-29 00:31:59 {"status":"ok","gid":428609,"msg":"添加成功！"}
2021-07-29 00:31:59 下次操作: 2021-07-29 00:32:16

2021-07-29 00:32:16 开始第 37 次操作

2021-07-29 00:32:16 开始操作号码 【1825534】
2021-07-29 00:32:27 GSD getOne 第 1 次 等待 3 秒
2021-07-29 00:32:30 查询号码 【1825534】，返回信息 {"status":"bad","msg":""}
2021-07-29 00:32:30 查询号码 【1825534】，GSD为【""】
2021-07-29 00:32:30 bad
2021-07-29 00:32:33 CHB 1825534?1627489950 第 1 次 等待 3 秒
2021-07-29 00:32:36 CHB 1825534?1627489950 第 1 次 获取到号码【1825534】GSD
2021-07-29 00:32:36 获取到号码【1825534】的GSD为【安徽-芜湖】
2021-07-29 00:33:48 GSD insert 第 1 次 等待 3 秒
2021-07-29 00:33:51 {"status":"ok","gid":428616,"msg":"添加成功！"}
2021-07-29 00:33:51 下次操作: 2021-07-29 00:34:07

2021-07-29 00:34:07 开始第 38 次操作

2021-07-29 00:34:07 开始操作号码 【1825533】
2021-07-29 00:34:11 GSD getOne 第 1 次 等待 3 秒
2021-07-29 00:34:14 查询号码 【1825533】，返回信息 {"status":"bad","msg":""}
2021-07-29 00:34:14 查询号码 【1825533】，GSD为【""】
2021-07-29 00:34:14 bad
2021-07-29 00:34:16 CHB 1825533?1627490054 第 1 次 等待 3 秒
2021-07-29 00:34:19 CHB 1825533?1627490054 第 1 次 获取到号码【1825533】GSD
2021-07-29 00:34:19 获取到号码【1825533】的GSD为【安徽-芜湖】
2021-07-29 00:34:37 GSD insert 第 1 次 等待 3 秒
2021-07-29 00:34:40 {"status":"ok","gid":428617,"msg":"添加成功！"}
2021-07-29 00:34:40 下次操作: 2021-07-29 00:34:54

2021-07-29 00:34:54 开始第 39 次操作

2021-07-29 00:34:54 开始操作号码 【1825532】
2021-07-29 00:34:59 GSD getOne 第 1 次 等待 3 秒
2021-07-29 00:35:02 查询号码 【1825532】，返回信息 {"status":"bad","msg":""}
2021-07-29 00:35:02 查询号码 【1825532】，GSD为【""】
2021-07-29 00:35:02 bad
2021-07-29 00:35:04 CHB 1825532?1627490102 第 1 次 等待 3 秒
2021-07-29 00:35:07 CHB 1825532?1627490102 第 1 次 获取到号码【1825532】GSD
2021-07-29 00:35:07 获取到号码【1825532】的GSD为【安徽-芜湖】
2021-07-29 00:35:25 GSD insert 第 1 次 等待 3 秒
2021-07-29 00:35:28 {"status":"ok","gid":428621,"msg":"添加成功！"}
2021-07-29 00:35:28 下次操作: 2021-07-29 00:35:50

2021-07-29 00:35:50 开始第 40 次操作

2021-07-29 00:35:50 开始操作号码 【1825531】
2021-07-29 00:35:56 GSD getOne 第 1 次 等待 3 秒
2021-07-29 00:35:59 查询号码 【1825531】，返回信息 {"status":"bad","msg":""}
2021-07-29 00:35:59 查询号码 【1825531】，GSD为【""】
2021-07-29 00:35:59 bad
2021-07-29 00:36:04 CHB 1825531?1627490159 第 1 次 等待 3 秒
2021-07-29 00:36:07 CHB 1825531?1627490159 第 1 次 获取到号码【1825531】GSD
2021-07-29 00:36:07 获取到号码【1825531】的GSD为【安徽-芜湖】
2021-07-29 00:36:17 GSD insert 第 1 次 等待 3 秒
2021-07-29 00:36:20 {"status":"ok","gid":428623,"msg":"添加成功！"}

