2024-07-16 00:22:43 开始第 6161 次操作

2024-07-16 00:22:43 开始操作号码 【1506070】
2024-07-16 00:22:51 GSD getOne 第 1 次 等待 3 秒
2024-07-16 00:22:54 查询号码 【1506070】，返回信息 {"status":"ok","msg":"福建-厦门","gid":"393937","time_insert":"2021-07-25 21:42"}
2024-07-16 00:22:54 查询号码 【1506070】，GSD为【"福建-厦门"】

2024-07-16 00:22:55 开始第 6162 次操作

2024-07-16 00:22:55 开始操作号码 【1506071】
2024-07-16 00:23:06 GSD getOne 第 1 次 等待 3 秒
2024-07-16 00:23:09 查询号码 【1506071】，返回信息 {"status":"ok","msg":"福建-厦门","gid":"393923","time_insert":"2021-07-25 21:41"}
2024-07-16 00:23:09 查询号码 【1506071】，GSD为【"福建-厦门"】

2024-07-16 00:23:10 开始第 6163 次操作

2024-07-16 00:23:10 开始操作号码 【1506072】
2024-07-16 00:23:20 GSD getOne 第 1 次 等待 3 秒
2024-07-16 00:23:23 查询号码 【1506072】，返回信息 {"status":"ok","msg":"福建-厦门","gid":"393909","time_insert":"2021-07-25 21:41"}
2024-07-16 00:23:23 查询号码 【1506072】，GSD为【"福建-厦门"】

2024-07-16 00:23:24 开始第 6164 次操作

2024-07-16 00:23:24 开始操作号码 【1506073】
2024-07-16 00:23:40 GSD getOne 第 1 次 等待 3 秒
2024-07-16 00:23:43 查询号码 【1506073】，返回信息 {"status":"ok","msg":"福建-厦门","gid":"15759","time_insert":"2016-02-16 13:22","time_update":"2020-09-05 12:55"}
2024-07-16 00:23:43 查询号码 【1506073】，GSD为【"福建-厦门"】

2024-07-16 00:43:07 开始第 6165 次操作

2024-07-16 00:43:07 开始操作号码 【1506074】
2024-07-16 00:43:15 GSD getOne 第 1 次 等待 3 秒
2024-07-16 00:43:18 查询号码 【1506074】，返回信息 {"status":"ok","msg":"福建-厦门","gid":"393893","time_insert":"2021-07-25 21:40"}
2024-07-16 00:43:18 查询号码 【1506074】，GSD为【"福建-厦门"】

2024-07-16 00:43:19 开始第 6166 次操作

2024-07-16 00:43:19 开始操作号码 【1506075】
2024-07-16 00:43:27 GSD getOne 第 1 次 等待 3 秒
2024-07-16 00:43:30 查询号码 【1506075】，返回信息 {"status":"ok","msg":"福建-厦门","gid":"393882","time_insert":"2021-07-25 21:39"}
2024-07-16 00:43:30 查询号码 【1506075】，GSD为【"福建-厦门"】

2024-07-16 00:43:31 开始第 6167 次操作

2024-07-16 00:43:31 开始操作号码 【1506076】
2024-07-16 00:43:39 GSD getOne 第 1 次 等待 3 秒
2024-07-16 00:43:42 查询号码 【1506076】，返回信息 {"status":"ok","msg":"福建-厦门","gid":"15760","time_insert":"2015-07-22 19:12","time_update":"2020-09-05 12:59"}
2024-07-16 00:43:42 查询号码 【1506076】，GSD为【"福建-厦门"】

2024-07-16 00:43:43 开始第 6168 次操作

2024-07-16 00:43:43 开始操作号码 【1506077】
2024-07-16 00:43:50 GSD getOne 第 1 次 等待 3 秒
2024-07-16 00:43:53 查询号码 【1506077】，返回信息 {"status":"ok","msg":"福建-厦门","gid":"393870","time_insert":"2021-07-25 21:39"}
2024-07-16 00:43:53 查询号码 【1506077】，GSD为【"福建-厦门"】

