2024-09-06 00:26:07 开始第 3045 次操作

2024-09-06 00:26:07 开始操作号码 【1393044】
2024-09-06 00:26:15 GSD getOne 第 1 次 等待 3 秒
2024-09-06 00:26:18 查询号码 【1393044】，返回信息 {"status":"ok","msg":"河北-石家庄","gid":"119963","time_insert":"2021-06-23 23:00"}
2024-09-06 00:26:18 查询号码 【1393044】，GSD为【"河北-石家庄"】

2024-09-06 00:26:19 开始第 3046 次操作

2024-09-06 00:26:19 开始操作号码 【1393045】
2024-09-06 00:26:27 GSD getOne 第 1 次 等待 3 秒
2024-09-06 00:26:30 查询号码 【1393045】，返回信息 {"status":"ok","msg":"河北-石家庄","gid":"119993","time_insert":"2021-06-23 23:19"}
2024-09-06 00:26:30 查询号码 【1393045】，GSD为【"河北-石家庄"】

2024-09-06 00:26:31 开始第 3047 次操作

2024-09-06 00:26:31 开始操作号码 【1393046】
2024-09-06 00:26:38 GSD getOne 第 1 次 等待 3 秒
2024-09-06 00:26:41 查询号码 【1393046】，返回信息 {"status":"ok","msg":"河北-石家庄","gid":"120018","time_insert":"2021-06-23 23:41"}
2024-09-06 00:26:41 查询号码 【1393046】，GSD为【"河北-石家庄"】

2024-09-06 00:26:42 开始第 3048 次操作

2024-09-06 00:26:42 开始操作号码 【1393047】
2024-09-06 00:26:50 GSD getOne 第 1 次 等待 3 秒
2024-09-06 00:26:53 查询号码 【1393047】，返回信息 {"status":"ok","msg":"河北-石家庄","gid":"120089","time_insert":"2021-06-24 00:03"}
2024-09-06 00:26:53 查询号码 【1393047】，GSD为【"河北-石家庄"】

