2024-03-07 00:20:34 开始第 7461 次操作

2024-03-07 00:20:34 开始操作号码 【1727380】
2024-03-07 00:20:38 GSD getOne 第 1 次 等待 3 秒
2024-03-07 00:20:41 查询号码 【1727380】，返回信息 {"status":"ok","msg":"广东-广州","gid":"56631","time_insert":"2021-05-03 00:40"}
2024-03-07 00:20:41 查询号码 【1727380】，GSD为【"广东-广州"】

2024-03-07 00:20:42 开始第 7462 次操作

2024-03-07 00:20:42 开始操作号码 【1727381】
2024-03-07 00:20:46 GSD getOne 第 1 次 等待 3 秒
2024-03-07 00:20:49 查询号码 【1727381】，返回信息 {"status":"ok","msg":"广东-广州","gid":"325477","time_insert":"2021-07-19 11:47"}
2024-03-07 00:20:49 查询号码 【1727381】，GSD为【"广东-广州"】

2024-03-07 00:20:50 开始第 7463 次操作

2024-03-07 00:20:50 开始操作号码 【1727382】
2024-03-07 00:20:54 GSD getOne 第 1 次 等待 3 秒
2024-03-07 00:20:57 查询号码 【1727382】，返回信息 {"status":"ok","msg":"广东-广州","gid":"325483","time_insert":"2021-07-19 11:48"}
2024-03-07 00:20:57 查询号码 【1727382】，GSD为【"广东-广州"】

2024-03-07 00:20:59 开始第 7464 次操作

2024-03-07 00:20:59 开始操作号码 【1727383】
2024-03-07 00:21:03 GSD getOne 第 1 次 等待 3 秒
2024-03-07 00:21:06 查询号码 【1727383】，返回信息 {"status":"ok","msg":"广东-广州","gid":"325498","time_insert":"2021-07-19 11:49"}
2024-03-07 00:21:06 查询号码 【1727383】，GSD为【"广东-广州"】

2024-03-07 00:39:27 开始第 7465 次操作

2024-03-07 00:39:27 开始操作号码 【1727384】
2024-03-07 00:39:33 GSD getOne 第 1 次 等待 3 秒
2024-03-07 00:39:36 查询号码 【1727384】，返回信息 {"status":"ok","msg":"广东-广州","gid":"325510","time_insert":"2021-07-19 11:50"}
2024-03-07 00:39:37 查询号码 【1727384】，GSD为【"广东-广州"】

2024-03-07 00:39:38 开始第 7466 次操作

2024-03-07 00:39:38 开始操作号码 【1727385】
2024-03-07 00:39:46 GSD getOne 第 1 次 等待 3 秒
2024-03-07 00:39:49 查询号码 【1727385】，返回信息 {"status":"ok","msg":"广东-广州","gid":"325522","time_insert":"2021-07-19 11:51"}
2024-03-07 00:39:49 查询号码 【1727385】，GSD为【"广东-广州"】

2024-03-07 00:39:50 开始第 7467 次操作

2024-03-07 00:39:50 开始操作号码 【1727386】
2024-03-07 00:39:55 GSD getOne 第 1 次 等待 3 秒
2024-03-07 00:39:58 查询号码 【1727386】，返回信息 {"status":"ok","msg":"广东-广州","gid":"325533","time_insert":"2021-07-19 11:52"}
2024-03-07 00:39:58 查询号码 【1727386】，GSD为【"广东-广州"】

2024-03-07 00:39:59 开始第 7468 次操作

2024-03-07 00:39:59 开始操作号码 【1727387】
2024-03-07 00:40:03 GSD getOne 第 1 次 等待 3 秒
2024-03-07 00:40:06 查询号码 【1727387】，返回信息 {"status":"ok","msg":"广东-广州","gid":"325543","time_insert":"2021-07-19 11:53"}
2024-03-07 00:40:06 查询号码 【1727387】，GSD为【"广东-广州"】

2024-03-07 01:14:30 开始第 7469 次操作

2024-03-07 01:14:30 开始操作号码 【1727388】
2024-03-07 01:14:36 GSD getOne 第 1 次 等待 3 秒
2024-03-07 01:14:39 查询号码 【1727388】，返回信息 {"status":"ok","msg":"广东-广州","gid":"325561","time_insert":"2021-07-19 11:54"}
2024-03-07 01:14:39 查询号码 【1727388】，GSD为【"广东-广州"】

2024-03-07 01:14:40 开始第 7470 次操作

2024-03-07 01:14:40 开始操作号码 【1727389】
2024-03-07 01:14:45 GSD getOne 第 1 次 等待 3 秒
2024-03-07 01:14:48 查询号码 【1727389】，返回信息 {"status":"ok","msg":"广东-广州","gid":"325570","time_insert":"2021-07-19 11:55"}
2024-03-07 01:14:48 查询号码 【1727389】，GSD为【"广东-广州"】

2024-03-07 01:14:49 开始第 7471 次操作

2024-03-07 01:14:49 开始操作号码 【1727390】
2024-03-07 01:14:56 GSD getOne 第 1 次 等待 3 秒
2024-03-07 01:14:59 查询号码 【1727390】，返回信息 {"status":"ok","msg":"广东-广州","gid":"325580","time_insert":"2021-07-19 11:56"}
2024-03-07 01:14:59 查询号码 【1727390】，GSD为【"广东-广州"】

2024-03-07 01:15:00 开始第 7472 次操作

2024-03-07 01:15:00 开始操作号码 【1727391】
2024-03-07 01:15:05 GSD getOne 第 1 次 等待 3 秒
2024-03-07 01:15:08 查询号码 【1727391】，返回信息 {"status":"ok","msg":"广东-广州","gid":"325594","time_insert":"2021-07-19 11:57","time_update":"2021-09-01 05:01"}
2024-03-07 01:15:08 查询号码 【1727391】，GSD为【"广东-广州"】

2024-03-07 01:37:23 开始第 7473 次操作

2024-03-07 01:37:23 开始操作号码 【1727392】
2024-03-07 01:37:28 GSD getOne 第 1 次 等待 3 秒
2024-03-07 01:37:31 查询号码 【1727392】，返回信息 {"status":"ok","msg":"广东-广州","gid":"325612","time_insert":"2021-07-19 11:58"}
2024-03-07 01:37:31 查询号码 【1727392】，GSD为【"广东-广州"】

2024-03-07 01:37:32 开始第 7474 次操作

2024-03-07 01:37:32 开始操作号码 【1727393】
2024-03-07 01:37:36 GSD getOne 第 1 次 等待 3 秒
2024-03-07 01:37:39 查询号码 【1727393】，返回信息 {"status":"ok","msg":"广东-广州","gid":"325622","time_insert":"2021-07-19 11:59"}
2024-03-07 01:37:39 查询号码 【1727393】，GSD为【"广东-广州"】

2024-03-07 01:37:40 开始第 7475 次操作

2024-03-07 01:37:40 开始操作号码 【1727394】
2024-03-07 01:37:44 GSD getOne 第 1 次 等待 3 秒
2024-03-07 01:37:47 查询号码 【1727394】，返回信息 {"status":"ok","msg":"广东-广州","gid":"325640","time_insert":"2021-07-19 12:00"}
2024-03-07 01:37:48 查询号码 【1727394】，GSD为【"广东-广州"】

2024-03-07 01:37:49 开始第 7476 次操作

2024-03-07 01:37:49 开始操作号码 【1727395】
2024-03-07 01:37:53 GSD getOne 第 1 次 等待 3 秒
2024-03-07 01:37:56 查询号码 【1727395】，返回信息 {"status":"ok","msg":"广东-广州","gid":"325653","time_insert":"2021-07-19 12:01"}
2024-03-07 01:37:56 查询号码 【1727395】，GSD为【"广东-广州"】

