2023-11-17 00:22:35 开始第 8921 次操作

2023-11-17 00:22:35 开始操作号码 【1938839】
2023-11-17 00:22:39 GSD getOne 第 1 次 等待 3 秒
2023-11-17 00:22:42 查询号码 【1938839】，返回信息 {"status":"ok","msg":"云南-怒江","gid":"446080","time_insert":"2021-07-30 16:21","time_update":"2021-08-14 01:49"}
2023-11-17 00:22:42 查询号码 【1938839】，GSD为【"云南-怒江"】

2023-11-17 00:22:43 开始第 8922 次操作

2023-11-17 00:22:43 开始操作号码 【1938840】
2023-11-17 00:22:47 GSD getOne 第 1 次 等待 3 秒
2023-11-17 00:22:50 查询号码 【1938840】，返回信息 {"status":"ok","msg":"云南-文山","gid":"446072","time_insert":"2021-07-30 16:19","time_update":"2021-08-14 02:00"}
2023-11-17 00:22:50 查询号码 【1938840】，GSD为【"云南-文山"】

2023-11-17 00:22:51 开始第 8923 次操作

2023-11-17 00:22:51 开始操作号码 【1938841】
2023-11-17 00:22:54 GSD getOne 第 1 次 等待 3 秒
2023-11-17 00:22:57 查询号码 【1938841】，返回信息 {"status":"ok","msg":"云南-文山","gid":"446066","time_insert":"2021-07-30 16:18","time_update":"2021-08-14 02:13"}
2023-11-17 00:22:57 查询号码 【1938841】，GSD为【"云南-文山"】

2023-11-17 00:22:58 开始第 8924 次操作

2023-11-17 00:22:59 开始操作号码 【1938842】
2023-11-17 00:23:02 GSD getOne 第 1 次 等待 3 秒
2023-11-17 00:23:05 查询号码 【1938842】，返回信息 {"status":"ok","msg":"云南-文山","gid":"446057","time_insert":"2021-07-30 16:17"}
2023-11-17 00:23:05 查询号码 【1938842】，GSD为【"云南-文山"】

