2024-04-02 00:20:27 开始第 1393 次操作

2024-04-02 00:20:27 开始操作号码 【1611313】
2024-04-02 00:20:35 GSD getOne 第 1 次 等待 3 秒
2024-04-02 00:20:38 查询号码 【1611313】，返回信息 {"status":"ok","msg":"-","gid":"536490","time_insert":"2023-02-17 21:14"}
2024-04-02 00:20:38 查询号码 【1611313】，GSD为【"-"】
2024-04-02 00:20:38 ok && -
2024-04-02 00:20:41 CHB 1611313?1711988438 第 1 次 等待 3 秒
2024-04-02 00:20:44 CHB 1611313?1711988438 第 1 次 获取到号码【1611313】GSD
2024-04-02 00:20:44 未获取到号码【1611313】GSD，可能号码格式错误
2024-04-02 00:20:44 获取到号码【1611313】的GSD为【-】
2024-04-02 00:20:49 GSD insert 第 1 次 等待 3 秒
2024-04-02 00:20:52 {"status":"bad","gid":"536490","msg":"添加失败！号码【1611313(-|-)】已存在！"}
2024-04-02 00:20:52 随机等待 182 秒，约 3 分钟
2024-04-02 00:20:52 下次操作: 2024-04-02 00:23:54

2024-04-02 00:23:54 开始第 1394 次操作

2024-04-02 00:23:54 开始操作号码 【1611314】
2024-04-02 00:23:59 GSD getOne 第 1 次 等待 3 秒
2024-04-02 00:24:02 查询号码 【1611314】，返回信息 {"status":"ok","msg":"-","gid":"536519","time_insert":"2023-02-17 21:32"}
2024-04-02 00:24:02 查询号码 【1611314】，GSD为【"-"】
2024-04-02 00:24:02 ok && -
2024-04-02 00:24:04 CHB 1611314?1711988642 第 1 次 等待 3 秒
2024-04-02 00:24:07 CHB 1611314?1711988642 第 1 次 获取到号码【1611314】GSD
2024-04-02 00:24:07 未获取到号码【1611314】GSD，可能号码格式错误
2024-04-02 00:24:07 获取到号码【1611314】的GSD为【-】
2024-04-02 00:24:12 GSD insert 第 1 次 等待 3 秒
2024-04-02 00:24:15 {"status":"bad","gid":"536519","msg":"添加失败！号码【1611314(-|-)】已存在！"}
2024-04-02 00:24:15 随机等待 83 秒，约 1 分钟
2024-04-02 00:24:15 下次操作: 2024-04-02 00:25:38

2024-04-02 00:25:38 开始第 1395 次操作

2024-04-02 00:25:38 开始操作号码 【1611315】
2024-04-02 00:25:46 GSD getOne 第 1 次 等待 3 秒
2024-04-02 00:25:49 查询号码 【1611315】，返回信息 {"status":"ok","msg":"-","gid":"536549","time_insert":"2023-02-17 21:48"}
2024-04-02 00:25:49 查询号码 【1611315】，GSD为【"-"】
2024-04-02 00:25:49 ok && -
2024-04-02 00:25:52 CHB 1611315?1711988749 第 1 次 等待 3 秒
2024-04-02 00:25:55 CHB 1611315?1711988749 第 1 次 获取到号码【1611315】GSD
2024-04-02 00:25:55 未获取到号码【1611315】GSD，可能号码格式错误
2024-04-02 00:25:55 获取到号码【1611315】的GSD为【-】
2024-04-02 00:26:00 GSD insert 第 1 次 等待 3 秒
2024-04-02 00:26:03 {"status":"bad","gid":"536549","msg":"添加失败！号码【1611315(-|-)】已存在！"}
2024-04-02 00:26:03 随机等待 139 秒，约 2 分钟
2024-04-02 00:26:03 下次操作: 2024-04-02 00:28:22

2024-04-02 00:28:22 开始第 1396 次操作

2024-04-02 00:28:22 开始操作号码 【1611316】
2024-04-02 00:28:27 GSD getOne 第 1 次 等待 3 秒
2024-04-02 00:28:30 查询号码 【1611316】，返回信息 {"status":"ok","msg":"-","gid":"536573","time_insert":"2023-02-17 22:00"}
2024-04-02 00:28:30 查询号码 【1611316】，GSD为【"-"】
2024-04-02 00:28:30 ok && -
2024-04-02 00:28:32 CHB 1611316?1711988910 第 1 次 等待 3 秒
2024-04-02 00:28:35 CHB 1611316?1711988910 第 1 次 获取到号码【1611316】GSD
2024-04-02 00:28:35 未获取到号码【1611316】GSD，可能号码格式错误
2024-04-02 00:28:35 获取到号码【1611316】的GSD为【-】
2024-04-02 00:28:41 GSD insert 第 1 次 等待 3 秒
2024-04-02 00:28:44 {"status":"bad","gid":"536573","msg":"添加失败！号码【1611316(-|-)】已存在！"}

2024-04-02 00:40:42 开始第 1397 次操作

2024-04-02 00:40:42 开始操作号码 【1611317】
2024-04-02 00:40:48 GSD getOne 第 1 次 等待 3 秒
2024-04-02 00:40:51 查询号码 【1611317】，返回信息 {"status":"ok","msg":"-","gid":"536596","time_insert":"2023-02-17 22:14"}
2024-04-02 00:40:51 查询号码 【1611317】，GSD为【"-"】
2024-04-02 00:40:51 ok && -
2024-04-02 00:40:54 CHB 1611317?1711989651 第 1 次 等待 3 秒
2024-04-02 00:40:57 CHB 1611317?1711989651 第 1 次 获取到号码【1611317】GSD
2024-04-02 00:40:57 未获取到号码【1611317】GSD，可能号码格式错误
2024-04-02 00:40:57 获取到号码【1611317】的GSD为【-】
2024-04-02 00:41:03 GSD insert 第 1 次 等待 3 秒
2024-04-02 00:41:06 {"status":"bad","gid":"536596","msg":"添加失败！号码【1611317(-|-)】已存在！"}
2024-04-02 00:41:06 随机等待 185 秒，约 3 分钟
2024-04-02 00:41:06 下次操作: 2024-04-02 00:44:11

2024-04-02 00:44:11 开始第 1398 次操作

2024-04-02 00:44:11 开始操作号码 【1611318】
2024-04-02 00:44:16 GSD getOne 第 1 次 等待 3 秒
2024-04-02 00:44:19 查询号码 【1611318】，返回信息 {"status":"ok","msg":"-","gid":"536621","time_insert":"2023-02-17 22:31"}
2024-04-02 00:44:19 查询号码 【1611318】，GSD为【"-"】
2024-04-02 00:44:19 ok && -
2024-04-02 00:44:22 CHB 1611318?1711989859 第 1 次 等待 3 秒
2024-04-02 00:44:25 CHB 1611318?1711989859 第 1 次 获取到号码【1611318】GSD
2024-04-02 00:44:25 未获取到号码【1611318】GSD，可能号码格式错误
2024-04-02 00:44:25 获取到号码【1611318】的GSD为【-】
2024-04-02 00:44:32 GSD insert 第 1 次 等待 3 秒
2024-04-02 00:44:35 {"status":"bad","gid":"536621","msg":"添加失败！号码【1611318(-|-)】已存在！"}
2024-04-02 00:44:35 随机等待 150 秒，约 2 分钟
2024-04-02 00:44:35 下次操作: 2024-04-02 00:47:05

2024-04-02 00:47:05 开始第 1399 次操作

2024-04-02 00:47:05 开始操作号码 【1611319】
2024-04-02 00:47:10 GSD getOne 第 1 次 等待 3 秒
2024-04-02 00:47:13 查询号码 【1611319】，返回信息 {"status":"ok","msg":"-","gid":"536652","time_insert":"2023-02-17 22:49"}
2024-04-02 00:47:13 查询号码 【1611319】，GSD为【"-"】
2024-04-02 00:47:13 ok && -
2024-04-02 00:47:16 CHB 1611319?1711990033 第 1 次 等待 3 秒
2024-04-02 00:47:19 CHB 1611319?1711990033 第 1 次 获取到号码【1611319】GSD
2024-04-02 00:47:19 未获取到号码【1611319】GSD，可能号码格式错误
2024-04-02 00:47:19 获取到号码【1611319】的GSD为【-】
2024-04-02 00:47:24 GSD insert 第 1 次 等待 3 秒
2024-04-02 00:47:27 {"status":"bad","gid":"536652","msg":"添加失败！号码【1611319(-|-)】已存在！"}
2024-04-02 00:47:27 随机等待 105 秒，约 1 分钟
2024-04-02 00:47:27 下次操作: 2024-04-02 00:49:12

2024-04-02 00:49:12 开始第 1400 次操作

2024-04-02 00:49:12 开始操作号码 【1611320】
2024-04-02 00:49:18 GSD getOne 第 1 次 等待 3 秒
2024-04-02 00:49:21 查询号码 【1611320】，返回信息 {"status":"ok","msg":"-","gid":"536676","time_insert":"2023-02-17 23:03"}
2024-04-02 00:49:21 查询号码 【1611320】，GSD为【"-"】
2024-04-02 00:49:21 ok && -
2024-04-02 00:49:24 CHB 1611320?1711990161 第 1 次 等待 3 秒
2024-04-02 00:49:27 CHB 1611320?1711990161 第 1 次 获取到号码【1611320】GSD
2024-04-02 00:49:27 未获取到号码【1611320】GSD，可能号码格式错误
2024-04-02 00:49:27 获取到号码【1611320】的GSD为【-】
2024-04-02 00:49:33 GSD insert 第 1 次 等待 3 秒
2024-04-02 00:49:36 {"status":"bad","gid":"536676","msg":"添加失败！号码【1611320(-|-)】已存在！"}

2024-04-02 01:17:23 开始第 1401 次操作

2024-04-02 01:17:23 开始操作号码 【1611321】
2024-04-02 01:17:28 GSD getOne 第 1 次 等待 3 秒
2024-04-02 01:17:31 查询号码 【1611321】，返回信息 {"status":"ok","msg":"-","gid":"536697","time_insert":"2023-02-17 23:15"}
2024-04-02 01:17:31 查询号码 【1611321】，GSD为【"-"】
2024-04-02 01:17:31 ok && -
2024-04-02 01:17:33 CHB 1611321?1711991851 第 1 次 等待 3 秒
2024-04-02 01:17:36 CHB 1611321?1711991851 第 1 次 获取到号码【1611321】GSD
2024-04-02 01:17:36 未获取到号码【1611321】GSD，可能号码格式错误
2024-04-02 01:17:36 获取到号码【1611321】的GSD为【-】
2024-04-02 01:17:41 GSD insert 第 1 次 等待 3 秒
2024-04-02 01:17:44 {"status":"bad","gid":"536697","msg":"添加失败！号码【1611321(-|-)】已存在！"}
2024-04-02 01:17:44 随机等待 209 秒，约 3 分钟
2024-04-02 01:17:44 下次操作: 2024-04-02 01:21:13

2024-04-02 01:21:13 开始第 1402 次操作

2024-04-02 01:21:13 开始操作号码 【1611322】
2024-04-02 01:21:18 GSD getOne 第 1 次 等待 3 秒
2024-04-02 01:21:21 查询号码 【1611322】，返回信息 {"status":"ok","msg":"-","gid":"536717","time_insert":"2023-02-17 23:26"}
2024-04-02 01:21:21 查询号码 【1611322】，GSD为【"-"】
2024-04-02 01:21:21 ok && -
2024-04-02 01:21:23 CHB 1611322?1711992081 第 1 次 等待 3 秒
2024-04-02 01:21:26 CHB 1611322?1711992081 第 1 次 获取到号码【1611322】GSD
2024-04-02 01:21:26 未获取到号码【1611322】GSD，可能号码格式错误
2024-04-02 01:21:26 获取到号码【1611322】的GSD为【-】
2024-04-02 01:21:32 GSD insert 第 1 次 等待 3 秒
2024-04-02 01:21:35 {"status":"bad","gid":"536717","msg":"添加失败！号码【1611322(-|-)】已存在！"}
2024-04-02 01:21:35 随机等待 211 秒，约 3 分钟
2024-04-02 01:21:35 下次操作: 2024-04-02 01:25:06

2024-04-02 01:25:06 开始第 1403 次操作

2024-04-02 01:25:06 开始操作号码 【1611323】
2024-04-02 01:25:11 GSD getOne 第 1 次 等待 3 秒
2024-04-02 01:25:14 查询号码 【1611323】，返回信息 {"status":"ok","msg":"-","gid":"536736","time_insert":"2023-02-17 23:38"}
2024-04-02 01:25:14 查询号码 【1611323】，GSD为【"-"】
2024-04-02 01:25:14 ok && -
2024-04-02 01:25:16 CHB 1611323?1711992314 第 1 次 等待 3 秒
2024-04-02 01:25:19 CHB 1611323?1711992314 第 1 次 获取到号码【1611323】GSD
2024-04-02 01:25:19 未获取到号码【1611323】GSD，可能号码格式错误
2024-04-02 01:25:19 获取到号码【1611323】的GSD为【-】
2024-04-02 01:25:24 GSD insert 第 1 次 等待 3 秒
2024-04-02 01:25:27 {"status":"bad","gid":"536736","msg":"添加失败！号码【1611323(-|-)】已存在！"}
2024-04-02 01:25:27 随机等待 159 秒，约 2 分钟
2024-04-02 01:25:27 下次操作: 2024-04-02 01:28:06

2024-04-02 01:28:06 开始第 1404 次操作

2024-04-02 01:28:06 开始操作号码 【1611324】
2024-04-02 01:28:11 GSD getOne 第 1 次 等待 3 秒
2024-04-02 01:28:14 查询号码 【1611324】，返回信息 {"status":"ok","msg":"-","gid":"536769","time_insert":"2023-02-17 23:55"}
2024-04-02 01:28:14 查询号码 【1611324】，GSD为【"-"】
2024-04-02 01:28:14 ok && -
2024-04-02 01:28:16 CHB 1611324?1711992494 第 1 次 等待 3 秒
2024-04-02 01:28:19 CHB 1611324?1711992494 第 1 次 获取到号码【1611324】GSD
2024-04-02 01:28:19 未获取到号码【1611324】GSD，可能号码格式错误
2024-04-02 01:28:19 获取到号码【1611324】的GSD为【-】
2024-04-02 01:28:24 GSD insert 第 1 次 等待 3 秒
2024-04-02 01:28:27 {"status":"bad","gid":"536769","msg":"添加失败！号码【1611324(-|-)】已存在！"}

