2024-11-05 00:08:59 开始第 3245 次操作

2024-11-05 00:08:59 开始操作号码 【1313244】
2024-11-05 00:09:00 GSD getOne 第 1 次 等待 3 秒
2024-11-05 00:09:03 查询号码 【1313244】，返回信息 {"status":"ok","msg":"河北-衡水","gid":"109057","time_insert":"2021-06-20 20:37"}
2024-11-05 00:09:04 查询号码 【1313244】，GSD为【"河北-衡水"】

2024-11-05 00:09:05 开始第 3246 次操作

2024-11-05 00:09:05 开始操作号码 【1313245】
2024-11-05 00:09:06 GSD getOne 第 1 次 等待 3 秒
2024-11-05 00:09:09 查询号码 【1313245】，返回信息 {"status":"ok","msg":"河北-邢台","gid":"109081","time_insert":"2021-06-20 20:53"}
2024-11-05 00:09:09 查询号码 【1313245】，GSD为【"河北-邢台"】

2024-11-05 00:09:10 开始第 3247 次操作

2024-11-05 00:09:10 开始操作号码 【1313246】
2024-11-05 00:09:11 GSD getOne 第 1 次 等待 3 秒
2024-11-05 00:09:14 查询号码 【1313246】，返回信息 {"status":"ok","msg":"河北-邢台","gid":"109120","time_insert":"2021-06-20 21:16"}
2024-11-05 00:09:14 查询号码 【1313246】，GSD为【"河北-邢台"】

2024-11-05 00:09:15 开始第 3248 次操作

2024-11-05 00:09:15 开始操作号码 【1313247】
2024-11-05 00:09:16 GSD getOne 第 1 次 等待 3 秒
2024-11-05 00:09:19 查询号码 【1313247】，返回信息 {"status":"ok","msg":"河北-邢台","gid":"109157","time_insert":"2021-06-20 21:38"}
2024-11-05 00:09:19 查询号码 【1313247】，GSD为【"河北-邢台"】

