2024-09-11 00:24:51 开始第 3901 次操作

2024-09-11 00:24:51 开始操作号码 【1393900】
2024-09-11 00:25:00 GSD getOne 第 1 次 等待 3 秒
2024-09-11 00:25:03 查询号码 【1393900】，返回信息 {"status":"ok","msg":"河南-郑州","gid":"191696","time_insert":"2021-07-04 17:12"}
2024-09-11 00:25:03 查询号码 【1393900】，GSD为【"河南-郑州"】

2024-09-11 00:25:04 开始第 3902 次操作

2024-09-11 00:25:04 开始操作号码 【1393901】
2024-09-11 00:25:12 GSD getOne 第 1 次 等待 3 秒
2024-09-11 00:25:15 查询号码 【1393901】，返回信息 {"status":"ok","msg":"河南-郑州","gid":"191718","time_insert":"2021-07-04 17:24"}
2024-09-11 00:25:15 查询号码 【1393901】，GSD为【"河南-郑州"】

2024-09-11 00:25:16 开始第 3903 次操作

2024-09-11 00:25:16 开始操作号码 【1393902】
2024-09-11 00:25:25 GSD getOne 第 1 次 等待 3 秒
2024-09-11 00:25:28 查询号码 【1393902】，返回信息 {"status":"ok","msg":"河南-郑州","gid":"191742","time_insert":"2021-07-04 17:38"}
2024-09-11 00:25:29 查询号码 【1393902】，GSD为【"河南-郑州"】

2024-09-11 00:25:30 开始第 3904 次操作

2024-09-11 00:25:30 开始操作号码 【1393903】
2024-09-11 00:25:38 GSD getOne 第 1 次 等待 3 秒
2024-09-11 00:25:41 查询号码 【1393903】，返回信息 {"status":"ok","msg":"河南-郑州","gid":"191863","time_insert":"2021-07-04 17:52"}
2024-09-11 00:25:41 查询号码 【1393903】，GSD为【"河南-郑州"】

