2024-02-06 00:19:07 开始第 2117 次操作

2024-02-06 00:19:07 开始操作号码 【1722036】
2024-02-06 00:19:15 GSD getOne 第 1 次 等待 3 秒
2024-02-06 00:19:18 查询号码 【1722036】，返回信息 {"status":"ok","msg":"福建-福州","gid":"259598","time_insert":"2021-07-12 21:21"}
2024-02-06 00:19:18 查询号码 【1722036】，GSD为【"福建-福州"】

2024-02-06 00:19:19 开始第 2118 次操作

2024-02-06 00:19:19 开始操作号码 【1722037】
2024-02-06 00:19:24 GSD getOne 第 1 次 等待 3 秒
2024-02-06 00:19:27 查询号码 【1722037】，返回信息 {"status":"ok","msg":"福建-福州","gid":"259666","time_insert":"2021-07-12 21:39"}
2024-02-06 00:19:28 查询号码 【1722037】，GSD为【"福建-福州"】

2024-02-06 00:19:29 开始第 2119 次操作

2024-02-06 00:19:29 开始操作号码 【1722038】
2024-02-06 00:19:33 GSD getOne 第 1 次 等待 3 秒
2024-02-06 00:19:36 查询号码 【1722038】，返回信息 {"status":"ok","msg":"福建-福州","gid":"259671","time_insert":"2021-07-12 21:40"}
2024-02-06 00:19:36 查询号码 【1722038】，GSD为【"福建-福州"】

2024-02-06 00:19:37 开始第 2120 次操作

2024-02-06 00:19:37 开始操作号码 【1722039】
2024-02-06 00:19:41 GSD getOne 第 1 次 等待 3 秒
2024-02-06 00:19:44 查询号码 【1722039】，返回信息 {"status":"ok","msg":"福建-福州","gid":"259683","time_insert":"2021-07-12 21:41"}
2024-02-06 00:19:44 查询号码 【1722039】，GSD为【"福建-福州"】

2024-02-06 00:37:39 开始第 2121 次操作

2024-02-06 00:37:39 开始操作号码 【1722040】
2024-02-06 00:37:45 GSD getOne 第 1 次 等待 3 秒
2024-02-06 00:37:48 查询号码 【1722040】，返回信息 {"status":"ok","msg":"福建-福州","gid":"259694","time_insert":"2021-07-12 21:42"}
2024-02-06 00:37:48 查询号码 【1722040】，GSD为【"福建-福州"】

2024-02-06 00:37:49 开始第 2122 次操作

2024-02-06 00:37:49 开始操作号码 【1722041】
2024-02-06 00:37:53 GSD getOne 第 1 次 等待 3 秒
2024-02-06 00:37:56 查询号码 【1722041】，返回信息 {"status":"ok","msg":"福建-福州","gid":"259702","time_insert":"2021-07-12 21:43"}
2024-02-06 00:37:56 查询号码 【1722041】，GSD为【"福建-福州"】

2024-02-06 00:37:57 开始第 2123 次操作

2024-02-06 00:37:57 开始操作号码 【1722042】
2024-02-06 00:38:02 GSD getOne 第 1 次 等待 3 秒
2024-02-06 00:38:05 查询号码 【1722042】，返回信息 {"status":"ok","msg":"福建-福州","gid":"259711","time_insert":"2021-07-12 21:43"}
2024-02-06 00:38:05 查询号码 【1722042】，GSD为【"福建-福州"】

2024-02-06 00:38:06 开始第 2124 次操作

2024-02-06 00:38:06 开始操作号码 【1722043】
2024-02-06 00:38:10 GSD getOne 第 1 次 等待 3 秒
2024-02-06 00:38:13 查询号码 【1722043】，返回信息 {"status":"ok","msg":"福建-福州","gid":"259720","time_insert":"2021-07-12 21:44"}
2024-02-06 00:38:13 查询号码 【1722043】，GSD为【"福建-福州"】

2024-02-06 01:14:17 开始第 2125 次操作

2024-02-06 01:14:17 开始操作号码 【1722044】
2024-02-06 01:14:21 GSD getOne 第 1 次 等待 3 秒
2024-02-06 01:14:24 查询号码 【1722044】，返回信息 {"status":"ok","msg":"福建-福州","gid":"259730","time_insert":"2021-07-12 21:45"}
2024-02-06 01:14:24 查询号码 【1722044】，GSD为【"福建-福州"】

2024-02-06 01:14:25 开始第 2126 次操作

2024-02-06 01:14:25 开始操作号码 【1722045】
2024-02-06 01:14:30 GSD getOne 第 1 次 等待 3 秒
2024-02-06 01:14:33 查询号码 【1722045】，返回信息 {"status":"ok","msg":"福建-福州","gid":"259743","time_insert":"2021-07-12 21:46"}
2024-02-06 01:14:33 查询号码 【1722045】，GSD为【"福建-福州"】

2024-02-06 01:14:34 开始第 2127 次操作

2024-02-06 01:14:34 开始操作号码 【1722046】
2024-02-06 01:14:38 GSD getOne 第 1 次 等待 3 秒
2024-02-06 01:14:41 查询号码 【1722046】，返回信息 {"status":"ok","msg":"福建-福州","gid":"259757","time_insert":"2021-07-12 21:47"}
2024-02-06 01:14:41 查询号码 【1722046】，GSD为【"福建-福州"】

2024-02-06 01:14:42 开始第 2128 次操作

2024-02-06 01:14:42 开始操作号码 【1722047】
2024-02-06 01:14:47 GSD getOne 第 1 次 等待 3 秒
2024-02-06 01:14:50 查询号码 【1722047】，返回信息 {"status":"ok","msg":"福建-福州","gid":"259764","time_insert":"2021-07-12 21:47"}
2024-02-06 01:14:50 查询号码 【1722047】，GSD为【"福建-福州"】

