2024-02-26 00:19:05 开始第 5713 次操作

2024-02-26 00:19:05 开始操作号码 【1725632】
2024-02-26 00:19:12 GSD getOne 第 1 次 等待 3 秒
2024-02-26 00:19:15 查询号码 【1725632】，返回信息 {"status":"ok","msg":"上海-上海","gid":"303610","time_insert":"2021-07-17 13:45"}
2024-02-26 00:19:15 查询号码 【1725632】，GSD为【"上海-上海"】

2024-02-26 00:19:16 开始第 5714 次操作

2024-02-26 00:19:16 开始操作号码 【1725633】
2024-02-26 00:19:21 GSD getOne 第 1 次 等待 3 秒
2024-02-26 00:19:24 查询号码 【1725633】，返回信息 {"status":"ok","msg":"上海-上海","gid":"303614","time_insert":"2021-07-17 13:46"}
2024-02-26 00:19:24 查询号码 【1725633】，GSD为【"上海-上海"】

2024-02-26 00:19:25 开始第 5715 次操作

2024-02-26 00:19:25 开始操作号码 【1725634】
2024-02-26 00:19:29 GSD getOne 第 1 次 等待 3 秒
2024-02-26 00:19:32 查询号码 【1725634】，返回信息 {"status":"ok","msg":"上海-上海","gid":"303624","time_insert":"2021-07-17 13:46"}
2024-02-26 00:19:32 查询号码 【1725634】，GSD为【"上海-上海"】

2024-02-26 00:19:33 开始第 5716 次操作

2024-02-26 00:19:33 开始操作号码 【1725635】
2024-02-26 00:19:41 GSD getOne 第 1 次 等待 3 秒
2024-02-26 00:19:44 查询号码 【1725635】，返回信息 {"status":"ok","msg":"上海-上海","gid":"303632","time_insert":"2021-07-17 13:47"}
2024-02-26 00:19:44 查询号码 【1725635】，GSD为【"上海-上海"】

2024-02-26 00:38:44 开始第 5717 次操作

2024-02-26 00:38:44 开始操作号码 【1725636】
2024-02-26 00:38:51 GSD getOne 第 1 次 等待 3 秒
2024-02-26 00:38:54 查询号码 【1725636】，返回信息 {"status":"ok","msg":"上海-上海","gid":"303639","time_insert":"2021-07-17 13:47"}
2024-02-26 00:38:54 查询号码 【1725636】，GSD为【"上海-上海"】

2024-02-26 00:38:55 开始第 5718 次操作

2024-02-26 00:38:55 开始操作号码 【1725637】
2024-02-26 00:39:00 GSD getOne 第 1 次 等待 3 秒
2024-02-26 00:39:03 查询号码 【1725637】，返回信息 {"status":"ok","msg":"-","gid":"303647","time_insert":"2021-07-17 13:48"}
2024-02-26 00:39:03 查询号码 【1725637】，GSD为【"-"】
2024-02-26 00:39:03 ok && -
2024-02-26 00:39:07 CHB 1725637?1708879143 第 1 次 等待 3 秒
2024-02-26 00:39:10 CHB 1725637?1708879143 第 1 次 获取到号码【1725637】GSD
2024-02-26 00:39:10 未获取到号码【1725637】GSD，可能号码格式错误
2024-02-26 00:39:10 获取到号码【1725637】的GSD为【-】
2024-02-26 00:39:14 GSD insert 第 1 次 等待 3 秒
2024-02-26 00:39:17 {"status":"bad","gid":"303647","msg":"添加失败！号码【1725637(-|-)】已存在！"}
2024-02-26 00:39:17 随机等待 151 秒，约 2 分钟
2024-02-26 00:39:17 下次操作: 2024-02-26 00:41:48

2024-02-26 00:41:48 开始第 5719 次操作

2024-02-26 00:41:48 开始操作号码 【1725638】
2024-02-26 00:41:53 GSD getOne 第 1 次 等待 3 秒
2024-02-26 00:41:56 查询号码 【1725638】，返回信息 {"status":"ok","msg":"-","gid":"303657","time_insert":"2021-07-17 13:49"}
2024-02-26 00:41:56 查询号码 【1725638】，GSD为【"-"】
2024-02-26 00:41:56 ok && -
2024-02-26 00:41:59 CHB 1725638?1708879316 第 1 次 等待 3 秒
2024-02-26 00:42:02 CHB 1725638?1708879316 第 1 次 获取到号码【1725638】GSD
2024-02-26 00:42:02 未获取到号码【1725638】GSD，可能号码格式错误
2024-02-26 00:42:02 获取到号码【1725638】的GSD为【-】
2024-02-26 00:42:06 GSD insert 第 1 次 等待 3 秒
2024-02-26 00:42:09 {"status":"bad","gid":"303657","msg":"添加失败！号码【1725638(-|-)】已存在！"}
2024-02-26 00:42:09 随机等待 225 秒，约 3 分钟
2024-02-26 00:42:09 下次操作: 2024-02-26 00:45:54

2024-02-26 00:45:54 开始第 5720 次操作

2024-02-26 00:45:54 开始操作号码 【1725639】
2024-02-26 00:45:58 GSD getOne 第 1 次 等待 3 秒
2024-02-26 00:46:01 查询号码 【1725639】，返回信息 {"status":"ok","msg":"-","gid":"303660","time_insert":"2021-07-17 13:49"}
2024-02-26 00:46:01 查询号码 【1725639】，GSD为【"-"】
2024-02-26 00:46:01 ok && -
2024-02-26 00:46:03 CHB 1725639?1708879561 第 1 次 等待 3 秒
2024-02-26 00:46:06 CHB 1725639?1708879561 第 1 次 获取到号码【1725639】GSD
2024-02-26 00:46:06 未获取到号码【1725639】GSD，可能号码格式错误
2024-02-26 00:46:06 获取到号码【1725639】的GSD为【-】
2024-02-26 00:46:10 GSD insert 第 1 次 等待 3 秒
2024-02-26 00:46:13 {"status":"bad","gid":"303660","msg":"添加失败！号码【1725639(-|-)】已存在！"}

2024-02-26 01:13:32 开始第 5721 次操作

2024-02-26 01:13:32 开始操作号码 【1725640】
2024-02-26 01:13:36 GSD getOne 第 1 次 等待 3 秒
2024-02-26 01:13:39 查询号码 【1725640】，返回信息 {"status":"ok","msg":"-","gid":"303669","time_insert":"2021-07-17 13:50"}
2024-02-26 01:13:39 查询号码 【1725640】，GSD为【"-"】
2024-02-26 01:13:39 ok && -
2024-02-26 01:13:42 CHB 1725640?1708881219 第 1 次 等待 3 秒
2024-02-26 01:13:45 CHB 1725640?1708881219 第 1 次 获取到号码【1725640】GSD
2024-02-26 01:13:45 未获取到号码【1725640】GSD，可能号码格式错误
2024-02-26 01:13:45 获取到号码【1725640】的GSD为【-】
2024-02-26 01:13:50 GSD insert 第 1 次 等待 3 秒
2024-02-26 01:13:53 {"status":"bad","gid":"303669","msg":"添加失败！号码【1725640(-|-)】已存在！"}
2024-02-26 01:13:53 随机等待 127 秒，约 2 分钟
2024-02-26 01:13:53 下次操作: 2024-02-26 01:16:00

2024-02-26 01:16:00 开始第 5722 次操作

2024-02-26 01:16:00 开始操作号码 【1725641】
2024-02-26 01:16:04 GSD getOne 第 1 次 等待 3 秒
2024-02-26 01:16:07 查询号码 【1725641】，返回信息 {"status":"ok","msg":"-","gid":"303680","time_insert":"2021-07-17 13:50"}
2024-02-26 01:16:07 查询号码 【1725641】，GSD为【"-"】
2024-02-26 01:16:07 ok && -
2024-02-26 01:16:10 CHB 1725641?1708881367 第 1 次 等待 3 秒
2024-02-26 01:16:13 CHB 1725641?1708881367 第 1 次 获取到号码【1725641】GSD
2024-02-26 01:16:13 未获取到号码【1725641】GSD，可能号码格式错误
2024-02-26 01:16:13 获取到号码【1725641】的GSD为【-】
2024-02-26 01:16:20 GSD insert 第 1 次 等待 3 秒
2024-02-26 01:16:23 {"status":"bad","gid":"303680","msg":"添加失败！号码【1725641(-|-)】已存在！"}
2024-02-26 01:16:23 随机等待 94 秒，约 1 分钟
2024-02-26 01:16:23 下次操作: 2024-02-26 01:17:57

2024-02-26 01:17:57 开始第 5723 次操作

2024-02-26 01:17:57 开始操作号码 【1725642】
2024-02-26 01:18:01 GSD getOne 第 1 次 等待 3 秒
2024-02-26 01:18:04 查询号码 【1725642】，返回信息 {"status":"ok","msg":"-","gid":"303686","time_insert":"2021-07-17 13:51"}
2024-02-26 01:18:04 查询号码 【1725642】，GSD为【"-"】
2024-02-26 01:18:04 ok && -
2024-02-26 01:18:07 CHB 1725642?1708881484 第 1 次 等待 3 秒
2024-02-26 01:18:10 CHB 1725642?1708881484 第 1 次 获取到号码【1725642】GSD
2024-02-26 01:18:10 未获取到号码【1725642】GSD，可能号码格式错误
2024-02-26 01:18:10 获取到号码【1725642】的GSD为【-】
2024-02-26 01:18:14 GSD insert 第 1 次 等待 3 秒
2024-02-26 01:18:17 {"status":"bad","gid":"303686","msg":"添加失败！号码【1725642(-|-)】已存在！"}
2024-02-26 01:18:17 随机等待 157 秒，约 2 分钟
2024-02-26 01:18:17 下次操作: 2024-02-26 01:20:54

2024-02-26 01:20:54 开始第 5724 次操作

2024-02-26 01:20:54 开始操作号码 【1725643】
2024-02-26 01:20:58 GSD getOne 第 1 次 等待 3 秒
2024-02-26 01:21:01 查询号码 【1725643】，返回信息 {"status":"ok","msg":"-","gid":"303694","time_insert":"2021-07-17 13:52"}
2024-02-26 01:21:01 查询号码 【1725643】，GSD为【"-"】
2024-02-26 01:21:01 ok && -
2024-02-26 01:21:03 CHB 1725643?1708881661 第 1 次 等待 3 秒
2024-02-26 01:21:06 CHB 1725643?1708881661 第 1 次 获取到号码【1725643】GSD
2024-02-26 01:21:06 未获取到号码【1725643】GSD，可能号码格式错误
2024-02-26 01:21:06 获取到号码【1725643】的GSD为【-】
2024-02-26 01:21:12 GSD insert 第 1 次 等待 3 秒
2024-02-26 01:21:15 {"status":"bad","gid":"303694","msg":"添加失败！号码【1725643(-|-)】已存在！"}

2024-02-26 01:37:11 开始第 5725 次操作

2024-02-26 01:37:11 开始操作号码 【1725644】
2024-02-26 01:37:15 GSD getOne 第 1 次 等待 3 秒
2024-02-26 01:37:18 查询号码 【1725644】，返回信息 {"status":"ok","msg":"-","gid":"303705","time_insert":"2021-07-17 13:52"}
2024-02-26 01:37:18 查询号码 【1725644】，GSD为【"-"】
2024-02-26 01:37:18 ok && -
2024-02-26 01:37:20 CHB 1725644?1708882638 第 1 次 等待 3 秒
2024-02-26 01:37:23 CHB 1725644?1708882638 第 1 次 获取到号码【1725644】GSD
2024-02-26 01:37:23 未获取到号码【1725644】GSD，可能号码格式错误
2024-02-26 01:37:23 获取到号码【1725644】的GSD为【-】
2024-02-26 01:37:28 GSD insert 第 1 次 等待 3 秒
2024-02-26 01:37:31 {"status":"bad","gid":"303705","msg":"添加失败！号码【1725644(-|-)】已存在！"}
2024-02-26 01:37:31 随机等待 129 秒，约 2 分钟
2024-02-26 01:37:31 下次操作: 2024-02-26 01:39:40

2024-02-26 01:39:40 开始第 5726 次操作

2024-02-26 01:39:40 开始操作号码 【1725645】
2024-02-26 01:39:45 GSD getOne 第 1 次 等待 3 秒
2024-02-26 01:39:48 查询号码 【1725645】，返回信息 {"status":"ok","msg":"-","gid":"303717","time_insert":"2021-07-17 13:53"}
2024-02-26 01:39:48 查询号码 【1725645】，GSD为【"-"】
2024-02-26 01:39:48 ok && -
2024-02-26 01:39:50 CHB 1725645?1708882788 第 1 次 等待 3 秒
2024-02-26 01:39:53 CHB 1725645?1708882788 第 1 次 获取到号码【1725645】GSD
2024-02-26 01:39:53 未获取到号码【1725645】GSD，可能号码格式错误
2024-02-26 01:39:53 获取到号码【1725645】的GSD为【-】
2024-02-26 01:39:58 GSD insert 第 1 次 等待 3 秒
2024-02-26 01:40:01 {"status":"bad","gid":"303717","msg":"添加失败！号码【1725645(-|-)】已存在！"}
2024-02-26 01:40:01 随机等待 225 秒，约 3 分钟
2024-02-26 01:40:01 下次操作: 2024-02-26 01:43:46

2024-02-26 01:43:46 开始第 5727 次操作

2024-02-26 01:43:46 开始操作号码 【1725646】
2024-02-26 01:43:50 GSD getOne 第 1 次 等待 3 秒
2024-02-26 01:43:53 查询号码 【1725646】，返回信息 {"status":"ok","msg":"-","gid":"303721","time_insert":"2021-07-17 13:53"}
2024-02-26 01:43:53 查询号码 【1725646】，GSD为【"-"】
2024-02-26 01:43:53 ok && -
2024-02-26 01:43:55 CHB 1725646?1708883033 第 1 次 等待 3 秒
2024-02-26 01:43:58 CHB 1725646?1708883033 第 1 次 获取到号码【1725646】GSD
2024-02-26 01:43:58 未获取到号码【1725646】GSD，可能号码格式错误
2024-02-26 01:43:58 获取到号码【1725646】的GSD为【-】
2024-02-26 01:44:06 GSD insert 第 1 次 等待 3 秒
2024-02-26 01:44:09 {"status":"bad","gid":"303721","msg":"添加失败！号码【1725646(-|-)】已存在！"}
2024-02-26 01:44:09 随机等待 221 秒，约 3 分钟
2024-02-26 01:44:09 下次操作: 2024-02-26 01:47:50

2024-02-26 01:47:50 开始第 5728 次操作

2024-02-26 01:47:50 开始操作号码 【1725647】
2024-02-26 01:47:55 GSD getOne 第 1 次 等待 3 秒
2024-02-26 01:47:58 查询号码 【1725647】，返回信息 {"status":"ok","msg":"-","gid":"303731","time_insert":"2021-07-17 13:54"}
2024-02-26 01:47:58 查询号码 【1725647】，GSD为【"-"】
2024-02-26 01:47:58 ok && -
2024-02-26 01:48:00 CHB 1725647?1708883278 第 1 次 等待 3 秒
2024-02-26 01:48:03 CHB 1725647?1708883278 第 1 次 获取到号码【1725647】GSD
2024-02-26 01:48:03 未获取到号码【1725647】GSD，可能号码格式错误
2024-02-26 01:48:03 获取到号码【1725647】的GSD为【-】
2024-02-26 01:48:08 GSD insert 第 1 次 等待 3 秒
2024-02-26 01:48:11 {"status":"bad","gid":"303731","msg":"添加失败！号码【1725647(-|-)】已存在！"}

