2024-06-18 00:22:42 开始第 1249 次操作

2024-06-18 00:22:42 开始操作号码 【1501160】
2024-06-18 00:22:50 GSD getOne 第 1 次 等待 3 秒
2024-06-18 00:22:53 查询号码 【1501160】，返回信息 {"status":"ok","msg":"广东-佛山","gid":"87390","time_insert":"2021-06-09 05:19"}
2024-06-18 00:22:53 查询号码 【1501160】，GSD为【"广东-佛山"】

2024-06-18 00:22:54 开始第 1250 次操作

2024-06-18 00:22:54 开始操作号码 【1501161】
2024-06-18 00:23:01 GSD getOne 第 1 次 等待 3 秒
2024-06-18 00:23:04 查询号码 【1501161】，返回信息 {"status":"ok","msg":"广东-佛山","gid":"15158","time_insert":"2017-01-30 10:20","time_update":"2020-09-29 03:43"}
2024-06-18 00:23:04 查询号码 【1501161】，GSD为【"广东-佛山"】

2024-06-18 00:23:05 开始第 1251 次操作

2024-06-18 00:23:05 开始操作号码 【1501162】
2024-06-18 00:23:13 GSD getOne 第 1 次 等待 3 秒
2024-06-18 00:23:16 查询号码 【1501162】，返回信息 {"status":"ok","msg":"广东-佛山","gid":"87424","time_insert":"2021-06-09 05:51"}
2024-06-18 00:23:16 查询号码 【1501162】，GSD为【"广东-佛山"】

2024-06-18 00:23:17 开始第 1252 次操作

2024-06-18 00:23:17 开始操作号码 【1501163】
2024-06-18 00:23:23 GSD getOne 第 1 次 等待 3 秒
2024-06-18 00:23:26 查询号码 【1501163】，返回信息 {"status":"ok","msg":"广东-佛山","gid":"87453","time_insert":"2021-06-09 06:17"}
2024-06-18 00:23:26 查询号码 【1501163】，GSD为【"广东-佛山"】

2024-06-18 00:40:59 开始第 1253 次操作

2024-06-18 00:40:59 开始操作号码 【1501164】
2024-06-18 00:41:04 GSD getOne 第 1 次 等待 3 秒
2024-06-18 00:41:07 查询号码 【1501164】，返回信息 {"status":"ok","msg":"广东-佛山","gid":"15159","time_insert":"2016-02-27 20:47","time_update":"2020-09-29 03:46"}
2024-06-18 00:41:07 查询号码 【1501164】，GSD为【"广东-佛山"】

2024-06-18 00:41:08 开始第 1254 次操作

2024-06-18 00:41:08 开始操作号码 【1501165】
2024-06-18 00:41:20 GSD getOne 第 1 次 等待 3 秒
2024-06-18 00:41:23 查询号码 【1501165】，返回信息 {"status":"ok","msg":"广东-佛山","gid":"87477","time_insert":"2021-06-09 06:37"}
2024-06-18 00:41:23 查询号码 【1501165】，GSD为【"广东-佛山"】

2024-06-18 00:41:24 开始第 1255 次操作

2024-06-18 00:41:24 开始操作号码 【1501166】
2024-06-18 00:41:34 GSD getOne 第 1 次 等待 3 秒
2024-06-18 00:41:37 查询号码 【1501166】，返回信息 {"status":"ok","msg":"广东-佛山","gid":"87501","time_insert":"2021-06-09 06:55"}
2024-06-18 00:41:37 查询号码 【1501166】，GSD为【"广东-佛山"】

2024-06-18 00:41:38 开始第 1256 次操作

2024-06-18 00:41:38 开始操作号码 【1501167】
2024-06-18 00:41:52 GSD getOne 第 1 次 等待 3 秒
2024-06-18 00:41:55 查询号码 【1501167】，返回信息 {"status":"ok","msg":"广东-佛山","gid":"87527","time_insert":"2021-06-09 07:19"}
2024-06-18 00:41:55 查询号码 【1501167】，GSD为【"广东-佛山"】

