2024-09-04 00:26:45 开始第 2701 次操作

2024-09-04 00:26:45 开始操作号码 【1392700】
2024-09-04 00:26:53 GSD getOne 第 1 次 等待 3 秒
2024-09-04 00:26:56 查询号码 【1392700】，返回信息 {"status":"ok","msg":"广东-揭阳","gid":"106287","time_insert":"2021-06-19 15:58"}
2024-09-04 00:26:56 查询号码 【1392700】，GSD为【"广东-揭阳"】

2024-09-04 00:26:57 开始第 2702 次操作

2024-09-04 00:26:57 开始操作号码 【1392701】
2024-09-04 00:27:05 GSD getOne 第 1 次 等待 3 秒
2024-09-04 00:27:08 查询号码 【1392701】，返回信息 {"status":"ok","msg":"广东-揭阳","gid":"106301","time_insert":"2021-06-19 16:06"}
2024-09-04 00:27:08 查询号码 【1392701】，GSD为【"广东-揭阳"】

2024-09-04 00:27:09 开始第 2703 次操作

2024-09-04 00:27:09 开始操作号码 【1392702】
2024-09-04 00:27:17 GSD getOne 第 1 次 等待 3 秒
2024-09-04 00:27:20 查询号码 【1392702】，返回信息 {"status":"ok","msg":"广东-揭阳","gid":"106341","time_insert":"2021-06-19 16:36"}
2024-09-04 00:27:20 查询号码 【1392702】，GSD为【"广东-揭阳"】

2024-09-04 00:27:21 开始第 2704 次操作

2024-09-04 00:27:21 开始操作号码 【1392703】
2024-09-04 00:27:29 GSD getOne 第 1 次 等待 3 秒
2024-09-04 00:27:32 查询号码 【1392703】，返回信息 {"status":"ok","msg":"广东-揭阳","gid":"106367","time_insert":"2021-06-19 16:52"}
2024-09-04 00:27:32 查询号码 【1392703】，GSD为【"广东-揭阳"】

2024-09-04 00:45:17 开始第 2705 次操作

2024-09-04 00:45:17 开始操作号码 【1392704】
2024-09-04 00:45:28 GSD getOne 第 1 次 等待 3 秒
2024-09-04 00:45:31 查询号码 【1392704】，返回信息 {"status":"ok","msg":"广东-揭阳","gid":"106405","time_insert":"2021-06-19 17:18"}
2024-09-04 00:45:31 查询号码 【1392704】，GSD为【"广东-揭阳"】

2024-09-04 00:45:32 开始第 2706 次操作

2024-09-04 00:45:32 开始操作号码 【1392705】
2024-09-04 00:45:40 GSD getOne 第 1 次 等待 3 秒
2024-09-04 00:45:43 查询号码 【1392705】，返回信息 {"status":"ok","msg":"广东-揭阳","gid":"106433","time_insert":"2021-06-19 17:36"}
2024-09-04 00:45:43 查询号码 【1392705】，GSD为【"广东-揭阳"】

2024-09-04 00:45:44 开始第 2707 次操作

2024-09-04 00:45:44 开始操作号码 【1392706】
2024-09-04 00:45:51 GSD getOne 第 1 次 等待 3 秒
2024-09-04 00:45:54 查询号码 【1392706】，返回信息 {"status":"ok","msg":"广东-揭阳","gid":"106478","time_insert":"2021-06-19 18:05"}
2024-09-04 00:45:54 查询号码 【1392706】，GSD为【"广东-揭阳"】

2024-09-04 00:45:55 开始第 2708 次操作

2024-09-04 00:45:55 开始操作号码 【1392707】
2024-09-04 00:46:03 GSD getOne 第 1 次 等待 3 秒
2024-09-04 00:46:06 查询号码 【1392707】，返回信息 {"status":"ok","msg":"广东-揭阳","gid":"106511","time_insert":"2021-06-19 18:31"}
2024-09-04 00:46:06 查询号码 【1392707】，GSD为【"广东-揭阳"】

2024-09-04 01:18:42 开始第 2709 次操作

2024-09-04 01:18:42 开始操作号码 【1392708】
2024-09-04 01:18:50 GSD getOne 第 1 次 等待 3 秒
2024-09-04 01:18:53 查询号码 【1392708】，返回信息 {"status":"ok","msg":"广东-揭阳","gid":"106549","time_insert":"2021-06-19 18:57"}
2024-09-04 01:18:53 查询号码 【1392708】，GSD为【"广东-揭阳"】

2024-09-04 01:18:54 开始第 2710 次操作

2024-09-04 01:18:54 开始操作号码 【1392709】
2024-09-04 01:19:02 GSD getOne 第 1 次 等待 3 秒
2024-09-04 01:19:05 查询号码 【1392709】，返回信息 {"status":"ok","msg":"广东-揭阳","gid":"106578","time_insert":"2021-06-19 19:18"}
2024-09-04 01:19:05 查询号码 【1392709】，GSD为【"广东-揭阳"】

2024-09-04 01:19:06 开始第 2711 次操作

2024-09-04 01:19:06 开始操作号码 【1392710】
2024-09-04 01:19:22 GSD getOne 第 1 次 等待 3 秒
2024-09-04 01:19:25 查询号码 【1392710】，返回信息 {"status":"ok","msg":"广东-云浮","gid":"50423","time_insert":"2021-04-21 16:34"}
2024-09-04 01:19:25 查询号码 【1392710】，GSD为【"广东-云浮"】

2024-09-04 01:19:26 开始第 2712 次操作

2024-09-04 01:19:26 开始操作号码 【1392711】
2024-09-04 01:19:28 GSD getOne 第 1 次 等待 3 秒
2024-09-04 01:19:31 查询号码 【1392711】，返回信息 {"status":"ok","msg":"广东-云浮","gid":"106608","time_insert":"2021-06-19 19:38"}
2024-09-04 01:19:31 查询号码 【1392711】，GSD为【"广东-云浮"】

2024-09-04 01:38:54 开始第 2713 次操作

2024-09-04 01:38:54 开始操作号码 【1392712】
2024-09-04 01:39:02 GSD getOne 第 1 次 等待 3 秒
2024-09-04 01:39:05 查询号码 【1392712】，返回信息 {"status":"ok","msg":"广东-云浮","gid":"106644","time_insert":"2021-06-19 20:01"}
2024-09-04 01:39:05 查询号码 【1392712】，GSD为【"广东-云浮"】

2024-09-04 01:39:06 开始第 2714 次操作

2024-09-04 01:39:06 开始操作号码 【1392713】
2024-09-04 01:39:14 GSD getOne 第 1 次 等待 3 秒
2024-09-04 01:39:17 查询号码 【1392713】，返回信息 {"status":"ok","msg":"广东-云浮","gid":"106673","time_insert":"2021-06-19 20:24"}
2024-09-04 01:39:17 查询号码 【1392713】，GSD为【"广东-云浮"】

2024-09-04 01:39:18 开始第 2715 次操作

2024-09-04 01:39:18 开始操作号码 【1392714】
2024-09-04 01:39:26 GSD getOne 第 1 次 等待 3 秒
2024-09-04 01:39:29 查询号码 【1392714】，返回信息 {"status":"ok","msg":"广东-云浮","gid":"106702","time_insert":"2021-06-19 20:46"}
2024-09-04 01:39:29 查询号码 【1392714】，GSD为【"广东-云浮"】

2024-09-04 01:39:30 开始第 2716 次操作

2024-09-04 01:39:30 开始操作号码 【1392715】
2024-09-04 01:39:39 GSD getOne 第 1 次 等待 3 秒
2024-09-04 01:39:42 查询号码 【1392715】，返回信息 {"status":"ok","msg":"广东-云浮","gid":"106729","time_insert":"2021-06-19 21:03"}
2024-09-04 01:39:42 查询号码 【1392715】，GSD为【"广东-云浮"】

