2024-03-13 00:20:37 开始第 8549 次操作

2024-03-13 00:20:37 开始操作号码 【1728468】
2024-03-13 00:20:42 GSD getOne 第 1 次 等待 3 秒
2024-03-13 00:20:45 查询号码 【1728468】，返回信息 {"status":"ok","msg":"陕西-渭南","gid":"338476","time_insert":"2021-07-20 16:47","time_update":"2023-05-29 10:03"}
2024-03-13 00:20:45 查询号码 【1728468】，GSD为【"陕西-渭南"】

2024-03-13 00:20:46 开始第 8550 次操作

2024-03-13 00:20:46 开始操作号码 【1728469】
2024-03-13 00:20:51 GSD getOne 第 1 次 等待 3 秒
2024-03-13 00:20:54 查询号码 【1728469】，返回信息 {"status":"ok","msg":"-","gid":"338484","time_insert":"2021-07-20 16:48"}
2024-03-13 00:20:54 查询号码 【1728469】，GSD为【"-"】
2024-03-13 00:20:54 ok && -
2024-03-13 00:20:56 CHB 1728469?1710260454 第 1 次 等待 3 秒
2024-03-13 00:20:59 CHB 1728469?1710260454 第 1 次 获取到号码【1728469】GSD
2024-03-13 00:20:59 未获取到号码【1728469】GSD，可能号码格式错误
2024-03-13 00:20:59 获取到号码【1728469】的GSD为【-】
2024-03-13 00:21:04 GSD insert 第 1 次 等待 3 秒
2024-03-13 00:21:07 {"status":"bad","gid":"338484","msg":"添加失败！号码【1728469(-|-)】已存在！"}
2024-03-13 00:21:07 随机等待 72 秒，约 1 分钟
2024-03-13 00:21:07 下次操作: 2024-03-13 00:22:19

2024-03-13 00:22:19 开始第 8551 次操作

2024-03-13 00:22:19 开始操作号码 【1728470】
2024-03-13 00:22:23 GSD getOne 第 1 次 等待 3 秒
2024-03-13 00:22:26 查询号码 【1728470】，返回信息 {"status":"ok","msg":"-","gid":"338497","time_insert":"2021-07-20 16:49"}
2024-03-13 00:22:26 查询号码 【1728470】，GSD为【"-"】
2024-03-13 00:22:26 ok && -
2024-03-13 00:22:29 CHB 1728470?1710260546 第 1 次 等待 3 秒
2024-03-13 00:22:32 CHB 1728470?1710260546 第 1 次 获取到号码【1728470】GSD
2024-03-13 00:22:32 未获取到号码【1728470】GSD，可能号码格式错误
2024-03-13 00:22:32 获取到号码【1728470】的GSD为【-】
2024-03-13 00:22:36 GSD insert 第 1 次 等待 3 秒
2024-03-13 00:22:39 {"status":"bad","gid":"338497","msg":"添加失败！号码【1728470(-|-)】已存在！"}
2024-03-13 00:22:39 随机等待 197 秒，约 3 分钟
2024-03-13 00:22:39 下次操作: 2024-03-13 00:25:56

2024-03-13 00:25:56 开始第 8552 次操作

2024-03-13 00:25:56 开始操作号码 【1728471】
2024-03-13 00:25:58 GSD getOne 第 1 次 等待 3 秒
2024-03-13 00:26:05 GSD getOne 第 2 次 等待 3 秒
2024-03-13 00:26:08 查询号码 【1728471】，返回信息 {"status":"ok","msg":"-","gid":"338508","time_insert":"2021-07-20 16:50"}
2024-03-13 00:26:08 查询号码 【1728471】，GSD为【"-"】
2024-03-13 00:26:08 ok && -
2024-03-13 00:26:10 CHB 1728471?1710260768 第 1 次 等待 3 秒
2024-03-13 00:26:13 CHB 1728471?1710260768 第 1 次 获取到号码【1728471】GSD
2024-03-13 00:26:13 未获取到号码【1728471】GSD，可能号码格式错误
2024-03-13 00:26:13 获取到号码【1728471】的GSD为【-】
2024-03-13 00:26:17 GSD insert 第 1 次 等待 3 秒
2024-03-13 00:26:20 {"status":"bad","gid":"338508","msg":"添加失败！号码【1728471(-|-)】已存在！"}

