2024-11-08 00:08:15 开始第 3785 次操作

2024-11-08 00:08:15 开始操作号码 【1313784】
2024-11-08 00:08:17 GSD getOne 第 1 次 等待 3 秒
2024-11-08 00:08:20 查询号码 【1313784】，返回信息 {"status":"ok","msg":"河南-开封","gid":"141053","time_insert":"2021-06-27 18:47"}
2024-11-08 00:08:20 查询号码 【1313784】，GSD为【"河南-开封"】

2024-11-08 00:08:21 开始第 3786 次操作

2024-11-08 00:08:21 开始操作号码 【1313785】
2024-11-08 00:08:22 GSD getOne 第 1 次 等待 3 秒
2024-11-08 00:08:25 查询号码 【1313785】，返回信息 {"status":"ok","msg":"河南-驻马店","gid":"141256","time_insert":"2021-06-27 19:05"}
2024-11-08 00:08:25 查询号码 【1313785】，GSD为【"河南-驻马店"】

2024-11-08 00:08:26 开始第 3787 次操作

2024-11-08 00:08:26 开始操作号码 【1313786】
2024-11-08 00:08:28 GSD getOne 第 1 次 等待 3 秒
2024-11-08 00:08:31 查询号码 【1313786】，返回信息 {"status":"ok","msg":"河南-驻马店","gid":"141298","time_insert":"2021-06-27 19:24"}
2024-11-08 00:08:31 查询号码 【1313786】，GSD为【"河南-驻马店"】

2024-11-08 00:08:32 开始第 3788 次操作

2024-11-08 00:08:32 开始操作号码 【1313787】
2024-11-08 00:08:34 GSD getOne 第 1 次 等待 3 秒
2024-11-08 00:08:37 查询号码 【1313787】，返回信息 {"status":"ok","msg":"河南-驻马店","gid":"141423","time_insert":"2021-06-27 19:42"}
2024-11-08 00:08:37 查询号码 【1313787】，GSD为【"河南-驻马店"】

