2024-02-16 00:19:49 开始第 3917 次操作

2024-02-16 00:19:49 开始操作号码 【1723836】
2024-02-16 00:19:54 GSD getOne 第 1 次 等待 3 秒
2024-02-16 00:19:57 查询号码 【1723836】，返回信息 {"status":"ok","msg":"-","gid":"282177","time_insert":"2021-07-15 10:43"}
2024-02-16 00:19:57 查询号码 【1723836】，GSD为【"-"】
2024-02-16 00:19:57 ok && -
2024-02-16 00:20:00 CHB 1723836?1708013997 第 1 次 等待 3 秒
2024-02-16 00:20:03 CHB 1723836?1708013997 第 1 次 获取到号码【1723836】GSD
2024-02-16 00:20:03 未获取到号码【1723836】GSD，可能号码格式错误
2024-02-16 00:20:03 获取到号码【1723836】的GSD为【-】
2024-02-16 00:20:08 GSD insert 第 1 次 等待 3 秒
2024-02-16 00:20:11 {"status":"bad","gid":"282177","msg":"添加失败！号码【1723836(-|-)】已存在！"}
2024-02-16 00:20:11 随机等待 216 秒，约 3 分钟
2024-02-16 00:20:11 下次操作: 2024-02-16 00:23:47

2024-02-16 00:23:47 开始第 3918 次操作

2024-02-16 00:23:47 开始操作号码 【1723837】
2024-02-16 00:23:52 GSD getOne 第 1 次 等待 3 秒
2024-02-16 00:23:55 查询号码 【1723837】，返回信息 {"status":"ok","msg":"-","gid":"282179","time_insert":"2021-07-15 10:44"}
2024-02-16 00:23:55 查询号码 【1723837】，GSD为【"-"】
2024-02-16 00:23:55 ok && -
2024-02-16 00:23:57 CHB 1723837?1708014235 第 1 次 等待 3 秒
2024-02-16 00:24:00 CHB 1723837?1708014235 第 1 次 获取到号码【1723837】GSD
2024-02-16 00:24:00 未获取到号码【1723837】GSD，可能号码格式错误
2024-02-16 00:24:00 获取到号码【1723837】的GSD为【-】
2024-02-16 00:24:05 GSD insert 第 1 次 等待 3 秒
2024-02-16 00:24:08 {"status":"bad","gid":"282179","msg":"添加失败！号码【1723837(-|-)】已存在！"}
2024-02-16 00:24:08 随机等待 157 秒，约 2 分钟
2024-02-16 00:24:08 下次操作: 2024-02-16 00:26:45

2024-02-16 00:26:45 开始第 3919 次操作

2024-02-16 00:26:45 开始操作号码 【1723838】
2024-02-16 00:26:50 GSD getOne 第 1 次 等待 3 秒
2024-02-16 00:26:53 查询号码 【1723838】，返回信息 {"status":"ok","msg":"-","gid":"282186","time_insert":"2021-07-15 10:44"}
2024-02-16 00:26:53 查询号码 【1723838】，GSD为【"-"】
2024-02-16 00:26:53 ok && -
2024-02-16 00:26:55 CHB 1723838?1708014413 第 1 次 等待 3 秒
2024-02-16 00:26:58 CHB 1723838?1708014413 第 1 次 获取到号码【1723838】GSD
2024-02-16 00:26:58 未获取到号码【1723838】GSD，可能号码格式错误
2024-02-16 00:26:58 获取到号码【1723838】的GSD为【-】
2024-02-16 00:27:02 GSD insert 第 1 次 等待 3 秒
2024-02-16 00:27:05 {"status":"bad","gid":"282186","msg":"添加失败！号码【1723838(-|-)】已存在！"}
2024-02-16 00:27:05 随机等待 110 秒，约 1 分钟
2024-02-16 00:27:05 下次操作: 2024-02-16 00:28:55

2024-02-16 00:28:55 开始第 3920 次操作

2024-02-16 00:28:55 开始操作号码 【1723839】
2024-02-16 00:29:01 GSD getOne 第 1 次 等待 3 秒
2024-02-16 00:29:04 查询号码 【1723839】，返回信息 {"status":"ok","msg":"-","gid":"282189","time_insert":"2021-07-15 10:44"}
2024-02-16 00:29:04 查询号码 【1723839】，GSD为【"-"】
2024-02-16 00:29:04 ok && -
2024-02-16 00:29:06 CHB 1723839?1708014544 第 1 次 等待 3 秒
2024-02-16 00:29:09 CHB 1723839?1708014544 第 1 次 获取到号码【1723839】GSD
2024-02-16 00:29:09 未获取到号码【1723839】GSD，可能号码格式错误
2024-02-16 00:29:09 获取到号码【1723839】的GSD为【-】
2024-02-16 00:29:13 GSD insert 第 1 次 等待 3 秒
2024-02-16 00:29:16 {"status":"bad","gid":"282189","msg":"添加失败！号码【1723839(-|-)】已存在！"}

