2024-02-23 00:20:18 开始第 5173 次操作

2024-02-23 00:20:18 开始操作号码 【1725092】
2024-02-23 00:20:24 GSD getOne 第 1 次 等待 3 秒
2024-02-23 00:20:27 查询号码 【1725092】，返回信息 {"status":"ok","msg":"-","gid":"297808","time_insert":"2021-07-16 23:15"}
2024-02-23 00:20:27 查询号码 【1725092】，GSD为【"-"】
2024-02-23 00:20:27 ok && -
2024-02-23 00:20:29 CHB 1725092?1708618827 第 1 次 等待 3 秒
2024-02-23 00:20:32 CHB 1725092?1708618827 第 1 次 获取到号码【1725092】GSD
2024-02-23 00:20:32 未获取到号码【1725092】GSD，可能号码格式错误
2024-02-23 00:20:32 获取到号码【1725092】的GSD为【-】
2024-02-23 00:20:36 GSD insert 第 1 次 等待 3 秒
2024-02-23 00:20:39 {"status":"bad","gid":"297808","msg":"添加失败！号码【1725092(-|-)】已存在！"}
2024-02-23 00:20:39 随机等待 74 秒，约 1 分钟
2024-02-23 00:20:39 下次操作: 2024-02-23 00:21:53

2024-02-23 00:21:53 开始第 5174 次操作

2024-02-23 00:21:53 开始操作号码 【1725093】
2024-02-23 00:21:58 GSD getOne 第 1 次 等待 3 秒
2024-02-23 00:22:01 查询号码 【1725093】，返回信息 {"status":"ok","msg":"-","gid":"297822","time_insert":"2021-07-16 23:16"}
2024-02-23 00:22:01 查询号码 【1725093】，GSD为【"-"】
2024-02-23 00:22:01 ok && -
2024-02-23 00:22:03 CHB 1725093?1708618921 第 1 次 等待 3 秒
2024-02-23 00:22:06 CHB 1725093?1708618921 第 1 次 获取到号码【1725093】GSD
2024-02-23 00:22:06 未获取到号码【1725093】GSD，可能号码格式错误
2024-02-23 00:22:06 获取到号码【1725093】的GSD为【-】
2024-02-23 00:22:11 GSD insert 第 1 次 等待 3 秒
2024-02-23 00:22:14 {"status":"bad","gid":"297822","msg":"添加失败！号码【1725093(-|-)】已存在！"}
2024-02-23 00:22:14 随机等待 153 秒，约 2 分钟
2024-02-23 00:22:14 下次操作: 2024-02-23 00:24:47

2024-02-23 00:24:47 开始第 5175 次操作

2024-02-23 00:24:47 开始操作号码 【1725094】
2024-02-23 00:24:52 GSD getOne 第 1 次 等待 3 秒
2024-02-23 00:24:55 查询号码 【1725094】，返回信息 {"status":"ok","msg":"-","gid":"297824","time_insert":"2021-07-16 23:17"}
2024-02-23 00:24:55 查询号码 【1725094】，GSD为【"-"】
2024-02-23 00:24:55 ok && -
2024-02-23 00:24:57 CHB 1725094?1708619095 第 1 次 等待 3 秒
2024-02-23 00:25:00 CHB 1725094?1708619095 第 1 次 获取到号码【1725094】GSD
2024-02-23 00:25:00 未获取到号码【1725094】GSD，可能号码格式错误
2024-02-23 00:25:00 获取到号码【1725094】的GSD为【-】
2024-02-23 00:25:06 GSD insert 第 1 次 等待 3 秒
2024-02-23 00:25:09 {"status":"bad","gid":"297824","msg":"添加失败！号码【1725094(-|-)】已存在！"}
2024-02-23 00:25:09 随机等待 202 秒，约 3 分钟
2024-02-23 00:25:09 下次操作: 2024-02-23 00:28:31

2024-02-23 00:28:31 开始第 5176 次操作

2024-02-23 00:28:31 开始操作号码 【1725095】
2024-02-23 00:28:35 GSD getOne 第 1 次 等待 3 秒
2024-02-23 00:28:38 查询号码 【1725095】，返回信息 {"status":"ok","msg":"-","gid":"297830","time_insert":"2021-07-16 23:18"}
2024-02-23 00:28:38 查询号码 【1725095】，GSD为【"-"】
2024-02-23 00:28:38 ok && -
2024-02-23 00:28:41 CHB 1725095?1708619318 第 1 次 等待 3 秒
2024-02-23 00:28:44 CHB 1725095?1708619318 第 1 次 获取到号码【1725095】GSD
2024-02-23 00:28:44 未获取到号码【1725095】GSD，可能号码格式错误
2024-02-23 00:28:44 获取到号码【1725095】的GSD为【-】
2024-02-23 00:28:49 GSD insert 第 1 次 等待 3 秒
2024-02-23 00:28:52 {"status":"bad","gid":"297830","msg":"添加失败！号码【1725095(-|-)】已存在！"}

