2024-03-06 00:19:00 开始第 7281 次操作

2024-03-06 00:19:00 开始操作号码 【1727200】
2024-03-06 00:19:04 GSD getOne 第 1 次 等待 3 秒
2024-03-06 00:19:07 查询号码 【1727200】，返回信息 {"status":"ok","msg":"广东-广州","gid":"323300","time_insert":"2021-07-19 06:02"}
2024-03-06 00:19:07 查询号码 【1727200】，GSD为【"广东-广州"】

2024-03-06 00:19:08 开始第 7282 次操作

2024-03-06 00:19:08 开始操作号码 【1727201】
2024-03-06 00:19:13 GSD getOne 第 1 次 等待 3 秒
2024-03-06 00:19:16 查询号码 【1727201】，返回信息 {"status":"ok","msg":"广东-广州","gid":"323309","time_insert":"2021-07-19 06:03"}
2024-03-06 00:19:16 查询号码 【1727201】，GSD为【"广东-广州"】

2024-03-06 00:19:17 开始第 7283 次操作

2024-03-06 00:19:17 开始操作号码 【1727202】
2024-03-06 00:19:24 GSD getOne 第 1 次 等待 3 秒
2024-03-06 00:19:27 查询号码 【1727202】，返回信息 {"status":"ok","msg":"广东-广州","gid":"323319","time_insert":"2021-07-19 06:04"}
2024-03-06 00:19:27 查询号码 【1727202】，GSD为【"广东-广州"】

2024-03-06 00:19:28 开始第 7284 次操作

2024-03-06 00:19:28 开始操作号码 【1727203】
2024-03-06 00:19:35 GSD getOne 第 1 次 等待 3 秒
2024-03-06 00:19:38 查询号码 【1727203】，返回信息 {"status":"ok","msg":"广东-广州","gid":"323333","time_insert":"2021-07-19 06:05"}
2024-03-06 00:19:38 查询号码 【1727203】，GSD为【"广东-广州"】

2024-03-06 00:37:36 开始第 7285 次操作

2024-03-06 00:37:36 开始操作号码 【1727204】
2024-03-06 00:37:41 GSD getOne 第 1 次 等待 3 秒
2024-03-06 00:37:44 查询号码 【1727204】，返回信息 {"status":"ok","msg":"广东-广州","gid":"323339","time_insert":"2021-07-19 06:06"}
2024-03-06 00:37:44 查询号码 【1727204】，GSD为【"广东-广州"】

2024-03-06 00:37:45 开始第 7286 次操作

2024-03-06 00:37:45 开始操作号码 【1727205】
2024-03-06 00:37:51 GSD getOne 第 1 次 等待 3 秒
2024-03-06 00:37:54 查询号码 【1727205】，返回信息 {"status":"ok","msg":"广东-广州","gid":"323346","time_insert":"2021-07-19 06:06"}
2024-03-06 00:37:54 查询号码 【1727205】，GSD为【"广东-广州"】

2024-03-06 00:37:55 开始第 7287 次操作

2024-03-06 00:37:55 开始操作号码 【1727206】
2024-03-06 00:38:00 GSD getOne 第 1 次 等待 3 秒
2024-03-06 00:38:03 查询号码 【1727206】，返回信息 {"status":"ok","msg":"广东-广州","gid":"323352","time_insert":"2021-07-19 06:07"}
2024-03-06 00:38:03 查询号码 【1727206】，GSD为【"广东-广州"】

2024-03-06 00:38:04 开始第 7288 次操作

2024-03-06 00:38:04 开始操作号码 【1727207】
2024-03-06 00:38:08 GSD getOne 第 1 次 等待 3 秒
2024-03-06 00:38:11 查询号码 【1727207】，返回信息 {"status":"ok","msg":"广东-广州","gid":"323360","time_insert":"2021-07-19 06:08"}
2024-03-06 00:38:11 查询号码 【1727207】，GSD为【"广东-广州"】

