2023-11-07 00:22:01 开始第 7161 次操作

2023-11-07 00:22:01 开始操作号码 【1937079】
2023-11-07 00:22:10 GSD getOne 第 1 次 等待 3 秒
2023-11-07 00:22:13 查询号码 【1937079】，返回信息 {"status":"ok","msg":"上海-上海","gid":"469672","time_insert":"2021-08-01 17:06"}
2023-11-07 00:22:13 查询号码 【1937079】，GSD为【"上海-上海"】

2023-11-07 00:22:14 开始第 7162 次操作

2023-11-07 00:22:14 开始操作号码 【1937080】
2023-11-07 00:22:20 GSD getOne 第 1 次 等待 3 秒
2023-11-07 00:22:23 查询号码 【1937080】，返回信息 {"status":"ok","msg":"上海-上海","gid":"469658","time_insert":"2021-08-01 17:05"}
2023-11-07 00:22:23 查询号码 【1937080】，GSD为【"上海-上海"】

2023-11-07 00:22:24 开始第 7163 次操作

2023-11-07 00:22:24 开始操作号码 【1937081】
2023-11-07 00:22:28 GSD getOne 第 1 次 等待 3 秒
2023-11-07 00:22:31 查询号码 【1937081】，返回信息 {"status":"ok","msg":"上海-上海","gid":"469645","time_insert":"2021-08-01 17:04"}
2023-11-07 00:22:31 查询号码 【1937081】，GSD为【"上海-上海"】

2023-11-07 00:22:32 开始第 7164 次操作

2023-11-07 00:22:32 开始操作号码 【1937082】
2023-11-07 00:22:35 GSD getOne 第 1 次 等待 3 秒
2023-11-07 00:22:38 查询号码 【1937082】，返回信息 {"status":"ok","msg":"上海-上海","gid":"469635","time_insert":"2021-08-01 17:03"}
2023-11-07 00:22:38 查询号码 【1937082】，GSD为【"上海-上海"】

