2024-07-14 00:20:13 开始第 5825 次操作

2024-07-14 00:20:13 开始操作号码 【1505734】
2024-07-14 00:20:21 GSD getOne 第 1 次 等待 3 秒
2024-07-14 00:20:24 查询号码 【1505734】，返回信息 {"status":"ok","msg":"浙江-温州","gid":"15704","time_insert":"2018-06-11 19:03","time_update":"2020-08-30 02:22"}
2024-07-14 00:20:24 查询号码 【1505734】，GSD为【"浙江-温州"】

2024-07-14 00:20:25 开始第 5826 次操作

2024-07-14 00:20:25 开始操作号码 【1505735】
2024-07-14 00:20:37 GSD getOne 第 1 次 等待 3 秒
2024-07-14 00:20:40 查询号码 【1505735】，返回信息 {"status":"ok","msg":"浙江-温州","gid":"370527","time_insert":"2021-07-23 22:23"}
2024-07-14 00:20:40 查询号码 【1505735】，GSD为【"浙江-温州"】

2024-07-14 00:20:41 开始第 5827 次操作

2024-07-14 00:20:41 开始操作号码 【1505736】
2024-07-14 00:20:49 GSD getOne 第 1 次 等待 3 秒
2024-07-14 00:20:52 查询号码 【1505736】，返回信息 {"status":"ok","msg":"浙江-温州","gid":"370580","time_insert":"2021-07-23 22:35"}
2024-07-14 00:20:52 查询号码 【1505736】，GSD为【"浙江-温州"】

2024-07-14 00:20:53 开始第 5828 次操作

2024-07-14 00:20:53 开始操作号码 【1505737】
2024-07-14 00:21:02 GSD getOne 第 1 次 等待 3 秒
2024-07-14 00:21:05 查询号码 【1505737】，返回信息 {"status":"ok","msg":"浙江-温州","gid":"370686","time_insert":"2021-07-23 22:46"}
2024-07-14 00:21:05 查询号码 【1505737】，GSD为【"浙江-温州"】

