2024-06-23 00:22:13 开始第 2129 次操作

2024-06-23 00:22:13 开始操作号码 【1502040】
2024-06-23 00:22:30 GSD getOne 第 1 次 等待 3 秒
2024-06-23 00:22:33 查询号码 【1502040】，返回信息 {"status":"ok","msg":"山东-菏泽","gid":"108608","time_insert":"2021-06-20 16:02"}
2024-06-23 00:22:33 查询号码 【1502040】，GSD为【"山东-菏泽"】

2024-06-23 00:22:34 开始第 2130 次操作

2024-06-23 00:22:34 开始操作号码 【1502041】
2024-06-23 00:22:51 GSD getOne 第 1 次 等待 3 秒
2024-06-23 00:22:54 查询号码 【1502041】，返回信息 {"status":"ok","msg":"山东-菏泽","gid":"108638","time_insert":"2021-06-20 16:22"}
2024-06-23 00:22:54 查询号码 【1502041】，GSD为【"山东-菏泽"】

2024-06-23 00:22:55 开始第 2131 次操作

2024-06-23 00:22:55 开始操作号码 【1502042】
2024-06-23 00:23:12 GSD getOne 第 1 次 等待 3 秒
2024-06-23 00:23:15 查询号码 【1502042】，返回信息 {"status":"ok","msg":"山东-菏泽","gid":"108668","time_insert":"2021-06-20 16:37"}
2024-06-23 00:23:15 查询号码 【1502042】，GSD为【"山东-菏泽"】

2024-06-23 00:23:16 开始第 2132 次操作

2024-06-23 00:23:16 开始操作号码 【1502043】
2024-06-23 00:23:36 GSD getOne 第 1 次 等待 3 秒
2024-06-23 00:23:39 查询号码 【1502043】，返回信息 {"status":"ok","msg":"山东-菏泽","gid":"108697","time_insert":"2021-06-20 16:54"}
2024-06-23 00:23:39 查询号码 【1502043】，GSD为【"山东-菏泽"】

2024-06-23 00:39:47 开始第 2133 次操作

2024-06-23 00:39:47 开始操作号码 【1502044】
2024-06-23 00:40:03 GSD getOne 第 1 次 等待 3 秒
2024-06-23 00:40:06 查询号码 【1502044】，返回信息 {"status":"ok","msg":"山东-菏泽","gid":"108734","time_insert":"2021-06-20 17:14"}
2024-06-23 00:40:07 查询号码 【1502044】，GSD为【"山东-菏泽"】

2024-06-23 00:40:08 开始第 2134 次操作

2024-06-23 00:40:08 开始操作号码 【1502045】
2024-06-23 00:40:24 GSD getOne 第 1 次 等待 3 秒
2024-06-23 00:40:27 查询号码 【1502045】，返回信息 {"status":"ok","msg":"山东-菏泽","gid":"108767","time_insert":"2021-06-20 17:37"}
2024-06-23 00:40:27 查询号码 【1502045】，GSD为【"山东-菏泽"】

2024-06-23 00:40:28 开始第 2135 次操作

2024-06-23 00:40:28 开始操作号码 【1502046】
2024-06-23 00:40:44 GSD getOne 第 1 次 等待 3 秒
2024-06-23 00:40:47 查询号码 【1502046】，返回信息 {"status":"ok","msg":"山东-菏泽","gid":"108817","time_insert":"2021-06-20 18:05"}
2024-06-23 00:40:47 查询号码 【1502046】，GSD为【"山东-菏泽"】

2024-06-23 00:40:48 开始第 2136 次操作

2024-06-23 00:40:48 开始操作号码 【1502047】
2024-06-23 00:41:19 GSD getOne 第 1 次 等待 3 秒
2024-06-23 00:41:22 查询号码 【1502047】，返回信息 {"status":"ok","msg":"山东-菏泽","gid":"108849","time_insert":"2021-06-20 18:23"}
2024-06-23 00:41:22 查询号码 【1502047】，GSD为【"山东-菏泽"】

