2024-01-20 00:21:50 开始第 9597 次操作

2024-01-20 00:21:50 开始操作号码 【1839516】
2024-01-20 00:21:54 GSD getOne 第 1 次 等待 3 秒
2024-01-20 00:21:58 查询号码 【1839516】，返回信息 {"status":"ok","msg":"宁夏-中卫","gid":"362907","time_insert":"2021-07-23 05:51"}
2024-01-20 00:21:58 查询号码 【1839516】，GSD为【"宁夏-中卫"】

2024-01-20 00:21:59 开始第 9598 次操作

2024-01-20 00:21:59 开始操作号码 【1839517】
2024-01-20 00:22:02 GSD getOne 第 1 次 等待 3 秒
2024-01-20 00:22:05 查询号码 【1839517】，返回信息 {"status":"ok","msg":"宁夏-银川","gid":"362919","time_insert":"2021-07-23 05:51"}
2024-01-20 00:22:05 查询号码 【1839517】，GSD为【"宁夏-银川"】

2024-01-20 00:22:06 开始第 9599 次操作

2024-01-20 00:22:06 开始操作号码 【1839518】
2024-01-20 00:22:10 GSD getOne 第 1 次 等待 3 秒
2024-01-20 00:22:13 查询号码 【1839518】，返回信息 {"status":"ok","msg":"宁夏-银川","gid":"362928","time_insert":"2021-07-23 05:52"}
2024-01-20 00:22:13 查询号码 【1839518】，GSD为【"宁夏-银川"】

2024-01-20 00:22:14 开始第 9600 次操作

2024-01-20 00:22:14 开始操作号码 【1839519】
2024-01-20 00:22:21 GSD getOne 第 1 次 等待 3 秒
2024-01-20 00:22:24 查询号码 【1839519】，返回信息 {"status":"ok","msg":"宁夏-银川","gid":"362938","time_insert":"2021-07-23 05:53"}
2024-01-20 00:22:24 查询号码 【1839519】，GSD为【"宁夏-银川"】

