2024-02-24 00:19:15 开始第 5353 次操作

2024-02-24 00:19:15 开始操作号码 【1725272】
2024-02-24 00:19:21 GSD getOne 第 1 次 等待 3 秒
2024-02-24 00:19:24 查询号码 【1725272】，返回信息 {"status":"ok","msg":"福建-福州","gid":"299621","time_insert":"2021-07-17 03:49"}
2024-02-24 00:19:24 查询号码 【1725272】，GSD为【"福建-福州"】

2024-02-24 00:19:25 开始第 5354 次操作

2024-02-24 00:19:25 开始操作号码 【1725273】
2024-02-24 00:19:30 GSD getOne 第 1 次 等待 3 秒
2024-02-24 00:19:33 查询号码 【1725273】，返回信息 {"status":"ok","msg":"福建-福州","gid":"299630","time_insert":"2021-07-17 03:49"}
2024-02-24 00:19:34 查询号码 【1725273】，GSD为【"福建-福州"】

2024-02-24 00:19:35 开始第 5355 次操作

2024-02-24 00:19:35 开始操作号码 【1725274】
2024-02-24 00:19:46 GSD getOne 第 1 次 等待 3 秒
2024-02-24 00:19:49 查询号码 【1725274】，返回信息 {"status":"ok","msg":"福建-福州","gid":"299640","time_insert":"2021-07-17 03:50","time_update":"2021-08-31 08:32"}
2024-02-24 00:19:49 查询号码 【1725274】，GSD为【"福建-福州"】

2024-02-24 00:19:50 开始第 5356 次操作

2024-02-24 00:19:50 开始操作号码 【1725275】
2024-02-24 00:19:55 GSD getOne 第 1 次 等待 3 秒
2024-02-24 00:19:58 查询号码 【1725275】，返回信息 {"status":"ok","msg":"福建-福州","gid":"299647","time_insert":"2021-07-17 03:51"}
2024-02-24 00:19:58 查询号码 【1725275】，GSD为【"福建-福州"】

2024-02-24 00:37:20 开始第 5357 次操作

2024-02-24 00:37:20 开始操作号码 【1725276】
2024-02-24 00:37:25 GSD getOne 第 1 次 等待 3 秒
2024-02-24 00:37:28 查询号码 【1725276】，返回信息 {"status":"ok","msg":"福建-福州","gid":"299656","time_insert":"2021-07-17 03:52"}
2024-02-24 00:37:28 查询号码 【1725276】，GSD为【"福建-福州"】

2024-02-24 00:37:29 开始第 5358 次操作

2024-02-24 00:37:29 开始操作号码 【1725277】
2024-02-24 00:37:34 GSD getOne 第 1 次 等待 3 秒
2024-02-24 00:37:37 查询号码 【1725277】，返回信息 {"status":"ok","msg":"福建-福州","gid":"299665","time_insert":"2021-07-17 03:53"}
2024-02-24 00:37:37 查询号码 【1725277】，GSD为【"福建-福州"】

2024-02-24 00:37:38 开始第 5359 次操作

2024-02-24 00:37:38 开始操作号码 【1725278】
2024-02-24 00:37:46 GSD getOne 第 1 次 等待 3 秒
2024-02-24 00:37:49 查询号码 【1725278】，返回信息 {"status":"ok","msg":"福建-福州","gid":"299675","time_insert":"2021-07-17 03:54"}
2024-02-24 00:37:49 查询号码 【1725278】，GSD为【"福建-福州"】

2024-02-24 00:37:50 开始第 5360 次操作

2024-02-24 00:37:50 开始操作号码 【1725279】
2024-02-24 00:37:59 GSD getOne 第 1 次 等待 3 秒
2024-02-24 00:38:02 查询号码 【1725279】，返回信息 {"status":"ok","msg":"福建-福州","gid":"299686","time_insert":"2021-07-17 03:54"}
2024-02-24 00:38:02 查询号码 【1725279】，GSD为【"福建-福州"】

2024-02-24 01:14:11 开始第 5361 次操作

2024-02-24 01:14:11 开始操作号码 【1725280】
2024-02-24 01:14:16 GSD getOne 第 1 次 等待 3 秒
2024-02-24 01:14:19 查询号码 【1725280】，返回信息 {"status":"ok","msg":"福建-福州","gid":"299696","time_insert":"2021-07-17 03:55"}
2024-02-24 01:14:19 查询号码 【1725280】，GSD为【"福建-福州"】

2024-02-24 01:14:20 开始第 5362 次操作

2024-02-24 01:14:20 开始操作号码 【1725281】
2024-02-24 01:14:27 GSD getOne 第 1 次 等待 3 秒
2024-02-24 01:14:30 查询号码 【1725281】，返回信息 {"status":"ok","msg":"福建-福州","gid":"299704","time_insert":"2021-07-17 03:56"}
2024-02-24 01:14:30 查询号码 【1725281】，GSD为【"福建-福州"】

2024-02-24 01:14:31 开始第 5363 次操作

2024-02-24 01:14:31 开始操作号码 【1725282】
2024-02-24 01:14:35 GSD getOne 第 1 次 等待 3 秒
2024-02-24 01:14:38 查询号码 【1725282】，返回信息 {"status":"ok","msg":"福建-福州","gid":"299712","time_insert":"2021-07-17 03:57"}
2024-02-24 01:14:38 查询号码 【1725282】，GSD为【"福建-福州"】

2024-02-24 01:14:39 开始第 5364 次操作

2024-02-24 01:14:39 开始操作号码 【1725283】
2024-02-24 01:14:45 GSD getOne 第 1 次 等待 3 秒
2024-02-24 01:14:48 查询号码 【1725283】，返回信息 {"status":"ok","msg":"福建-福州","gid":"299722","time_insert":"2021-07-17 03:58"}
2024-02-24 01:14:48 查询号码 【1725283】，GSD为【"福建-福州"】

2024-02-24 01:37:02 开始第 5365 次操作

2024-02-24 01:37:02 开始操作号码 【1725284】
2024-02-24 01:37:06 GSD getOne 第 1 次 等待 3 秒
2024-02-24 01:37:09 查询号码 【1725284】，返回信息 {"status":"ok","msg":"福建-福州","gid":"299731","time_insert":"2021-07-17 03:59"}
2024-02-24 01:37:09 查询号码 【1725284】，GSD为【"福建-福州"】

2024-02-24 01:37:10 开始第 5366 次操作

2024-02-24 01:37:10 开始操作号码 【1725285】
2024-02-24 01:37:15 GSD getOne 第 1 次 等待 3 秒
2024-02-24 01:37:18 查询号码 【1725285】，返回信息 {"status":"ok","msg":"福建-福州","gid":"299738","time_insert":"2021-07-17 03:59"}
2024-02-24 01:37:18 查询号码 【1725285】，GSD为【"福建-福州"】

2024-02-24 01:37:19 开始第 5367 次操作

2024-02-24 01:37:19 开始操作号码 【1725286】
2024-02-24 01:37:23 GSD getOne 第 1 次 等待 3 秒
2024-02-24 01:37:26 查询号码 【1725286】，返回信息 {"status":"ok","msg":"福建-福州","gid":"299746","time_insert":"2021-07-17 04:00"}
2024-02-24 01:37:26 查询号码 【1725286】，GSD为【"福建-福州"】

2024-02-24 01:37:27 开始第 5368 次操作

2024-02-24 01:37:27 开始操作号码 【1725287】
2024-02-24 01:37:31 GSD getOne 第 1 次 等待 3 秒
2024-02-24 01:37:34 查询号码 【1725287】，返回信息 {"status":"ok","msg":"福建-福州","gid":"299753","time_insert":"2021-07-17 04:01"}
2024-02-24 01:37:34 查询号码 【1725287】，GSD为【"福建-福州"】

2024-02-24 02:20:24 开始第 5369 次操作

2024-02-24 02:20:24 开始操作号码 【1725288】
2024-02-24 02:20:29 GSD getOne 第 1 次 等待 3 秒
2024-02-24 02:20:32 查询号码 【1725288】，返回信息 {"status":"ok","msg":"福建-福州","gid":"299761","time_insert":"2021-07-17 04:02"}
2024-02-24 02:20:32 查询号码 【1725288】，GSD为【"福建-福州"】

2024-02-24 02:20:33 开始第 5370 次操作

2024-02-24 02:20:33 开始操作号码 【1725289】
2024-02-24 02:20:37 GSD getOne 第 1 次 等待 3 秒
2024-02-24 02:20:40 查询号码 【1725289】，返回信息 {"status":"ok","msg":"福建-福州","gid":"299767","time_insert":"2021-07-17 04:03"}
2024-02-24 02:20:40 查询号码 【1725289】，GSD为【"福建-福州"】

2024-02-24 02:20:41 开始第 5371 次操作

2024-02-24 02:20:41 开始操作号码 【1725290】
2024-02-24 02:20:45 GSD getOne 第 1 次 等待 3 秒
2024-02-24 02:20:48 查询号码 【1725290】，返回信息 {"status":"ok","msg":"福建-福州","gid":"299773","time_insert":"2021-07-17 04:04"}
2024-02-24 02:20:48 查询号码 【1725290】，GSD为【"福建-福州"】

2024-02-24 02:20:49 开始第 5372 次操作

2024-02-24 02:20:49 开始操作号码 【1725291】
2024-02-24 02:20:53 GSD getOne 第 1 次 等待 3 秒
2024-02-24 02:20:56 查询号码 【1725291】，返回信息 {"status":"ok","msg":"福建-福州","gid":"299778","time_insert":"2021-07-17 04:04"}
2024-02-24 02:20:57 查询号码 【1725291】，GSD为【"福建-福州"】

2024-02-24 02:37:18 开始第 5373 次操作

2024-02-24 02:37:18 开始操作号码 【1725292】
2024-02-24 02:37:24 GSD getOne 第 1 次 等待 3 秒
2024-02-24 02:37:27 查询号码 【1725292】，返回信息 {"status":"ok","msg":"福建-福州","gid":"299782","time_insert":"2021-07-17 04:05"}
2024-02-24 02:37:27 查询号码 【1725292】，GSD为【"福建-福州"】

2024-02-24 02:37:28 开始第 5374 次操作

2024-02-24 02:37:28 开始操作号码 【1725293】
2024-02-24 02:37:33 GSD getOne 第 1 次 等待 3 秒
2024-02-24 02:37:36 查询号码 【1725293】，返回信息 {"status":"ok","msg":"福建-福州","gid":"299786","time_insert":"2021-07-17 04:06"}
2024-02-24 02:37:36 查询号码 【1725293】，GSD为【"福建-福州"】

2024-02-24 02:37:37 开始第 5375 次操作

2024-02-24 02:37:37 开始操作号码 【1725294】
2024-02-24 02:37:42 GSD getOne 第 1 次 等待 3 秒
2024-02-24 02:37:45 查询号码 【1725294】，返回信息 {"status":"ok","msg":"福建-福州","gid":"299792","time_insert":"2021-07-17 04:07"}
2024-02-24 02:37:45 查询号码 【1725294】，GSD为【"福建-福州"】

2024-02-24 02:37:46 开始第 5376 次操作

2024-02-24 02:37:46 开始操作号码 【1725295】
2024-02-24 02:37:51 GSD getOne 第 1 次 等待 3 秒
2024-02-24 02:37:54 查询号码 【1725295】，返回信息 {"status":"ok","msg":"福建-福州","gid":"299798","time_insert":"2021-07-17 04:08"}
2024-02-24 02:37:54 查询号码 【1725295】，GSD为【"福建-福州"】

2024-02-24 03:14:12 开始第 5377 次操作

2024-02-24 03:14:12 开始操作号码 【1725296】
2024-02-24 03:14:17 GSD getOne 第 1 次 等待 3 秒
2024-02-24 03:14:20 查询号码 【1725296】，返回信息 {"status":"ok","msg":"福建-福州","gid":"299865","time_insert":"2021-07-17 04:37"}
2024-02-24 03:14:20 查询号码 【1725296】，GSD为【"福建-福州"】

2024-02-24 03:14:21 开始第 5378 次操作

2024-02-24 03:14:21 开始操作号码 【1725297】
2024-02-24 03:14:25 GSD getOne 第 1 次 等待 3 秒
2024-02-24 03:14:28 查询号码 【1725297】，返回信息 {"status":"ok","msg":"福建-福州","gid":"299868","time_insert":"2021-07-17 04:37"}
2024-02-24 03:14:28 查询号码 【1725297】，GSD为【"福建-福州"】

2024-02-24 03:14:29 开始第 5379 次操作

2024-02-24 03:14:29 开始操作号码 【1725298】
2024-02-24 03:14:33 GSD getOne 第 1 次 等待 3 秒
2024-02-24 03:14:36 查询号码 【1725298】，返回信息 {"status":"ok","msg":"福建-福州","gid":"299873","time_insert":"2021-07-17 04:38"}
2024-02-24 03:14:36 查询号码 【1725298】，GSD为【"福建-福州"】

2024-02-24 03:14:37 开始第 5380 次操作

2024-02-24 03:14:37 开始操作号码 【1725299】
2024-02-24 03:14:42 GSD getOne 第 1 次 等待 3 秒
2024-02-24 03:14:45 查询号码 【1725299】，返回信息 {"status":"ok","msg":"福建-福州","gid":"299884","time_insert":"2021-07-17 04:39"}
2024-02-24 03:14:45 查询号码 【1725299】，GSD为【"福建-福州"】

2024-02-24 03:37:12 开始第 5381 次操作

2024-02-24 03:37:12 开始操作号码 【1725300】
2024-02-24 03:37:16 GSD getOne 第 1 次 等待 3 秒
2024-02-24 03:37:19 查询号码 【1725300】，返回信息 {"status":"ok","msg":"福建-福州","gid":"299895","time_insert":"2021-07-17 04:40"}
2024-02-24 03:37:19 查询号码 【1725300】，GSD为【"福建-福州"】

2024-02-24 03:37:20 开始第 5382 次操作

2024-02-24 03:37:20 开始操作号码 【1725301】
2024-02-24 03:37:25 GSD getOne 第 1 次 等待 3 秒
2024-02-24 03:37:28 查询号码 【1725301】，返回信息 {"status":"ok","msg":"福建-福州","gid":"299902","time_insert":"2021-07-17 04:41"}
2024-02-24 03:37:28 查询号码 【1725301】，GSD为【"福建-福州"】

2024-02-24 03:37:29 开始第 5383 次操作

2024-02-24 03:37:29 开始操作号码 【1725302】
2024-02-24 03:37:34 GSD getOne 第 1 次 等待 3 秒
2024-02-24 03:37:37 查询号码 【1725302】，返回信息 {"status":"ok","msg":"福建-福州","gid":"299913","time_insert":"2021-07-17 04:42"}
2024-02-24 03:37:37 查询号码 【1725302】，GSD为【"福建-福州"】

2024-02-24 03:37:38 开始第 5384 次操作

2024-02-24 03:37:38 开始操作号码 【1725303】
2024-02-24 03:37:42 GSD getOne 第 1 次 等待 3 秒
2024-02-24 03:37:45 查询号码 【1725303】，返回信息 {"status":"ok","msg":"福建-福州","gid":"299925","time_insert":"2021-07-17 04:43"}
2024-02-24 03:37:45 查询号码 【1725303】，GSD为【"福建-福州"】

2024-02-24 04:17:49 开始第 5385 次操作

2024-02-24 04:17:49 开始操作号码 【1725304】
2024-02-24 04:17:54 GSD getOne 第 1 次 等待 3 秒
2024-02-24 04:17:57 查询号码 【1725304】，返回信息 {"status":"ok","msg":"福建-福州","gid":"299937","time_insert":"2021-07-17 04:44"}
2024-02-24 04:17:57 查询号码 【1725304】，GSD为【"福建-福州"】

2024-02-24 04:17:58 开始第 5386 次操作

2024-02-24 04:17:58 开始操作号码 【1725305】
2024-02-24 04:18:04 GSD getOne 第 1 次 等待 3 秒
2024-02-24 04:18:07 查询号码 【1725305】，返回信息 {"status":"ok","msg":"福建-福州","gid":"299951","time_insert":"2021-07-17 04:44"}
2024-02-24 04:18:07 查询号码 【1725305】，GSD为【"福建-福州"】

2024-02-24 04:18:08 开始第 5387 次操作

2024-02-24 04:18:08 开始操作号码 【1725306】
2024-02-24 04:18:13 GSD getOne 第 1 次 等待 3 秒
2024-02-24 04:18:16 查询号码 【1725306】，返回信息 {"status":"ok","msg":"福建-福州","gid":"299960","time_insert":"2021-07-17 04:45"}
2024-02-24 04:18:17 查询号码 【1725306】，GSD为【"福建-福州"】

2024-02-24 04:18:18 开始第 5388 次操作

2024-02-24 04:18:18 开始操作号码 【1725307】
2024-02-24 04:18:22 GSD getOne 第 1 次 等待 3 秒
2024-02-24 04:18:25 查询号码 【1725307】，返回信息 {"status":"ok","msg":"福建-福州","gid":"299968","time_insert":"2021-07-17 04:46"}
2024-02-24 04:18:25 查询号码 【1725307】，GSD为【"福建-福州"】

2024-02-24 04:38:25 开始第 5389 次操作

2024-02-24 04:38:25 开始操作号码 【1725308】
2024-02-24 04:38:31 GSD getOne 第 1 次 等待 3 秒
2024-02-24 04:38:34 查询号码 【1725308】，返回信息 {"status":"ok","msg":"福建-福州","gid":"299978","time_insert":"2021-07-17 04:47"}
2024-02-24 04:38:34 查询号码 【1725308】，GSD为【"福建-福州"】

2024-02-24 04:38:35 开始第 5390 次操作

2024-02-24 04:38:35 开始操作号码 【1725309】
2024-02-24 04:38:40 GSD getOne 第 1 次 等待 3 秒
2024-02-24 04:38:43 查询号码 【1725309】，返回信息 {"status":"ok","msg":"福建-福州","gid":"299989","time_insert":"2021-07-17 04:48"}
2024-02-24 04:38:43 查询号码 【1725309】，GSD为【"福建-福州"】

2024-02-24 04:38:44 开始第 5391 次操作

2024-02-24 04:38:44 开始操作号码 【1725310】
2024-02-24 04:38:49 GSD getOne 第 1 次 等待 3 秒
2024-02-24 04:38:52 查询号码 【1725310】，返回信息 {"status":"ok","msg":"福建-福州","gid":"299999","time_insert":"2021-07-17 04:48"}
2024-02-24 04:38:52 查询号码 【1725310】，GSD为【"福建-福州"】

2024-02-24 04:38:53 开始第 5392 次操作

2024-02-24 04:38:53 开始操作号码 【1725311】
2024-02-24 04:38:57 GSD getOne 第 1 次 等待 3 秒
2024-02-24 04:39:00 查询号码 【1725311】，返回信息 {"status":"ok","msg":"福建-福州","gid":"300013","time_insert":"2021-07-17 04:49"}
2024-02-24 04:39:00 查询号码 【1725311】，GSD为【"福建-福州"】

2024-02-24 05:13:20 开始第 5393 次操作

2024-02-24 05:13:20 开始操作号码 【1725312】
2024-02-24 05:13:25 GSD getOne 第 1 次 等待 3 秒
2024-02-24 05:13:28 查询号码 【1725312】，返回信息 {"status":"ok","msg":"福建-福州","gid":"300021","time_insert":"2021-07-17 04:50"}
2024-02-24 05:13:28 查询号码 【1725312】，GSD为【"福建-福州"】

2024-02-24 05:13:29 开始第 5394 次操作

2024-02-24 05:13:29 开始操作号码 【1725313】
2024-02-24 05:13:33 GSD getOne 第 1 次 等待 3 秒
2024-02-24 05:13:36 查询号码 【1725313】，返回信息 {"status":"ok","msg":"福建-福州","gid":"300037","time_insert":"2021-07-17 04:51"}
2024-02-24 05:13:36 查询号码 【1725313】，GSD为【"福建-福州"】

2024-02-24 05:13:37 开始第 5395 次操作

2024-02-24 05:13:37 开始操作号码 【1725314】
2024-02-24 05:13:42 GSD getOne 第 1 次 等待 3 秒
2024-02-24 05:13:45 查询号码 【1725314】，返回信息 {"status":"ok","msg":"福建-福州","gid":"300045","time_insert":"2021-07-17 04:52"}
2024-02-24 05:13:45 查询号码 【1725314】，GSD为【"福建-福州"】

2024-02-24 05:13:46 开始第 5396 次操作

2024-02-24 05:13:46 开始操作号码 【1725315】
2024-02-24 05:13:51 GSD getOne 第 1 次 等待 3 秒
2024-02-24 05:13:54 查询号码 【1725315】，返回信息 {"status":"ok","msg":"福建-福州","gid":"300055","time_insert":"2021-07-17 04:53"}
2024-02-24 05:13:54 查询号码 【1725315】，GSD为【"福建-福州"】

2024-02-24 05:37:17 开始第 5397 次操作

2024-02-24 05:37:17 开始操作号码 【1725316】
2024-02-24 05:37:22 GSD getOne 第 1 次 等待 3 秒
2024-02-24 05:37:25 查询号码 【1725316】，返回信息 {"status":"ok","msg":"福建-福州","gid":"300066","time_insert":"2021-07-17 04:54"}
2024-02-24 05:37:25 查询号码 【1725316】，GSD为【"福建-福州"】

2024-02-24 05:37:26 开始第 5398 次操作

2024-02-24 05:37:26 开始操作号码 【1725317】
2024-02-24 05:37:31 GSD getOne 第 1 次 等待 3 秒
2024-02-24 05:37:34 查询号码 【1725317】，返回信息 {"status":"ok","msg":"福建-福州","gid":"300071","time_insert":"2021-07-17 04:55"}
2024-02-24 05:37:34 查询号码 【1725317】，GSD为【"福建-福州"】

2024-02-24 05:37:35 开始第 5399 次操作

2024-02-24 05:37:35 开始操作号码 【1725318】
2024-02-24 05:37:39 GSD getOne 第 1 次 等待 3 秒
2024-02-24 05:37:42 查询号码 【1725318】，返回信息 {"status":"ok","msg":"福建-福州","gid":"300080","time_insert":"2021-07-17 04:55"}
2024-02-24 05:37:42 查询号码 【1725318】，GSD为【"福建-福州"】

2024-02-24 05:37:43 开始第 5400 次操作

2024-02-24 05:37:43 开始操作号码 【1725319】
2024-02-24 05:37:48 GSD getOne 第 1 次 等待 3 秒
2024-02-24 05:37:51 查询号码 【1725319】，返回信息 {"status":"ok","msg":"福建-福州","gid":"300087","time_insert":"2021-07-17 04:56"}
2024-02-24 05:37:51 查询号码 【1725319】，GSD为【"福建-福州"】

2024-02-24 06:14:18 开始第 5401 次操作

2024-02-24 06:14:18 开始操作号码 【1725320】
2024-02-24 06:14:23 GSD getOne 第 1 次 等待 3 秒
2024-02-24 06:14:26 查询号码 【1725320】，返回信息 {"status":"ok","msg":"福建-福州","gid":"300097","time_insert":"2021-07-17 04:57"}
2024-02-24 06:14:26 查询号码 【1725320】，GSD为【"福建-福州"】

2024-02-24 06:14:27 开始第 5402 次操作

2024-02-24 06:14:27 开始操作号码 【1725321】
2024-02-24 06:14:32 GSD getOne 第 1 次 等待 3 秒
2024-02-24 06:14:35 查询号码 【1725321】，返回信息 {"status":"ok","msg":"福建-福州","gid":"300104","time_insert":"2021-07-17 04:58"}
2024-02-24 06:14:35 查询号码 【1725321】，GSD为【"福建-福州"】

2024-02-24 06:14:36 开始第 5403 次操作

2024-02-24 06:14:36 开始操作号码 【1725322】
2024-02-24 06:14:41 GSD getOne 第 1 次 等待 3 秒
2024-02-24 06:14:44 查询号码 【1725322】，返回信息 {"status":"ok","msg":"福建-福州","gid":"300112","time_insert":"2021-07-17 04:59"}
2024-02-24 06:14:44 查询号码 【1725322】，GSD为【"福建-福州"】

2024-02-24 06:14:45 开始第 5404 次操作

2024-02-24 06:14:45 开始操作号码 【1725323】
2024-02-24 06:14:50 GSD getOne 第 1 次 等待 3 秒
2024-02-24 06:14:53 查询号码 【1725323】，返回信息 {"status":"ok","msg":"福建-福州","gid":"300120","time_insert":"2021-07-17 05:00"}
2024-02-24 06:14:53 查询号码 【1725323】，GSD为【"福建-福州"】

2024-02-24 06:37:02 开始第 5405 次操作

2024-02-24 06:37:02 开始操作号码 【1725324】
2024-02-24 06:37:07 GSD getOne 第 1 次 等待 3 秒
2024-02-24 06:37:10 查询号码 【1725324】，返回信息 {"status":"ok","msg":"福建-福州","gid":"300127","time_insert":"2021-07-17 05:00"}
2024-02-24 06:37:10 查询号码 【1725324】，GSD为【"福建-福州"】

2024-02-24 06:37:11 开始第 5406 次操作

2024-02-24 06:37:11 开始操作号码 【1725325】
2024-02-24 06:37:16 GSD getOne 第 1 次 等待 3 秒
2024-02-24 06:37:19 查询号码 【1725325】，返回信息 {"status":"ok","msg":"福建-福州","gid":"300132","time_insert":"2021-07-17 05:01"}
2024-02-24 06:37:19 查询号码 【1725325】，GSD为【"福建-福州"】

2024-02-24 06:37:20 开始第 5407 次操作

2024-02-24 06:37:20 开始操作号码 【1725326】
2024-02-24 06:37:24 GSD getOne 第 1 次 等待 3 秒
2024-02-24 06:37:27 查询号码 【1725326】，返回信息 {"status":"ok","msg":"福建-福州","gid":"300138","time_insert":"2021-07-17 05:01"}
2024-02-24 06:37:27 查询号码 【1725326】，GSD为【"福建-福州"】

2024-02-24 06:37:28 开始第 5408 次操作

2024-02-24 06:37:28 开始操作号码 【1725327】
2024-02-24 06:37:33 GSD getOne 第 1 次 等待 3 秒
2024-02-24 06:37:36 查询号码 【1725327】，返回信息 {"status":"ok","msg":"福建-福州","gid":"300144","time_insert":"2021-07-17 05:02"}
2024-02-24 06:37:36 查询号码 【1725327】，GSD为【"福建-福州"】

2024-02-24 07:14:48 开始第 5409 次操作

2024-02-24 07:14:48 开始操作号码 【1725328】
2024-02-24 07:14:54 GSD getOne 第 1 次 等待 3 秒
2024-02-24 07:14:57 查询号码 【1725328】，返回信息 {"status":"ok","msg":"福建-福州","gid":"300152","time_insert":"2021-07-17 05:02"}
2024-02-24 07:14:57 查询号码 【1725328】，GSD为【"福建-福州"】

2024-02-24 07:14:58 开始第 5410 次操作

2024-02-24 07:14:58 开始操作号码 【1725329】
2024-02-24 07:15:03 GSD getOne 第 1 次 等待 3 秒
2024-02-24 07:15:06 查询号码 【1725329】，返回信息 {"status":"ok","msg":"福建-福州","gid":"300160","time_insert":"2021-07-17 05:03"}
2024-02-24 07:15:06 查询号码 【1725329】，GSD为【"福建-福州"】

2024-02-24 07:15:07 开始第 5411 次操作

2024-02-24 07:15:07 开始操作号码 【1725330】
2024-02-24 07:15:12 GSD getOne 第 1 次 等待 3 秒
2024-02-24 07:15:15 查询号码 【1725330】，返回信息 {"status":"ok","msg":"福建-福州","gid":"300169","time_insert":"2021-07-17 05:03"}
2024-02-24 07:15:15 查询号码 【1725330】，GSD为【"福建-福州"】

2024-02-24 07:15:16 开始第 5412 次操作

2024-02-24 07:15:16 开始操作号码 【1725331】
2024-02-24 07:15:21 GSD getOne 第 1 次 等待 3 秒
2024-02-24 07:15:24 查询号码 【1725331】，返回信息 {"status":"ok","msg":"福建-福州","gid":"300172","time_insert":"2021-07-17 05:04"}
2024-02-24 07:15:24 查询号码 【1725331】，GSD为【"福建-福州"】

2024-02-24 07:37:15 开始第 5413 次操作

2024-02-24 07:37:15 开始操作号码 【1725332】
2024-02-24 07:37:21 GSD getOne 第 1 次 等待 3 秒
2024-02-24 07:37:24 查询号码 【1725332】，返回信息 {"status":"ok","msg":"福建-福州","gid":"300175","time_insert":"2021-07-17 05:05"}
2024-02-24 07:37:24 查询号码 【1725332】，GSD为【"福建-福州"】

2024-02-24 07:37:25 开始第 5414 次操作

2024-02-24 07:37:25 开始操作号码 【1725333】
2024-02-24 07:37:30 GSD getOne 第 1 次 等待 3 秒
2024-02-24 07:37:33 查询号码 【1725333】，返回信息 {"status":"ok","msg":"福建-福州","gid":"300178","time_insert":"2021-07-17 05:05"}
2024-02-24 07:37:33 查询号码 【1725333】，GSD为【"福建-福州"】

2024-02-24 07:37:34 开始第 5415 次操作

2024-02-24 07:37:34 开始操作号码 【1725334】
2024-02-24 07:37:39 GSD getOne 第 1 次 等待 3 秒
2024-02-24 07:37:42 查询号码 【1725334】，返回信息 {"status":"ok","msg":"福建-福州","gid":"300185","time_insert":"2021-07-17 05:06"}
2024-02-24 07:37:42 查询号码 【1725334】，GSD为【"福建-福州"】

2024-02-24 07:37:43 开始第 5416 次操作

2024-02-24 07:37:43 开始操作号码 【1725335】
2024-02-24 07:37:49 GSD getOne 第 1 次 等待 3 秒
2024-02-24 07:37:52 查询号码 【1725335】，返回信息 {"status":"ok","msg":"福建-福州","gid":"300188","time_insert":"2021-07-17 05:06"}
2024-02-24 07:37:52 查询号码 【1725335】，GSD为【"福建-福州"】

2024-02-24 09:05:41 开始第 5417 次操作

2024-02-24 09:05:41 开始操作号码 【1725336】
2024-02-24 09:05:46 GSD getOne 第 1 次 等待 3 秒
2024-02-24 09:05:49 查询号码 【1725336】，返回信息 {"status":"ok","msg":"福建-福州","gid":"300249","time_insert":"2021-07-17 05:39"}
2024-02-24 09:05:49 查询号码 【1725336】，GSD为【"福建-福州"】

2024-02-24 09:05:50 开始第 5418 次操作

2024-02-24 09:05:50 开始操作号码 【1725337】
2024-02-24 09:05:54 GSD getOne 第 1 次 等待 3 秒
2024-02-24 09:05:57 查询号码 【1725337】，返回信息 {"status":"ok","msg":"福建-福州","gid":"300252","time_insert":"2021-07-17 05:40"}
2024-02-24 09:05:57 查询号码 【1725337】，GSD为【"福建-福州"】

2024-02-24 09:05:58 开始第 5419 次操作

2024-02-24 09:05:58 开始操作号码 【1725338】
2024-02-24 09:06:04 GSD getOne 第 1 次 等待 3 秒
2024-02-24 09:06:07 查询号码 【1725338】，返回信息 {"status":"ok","msg":"福建-福州","gid":"300256","time_insert":"2021-07-17 05:40"}
2024-02-24 09:06:07 查询号码 【1725338】，GSD为【"福建-福州"】

2024-02-24 09:06:08 开始第 5420 次操作

2024-02-24 09:06:08 开始操作号码 【1725339】
2024-02-24 09:06:12 GSD getOne 第 1 次 等待 3 秒
2024-02-24 09:06:15 查询号码 【1725339】，返回信息 {"status":"ok","msg":"福建-福州","gid":"300260","time_insert":"2021-07-17 05:41"}
2024-02-24 09:06:15 查询号码 【1725339】，GSD为【"福建-福州"】

2024-02-24 10:00:29 开始第 5421 次操作

2024-02-24 10:00:29 开始操作号码 【1725340】
2024-02-24 10:00:34 GSD getOne 第 1 次 等待 3 秒
2024-02-24 10:00:37 查询号码 【1725340】，返回信息 {"status":"ok","msg":"福建-福州","gid":"300265","time_insert":"2021-07-17 05:41"}
2024-02-24 10:00:37 查询号码 【1725340】，GSD为【"福建-福州"】

2024-02-24 10:00:38 开始第 5422 次操作

2024-02-24 10:00:38 开始操作号码 【1725341】
2024-02-24 10:00:43 GSD getOne 第 1 次 等待 3 秒
2024-02-24 10:00:46 查询号码 【1725341】，返回信息 {"status":"ok","msg":"福建-福州","gid":"300270","time_insert":"2021-07-17 05:42"}
2024-02-24 10:00:46 查询号码 【1725341】，GSD为【"福建-福州"】

2024-02-24 10:00:47 开始第 5423 次操作

2024-02-24 10:00:47 开始操作号码 【1725342】
2024-02-24 10:00:52 GSD getOne 第 1 次 等待 3 秒
2024-02-24 10:00:55 查询号码 【1725342】，返回信息 {"status":"ok","msg":"福建-福州","gid":"300279","time_insert":"2021-07-17 05:42"}
2024-02-24 10:00:55 查询号码 【1725342】，GSD为【"福建-福州"】

2024-02-24 10:00:56 开始第 5424 次操作

2024-02-24 10:00:56 开始操作号码 【1725343】
2024-02-24 10:01:01 GSD getOne 第 1 次 等待 3 秒
2024-02-24 10:01:04 查询号码 【1725343】，返回信息 {"status":"ok","msg":"福建-福州","gid":"300283","time_insert":"2021-07-17 05:43"}
2024-02-24 10:01:04 查询号码 【1725343】，GSD为【"福建-福州"】

2024-02-24 10:37:11 开始第 5425 次操作

2024-02-24 10:37:11 开始操作号码 【1725344】
2024-02-24 10:37:16 GSD getOne 第 1 次 等待 3 秒
2024-02-24 10:37:19 查询号码 【1725344】，返回信息 {"status":"ok","msg":"福建-福州","gid":"300291","time_insert":"2021-07-17 05:43"}
2024-02-24 10:37:20 查询号码 【1725344】，GSD为【"福建-福州"】

2024-02-24 10:37:21 开始第 5426 次操作

2024-02-24 10:37:21 开始操作号码 【1725345】
2024-02-24 10:37:25 GSD getOne 第 1 次 等待 3 秒
2024-02-24 10:37:28 查询号码 【1725345】，返回信息 {"status":"ok","msg":"福建-福州","gid":"300298","time_insert":"2021-07-17 05:44"}
2024-02-24 10:37:28 查询号码 【1725345】，GSD为【"福建-福州"】

2024-02-24 10:37:29 开始第 5427 次操作

2024-02-24 10:37:29 开始操作号码 【1725346】
2024-02-24 10:37:34 GSD getOne 第 1 次 等待 3 秒
2024-02-24 10:37:37 查询号码 【1725346】，返回信息 {"status":"ok","msg":"福建-福州","gid":"300304","time_insert":"2021-07-17 05:45"}
2024-02-24 10:37:37 查询号码 【1725346】，GSD为【"福建-福州"】

2024-02-24 10:37:38 开始第 5428 次操作

2024-02-24 10:37:38 开始操作号码 【1725347】
2024-02-24 10:37:43 GSD getOne 第 1 次 等待 3 秒
2024-02-24 10:37:46 查询号码 【1725347】，返回信息 {"status":"ok","msg":"福建-福州","gid":"300312","time_insert":"2021-07-17 05:45"}
2024-02-24 10:37:46 查询号码 【1725347】，GSD为【"福建-福州"】

2024-02-24 11:18:22 开始第 5429 次操作

2024-02-24 11:18:22 开始操作号码 【1725348】
2024-02-24 11:18:27 GSD getOne 第 1 次 等待 3 秒
2024-02-24 11:18:30 查询号码 【1725348】，返回信息 {"status":"ok","msg":"福建-福州","gid":"300320","time_insert":"2021-07-17 05:46"}
2024-02-24 11:18:30 查询号码 【1725348】，GSD为【"福建-福州"】

2024-02-24 11:18:31 开始第 5430 次操作

2024-02-24 11:18:31 开始操作号码 【1725349】
2024-02-24 11:18:36 GSD getOne 第 1 次 等待 3 秒
2024-02-24 11:18:39 查询号码 【1725349】，返回信息 {"status":"ok","msg":"福建-福州","gid":"300332","time_insert":"2021-07-17 05:47"}
2024-02-24 11:18:39 查询号码 【1725349】，GSD为【"福建-福州"】

2024-02-24 11:18:40 开始第 5431 次操作

2024-02-24 11:18:40 开始操作号码 【1725350】
2024-02-24 11:18:44 GSD getOne 第 1 次 等待 3 秒
2024-02-24 11:18:47 查询号码 【1725350】，返回信息 {"status":"ok","msg":"福建-福州","gid":"300337","time_insert":"2021-07-17 05:48"}
2024-02-24 11:18:47 查询号码 【1725350】，GSD为【"福建-福州"】

2024-02-24 11:18:48 开始第 5432 次操作

2024-02-24 11:18:48 开始操作号码 【1725351】
2024-02-24 11:18:53 GSD getOne 第 1 次 等待 3 秒
2024-02-24 11:18:56 查询号码 【1725351】，返回信息 {"status":"ok","msg":"福建-福州","gid":"300341","time_insert":"2021-07-17 05:48"}
2024-02-24 11:18:56 查询号码 【1725351】，GSD为【"福建-福州"】

2024-02-24 11:37:32 开始第 5433 次操作

2024-02-24 11:37:32 开始操作号码 【1725352】
2024-02-24 11:37:37 GSD getOne 第 1 次 等待 3 秒
2024-02-24 11:37:40 查询号码 【1725352】，返回信息 {"status":"ok","msg":"福建-福州","gid":"300347","time_insert":"2021-07-17 05:49"}
2024-02-24 11:37:40 查询号码 【1725352】，GSD为【"福建-福州"】

2024-02-24 11:37:41 开始第 5434 次操作

2024-02-24 11:37:41 开始操作号码 【1725353】
2024-02-24 11:37:45 GSD getOne 第 1 次 等待 3 秒
2024-02-24 11:37:48 查询号码 【1725353】，返回信息 {"status":"ok","msg":"福建-福州","gid":"300353","time_insert":"2021-07-17 05:49"}
2024-02-24 11:37:48 查询号码 【1725353】，GSD为【"福建-福州"】

2024-02-24 11:37:49 开始第 5435 次操作

2024-02-24 11:37:49 开始操作号码 【1725354】
2024-02-24 11:37:54 GSD getOne 第 1 次 等待 3 秒
2024-02-24 11:37:57 查询号码 【1725354】，返回信息 {"status":"ok","msg":"福建-福州","gid":"300363","time_insert":"2021-07-17 05:50"}
2024-02-24 11:37:57 查询号码 【1725354】，GSD为【"福建-福州"】

2024-02-24 11:37:58 开始第 5436 次操作

2024-02-24 11:37:58 开始操作号码 【1725355】
2024-02-24 11:38:03 GSD getOne 第 1 次 等待 3 秒
2024-02-24 11:38:06 查询号码 【1725355】，返回信息 {"status":"ok","msg":"福建-福州","gid":"300366","time_insert":"2021-07-17 05:50"}
2024-02-24 11:38:06 查询号码 【1725355】，GSD为【"福建-福州"】

2024-02-24 12:18:26 开始第 5437 次操作

2024-02-24 12:18:26 开始操作号码 【1725356】
2024-02-24 12:18:30 GSD getOne 第 1 次 等待 3 秒
2024-02-24 12:18:33 查询号码 【1725356】，返回信息 {"status":"ok","msg":"福建-福州","gid":"300371","time_insert":"2021-07-17 05:51"}
2024-02-24 12:18:33 查询号码 【1725356】，GSD为【"福建-福州"】

2024-02-24 12:18:35 开始第 5438 次操作

2024-02-24 12:18:35 开始操作号码 【1725357】
2024-02-24 12:18:39 GSD getOne 第 1 次 等待 3 秒
2024-02-24 12:18:42 查询号码 【1725357】，返回信息 {"status":"ok","msg":"福建-福州","gid":"300379","time_insert":"2021-07-17 05:52"}
2024-02-24 12:18:42 查询号码 【1725357】，GSD为【"福建-福州"】

2024-02-24 12:18:43 开始第 5439 次操作

2024-02-24 12:18:43 开始操作号码 【1725358】
2024-02-24 12:18:48 GSD getOne 第 1 次 等待 3 秒
2024-02-24 12:18:51 查询号码 【1725358】，返回信息 {"status":"ok","msg":"福建-福州","gid":"300385","time_insert":"2021-07-17 05:52"}
2024-02-24 12:18:51 查询号码 【1725358】，GSD为【"福建-福州"】

2024-02-24 12:18:52 开始第 5440 次操作

2024-02-24 12:18:52 开始操作号码 【1725359】
2024-02-24 12:18:56 GSD getOne 第 1 次 等待 3 秒
2024-02-24 12:18:59 查询号码 【1725359】，返回信息 {"status":"ok","msg":"福建-福州","gid":"300390","time_insert":"2021-07-17 05:53"}
2024-02-24 12:18:59 查询号码 【1725359】，GSD为【"福建-福州"】

2024-02-24 12:37:30 开始第 5441 次操作

2024-02-24 12:37:30 开始操作号码 【1725360】
2024-02-24 12:37:35 GSD getOne 第 1 次 等待 3 秒
2024-02-24 12:37:38 查询号码 【1725360】，返回信息 {"status":"ok","msg":"福建-福州","gid":"300394","time_insert":"2021-07-17 05:53"}
2024-02-24 12:37:38 查询号码 【1725360】，GSD为【"福建-福州"】

2024-02-24 12:37:39 开始第 5442 次操作

2024-02-24 12:37:39 开始操作号码 【1725361】
2024-02-24 12:37:43 GSD getOne 第 1 次 等待 3 秒
2024-02-24 12:37:46 查询号码 【1725361】，返回信息 {"status":"ok","msg":"福建-福州","gid":"300401","time_insert":"2021-07-17 05:54"}
2024-02-24 12:37:46 查询号码 【1725361】，GSD为【"福建-福州"】

2024-02-24 12:37:47 开始第 5443 次操作

2024-02-24 12:37:47 开始操作号码 【1725362】
2024-02-24 12:37:52 GSD getOne 第 1 次 等待 3 秒
2024-02-24 12:37:55 查询号码 【1725362】，返回信息 {"status":"ok","msg":"福建-福州","gid":"300406","time_insert":"2021-07-17 05:54"}
2024-02-24 12:37:55 查询号码 【1725362】，GSD为【"福建-福州"】

2024-02-24 12:37:56 开始第 5444 次操作

2024-02-24 12:37:56 开始操作号码 【1725363】
2024-02-24 12:38:02 GSD getOne 第 1 次 等待 3 秒
2024-02-24 12:38:05 查询号码 【1725363】，返回信息 {"status":"ok","msg":"福建-福州","gid":"300411","time_insert":"2021-07-17 05:55"}
2024-02-24 12:38:05 查询号码 【1725363】，GSD为【"福建-福州"】

2024-02-24 13:15:39 开始第 5445 次操作

2024-02-24 13:15:39 开始操作号码 【1725364】
2024-02-24 13:15:44 GSD getOne 第 1 次 等待 3 秒
2024-02-24 13:15:47 查询号码 【1725364】，返回信息 {"status":"ok","msg":"福建-福州","gid":"300417","time_insert":"2021-07-17 05:55"}
2024-02-24 13:15:47 查询号码 【1725364】，GSD为【"福建-福州"】

2024-02-24 13:15:48 开始第 5446 次操作

2024-02-24 13:15:48 开始操作号码 【1725365】
2024-02-24 13:15:53 GSD getOne 第 1 次 等待 3 秒
2024-02-24 13:15:56 查询号码 【1725365】，返回信息 {"status":"ok","msg":"福建-福州","gid":"300422","time_insert":"2021-07-17 05:56"}
2024-02-24 13:15:56 查询号码 【1725365】，GSD为【"福建-福州"】

2024-02-24 13:15:57 开始第 5447 次操作

2024-02-24 13:15:57 开始操作号码 【1725366】
2024-02-24 13:16:03 GSD getOne 第 1 次 等待 3 秒
2024-02-24 13:16:06 查询号码 【1725366】，返回信息 {"status":"ok","msg":"福建-福州","gid":"300428","time_insert":"2021-07-17 05:57"}
2024-02-24 13:16:06 查询号码 【1725366】，GSD为【"福建-福州"】

2024-02-24 13:16:07 开始第 5448 次操作

2024-02-24 13:16:07 开始操作号码 【1725367】
2024-02-24 13:16:11 GSD getOne 第 1 次 等待 3 秒
2024-02-24 13:16:14 查询号码 【1725367】，返回信息 {"status":"ok","msg":"福建-福州","gid":"300436","time_insert":"2021-07-17 05:57"}
2024-02-24 13:16:14 查询号码 【1725367】，GSD为【"福建-福州"】

2024-02-24 13:37:12 开始第 5449 次操作

2024-02-24 13:37:12 开始操作号码 【1725368】
2024-02-24 13:37:17 GSD getOne 第 1 次 等待 3 秒
2024-02-24 13:37:20 查询号码 【1725368】，返回信息 {"status":"ok","msg":"福建-福州","gid":"300442","time_insert":"2021-07-17 05:58"}
2024-02-24 13:37:20 查询号码 【1725368】，GSD为【"福建-福州"】

2024-02-24 13:37:21 开始第 5450 次操作

2024-02-24 13:37:21 开始操作号码 【1725369】
2024-02-24 13:37:25 GSD getOne 第 1 次 等待 3 秒
2024-02-24 13:37:28 查询号码 【1725369】，返回信息 {"status":"ok","msg":"福建-福州","gid":"300447","time_insert":"2021-07-17 05:58"}
2024-02-24 13:37:28 查询号码 【1725369】，GSD为【"福建-福州"】

2024-02-24 13:37:29 开始第 5451 次操作

2024-02-24 13:37:29 开始操作号码 【1725370】
2024-02-24 13:37:34 GSD getOne 第 1 次 等待 3 秒
2024-02-24 13:37:37 查询号码 【1725370】，返回信息 {"status":"ok","msg":"福建-福州","gid":"300454","time_insert":"2021-07-17 05:59"}
2024-02-24 13:37:37 查询号码 【1725370】，GSD为【"福建-福州"】

2024-02-24 13:37:38 开始第 5452 次操作

2024-02-24 13:37:38 开始操作号码 【1725371】
2024-02-24 13:37:42 GSD getOne 第 1 次 等待 3 秒
2024-02-24 13:37:45 查询号码 【1725371】，返回信息 {"status":"ok","msg":"福建-福州","gid":"300460","time_insert":"2021-07-17 05:59","time_update":"2021-08-31 08:36"}
2024-02-24 13:37:45 查询号码 【1725371】，GSD为【"福建-福州"】

2024-02-24 14:18:45 开始第 5453 次操作

2024-02-24 14:18:45 开始操作号码 【1725372】
2024-02-24 14:18:50 GSD getOne 第 1 次 等待 3 秒
2024-02-24 14:18:53 查询号码 【1725372】，返回信息 {"status":"ok","msg":"福建-福州","gid":"300465","time_insert":"2021-07-17 06:00"}
2024-02-24 14:18:53 查询号码 【1725372】，GSD为【"福建-福州"】

2024-02-24 14:18:54 开始第 5454 次操作

2024-02-24 14:18:54 开始操作号码 【1725373】
2024-02-24 14:18:58 GSD getOne 第 1 次 等待 3 秒
2024-02-24 14:19:01 查询号码 【1725373】，返回信息 {"status":"ok","msg":"福建-福州","gid":"300471","time_insert":"2021-07-17 06:00"}
2024-02-24 14:19:01 查询号码 【1725373】，GSD为【"福建-福州"】

2024-02-24 14:19:02 开始第 5455 次操作

2024-02-24 14:19:02 开始操作号码 【1725374】
2024-02-24 14:19:07 GSD getOne 第 1 次 等待 3 秒
2024-02-24 14:19:10 查询号码 【1725374】，返回信息 {"status":"ok","msg":"福建-福州","gid":"300477","time_insert":"2021-07-17 06:01"}
2024-02-24 14:19:10 查询号码 【1725374】，GSD为【"福建-福州"】

2024-02-24 14:19:11 开始第 5456 次操作

2024-02-24 14:19:11 开始操作号码 【1725375】
2024-02-24 14:19:16 GSD getOne 第 1 次 等待 3 秒
2024-02-24 14:19:19 查询号码 【1725375】，返回信息 {"status":"ok","msg":"福建-福州","gid":"300484","time_insert":"2021-07-17 06:02"}
2024-02-24 14:19:19 查询号码 【1725375】，GSD为【"福建-福州"】

2024-02-24 14:37:33 开始第 5457 次操作

2024-02-24 14:37:33 开始操作号码 【1725376】
2024-02-24 14:37:39 GSD getOne 第 1 次 等待 3 秒
2024-02-24 14:37:42 查询号码 【1725376】，返回信息 {"status":"ok","msg":"福建-福州","gid":"300621","time_insert":"2021-07-17 06:38"}
2024-02-24 14:37:42 查询号码 【1725376】，GSD为【"福建-福州"】

2024-02-24 14:37:43 开始第 5458 次操作

2024-02-24 14:37:43 开始操作号码 【1725377】
2024-02-24 14:37:49 GSD getOne 第 1 次 等待 3 秒
2024-02-24 14:37:52 查询号码 【1725377】，返回信息 {"status":"ok","msg":"福建-福州","gid":"300623","time_insert":"2021-07-17 06:39"}
2024-02-24 14:37:52 查询号码 【1725377】，GSD为【"福建-福州"】

2024-02-24 14:37:53 开始第 5459 次操作

2024-02-24 14:37:53 开始操作号码 【1725378】
2024-02-24 14:37:58 GSD getOne 第 1 次 等待 3 秒
2024-02-24 14:38:01 查询号码 【1725378】，返回信息 {"status":"ok","msg":"福建-福州","gid":"300628","time_insert":"2021-07-17 06:39"}
2024-02-24 14:38:01 查询号码 【1725378】，GSD为【"福建-福州"】

2024-02-24 14:38:02 开始第 5460 次操作

2024-02-24 14:38:02 开始操作号码 【1725379】
2024-02-24 14:38:11 GSD getOne 第 1 次 等待 3 秒
2024-02-24 14:38:14 查询号码 【1725379】，返回信息 {"status":"ok","msg":"福建-福州","gid":"300632","time_insert":"2021-07-17 06:40"}
2024-02-24 14:38:14 查询号码 【1725379】，GSD为【"福建-福州"】

2024-02-24 15:14:46 开始第 5461 次操作

2024-02-24 15:14:46 开始操作号码 【1725380】
2024-02-24 15:14:51 GSD getOne 第 1 次 等待 3 秒
2024-02-24 15:14:54 查询号码 【1725380】，返回信息 {"status":"ok","msg":"福建-福州","gid":"300637","time_insert":"2021-07-17 06:40"}
2024-02-24 15:14:54 查询号码 【1725380】，GSD为【"福建-福州"】

2024-02-24 15:14:55 开始第 5462 次操作

2024-02-24 15:14:55 开始操作号码 【1725381】
2024-02-24 15:15:00 GSD getOne 第 1 次 等待 3 秒
2024-02-24 15:15:03 查询号码 【1725381】，返回信息 {"status":"ok","msg":"福建-福州","gid":"300642","time_insert":"2021-07-17 06:41"}
2024-02-24 15:15:03 查询号码 【1725381】，GSD为【"福建-福州"】

2024-02-24 15:15:04 开始第 5463 次操作

2024-02-24 15:15:04 开始操作号码 【1725382】
2024-02-24 15:15:08 GSD getOne 第 1 次 等待 3 秒
2024-02-24 15:15:11 查询号码 【1725382】，返回信息 {"status":"ok","msg":"福建-福州","gid":"300649","time_insert":"2021-07-17 06:41"}
2024-02-24 15:15:12 查询号码 【1725382】，GSD为【"福建-福州"】

2024-02-24 15:15:13 开始第 5464 次操作

2024-02-24 15:15:13 开始操作号码 【1725383】
2024-02-24 15:15:18 GSD getOne 第 1 次 等待 3 秒
2024-02-24 15:15:21 查询号码 【1725383】，返回信息 {"status":"ok","msg":"福建-福州","gid":"300658","time_insert":"2021-07-17 06:42"}
2024-02-24 15:15:21 查询号码 【1725383】，GSD为【"福建-福州"】

2024-02-24 15:37:18 开始第 5465 次操作

2024-02-24 15:37:18 开始操作号码 【1725384】
2024-02-24 15:37:23 GSD getOne 第 1 次 等待 3 秒
2024-02-24 15:37:26 查询号码 【1725384】，返回信息 {"status":"ok","msg":"福建-福州","gid":"300668","time_insert":"2021-07-17 06:43"}
2024-02-24 15:37:26 查询号码 【1725384】，GSD为【"福建-福州"】

2024-02-24 15:37:27 开始第 5466 次操作

2024-02-24 15:37:27 开始操作号码 【1725385】
2024-02-24 15:37:34 GSD getOne 第 1 次 等待 3 秒
2024-02-24 15:37:37 查询号码 【1725385】，返回信息 {"status":"ok","msg":"福建-福州","gid":"300673","time_insert":"2021-07-17 06:43"}
2024-02-24 15:37:38 查询号码 【1725385】，GSD为【"福建-福州"】

2024-02-24 15:37:39 开始第 5467 次操作

2024-02-24 15:37:39 开始操作号码 【1725386】
2024-02-24 15:37:45 GSD getOne 第 1 次 等待 3 秒
2024-02-24 15:37:48 查询号码 【1725386】，返回信息 {"status":"ok","msg":"福建-福州","gid":"300680","time_insert":"2021-07-17 06:44"}
2024-02-24 15:37:48 查询号码 【1725386】，GSD为【"福建-福州"】

2024-02-24 15:37:49 开始第 5468 次操作

2024-02-24 15:37:49 开始操作号码 【1725387】
2024-02-24 15:37:54 GSD getOne 第 1 次 等待 3 秒
2024-02-24 15:37:57 查询号码 【1725387】，返回信息 {"status":"ok","msg":"福建-福州","gid":"300686","time_insert":"2021-07-17 06:45"}
2024-02-24 15:37:57 查询号码 【1725387】，GSD为【"福建-福州"】

2024-02-24 16:17:27 开始第 5469 次操作

2024-02-24 16:17:27 开始操作号码 【1725388】
2024-02-24 16:17:33 GSD getOne 第 1 次 等待 3 秒
2024-02-24 16:17:36 查询号码 【1725388】，返回信息 {"status":"ok","msg":"福建-福州","gid":"300694","time_insert":"2021-07-17 06:45"}
2024-02-24 16:17:36 查询号码 【1725388】，GSD为【"福建-福州"】

2024-02-24 16:17:37 开始第 5470 次操作

2024-02-24 16:17:37 开始操作号码 【1725389】
2024-02-24 16:17:41 GSD getOne 第 1 次 等待 3 秒
2024-02-24 16:17:44 查询号码 【1725389】，返回信息 {"status":"ok","msg":"福建-福州","gid":"300702","time_insert":"2021-07-17 06:46"}
2024-02-24 16:17:44 查询号码 【1725389】，GSD为【"福建-福州"】

2024-02-24 16:17:45 开始第 5471 次操作

2024-02-24 16:17:45 开始操作号码 【1725390】
2024-02-24 16:17:50 GSD getOne 第 1 次 等待 3 秒
2024-02-24 16:17:53 查询号码 【1725390】，返回信息 {"status":"ok","msg":"福建-福州","gid":"300710","time_insert":"2021-07-17 06:46"}
2024-02-24 16:17:53 查询号码 【1725390】，GSD为【"福建-福州"】

2024-02-24 16:17:54 开始第 5472 次操作

2024-02-24 16:17:54 开始操作号码 【1725391】
2024-02-24 16:18:00 GSD getOne 第 1 次 等待 3 秒
2024-02-24 16:18:03 查询号码 【1725391】，返回信息 {"status":"ok","msg":"福建-福州","gid":"300717","time_insert":"2021-07-17 06:47"}
2024-02-24 16:18:03 查询号码 【1725391】，GSD为【"福建-福州"】

2024-02-24 16:37:24 开始第 5473 次操作

2024-02-24 16:37:24 开始操作号码 【1725392】
2024-02-24 16:37:30 GSD getOne 第 1 次 等待 3 秒
2024-02-24 16:37:33 查询号码 【1725392】，返回信息 {"status":"ok","msg":"福建-福州","gid":"300726","time_insert":"2021-07-17 06:48"}
2024-02-24 16:37:33 查询号码 【1725392】，GSD为【"福建-福州"】

2024-02-24 16:37:34 开始第 5474 次操作

2024-02-24 16:37:34 开始操作号码 【1725393】
2024-02-24 16:37:40 GSD getOne 第 1 次 等待 3 秒
2024-02-24 16:37:43 查询号码 【1725393】，返回信息 {"status":"ok","msg":"福建-福州","gid":"300732","time_insert":"2021-07-17 06:48"}
2024-02-24 16:37:43 查询号码 【1725393】，GSD为【"福建-福州"】

2024-02-24 16:37:44 开始第 5475 次操作

2024-02-24 16:37:44 开始操作号码 【1725394】
2024-02-24 16:37:49 GSD getOne 第 1 次 等待 3 秒
2024-02-24 16:37:52 查询号码 【1725394】，返回信息 {"status":"ok","msg":"福建-福州","gid":"300737","time_insert":"2021-07-17 06:49"}
2024-02-24 16:37:52 查询号码 【1725394】，GSD为【"福建-福州"】

2024-02-24 16:37:53 开始第 5476 次操作

2024-02-24 16:37:53 开始操作号码 【1725395】
2024-02-24 16:37:58 GSD getOne 第 1 次 等待 3 秒
2024-02-24 16:38:01 查询号码 【1725395】，返回信息 {"status":"ok","msg":"福建-福州","gid":"300745","time_insert":"2021-07-17 06:50"}
2024-02-24 16:38:01 查询号码 【1725395】，GSD为【"福建-福州"】

2024-02-24 17:13:32 开始第 5477 次操作

2024-02-24 17:13:32 开始操作号码 【1725396】
2024-02-24 17:13:37 GSD getOne 第 1 次 等待 3 秒
2024-02-24 17:13:40 查询号码 【1725396】，返回信息 {"status":"ok","msg":"福建-福州","gid":"300752","time_insert":"2021-07-17 06:50"}
2024-02-24 17:13:40 查询号码 【1725396】，GSD为【"福建-福州"】

2024-02-24 17:13:41 开始第 5478 次操作

2024-02-24 17:13:41 开始操作号码 【1725397】
2024-02-24 17:13:46 GSD getOne 第 1 次 等待 3 秒
2024-02-24 17:13:49 查询号码 【1725397】，返回信息 {"status":"ok","msg":"福建-福州","gid":"300760","time_insert":"2021-07-17 06:51"}
2024-02-24 17:13:49 查询号码 【1725397】，GSD为【"福建-福州"】

2024-02-24 17:13:50 开始第 5479 次操作

2024-02-24 17:13:50 开始操作号码 【1725398】
2024-02-24 17:13:54 GSD getOne 第 1 次 等待 3 秒
2024-02-24 17:13:57 查询号码 【1725398】，返回信息 {"status":"ok","msg":"福建-福州","gid":"300766","time_insert":"2021-07-17 06:52"}
2024-02-24 17:13:57 查询号码 【1725398】，GSD为【"福建-福州"】

2024-02-24 17:13:58 开始第 5480 次操作

2024-02-24 17:13:58 开始操作号码 【1725399】
2024-02-24 17:14:05 GSD getOne 第 1 次 等待 3 秒
2024-02-24 17:14:08 查询号码 【1725399】，返回信息 {"status":"ok","msg":"福建-福州","gid":"300774","time_insert":"2021-07-17 06:52"}
2024-02-24 17:14:08 查询号码 【1725399】，GSD为【"福建-福州"】

