2024-07-17 00:21:28 开始第 6337 次操作

2024-07-17 00:21:28 开始操作号码 【1506246】
2024-07-17 00:21:36 GSD getOne 第 1 次 等待 3 秒
2024-07-17 00:21:39 查询号码 【1506246】，返回信息 {"status":"ok","msg":"江苏-苏州","gid":"391968","time_insert":"2021-07-25 17:56"}
2024-07-17 00:21:39 查询号码 【1506246】，GSD为【"江苏-苏州"】

2024-07-17 00:21:40 开始第 6338 次操作

2024-07-17 00:21:40 开始操作号码 【1506247】
2024-07-17 00:21:51 GSD getOne 第 1 次 等待 3 秒
2024-07-17 00:21:54 查询号码 【1506247】，返回信息 {"status":"ok","msg":"江苏-苏州","gid":"391951","time_insert":"2021-07-25 17:55"}
2024-07-17 00:21:54 查询号码 【1506247】，GSD为【"江苏-苏州"】

2024-07-17 00:21:55 开始第 6339 次操作

2024-07-17 00:21:55 开始操作号码 【1506248】
2024-07-17 00:22:04 GSD getOne 第 1 次 等待 3 秒
2024-07-17 00:22:07 查询号码 【1506248】，返回信息 {"status":"ok","msg":"江苏-苏州","gid":"391933","time_insert":"2021-07-25 17:54"}
2024-07-17 00:22:07 查询号码 【1506248】，GSD为【"江苏-苏州"】

2024-07-17 00:22:08 开始第 6340 次操作

2024-07-17 00:22:08 开始操作号码 【1506249】
2024-07-17 00:22:17 GSD getOne 第 1 次 等待 3 秒
2024-07-17 00:22:20 查询号码 【1506249】，返回信息 {"status":"ok","msg":"江苏-苏州","gid":"391921","time_insert":"2021-07-25 17:54"}
2024-07-17 00:22:20 查询号码 【1506249】，GSD为【"江苏-苏州"】

2024-07-17 00:43:01 开始第 6341 次操作

2024-07-17 00:43:01 开始操作号码 【1506250】
2024-07-17 00:43:09 GSD getOne 第 1 次 等待 3 秒
2024-07-17 00:43:12 查询号码 【1506250】，返回信息 {"status":"ok","msg":"江苏-苏州","gid":"391908","time_insert":"2021-07-25 17:53"}
2024-07-17 00:43:12 查询号码 【1506250】，GSD为【"江苏-苏州"】

2024-07-17 00:43:13 开始第 6342 次操作

2024-07-17 00:43:13 开始操作号码 【1506251】
2024-07-17 00:43:21 GSD getOne 第 1 次 等待 3 秒
2024-07-17 00:43:24 查询号码 【1506251】，返回信息 {"status":"ok","msg":"江苏-苏州","gid":"391893","time_insert":"2021-07-25 17:52"}
2024-07-17 00:43:24 查询号码 【1506251】，GSD为【"江苏-苏州"】

2024-07-17 00:43:25 开始第 6343 次操作

2024-07-17 00:43:25 开始操作号码 【1506252】
2024-07-17 00:43:33 GSD getOne 第 1 次 等待 3 秒
2024-07-17 00:43:36 查询号码 【1506252】，返回信息 {"status":"ok","msg":"江苏-苏州","gid":"391875","time_insert":"2021-07-25 17:51"}
2024-07-17 00:43:36 查询号码 【1506252】，GSD为【"江苏-苏州"】

2024-07-17 00:43:37 开始第 6344 次操作

2024-07-17 00:43:37 开始操作号码 【1506253】
2024-07-17 00:43:47 GSD getOne 第 1 次 等待 3 秒
2024-07-17 00:43:50 查询号码 【1506253】，返回信息 {"status":"ok","msg":"江苏-苏州","gid":"391860","time_insert":"2021-07-25 17:50"}
2024-07-17 00:43:50 查询号码 【1506253】，GSD为【"江苏-苏州"】

2024-07-17 01:15:38 开始第 6345 次操作

2024-07-17 01:15:38 开始操作号码 【1506254】
2024-07-17 01:15:47 GSD getOne 第 1 次 等待 3 秒
2024-07-17 01:15:50 查询号码 【1506254】，返回信息 {"status":"ok","msg":"江苏-苏州","gid":"391845","time_insert":"2021-07-25 17:49"}
2024-07-17 01:15:50 查询号码 【1506254】，GSD为【"江苏-苏州"】

2024-07-17 01:15:51 开始第 6346 次操作

2024-07-17 01:15:51 开始操作号码 【1506255】
2024-07-17 01:15:59 GSD getOne 第 1 次 等待 3 秒
2024-07-17 01:16:02 查询号码 【1506255】，返回信息 {"status":"ok","msg":"江苏-苏州","gid":"391832","time_insert":"2021-07-25 17:48"}
2024-07-17 01:16:02 查询号码 【1506255】，GSD为【"江苏-苏州"】

2024-07-17 01:16:03 开始第 6347 次操作

2024-07-17 01:16:03 开始操作号码 【1506256】
2024-07-17 01:16:11 GSD getOne 第 1 次 等待 3 秒
2024-07-17 01:16:14 查询号码 【1506256】，返回信息 {"status":"ok","msg":"江苏-苏州","gid":"391818","time_insert":"2021-07-25 17:48"}
2024-07-17 01:16:14 查询号码 【1506256】，GSD为【"江苏-苏州"】

2024-07-17 01:16:15 开始第 6348 次操作

2024-07-17 01:16:15 开始操作号码 【1506257】
2024-07-17 01:16:23 GSD getOne 第 1 次 等待 3 秒
2024-07-17 01:16:26 查询号码 【1506257】，返回信息 {"status":"ok","msg":"江苏-苏州","gid":"391805","time_insert":"2021-07-25 17:47"}
2024-07-17 01:16:26 查询号码 【1506257】，GSD为【"江苏-苏州"】

2024-07-17 01:37:48 开始第 6349 次操作

2024-07-17 01:37:48 开始操作号码 【1506258】
2024-07-17 01:37:56 GSD getOne 第 1 次 等待 3 秒
2024-07-17 01:37:59 查询号码 【1506258】，返回信息 {"status":"ok","msg":"江苏-苏州","gid":"391791","time_insert":"2021-07-25 17:46"}
2024-07-17 01:37:59 查询号码 【1506258】，GSD为【"江苏-苏州"】

2024-07-17 01:38:00 开始第 6350 次操作

2024-07-17 01:38:00 开始操作号码 【1506259】
2024-07-17 01:38:08 GSD getOne 第 1 次 等待 3 秒
2024-07-17 01:38:11 查询号码 【1506259】，返回信息 {"status":"ok","msg":"江苏-苏州","gid":"15781","time_insert":"2017-04-20 16:08","time_update":"2020-08-24 23:51"}
2024-07-17 01:38:11 查询号码 【1506259】，GSD为【"江苏-苏州"】

2024-07-17 01:38:12 开始第 6351 次操作

2024-07-17 01:38:12 开始操作号码 【1506260】
2024-07-17 01:38:20 GSD getOne 第 1 次 等待 3 秒
2024-07-17 01:38:23 查询号码 【1506260】，返回信息 {"status":"ok","msg":"江苏-苏州","gid":"391775","time_insert":"2021-07-25 17:45"}
2024-07-17 01:38:23 查询号码 【1506260】，GSD为【"江苏-苏州"】

2024-07-17 01:38:24 开始第 6352 次操作

2024-07-17 01:38:24 开始操作号码 【1506261】
2024-07-17 01:38:31 GSD getOne 第 1 次 等待 3 秒
2024-07-17 01:38:34 查询号码 【1506261】，返回信息 {"status":"ok","msg":"江苏-苏州","gid":"391763","time_insert":"2021-07-25 17:44"}
2024-07-17 01:38:35 查询号码 【1506261】，GSD为【"江苏-苏州"】

2024-07-17 02:24:39 开始第 6353 次操作

2024-07-17 02:24:39 开始操作号码 【1506262】
2024-07-17 02:24:47 GSD getOne 第 1 次 等待 3 秒
2024-07-17 02:24:50 查询号码 【1506262】，返回信息 {"status":"ok","msg":"江苏-苏州","gid":"391751","time_insert":"2021-07-25 17:43"}
2024-07-17 02:24:51 查询号码 【1506262】，GSD为【"江苏-苏州"】

2024-07-17 02:24:52 开始第 6354 次操作

2024-07-17 02:24:52 开始操作号码 【1506263】
2024-07-17 02:24:59 GSD getOne 第 1 次 等待 3 秒
2024-07-17 02:25:02 查询号码 【1506263】，返回信息 {"status":"ok","msg":"江苏-苏州","gid":"391739","time_insert":"2021-07-25 17:42"}
2024-07-17 02:25:02 查询号码 【1506263】，GSD为【"江苏-苏州"】

2024-07-17 02:25:03 开始第 6355 次操作

2024-07-17 02:25:03 开始操作号码 【1506264】
2024-07-17 02:25:11 GSD getOne 第 1 次 等待 3 秒
2024-07-17 02:25:14 查询号码 【1506264】，返回信息 {"status":"ok","msg":"江苏-苏州","gid":"391723","time_insert":"2021-07-25 17:41"}
2024-07-17 02:25:14 查询号码 【1506264】，GSD为【"江苏-苏州"】

2024-07-17 02:25:15 开始第 6356 次操作

2024-07-17 02:25:15 开始操作号码 【1506265】
2024-07-17 02:25:23 GSD getOne 第 1 次 等待 3 秒
2024-07-17 02:25:26 查询号码 【1506265】，返回信息 {"status":"ok","msg":"江苏-苏州","gid":"391719","time_insert":"2021-07-25 17:40"}
2024-07-17 02:25:26 查询号码 【1506265】，GSD为【"江苏-苏州"】

