2024-11-23 00:09:38 开始第 6429 次操作

2024-11-23 00:09:38 开始操作号码 【1316428】
2024-11-23 00:09:40 GSD getOne 第 1 次 等待 3 秒
2024-11-23 00:09:43 查询号码 【1316428】，返回信息 {"status":"ok","msg":"北京-北京","gid":"236277","time_insert":"2021-07-10 03:42"}
2024-11-23 00:09:43 查询号码 【1316428】，GSD为【"北京-北京"】

2024-11-23 00:09:44 开始第 6430 次操作

2024-11-23 00:09:44 开始操作号码 【1316429】
2024-11-23 00:09:45 GSD getOne 第 1 次 等待 3 秒
2024-11-23 00:09:48 查询号码 【1316429】，返回信息 {"status":"ok","msg":"北京-北京","gid":"236273","time_insert":"2021-07-10 03:42"}
2024-11-23 00:09:48 查询号码 【1316429】，GSD为【"北京-北京"】

2024-11-23 00:09:49 开始第 6431 次操作

2024-11-23 00:09:49 开始操作号码 【1316430】
2024-11-23 00:09:51 GSD getOne 第 1 次 等待 3 秒
2024-11-23 00:09:54 查询号码 【1316430】，返回信息 {"status":"ok","msg":"河南-郑州","gid":"236260","time_insert":"2021-07-10 03:42"}
2024-11-23 00:09:54 查询号码 【1316430】，GSD为【"河南-郑州"】

2024-11-23 00:09:55 开始第 6432 次操作

2024-11-23 00:09:55 开始操作号码 【1316431】
2024-11-23 00:09:57 GSD getOne 第 1 次 等待 3 秒
2024-11-23 00:10:00 查询号码 【1316431】，返回信息 {"status":"ok","msg":"河南-郑州","gid":"236251","time_insert":"2021-07-10 03:41"}
2024-11-23 00:10:00 查询号码 【1316431】，GSD为【"河南-郑州"】

