2024-01-18 00:22:15 开始第 9245 次操作

2024-01-18 00:22:15 开始操作号码 【1839164】
2024-01-18 00:22:19 GSD getOne 第 1 次 等待 3 秒
2024-01-18 00:22:22 查询号码 【1839164】，返回信息 {"status":"ok","msg":"陕西-汉中","gid":"359817","time_insert":"2021-07-22 22:59"}
2024-01-18 00:22:22 查询号码 【1839164】，GSD为【"陕西-汉中"】

2024-01-18 00:22:23 开始第 9246 次操作

2024-01-18 00:22:23 开始操作号码 【1839165】
2024-01-18 00:22:28 GSD getOne 第 1 次 等待 3 秒
2024-01-18 00:22:31 查询号码 【1839165】，返回信息 {"status":"ok","msg":"陕西-汉中","gid":"359823","time_insert":"2021-07-22 22:59"}
2024-01-18 00:22:31 查询号码 【1839165】，GSD为【"陕西-汉中"】

2024-01-18 00:22:32 开始第 9247 次操作

2024-01-18 00:22:33 开始操作号码 【1839166】
2024-01-18 00:22:36 GSD getOne 第 1 次 等待 3 秒
2024-01-18 00:22:39 查询号码 【1839166】，返回信息 {"status":"ok","msg":"陕西-汉中","gid":"359832","time_insert":"2021-07-22 23:00"}
2024-01-18 00:22:40 查询号码 【1839166】，GSD为【"陕西-汉中"】

2024-01-18 00:22:41 开始第 9248 次操作

2024-01-18 00:22:41 开始操作号码 【1839167】
2024-01-18 00:22:44 GSD getOne 第 1 次 等待 3 秒
2024-01-18 00:22:47 查询号码 【1839167】，返回信息 {"status":"ok","msg":"陕西-汉中","gid":"38918","time_insert":"2019-08-28 22:25","time_update":"2020-12-10 20:44"}
2024-01-18 00:22:47 查询号码 【1839167】，GSD为【"陕西-汉中"】

2024-01-18 00:42:16 开始第 9249 次操作

2024-01-18 00:42:16 开始操作号码 【1839168】
2024-01-18 00:42:21 GSD getOne 第 1 次 等待 3 秒
2024-01-18 00:42:24 查询号码 【1839168】，返回信息 {"status":"ok","msg":"陕西-汉中","gid":"38919","time_insert":"2019-03-09 22:57","time_update":"2020-12-10 20:26"}
2024-01-18 00:42:24 查询号码 【1839168】，GSD为【"陕西-汉中"】

2024-01-18 00:42:25 开始第 9250 次操作

2024-01-18 00:42:25 开始操作号码 【1839169】
2024-01-18 00:42:29 GSD getOne 第 1 次 等待 3 秒
2024-01-18 00:42:32 查询号码 【1839169】，返回信息 {"status":"ok","msg":"陕西-咸阳","gid":"359841","time_insert":"2021-07-22 23:01"}
2024-01-18 00:42:32 查询号码 【1839169】，GSD为【"陕西-咸阳"】

2024-01-18 00:42:33 开始第 9251 次操作

2024-01-18 00:42:33 开始操作号码 【1839170】
2024-01-18 00:42:38 GSD getOne 第 1 次 等待 3 秒
2024-01-18 00:42:41 查询号码 【1839170】，返回信息 {"status":"ok","msg":"陕西-宝鸡","gid":"359849","time_insert":"2021-07-22 23:01"}
2024-01-18 00:42:42 查询号码 【1839170】，GSD为【"陕西-宝鸡"】

2024-01-18 00:42:43 开始第 9252 次操作

2024-01-18 00:42:43 开始操作号码 【1839171】
2024-01-18 00:42:47 GSD getOne 第 1 次 等待 3 秒
2024-01-18 00:42:50 查询号码 【1839171】，返回信息 {"status":"ok","msg":"陕西-宝鸡","gid":"52025","time_insert":"2021-04-22 10:37"}
2024-01-18 00:42:50 查询号码 【1839171】，GSD为【"陕西-宝鸡"】

2024-01-18 01:14:59 开始第 9253 次操作

2024-01-18 01:14:59 开始操作号码 【1839172】
2024-01-18 01:15:03 GSD getOne 第 1 次 等待 3 秒
2024-01-18 01:15:06 查询号码 【1839172】，返回信息 {"status":"ok","msg":"陕西-宝鸡","gid":"359857","time_insert":"2021-07-22 23:02"}
2024-01-18 01:15:06 查询号码 【1839172】，GSD为【"陕西-宝鸡"】

2024-01-18 01:15:07 开始第 9254 次操作

2024-01-18 01:15:07 开始操作号码 【1839173】
2024-01-18 01:15:11 GSD getOne 第 1 次 等待 3 秒
2024-01-18 01:15:14 查询号码 【1839173】，返回信息 {"status":"ok","msg":"陕西-宝鸡","gid":"38920","time_insert":"2017-03-21 16:24","time_update":"2020-12-10 21:49"}
2024-01-18 01:15:14 查询号码 【1839173】，GSD为【"陕西-宝鸡"】

2024-01-18 01:15:15 开始第 9255 次操作

2024-01-18 01:15:15 开始操作号码 【1839174】
2024-01-18 01:15:21 GSD getOne 第 1 次 等待 3 秒
2024-01-18 01:15:24 查询号码 【1839174】，返回信息 {"status":"ok","msg":"陕西-宝鸡","gid":"360022","time_insert":"2021-07-22 23:48"}
2024-01-18 01:15:24 查询号码 【1839174】，GSD为【"陕西-宝鸡"】

2024-01-18 01:15:25 开始第 9256 次操作

2024-01-18 01:15:25 开始操作号码 【1839175】
2024-01-18 01:15:29 GSD getOne 第 1 次 等待 3 秒
2024-01-18 01:15:32 查询号码 【1839175】，返回信息 {"status":"ok","msg":"陕西-宝鸡","gid":"38921","time_insert":"2019-01-04 14:08","time_update":"2020-12-10 19:57"}
2024-01-18 01:15:33 查询号码 【1839175】，GSD为【"陕西-宝鸡"】

2024-01-18 01:37:20 开始第 9257 次操作

2024-01-18 01:37:20 开始操作号码 【1839176】
2024-01-18 01:37:24 GSD getOne 第 1 次 等待 3 秒
2024-01-18 01:37:27 查询号码 【1839176】，返回信息 {"status":"ok","msg":"陕西-宝鸡","gid":"360038","time_insert":"2021-07-22 23:50"}
2024-01-18 01:37:27 查询号码 【1839176】，GSD为【"陕西-宝鸡"】

2024-01-18 01:37:28 开始第 9258 次操作

2024-01-18 01:37:28 开始操作号码 【1839177】
2024-01-18 01:37:32 GSD getOne 第 1 次 等待 3 秒
2024-01-18 01:37:35 查询号码 【1839177】，返回信息 {"status":"ok","msg":"陕西-宝鸡","gid":"360053","time_insert":"2021-07-22 23:51"}
2024-01-18 01:37:35 查询号码 【1839177】，GSD为【"陕西-宝鸡"】

2024-01-18 01:37:36 开始第 9259 次操作

2024-01-18 01:37:36 开始操作号码 【1839178】
2024-01-18 01:37:41 GSD getOne 第 1 次 等待 3 秒
2024-01-18 01:37:44 查询号码 【1839178】，返回信息 {"status":"ok","msg":"陕西-宝鸡","gid":"360062","time_insert":"2021-07-22 23:51"}
2024-01-18 01:37:44 查询号码 【1839178】，GSD为【"陕西-宝鸡"】

2024-01-18 01:37:45 开始第 9260 次操作

2024-01-18 01:37:45 开始操作号码 【1839179】
2024-01-18 01:37:49 GSD getOne 第 1 次 等待 3 秒
2024-01-18 01:37:52 查询号码 【1839179】，返回信息 {"status":"ok","msg":"陕西-宝鸡","gid":"360073","time_insert":"2021-07-22 23:52"}
2024-01-18 01:37:52 查询号码 【1839179】，GSD为【"陕西-宝鸡"】

2024-01-18 02:21:05 开始第 9261 次操作

2024-01-18 02:21:05 开始操作号码 【1839180】
2024-01-18 02:21:09 GSD getOne 第 1 次 等待 3 秒
2024-01-18 02:21:12 查询号码 【1839180】，返回信息 {"status":"ok","msg":"陕西-咸阳","gid":"360086","time_insert":"2021-07-22 23:53"}
2024-01-18 02:21:12 查询号码 【1839180】，GSD为【"陕西-咸阳"】

2024-01-18 02:21:13 开始第 9262 次操作

2024-01-18 02:21:13 开始操作号码 【1839181】
2024-01-18 02:21:17 GSD getOne 第 1 次 等待 3 秒
2024-01-18 02:21:20 查询号码 【1839181】，返回信息 {"status":"ok","msg":"陕西-咸阳","gid":"360098","time_insert":"2021-07-22 23:54"}
2024-01-18 02:21:20 查询号码 【1839181】，GSD为【"陕西-咸阳"】

2024-01-18 02:21:21 开始第 9263 次操作

2024-01-18 02:21:21 开始操作号码 【1839182】
2024-01-18 02:21:25 GSD getOne 第 1 次 等待 3 秒
2024-01-18 02:21:28 查询号码 【1839182】，返回信息 {"status":"ok","msg":"陕西-咸阳","gid":"360111","time_insert":"2021-07-22 23:55"}
2024-01-18 02:21:28 查询号码 【1839182】，GSD为【"陕西-咸阳"】

2024-01-18 02:21:29 开始第 9264 次操作

2024-01-18 02:21:29 开始操作号码 【1839183】
2024-01-18 02:21:33 GSD getOne 第 1 次 等待 3 秒
2024-01-18 02:21:36 查询号码 【1839183】，返回信息 {"status":"ok","msg":"陕西-渭南","gid":"360121","time_insert":"2021-07-22 23:56"}
2024-01-18 02:21:36 查询号码 【1839183】，GSD为【"陕西-渭南"】

2024-01-18 02:38:30 开始第 9265 次操作

2024-01-18 02:38:30 开始操作号码 【1839184】
2024-01-18 02:38:34 GSD getOne 第 1 次 等待 3 秒
2024-01-18 02:38:37 查询号码 【1839184】，返回信息 {"status":"ok","msg":"陕西-咸阳","gid":"360135","time_insert":"2021-07-22 23:57"}
2024-01-18 02:38:37 查询号码 【1839184】，GSD为【"陕西-咸阳"】

2024-01-18 02:38:38 开始第 9266 次操作

2024-01-18 02:38:38 开始操作号码 【1839185】
2024-01-18 02:38:42 GSD getOne 第 1 次 等待 3 秒
2024-01-18 02:38:45 查询号码 【1839185】，返回信息 {"status":"ok","msg":"陕西-西安","gid":"360147","time_insert":"2021-07-22 23:58"}
2024-01-18 02:38:45 查询号码 【1839185】，GSD为【"陕西-西安"】

2024-01-18 02:38:46 开始第 9267 次操作

2024-01-18 02:38:46 开始操作号码 【1839186】
2024-01-18 02:38:50 GSD getOne 第 1 次 等待 3 秒
2024-01-18 02:38:53 查询号码 【1839186】，返回信息 {"status":"ok","msg":"陕西-西安","gid":"360161","time_insert":"2021-07-22 23:58"}
2024-01-18 02:38:53 查询号码 【1839186】，GSD为【"陕西-西安"】

2024-01-18 02:38:54 开始第 9268 次操作

2024-01-18 02:38:54 开始操作号码 【1839187】
2024-01-18 02:38:58 GSD getOne 第 1 次 等待 3 秒
2024-01-18 02:39:01 查询号码 【1839187】，返回信息 {"status":"ok","msg":"陕西-宝鸡","gid":"360177","time_insert":"2021-07-22 23:59"}
2024-01-18 02:39:01 查询号码 【1839187】，GSD为【"陕西-宝鸡"】

2024-01-18 03:13:37 开始第 9269 次操作

2024-01-18 03:13:37 开始操作号码 【1839188】
2024-01-18 03:13:43 GSD getOne 第 1 次 等待 3 秒
2024-01-18 03:13:46 查询号码 【1839188】，返回信息 {"status":"ok","msg":"陕西-宝鸡","gid":"360192","time_insert":"2021-07-23 00:00"}
2024-01-18 03:13:46 查询号码 【1839188】，GSD为【"陕西-宝鸡"】

2024-01-18 03:13:47 开始第 9270 次操作

2024-01-18 03:13:47 开始操作号码 【1839189】
2024-01-18 03:13:51 GSD getOne 第 1 次 等待 3 秒
2024-01-18 03:13:54 查询号码 【1839189】，返回信息 {"status":"ok","msg":"陕西-宝鸡","gid":"360203","time_insert":"2021-07-23 00:01"}
2024-01-18 03:13:54 查询号码 【1839189】，GSD为【"陕西-宝鸡"】

2024-01-18 03:13:55 开始第 9271 次操作

2024-01-18 03:13:55 开始操作号码 【1839190】
2024-01-18 03:13:59 GSD getOne 第 1 次 等待 3 秒
2024-01-18 03:14:02 查询号码 【1839190】，返回信息 {"status":"ok","msg":"陕西-商洛","gid":"360215","time_insert":"2021-07-23 00:02"}
2024-01-18 03:14:02 查询号码 【1839190】，GSD为【"陕西-商洛"】

2024-01-18 03:14:03 开始第 9272 次操作

2024-01-18 03:14:03 开始操作号码 【1839191】
2024-01-18 03:14:07 GSD getOne 第 1 次 等待 3 秒
2024-01-18 03:14:10 查询号码 【1839191】，返回信息 {"status":"ok","msg":"陕西-商洛","gid":"360226","time_insert":"2021-07-23 00:03"}
2024-01-18 03:14:10 查询号码 【1839191】，GSD为【"陕西-商洛"】

2024-01-18 03:37:17 开始第 9273 次操作

2024-01-18 03:37:17 开始操作号码 【1839192】
2024-01-18 03:37:20 GSD getOne 第 1 次 等待 3 秒
2024-01-18 03:37:23 查询号码 【1839192】，返回信息 {"status":"ok","msg":"陕西-商洛","gid":"360237","time_insert":"2021-07-23 00:04"}
2024-01-18 03:37:23 查询号码 【1839192】，GSD为【"陕西-商洛"】

2024-01-18 03:37:24 开始第 9274 次操作

2024-01-18 03:37:24 开始操作号码 【1839193】
2024-01-18 03:37:28 GSD getOne 第 1 次 等待 3 秒
2024-01-18 03:37:31 查询号码 【1839193】，返回信息 {"status":"ok","msg":"陕西-商洛","gid":"38922","time_insert":"2017-03-23 19:53","time_update":"2020-12-10 19:52"}
2024-01-18 03:37:31 查询号码 【1839193】，GSD为【"陕西-商洛"】

2024-01-18 03:37:32 开始第 9275 次操作

2024-01-18 03:37:32 开始操作号码 【1839194】
2024-01-18 03:37:37 GSD getOne 第 1 次 等待 3 秒
2024-01-18 03:37:40 查询号码 【1839194】，返回信息 {"status":"ok","msg":"陕西-商洛","gid":"360251","time_insert":"2021-07-23 00:05"}
2024-01-18 03:37:40 查询号码 【1839194】，GSD为【"陕西-商洛"】

2024-01-18 03:37:41 开始第 9276 次操作

2024-01-18 03:37:41 开始操作号码 【1839195】
2024-01-18 03:37:45 GSD getOne 第 1 次 等待 3 秒
2024-01-18 03:37:48 查询号码 【1839195】，返回信息 {"status":"ok","msg":"陕西-商洛","gid":"360266","time_insert":"2021-07-23 00:06"}
2024-01-18 03:37:48 查询号码 【1839195】，GSD为【"陕西-商洛"】

2024-01-18 04:17:51 开始第 9277 次操作

2024-01-18 04:17:51 开始操作号码 【1839196】
2024-01-18 04:17:55 GSD getOne 第 1 次 等待 3 秒
2024-01-18 04:17:58 查询号码 【1839196】，返回信息 {"status":"ok","msg":"陕西-商洛","gid":"360276","time_insert":"2021-07-23 00:07"}
2024-01-18 04:17:58 查询号码 【1839196】，GSD为【"陕西-商洛"】

2024-01-18 04:17:59 开始第 9278 次操作

2024-01-18 04:17:59 开始操作号码 【1839197】
2024-01-18 04:18:03 GSD getOne 第 1 次 等待 3 秒
2024-01-18 04:18:06 查询号码 【1839197】，返回信息 {"status":"ok","msg":"陕西-商洛","gid":"360289","time_insert":"2021-07-23 00:08"}
2024-01-18 04:18:06 查询号码 【1839197】，GSD为【"陕西-商洛"】

2024-01-18 04:18:07 开始第 9279 次操作

2024-01-18 04:18:07 开始操作号码 【1839198】
2024-01-18 04:18:11 GSD getOne 第 1 次 等待 3 秒
2024-01-18 04:18:14 查询号码 【1839198】，返回信息 {"status":"ok","msg":"陕西-咸阳","gid":"360298","time_insert":"2021-07-23 00:08"}
2024-01-18 04:18:14 查询号码 【1839198】，GSD为【"陕西-咸阳"】

2024-01-18 04:18:15 开始第 9280 次操作

2024-01-18 04:18:15 开始操作号码 【1839199】
2024-01-18 04:18:19 GSD getOne 第 1 次 等待 3 秒
2024-01-18 04:18:22 查询号码 【1839199】，返回信息 {"status":"ok","msg":"陕西-铜川","gid":"360309","time_insert":"2021-07-23 00:09"}
2024-01-18 04:18:22 查询号码 【1839199】，GSD为【"陕西-铜川"】

2024-01-18 04:37:24 开始第 9281 次操作

2024-01-18 04:37:24 开始操作号码 【1839200】
2024-01-18 04:37:28 GSD getOne 第 1 次 等待 3 秒
2024-01-18 04:37:31 查询号码 【1839200】，返回信息 {"status":"ok","msg":"陕西-西安","gid":"360319","time_insert":"2021-07-23 00:10"}
2024-01-18 04:37:31 查询号码 【1839200】，GSD为【"陕西-西安"】

2024-01-18 04:37:32 开始第 9282 次操作

2024-01-18 04:37:32 开始操作号码 【1839201】
2024-01-18 04:37:36 GSD getOne 第 1 次 等待 3 秒
2024-01-18 04:37:39 查询号码 【1839201】，返回信息 {"status":"ok","msg":"陕西-西安","gid":"360332","time_insert":"2021-07-23 00:11"}
2024-01-18 04:37:39 查询号码 【1839201】，GSD为【"陕西-西安"】

2024-01-18 04:37:40 开始第 9283 次操作

2024-01-18 04:37:40 开始操作号码 【1839202】
2024-01-18 04:37:44 GSD getOne 第 1 次 等待 3 秒
2024-01-18 04:37:48 查询号码 【1839202】，返回信息 {"status":"ok","msg":"陕西-西安","gid":"360345","time_insert":"2021-07-23 00:12"}
2024-01-18 04:37:48 查询号码 【1839202】，GSD为【"陕西-西安"】

2024-01-18 04:37:49 开始第 9284 次操作

2024-01-18 04:37:49 开始操作号码 【1839203】
2024-01-18 04:37:53 GSD getOne 第 1 次 等待 3 秒
2024-01-18 04:37:56 查询号码 【1839203】，返回信息 {"status":"ok","msg":"陕西-西安","gid":"360351","time_insert":"2021-07-23 00:13"}
2024-01-18 04:37:56 查询号码 【1839203】，GSD为【"陕西-西安"】

2024-01-18 05:14:47 开始第 9285 次操作

2024-01-18 05:14:47 开始操作号码 【1839204】
2024-01-18 05:14:51 GSD getOne 第 1 次 等待 3 秒
2024-01-18 05:14:54 查询号码 【1839204】，返回信息 {"status":"ok","msg":"陕西-西安","gid":"360359","time_insert":"2021-07-23 00:13"}
2024-01-18 05:14:54 查询号码 【1839204】，GSD为【"陕西-西安"】

2024-01-18 05:14:55 开始第 9286 次操作

2024-01-18 05:14:55 开始操作号码 【1839205】
2024-01-18 05:14:59 GSD getOne 第 1 次 等待 3 秒
2024-01-18 05:15:02 查询号码 【1839205】，返回信息 {"status":"ok","msg":"陕西-西安","gid":"360363","time_insert":"2021-07-23 00:14"}
2024-01-18 05:15:02 查询号码 【1839205】，GSD为【"陕西-西安"】

2024-01-18 05:15:03 开始第 9287 次操作

2024-01-18 05:15:03 开始操作号码 【1839206】
2024-01-18 05:15:08 GSD getOne 第 1 次 等待 3 秒
2024-01-18 05:15:11 查询号码 【1839206】，返回信息 {"status":"ok","msg":"陕西-西安","gid":"360374","time_insert":"2021-07-23 00:15"}
2024-01-18 05:15:11 查询号码 【1839206】，GSD为【"陕西-西安"】

2024-01-18 05:15:12 开始第 9288 次操作

2024-01-18 05:15:12 开始操作号码 【1839207】
2024-01-18 05:15:16 GSD getOne 第 1 次 等待 3 秒
2024-01-18 05:15:19 查询号码 【1839207】，返回信息 {"status":"ok","msg":"陕西-西安","gid":"360379","time_insert":"2021-07-23 00:16"}
2024-01-18 05:15:19 查询号码 【1839207】，GSD为【"陕西-西安"】

2024-01-18 05:37:15 开始第 9289 次操作

2024-01-18 05:37:15 开始操作号码 【1839208】
2024-01-18 05:37:19 GSD getOne 第 1 次 等待 3 秒
2024-01-18 05:37:22 查询号码 【1839208】，返回信息 {"status":"ok","msg":"陕西-西安","gid":"360382","time_insert":"2021-07-23 00:17"}
2024-01-18 05:37:22 查询号码 【1839208】，GSD为【"陕西-西安"】

2024-01-18 05:37:23 开始第 9290 次操作

2024-01-18 05:37:23 开始操作号码 【1839209】
2024-01-18 05:37:27 GSD getOne 第 1 次 等待 3 秒
2024-01-18 05:37:30 查询号码 【1839209】，返回信息 {"status":"ok","msg":"陕西-西安","gid":"360388","time_insert":"2021-07-23 00:18"}
2024-01-18 05:37:30 查询号码 【1839209】，GSD为【"陕西-西安"】

2024-01-18 05:37:31 开始第 9291 次操作

2024-01-18 05:37:31 开始操作号码 【1839210】
2024-01-18 05:37:35 GSD getOne 第 1 次 等待 3 秒
2024-01-18 05:37:38 查询号码 【1839210】，返回信息 {"status":"ok","msg":"陕西-西安","gid":"38923","time_insert":"2018-06-08 17:53","time_update":"2020-12-10 19:48"}
2024-01-18 05:37:38 查询号码 【1839210】，GSD为【"陕西-西安"】

2024-01-18 05:37:39 开始第 9292 次操作

2024-01-18 05:37:39 开始操作号码 【1839211】
2024-01-18 05:37:43 GSD getOne 第 1 次 等待 3 秒
2024-01-18 05:37:46 查询号码 【1839211】，返回信息 {"status":"ok","msg":"陕西-西安","gid":"360393","time_insert":"2021-07-23 00:19"}
2024-01-18 05:37:46 查询号码 【1839211】，GSD为【"陕西-西安"】

2024-01-18 06:15:54 开始第 9293 次操作

2024-01-18 06:15:54 开始操作号码 【1839212】
2024-01-18 06:15:58 GSD getOne 第 1 次 等待 3 秒
2024-01-18 06:16:01 查询号码 【1839212】，返回信息 {"status":"ok","msg":"陕西-西安","gid":"360398","time_insert":"2021-07-23 00:20"}
2024-01-18 06:16:01 查询号码 【1839212】，GSD为【"陕西-西安"】

2024-01-18 06:16:02 开始第 9294 次操作

2024-01-18 06:16:02 开始操作号码 【1839213】
2024-01-18 06:16:06 GSD getOne 第 1 次 等待 3 秒
2024-01-18 06:16:09 查询号码 【1839213】，返回信息 {"status":"ok","msg":"陕西-西安","gid":"360402","time_insert":"2021-07-23 00:21"}
2024-01-18 06:16:09 查询号码 【1839213】，GSD为【"陕西-西安"】

2024-01-18 06:16:10 开始第 9295 次操作

2024-01-18 06:16:10 开始操作号码 【1839214】
2024-01-18 06:16:13 GSD getOne 第 1 次 等待 3 秒
2024-01-18 06:16:16 查询号码 【1839214】，返回信息 {"status":"ok","msg":"陕西-西安","gid":"360408","time_insert":"2021-07-23 00:22"}
2024-01-18 06:16:16 查询号码 【1839214】，GSD为【"陕西-西安"】

2024-01-18 06:16:17 开始第 9296 次操作

2024-01-18 06:16:17 开始操作号码 【1839215】
2024-01-18 06:16:21 GSD getOne 第 1 次 等待 3 秒
2024-01-18 06:16:24 查询号码 【1839215】，返回信息 {"status":"ok","msg":"陕西-西安","gid":"360415","time_insert":"2021-07-23 00:23"}
2024-01-18 06:16:24 查询号码 【1839215】，GSD为【"陕西-西安"】

2024-01-18 06:37:13 开始第 9297 次操作

2024-01-18 06:37:13 开始操作号码 【1839216】
2024-01-18 06:37:17 GSD getOne 第 1 次 等待 3 秒
2024-01-18 06:37:20 查询号码 【1839216】，返回信息 {"status":"ok","msg":"陕西-西安","gid":"360419","time_insert":"2021-07-23 00:24"}
2024-01-18 06:37:20 查询号码 【1839216】，GSD为【"陕西-西安"】

2024-01-18 06:37:21 开始第 9298 次操作

2024-01-18 06:37:21 开始操作号码 【1839217】
2024-01-18 06:37:25 GSD getOne 第 1 次 等待 3 秒
2024-01-18 06:37:28 查询号码 【1839217】，返回信息 {"status":"ok","msg":"陕西-西安","gid":"360516","time_insert":"2021-07-23 01:05"}
2024-01-18 06:37:28 查询号码 【1839217】，GSD为【"陕西-西安"】

2024-01-18 06:37:29 开始第 9299 次操作

2024-01-18 06:37:29 开始操作号码 【1839218】
2024-01-18 06:37:33 GSD getOne 第 1 次 等待 3 秒
2024-01-18 06:37:36 查询号码 【1839218】，返回信息 {"status":"ok","msg":"陕西-西安","gid":"360525","time_insert":"2021-07-23 01:05"}
2024-01-18 06:37:36 查询号码 【1839218】，GSD为【"陕西-西安"】

2024-01-18 06:37:37 开始第 9300 次操作

2024-01-18 06:37:37 开始操作号码 【1839219】
2024-01-18 06:37:42 GSD getOne 第 1 次 等待 3 秒
2024-01-18 06:37:45 查询号码 【1839219】，返回信息 {"status":"ok","msg":"陕西-西安","gid":"360542","time_insert":"2021-07-23 01:06"}
2024-01-18 06:37:45 查询号码 【1839219】，GSD为【"陕西-西安"】

2024-01-18 07:18:17 开始第 9301 次操作

2024-01-18 07:18:17 开始操作号码 【1839220】
2024-01-18 07:18:21 GSD getOne 第 1 次 等待 3 秒
2024-01-18 07:18:24 查询号码 【1839220】，返回信息 {"status":"ok","msg":"陕西-榆林","gid":"360553","time_insert":"2021-07-23 01:07"}
2024-01-18 07:18:24 查询号码 【1839220】，GSD为【"陕西-榆林"】

2024-01-18 07:18:25 开始第 9302 次操作

2024-01-18 07:18:25 开始操作号码 【1839221】
2024-01-18 07:18:29 GSD getOne 第 1 次 等待 3 秒
2024-01-18 07:18:32 查询号码 【1839221】，返回信息 {"status":"ok","msg":"陕西-榆林","gid":"360569","time_insert":"2021-07-23 01:08"}
2024-01-18 07:18:32 查询号码 【1839221】，GSD为【"陕西-榆林"】

2024-01-18 07:18:33 开始第 9303 次操作

2024-01-18 07:18:33 开始操作号码 【1839222】
2024-01-18 07:18:37 GSD getOne 第 1 次 等待 3 秒
2024-01-18 07:18:40 查询号码 【1839222】，返回信息 {"status":"ok","msg":"陕西-榆林","gid":"360582","time_insert":"2021-07-23 01:09"}
2024-01-18 07:18:40 查询号码 【1839222】，GSD为【"陕西-榆林"】

2024-01-18 07:18:41 开始第 9304 次操作

2024-01-18 07:18:41 开始操作号码 【1839223】
2024-01-18 07:18:46 GSD getOne 第 1 次 等待 3 秒
2024-01-18 07:18:49 查询号码 【1839223】，返回信息 {"status":"ok","msg":"陕西-榆林","gid":"360597","time_insert":"2021-07-23 01:10"}
2024-01-18 07:18:49 查询号码 【1839223】，GSD为【"陕西-榆林"】

2024-01-18 07:37:30 开始第 9305 次操作

2024-01-18 07:37:30 开始操作号码 【1839224】
2024-01-18 07:37:34 GSD getOne 第 1 次 等待 3 秒
2024-01-18 07:37:37 查询号码 【1839224】，返回信息 {"status":"ok","msg":"陕西-榆林","gid":"360610","time_insert":"2021-07-23 01:11"}
2024-01-18 07:37:37 查询号码 【1839224】，GSD为【"陕西-榆林"】

2024-01-18 07:37:38 开始第 9306 次操作

2024-01-18 07:37:38 开始操作号码 【1839225】
2024-01-18 07:37:43 GSD getOne 第 1 次 等待 3 秒
2024-01-18 07:37:46 查询号码 【1839225】，返回信息 {"status":"ok","msg":"陕西-榆林","gid":"38924","time_insert":"2015-01-18 21:51","time_update":"2020-12-10 19:21"}
2024-01-18 07:37:46 查询号码 【1839225】，GSD为【"陕西-榆林"】

2024-01-18 07:37:47 开始第 9307 次操作

2024-01-18 07:37:47 开始操作号码 【1839226】
2024-01-18 07:37:51 GSD getOne 第 1 次 等待 3 秒
2024-01-18 07:37:54 查询号码 【1839226】，返回信息 {"status":"ok","msg":"陕西-榆林","gid":"360627","time_insert":"2021-07-23 01:12"}
2024-01-18 07:37:54 查询号码 【1839226】，GSD为【"陕西-榆林"】

2024-01-18 07:37:55 开始第 9308 次操作

2024-01-18 07:37:55 开始操作号码 【1839227】
2024-01-18 07:38:00 GSD getOne 第 1 次 等待 3 秒
2024-01-18 07:38:03 查询号码 【1839227】，返回信息 {"status":"ok","msg":"陕西-榆林","gid":"38925","time_insert":"2020-08-03 10:13","time_update":"2020-12-10 19:06"}
2024-01-18 07:38:03 查询号码 【1839227】，GSD为【"陕西-榆林"】

2024-01-18 09:14:34 开始第 9309 次操作

2024-01-18 09:14:34 开始操作号码 【1839228】
2024-01-18 09:14:38 GSD getOne 第 1 次 等待 3 秒
2024-01-18 09:14:41 查询号码 【1839228】，返回信息 {"status":"ok","msg":"陕西-榆林","gid":"360649","time_insert":"2021-07-23 01:13"}
2024-01-18 09:14:41 查询号码 【1839228】，GSD为【"陕西-榆林"】

2024-01-18 09:14:42 开始第 9310 次操作

2024-01-18 09:14:42 开始操作号码 【1839229】
2024-01-18 09:14:45 GSD getOne 第 1 次 等待 3 秒
2024-01-18 09:14:48 查询号码 【1839229】，返回信息 {"status":"ok","msg":"陕西-榆林","gid":"360661","time_insert":"2021-07-23 01:14"}
2024-01-18 09:14:48 查询号码 【1839229】，GSD为【"陕西-榆林"】

2024-01-18 09:14:49 开始第 9311 次操作

2024-01-18 09:14:49 开始操作号码 【1839230】
2024-01-18 09:14:53 GSD getOne 第 1 次 等待 3 秒
2024-01-18 09:14:56 查询号码 【1839230】，返回信息 {"status":"ok","msg":"陕西-咸阳","gid":"38926","time_insert":"2017-06-29 22:26","time_update":"2020-12-10 19:02"}
2024-01-18 09:14:56 查询号码 【1839230】，GSD为【"陕西-咸阳"】

2024-01-18 09:14:57 开始第 9312 次操作

2024-01-18 09:14:57 开始操作号码 【1839231】
2024-01-18 09:15:01 GSD getOne 第 1 次 等待 3 秒
2024-01-18 09:15:04 查询号码 【1839231】，返回信息 {"status":"ok","msg":"陕西-渭南","gid":"360680","time_insert":"2021-07-23 01:15"}
2024-01-18 09:15:04 查询号码 【1839231】，GSD为【"陕西-渭南"】

2024-01-18 10:11:27 开始第 9313 次操作

2024-01-18 10:11:27 开始操作号码 【1839232】
2024-01-18 10:11:31 GSD getOne 第 1 次 等待 3 秒
2024-01-18 10:11:34 查询号码 【1839232】，返回信息 {"status":"ok","msg":"陕西-渭南","gid":"360693","time_insert":"2021-07-23 01:16"}
2024-01-18 10:11:34 查询号码 【1839232】，GSD为【"陕西-渭南"】

2024-01-18 10:11:35 开始第 9314 次操作

2024-01-18 10:11:35 开始操作号码 【1839233】
2024-01-18 10:11:40 GSD getOne 第 1 次 等待 3 秒
2024-01-18 10:11:43 查询号码 【1839233】，返回信息 {"status":"ok","msg":"陕西-渭南","gid":"360704","time_insert":"2021-07-23 01:17"}
2024-01-18 10:11:43 查询号码 【1839233】，GSD为【"陕西-渭南"】

2024-01-18 10:11:44 开始第 9315 次操作

2024-01-18 10:11:44 开始操作号码 【1839234】
2024-01-18 10:11:49 GSD getOne 第 1 次 等待 3 秒
2024-01-18 10:11:52 查询号码 【1839234】，返回信息 {"status":"ok","msg":"陕西-渭南","gid":"360716","time_insert":"2021-07-23 01:17"}
2024-01-18 10:11:52 查询号码 【1839234】，GSD为【"陕西-渭南"】

2024-01-18 10:11:53 开始第 9316 次操作

2024-01-18 10:11:53 开始操作号码 【1839235】
2024-01-18 10:11:57 GSD getOne 第 1 次 等待 3 秒
2024-01-18 10:12:00 查询号码 【1839235】，返回信息 {"status":"ok","msg":"陕西-西安","gid":"38927","time_insert":"2017-03-13 23:26","time_update":"2020-12-10 18:48"}
2024-01-18 10:12:00 查询号码 【1839235】，GSD为【"陕西-西安"】

2024-01-18 10:43:20 开始第 9317 次操作

2024-01-18 10:43:20 开始操作号码 【1839236】
2024-01-18 10:43:24 GSD getOne 第 1 次 等待 3 秒
2024-01-18 10:43:27 查询号码 【1839236】，返回信息 {"status":"ok","msg":"陕西-西安","gid":"360726","time_insert":"2021-07-23 01:18"}
2024-01-18 10:43:27 查询号码 【1839236】，GSD为【"陕西-西安"】

2024-01-18 10:43:28 开始第 9318 次操作

2024-01-18 10:43:28 开始操作号码 【1839237】
2024-01-18 10:43:33 GSD getOne 第 1 次 等待 3 秒
2024-01-18 10:43:36 查询号码 【1839237】，返回信息 {"status":"ok","msg":"陕西-西安","gid":"360735","time_insert":"2021-07-23 01:19"}
2024-01-18 10:43:36 查询号码 【1839237】，GSD为【"陕西-西安"】

2024-01-18 10:43:37 开始第 9319 次操作

2024-01-18 10:43:37 开始操作号码 【1839238】
2024-01-18 10:43:40 GSD getOne 第 1 次 等待 3 秒
2024-01-18 10:43:43 查询号码 【1839238】，返回信息 {"status":"ok","msg":"陕西-西安","gid":"360746","time_insert":"2021-07-23 01:19"}
2024-01-18 10:43:43 查询号码 【1839238】，GSD为【"陕西-西安"】

2024-01-18 10:43:44 开始第 9320 次操作

2024-01-18 10:43:44 开始操作号码 【1839239】
2024-01-18 10:43:48 GSD getOne 第 1 次 等待 3 秒
2024-01-18 10:43:51 查询号码 【1839239】，返回信息 {"status":"ok","msg":"陕西-西安","gid":"360758","time_insert":"2021-07-23 01:20"}
2024-01-18 10:43:51 查询号码 【1839239】，GSD为【"陕西-西安"】

2024-01-18 11:18:08 开始第 9321 次操作

2024-01-18 11:18:08 开始操作号码 【1839240】
2024-01-18 11:18:12 GSD getOne 第 1 次 等待 3 秒
2024-01-18 11:18:15 查询号码 【1839240】，返回信息 {"status":"ok","msg":"陕西-西安","gid":"360765","time_insert":"2021-07-23 01:20"}
2024-01-18 11:18:15 查询号码 【1839240】，GSD为【"陕西-西安"】

2024-01-18 11:18:16 开始第 9322 次操作

2024-01-18 11:18:16 开始操作号码 【1839241】
2024-01-18 11:18:20 GSD getOne 第 1 次 等待 3 秒
2024-01-18 11:18:23 查询号码 【1839241】，返回信息 {"status":"ok","msg":"陕西-西安","gid":"38928","time_insert":"2018-02-25 14:44","time_update":"2020-12-10 18:21"}
2024-01-18 11:18:23 查询号码 【1839241】，GSD为【"陕西-西安"】

2024-01-18 11:18:24 开始第 9323 次操作

2024-01-18 11:18:24 开始操作号码 【1839242】
2024-01-18 11:18:28 GSD getOne 第 1 次 等待 3 秒
2024-01-18 11:18:31 查询号码 【1839242】，返回信息 {"status":"ok","msg":"陕西-西安","gid":"360776","time_insert":"2021-07-23 01:21"}
2024-01-18 11:18:31 查询号码 【1839242】，GSD为【"陕西-西安"】

2024-01-18 11:18:32 开始第 9324 次操作

2024-01-18 11:18:32 开始操作号码 【1839243】
2024-01-18 11:18:50 GSD getOne 第 1 次 等待 3 秒
2024-01-18 11:18:53 查询号码 【1839243】，返回信息 {"status":"ok","msg":"陕西-西安","gid":"360783","time_insert":"2021-07-23 01:22"}
2024-01-18 11:18:53 查询号码 【1839243】，GSD为【"陕西-西安"】

2024-01-18 11:37:16 开始第 9325 次操作

2024-01-18 11:37:16 开始操作号码 【1839244】
2024-01-18 11:37:20 GSD getOne 第 1 次 等待 3 秒
2024-01-18 11:37:23 查询号码 【1839244】，返回信息 {"status":"ok","msg":"陕西-西安","gid":"38929","time_insert":"2017-05-01 08:31","time_update":"2020-12-10 18:18"}
2024-01-18 11:37:23 查询号码 【1839244】，GSD为【"陕西-西安"】

2024-01-18 11:37:24 开始第 9326 次操作

2024-01-18 11:37:24 开始操作号码 【1839245】
2024-01-18 11:37:28 GSD getOne 第 1 次 等待 3 秒
2024-01-18 11:37:31 查询号码 【1839245】，返回信息 {"status":"ok","msg":"陕西-西安","gid":"360793","time_insert":"2021-07-23 01:22"}
2024-01-18 11:37:31 查询号码 【1839245】，GSD为【"陕西-西安"】

2024-01-18 11:37:32 开始第 9327 次操作

2024-01-18 11:37:32 开始操作号码 【1839246】
2024-01-18 11:37:36 GSD getOne 第 1 次 等待 3 秒
2024-01-18 11:37:39 查询号码 【1839246】，返回信息 {"status":"ok","msg":"陕西-西安","gid":"360806","time_insert":"2021-07-23 01:23"}
2024-01-18 11:37:39 查询号码 【1839246】，GSD为【"陕西-西安"】

2024-01-18 11:37:40 开始第 9328 次操作

2024-01-18 11:37:40 开始操作号码 【1839247】
2024-01-18 11:37:44 GSD getOne 第 1 次 等待 3 秒
2024-01-18 11:37:47 查询号码 【1839247】，返回信息 {"status":"ok","msg":"陕西-西安","gid":"360819","time_insert":"2021-07-23 01:24"}
2024-01-18 11:37:47 查询号码 【1839247】，GSD为【"陕西-西安"】

2024-01-18 12:20:00 开始第 9329 次操作

2024-01-18 12:20:00 开始操作号码 【1839248】
2024-01-18 12:20:04 GSD getOne 第 1 次 等待 3 秒
2024-01-18 12:20:07 查询号码 【1839248】，返回信息 {"status":"ok","msg":"陕西-西安","gid":"360830","time_insert":"2021-07-23 01:24"}
2024-01-18 12:20:07 查询号码 【1839248】，GSD为【"陕西-西安"】

2024-01-18 12:20:08 开始第 9330 次操作

2024-01-18 12:20:08 开始操作号码 【1839249】
2024-01-18 12:20:12 GSD getOne 第 1 次 等待 3 秒
2024-01-18 12:20:15 查询号码 【1839249】，返回信息 {"status":"ok","msg":"陕西-西安","gid":"360837","time_insert":"2021-07-23 01:25"}
2024-01-18 12:20:15 查询号码 【1839249】，GSD为【"陕西-西安"】

2024-01-18 12:20:16 开始第 9331 次操作

2024-01-18 12:20:16 开始操作号码 【1839250】
2024-01-18 12:20:20 GSD getOne 第 1 次 等待 3 秒
2024-01-18 12:20:23 查询号码 【1839250】，返回信息 {"status":"ok","msg":"陕西-西安","gid":"360847","time_insert":"2021-07-23 01:26"}
2024-01-18 12:20:23 查询号码 【1839250】，GSD为【"陕西-西安"】

2024-01-18 12:20:24 开始第 9332 次操作

2024-01-18 12:20:24 开始操作号码 【1839251】
2024-01-18 12:20:28 GSD getOne 第 1 次 等待 3 秒
2024-01-18 12:20:31 查询号码 【1839251】，返回信息 {"status":"ok","msg":"陕西-西安","gid":"360855","time_insert":"2021-07-23 01:26"}
2024-01-18 12:20:31 查询号码 【1839251】，GSD为【"陕西-西安"】

2024-01-18 12:37:55 开始第 9333 次操作

2024-01-18 12:37:55 开始操作号码 【1839252】
2024-01-18 12:38:00 GSD getOne 第 1 次 等待 3 秒
2024-01-18 12:38:03 查询号码 【1839252】，返回信息 {"status":"ok","msg":"陕西-西安","gid":"360865","time_insert":"2021-07-23 01:27"}
2024-01-18 12:38:03 查询号码 【1839252】，GSD为【"陕西-西安"】

2024-01-18 12:38:04 开始第 9334 次操作

2024-01-18 12:38:04 开始操作号码 【1839253】
2024-01-18 12:38:08 GSD getOne 第 1 次 等待 3 秒
2024-01-18 12:38:11 查询号码 【1839253】，返回信息 {"status":"ok","msg":"陕西-西安","gid":"360873","time_insert":"2021-07-23 01:27"}
2024-01-18 12:38:11 查询号码 【1839253】，GSD为【"陕西-西安"】

2024-01-18 12:38:12 开始第 9335 次操作

2024-01-18 12:38:12 开始操作号码 【1839254】
2024-01-18 12:38:16 GSD getOne 第 1 次 等待 3 秒
2024-01-18 12:38:19 查询号码 【1839254】，返回信息 {"status":"ok","msg":"陕西-西安","gid":"360879","time_insert":"2021-07-23 01:28"}
2024-01-18 12:38:19 查询号码 【1839254】，GSD为【"陕西-西安"】

2024-01-18 12:38:20 开始第 9336 次操作

2024-01-18 12:38:20 开始操作号码 【1839255】
2024-01-18 12:38:24 GSD getOne 第 1 次 等待 3 秒
2024-01-18 12:38:27 查询号码 【1839255】，返回信息 {"status":"ok","msg":"陕西-西安","gid":"360886","time_insert":"2021-07-23 01:29"}
2024-01-18 12:38:27 查询号码 【1839255】，GSD为【"陕西-西安"】

2024-01-18 13:16:25 开始第 9337 次操作

2024-01-18 13:16:25 开始操作号码 【1839256】
2024-01-18 13:16:29 GSD getOne 第 1 次 等待 3 秒
2024-01-18 13:16:32 查询号码 【1839256】，返回信息 {"status":"ok","msg":"陕西-西安","gid":"360887","time_insert":"2021-07-23 01:29"}
2024-01-18 13:16:32 查询号码 【1839256】，GSD为【"陕西-西安"】

2024-01-18 13:16:33 开始第 9338 次操作

2024-01-18 13:16:33 开始操作号码 【1839257】
2024-01-18 13:16:36 GSD getOne 第 1 次 等待 3 秒
2024-01-18 13:16:39 查询号码 【1839257】，返回信息 {"status":"ok","msg":"陕西-西安","gid":"55757","time_insert":"2020-03-27 09:56"}
2024-01-18 13:16:39 查询号码 【1839257】，GSD为【"陕西-西安"】

2024-01-18 13:16:40 开始第 9339 次操作

2024-01-18 13:16:40 开始操作号码 【1839258】
2024-01-18 13:16:44 GSD getOne 第 1 次 等待 3 秒
2024-01-18 13:16:47 查询号码 【1839258】，返回信息 {"status":"ok","msg":"陕西-西安","gid":"38930","time_insert":"2017-03-25 13:56","time_update":"2020-12-10 18:14"}
2024-01-18 13:16:47 查询号码 【1839258】，GSD为【"陕西-西安"】

2024-01-18 13:16:48 开始第 9340 次操作

2024-01-18 13:16:48 开始操作号码 【1839259】
2024-01-18 13:16:53 GSD getOne 第 1 次 等待 3 秒
2024-01-18 13:16:56 查询号码 【1839259】，返回信息 {"status":"ok","msg":"陕西-西安","gid":"360890","time_insert":"2021-07-23 01:30"}
2024-01-18 13:16:56 查询号码 【1839259】，GSD为【"陕西-西安"】

2024-01-18 13:37:28 开始第 9341 次操作

2024-01-18 13:37:28 开始操作号码 【1839260】
2024-01-18 13:37:32 GSD getOne 第 1 次 等待 3 秒
2024-01-18 13:37:35 查询号码 【1839260】，返回信息 {"status":"ok","msg":"陕西-西安","gid":"360893","time_insert":"2021-07-23 01:30"}
2024-01-18 13:37:35 查询号码 【1839260】，GSD为【"陕西-西安"】

2024-01-18 13:37:36 开始第 9342 次操作

2024-01-18 13:37:36 开始操作号码 【1839261】
2024-01-18 13:37:40 GSD getOne 第 1 次 等待 3 秒
2024-01-18 13:37:43 查询号码 【1839261】，返回信息 {"status":"ok","msg":"陕西-西安","gid":"360895","time_insert":"2021-07-23 01:31"}
2024-01-18 13:37:43 查询号码 【1839261】，GSD为【"陕西-西安"】

2024-01-18 13:37:44 开始第 9343 次操作

2024-01-18 13:37:44 开始操作号码 【1839262】
2024-01-18 13:37:48 GSD getOne 第 1 次 等待 3 秒
2024-01-18 13:37:51 查询号码 【1839262】，返回信息 {"status":"ok","msg":"陕西-西安","gid":"360897","time_insert":"2021-07-23 01:31"}
2024-01-18 13:37:51 查询号码 【1839262】，GSD为【"陕西-西安"】

2024-01-18 13:37:52 开始第 9344 次操作

2024-01-18 13:37:52 开始操作号码 【1839263】
2024-01-18 13:37:58 GSD getOne 第 1 次 等待 3 秒
2024-01-18 13:38:01 查询号码 【1839263】，返回信息 {"status":"ok","msg":"陕西-西安","gid":"360902","time_insert":"2021-07-23 01:32"}
2024-01-18 13:38:01 查询号码 【1839263】，GSD为【"陕西-西安"】

2024-01-18 14:22:25 开始第 9345 次操作

2024-01-18 14:22:25 开始操作号码 【1839264】
2024-01-18 14:22:29 GSD getOne 第 1 次 等待 3 秒
2024-01-18 14:22:32 查询号码 【1839264】，返回信息 {"status":"ok","msg":"陕西-西安","gid":"360907","time_insert":"2021-07-23 01:33"}
2024-01-18 14:22:32 查询号码 【1839264】，GSD为【"陕西-西安"】

2024-01-18 14:22:33 开始第 9346 次操作

2024-01-18 14:22:33 开始操作号码 【1839265】
2024-01-18 14:22:39 GSD getOne 第 1 次 等待 3 秒
2024-01-18 14:22:42 查询号码 【1839265】，返回信息 {"status":"ok","msg":"陕西-西安","gid":"360943","time_insert":"2021-07-23 01:44"}
2024-01-18 14:22:42 查询号码 【1839265】，GSD为【"陕西-西安"】

2024-01-18 14:22:43 开始第 9347 次操作

2024-01-18 14:22:43 开始操作号码 【1839266】
2024-01-18 14:22:47 GSD getOne 第 1 次 等待 3 秒
2024-01-18 14:22:50 查询号码 【1839266】，返回信息 {"status":"ok","msg":"陕西-西安","gid":"360954","time_insert":"2021-07-23 01:45"}
2024-01-18 14:22:50 查询号码 【1839266】，GSD为【"陕西-西安"】

2024-01-18 14:22:51 开始第 9348 次操作

2024-01-18 14:22:51 开始操作号码 【1839267】
2024-01-18 14:22:57 GSD getOne 第 1 次 等待 3 秒
2024-01-18 14:23:00 查询号码 【1839267】，返回信息 {"status":"ok","msg":"陕西-西安","gid":"360964","time_insert":"2021-07-23 01:45"}
2024-01-18 14:23:01 查询号码 【1839267】，GSD为【"陕西-西安"】

2024-01-18 14:39:45 开始第 9349 次操作

2024-01-18 14:39:45 开始操作号码 【1839268】
2024-01-18 14:39:50 GSD getOne 第 1 次 等待 3 秒
2024-01-18 14:39:53 查询号码 【1839268】，返回信息 {"status":"ok","msg":"陕西-西安","gid":"38931","time_insert":"2017-01-12 18:08","time_update":"2020-12-10 18:10"}
2024-01-18 14:39:53 查询号码 【1839268】，GSD为【"陕西-西安"】

2024-01-18 14:39:54 开始第 9350 次操作

2024-01-18 14:39:54 开始操作号码 【1839269】
2024-01-18 14:40:02 GSD getOne 第 1 次 等待 3 秒
2024-01-18 14:40:05 查询号码 【1839269】，返回信息 {"status":"ok","msg":"陕西-西安","gid":"360974","time_insert":"2021-07-23 01:46"}
2024-01-18 14:40:05 查询号码 【1839269】，GSD为【"陕西-西安"】

2024-01-18 14:40:06 开始第 9351 次操作

2024-01-18 14:40:06 开始操作号码 【1839270】
2024-01-18 14:40:14 GSD getOne 第 1 次 等待 3 秒
2024-01-18 14:40:17 查询号码 【1839270】，返回信息 {"status":"ok","msg":"陕西-宝鸡","gid":"360983","time_insert":"2021-07-23 01:47"}
2024-01-18 14:40:17 查询号码 【1839270】，GSD为【"陕西-宝鸡"】

2024-01-18 14:40:18 开始第 9352 次操作

2024-01-18 14:40:18 开始操作号码 【1839271】
2024-01-18 14:40:23 GSD getOne 第 1 次 等待 3 秒
2024-01-18 14:40:26 查询号码 【1839271】，返回信息 {"status":"ok","msg":"陕西-宝鸡","gid":"360992","time_insert":"2021-07-23 01:47"}
2024-01-18 14:40:26 查询号码 【1839271】，GSD为【"陕西-宝鸡"】

