2024-09-26 00:29:05 开始第 6449 次操作

2024-09-26 00:29:05 开始操作号码 【1396448】
2024-09-26 00:29:07 GSD getOne 第 1 次 等待 3 秒
2024-09-26 00:29:10 查询号码 【1396448】，返回信息 {"status":"ok","msg":"山东-淄博","gid":"318085","time_insert":"2021-07-18 19:23"}
2024-09-26 00:29:10 查询号码 【1396448】，GSD为【"山东-淄博"】

2024-09-26 00:29:11 开始第 6450 次操作

2024-09-26 00:29:11 开始操作号码 【1396449】
2024-09-26 00:29:13 GSD getOne 第 1 次 等待 3 秒
2024-09-26 00:29:16 查询号码 【1396449】，返回信息 {"status":"ok","msg":"山东-淄博","gid":"318087","time_insert":"2021-07-18 19:24"}
2024-09-26 00:29:16 查询号码 【1396449】，GSD为【"山东-淄博"】

2024-09-26 00:29:17 开始第 6451 次操作

2024-09-26 00:29:17 开始操作号码 【1396450】
2024-09-26 00:29:19 GSD getOne 第 1 次 等待 3 秒
2024-09-26 00:29:22 查询号码 【1396450】，返回信息 {"status":"ok","msg":"山东-烟台","gid":"318088","time_insert":"2021-07-18 19:25"}
2024-09-26 00:29:22 查询号码 【1396450】，GSD为【"山东-烟台"】

2024-09-26 00:29:23 开始第 6452 次操作

2024-09-26 00:29:23 开始操作号码 【1396451】
2024-09-26 00:29:25 GSD getOne 第 1 次 等待 3 秒
2024-09-26 00:29:28 查询号码 【1396451】，返回信息 {"status":"ok","msg":"山东-烟台","gid":"318092","time_insert":"2021-07-18 19:26"}
2024-09-26 00:29:29 查询号码 【1396451】，GSD为【"山东-烟台"】

