2024-04-03 00:20:39 开始第 1569 次操作

2024-04-03 00:20:39 开始操作号码 【1611489】
2024-04-03 00:20:47 GSD getOne 第 1 次 等待 3 秒
2024-04-03 00:20:50 查询号码 【1611489】，返回信息 {"status":"ok","msg":"-","gid":"540340","time_insert":"2023-02-19 13:45"}
2024-04-03 00:20:50 查询号码 【1611489】，GSD为【"-"】
2024-04-03 00:20:50 ok && -
2024-04-03 00:25:51 CHB 1611489?1712074850 第 1 次 等待 3 秒
2024-04-03 00:25:54 CHB 1611489?1712074850 第 1 次 未获取到 等待 210 秒 下次操作: 2024-04-03 00:29:24
2024-04-03 00:29:26 CHB 1611489?1712075364 第 2 次 等待 3 秒
2024-04-03 00:29:29 CHB 1611489?1712075364 第 2 次 获取到号码【1611489】GSD
2024-04-03 00:29:29 未获取到号码【1611489】GSD，可能号码格式错误
2024-04-03 00:29:29 获取到号码【1611489】的GSD为【-】
2024-04-03 00:29:33 GSD insert 第 1 次 等待 3 秒
2024-04-03 00:29:36 {"status":"bad","gid":"540340","msg":"添加失败！号码【1611489(-|-)】已存在！"}
2024-04-03 00:29:36 随机等待 123 秒，约 2 分钟
2024-04-03 00:29:36 下次操作: 2024-04-03 00:31:39

2024-04-03 00:31:39 开始第 1570 次操作

2024-04-03 00:31:39 开始操作号码 【1611490】
2024-04-03 00:31:44 GSD getOne 第 1 次 等待 3 秒
2024-04-03 00:31:47 查询号码 【1611490】，返回信息 {"status":"ok","msg":"-","gid":"540369","time_insert":"2023-02-19 14:02"}
2024-04-03 00:31:47 查询号码 【1611490】，GSD为【"-"】
2024-04-03 00:31:47 ok && -
2024-04-03 00:31:49 CHB 1611490?1712075507 第 1 次 等待 3 秒
2024-04-03 00:31:52 CHB 1611490?1712075507 第 1 次 获取到号码【1611490】GSD
2024-04-03 00:31:52 未获取到号码【1611490】GSD，可能号码格式错误
2024-04-03 00:31:52 获取到号码【1611490】的GSD为【-】
2024-04-03 00:31:56 GSD insert 第 1 次 等待 3 秒
2024-04-03 00:31:59 {"status":"bad","gid":"540369","msg":"添加失败！号码【1611490(-|-)】已存在！"}
2024-04-03 00:31:59 随机等待 75 秒，约 1 分钟
2024-04-03 00:31:59 下次操作: 2024-04-03 00:33:14

2024-04-03 00:33:14 开始第 1571 次操作

2024-04-03 00:33:14 开始操作号码 【1611491】
2024-04-03 00:33:19 GSD getOne 第 1 次 等待 3 秒
2024-04-03 00:33:22 查询号码 【1611491】，返回信息 {"status":"ok","msg":"-","gid":"540381","time_insert":"2023-02-19 14:13"}
2024-04-03 00:33:22 查询号码 【1611491】，GSD为【"-"】
2024-04-03 00:33:22 ok && -
2024-04-03 00:33:24 CHB 1611491?1712075602 第 1 次 等待 3 秒
2024-04-03 00:33:27 CHB 1611491?1712075602 第 1 次 获取到号码【1611491】GSD
2024-04-03 00:33:27 未获取到号码【1611491】GSD，可能号码格式错误
2024-04-03 00:33:27 获取到号码【1611491】的GSD为【-】
2024-04-03 00:33:31 GSD insert 第 1 次 等待 3 秒
2024-04-03 00:33:34 {"status":"bad","gid":"540381","msg":"添加失败！号码【1611491(-|-)】已存在！"}
2024-04-03 00:33:34 随机等待 100 秒，约 1 分钟
2024-04-03 00:33:34 下次操作: 2024-04-03 00:35:14

2024-04-03 00:35:14 开始第 1572 次操作

2024-04-03 00:35:14 开始操作号码 【1611492】
2024-04-03 00:35:19 GSD getOne 第 1 次 等待 3 秒
2024-04-03 00:35:22 查询号码 【1611492】，返回信息 {"status":"ok","msg":"-","gid":"540403","time_insert":"2023-02-19 14:26"}
2024-04-03 00:35:22 查询号码 【1611492】，GSD为【"-"】
2024-04-03 00:35:22 ok && -
2024-04-03 00:35:24 CHB 1611492?1712075722 第 1 次 等待 3 秒
2024-04-03 00:35:27 CHB 1611492?1712075722 第 1 次 获取到号码【1611492】GSD
2024-04-03 00:35:27 未获取到号码【1611492】GSD，可能号码格式错误
2024-04-03 00:35:27 获取到号码【1611492】的GSD为【-】
2024-04-03 00:35:31 GSD insert 第 1 次 等待 3 秒
2024-04-03 00:35:34 {"status":"bad","gid":"540403","msg":"添加失败！号码【1611492(-|-)】已存在！"}

