2024-10-18 00:08:53 开始第 77 次操作

2024-10-18 00:08:53 开始操作号码 【1310076】
2024-10-18 00:08:54 GSD getOne 第 1 次 等待 3 秒
2024-10-18 00:08:57 查询号码 【1310076】，返回信息 {"status":"ok","msg":"湖北-恩施","gid":"49297","time_insert":"2021-04-17 01:52"}
2024-10-18 00:08:57 查询号码 【1310076】，GSD为【"湖北-恩施"】

2024-10-18 00:08:58 开始第 78 次操作

2024-10-18 00:08:58 开始操作号码 【1310077】
2024-10-18 00:08:59 GSD getOne 第 1 次 等待 3 秒
2024-10-18 00:09:02 查询号码 【1310077】，返回信息 {"status":"ok","msg":"湖北-襄阳","gid":"49305","time_insert":"2021-04-17 04:09"}
2024-10-18 00:09:02 查询号码 【1310077】，GSD为【"湖北-襄阳"】

2024-10-18 00:09:04 开始第 79 次操作

2024-10-18 00:09:04 开始操作号码 【1310078】
2024-10-18 00:09:05 GSD getOne 第 1 次 等待 3 秒
2024-10-18 00:09:08 查询号码 【1310078】，返回信息 {"status":"ok","msg":"湖北-宜昌","gid":"49307","time_insert":"2021-04-17 04:39"}
2024-10-18 00:09:08 查询号码 【1310078】，GSD为【"湖北-宜昌"】

2024-10-18 00:09:09 开始第 80 次操作

2024-10-18 00:09:09 开始操作号码 【1310079】
2024-10-18 00:09:10 GSD getOne 第 1 次 等待 3 秒
2024-10-18 00:09:13 查询号码 【1310079】，返回信息 {"status":"ok","msg":"湖北-荆州","gid":"49308","time_insert":"2021-04-17 05:06"}
2024-10-18 00:09:13 查询号码 【1310079】，GSD为【"湖北-荆州"】

2024-10-18 00:42:04 开始第 81 次操作

2024-10-18 00:42:04 开始操作号码 【1310080】
2024-10-18 00:42:05 GSD getOne 第 1 次 等待 3 秒
2024-10-18 00:42:08 查询号码 【1310080】，返回信息 {"status":"ok","msg":"黑龙江-哈尔滨","gid":"49314","time_insert":"2021-04-17 07:13"}
2024-10-18 00:42:08 查询号码 【1310080】，GSD为【"黑龙江-哈尔滨"】

2024-10-18 00:42:09 开始第 82 次操作

2024-10-18 00:42:09 开始操作号码 【1310081】
2024-10-18 00:42:10 GSD getOne 第 1 次 等待 3 秒
2024-10-18 00:42:13 查询号码 【1310081】，返回信息 {"status":"ok","msg":"黑龙江-哈尔滨","gid":"49322","time_insert":"2021-04-17 09:41"}
2024-10-18 00:42:13 查询号码 【1310081】，GSD为【"黑龙江-哈尔滨"】

2024-10-18 00:42:15 开始第 83 次操作

2024-10-18 00:42:15 开始操作号码 【1310082】
2024-10-18 00:42:16 GSD getOne 第 1 次 等待 3 秒
2024-10-18 00:42:19 查询号码 【1310082】，返回信息 {"status":"ok","msg":"黑龙江-齐齐哈尔","gid":"49324","time_insert":"2021-04-17 10:32"}
2024-10-18 00:42:19 查询号码 【1310082】，GSD为【"黑龙江-齐齐哈尔"】

2024-10-18 00:42:20 开始第 84 次操作

2024-10-18 00:42:20 开始操作号码 【1310083】
2024-10-18 00:42:21 GSD getOne 第 1 次 等待 3 秒
2024-10-18 00:42:24 查询号码 【1310083】，返回信息 {"status":"ok","msg":"黑龙江-哈尔滨","gid":"49331","time_insert":"2021-04-17 12:23"}
2024-10-18 00:42:24 查询号码 【1310083】，GSD为【"黑龙江-哈尔滨"】

