2024-11-10 00:06:48 开始第 4145 次操作

2024-11-10 00:06:48 开始操作号码 【1314144】
2024-11-10 00:06:49 GSD getOne 第 1 次 等待 3 秒
2024-11-10 00:06:52 查询号码 【1314144】，返回信息 {"status":"ok","msg":"北京-北京","gid":"170356","time_insert":"2021-07-02 01:04"}
2024-11-10 00:06:52 查询号码 【1314144】，GSD为【"北京-北京"】

2024-11-10 00:06:53 开始第 4146 次操作

2024-11-10 00:06:53 开始操作号码 【1314145】
2024-11-10 00:06:54 GSD getOne 第 1 次 等待 3 秒
2024-11-10 00:06:57 查询号码 【1314145】，返回信息 {"status":"ok","msg":"北京-北京","gid":"170406","time_insert":"2021-07-02 01:19"}
2024-11-10 00:06:58 查询号码 【1314145】，GSD为【"北京-北京"】

2024-11-10 00:06:59 开始第 4147 次操作

2024-11-10 00:06:59 开始操作号码 【1314146】
2024-11-10 00:07:00 GSD getOne 第 1 次 等待 3 秒
2024-11-10 00:07:03 查询号码 【1314146】，返回信息 {"status":"ok","msg":"北京-北京","gid":"170434","time_insert":"2021-07-02 01:36"}
2024-11-10 00:07:03 查询号码 【1314146】，GSD为【"北京-北京"】

2024-11-10 00:07:04 开始第 4148 次操作

2024-11-10 00:07:04 开始操作号码 【1314147】
2024-11-10 00:07:05 GSD getOne 第 1 次 等待 3 秒
2024-11-10 00:07:08 查询号码 【1314147】，返回信息 {"status":"ok","msg":"北京-北京","gid":"170612","time_insert":"2021-07-02 01:52","time_update":"2021-07-02 15:19"}
2024-11-10 00:07:08 查询号码 【1314147】，GSD为【"北京-北京"】

2024-11-10 00:38:11 开始第 4149 次操作

2024-11-10 00:38:11 开始操作号码 【1314148】
2024-11-10 00:38:12 GSD getOne 第 1 次 等待 3 秒
2024-11-10 00:38:15 查询号码 【1314148】，返回信息 {"status":"ok","msg":"北京-北京","gid":"170717","time_insert":"2021-07-02 02:10"}
2024-11-10 00:38:15 查询号码 【1314148】，GSD为【"北京-北京"】

2024-11-10 00:38:16 开始第 4150 次操作

2024-11-10 00:38:16 开始操作号码 【1314149】
2024-11-10 00:38:17 GSD getOne 第 1 次 等待 3 秒
2024-11-10 00:38:20 查询号码 【1314149】，返回信息 {"status":"ok","msg":"北京-北京","gid":"170743","time_insert":"2021-07-02 02:25"}
2024-11-10 00:38:20 查询号码 【1314149】，GSD为【"北京-北京"】

2024-11-10 00:38:21 开始第 4151 次操作

2024-11-10 00:38:21 开始操作号码 【1314150】
2024-11-10 00:38:22 GSD getOne 第 1 次 等待 3 秒
2024-11-10 00:38:25 查询号码 【1314150】，返回信息 {"status":"ok","msg":"江苏-连云港","gid":"170770","time_insert":"2021-07-02 02:44","time_update":"2021-07-02 15:24"}
2024-11-10 00:38:25 查询号码 【1314150】，GSD为【"江苏-连云港"】

2024-11-10 00:38:26 开始第 4152 次操作

2024-11-10 00:38:26 开始操作号码 【1314151】
2024-11-10 00:38:27 GSD getOne 第 1 次 等待 3 秒
2024-11-10 00:38:30 查询号码 【1314151】，返回信息 {"status":"ok","msg":"江苏-连云港","gid":"170885","time_insert":"2021-07-02 03:02"}
2024-11-10 00:38:31 查询号码 【1314151】，GSD为【"江苏-连云港"】

