2024-12-01 00:07:33 开始第 7837 次操作

2024-12-01 00:07:33 开始操作号码 【1317836】
2024-12-01 00:07:35 GSD getOne 第 1 次 等待 3 秒
2024-12-01 00:07:38 查询号码 【1317836】，返回信息 {"status":"ok","msg":"福建-泉州","gid":"220241","time_insert":"2021-07-08 05:58"}
2024-12-01 00:07:38 查询号码 【1317836】，GSD为【"福建-泉州"】

2024-12-01 00:07:39 开始第 7838 次操作

2024-12-01 00:07:39 开始操作号码 【1317837】
2024-12-01 00:07:41 GSD getOne 第 1 次 等待 3 秒
2024-12-01 00:07:44 查询号码 【1317837】，返回信息 {"status":"ok","msg":"福建-漳州","gid":"220237","time_insert":"2021-07-08 05:57"}
2024-12-01 00:07:44 查询号码 【1317837】，GSD为【"福建-漳州"】

2024-12-01 00:07:45 开始第 7839 次操作

2024-12-01 00:07:45 开始操作号码 【1317838】
2024-12-01 00:07:46 GSD getOne 第 1 次 等待 3 秒
2024-12-01 00:07:49 查询号码 【1317838】，返回信息 {"status":"ok","msg":"福建-福州","gid":"220227","time_insert":"2021-07-08 05:56"}
2024-12-01 00:07:49 查询号码 【1317838】，GSD为【"福建-福州"】

2024-12-01 00:07:50 开始第 7840 次操作

2024-12-01 00:07:50 开始操作号码 【1317839】
2024-12-01 00:07:51 GSD getOne 第 1 次 等待 3 秒
2024-12-01 00:07:54 查询号码 【1317839】，返回信息 {"status":"ok","msg":"福建-龙岩","gid":"220219","time_insert":"2021-07-08 05:56"}
2024-12-01 00:07:54 查询号码 【1317839】，GSD为【"福建-龙岩"】

2024-12-01 00:40:53 开始第 7841 次操作

2024-12-01 00:40:53 开始操作号码 【1317840】
2024-12-01 00:40:54 GSD getOne 第 1 次 等待 3 秒
2024-12-01 00:40:57 查询号码 【1317840】，返回信息 {"status":"ok","msg":"广东-韶关","gid":"220212","time_insert":"2021-07-08 05:55"}
2024-12-01 00:40:57 查询号码 【1317840】，GSD为【"广东-韶关"】

2024-12-01 00:40:58 开始第 7842 次操作

2024-12-01 00:40:58 开始操作号码 【1317841】
2024-12-01 00:40:59 GSD getOne 第 1 次 等待 3 秒
2024-12-01 00:41:02 查询号码 【1317841】，返回信息 {"status":"ok","msg":"广东-韶关","gid":"220204","time_insert":"2021-07-08 05:54"}
2024-12-01 00:41:02 查询号码 【1317841】，GSD为【"广东-韶关"】

2024-12-01 00:41:03 开始第 7843 次操作

2024-12-01 00:41:03 开始操作号码 【1317842】
2024-12-01 00:41:04 GSD getOne 第 1 次 等待 3 秒
2024-12-01 00:41:07 查询号码 【1317842】，返回信息 {"status":"ok","msg":"广东-韶关","gid":"220198","time_insert":"2021-07-08 05:54"}
2024-12-01 00:41:07 查询号码 【1317842】，GSD为【"广东-韶关"】

2024-12-01 00:41:08 开始第 7844 次操作

2024-12-01 00:41:08 开始操作号码 【1317843】
2024-12-01 00:41:10 GSD getOne 第 1 次 等待 3 秒
2024-12-01 00:41:13 查询号码 【1317843】，返回信息 {"status":"ok","msg":"广东-韶关","gid":"220192","time_insert":"2021-07-08 05:53"}
2024-12-01 00:41:13 查询号码 【1317843】，GSD为【"广东-韶关"】

