2024-01-15 00:20:03 开始第 8717 次操作

2024-01-15 00:20:03 开始操作号码 【1838636】
2024-01-15 00:20:08 GSD getOne 第 1 次 等待 3 秒
2024-01-15 00:20:11 查询号码 【1838636】，返回信息 {"status":"ok","msg":"贵州-毕节","gid":"38714","time_insert":"2017-03-11 23:16","time_update":"2020-11-23 03:56"}
2024-01-15 00:20:11 查询号码 【1838636】，GSD为【"贵州-毕节"】

2024-01-15 00:20:12 开始第 8718 次操作

2024-01-15 00:20:12 开始操作号码 【1838637】
2024-01-15 00:20:19 GSD getOne 第 1 次 等待 3 秒
2024-01-15 00:20:22 查询号码 【1838637】，返回信息 {"status":"ok","msg":"贵州-兴义","gid":"38715","time_insert":"2016-11-26 12:35","time_update":"2020-11-23 04:00"}
2024-01-15 00:20:22 查询号码 【1838637】，GSD为【"贵州-兴义"】

2024-01-15 00:20:23 开始第 8719 次操作

2024-01-15 00:20:23 开始操作号码 【1838638】
2024-01-15 00:20:27 GSD getOne 第 1 次 等待 3 秒
2024-01-15 00:20:30 查询号码 【1838638】，返回信息 {"status":"ok","msg":"贵州-兴义","gid":"38716","time_insert":"2017-09-17 12:04","time_update":"2020-11-23 04:04"}
2024-01-15 00:20:30 查询号码 【1838638】，GSD为【"贵州-兴义"】

2024-01-15 00:20:32 开始第 8720 次操作

2024-01-15 00:20:32 开始操作号码 【1838639】
2024-01-15 00:20:37 GSD getOne 第 1 次 等待 3 秒
2024-01-15 00:20:40 查询号码 【1838639】，返回信息 {"status":"ok","msg":"贵州-兴义","gid":"38717","time_insert":"2016-10-21 09:41","time_update":"2020-11-23 04:09"}
2024-01-15 00:20:40 查询号码 【1838639】，GSD为【"贵州-兴义"】

2024-01-15 00:39:00 开始第 8721 次操作

2024-01-15 00:39:00 开始操作号码 【1838640】
2024-01-15 00:39:04 GSD getOne 第 1 次 等待 3 秒
2024-01-15 00:39:07 查询号码 【1838640】，返回信息 {"status":"ok","msg":"贵州-兴义","gid":"38718","time_insert":"2017-12-01 19:10","time_update":"2020-11-23 04:13"}
2024-01-15 00:39:07 查询号码 【1838640】，GSD为【"贵州-兴义"】

2024-01-15 00:39:08 开始第 8722 次操作

2024-01-15 00:39:08 开始操作号码 【1838641】
2024-01-15 00:39:12 GSD getOne 第 1 次 等待 3 秒
2024-01-15 00:39:15 查询号码 【1838641】，返回信息 {"status":"ok","msg":"贵州-兴义","gid":"38719","time_insert":"2017-12-04 09:37","time_update":"2020-11-23 04:16"}
2024-01-15 00:39:15 查询号码 【1838641】，GSD为【"贵州-兴义"】

2024-01-15 00:39:16 开始第 8723 次操作

2024-01-15 00:39:16 开始操作号码 【1838642】
2024-01-15 00:39:21 GSD getOne 第 1 次 等待 3 秒
2024-01-15 00:39:24 查询号码 【1838642】，返回信息 {"status":"ok","msg":"贵州-兴义","gid":"356291","time_insert":"2021-07-22 15:20"}
2024-01-15 00:39:24 查询号码 【1838642】，GSD为【"贵州-兴义"】

2024-01-15 00:39:25 开始第 8724 次操作

2024-01-15 00:39:25 开始操作号码 【1838643】
2024-01-15 00:39:29 GSD getOne 第 1 次 等待 3 秒
2024-01-15 00:39:32 查询号码 【1838643】，返回信息 {"status":"ok","msg":"贵州-兴义","gid":"356297","time_insert":"2021-07-22 15:21"}
2024-01-15 00:39:32 查询号码 【1838643】，GSD为【"贵州-兴义"】

