2024-08-03 00:23:32 开始第 9317 次操作

2024-08-03 00:23:32 开始操作号码 【1509226】
2024-08-03 00:23:41 GSD getOne 第 1 次 等待 3 秒
2024-08-03 00:23:44 查询号码 【1509226】，返回信息 {"status":"ok","msg":"山东-青岛","gid":"362880","time_insert":"2021-07-23 05:49"}
2024-08-03 00:23:44 查询号码 【1509226】，GSD为【"山东-青岛"】

2024-08-03 00:23:45 开始第 9318 次操作

2024-08-03 00:23:45 开始操作号码 【1509227】
2024-08-03 00:23:54 GSD getOne 第 1 次 等待 3 秒
2024-08-03 00:23:57 查询号码 【1509227】，返回信息 {"status":"ok","msg":"山东-青岛","gid":"362871","time_insert":"2021-07-23 05:48"}
2024-08-03 00:23:57 查询号码 【1509227】，GSD为【"山东-青岛"】

2024-08-03 00:23:58 开始第 9319 次操作

2024-08-03 00:23:58 开始操作号码 【1509228】
2024-08-03 00:24:06 GSD getOne 第 1 次 等待 3 秒
2024-08-03 00:24:09 查询号码 【1509228】，返回信息 {"status":"ok","msg":"山东-青岛","gid":"362865","time_insert":"2021-07-23 05:48"}
2024-08-03 00:24:09 查询号码 【1509228】，GSD为【"山东-青岛"】

2024-08-03 00:24:10 开始第 9320 次操作

2024-08-03 00:24:10 开始操作号码 【1509229】
2024-08-03 00:24:18 GSD getOne 第 1 次 等待 3 秒
2024-08-03 00:24:21 查询号码 【1509229】，返回信息 {"status":"ok","msg":"山东-青岛","gid":"362855","time_insert":"2021-07-23 05:47"}
2024-08-03 00:24:21 查询号码 【1509229】，GSD为【"山东-青岛"】

2024-08-03 00:42:28 开始第 9321 次操作

2024-08-03 00:42:28 开始操作号码 【1509230】
2024-08-03 00:42:37 GSD getOne 第 1 次 等待 3 秒
2024-08-03 00:42:40 查询号码 【1509230】，返回信息 {"status":"ok","msg":"山东-淄博","gid":"362846","time_insert":"2021-07-23 05:46"}
2024-08-03 00:42:40 查询号码 【1509230】，GSD为【"山东-淄博"】

2024-08-03 00:42:41 开始第 9322 次操作

2024-08-03 00:42:41 开始操作号码 【1509231】
2024-08-03 00:42:48 GSD getOne 第 1 次 等待 3 秒
2024-08-03 00:42:51 查询号码 【1509231】，返回信息 {"status":"ok","msg":"山东-淄博","gid":"362840","time_insert":"2021-07-23 05:46"}
2024-08-03 00:42:51 查询号码 【1509231】，GSD为【"山东-淄博"】

2024-08-03 00:42:52 开始第 9323 次操作

2024-08-03 00:42:52 开始操作号码 【1509232】
2024-08-03 00:43:00 GSD getOne 第 1 次 等待 3 秒
2024-08-03 00:43:03 查询号码 【1509232】，返回信息 {"status":"ok","msg":"山东-淄博","gid":"362830","time_insert":"2021-07-23 05:45"}
2024-08-03 00:43:03 查询号码 【1509232】，GSD为【"山东-淄博"】

2024-08-03 00:43:04 开始第 9324 次操作

2024-08-03 00:43:04 开始操作号码 【1509233】
2024-08-03 00:43:12 GSD getOne 第 1 次 等待 3 秒
2024-08-03 00:43:15 查询号码 【1509233】，返回信息 {"status":"ok","msg":"山东-淄博","gid":"362821","time_insert":"2021-07-23 05:45"}
2024-08-03 00:43:15 查询号码 【1509233】，GSD为【"山东-淄博"】

