2024-08-30 00:25:26 开始第 1841 次操作

2024-08-30 00:25:26 开始操作号码 【1391840】
2024-08-30 00:25:34 GSD getOne 第 1 次 等待 3 秒
2024-08-30 00:25:37 查询号码 【1391840】，返回信息 {"status":"ok","msg":"上海-上海","gid":"86556","time_insert":"2021-06-08 17:30"}
2024-08-30 00:25:37 查询号码 【1391840】，GSD为【"上海-上海"】

2024-08-30 00:25:39 开始第 1842 次操作

2024-08-30 00:25:39 开始操作号码 【1391841】
2024-08-30 00:25:46 GSD getOne 第 1 次 等待 3 秒
2024-08-30 00:25:49 查询号码 【1391841】，返回信息 {"status":"ok","msg":"上海-上海","gid":"86573","time_insert":"2021-06-08 17:41"}
2024-08-30 00:25:49 查询号码 【1391841】，GSD为【"上海-上海"】

2024-08-30 00:25:50 开始第 1843 次操作

2024-08-30 00:25:50 开始操作号码 【1391842】
2024-08-30 00:25:58 GSD getOne 第 1 次 等待 3 秒
2024-08-30 00:26:01 查询号码 【1391842】，返回信息 {"status":"ok","msg":"上海-上海","gid":"86595","time_insert":"2021-06-08 18:03"}
2024-08-30 00:26:01 查询号码 【1391842】，GSD为【"上海-上海"】

2024-08-30 00:26:02 开始第 1844 次操作

2024-08-30 00:26:02 开始操作号码 【1391843】
2024-08-30 00:26:10 GSD getOne 第 1 次 等待 3 秒
2024-08-30 00:26:13 查询号码 【1391843】，返回信息 {"status":"ok","msg":"上海-上海","gid":"86623","time_insert":"2021-06-08 18:28"}
2024-08-30 00:26:13 查询号码 【1391843】，GSD为【"上海-上海"】

