2024-07-18 00:23:10 开始第 6513 次操作

2024-07-18 00:23:10 开始操作号码 【1506422】
2024-07-18 00:23:21 GSD getOne 第 1 次 等待 3 秒
2024-07-18 00:23:24 查询号码 【1506422】，返回信息 {"status":"ok","msg":"山东-青岛","gid":"389565","time_insert":"2021-07-25 13:39"}
2024-07-18 00:23:24 查询号码 【1506422】，GSD为【"山东-青岛"】

2024-07-18 00:23:25 开始第 6514 次操作

2024-07-18 00:23:25 开始操作号码 【1506423】
2024-07-18 00:23:33 GSD getOne 第 1 次 等待 3 秒
2024-07-18 00:23:36 查询号码 【1506423】，返回信息 {"status":"ok","msg":"山东-青岛","gid":"389554","time_insert":"2021-07-25 13:38"}
2024-07-18 00:23:36 查询号码 【1506423】，GSD为【"山东-青岛"】

2024-07-18 00:23:37 开始第 6515 次操作

2024-07-18 00:23:37 开始操作号码 【1506424】
2024-07-18 00:23:45 GSD getOne 第 1 次 等待 3 秒
2024-07-18 00:23:48 查询号码 【1506424】，返回信息 {"status":"ok","msg":"山东-青岛","gid":"389543","time_insert":"2021-07-25 13:38"}
2024-07-18 00:23:48 查询号码 【1506424】，GSD为【"山东-青岛"】

2024-07-18 00:23:49 开始第 6516 次操作

2024-07-18 00:23:49 开始操作号码 【1506425】
2024-07-18 00:23:59 GSD getOne 第 1 次 等待 3 秒
2024-07-18 00:24:02 查询号码 【1506425】，返回信息 {"status":"ok","msg":"山东-青岛","gid":"389533","time_insert":"2021-07-25 13:37"}
2024-07-18 00:24:02 查询号码 【1506425】，GSD为【"山东-青岛"】

2024-07-18 00:42:38 开始第 6517 次操作

2024-07-18 00:42:38 开始操作号码 【1506426】
2024-07-18 00:42:46 GSD getOne 第 1 次 等待 3 秒
2024-07-18 00:42:49 查询号码 【1506426】，返回信息 {"status":"ok","msg":"山东-青岛","gid":"389526","time_insert":"2021-07-25 13:37"}
2024-07-18 00:42:49 查询号码 【1506426】，GSD为【"山东-青岛"】

2024-07-18 00:42:50 开始第 6518 次操作

2024-07-18 00:42:50 开始操作号码 【1506427】
2024-07-18 00:42:58 GSD getOne 第 1 次 等待 3 秒
2024-07-18 00:43:01 查询号码 【1506427】，返回信息 {"status":"ok","msg":"山东-青岛","gid":"389521","time_insert":"2021-07-25 13:36"}
2024-07-18 00:43:01 查询号码 【1506427】，GSD为【"山东-青岛"】

2024-07-18 00:43:02 开始第 6519 次操作

2024-07-18 00:43:02 开始操作号码 【1506428】
2024-07-18 00:43:10 GSD getOne 第 1 次 等待 3 秒
2024-07-18 00:43:13 查询号码 【1506428】，返回信息 {"status":"ok","msg":"山东-青岛","gid":"389515","time_insert":"2021-07-25 13:35"}
2024-07-18 00:43:13 查询号码 【1506428】，GSD为【"山东-青岛"】

2024-07-18 00:43:14 开始第 6520 次操作

2024-07-18 00:43:14 开始操作号码 【1506429】
2024-07-18 00:43:22 GSD getOne 第 1 次 等待 3 秒
2024-07-18 00:43:25 查询号码 【1506429】，返回信息 {"status":"ok","msg":"山东-青岛","gid":"389508","time_insert":"2021-07-25 13:35"}
2024-07-18 00:43:25 查询号码 【1506429】，GSD为【"山东-青岛"】

2024-07-18 01:15:29 开始第 6521 次操作

2024-07-18 01:15:29 开始操作号码 【1506430】
2024-07-18 01:15:38 GSD getOne 第 1 次 等待 3 秒
2024-07-18 01:15:41 查询号码 【1506430】，返回信息 {"status":"ok","msg":"山东-淄博","gid":"389503","time_insert":"2021-07-25 13:34"}
2024-07-18 01:15:41 查询号码 【1506430】，GSD为【"山东-淄博"】

2024-07-18 01:15:42 开始第 6522 次操作

2024-07-18 01:15:42 开始操作号码 【1506431】
2024-07-18 01:15:50 GSD getOne 第 1 次 等待 3 秒
2024-07-18 01:15:53 查询号码 【1506431】，返回信息 {"status":"ok","msg":"山东-淄博","gid":"389347","time_insert":"2021-07-25 13:10"}
2024-07-18 01:15:53 查询号码 【1506431】，GSD为【"山东-淄博"】

2024-07-18 01:15:54 开始第 6523 次操作

2024-07-18 01:15:54 开始操作号码 【1506432】
2024-07-18 01:16:02 GSD getOne 第 1 次 等待 3 秒
2024-07-18 01:16:05 查询号码 【1506432】，返回信息 {"status":"ok","msg":"山东-淄博","gid":"389337","time_insert":"2021-07-25 13:09"}
2024-07-18 01:16:05 查询号码 【1506432】，GSD为【"山东-淄博"】

2024-07-18 01:16:06 开始第 6524 次操作

2024-07-18 01:16:06 开始操作号码 【1506433】
2024-07-18 01:16:14 GSD getOne 第 1 次 等待 3 秒
2024-07-18 01:16:17 查询号码 【1506433】，返回信息 {"status":"ok","msg":"山东-淄博","gid":"389326","time_insert":"2021-07-25 13:08"}
2024-07-18 01:16:17 查询号码 【1506433】，GSD为【"山东-淄博"】

2024-07-18 01:37:17 开始第 6525 次操作

2024-07-18 01:37:17 开始操作号码 【1506434】
2024-07-18 01:37:27 GSD getOne 第 1 次 等待 3 秒
2024-07-18 01:37:30 查询号码 【1506434】，返回信息 {"status":"ok","msg":"山东-淄博","gid":"389318","time_insert":"2021-07-25 13:08"}
2024-07-18 01:37:30 查询号码 【1506434】，GSD为【"山东-淄博"】

2024-07-18 01:37:31 开始第 6526 次操作

2024-07-18 01:37:31 开始操作号码 【1506435】
2024-07-18 01:37:38 GSD getOne 第 1 次 等待 3 秒
2024-07-18 01:37:41 查询号码 【1506435】，返回信息 {"status":"ok","msg":"山东-淄博","gid":"389307","time_insert":"2021-07-25 13:07"}
2024-07-18 01:37:41 查询号码 【1506435】，GSD为【"山东-淄博"】

2024-07-18 01:37:42 开始第 6527 次操作

2024-07-18 01:37:42 开始操作号码 【1506436】
2024-07-18 01:37:50 GSD getOne 第 1 次 等待 3 秒
2024-07-18 01:37:53 查询号码 【1506436】，返回信息 {"status":"ok","msg":"山东-淄博","gid":"389296","time_insert":"2021-07-25 13:07"}
2024-07-18 01:37:53 查询号码 【1506436】，GSD为【"山东-淄博"】

2024-07-18 01:37:54 开始第 6528 次操作

2024-07-18 01:37:54 开始操作号码 【1506437】
2024-07-18 01:38:07 GSD getOne 第 1 次 等待 3 秒
2024-07-18 01:38:10 查询号码 【1506437】，返回信息 {"status":"ok","msg":"山东-淄博","gid":"389286","time_insert":"2021-07-25 13:06"}
2024-07-18 01:38:10 查询号码 【1506437】，GSD为【"山东-淄博"】

