2024-05-11 00:22:08 开始第 8177 次操作

2024-05-11 00:22:08 开始操作号码 【1618092】
2024-05-11 00:22:16 GSD getOne 第 1 次 等待 3 秒
2024-05-11 00:22:19 查询号码 【1618092】，返回信息 {"status":"ok","msg":"-","gid":"697029","time_insert":"2023-05-08 05:52"}
2024-05-11 00:22:19 查询号码 【1618092】，GSD为【"-"】
2024-05-11 00:22:19 ok && -
2024-05-11 00:22:22 CHB 1618092?1715358139 第 1 次 等待 3 秒
2024-05-11 00:22:25 CHB 1618092?1715358139 第 1 次 获取到号码【1618092】GSD
2024-05-11 00:22:25 未获取到号码【1618092】GSD，可能号码格式错误
2024-05-11 00:22:25 获取到号码【1618092】的GSD为【-】
2024-05-11 00:22:32 GSD insert 第 1 次 等待 3 秒
2024-05-11 00:22:35 {"status":"bad","gid":"697029","msg":"添加失败！号码【1618092(-|-)】已存在！"}
2024-05-11 00:22:35 随机等待 180 秒，约 3 分钟
2024-05-11 00:22:35 下次操作: 2024-05-11 00:25:35

2024-05-11 00:25:35 开始第 8178 次操作

2024-05-11 00:25:35 开始操作号码 【1618093】
2024-05-11 00:25:42 GSD getOne 第 1 次 等待 3 秒
2024-05-11 00:25:45 查询号码 【1618093】，返回信息 {"status":"ok","msg":"-","gid":"697042","time_insert":"2023-05-08 06:08"}
2024-05-11 00:25:45 查询号码 【1618093】，GSD为【"-"】
2024-05-11 00:25:45 ok && -
2024-05-11 00:25:47 CHB 1618093?1715358345 第 1 次 等待 3 秒
2024-05-11 00:25:50 CHB 1618093?1715358345 第 1 次 获取到号码【1618093】GSD
2024-05-11 00:25:50 未获取到号码【1618093】GSD，可能号码格式错误
2024-05-11 00:25:50 获取到号码【1618093】的GSD为【-】
2024-05-11 00:25:57 GSD insert 第 1 次 等待 3 秒
2024-05-11 00:26:00 {"status":"bad","gid":"697042","msg":"添加失败！号码【1618093(-|-)】已存在！"}
2024-05-11 00:26:00 随机等待 120 秒，约 2 分钟
2024-05-11 00:26:00 下次操作: 2024-05-11 00:28:00

2024-05-11 00:28:00 开始第 8179 次操作

2024-05-11 00:28:00 开始操作号码 【1618094】
2024-05-11 00:28:05 GSD getOne 第 1 次 等待 3 秒
2024-05-11 00:28:08 查询号码 【1618094】，返回信息 {"status":"ok","msg":"-","gid":"697051","time_insert":"2023-05-08 06:20"}
2024-05-11 00:28:08 查询号码 【1618094】，GSD为【"-"】
2024-05-11 00:28:08 ok && -
2024-05-11 00:28:10 CHB 1618094?1715358488 第 1 次 等待 3 秒
2024-05-11 00:28:13 CHB 1618094?1715358488 第 1 次 获取到号码【1618094】GSD
2024-05-11 00:28:13 未获取到号码【1618094】GSD，可能号码格式错误
2024-05-11 00:28:13 获取到号码【1618094】的GSD为【-】
2024-05-11 00:28:20 GSD insert 第 1 次 等待 3 秒
2024-05-11 00:28:23 {"status":"bad","gid":"697051","msg":"添加失败！号码【1618094(-|-)】已存在！"}
2024-05-11 00:28:23 随机等待 132 秒，约 2 分钟
2024-05-11 00:28:23 下次操作: 2024-05-11 00:30:35

2024-05-11 00:30:35 开始第 8180 次操作

2024-05-11 00:30:35 开始操作号码 【1618095】
2024-05-11 00:30:44 GSD getOne 第 1 次 等待 3 秒
2024-05-11 00:30:47 查询号码 【1618095】，返回信息 {"status":"ok","msg":"-","gid":"697065","time_insert":"2023-05-08 06:40"}
2024-05-11 00:30:47 查询号码 【1618095】，GSD为【"-"】
2024-05-11 00:30:47 ok && -
2024-05-11 00:30:50 CHB 1618095?1715358647 第 1 次 等待 3 秒
2024-05-11 00:30:53 CHB 1618095?1715358647 第 1 次 获取到号码【1618095】GSD
2024-05-11 00:30:53 未获取到号码【1618095】GSD，可能号码格式错误
2024-05-11 00:30:53 获取到号码【1618095】的GSD为【-】
2024-05-11 00:30:59 GSD insert 第 1 次 等待 3 秒
2024-05-11 00:31:02 {"status":"bad","gid":"697065","msg":"添加失败！号码【1618095(-|-)】已存在！"}

