2024-04-16 00:20:17 开始第 3741 次操作

2024-04-16 00:20:17 开始操作号码 【1613660】
2024-04-16 00:20:25 GSD getOne 第 1 次 等待 3 秒
2024-04-16 00:20:28 查询号码 【1613660】，返回信息 {"status":"ok","msg":"-","gid":"589584","time_insert":"2023-03-14 05:54"}
2024-04-16 00:20:28 查询号码 【1613660】，GSD为【"-"】
2024-04-16 00:20:28 ok && -
2024-04-16 00:20:30 CHB 1613660?1713198028 第 1 次 等待 3 秒
2024-04-16 00:20:33 CHB 1613660?1713198028 第 1 次 获取到号码【1613660】GSD
2024-04-16 00:20:33 未获取到号码【1613660】GSD，可能号码格式错误
2024-04-16 00:20:33 获取到号码【1613660】的GSD为【-】
2024-04-16 00:20:40 GSD insert 第 1 次 等待 3 秒
2024-04-16 00:20:43 {"status":"bad","gid":"589584","msg":"添加失败！号码【1613660(-|-)】已存在！"}
2024-04-16 00:20:43 随机等待 86 秒，约 1 分钟
2024-04-16 00:20:43 下次操作: 2024-04-16 00:22:09

2024-04-16 00:22:09 开始第 3742 次操作

2024-04-16 00:22:09 开始操作号码 【1613661】
2024-04-16 00:22:13 GSD getOne 第 1 次 等待 3 秒
2024-04-16 00:22:16 查询号码 【1613661】，返回信息 {"status":"ok","msg":"-","gid":"589603","time_insert":"2023-03-14 06:07"}
2024-04-16 00:22:17 查询号码 【1613661】，GSD为【"-"】
2024-04-16 00:22:17 ok && -
2024-04-16 00:22:19 CHB 1613661?1713198137 第 1 次 等待 3 秒
2024-04-16 00:22:22 CHB 1613661?1713198137 第 1 次 获取到号码【1613661】GSD
2024-04-16 00:22:22 未获取到号码【1613661】GSD，可能号码格式错误
2024-04-16 00:22:22 获取到号码【1613661】的GSD为【-】
2024-04-16 00:22:27 GSD insert 第 1 次 等待 3 秒
2024-04-16 00:22:30 {"status":"bad","gid":"589603","msg":"添加失败！号码【1613661(-|-)】已存在！"}
2024-04-16 00:22:30 随机等待 188 秒，约 3 分钟
2024-04-16 00:22:30 下次操作: 2024-04-16 00:25:38

2024-04-16 00:25:38 开始第 3743 次操作

2024-04-16 00:25:38 开始操作号码 【1613662】
2024-04-16 00:25:43 GSD getOne 第 1 次 等待 3 秒
2024-04-16 00:25:46 查询号码 【1613662】，返回信息 {"status":"ok","msg":"-","gid":"589620","time_insert":"2023-03-14 06:16"}
2024-04-16 00:25:46 查询号码 【1613662】，GSD为【"-"】
2024-04-16 00:25:46 ok && -
2024-04-16 00:25:48 CHB 1613662?1713198346 第 1 次 等待 3 秒
2024-04-16 00:25:51 CHB 1613662?1713198346 第 1 次 获取到号码【1613662】GSD
2024-04-16 00:25:51 未获取到号码【1613662】GSD，可能号码格式错误
2024-04-16 00:25:51 获取到号码【1613662】的GSD为【-】
2024-04-16 00:25:56 GSD insert 第 1 次 等待 3 秒
2024-04-16 00:25:59 {"status":"bad","gid":"589620","msg":"添加失败！号码【1613662(-|-)】已存在！"}
2024-04-16 00:25:59 随机等待 219 秒，约 3 分钟
2024-04-16 00:25:59 下次操作: 2024-04-16 00:29:38

2024-04-16 00:29:38 开始第 3744 次操作

2024-04-16 00:29:38 开始操作号码 【1613663】
2024-04-16 00:29:44 GSD getOne 第 1 次 等待 3 秒
2024-04-16 00:29:47 查询号码 【1613663】，返回信息 {"status":"ok","msg":"-","gid":"589635","time_insert":"2023-03-14 06:30"}
2024-04-16 00:29:47 查询号码 【1613663】，GSD为【"-"】
2024-04-16 00:29:47 ok && -
2024-04-16 00:29:49 CHB 1613663?1713198587 第 1 次 等待 3 秒
2024-04-16 00:29:52 CHB 1613663?1713198587 第 1 次 获取到号码【1613663】GSD
2024-04-16 00:29:52 未获取到号码【1613663】GSD，可能号码格式错误
2024-04-16 00:29:52 获取到号码【1613663】的GSD为【-】
2024-04-16 00:30:02 GSD insert 第 1 次 等待 3 秒
2024-04-16 00:30:05 {"status":"bad","gid":"589635","msg":"添加失败！号码【1613663(-|-)】已存在！"}

2024-04-16 00:37:17 开始第 3745 次操作

2024-04-16 00:37:17 开始操作号码 【1613664】
2024-04-16 00:37:22 GSD getOne 第 1 次 等待 3 秒
2024-04-16 00:37:25 查询号码 【1613664】，返回信息 {"status":"ok","msg":"-","gid":"589661","time_insert":"2023-03-14 06:46"}
2024-04-16 00:37:25 查询号码 【1613664】，GSD为【"-"】
2024-04-16 00:37:25 ok && -
2024-04-16 00:37:27 CHB 1613664?1713199045 第 1 次 等待 3 秒
2024-04-16 00:37:30 CHB 1613664?1713199045 第 1 次 获取到号码【1613664】GSD
2024-04-16 00:37:30 未获取到号码【1613664】GSD，可能号码格式错误
2024-04-16 00:37:30 获取到号码【1613664】的GSD为【-】
2024-04-16 00:37:36 GSD insert 第 1 次 等待 3 秒
2024-04-16 00:37:39 {"status":"bad","gid":"589661","msg":"添加失败！号码【1613664(-|-)】已存在！"}
2024-04-16 00:37:39 随机等待 142 秒，约 2 分钟
2024-04-16 00:37:39 下次操作: 2024-04-16 00:40:01

2024-04-16 00:40:01 开始第 3746 次操作

2024-04-16 00:40:01 开始操作号码 【1613665】
2024-04-16 00:40:06 GSD getOne 第 1 次 等待 3 秒
2024-04-16 00:40:09 查询号码 【1613665】，返回信息 {"status":"ok","msg":"-","gid":"589688","time_insert":"2023-03-14 07:01"}
2024-04-16 00:40:09 查询号码 【1613665】，GSD为【"-"】
2024-04-16 00:40:09 ok && -
2024-04-16 00:40:11 CHB 1613665?1713199209 第 1 次 等待 3 秒
2024-04-16 00:40:14 CHB 1613665?1713199209 第 1 次 获取到号码【1613665】GSD
2024-04-16 00:40:14 未获取到号码【1613665】GSD，可能号码格式错误
2024-04-16 00:40:14 获取到号码【1613665】的GSD为【-】
2024-04-16 00:40:20 GSD insert 第 1 次 等待 3 秒
2024-04-16 00:40:23 {"status":"bad","gid":"589688","msg":"添加失败！号码【1613665(-|-)】已存在！"}
2024-04-16 00:40:23 随机等待 231 秒，约 3 分钟
2024-04-16 00:40:23 下次操作: 2024-04-16 00:44:14

2024-04-16 00:44:14 开始第 3747 次操作

2024-04-16 00:44:14 开始操作号码 【1613666】
2024-04-16 00:44:18 GSD getOne 第 1 次 等待 3 秒
2024-04-16 00:44:21 查询号码 【1613666】，返回信息 {"status":"ok","msg":"-","gid":"589714","time_insert":"2023-03-14 07:21"}
2024-04-16 00:44:21 查询号码 【1613666】，GSD为【"-"】
2024-04-16 00:44:21 ok && -
2024-04-16 00:44:24 CHB 1613666?1713199461 第 1 次 等待 3 秒
2024-04-16 00:44:27 CHB 1613666?1713199461 第 1 次 获取到号码【1613666】GSD
2024-04-16 00:44:27 未获取到号码【1613666】GSD，可能号码格式错误
2024-04-16 00:44:27 获取到号码【1613666】的GSD为【-】
2024-04-16 00:44:32 GSD insert 第 1 次 等待 3 秒
2024-04-16 00:44:35 {"status":"bad","gid":"589714","msg":"添加失败！号码【1613666(-|-)】已存在！"}
2024-04-16 00:44:35 随机等待 172 秒，约 2 分钟
2024-04-16 00:44:35 下次操作: 2024-04-16 00:47:27

2024-04-16 00:47:27 开始第 3748 次操作

2024-04-16 00:47:27 开始操作号码 【1613667】
2024-04-16 00:47:32 GSD getOne 第 1 次 等待 3 秒
2024-04-16 00:47:35 查询号码 【1613667】，返回信息 {"status":"ok","msg":"-","gid":"589733","time_insert":"2023-03-14 07:31"}
2024-04-16 00:47:35 查询号码 【1613667】，GSD为【"-"】
2024-04-16 00:47:35 ok && -
2024-04-16 00:47:37 CHB 1613667?1713199655 第 1 次 等待 3 秒
2024-04-16 00:47:40 CHB 1613667?1713199655 第 1 次 获取到号码【1613667】GSD
2024-04-16 00:47:40 未获取到号码【1613667】GSD，可能号码格式错误
2024-04-16 00:47:40 获取到号码【1613667】的GSD为【-】
2024-04-16 00:47:45 GSD insert 第 1 次 等待 3 秒
2024-04-16 00:47:48 {"status":"bad","gid":"589733","msg":"添加失败！号码【1613667(-|-)】已存在！"}

2024-04-16 01:13:20 开始第 3749 次操作

2024-04-16 01:13:20 开始操作号码 【1613668】
2024-04-16 01:13:26 GSD getOne 第 1 次 等待 3 秒
2024-04-16 01:13:29 查询号码 【1613668】，返回信息 {"status":"ok","msg":"-","gid":"589756","time_insert":"2023-03-14 07:46"}
2024-04-16 01:13:29 查询号码 【1613668】，GSD为【"-"】
2024-04-16 01:13:29 ok && -
2024-04-16 01:13:31 CHB 1613668?1713201209 第 1 次 等待 3 秒
2024-04-16 01:13:34 CHB 1613668?1713201209 第 1 次 获取到号码【1613668】GSD
2024-04-16 01:13:34 未获取到号码【1613668】GSD，可能号码格式错误
2024-04-16 01:13:34 获取到号码【1613668】的GSD为【-】
2024-04-16 01:13:40 GSD insert 第 1 次 等待 3 秒
2024-04-16 01:13:43 {"status":"bad","gid":"589756","msg":"添加失败！号码【1613668(-|-)】已存在！"}
2024-04-16 01:13:43 随机等待 104 秒，约 1 分钟
2024-04-16 01:13:43 下次操作: 2024-04-16 01:15:27

2024-04-16 01:15:28 开始第 3750 次操作

2024-04-16 01:15:28 开始操作号码 【1613669】
2024-04-16 01:15:32 GSD getOne 第 1 次 等待 3 秒
2024-04-16 01:15:35 查询号码 【1613669】，返回信息 {"status":"ok","msg":"-","gid":"589776","time_insert":"2023-03-14 08:00"}
2024-04-16 01:15:35 查询号码 【1613669】，GSD为【"-"】
2024-04-16 01:15:35 ok && -
2024-04-16 01:15:37 CHB 1613669?1713201335 第 1 次 等待 3 秒
2024-04-16 01:15:40 CHB 1613669?1713201335 第 1 次 获取到号码【1613669】GSD
2024-04-16 01:15:40 未获取到号码【1613669】GSD，可能号码格式错误
2024-04-16 01:15:40 获取到号码【1613669】的GSD为【-】
2024-04-16 01:15:45 GSD insert 第 1 次 等待 3 秒
2024-04-16 01:15:48 {"status":"bad","gid":"589776","msg":"添加失败！号码【1613669(-|-)】已存在！"}
2024-04-16 01:15:48 随机等待 96 秒，约 1 分钟
2024-04-16 01:15:48 下次操作: 2024-04-16 01:17:24

2024-04-16 01:17:24 开始第 3751 次操作

2024-04-16 01:17:24 开始操作号码 【1613670】
2024-04-16 01:17:31 GSD getOne 第 1 次 等待 3 秒
2024-04-16 01:17:34 查询号码 【1613670】，返回信息 {"status":"ok","msg":"-","gid":"589798","time_insert":"2023-03-14 08:20"}
2024-04-16 01:17:34 查询号码 【1613670】，GSD为【"-"】
2024-04-16 01:17:34 ok && -
2024-04-16 01:17:36 CHB 1613670?1713201454 第 1 次 等待 3 秒
2024-04-16 01:17:39 CHB 1613670?1713201454 第 1 次 获取到号码【1613670】GSD
2024-04-16 01:17:40 未获取到号码【1613670】GSD，可能号码格式错误
2024-04-16 01:17:40 获取到号码【1613670】的GSD为【-】
2024-04-16 01:17:44 GSD insert 第 1 次 等待 3 秒
2024-04-16 01:17:47 {"status":"bad","gid":"589798","msg":"添加失败！号码【1613670(-|-)】已存在！"}
2024-04-16 01:17:47 随机等待 109 秒，约 1 分钟
2024-04-16 01:17:47 下次操作: 2024-04-16 01:19:36

2024-04-16 01:19:36 开始第 3752 次操作

2024-04-16 01:19:36 开始操作号码 【1613671】
2024-04-16 01:19:41 GSD getOne 第 1 次 等待 3 秒
2024-04-16 01:19:44 查询号码 【1613671】，返回信息 {"status":"ok","msg":"-","gid":"589816","time_insert":"2023-03-14 08:39"}
2024-04-16 01:19:44 查询号码 【1613671】，GSD为【"-"】
2024-04-16 01:19:44 ok && -
2024-04-16 01:19:46 CHB 1613671?1713201584 第 1 次 等待 3 秒
2024-04-16 01:19:49 CHB 1613671?1713201584 第 1 次 获取到号码【1613671】GSD
2024-04-16 01:19:49 未获取到号码【1613671】GSD，可能号码格式错误
2024-04-16 01:19:49 获取到号码【1613671】的GSD为【-】
2024-04-16 01:19:54 GSD insert 第 1 次 等待 3 秒
2024-04-16 01:19:57 {"status":"bad","gid":"589816","msg":"添加失败！号码【1613671(-|-)】已存在！"}

2024-04-16 01:37:13 开始第 3753 次操作

2024-04-16 01:37:13 开始操作号码 【1613672】
2024-04-16 01:37:18 GSD getOne 第 1 次 等待 3 秒
2024-04-16 01:37:21 查询号码 【1613672】，返回信息 {"status":"ok","msg":"-","gid":"589827","time_insert":"2023-03-14 08:48"}
2024-04-16 01:37:21 查询号码 【1613672】，GSD为【"-"】
2024-04-16 01:37:21 ok && -
2024-04-16 01:37:24 CHB 1613672?1713202641 第 1 次 等待 3 秒
2024-04-16 01:37:27 CHB 1613672?1713202641 第 1 次 获取到号码【1613672】GSD
2024-04-16 01:37:27 未获取到号码【1613672】GSD，可能号码格式错误
2024-04-16 01:37:27 获取到号码【1613672】的GSD为【-】
2024-04-16 01:37:31 GSD insert 第 1 次 等待 3 秒
2024-04-16 01:37:34 {"status":"bad","gid":"589827","msg":"添加失败！号码【1613672(-|-)】已存在！"}
2024-04-16 01:37:34 随机等待 72 秒，约 1 分钟
2024-04-16 01:37:34 下次操作: 2024-04-16 01:38:46

2024-04-16 01:38:46 开始第 3754 次操作

2024-04-16 01:38:46 开始操作号码 【1613673】
2024-04-16 01:38:54 GSD getOne 第 1 次 等待 3 秒
2024-04-16 01:38:57 查询号码 【1613673】，返回信息 {"status":"ok","msg":"-","gid":"589840","time_insert":"2023-03-14 09:01"}
2024-04-16 01:38:57 查询号码 【1613673】，GSD为【"-"】
2024-04-16 01:38:57 ok && -
2024-04-16 01:38:59 CHB 1613673?1713202737 第 1 次 等待 3 秒
2024-04-16 01:39:02 CHB 1613673?1713202737 第 1 次 获取到号码【1613673】GSD
2024-04-16 01:39:02 未获取到号码【1613673】GSD，可能号码格式错误
2024-04-16 01:39:02 获取到号码【1613673】的GSD为【-】
2024-04-16 01:39:07 GSD insert 第 1 次 等待 3 秒
2024-04-16 01:39:10 {"status":"bad","gid":"589840","msg":"添加失败！号码【1613673(-|-)】已存在！"}
2024-04-16 01:39:10 随机等待 179 秒，约 2 分钟
2024-04-16 01:39:10 下次操作: 2024-04-16 01:42:09

2024-04-16 01:42:09 开始第 3755 次操作

2024-04-16 01:42:09 开始操作号码 【1613674】
2024-04-16 01:42:16 GSD getOne 第 1 次 等待 3 秒
2024-04-16 01:42:19 查询号码 【1613674】，返回信息 {"status":"ok","msg":"-","gid":"589866","time_insert":"2023-03-14 09:25"}
2024-04-16 01:42:20 查询号码 【1613674】，GSD为【"-"】
2024-04-16 01:42:20 ok && -
2024-04-16 01:42:22 CHB 1613674?1713202940 第 1 次 等待 3 秒
2024-04-16 01:42:25 CHB 1613674?1713202940 第 1 次 获取到号码【1613674】GSD
2024-04-16 01:42:25 未获取到号码【1613674】GSD，可能号码格式错误
2024-04-16 01:42:25 获取到号码【1613674】的GSD为【-】
2024-04-16 01:42:29 GSD insert 第 1 次 等待 3 秒
2024-04-16 01:42:32 {"status":"bad","gid":"589866","msg":"添加失败！号码【1613674(-|-)】已存在！"}
2024-04-16 01:42:32 随机等待 149 秒，约 2 分钟
2024-04-16 01:42:32 下次操作: 2024-04-16 01:45:01

2024-04-16 01:45:01 开始第 3756 次操作

2024-04-16 01:45:01 开始操作号码 【1613675】
2024-04-16 01:45:06 GSD getOne 第 1 次 等待 3 秒
2024-04-16 01:45:09 查询号码 【1613675】，返回信息 {"status":"ok","msg":"-","gid":"589879","time_insert":"2023-03-14 09:36"}
2024-04-16 01:45:09 查询号码 【1613675】，GSD为【"-"】
2024-04-16 01:45:09 ok && -
2024-04-16 01:45:12 CHB 1613675?1713203109 第 1 次 等待 3 秒
2024-04-16 01:45:15 CHB 1613675?1713203109 第 1 次 获取到号码【1613675】GSD
2024-04-16 01:45:15 未获取到号码【1613675】GSD，可能号码格式错误
2024-04-16 01:45:15 获取到号码【1613675】的GSD为【-】
2024-04-16 01:45:19 GSD insert 第 1 次 等待 3 秒
2024-04-16 01:45:22 {"status":"bad","gid":"589879","msg":"添加失败！号码【1613675(-|-)】已存在！"}

2024-04-16 02:20:25 开始第 3757 次操作

2024-04-16 02:20:25 开始操作号码 【1613676】
2024-04-16 02:20:30 GSD getOne 第 1 次 等待 3 秒
2024-04-16 02:20:33 查询号码 【1613676】，返回信息 {"status":"ok","msg":"-","gid":"589903","time_insert":"2023-03-14 09:59"}
2024-04-16 02:20:33 查询号码 【1613676】，GSD为【"-"】
2024-04-16 02:20:33 ok && -
2024-04-16 02:20:36 CHB 1613676?1713205233 第 1 次 等待 3 秒
2024-04-16 02:20:39 CHB 1613676?1713205233 第 1 次 获取到号码【1613676】GSD
2024-04-16 02:20:39 未获取到号码【1613676】GSD，可能号码格式错误
2024-04-16 02:20:39 获取到号码【1613676】的GSD为【-】
2024-04-16 02:20:43 GSD insert 第 1 次 等待 3 秒
2024-04-16 02:20:46 {"status":"bad","gid":"589903","msg":"添加失败！号码【1613676(-|-)】已存在！"}
2024-04-16 02:20:46 随机等待 215 秒，约 3 分钟
2024-04-16 02:20:46 下次操作: 2024-04-16 02:24:21

2024-04-16 02:24:21 开始第 3758 次操作

2024-04-16 02:24:21 开始操作号码 【1613677】
2024-04-16 02:24:26 GSD getOne 第 1 次 等待 3 秒
2024-04-16 02:24:29 查询号码 【1613677】，返回信息 {"status":"ok","msg":"-","gid":"589920","time_insert":"2023-03-14 10:14"}
2024-04-16 02:24:29 查询号码 【1613677】，GSD为【"-"】
2024-04-16 02:24:29 ok && -
2024-04-16 02:24:32 CHB 1613677?1713205469 第 1 次 等待 3 秒
2024-04-16 02:24:35 CHB 1613677?1713205469 第 1 次 获取到号码【1613677】GSD
2024-04-16 02:24:35 未获取到号码【1613677】GSD，可能号码格式错误
2024-04-16 02:24:35 获取到号码【1613677】的GSD为【-】
2024-04-16 02:24:42 GSD insert 第 1 次 等待 3 秒
2024-04-16 02:24:45 {"status":"bad","gid":"589920","msg":"添加失败！号码【1613677(-|-)】已存在！"}
2024-04-16 02:24:45 随机等待 106 秒，约 1 分钟
2024-04-16 02:24:45 下次操作: 2024-04-16 02:26:31

2024-04-16 02:26:31 开始第 3759 次操作

2024-04-16 02:26:31 开始操作号码 【1613678】
2024-04-16 02:26:35 GSD getOne 第 1 次 等待 3 秒
2024-04-16 02:26:38 查询号码 【1613678】，返回信息 {"status":"ok","msg":"-","gid":"589939","time_insert":"2023-03-14 10:29"}
2024-04-16 02:26:38 查询号码 【1613678】，GSD为【"-"】
2024-04-16 02:26:38 ok && -
2024-04-16 02:26:41 CHB 1613678?1713205598 第 1 次 等待 3 秒
2024-04-16 02:26:44 CHB 1613678?1713205598 第 1 次 获取到号码【1613678】GSD
2024-04-16 02:26:44 未获取到号码【1613678】GSD，可能号码格式错误
2024-04-16 02:26:44 获取到号码【1613678】的GSD为【-】
2024-04-16 02:26:48 GSD insert 第 1 次 等待 3 秒
2024-04-16 02:26:52 {"status":"bad","gid":"589939","msg":"添加失败！号码【1613678(-|-)】已存在！"}
2024-04-16 02:26:52 随机等待 74 秒，约 1 分钟
2024-04-16 02:26:52 下次操作: 2024-04-16 02:28:06

2024-04-16 02:28:06 开始第 3760 次操作

2024-04-16 02:28:06 开始操作号码 【1613679】
2024-04-16 02:28:10 GSD getOne 第 1 次 等待 3 秒
2024-04-16 02:28:13 查询号码 【1613679】，返回信息 {"status":"ok","msg":"-","gid":"589962","time_insert":"2023-03-14 10:46"}
2024-04-16 02:28:13 查询号码 【1613679】，GSD为【"-"】
2024-04-16 02:28:13 ok && -
2024-04-16 02:28:16 CHB 1613679?1713205693 第 1 次 等待 3 秒
2024-04-16 02:28:19 CHB 1613679?1713205693 第 1 次 获取到号码【1613679】GSD
2024-04-16 02:28:19 未获取到号码【1613679】GSD，可能号码格式错误
2024-04-16 02:28:19 获取到号码【1613679】的GSD为【-】
2024-04-16 02:28:24 GSD insert 第 1 次 等待 3 秒
2024-04-16 02:28:27 {"status":"bad","gid":"589962","msg":"添加失败！号码【1613679(-|-)】已存在！"}

