2024-06-29 00:21:36 开始第 3185 次操作

2024-06-29 00:21:36 开始操作号码 【1503094】
2024-06-29 00:21:53 GSD getOne 第 1 次 等待 3 秒
2024-06-29 00:21:56 查询号码 【1503094】，返回信息 {"status":"ok","msg":"河北-邢台","gid":"172587","time_insert":"2021-07-02 07:55"}
2024-06-29 00:21:56 查询号码 【1503094】，GSD为【"河北-邢台"】

2024-06-29 00:21:57 开始第 3186 次操作

2024-06-29 00:21:57 开始操作号码 【1503095】
2024-06-29 00:22:11 GSD getOne 第 1 次 等待 3 秒
2024-06-29 00:22:14 查询号码 【1503095】，返回信息 {"status":"ok","msg":"河北-邢台","gid":"172677","time_insert":"2021-07-02 08:16"}
2024-06-29 00:22:14 查询号码 【1503095】，GSD为【"河北-邢台"】

2024-06-29 00:22:15 开始第 3187 次操作

2024-06-29 00:22:15 开始操作号码 【1503096】
2024-06-29 00:22:41 GSD getOne 第 1 次 等待 3 秒
2024-06-29 00:22:44 查询号码 【1503096】，返回信息 {"status":"ok","msg":"河北-邢台","gid":"172706","time_insert":"2021-07-02 08:34"}
2024-06-29 00:22:44 查询号码 【1503096】，GSD为【"河北-邢台"】

2024-06-29 00:22:45 开始第 3188 次操作

2024-06-29 00:22:45 开始操作号码 【1503097】
2024-06-29 00:23:04 GSD getOne 第 1 次 等待 3 秒
2024-06-29 00:23:07 查询号码 【1503097】，返回信息 {"status":"ok","msg":"河北-邢台","gid":"172728","time_insert":"2021-07-02 08:50"}
2024-06-29 00:23:07 查询号码 【1503097】，GSD为【"河北-邢台"】

