2024-08-26 00:22:47 开始第 1153 次操作

2024-08-26 00:22:47 开始操作号码 【1391152】
2024-08-26 00:22:55 GSD getOne 第 1 次 等待 3 秒
2024-08-26 00:22:58 查询号码 【1391152】，返回信息 {"status":"ok","msg":"北京-北京","gid":"72794","time_insert":"2021-05-30 00:36"}
2024-08-26 00:22:58 查询号码 【1391152】，GSD为【"北京-北京"】

2024-08-26 00:22:59 开始第 1154 次操作

2024-08-26 00:22:59 开始操作号码 【1391153】
2024-08-26 00:23:08 GSD getOne 第 1 次 等待 3 秒
2024-08-26 00:23:11 查询号码 【1391153】，返回信息 {"status":"ok","msg":"北京-北京","gid":"72813","time_insert":"2021-05-30 01:05"}
2024-08-26 00:23:11 查询号码 【1391153】，GSD为【"北京-北京"】

2024-08-26 00:23:12 开始第 1155 次操作

2024-08-26 00:23:12 开始操作号码 【1391154】
2024-08-26 00:23:21 GSD getOne 第 1 次 等待 3 秒
2024-08-26 00:23:24 查询号码 【1391154】，返回信息 {"status":"ok","msg":"北京-北京","gid":"72831","time_insert":"2021-05-30 01:26"}
2024-08-26 00:23:24 查询号码 【1391154】，GSD为【"北京-北京"】

2024-08-26 00:23:25 开始第 1156 次操作

2024-08-26 00:23:25 开始操作号码 【1391155】
2024-08-26 00:23:33 GSD getOne 第 1 次 等待 3 秒
2024-08-26 00:23:36 查询号码 【1391155】，返回信息 {"status":"ok","msg":"北京-北京","gid":"50557","time_insert":"2021-04-21 16:41"}
2024-08-26 00:23:36 查询号码 【1391155】，GSD为【"北京-北京"】

2024-08-26 00:41:15 开始第 1157 次操作

2024-08-26 00:41:15 开始操作号码 【1391156】
2024-08-26 00:41:25 GSD getOne 第 1 次 等待 3 秒
2024-08-26 00:41:28 查询号码 【1391156】，返回信息 {"status":"ok","msg":"北京-北京","gid":"72848","time_insert":"2021-05-30 01:46"}
2024-08-26 00:41:28 查询号码 【1391156】，GSD为【"北京-北京"】

2024-08-26 00:41:29 开始第 1158 次操作

2024-08-26 00:41:29 开始操作号码 【1391157】
2024-08-26 00:41:36 GSD getOne 第 1 次 等待 3 秒
2024-08-26 00:41:39 查询号码 【1391157】，返回信息 {"status":"ok","msg":"北京-北京","gid":"12865","time_insert":"2020-03-20 09:47","time_update":"2020-12-26 04:01"}
2024-08-26 00:41:40 查询号码 【1391157】，GSD为【"北京-北京"】

2024-08-26 00:41:41 开始第 1159 次操作

2024-08-26 00:41:41 开始操作号码 【1391158】
2024-08-26 00:41:48 GSD getOne 第 1 次 等待 3 秒
2024-08-26 00:41:51 查询号码 【1391158】，返回信息 {"status":"ok","msg":"北京-北京","gid":"72865","time_insert":"2021-05-30 02:06"}
2024-08-26 00:41:51 查询号码 【1391158】，GSD为【"北京-北京"】

2024-08-26 00:41:52 开始第 1160 次操作

2024-08-26 00:41:52 开始操作号码 【1391159】
2024-08-26 00:42:00 GSD getOne 第 1 次 等待 3 秒
2024-08-26 00:42:03 查询号码 【1391159】，返回信息 {"status":"ok","msg":"北京-北京","gid":"72886","time_insert":"2021-05-30 02:34"}
2024-08-26 00:42:03 查询号码 【1391159】，GSD为【"北京-北京"】

2024-08-26 01:19:31 开始第 1161 次操作

2024-08-26 01:19:31 开始操作号码 【1391160】
2024-08-26 01:19:39 GSD getOne 第 1 次 等待 3 秒
2024-08-26 01:19:42 查询号码 【1391160】，返回信息 {"status":"ok","msg":"北京-北京","gid":"72908","time_insert":"2021-05-30 03:02"}
2024-08-26 01:19:42 查询号码 【1391160】，GSD为【"北京-北京"】

2024-08-26 01:19:43 开始第 1162 次操作

2024-08-26 01:19:43 开始操作号码 【1391161】
2024-08-26 01:19:50 GSD getOne 第 1 次 等待 3 秒
2024-08-26 01:19:53 查询号码 【1391161】，返回信息 {"status":"ok","msg":"北京-北京","gid":"72931","time_insert":"2021-05-30 03:30"}
2024-08-26 01:19:53 查询号码 【1391161】，GSD为【"北京-北京"】

2024-08-26 01:19:54 开始第 1163 次操作

2024-08-26 01:19:54 开始操作号码 【1391162】
2024-08-26 01:20:02 GSD getOne 第 1 次 等待 3 秒
2024-08-26 01:20:05 查询号码 【1391162】，返回信息 {"status":"ok","msg":"北京-北京","gid":"72947","time_insert":"2021-05-30 03:52"}
2024-08-26 01:20:05 查询号码 【1391162】，GSD为【"北京-北京"】

2024-08-26 01:20:06 开始第 1164 次操作

2024-08-26 01:20:06 开始操作号码 【1391163】
2024-08-26 01:20:14 GSD getOne 第 1 次 等待 3 秒
2024-08-26 01:20:17 查询号码 【1391163】，返回信息 {"status":"ok","msg":"北京-北京","gid":"72966","time_insert":"2021-05-30 04:16"}
2024-08-26 01:20:17 查询号码 【1391163】，GSD为【"北京-北京"】

2024-08-26 01:39:11 开始第 1165 次操作

2024-08-26 01:39:11 开始操作号码 【1391164】
2024-08-26 01:39:19 GSD getOne 第 1 次 等待 3 秒
2024-08-26 01:39:22 查询号码 【1391164】，返回信息 {"status":"ok","msg":"北京-北京","gid":"72985","time_insert":"2021-05-30 04:37"}
2024-08-26 01:39:22 查询号码 【1391164】，GSD为【"北京-北京"】

2024-08-26 01:39:23 开始第 1166 次操作

2024-08-26 01:39:23 开始操作号码 【1391165】
2024-08-26 01:39:32 GSD getOne 第 1 次 等待 3 秒
2024-08-26 01:39:35 查询号码 【1391165】，返回信息 {"status":"ok","msg":"北京-北京","gid":"73003","time_insert":"2021-05-30 05:02"}
2024-08-26 01:39:35 查询号码 【1391165】，GSD为【"北京-北京"】

2024-08-26 01:39:36 开始第 1167 次操作

2024-08-26 01:39:36 开始操作号码 【1391166】
2024-08-26 01:39:44 GSD getOne 第 1 次 等待 3 秒
2024-08-26 01:39:47 查询号码 【1391166】，返回信息 {"status":"ok","msg":"北京-北京","gid":"73029","time_insert":"2021-05-30 05:31"}
2024-08-26 01:39:47 查询号码 【1391166】，GSD为【"北京-北京"】

2024-08-26 01:39:48 开始第 1168 次操作

2024-08-26 01:39:48 开始操作号码 【1391167】
2024-08-26 01:39:56 GSD getOne 第 1 次 等待 3 秒
2024-08-26 01:39:59 查询号码 【1391167】，返回信息 {"status":"ok","msg":"北京-北京","gid":"73041","time_insert":"2021-05-30 05:47"}
2024-08-26 01:39:59 查询号码 【1391167】，GSD为【"北京-北京"】

2024-08-26 02:24:13 开始第 1169 次操作

2024-08-26 02:24:13 开始操作号码 【1391168】
2024-08-26 02:24:22 GSD getOne 第 1 次 等待 3 秒
2024-08-26 02:24:25 查询号码 【1391168】，返回信息 {"status":"ok","msg":"北京-北京","gid":"73060","time_insert":"2021-05-30 06:08"}
2024-08-26 02:24:25 查询号码 【1391168】，GSD为【"北京-北京"】

2024-08-26 02:24:26 开始第 1170 次操作

2024-08-26 02:24:26 开始操作号码 【1391169】
2024-08-26 02:24:34 GSD getOne 第 1 次 等待 3 秒
2024-08-26 02:24:37 查询号码 【1391169】，返回信息 {"status":"ok","msg":"北京-北京","gid":"73073","time_insert":"2021-05-30 06:26"}
2024-08-26 02:24:37 查询号码 【1391169】，GSD为【"北京-北京"】

2024-08-26 02:24:38 开始第 1171 次操作

2024-08-26 02:24:38 开始操作号码 【1391170】
2024-08-26 02:24:46 GSD getOne 第 1 次 等待 3 秒
2024-08-26 02:24:49 查询号码 【1391170】，返回信息 {"status":"ok","msg":"北京-北京","gid":"73093","time_insert":"2021-05-30 06:50"}
2024-08-26 02:24:49 查询号码 【1391170】，GSD为【"北京-北京"】

2024-08-26 02:24:50 开始第 1172 次操作

2024-08-26 02:24:50 开始操作号码 【1391171】
2024-08-26 02:24:58 GSD getOne 第 1 次 等待 3 秒
2024-08-26 02:25:01 查询号码 【1391171】，返回信息 {"status":"ok","msg":"北京-北京","gid":"73109","time_insert":"2021-05-30 07:09"}
2024-08-26 02:25:01 查询号码 【1391171】，GSD为【"北京-北京"】

2024-08-26 02:40:18 开始第 1173 次操作

2024-08-26 02:40:18 开始操作号码 【1391172】
2024-08-26 02:40:26 GSD getOne 第 1 次 等待 3 秒
2024-08-26 02:40:29 查询号码 【1391172】，返回信息 {"status":"ok","msg":"北京-北京","gid":"51555","time_insert":"2021-04-22 09:57"}
2024-08-26 02:40:29 查询号码 【1391172】，GSD为【"北京-北京"】

2024-08-26 02:40:30 开始第 1174 次操作

2024-08-26 02:40:30 开始操作号码 【1391173】
2024-08-26 02:40:39 GSD getOne 第 1 次 等待 3 秒
2024-08-26 02:40:42 查询号码 【1391173】，返回信息 {"status":"ok","msg":"北京-北京","gid":"73134","time_insert":"2021-05-30 07:37"}
2024-08-26 02:40:42 查询号码 【1391173】，GSD为【"北京-北京"】

2024-08-26 02:40:43 开始第 1175 次操作

2024-08-26 02:40:43 开始操作号码 【1391174】
2024-08-26 02:40:50 GSD getOne 第 1 次 等待 3 秒
2024-08-26 02:40:53 查询号码 【1391174】，返回信息 {"status":"ok","msg":"北京-北京","gid":"73149","time_insert":"2021-05-30 07:56"}
2024-08-26 02:40:53 查询号码 【1391174】，GSD为【"北京-北京"】

2024-08-26 02:40:54 开始第 1176 次操作

2024-08-26 02:40:54 开始操作号码 【1391175】
2024-08-26 02:41:02 GSD getOne 第 1 次 等待 3 秒
2024-08-26 02:41:05 查询号码 【1391175】，返回信息 {"status":"ok","msg":"北京-北京","gid":"73164","time_insert":"2021-05-30 08:13"}
2024-08-26 02:41:05 查询号码 【1391175】，GSD为【"北京-北京"】

