2024-05-16 00:21:18 开始第 9053 次操作

2024-05-16 00:21:18 开始操作号码 【1618963】
2024-05-16 00:21:25 GSD getOne 第 1 次 等待 3 秒
2024-05-16 00:21:28 查询号码 【1618963】，返回信息 {"status":"ok","msg":"-","gid":"681101","time_insert":"2023-04-27 19:44"}
2024-05-16 00:21:28 查询号码 【1618963】，GSD为【"-"】
2024-05-16 00:21:28 ok && -
2024-05-16 00:21:29 CHB 1618963?1715790088 第 1 次 等待 3 秒
2024-05-16 00:21:32 CHB 1618963?1715790088 第 1 次 获取到号码【1618963】GSD
2024-05-16 00:21:32 未获取到号码【1618963】GSD，可能号码格式错误
2024-05-16 00:21:32 获取到号码【1618963】的GSD为【-】
2024-05-16 00:21:43 GSD insert 第 1 次 等待 3 秒
2024-05-16 00:21:46 {"status":"bad","gid":"681101","msg":"添加失败！号码【1618963(-|-)】已存在！"}
2024-05-16 00:21:46 随机等待 85 秒，约 1 分钟
2024-05-16 00:21:46 下次操作: 2024-05-16 00:23:11

2024-05-16 00:23:11 开始第 9054 次操作

2024-05-16 00:23:11 开始操作号码 【1618964】
2024-05-16 00:23:17 GSD getOne 第 1 次 等待 3 秒
2024-05-16 00:23:20 查询号码 【1618964】，返回信息 {"status":"ok","msg":"-","gid":"681128","time_insert":"2023-04-27 20:00"}
2024-05-16 00:23:20 查询号码 【1618964】，GSD为【"-"】
2024-05-16 00:23:20 ok && -
2024-05-16 00:23:23 CHB 1618964?1715790200 第 1 次 等待 3 秒
2024-05-16 00:23:26 CHB 1618964?1715790200 第 1 次 获取到号码【1618964】GSD
2024-05-16 00:23:26 未获取到号码【1618964】GSD，可能号码格式错误
2024-05-16 00:23:26 获取到号码【1618964】的GSD为【-】
2024-05-16 00:23:38 GSD insert 第 1 次 等待 3 秒
2024-05-16 00:23:41 {"status":"bad","gid":"681128","msg":"添加失败！号码【1618964(-|-)】已存在！"}
2024-05-16 00:23:41 随机等待 152 秒，约 2 分钟
2024-05-16 00:23:41 下次操作: 2024-05-16 00:26:13

2024-05-16 00:26:13 开始第 9055 次操作

2024-05-16 00:26:13 开始操作号码 【1618965】
2024-05-16 00:26:18 GSD getOne 第 1 次 等待 3 秒
2024-05-16 00:26:21 查询号码 【1618965】，返回信息 {"status":"ok","msg":"-","gid":"681147","time_insert":"2023-04-27 20:20"}
2024-05-16 00:26:21 查询号码 【1618965】，GSD为【"-"】
2024-05-16 00:26:21 ok && -
2024-05-16 00:26:23 CHB 1618965?1715790381 第 1 次 等待 3 秒
2024-05-16 00:26:26 CHB 1618965?1715790381 第 1 次 获取到号码【1618965】GSD
2024-05-16 00:26:26 未获取到号码【1618965】GSD，可能号码格式错误
2024-05-16 00:26:26 获取到号码【1618965】的GSD为【-】
2024-05-16 00:26:31 GSD insert 第 1 次 等待 3 秒
2024-05-16 00:26:34 {"status":"bad","gid":"681147","msg":"添加失败！号码【1618965(-|-)】已存在！"}
2024-05-16 00:26:34 随机等待 199 秒，约 3 分钟
2024-05-16 00:26:34 下次操作: 2024-05-16 00:29:53

2024-05-16 00:29:53 开始第 9056 次操作

2024-05-16 00:29:53 开始操作号码 【1618966】
2024-05-16 00:30:03 GSD getOne 第 1 次 等待 3 秒
2024-05-16 00:30:06 查询号码 【1618966】，返回信息 {"status":"ok","msg":"-","gid":"681164","time_insert":"2023-04-27 20:36"}
2024-05-16 00:30:06 查询号码 【1618966】，GSD为【"-"】
2024-05-16 00:30:06 ok && -
2024-05-16 00:30:08 CHB 1618966?1715790606 第 1 次 等待 3 秒
2024-05-16 00:30:11 CHB 1618966?1715790606 第 1 次 获取到号码【1618966】GSD
2024-05-16 00:30:11 未获取到号码【1618966】GSD，可能号码格式错误
2024-05-16 00:30:11 获取到号码【1618966】的GSD为【-】
2024-05-16 00:30:20 GSD insert 第 1 次 等待 3 秒
2024-05-16 00:30:23 {"status":"bad","gid":"681164","msg":"添加失败！号码【1618966(-|-)】已存在！"}

2024-05-16 00:39:58 开始第 9057 次操作

2024-05-16 00:39:58 开始操作号码 【1618967】
2024-05-16 00:40:03 GSD getOne 第 1 次 等待 3 秒
2024-05-16 00:40:06 查询号码 【1618967】，返回信息 {"status":"ok","msg":"-","gid":"681185","time_insert":"2023-04-27 20:54"}
2024-05-16 00:40:06 查询号码 【1618967】，GSD为【"-"】
2024-05-16 00:40:06 ok && -
2024-05-16 00:40:08 CHB 1618967?1715791206 第 1 次 等待 3 秒
2024-05-16 00:40:11 CHB 1618967?1715791206 第 1 次 获取到号码【1618967】GSD
2024-05-16 00:40:11 未获取到号码【1618967】GSD，可能号码格式错误
2024-05-16 00:40:11 获取到号码【1618967】的GSD为【-】
2024-05-16 00:40:27 GSD insert 第 1 次 等待 3 秒
2024-05-16 00:40:30 {"status":"bad","gid":"681185","msg":"添加失败！号码【1618967(-|-)】已存在！"}
2024-05-16 00:40:30 随机等待 153 秒，约 2 分钟
2024-05-16 00:40:30 下次操作: 2024-05-16 00:43:03

2024-05-16 00:43:03 开始第 9058 次操作

2024-05-16 00:43:03 开始操作号码 【1618968】
2024-05-16 00:43:18 GSD getOne 第 1 次 等待 3 秒
2024-05-16 00:43:21 查询号码 【1618968】，返回信息 {"status":"ok","msg":"-","gid":"681203","time_insert":"2023-04-27 21:10"}
2024-05-16 00:43:21 查询号码 【1618968】，GSD为【"-"】
2024-05-16 00:43:21 ok && -
2024-05-16 00:43:24 CHB 1618968?1715791401 第 1 次 等待 3 秒
2024-05-16 00:43:27 CHB 1618968?1715791401 第 1 次 获取到号码【1618968】GSD
2024-05-16 00:43:27 未获取到号码【1618968】GSD，可能号码格式错误
2024-05-16 00:43:27 获取到号码【1618968】的GSD为【-】
2024-05-16 00:43:34 GSD insert 第 1 次 等待 3 秒
2024-05-16 00:43:37 {"status":"bad","gid":"681203","msg":"添加失败！号码【1618968(-|-)】已存在！"}
2024-05-16 00:43:37 随机等待 68 秒，约 1 分钟
2024-05-16 00:43:37 下次操作: 2024-05-16 00:44:45

2024-05-16 00:44:45 开始第 9059 次操作

2024-05-16 00:44:45 开始操作号码 【1618969】
2024-05-16 00:44:50 GSD getOne 第 1 次 等待 3 秒
2024-05-16 00:44:53 查询号码 【1618969】，返回信息 {"status":"ok","msg":"-","gid":"681223","time_insert":"2023-04-27 21:29"}
2024-05-16 00:44:53 查询号码 【1618969】，GSD为【"-"】
2024-05-16 00:44:53 ok && -
2024-05-16 00:44:56 CHB 1618969?1715791493 第 1 次 等待 3 秒
2024-05-16 00:44:59 CHB 1618969?1715791493 第 1 次 获取到号码【1618969】GSD
2024-05-16 00:44:59 未获取到号码【1618969】GSD，可能号码格式错误
2024-05-16 00:44:59 获取到号码【1618969】的GSD为【-】
2024-05-16 00:45:06 GSD insert 第 1 次 等待 3 秒
2024-05-16 00:45:09 {"status":"bad","gid":"681223","msg":"添加失败！号码【1618969(-|-)】已存在！"}
2024-05-16 00:45:09 随机等待 154 秒，约 2 分钟
2024-05-16 00:45:09 下次操作: 2024-05-16 00:47:43

2024-05-16 00:47:43 开始第 9060 次操作

2024-05-16 00:47:43 开始操作号码 【1618970】
2024-05-16 00:47:48 GSD getOne 第 1 次 等待 3 秒
2024-05-16 00:47:51 查询号码 【1618970】，返回信息 {"status":"ok","msg":"-","gid":"681247","time_insert":"2023-04-27 21:45"}
2024-05-16 00:47:51 查询号码 【1618970】，GSD为【"-"】
2024-05-16 00:47:51 ok && -
2024-05-16 00:47:53 CHB 1618970?1715791671 第 1 次 等待 3 秒
2024-05-16 00:47:56 CHB 1618970?1715791671 第 1 次 获取到号码【1618970】GSD
2024-05-16 00:47:56 未获取到号码【1618970】GSD，可能号码格式错误
2024-05-16 00:47:56 获取到号码【1618970】的GSD为【-】
2024-05-16 00:48:02 GSD insert 第 1 次 等待 3 秒
2024-05-16 00:48:05 {"status":"bad","gid":"681247","msg":"添加失败！号码【1618970(-|-)】已存在！"}

2024-05-16 01:16:29 开始第 9061 次操作

2024-05-16 01:16:29 开始操作号码 【1618971】
2024-05-16 01:16:34 GSD getOne 第 1 次 等待 3 秒
2024-05-16 01:16:37 查询号码 【1618971】，返回信息 {"status":"ok","msg":"-","gid":"681270","time_insert":"2023-04-27 22:00"}
2024-05-16 01:16:37 查询号码 【1618971】，GSD为【"-"】
2024-05-16 01:16:37 ok && -
2024-05-16 01:16:40 CHB 1618971?1715793397 第 1 次 等待 3 秒
2024-05-16 01:16:43 CHB 1618971?1715793397 第 1 次 获取到号码【1618971】GSD
2024-05-16 01:16:43 未获取到号码【1618971】GSD，可能号码格式错误
2024-05-16 01:16:43 获取到号码【1618971】的GSD为【-】
2024-05-16 01:16:51 GSD insert 第 1 次 等待 3 秒
2024-05-16 01:16:54 {"status":"bad","gid":"681270","msg":"添加失败！号码【1618971(-|-)】已存在！"}
2024-05-16 01:16:54 随机等待 210 秒，约 3 分钟
2024-05-16 01:16:54 下次操作: 2024-05-16 01:20:24

2024-05-16 01:20:24 开始第 9062 次操作

2024-05-16 01:20:24 开始操作号码 【1618972】
2024-05-16 01:20:30 GSD getOne 第 1 次 等待 3 秒
2024-05-16 01:20:33 查询号码 【1618972】，返回信息 {"status":"ok","msg":"-","gid":"681295","time_insert":"2023-04-27 22:19"}
2024-05-16 01:20:33 查询号码 【1618972】，GSD为【"-"】
2024-05-16 01:20:33 ok && -
2024-05-16 01:20:35 CHB 1618972?1715793633 第 1 次 等待 3 秒
2024-05-16 01:20:38 CHB 1618972?1715793633 第 1 次 获取到号码【1618972】GSD
2024-05-16 01:20:38 未获取到号码【1618972】GSD，可能号码格式错误
2024-05-16 01:20:38 获取到号码【1618972】的GSD为【-】
2024-05-16 01:20:45 GSD insert 第 1 次 等待 3 秒
2024-05-16 01:20:48 {"status":"bad","gid":"681295","msg":"添加失败！号码【1618972(-|-)】已存在！"}
2024-05-16 01:20:48 随机等待 72 秒，约 1 分钟
2024-05-16 01:20:48 下次操作: 2024-05-16 01:22:00

2024-05-16 01:22:00 开始第 9063 次操作

2024-05-16 01:22:00 开始操作号码 【1618973】
2024-05-16 01:22:05 GSD getOne 第 1 次 等待 3 秒
2024-05-16 01:22:08 查询号码 【1618973】，返回信息 {"status":"ok","msg":"-","gid":"681320","time_insert":"2023-04-27 22:37"}
2024-05-16 01:22:08 查询号码 【1618973】，GSD为【"-"】
2024-05-16 01:22:08 ok && -
2024-05-16 01:22:11 CHB 1618973?1715793728 第 1 次 等待 3 秒
2024-05-16 01:22:14 CHB 1618973?1715793728 第 1 次 获取到号码【1618973】GSD
2024-05-16 01:22:14 未获取到号码【1618973】GSD，可能号码格式错误
2024-05-16 01:22:14 获取到号码【1618973】的GSD为【-】
2024-05-16 01:22:19 GSD insert 第 1 次 等待 3 秒
2024-05-16 01:22:22 {"status":"bad","gid":"681320","msg":"添加失败！号码【1618973(-|-)】已存在！"}
2024-05-16 01:22:22 随机等待 157 秒，约 2 分钟
2024-05-16 01:22:22 下次操作: 2024-05-16 01:24:59

2024-05-16 01:24:59 开始第 9064 次操作

2024-05-16 01:24:59 开始操作号码 【1618974】
2024-05-16 01:25:07 GSD getOne 第 1 次 等待 3 秒
2024-05-16 01:25:10 查询号码 【1618974】，返回信息 {"status":"ok","msg":"-","gid":"681350","time_insert":"2023-04-27 22:56"}
2024-05-16 01:25:10 查询号码 【1618974】，GSD为【"-"】
2024-05-16 01:25:10 ok && -
2024-05-16 01:25:12 CHB 1618974?1715793910 第 1 次 等待 3 秒
2024-05-16 01:25:15 CHB 1618974?1715793910 第 1 次 获取到号码【1618974】GSD
2024-05-16 01:25:15 未获取到号码【1618974】GSD，可能号码格式错误
2024-05-16 01:25:15 获取到号码【1618974】的GSD为【-】
2024-05-16 01:25:20 GSD insert 第 1 次 等待 3 秒
2024-05-16 01:25:23 {"status":"bad","gid":"681350","msg":"添加失败！号码【1618974(-|-)】已存在！"}

2024-05-16 01:37:14 开始第 9065 次操作

2024-05-16 01:37:14 开始操作号码 【1618975】
2024-05-16 01:37:19 GSD getOne 第 1 次 等待 3 秒
2024-05-16 01:37:22 查询号码 【1618975】，返回信息 {"status":"ok","msg":"-","gid":"681375","time_insert":"2023-04-27 23:13"}
2024-05-16 01:37:22 查询号码 【1618975】，GSD为【"-"】
2024-05-16 01:37:22 ok && -
2024-05-16 01:37:25 CHB 1618975?1715794642 第 1 次 等待 3 秒
2024-05-16 01:37:28 CHB 1618975?1715794642 第 1 次 获取到号码【1618975】GSD
2024-05-16 01:37:28 未获取到号码【1618975】GSD，可能号码格式错误
2024-05-16 01:37:28 获取到号码【1618975】的GSD为【-】
2024-05-16 01:37:36 GSD insert 第 1 次 等待 3 秒
2024-05-16 01:37:39 {"status":"bad","gid":"681375","msg":"添加失败！号码【1618975(-|-)】已存在！"}
2024-05-16 01:37:39 随机等待 120 秒，约 2 分钟
2024-05-16 01:37:39 下次操作: 2024-05-16 01:39:39

2024-05-16 01:39:39 开始第 9066 次操作

2024-05-16 01:39:39 开始操作号码 【1618976】
2024-05-16 01:39:46 GSD getOne 第 1 次 等待 3 秒
2024-05-16 01:39:49 查询号码 【1618976】，返回信息 {"status":"ok","msg":"-","gid":"681402","time_insert":"2023-04-27 23:32"}
2024-05-16 01:39:49 查询号码 【1618976】，GSD为【"-"】
2024-05-16 01:39:49 ok && -
2024-05-16 01:39:52 CHB 1618976?1715794789 第 1 次 等待 3 秒
2024-05-16 01:39:55 CHB 1618976?1715794789 第 1 次 获取到号码【1618976】GSD
2024-05-16 01:39:55 未获取到号码【1618976】GSD，可能号码格式错误
2024-05-16 01:39:55 获取到号码【1618976】的GSD为【-】
2024-05-16 01:39:59 GSD insert 第 1 次 等待 3 秒
2024-05-16 01:40:02 {"status":"bad","gid":"681402","msg":"添加失败！号码【1618976(-|-)】已存在！"}
2024-05-16 01:40:02 随机等待 229 秒，约 3 分钟
2024-05-16 01:40:02 下次操作: 2024-05-16 01:43:51

2024-05-16 01:43:51 开始第 9067 次操作

2024-05-16 01:43:51 开始操作号码 【1618977】
2024-05-16 01:43:56 GSD getOne 第 1 次 等待 3 秒
2024-05-16 01:43:59 查询号码 【1618977】，返回信息 {"status":"ok","msg":"-","gid":"681426","time_insert":"2023-04-27 23:49"}
2024-05-16 01:43:59 查询号码 【1618977】，GSD为【"-"】
2024-05-16 01:43:59 ok && -
2024-05-16 01:44:01 CHB 1618977?1715795039 第 1 次 等待 3 秒
2024-05-16 01:44:04 CHB 1618977?1715795039 第 1 次 获取到号码【1618977】GSD
2024-05-16 01:44:04 未获取到号码【1618977】GSD，可能号码格式错误
2024-05-16 01:44:04 获取到号码【1618977】的GSD为【-】
2024-05-16 01:44:08 GSD insert 第 1 次 等待 3 秒
2024-05-16 01:44:11 {"status":"bad","gid":"681426","msg":"添加失败！号码【1618977(-|-)】已存在！"}
2024-05-16 01:44:11 随机等待 173 秒，约 2 分钟
2024-05-16 01:44:11 下次操作: 2024-05-16 01:47:04

2024-05-16 01:47:04 开始第 9068 次操作

2024-05-16 01:47:04 开始操作号码 【1618978】
2024-05-16 01:47:09 GSD getOne 第 1 次 等待 3 秒
2024-05-16 01:47:12 查询号码 【1618978】，返回信息 {"status":"ok","msg":"-","gid":"681454","time_insert":"2023-04-28 00:08"}
2024-05-16 01:47:12 查询号码 【1618978】，GSD为【"-"】
2024-05-16 01:47:12 ok && -
2024-05-16 01:47:14 CHB 1618978?1715795232 第 1 次 等待 3 秒
2024-05-16 01:47:17 CHB 1618978?1715795232 第 1 次 获取到号码【1618978】GSD
2024-05-16 01:47:17 未获取到号码【1618978】GSD，可能号码格式错误
2024-05-16 01:47:17 获取到号码【1618978】的GSD为【-】
2024-05-16 01:47:22 GSD insert 第 1 次 等待 3 秒
2024-05-16 01:47:25 {"status":"bad","gid":"681454","msg":"添加失败！号码【1618978(-|-)】已存在！"}

2024-05-16 02:21:52 开始第 9069 次操作

2024-05-16 02:21:52 开始操作号码 【1618979】
2024-05-16 02:21:57 GSD getOne 第 1 次 等待 3 秒
2024-05-16 02:22:00 查询号码 【1618979】，返回信息 {"status":"ok","msg":"-","gid":"681476","time_insert":"2023-04-28 00:27"}
2024-05-16 02:22:01 查询号码 【1618979】，GSD为【"-"】
2024-05-16 02:22:01 ok && -
2024-05-16 02:22:03 CHB 1618979?1715797321 第 1 次 等待 3 秒
2024-05-16 02:22:06 CHB 1618979?1715797321 第 1 次 获取到号码【1618979】GSD
2024-05-16 02:22:06 未获取到号码【1618979】GSD，可能号码格式错误
2024-05-16 02:22:06 获取到号码【1618979】的GSD为【-】
2024-05-16 02:22:16 GSD insert 第 1 次 等待 3 秒
2024-05-16 02:22:19 {"status":"bad","gid":"681476","msg":"添加失败！号码【1618979(-|-)】已存在！"}
2024-05-16 02:22:19 随机等待 92 秒，约 1 分钟
2024-05-16 02:22:19 下次操作: 2024-05-16 02:23:51

2024-05-16 02:23:51 开始第 9070 次操作

2024-05-16 02:23:51 开始操作号码 【1618980】
2024-05-16 02:23:56 GSD getOne 第 1 次 等待 3 秒
2024-05-16 02:23:59 查询号码 【1618980】，返回信息 {"status":"ok","msg":"-","gid":"681506","time_insert":"2023-04-28 00:46"}
2024-05-16 02:23:59 查询号码 【1618980】，GSD为【"-"】
2024-05-16 02:23:59 ok && -
2024-05-16 02:24:02 CHB 1618980?1715797439 第 1 次 等待 3 秒
2024-05-16 02:24:05 CHB 1618980?1715797439 第 1 次 获取到号码【1618980】GSD
2024-05-16 02:24:05 未获取到号码【1618980】GSD，可能号码格式错误
2024-05-16 02:24:05 获取到号码【1618980】的GSD为【-】
2024-05-16 02:24:11 GSD insert 第 1 次 等待 3 秒
2024-05-16 02:24:14 {"status":"bad","gid":"681506","msg":"添加失败！号码【1618980(-|-)】已存在！"}
2024-05-16 02:24:14 随机等待 221 秒，约 3 分钟
2024-05-16 02:24:14 下次操作: 2024-05-16 02:27:55

2024-05-16 02:27:55 开始第 9071 次操作

2024-05-16 02:27:55 开始操作号码 【1618981】
2024-05-16 02:28:00 GSD getOne 第 1 次 等待 3 秒
2024-05-16 02:28:03 查询号码 【1618981】，返回信息 {"status":"ok","msg":"-","gid":"681530","time_insert":"2023-04-28 01:04"}
2024-05-16 02:28:03 查询号码 【1618981】，GSD为【"-"】
2024-05-16 02:28:03 ok && -
2024-05-16 02:28:05 CHB 1618981?1715797683 第 1 次 等待 3 秒
2024-05-16 02:28:08 CHB 1618981?1715797683 第 1 次 获取到号码【1618981】GSD
2024-05-16 02:28:08 未获取到号码【1618981】GSD，可能号码格式错误
2024-05-16 02:28:08 获取到号码【1618981】的GSD为【-】
2024-05-16 02:28:15 GSD insert 第 1 次 等待 3 秒
2024-05-16 02:28:18 {"status":"bad","gid":"681530","msg":"添加失败！号码【1618981(-|-)】已存在！"}
2024-05-16 02:28:19 随机等待 176 秒，约 2 分钟
2024-05-16 02:28:19 下次操作: 2024-05-16 02:31:15

2024-05-16 02:31:15 开始第 9072 次操作

2024-05-16 02:31:15 开始操作号码 【1618982】
2024-05-16 02:31:19 GSD getOne 第 1 次 等待 3 秒
2024-05-16 02:31:22 查询号码 【1618982】，返回信息 {"status":"ok","msg":"-","gid":"681552","time_insert":"2023-04-28 01:20"}
2024-05-16 02:31:22 查询号码 【1618982】，GSD为【"-"】
2024-05-16 02:31:22 ok && -
2024-05-16 02:31:25 CHB 1618982?1715797882 第 1 次 等待 3 秒
2024-05-16 02:31:28 CHB 1618982?1715797882 第 1 次 获取到号码【1618982】GSD
2024-05-16 02:31:28 未获取到号码【1618982】GSD，可能号码格式错误
2024-05-16 02:31:28 获取到号码【1618982】的GSD为【-】
2024-05-16 02:31:33 GSD insert 第 1 次 等待 3 秒
2024-05-16 02:31:36 {"status":"bad","gid":"681552","msg":"添加失败！号码【1618982(-|-)】已存在！"}

2024-05-16 02:38:24 开始第 9073 次操作

2024-05-16 02:38:25 开始操作号码 【1618983】
2024-05-16 02:38:30 GSD getOne 第 1 次 等待 3 秒
2024-05-16 02:38:33 查询号码 【1618983】，返回信息 {"status":"ok","msg":"-","gid":"681581","time_insert":"2023-04-28 01:40"}
2024-05-16 02:38:33 查询号码 【1618983】，GSD为【"-"】
2024-05-16 02:38:33 ok && -
2024-05-16 02:38:35 CHB 1618983?1715798313 第 1 次 等待 3 秒
2024-05-16 02:38:38 CHB 1618983?1715798313 第 1 次 获取到号码【1618983】GSD
2024-05-16 02:38:38 未获取到号码【1618983】GSD，可能号码格式错误
2024-05-16 02:38:38 获取到号码【1618983】的GSD为【-】
2024-05-16 02:38:44 GSD insert 第 1 次 等待 3 秒
2024-05-16 02:38:47 {"status":"bad","gid":"681581","msg":"添加失败！号码【1618983(-|-)】已存在！"}
2024-05-16 02:38:47 随机等待 104 秒，约 1 分钟
2024-05-16 02:38:47 下次操作: 2024-05-16 02:40:31

2024-05-16 02:40:31 开始第 9074 次操作

2024-05-16 02:40:31 开始操作号码 【1618984】
2024-05-16 02:40:38 GSD getOne 第 1 次 等待 3 秒
2024-05-16 02:40:41 查询号码 【1618984】，返回信息 {"status":"ok","msg":"-","gid":"681608","time_insert":"2023-04-28 01:57"}
2024-05-16 02:40:41 查询号码 【1618984】，GSD为【"-"】
2024-05-16 02:40:41 ok && -
2024-05-16 02:40:44 CHB 1618984?1715798441 第 1 次 等待 3 秒
2024-05-16 02:40:47 CHB 1618984?1715798441 第 1 次 获取到号码【1618984】GSD
2024-05-16 02:40:47 未获取到号码【1618984】GSD，可能号码格式错误
2024-05-16 02:40:47 获取到号码【1618984】的GSD为【-】
2024-05-16 02:40:52 GSD insert 第 1 次 等待 3 秒
2024-05-16 02:40:55 {"status":"bad","gid":"681608","msg":"添加失败！号码【1618984(-|-)】已存在！"}
2024-05-16 02:40:55 随机等待 167 秒，约 2 分钟
2024-05-16 02:40:55 下次操作: 2024-05-16 02:43:42

2024-05-16 02:43:42 开始第 9075 次操作

2024-05-16 02:43:42 开始操作号码 【1618985】
2024-05-16 02:43:46 GSD getOne 第 1 次 等待 3 秒
2024-05-16 02:43:49 查询号码 【1618985】，返回信息 {"status":"ok","msg":"-","gid":"681628","time_insert":"2023-04-28 02:14"}
2024-05-16 02:43:49 查询号码 【1618985】，GSD为【"-"】
2024-05-16 02:43:49 ok && -
2024-05-16 02:43:51 CHB 1618985?1715798629 第 1 次 等待 3 秒
2024-05-16 02:43:54 CHB 1618985?1715798629 第 1 次 获取到号码【1618985】GSD
2024-05-16 02:43:55 未获取到号码【1618985】GSD，可能号码格式错误
2024-05-16 02:43:55 获取到号码【1618985】的GSD为【-】
2024-05-16 02:43:59 GSD insert 第 1 次 等待 3 秒
2024-05-16 02:44:02 {"status":"bad","gid":"681628","msg":"添加失败！号码【1618985(-|-)】已存在！"}
2024-05-16 02:44:02 随机等待 185 秒，约 3 分钟
2024-05-16 02:44:02 下次操作: 2024-05-16 02:47:07

2024-05-16 02:47:07 开始第 9076 次操作

2024-05-16 02:47:07 开始操作号码 【1618986】
2024-05-16 02:47:12 GSD getOne 第 1 次 等待 3 秒
2024-05-16 02:47:15 查询号码 【1618986】，返回信息 {"status":"ok","msg":"-","gid":"681646","time_insert":"2023-04-28 02:31"}
2024-05-16 02:47:15 查询号码 【1618986】，GSD为【"-"】
2024-05-16 02:47:15 ok && -
2024-05-16 02:47:18 CHB 1618986?1715798835 第 1 次 等待 3 秒
2024-05-16 02:47:21 CHB 1618986?1715798835 第 1 次 获取到号码【1618986】GSD
2024-05-16 02:47:21 未获取到号码【1618986】GSD，可能号码格式错误
2024-05-16 02:47:21 获取到号码【1618986】的GSD为【-】
2024-05-16 02:47:26 GSD insert 第 1 次 等待 3 秒
2024-05-16 02:47:29 {"status":"bad","gid":"681646","msg":"添加失败！号码【1618986(-|-)】已存在！"}

2024-05-16 03:13:42 开始第 9077 次操作

2024-05-16 03:13:42 开始操作号码 【1618987】
2024-05-16 03:13:50 GSD getOne 第 1 次 等待 3 秒
2024-05-16 03:13:53 查询号码 【1618987】，返回信息 {"status":"ok","msg":"-","gid":"681678","time_insert":"2023-04-28 02:50"}
2024-05-16 03:13:53 查询号码 【1618987】，GSD为【"-"】
2024-05-16 03:13:53 ok && -
2024-05-16 03:13:55 CHB 1618987?1715800433 第 1 次 等待 3 秒
2024-05-16 03:13:58 CHB 1618987?1715800433 第 1 次 获取到号码【1618987】GSD
2024-05-16 03:13:58 未获取到号码【1618987】GSD，可能号码格式错误
2024-05-16 03:13:58 获取到号码【1618987】的GSD为【-】
2024-05-16 03:14:04 GSD insert 第 1 次 等待 3 秒
2024-05-16 03:14:07 {"status":"bad","gid":"681678","msg":"添加失败！号码【1618987(-|-)】已存在！"}
2024-05-16 03:14:07 随机等待 193 秒，约 3 分钟
2024-05-16 03:14:07 下次操作: 2024-05-16 03:17:20

2024-05-16 03:17:20 开始第 9078 次操作

2024-05-16 03:17:20 开始操作号码 【1618988】
2024-05-16 03:17:25 GSD getOne 第 1 次 等待 3 秒
2024-05-16 03:17:28 查询号码 【1618988】，返回信息 {"status":"ok","msg":"-","gid":"681700","time_insert":"2023-04-28 03:07"}
2024-05-16 03:17:28 查询号码 【1618988】，GSD为【"-"】
2024-05-16 03:17:28 ok && -
2024-05-16 03:17:31 CHB 1618988?1715800648 第 1 次 等待 3 秒
2024-05-16 03:17:34 CHB 1618988?1715800648 第 1 次 获取到号码【1618988】GSD
2024-05-16 03:17:34 未获取到号码【1618988】GSD，可能号码格式错误
2024-05-16 03:17:34 获取到号码【1618988】的GSD为【-】
2024-05-16 03:17:40 GSD insert 第 1 次 等待 3 秒
2024-05-16 03:17:43 {"status":"bad","gid":"681700","msg":"添加失败！号码【1618988(-|-)】已存在！"}
2024-05-16 03:17:43 随机等待 195 秒，约 3 分钟
2024-05-16 03:17:43 下次操作: 2024-05-16 03:20:58

2024-05-16 03:20:58 开始第 9079 次操作

2024-05-16 03:20:58 开始操作号码 【1618989】
2024-05-16 03:21:03 GSD getOne 第 1 次 等待 3 秒
2024-05-16 03:21:06 查询号码 【1618989】，返回信息 {"status":"ok","msg":"-","gid":"681728","time_insert":"2023-04-28 03:26"}
2024-05-16 03:21:06 查询号码 【1618989】，GSD为【"-"】
2024-05-16 03:21:06 ok && -
2024-05-16 03:21:08 CHB 1618989?1715800866 第 1 次 等待 3 秒
2024-05-16 03:21:11 CHB 1618989?1715800866 第 1 次 获取到号码【1618989】GSD
2024-05-16 03:21:11 未获取到号码【1618989】GSD，可能号码格式错误
2024-05-16 03:21:11 获取到号码【1618989】的GSD为【-】
2024-05-16 03:21:16 GSD insert 第 1 次 等待 3 秒
2024-05-16 03:21:19 {"status":"bad","gid":"681728","msg":"添加失败！号码【1618989(-|-)】已存在！"}
2024-05-16 03:21:19 随机等待 205 秒，约 3 分钟
2024-05-16 03:21:19 下次操作: 2024-05-16 03:24:44

2024-05-16 03:24:44 开始第 9080 次操作

2024-05-16 03:24:44 开始操作号码 【1618990】
2024-05-16 03:24:49 GSD getOne 第 1 次 等待 3 秒
2024-05-16 03:24:52 查询号码 【1618990】，返回信息 {"status":"ok","msg":"-","gid":"681755","time_insert":"2023-04-28 03:43"}
2024-05-16 03:24:52 查询号码 【1618990】，GSD为【"-"】
2024-05-16 03:24:52 ok && -
2024-05-16 03:24:54 CHB 1618990?1715801092 第 1 次 等待 3 秒
2024-05-16 03:24:57 CHB 1618990?1715801092 第 1 次 获取到号码【1618990】GSD
2024-05-16 03:24:57 未获取到号码【1618990】GSD，可能号码格式错误
2024-05-16 03:24:57 获取到号码【1618990】的GSD为【-】
2024-05-16 03:25:02 GSD insert 第 1 次 等待 3 秒
2024-05-16 03:25:05 {"status":"bad","gid":"681755","msg":"添加失败！号码【1618990(-|-)】已存在！"}

2024-05-16 03:37:20 开始第 9081 次操作

2024-05-16 03:37:20 开始操作号码 【1618991】
2024-05-16 03:37:27 GSD getOne 第 1 次 等待 3 秒
2024-05-16 03:37:30 查询号码 【1618991】，返回信息 {"status":"ok","msg":"-","gid":"681784","time_insert":"2023-04-28 04:01"}
2024-05-16 03:37:30 查询号码 【1618991】，GSD为【"-"】
2024-05-16 03:37:30 ok && -
2024-05-16 03:37:32 CHB 1618991?1715801850 第 1 次 等待 3 秒
2024-05-16 03:37:35 CHB 1618991?1715801850 第 1 次 获取到号码【1618991】GSD
2024-05-16 03:37:36 未获取到号码【1618991】GSD，可能号码格式错误
2024-05-16 03:37:36 获取到号码【1618991】的GSD为【-】
2024-05-16 03:37:44 GSD insert 第 1 次 等待 3 秒
2024-05-16 03:37:47 {"status":"bad","gid":"681784","msg":"添加失败！号码【1618991(-|-)】已存在！"}
2024-05-16 03:37:47 随机等待 138 秒，约 2 分钟
2024-05-16 03:37:47 下次操作: 2024-05-16 03:40:05

2024-05-16 03:40:05 开始第 9082 次操作

2024-05-16 03:40:05 开始操作号码 【1618992】
2024-05-16 03:40:13 GSD getOne 第 1 次 等待 3 秒
2024-05-16 03:40:16 查询号码 【1618992】，返回信息 {"status":"ok","msg":"-","gid":"681801","time_insert":"2023-04-28 04:18"}
2024-05-16 03:40:17 查询号码 【1618992】，GSD为【"-"】
2024-05-16 03:40:17 ok && -
2024-05-16 03:40:19 CHB 1618992?1715802017 第 1 次 等待 3 秒
2024-05-16 03:40:22 CHB 1618992?1715802017 第 1 次 获取到号码【1618992】GSD
2024-05-16 03:40:22 未获取到号码【1618992】GSD，可能号码格式错误
2024-05-16 03:40:22 获取到号码【1618992】的GSD为【-】
2024-05-16 03:40:26 GSD insert 第 1 次 等待 3 秒
2024-05-16 03:40:29 {"status":"bad","gid":"681801","msg":"添加失败！号码【1618992(-|-)】已存在！"}
2024-05-16 03:40:29 随机等待 220 秒，约 3 分钟
2024-05-16 03:40:29 下次操作: 2024-05-16 03:44:09

2024-05-16 03:44:09 开始第 9083 次操作

2024-05-16 03:44:09 开始操作号码 【1618993】
2024-05-16 03:44:15 GSD getOne 第 1 次 等待 3 秒
2024-05-16 03:44:18 查询号码 【1618993】，返回信息 {"status":"ok","msg":"-","gid":"681829","time_insert":"2023-04-28 04:37"}
2024-05-16 03:44:18 查询号码 【1618993】，GSD为【"-"】
2024-05-16 03:44:18 ok && -
2024-05-16 03:44:20 CHB 1618993?1715802258 第 1 次 等待 3 秒
2024-05-16 03:44:23 CHB 1618993?1715802258 第 1 次 获取到号码【1618993】GSD
2024-05-16 03:44:23 未获取到号码【1618993】GSD，可能号码格式错误
2024-05-16 03:44:23 获取到号码【1618993】的GSD为【-】
2024-05-16 03:44:30 GSD insert 第 1 次 等待 3 秒
2024-05-16 03:44:33 {"status":"bad","gid":"681829","msg":"添加失败！号码【1618993(-|-)】已存在！"}
2024-05-16 03:44:33 随机等待 231 秒，约 3 分钟
2024-05-16 03:44:33 下次操作: 2024-05-16 03:48:24

2024-05-16 03:48:24 开始第 9084 次操作

2024-05-16 03:48:24 开始操作号码 【1618994】
2024-05-16 03:48:29 GSD getOne 第 1 次 等待 3 秒
2024-05-16 03:48:32 查询号码 【1618994】，返回信息 {"status":"ok","msg":"-","gid":"681852","time_insert":"2023-04-28 04:53"}
2024-05-16 03:48:32 查询号码 【1618994】，GSD为【"-"】
2024-05-16 03:48:32 ok && -
2024-05-16 03:48:34 CHB 1618994?1715802512 第 1 次 等待 3 秒
2024-05-16 03:48:37 CHB 1618994?1715802512 第 1 次 获取到号码【1618994】GSD
2024-05-16 03:48:37 未获取到号码【1618994】GSD，可能号码格式错误
2024-05-16 03:48:37 获取到号码【1618994】的GSD为【-】
2024-05-16 03:48:41 GSD insert 第 1 次 等待 3 秒
2024-05-16 03:48:44 {"status":"bad","gid":"681852","msg":"添加失败！号码【1618994(-|-)】已存在！"}

