2024-03-04 00:17:59 开始第 6973 次操作

2024-03-04 00:17:59 开始操作号码 【1726892】
2024-03-04 00:18:04 GSD getOne 第 1 次 等待 3 秒
2024-03-04 00:18:07 查询号码 【1726892】，返回信息 {"status":"ok","msg":"云南-大理","gid":"319553","time_insert":"2021-07-18 22:02"}
2024-03-04 00:18:07 查询号码 【1726892】，GSD为【"云南-大理"】

2024-03-04 00:18:08 开始第 6974 次操作

2024-03-04 00:18:08 开始操作号码 【1726893】
2024-03-04 00:18:12 GSD getOne 第 1 次 等待 3 秒
2024-03-04 00:18:15 查询号码 【1726893】，返回信息 {"status":"ok","msg":"云南-文山","gid":"319562","time_insert":"2021-07-18 22:03"}
2024-03-04 00:18:15 查询号码 【1726893】，GSD为【"云南-文山"】

2024-03-04 00:18:16 开始第 6975 次操作

2024-03-04 00:18:16 开始操作号码 【1726894】
2024-03-04 00:18:20 GSD getOne 第 1 次 等待 3 秒
2024-03-04 00:18:23 查询号码 【1726894】，返回信息 {"status":"ok","msg":"云南-玉溪","gid":"319570","time_insert":"2021-07-18 22:04"}
2024-03-04 00:18:23 查询号码 【1726894】，GSD为【"云南-玉溪"】

2024-03-04 00:18:24 开始第 6976 次操作

2024-03-04 00:18:24 开始操作号码 【1726895】
2024-03-04 00:18:31 GSD getOne 第 1 次 等待 3 秒
2024-03-04 00:18:34 查询号码 【1726895】，返回信息 {"status":"ok","msg":"云南-普洱","gid":"319577","time_insert":"2021-07-18 22:05"}
2024-03-04 00:18:34 查询号码 【1726895】，GSD为【"云南-普洱"】

