2024-04-18 00:22:04 开始第 4093 次操作

2024-04-18 00:22:04 开始操作号码 【1614012】
2024-04-18 00:22:08 GSD getOne 第 1 次 等待 3 秒
2024-04-18 00:22:11 查询号码 【1614012】，返回信息 {"status":"ok","msg":"-","gid":"597785","time_insert":"2023-03-18 05:03"}
2024-04-18 00:22:11 查询号码 【1614012】，GSD为【"-"】
2024-04-18 00:22:11 ok && -
2024-04-18 00:22:14 CHB 1614012?1713370931 第 1 次 等待 3 秒
2024-04-18 00:22:17 CHB 1614012?1713370931 第 1 次 获取到号码【1614012】GSD
2024-04-18 00:22:17 未获取到号码【1614012】GSD，可能号码格式错误
2024-04-18 00:22:17 获取到号码【1614012】的GSD为【-】
2024-04-18 00:22:21 GSD insert 第 1 次 等待 3 秒
2024-04-18 00:22:24 {"status":"bad","gid":"597785","msg":"添加失败！号码【1614012(-|-)】已存在！"}
2024-04-18 00:22:24 随机等待 76 秒，约 1 分钟
2024-04-18 00:22:24 下次操作: 2024-04-18 00:23:40

2024-04-18 00:23:41 开始第 4094 次操作

2024-04-18 00:23:41 开始操作号码 【1614013】
2024-04-18 00:23:45 GSD getOne 第 1 次 等待 3 秒
2024-04-18 00:23:48 查询号码 【1614013】，返回信息 {"status":"ok","msg":"-","gid":"597814","time_insert":"2023-03-18 05:26"}
2024-04-18 00:23:48 查询号码 【1614013】，GSD为【"-"】
2024-04-18 00:23:48 ok && -
2024-04-18 00:23:51 CHB 1614013?1713371028 第 1 次 等待 3 秒
2024-04-18 00:23:54 CHB 1614013?1713371028 第 1 次 获取到号码【1614013】GSD
2024-04-18 00:23:54 未获取到号码【1614013】GSD，可能号码格式错误
2024-04-18 00:23:54 获取到号码【1614013】的GSD为【-】
2024-04-18 00:24:00 GSD insert 第 1 次 等待 3 秒
2024-04-18 00:24:03 {"status":"bad","gid":"597814","msg":"添加失败！号码【1614013(-|-)】已存在！"}
2024-04-18 00:24:03 随机等待 193 秒，约 3 分钟
2024-04-18 00:24:03 下次操作: 2024-04-18 00:27:16

2024-04-18 00:27:16 开始第 4095 次操作

2024-04-18 00:27:16 开始操作号码 【1614014】
2024-04-18 00:27:21 GSD getOne 第 1 次 等待 3 秒
2024-04-18 00:27:24 查询号码 【1614014】，返回信息 {"status":"ok","msg":"-","gid":"597841","time_insert":"2023-03-18 05:40"}
2024-04-18 00:27:24 查询号码 【1614014】，GSD为【"-"】
2024-04-18 00:27:24 ok && -
2024-04-18 00:27:27 CHB 1614014?1713371244 第 1 次 等待 3 秒
2024-04-18 00:27:30 CHB 1614014?1713371244 第 1 次 获取到号码【1614014】GSD
2024-04-18 00:27:30 未获取到号码【1614014】GSD，可能号码格式错误
2024-04-18 00:27:30 获取到号码【1614014】的GSD为【-】
2024-04-18 00:27:38 GSD insert 第 1 次 等待 3 秒
2024-04-18 00:27:41 {"status":"bad","gid":"597841","msg":"添加失败！号码【1614014(-|-)】已存在！"}
2024-04-18 00:27:41 随机等待 91 秒，约 1 分钟
2024-04-18 00:27:41 下次操作: 2024-04-18 00:29:12

2024-04-18 00:29:12 开始第 4096 次操作

2024-04-18 00:29:12 开始操作号码 【1614015】
2024-04-18 00:29:17 GSD getOne 第 1 次 等待 3 秒
2024-04-18 00:29:20 查询号码 【1614015】，返回信息 {"status":"ok","msg":"-","gid":"597872","time_insert":"2023-03-18 06:00"}
2024-04-18 00:29:20 查询号码 【1614015】，GSD为【"-"】
2024-04-18 00:29:20 ok && -
2024-04-18 00:29:23 CHB 1614015?1713371360 第 1 次 等待 3 秒
2024-04-18 00:29:26 CHB 1614015?1713371360 第 1 次 获取到号码【1614015】GSD
2024-04-18 00:29:26 未获取到号码【1614015】GSD，可能号码格式错误
2024-04-18 00:29:26 获取到号码【1614015】的GSD为【-】
2024-04-18 00:29:30 GSD insert 第 1 次 等待 3 秒
2024-04-18 00:29:33 {"status":"bad","gid":"597872","msg":"添加失败！号码【1614015(-|-)】已存在！"}

2024-04-18 00:40:18 开始第 4097 次操作

2024-04-18 00:40:18 开始操作号码 【1614016】
2024-04-18 00:40:24 GSD getOne 第 1 次 等待 3 秒
2024-04-18 00:40:27 查询号码 【1614016】，返回信息 {"status":"ok","msg":"-","gid":"597896","time_insert":"2023-03-18 06:16"}
2024-04-18 00:40:27 查询号码 【1614016】，GSD为【"-"】
2024-04-18 00:40:27 ok && -
2024-04-18 00:40:29 CHB 1614016?1713372027 第 1 次 等待 3 秒
2024-04-18 00:40:32 CHB 1614016?1713372027 第 1 次 获取到号码【1614016】GSD
2024-04-18 00:40:32 未获取到号码【1614016】GSD，可能号码格式错误
2024-04-18 00:40:32 获取到号码【1614016】的GSD为【-】
2024-04-18 00:40:40 GSD insert 第 1 次 等待 3 秒
2024-04-18 00:40:43 {"status":"bad","gid":"597896","msg":"添加失败！号码【1614016(-|-)】已存在！"}
2024-04-18 00:40:43 随机等待 84 秒，约 1 分钟
2024-04-18 00:40:43 下次操作: 2024-04-18 00:42:07

2024-04-18 00:42:07 开始第 4098 次操作

2024-04-18 00:42:07 开始操作号码 【1614017】
2024-04-18 00:42:12 GSD getOne 第 1 次 等待 3 秒
2024-04-18 00:42:15 查询号码 【1614017】，返回信息 {"status":"ok","msg":"-","gid":"597927","time_insert":"2023-03-18 06:39"}
2024-04-18 00:42:15 查询号码 【1614017】，GSD为【"-"】
2024-04-18 00:42:15 ok && -
2024-04-18 00:42:16 CHB 1614017?1713372135 第 1 次 等待 3 秒
2024-04-18 00:42:19 CHB 1614017?1713372135 第 1 次 获取到号码【1614017】GSD
2024-04-18 00:42:19 未获取到号码【1614017】GSD，可能号码格式错误
2024-04-18 00:42:19 获取到号码【1614017】的GSD为【-】
2024-04-18 00:42:24 GSD insert 第 1 次 等待 3 秒
2024-04-18 00:42:28 {"status":"bad","gid":"597927","msg":"添加失败！号码【1614017(-|-)】已存在！"}
2024-04-18 00:42:28 随机等待 187 秒，约 3 分钟
2024-04-18 00:42:28 下次操作: 2024-04-18 00:45:35

2024-04-18 00:45:35 开始第 4099 次操作

2024-04-18 00:45:35 开始操作号码 【1614018】
2024-04-18 00:45:41 GSD getOne 第 1 次 等待 3 秒
2024-04-18 00:45:44 查询号码 【1614018】，返回信息 {"status":"ok","msg":"-","gid":"597970","time_insert":"2023-03-18 07:02"}
2024-04-18 00:45:44 查询号码 【1614018】，GSD为【"-"】
2024-04-18 00:45:44 ok && -
2024-04-18 00:45:46 CHB 1614018?1713372344 第 1 次 等待 3 秒
2024-04-18 00:45:49 CHB 1614018?1713372344 第 1 次 获取到号码【1614018】GSD
2024-04-18 00:45:49 未获取到号码【1614018】GSD，可能号码格式错误
2024-04-18 00:45:49 获取到号码【1614018】的GSD为【-】
2024-04-18 00:45:55 GSD insert 第 1 次 等待 3 秒
2024-04-18 00:45:58 {"status":"bad","gid":"597970","msg":"添加失败！号码【1614018(-|-)】已存在！"}
2024-04-18 00:45:58 随机等待 120 秒，约 2 分钟
2024-04-18 00:45:58 下次操作: 2024-04-18 00:47:58

2024-04-18 00:47:58 开始第 4100 次操作

2024-04-18 00:47:58 开始操作号码 【1614019】
2024-04-18 00:48:03 GSD getOne 第 1 次 等待 3 秒
2024-04-18 00:48:06 查询号码 【1614019】，返回信息 {"status":"ok","msg":"-","gid":"597997","time_insert":"2023-03-18 07:23"}
2024-04-18 00:48:06 查询号码 【1614019】，GSD为【"-"】
2024-04-18 00:48:06 ok && -
2024-04-18 00:48:08 CHB 1614019?1713372486 第 1 次 等待 3 秒
2024-04-18 00:48:11 CHB 1614019?1713372486 第 1 次 获取到号码【1614019】GSD
2024-04-18 00:48:11 未获取到号码【1614019】GSD，可能号码格式错误
2024-04-18 00:48:11 获取到号码【1614019】的GSD为【-】
2024-04-18 00:48:18 GSD insert 第 1 次 等待 3 秒
2024-04-18 00:48:21 {"status":"bad","gid":"597997","msg":"添加失败！号码【1614019(-|-)】已存在！"}

